#
# There is insufficient memory for the Java Runtime Environment to continue.
# Native memory allocation (malloc) failed to allocate 1810704 bytes for Chunk::new
# Possible reasons:
#   The system is out of physical RAM or swap space
#   The process is running with CompressedOops enabled, and the Java Heap may be blocking the growth of the native heap
# Possible solutions:
#   Reduce memory load on the system
#   Increase physical memory or swap space
#   Check if swap backing store is full
#   Decrease Java heap size (-Xmx/-Xms)
#   Decrease number of Java threads
#   Decrease Java thread stack sizes (-Xss)
#   Set larger code cache with -XX:ReservedCodeCacheSize=
#   JVM is running with Unscaled Compressed Oops mode in which the Java heap is
#     placed in the first 4GB address space. The Java Heap base address is the
#     maximum limit for the native heap growth. Please use -XX:HeapBaseMinAddress
#     to set the Java Heap base and to place the Java Heap above 4GB virtual address.
# This output file may be truncated or incomplete.
#
#  Out of Memory Error (arena.cpp:184), pid=17500, tid=18772
#
# JRE version: OpenJDK Runtime Environment Corretto-19.0.2.7.1 (19.0.2+7) (build 19.0.2+7-FR)
# Java VM: OpenJDK 64-Bit Server VM Corretto-19.0.2.7.1 (19.0.2+7-FR, mixed mode, sharing, tiered, compressed oops, compressed class ptrs, g1 gc, windows-amd64)
# No core dump will be written. Minidumps are not enabled by default on client versions of Windows
#

---------------  S U M M A R Y ------------

Command Line: -javaagent:C:\Program Files\JetBrains\IntelliJ IDEA Community Edition 2024.1.4\lib\idea_rt.jar=60032:C:\Program Files\JetBrains\IntelliJ IDEA Community Edition 2024.1.4\bin -Dfile.encoding=UTF-8 -Dsun.stdout.encoding=UTF-8 -Dsun.stderr.encoding=UTF-8 com.example.WSM.WsmApplication

Host: 11th Gen Intel(R) Core(TM) i5-1135G7 @ 2.40GHz, 8 cores, 7G,  Windows 11 , 64 bit Build 22621 (10.0.22621.4830)
Time: Fri Sep  5 22:26:17 2025 Afr. centrale Ouest elapsed time: 2.172469 seconds (0d 0h 0m 2s)

---------------  T H R E A D  ---------------

Current thread (0x000002795c6d9ba0):  JavaThread "C2 CompilerThread0" daemon [_thread_in_native, id=18772, stack(0x000000f00cd00000,0x000000f00ce00000)]


Current CompileTask:
C2:   2172 2940       4       jdk.internal.org.objectweb.asm.SymbolTable::addConstantMemberReference (147 bytes)

Stack: [0x000000f00cd00000,0x000000f00ce00000]
Native frames: (J=compiled Java code, j=interpreted, Vv=VM code, C=native code)
V  [jvm.dll+0x6d034a]
V  [jvm.dll+0x880f10]
V  [jvm.dll+0x88289e]
V  [jvm.dll+0x882f43]
V  [jvm.dll+0x27b4bb]
V  [jvm.dll+0xdd792]
V  [jvm.dll+0xddb25]
V  [jvm.dll+0x3b4a5b]
V  [jvm.dll+0x37c86a]
V  [jvm.dll+0x37bc5a]
V  [jvm.dll+0x2470ef]
V  [jvm.dll+0x2465a7]
V  [jvm.dll+0x1d4bb7]
V  [jvm.dll+0x25558a]
V  [jvm.dll+0x2538d7]
V  [jvm.dll+0x8342bd]
V  [jvm.dll+0x82e2fa]
V  [jvm.dll+0x6cf0d3]
C  [ucrtbase.dll+0x29333]
C  [KERNEL32.DLL+0x1259d]
C  [ntdll.dll+0x5af38]


---------------  P R O C E S S  ---------------

Threads class SMR info:
_java_thread_list=0x0000027961dfdcc0, length=16, elements={
0x000002793c13d350, 0x000002795c6c98e0, 0x000002795c6ca3b0, 0x000002795c6ce130,
0x000002795c6cec00, 0x000002795c6cfcd0, 0x000002795c6d30f0, 0x000002795c6d9ba0,
0x000002795c6dae50, 0x0000027960c10060, 0x000002795c69db20, 0x0000027960e62e90,
0x00000279610ac1f0, 0x0000027961090170, 0x000002796149d020, 0x000002796170a350
}

Java Threads: ( => current thread )
  0x000002793c13d350 JavaThread "main" [_thread_blocked, id=15776, stack(0x000000f00c000000,0x000000f00c100000)]
  0x000002795c6c98e0 JavaThread "Reference Handler" daemon [_thread_blocked, id=15228, stack(0x000000f00c700000,0x000000f00c800000)]
  0x000002795c6ca3b0 JavaThread "Finalizer" daemon [_thread_blocked, id=13832, stack(0x000000f00c800000,0x000000f00c900000)]
  0x000002795c6ce130 JavaThread "Signal Dispatcher" daemon [_thread_blocked, id=18504, stack(0x000000f00c900000,0x000000f00ca00000)]
  0x000002795c6cec00 JavaThread "Attach Listener" daemon [_thread_blocked, id=18452, stack(0x000000f00ca00000,0x000000f00cb00000)]
  0x000002795c6cfcd0 JavaThread "Service Thread" daemon [_thread_blocked, id=9912, stack(0x000000f00cb00000,0x000000f00cc00000)]
  0x000002795c6d30f0 JavaThread "Monitor Deflation Thread" daemon [_thread_blocked, id=13636, stack(0x000000f00cc00000,0x000000f00cd00000)]
=>0x000002795c6d9ba0 JavaThread "C2 CompilerThread0" daemon [_thread_in_native, id=18772, stack(0x000000f00cd00000,0x000000f00ce00000)]
  0x000002795c6dae50 JavaThread "C1 CompilerThread0" daemon [_thread_blocked, id=15824, stack(0x000000f00ce00000,0x000000f00cf00000)]
  0x0000027960c10060 JavaThread "Sweeper thread" daemon [_thread_blocked, id=17812, stack(0x000000f00cf00000,0x000000f00d000000)]
  0x000002795c69db20 JavaThread "Common-Cleaner" daemon [_thread_blocked, id=13548, stack(0x000000f00d000000,0x000000f00d100000)]
  0x0000027960e62e90 JavaThread "C2 CompilerThread1" daemon [_thread_in_native, id=12180, stack(0x000000f00d100000,0x000000f00d200000)]
  0x00000279610ac1f0 JavaThread "Monitor Ctrl-Break" daemon [_thread_in_native, id=18092, stack(0x000000f00d200000,0x000000f00d300000)]
  0x0000027961090170 JavaThread "Notification Thread" daemon [_thread_blocked, id=16828, stack(0x000000f00d300000,0x000000f00d400000)]
  0x000002796149d020 JavaThread "Thread-0" [_thread_blocked, id=3848, stack(0x000000f00d500000,0x000000f00d600000)]
  0x000002796170a350 JavaThread "restartedMain" [_thread_in_native, id=15000, stack(0x000000f00d600000,0x000000f00d700000)]

Other Threads:
  0x000002795c6ae100 VMThread "VM Thread" [stack: 0x000000f00c600000,0x000000f00c700000] [id=16088]
  0x0000027961091470 WatcherThread "VM Periodic Task Thread" [stack: 0x000000f00d400000,0x000000f00d500000] [id=9892]
  0x000002793c19af50 WorkerThread "GC Thread#0" [stack: 0x000000f00c100000,0x000000f00c200000] [id=19124]
  0x000002796154f9b0 WorkerThread "GC Thread#1" [stack: 0x000000f00d700000,0x000000f00d800000] [id=10768]
  0x000002796154fc80 WorkerThread "GC Thread#2" [stack: 0x000000f00d800000,0x000000f00d900000] [id=17276]
  0x0000027961830990 WorkerThread "GC Thread#3" [stack: 0x000000f00d900000,0x000000f00da00000] [id=10088]
  0x0000027961833560 WorkerThread "GC Thread#4" [stack: 0x000000f00da00000,0x000000f00db00000] [id=9932]
  0x0000027961832750 WorkerThread "GC Thread#5" [stack: 0x000000f00db00000,0x000000f00dc00000] [id=10700]
  0x0000027961832a20 WorkerThread "GC Thread#6" [stack: 0x000000f00dd00000,0x000000f00de00000] [id=1736]
  0x0000027961832480 WorkerThread "GC Thread#7" [stack: 0x000000f00de00000,0x000000f00df00000] [id=6720]
  0x000002793c1ac8f0 ConcurrentGCThread "G1 Main Marker" [stack: 0x000000f00c200000,0x000000f00c300000] [id=15248]
  0x000002793c1adb60 WorkerThread "G1 Conc#0" [stack: 0x000000f00c300000,0x000000f00c400000] [id=4276]
  0x000002793c1ee980 ConcurrentGCThread "G1 Refine#0" [stack: 0x000000f00c400000,0x000000f00c500000] [id=9156]
  0x000002795c5684b0 ConcurrentGCThread "G1 Service" [stack: 0x000000f00c500000,0x000000f00c600000] [id=8572]

Threads with active compile tasks:
C2 CompilerThread0     2207 2940       4       jdk.internal.org.objectweb.asm.SymbolTable::addConstantMemberReference (147 bytes)
C2 CompilerThread1     2207 2864   !   4       jdk.internal.loader.BuiltinClassLoader::loadClassOrNull (143 bytes)

VM state: not at safepoint (normal execution)

VM Mutex/Monitor currently owned by a thread: None

Heap address: 0x0000000084200000, size: 1982 MB, Compressed Oops mode: 32-bit

CDS archive(s) mapped at: [0x0000000800000000-0x0000000800c40000-0x0000000800c40000), size 12845056, SharedBaseAddress: 0x0000000800000000, ArchiveRelocationMode: 0.
Compressed class space mapped at: 0x0000000801000000-0x0000000841000000, reserved size: 1073741824
Narrow klass base: 0x0000000800000000, Narrow klass shift: 0, Narrow klass range: 0x100000000

GC Precious Log:
 CardTable entry size: 512
 Card Set container configuration: InlinePtr #cards 5 size 8 Array Of Cards #cards 12 size 40 Howl #buckets 4 coarsen threshold 1843 Howl Bitmap #cards 512 size 80 coarsen threshold 460 Card regions per heap region 1 cards per card region 2048
 CPUs: 8 total, 8 available
 Memory: 7926M
 Large Page Support: Disabled
 NUMA Support: Disabled
 Compressed Oops: Enabled (32-bit)
 Heap Region Size: 1M
 Heap Min Capacity: 8M
 Heap Initial Capacity: 124M
 Heap Max Capacity: 1982M
 Pre-touch: Disabled
 Parallel Workers: 8
 Concurrent Workers: 2
 Concurrent Refinement Workers: 8
 Periodic GC: Disabled

Heap:
 garbage-first heap   total 126976K, used 53705K [0x0000000084200000, 0x0000000100000000)
  region size 1024K, 48 young (49152K), 3 survivors (3072K)
 Metaspace       used 20913K, committed 21312K, reserved 1114112K
  class space    used 2529K, committed 2688K, reserved 1048576K

Heap Regions: E=young(eden), S=young(survivor), O=old, HS=humongous(starts), HC=humongous(continues), CS=collection set, F=free, OA=open archive, CA=closed archive, TAMS=top-at-mark-start (previous, next)
|   0|0x0000000084200000, 0x0000000084300000, 0x0000000084300000|100%| O|  |TAMS 0x0000000084200000, 0x0000000084200000| Untracked 
|   1|0x0000000084300000, 0x0000000084400000, 0x0000000084400000|100%| O|  |TAMS 0x0000000084300000, 0x0000000084300000| Untracked 
|   2|0x0000000084400000, 0x0000000084500000, 0x0000000084500000|100%| O|  |TAMS 0x0000000084400000, 0x0000000084400000| Untracked 
|   3|0x0000000084500000, 0x0000000084600000, 0x0000000084600000|100%| O|  |TAMS 0x0000000084500000, 0x0000000084500000| Untracked 
|   4|0x0000000084600000, 0x0000000084700000, 0x0000000084700000|100%| O|  |TAMS 0x0000000084600000, 0x0000000084600000| Untracked 
|   5|0x0000000084700000, 0x0000000084800000, 0x0000000084800000|100%| O|  |TAMS 0x0000000084700000, 0x0000000084700000| Untracked 
|   6|0x0000000084800000, 0x000000008487ce00, 0x0000000084900000| 48%| O|  |TAMS 0x0000000084800000, 0x0000000084800000| Untracked 
|   7|0x0000000084900000, 0x0000000084900000, 0x0000000084a00000|  0%| F|  |TAMS 0x0000000084900000, 0x0000000084900000| Untracked 
|   8|0x0000000084a00000, 0x0000000084a00000, 0x0000000084b00000|  0%| F|  |TAMS 0x0000000084a00000, 0x0000000084a00000| Untracked 
|   9|0x0000000084b00000, 0x0000000084b00000, 0x0000000084c00000|  0%| F|  |TAMS 0x0000000084b00000, 0x0000000084b00000| Untracked 
|  10|0x0000000084c00000, 0x0000000084c00000, 0x0000000084d00000|  0%| F|  |TAMS 0x0000000084c00000, 0x0000000084c00000| Untracked 
|  11|0x0000000084d00000, 0x0000000084d00000, 0x0000000084e00000|  0%| F|  |TAMS 0x0000000084d00000, 0x0000000084d00000| Untracked 
|  12|0x0000000084e00000, 0x0000000084e00000, 0x0000000084f00000|  0%| F|  |TAMS 0x0000000084e00000, 0x0000000084e00000| Untracked 
|  13|0x0000000084f00000, 0x0000000084f00000, 0x0000000085000000|  0%| F|  |TAMS 0x0000000084f00000, 0x0000000084f00000| Untracked 
|  14|0x0000000085000000, 0x0000000085000000, 0x0000000085100000|  0%| F|  |TAMS 0x0000000085000000, 0x0000000085000000| Untracked 
|  15|0x0000000085100000, 0x0000000085100000, 0x0000000085200000|  0%| F|  |TAMS 0x0000000085100000, 0x0000000085100000| Untracked 
|  16|0x0000000085200000, 0x0000000085200000, 0x0000000085300000|  0%| F|  |TAMS 0x0000000085200000, 0x0000000085200000| Untracked 
|  17|0x0000000085300000, 0x0000000085300000, 0x0000000085400000|  0%| F|  |TAMS 0x0000000085300000, 0x0000000085300000| Untracked 
|  18|0x0000000085400000, 0x0000000085400000, 0x0000000085500000|  0%| F|  |TAMS 0x0000000085400000, 0x0000000085400000| Untracked 
|  19|0x0000000085500000, 0x0000000085500000, 0x0000000085600000|  0%| F|  |TAMS 0x0000000085500000, 0x0000000085500000| Untracked 
|  20|0x0000000085600000, 0x0000000085600000, 0x0000000085700000|  0%| F|  |TAMS 0x0000000085600000, 0x0000000085600000| Untracked 
|  21|0x0000000085700000, 0x0000000085700000, 0x0000000085800000|  0%| F|  |TAMS 0x0000000085700000, 0x0000000085700000| Untracked 
|  22|0x0000000085800000, 0x0000000085800000, 0x0000000085900000|  0%| F|  |TAMS 0x0000000085800000, 0x0000000085800000| Untracked 
|  23|0x0000000085900000, 0x0000000085900000, 0x0000000085a00000|  0%| F|  |TAMS 0x0000000085900000, 0x0000000085900000| Untracked 
|  24|0x0000000085a00000, 0x0000000085a00000, 0x0000000085b00000|  0%| F|  |TAMS 0x0000000085a00000, 0x0000000085a00000| Untracked 
|  25|0x0000000085b00000, 0x0000000085b00000, 0x0000000085c00000|  0%| F|  |TAMS 0x0000000085b00000, 0x0000000085b00000| Untracked 
|  26|0x0000000085c00000, 0x0000000085c00000, 0x0000000085d00000|  0%| F|  |TAMS 0x0000000085c00000, 0x0000000085c00000| Untracked 
|  27|0x0000000085d00000, 0x0000000085d00000, 0x0000000085e00000|  0%| F|  |TAMS 0x0000000085d00000, 0x0000000085d00000| Untracked 
|  28|0x0000000085e00000, 0x0000000085e00000, 0x0000000085f00000|  0%| F|  |TAMS 0x0000000085e00000, 0x0000000085e00000| Untracked 
|  29|0x0000000085f00000, 0x0000000085f00000, 0x0000000086000000|  0%| F|  |TAMS 0x0000000085f00000, 0x0000000085f00000| Untracked 
|  30|0x0000000086000000, 0x0000000086000000, 0x0000000086100000|  0%| F|  |TAMS 0x0000000086000000, 0x0000000086000000| Untracked 
|  31|0x0000000086100000, 0x0000000086100000, 0x0000000086200000|  0%| F|  |TAMS 0x0000000086100000, 0x0000000086100000| Untracked 
|  32|0x0000000086200000, 0x0000000086200000, 0x0000000086300000|  0%| F|  |TAMS 0x0000000086200000, 0x0000000086200000| Untracked 
|  33|0x0000000086300000, 0x0000000086300000, 0x0000000086400000|  0%| F|  |TAMS 0x0000000086300000, 0x0000000086300000| Untracked 
|  34|0x0000000086400000, 0x0000000086400000, 0x0000000086500000|  0%| F|  |TAMS 0x0000000086400000, 0x0000000086400000| Untracked 
|  35|0x0000000086500000, 0x0000000086500000, 0x0000000086600000|  0%| F|  |TAMS 0x0000000086500000, 0x0000000086500000| Untracked 
|  36|0x0000000086600000, 0x0000000086600000, 0x0000000086700000|  0%| F|  |TAMS 0x0000000086600000, 0x0000000086600000| Untracked 
|  37|0x0000000086700000, 0x0000000086700000, 0x0000000086800000|  0%| F|  |TAMS 0x0000000086700000, 0x0000000086700000| Untracked 
|  38|0x0000000086800000, 0x0000000086800000, 0x0000000086900000|  0%| F|  |TAMS 0x0000000086800000, 0x0000000086800000| Untracked 
|  39|0x0000000086900000, 0x0000000086900000, 0x0000000086a00000|  0%| F|  |TAMS 0x0000000086900000, 0x0000000086900000| Untracked 
|  40|0x0000000086a00000, 0x0000000086a00000, 0x0000000086b00000|  0%| F|  |TAMS 0x0000000086a00000, 0x0000000086a00000| Untracked 
|  41|0x0000000086b00000, 0x0000000086b00000, 0x0000000086c00000|  0%| F|  |TAMS 0x0000000086b00000, 0x0000000086b00000| Untracked 
|  42|0x0000000086c00000, 0x0000000086c00000, 0x0000000086d00000|  0%| F|  |TAMS 0x0000000086c00000, 0x0000000086c00000| Untracked 
|  43|0x0000000086d00000, 0x0000000086d00000, 0x0000000086e00000|  0%| F|  |TAMS 0x0000000086d00000, 0x0000000086d00000| Untracked 
|  44|0x0000000086e00000, 0x0000000086e00000, 0x0000000086f00000|  0%| F|  |TAMS 0x0000000086e00000, 0x0000000086e00000| Untracked 
|  45|0x0000000086f00000, 0x0000000086f00000, 0x0000000087000000|  0%| F|  |TAMS 0x0000000086f00000, 0x0000000086f00000| Untracked 
|  46|0x0000000087000000, 0x0000000087000000, 0x0000000087100000|  0%| F|  |TAMS 0x0000000087000000, 0x0000000087000000| Untracked 
|  47|0x0000000087100000, 0x0000000087100000, 0x0000000087200000|  0%| F|  |TAMS 0x0000000087100000, 0x0000000087100000| Untracked 
|  48|0x0000000087200000, 0x0000000087200000, 0x0000000087300000|  0%| F|  |TAMS 0x0000000087200000, 0x0000000087200000| Untracked 
|  49|0x0000000087300000, 0x0000000087300000, 0x0000000087400000|  0%| F|  |TAMS 0x0000000087300000, 0x0000000087300000| Untracked 
|  50|0x0000000087400000, 0x0000000087400000, 0x0000000087500000|  0%| F|  |TAMS 0x0000000087400000, 0x0000000087400000| Untracked 
|  51|0x0000000087500000, 0x0000000087500000, 0x0000000087600000|  0%| F|  |TAMS 0x0000000087500000, 0x0000000087500000| Untracked 
|  52|0x0000000087600000, 0x0000000087600000, 0x0000000087700000|  0%| F|  |TAMS 0x0000000087600000, 0x0000000087600000| Untracked 
|  53|0x0000000087700000, 0x0000000087700000, 0x0000000087800000|  0%| F|  |TAMS 0x0000000087700000, 0x0000000087700000| Untracked 
|  54|0x0000000087800000, 0x0000000087800000, 0x0000000087900000|  0%| F|  |TAMS 0x0000000087800000, 0x0000000087800000| Untracked 
|  55|0x0000000087900000, 0x0000000087900000, 0x0000000087a00000|  0%| F|  |TAMS 0x0000000087900000, 0x0000000087900000| Untracked 
|  56|0x0000000087a00000, 0x0000000087a00000, 0x0000000087b00000|  0%| F|  |TAMS 0x0000000087a00000, 0x0000000087a00000| Untracked 
|  57|0x0000000087b00000, 0x0000000087b00000, 0x0000000087c00000|  0%| F|  |TAMS 0x0000000087b00000, 0x0000000087b00000| Untracked 
|  58|0x0000000087c00000, 0x0000000087c00000, 0x0000000087d00000|  0%| F|  |TAMS 0x0000000087c00000, 0x0000000087c00000| Untracked 
|  59|0x0000000087d00000, 0x0000000087d00000, 0x0000000087e00000|  0%| F|  |TAMS 0x0000000087d00000, 0x0000000087d00000| Untracked 
|  60|0x0000000087e00000, 0x0000000087e00000, 0x0000000087f00000|  0%| F|  |TAMS 0x0000000087e00000, 0x0000000087e00000| Untracked 
|  61|0x0000000087f00000, 0x0000000087f00000, 0x0000000088000000|  0%| F|  |TAMS 0x0000000087f00000, 0x0000000087f00000| Untracked 
|  62|0x0000000088000000, 0x0000000088000000, 0x0000000088100000|  0%| F|  |TAMS 0x0000000088000000, 0x0000000088000000| Untracked 
|  63|0x0000000088100000, 0x0000000088100000, 0x0000000088200000|  0%| F|  |TAMS 0x0000000088100000, 0x0000000088100000| Untracked 
|  64|0x0000000088200000, 0x0000000088200000, 0x0000000088300000|  0%| F|  |TAMS 0x0000000088200000, 0x0000000088200000| Untracked 
|  65|0x0000000088300000, 0x0000000088300000, 0x0000000088400000|  0%| F|  |TAMS 0x0000000088300000, 0x0000000088300000| Untracked 
|  66|0x0000000088400000, 0x0000000088400000, 0x0000000088500000|  0%| F|  |TAMS 0x0000000088400000, 0x0000000088400000| Untracked 
|  67|0x0000000088500000, 0x0000000088500000, 0x0000000088600000|  0%| F|  |TAMS 0x0000000088500000, 0x0000000088500000| Untracked 
|  68|0x0000000088600000, 0x0000000088600000, 0x0000000088700000|  0%| F|  |TAMS 0x0000000088600000, 0x0000000088600000| Untracked 
|  69|0x0000000088700000, 0x0000000088700000, 0x0000000088800000|  0%| F|  |TAMS 0x0000000088700000, 0x0000000088700000| Untracked 
|  70|0x0000000088800000, 0x0000000088800000, 0x0000000088900000|  0%| F|  |TAMS 0x0000000088800000, 0x0000000088800000| Untracked 
|  71|0x0000000088900000, 0x0000000088900000, 0x0000000088a00000|  0%| F|  |TAMS 0x0000000088900000, 0x0000000088900000| Untracked 
|  72|0x0000000088a00000, 0x0000000088a00000, 0x0000000088b00000|  0%| F|  |TAMS 0x0000000088a00000, 0x0000000088a00000| Untracked 
|  73|0x0000000088b00000, 0x0000000088b00000, 0x0000000088c00000|  0%| F|  |TAMS 0x0000000088b00000, 0x0000000088b00000| Untracked 
|  74|0x0000000088c00000, 0x0000000088c00000, 0x0000000088d00000|  0%| F|  |TAMS 0x0000000088c00000, 0x0000000088c00000| Untracked 
|  75|0x0000000088d00000, 0x0000000088d00000, 0x0000000088e00000|  0%| F|  |TAMS 0x0000000088d00000, 0x0000000088d00000| Untracked 
|  76|0x0000000088e00000, 0x0000000088e5b6c0, 0x0000000088f00000| 35%| E|  |TAMS 0x0000000088e00000, 0x0000000088e00000| Complete 
|  77|0x0000000088f00000, 0x0000000089000000, 0x0000000089000000|100%| E|CS|TAMS 0x0000000088f00000, 0x0000000088f00000| Complete 
|  78|0x0000000089000000, 0x0000000089100000, 0x0000000089100000|100%| E|CS|TAMS 0x0000000089000000, 0x0000000089000000| Complete 
|  79|0x0000000089100000, 0x0000000089200000, 0x0000000089200000|100%| E|CS|TAMS 0x0000000089100000, 0x0000000089100000| Complete 
|  80|0x0000000089200000, 0x0000000089300000, 0x0000000089300000|100%| E|CS|TAMS 0x0000000089200000, 0x0000000089200000| Complete 
|  81|0x0000000089300000, 0x0000000089400000, 0x0000000089400000|100%| E|CS|TAMS 0x0000000089300000, 0x0000000089300000| Complete 
|  82|0x0000000089400000, 0x0000000089500000, 0x0000000089500000|100%| E|CS|TAMS 0x0000000089400000, 0x0000000089400000| Complete 
|  83|0x0000000089500000, 0x0000000089600000, 0x0000000089600000|100%| E|CS|TAMS 0x0000000089500000, 0x0000000089500000| Complete 
|  84|0x0000000089600000, 0x0000000089700000, 0x0000000089700000|100%| E|CS|TAMS 0x0000000089600000, 0x0000000089600000| Complete 
|  85|0x0000000089700000, 0x0000000089800000, 0x0000000089800000|100%| E|CS|TAMS 0x0000000089700000, 0x0000000089700000| Complete 
|  86|0x0000000089800000, 0x0000000089900000, 0x0000000089900000|100%| E|CS|TAMS 0x0000000089800000, 0x0000000089800000| Complete 
|  87|0x0000000089900000, 0x0000000089a00000, 0x0000000089a00000|100%| E|CS|TAMS 0x0000000089900000, 0x0000000089900000| Complete 
|  88|0x0000000089a00000, 0x0000000089b00000, 0x0000000089b00000|100%| E|CS|TAMS 0x0000000089a00000, 0x0000000089a00000| Complete 
|  89|0x0000000089b00000, 0x0000000089bf56f0, 0x0000000089c00000| 95%| S|CS|TAMS 0x0000000089b00000, 0x0000000089b00000| Complete 
|  90|0x0000000089c00000, 0x0000000089d00000, 0x0000000089d00000|100%| S|CS|TAMS 0x0000000089c00000, 0x0000000089c00000| Complete 
|  91|0x0000000089d00000, 0x0000000089e00000, 0x0000000089e00000|100%| S|CS|TAMS 0x0000000089d00000, 0x0000000089d00000| Complete 
|  92|0x0000000089e00000, 0x0000000089f00000, 0x0000000089f00000|100%| E|CS|TAMS 0x0000000089e00000, 0x0000000089e00000| Complete 
|  93|0x0000000089f00000, 0x000000008a000000, 0x000000008a000000|100%| E|CS|TAMS 0x0000000089f00000, 0x0000000089f00000| Complete 
|  94|0x000000008a000000, 0x000000008a100000, 0x000000008a100000|100%| E|CS|TAMS 0x000000008a000000, 0x000000008a000000| Complete 
|  95|0x000000008a100000, 0x000000008a200000, 0x000000008a200000|100%| E|CS|TAMS 0x000000008a100000, 0x000000008a100000| Complete 
|  96|0x000000008a200000, 0x000000008a300000, 0x000000008a300000|100%| E|CS|TAMS 0x000000008a200000, 0x000000008a200000| Complete 
|  97|0x000000008a300000, 0x000000008a400000, 0x000000008a400000|100%| E|CS|TAMS 0x000000008a300000, 0x000000008a300000| Complete 
|  98|0x000000008a400000, 0x000000008a500000, 0x000000008a500000|100%| E|CS|TAMS 0x000000008a400000, 0x000000008a400000| Complete 
|  99|0x000000008a500000, 0x000000008a600000, 0x000000008a600000|100%| E|CS|TAMS 0x000000008a500000, 0x000000008a500000| Complete 
| 100|0x000000008a600000, 0x000000008a700000, 0x000000008a700000|100%| E|CS|TAMS 0x000000008a600000, 0x000000008a600000| Complete 
| 101|0x000000008a700000, 0x000000008a800000, 0x000000008a800000|100%| E|CS|TAMS 0x000000008a700000, 0x000000008a700000| Complete 
| 102|0x000000008a800000, 0x000000008a900000, 0x000000008a900000|100%| E|  |TAMS 0x000000008a800000, 0x000000008a800000| Complete 
| 103|0x000000008a900000, 0x000000008aa00000, 0x000000008aa00000|100%| E|CS|TAMS 0x000000008a900000, 0x000000008a900000| Complete 
| 104|0x000000008aa00000, 0x000000008ab00000, 0x000000008ab00000|100%| E|CS|TAMS 0x000000008aa00000, 0x000000008aa00000| Complete 
| 105|0x000000008ab00000, 0x000000008ac00000, 0x000000008ac00000|100%| E|CS|TAMS 0x000000008ab00000, 0x000000008ab00000| Complete 
| 106|0x000000008ac00000, 0x000000008ad00000, 0x000000008ad00000|100%| E|CS|TAMS 0x000000008ac00000, 0x000000008ac00000| Complete 
| 107|0x000000008ad00000, 0x000000008ae00000, 0x000000008ae00000|100%| E|CS|TAMS 0x000000008ad00000, 0x000000008ad00000| Complete 
| 108|0x000000008ae00000, 0x000000008af00000, 0x000000008af00000|100%| E|CS|TAMS 0x000000008ae00000, 0x000000008ae00000| Complete 
| 109|0x000000008af00000, 0x000000008b000000, 0x000000008b000000|100%| E|CS|TAMS 0x000000008af00000, 0x000000008af00000| Complete 
| 110|0x000000008b000000, 0x000000008b100000, 0x000000008b100000|100%| E|CS|TAMS 0x000000008b000000, 0x000000008b000000| Complete 
| 111|0x000000008b100000, 0x000000008b200000, 0x000000008b200000|100%| E|CS|TAMS 0x000000008b100000, 0x000000008b100000| Complete 
| 112|0x000000008b200000, 0x000000008b300000, 0x000000008b300000|100%| E|CS|TAMS 0x000000008b200000, 0x000000008b200000| Complete 
| 113|0x000000008b300000, 0x000000008b400000, 0x000000008b400000|100%| E|CS|TAMS 0x000000008b300000, 0x000000008b300000| Complete 
| 114|0x000000008b400000, 0x000000008b500000, 0x000000008b500000|100%| E|CS|TAMS 0x000000008b400000, 0x000000008b400000| Complete 
| 115|0x000000008b500000, 0x000000008b600000, 0x000000008b600000|100%| E|CS|TAMS 0x000000008b500000, 0x000000008b500000| Complete 
| 116|0x000000008b600000, 0x000000008b700000, 0x000000008b700000|100%| E|CS|TAMS 0x000000008b600000, 0x000000008b600000| Complete 
| 117|0x000000008b700000, 0x000000008b800000, 0x000000008b800000|100%| E|CS|TAMS 0x000000008b700000, 0x000000008b700000| Complete 
| 118|0x000000008b800000, 0x000000008b900000, 0x000000008b900000|100%| E|CS|TAMS 0x000000008b800000, 0x000000008b800000| Complete 
| 119|0x000000008b900000, 0x000000008ba00000, 0x000000008ba00000|100%| E|CS|TAMS 0x000000008b900000, 0x000000008b900000| Complete 
| 120|0x000000008ba00000, 0x000000008bb00000, 0x000000008bb00000|100%| E|CS|TAMS 0x000000008ba00000, 0x000000008ba00000| Complete 
| 121|0x000000008bb00000, 0x000000008bc00000, 0x000000008bc00000|100%| E|CS|TAMS 0x000000008bb00000, 0x000000008bb00000| Complete 
| 122|0x000000008bc00000, 0x000000008bd00000, 0x000000008bd00000|100%| E|CS|TAMS 0x000000008bc00000, 0x000000008bc00000| Complete 
| 123|0x000000008bd00000, 0x000000008be00000, 0x000000008be00000|100%| E|CS|TAMS 0x000000008bd00000, 0x000000008bd00000| Complete 

Card table byte_map: [0x0000027955950000,0x0000027955d30000] _byte_map_base: 0x000002795552f000

Marking Bits (Prev, Next): (CMBitMap*) 0x000002793c19c590, (CMBitMap*) 0x000002793c19c5d0
 Prev Bits: [0x0000027956110000, 0x0000027958008000)
 Next Bits: [0x0000027958010000, 0x0000027959f08000)

Polling page: 0x000002793c1f0000

Metaspace:

Usage:
  Non-class:     17.98 MB used.
      Class:      2.47 MB used.
       Both:     20.45 MB used.

Virtual space:
  Non-class space:       64.00 MB reserved,      18.19 MB ( 28%) committed,  1 nodes.
      Class space:        1.00 GB reserved,       2.63 MB ( <1%) committed,  1 nodes.
             Both:        1.06 GB reserved,      20.81 MB (  2%) committed. 

Chunk freelists:
   Non-Class:  1.69 MB
       Class:  1.38 MB
        Both:  3.06 MB

MaxMetaspaceSize: unlimited
CompressedClassSpaceSize: 1.00 GB
Initial GC threshold: 21.00 MB
Current GC threshold: 21.00 MB
CDS: on
MetaspaceReclaimPolicy: balanced
 - commit_granule_bytes: 65536.
 - commit_granule_words: 8192.
 - virtual_space_node_default_size: 8388608.
 - enlarge_chunks_in_place: 1.
 - new_chunks_are_fully_committed: 0.
 - uncommit_free_chunks: 1.
 - use_allocation_guard: 0.


Internal statistics:

num_allocs_failed_limit: 0.
num_arena_births: 422.
num_arena_deaths: 0.
num_vsnodes_births: 2.
num_vsnodes_deaths: 0.
num_space_committed: 333.
num_space_uncommitted: 0.
num_chunks_returned_to_freelist: 0.
num_chunks_taken_from_freelist: 1104.
num_chunk_merges: 0.
num_chunk_splits: 783.
num_chunks_enlarged: 612.
num_inconsistent_stats: 0.

CodeHeap 'non-profiled nmethods': size=120000Kb used=1272Kb max_used=1272Kb free=118727Kb
 bounds [0x000002794d5b0000, 0x000002794d820000, 0x0000027954ae0000]
CodeHeap 'profiled nmethods': size=120000Kb used=6289Kb max_used=6289Kb free=113710Kb
 bounds [0x0000027945ae0000, 0x0000027946110000, 0x000002794d010000]
CodeHeap 'non-nmethods': size=5760Kb used=1313Kb max_used=1355Kb free=4446Kb
 bounds [0x000002794d010000, 0x000002794d280000, 0x000002794d5b0000]
 total_blobs=3559 nmethods=3042 adapters=427
 compilation: enabled
              stopped_count=0, restarted_count=0
 full_count=0

Compilation events (20 events):
Event: 2.159 Thread 0x000002795c6dae50 3018       3       org.springframework.core.annotation.MergedAnnotationCollectors::isSameInstance (11 bytes)
Event: 2.159 Thread 0x000002795c6dae50 nmethod 3018 0x00000279460f8c10 code [0x00000279460f8da0, 0x00000279460f8ed8]
Event: 2.160 Thread 0x000002795c6dae50 3020       3       org.springframework.beans.factory.support.AbstractBeanFactory::isTypeMatch (8 bytes)
Event: 2.160 Thread 0x000002795c6dae50 nmethod 3020 0x00000279460f8f90 code [0x00000279460f9140, 0x00000279460f9308]
Event: 2.160 Thread 0x000002795c6dae50 3021       3       java.lang.invoke.Invokers$Holder::linkToTargetMethod (11 bytes)
Event: 2.160 Thread 0x000002795c6dae50 nmethod 3021 0x00000279460f9410 code [0x00000279460f95c0, 0x00000279460f99f8]
Event: 2.160 Thread 0x000002795c6dae50 3022       3       org.springframework.util.MultiValueMapAdapter::get (6 bytes)
Event: 2.160 Thread 0x000002795c6dae50 nmethod 3022 0x00000279460f9b10 code [0x00000279460f9cc0, 0x00000279460fa088]
Event: 2.160 Thread 0x000002795c6dae50 3025       3       org.springframework.core.annotation.AbstractMergedAnnotation::asAnnotationAttributes (14 bytes)
Event: 2.160 Thread 0x000002795c6dae50 nmethod 3025 0x00000279460fa190 code [0x00000279460fa360, 0x00000279460fa768]
Event: 2.160 Thread 0x000002795c6dae50 3023       3       org.springframework.util.MultiValueMapAdapter::get (14 bytes)
Event: 2.161 Thread 0x000002795c6dae50 nmethod 3023 0x00000279460fa890 code [0x00000279460faa40, 0x00000279460fad28]
Event: 2.161 Thread 0x000002795c6dae50 3024       1       org.springframework.beans.factory.support.AbstractBeanDefinition::getInstanceSupplier (5 bytes)
Event: 2.161 Thread 0x000002795c6dae50 nmethod 3024 0x000002794d6e1590 code [0x000002794d6e1720, 0x000002794d6e17d8]
Event: 2.163 Thread 0x000002795c6dae50 3026       3       java.lang.Class::getDeclaredConstructor (31 bytes)
Event: 2.164 Thread 0x000002795c6dae50 nmethod 3026 0x00000279460fae10 code [0x00000279460fb060, 0x00000279460fb8f8]
Event: 2.165 Thread 0x000002795c6dae50 3028       3       org.springframework.util.ObjectUtils::arrayEquals (272 bytes)
Event: 2.166 Thread 0x000002795c6dae50 nmethod 3028 0x00000279460fbc90 code [0x00000279460fc060, 0x00000279460fec08]
Event: 2.166 Thread 0x000002795c6dae50 3027       3       org.springframework.core.annotation.AnnotationsScanner::process (55 bytes)
Event: 2.166 Thread 0x000002795c6dae50 nmethod 3027 0x00000279460fef10 code [0x00000279460ff100, 0x00000279460ff728]

GC Heap History (4 events):
Event: 0.747 GC heap before
{Heap before GC invocations=0 (full 0):
 garbage-first heap   total 126976K, used 22528K [0x0000000084200000, 0x0000000100000000)
  region size 1024K, 23 young (23552K), 0 survivors (0K)
 Metaspace       used 5637K, committed 5824K, reserved 1114112K
  class space    used 638K, committed 704K, reserved 1048576K
}
Event: 0.756 GC heap after
{Heap after GC invocations=1 (full 0):
 garbage-first heap   total 126976K, used 6511K [0x0000000084200000, 0x0000000100000000)
  region size 1024K, 3 young (3072K), 3 survivors (3072K)
 Metaspace       used 5637K, committed 5824K, reserved 1114112K
  class space    used 638K, committed 704K, reserved 1048576K
}
Event: 1.289 GC heap before
{Heap before GC invocations=1 (full 0):
 garbage-first heap   total 126976K, used 35183K [0x0000000084200000, 0x0000000100000000)
  region size 1024K, 32 young (32768K), 3 survivors (3072K)
 Metaspace       used 13267K, committed 13632K, reserved 1114112K
  class space    used 1561K, committed 1728K, reserved 1048576K
}
Event: 1.293 GC heap after
{Heap after GC invocations=2 (full 0):
 garbage-first heap   total 126976K, used 9673K [0x0000000084200000, 0x0000000100000000)
  region size 1024K, 3 young (3072K), 3 survivors (3072K)
 Metaspace       used 13267K, committed 13632K, reserved 1114112K
  class space    used 1561K, committed 1728K, reserved 1048576K
}

Dll operation events (13 events):
Event: 0.017 Loaded shared library C:\Users\Ritej\.jdks\corretto-19.0.2\bin\java.dll
Event: 0.039 Loaded shared library C:\Users\Ritej\.jdks\corretto-19.0.2\bin\jsvml.dll
Event: 0.174 Loaded shared library C:\Users\Ritej\.jdks\corretto-19.0.2\bin\zip.dll
Event: 0.178 Loaded shared library C:\Users\Ritej\.jdks\corretto-19.0.2\bin\instrument.dll
Event: 0.185 Loaded shared library C:\Users\Ritej\.jdks\corretto-19.0.2\bin\net.dll
Event: 0.187 Loaded shared library C:\Users\Ritej\.jdks\corretto-19.0.2\bin\nio.dll
Event: 0.192 Loaded shared library C:\Users\Ritej\.jdks\corretto-19.0.2\bin\zip.dll
Event: 0.274 Loaded shared library C:\Program Files\JetBrains\IntelliJ IDEA Community Edition 2024.1.4\bin\breakgen64.dll
Event: 0.285 Loaded shared library C:\Users\Ritej\.jdks\corretto-19.0.2\bin\extnet.dll
Event: 0.313 Loaded shared library C:\Users\Ritej\.jdks\corretto-19.0.2\bin\jimage.dll
Event: 0.573 Loaded shared library C:\Users\Ritej\.jdks\corretto-19.0.2\bin\management.dll
Event: 0.579 Loaded shared library C:\Users\Ritej\.jdks\corretto-19.0.2\bin\management_ext.dll
Event: 1.505 Loaded shared library C:\Users\Ritej\.jdks\corretto-19.0.2\bin\sunmscapi.dll

Deoptimization events (20 events):
Event: 1.915 Thread 0x000002796170a350 DEOPT PACKING pc=0x000002794d5bbc3c sp=0x000000f00d6fdb60
Event: 1.915 Thread 0x000002796170a350 DEOPT UNPACKING pc=0x000002794d07a5a3 sp=0x000000f00d6fdaf8 mode 2
Event: 1.915 Thread 0x000002796170a350 Uncommon trap: trap_request=0xffffffde fr.pc=0x000002794d5bbc3c relative=0x000000000000019c
Event: 1.915 Thread 0x000002796170a350 Uncommon trap: reason=class_check action=maybe_recompile pc=0x000002794d5bbc3c method=java.lang.String.equals(Ljava/lang/Object;)Z @ 8 c2
Event: 1.915 Thread 0x000002796170a350 DEOPT PACKING pc=0x000002794d5bbc3c sp=0x000000f00d6fdb60
Event: 1.915 Thread 0x000002796170a350 DEOPT UNPACKING pc=0x000002794d07a5a3 sp=0x000000f00d6fdaf8 mode 2
Event: 1.915 Thread 0x000002796170a350 Uncommon trap: trap_request=0xffffffde fr.pc=0x000002794d5bbc3c relative=0x000000000000019c
Event: 1.915 Thread 0x000002796170a350 Uncommon trap: reason=class_check action=maybe_recompile pc=0x000002794d5bbc3c method=java.lang.String.equals(Ljava/lang/Object;)Z @ 8 c2
Event: 1.915 Thread 0x000002796170a350 DEOPT PACKING pc=0x000002794d5bbc3c sp=0x000000f00d6fdb60
Event: 1.915 Thread 0x000002796170a350 DEOPT UNPACKING pc=0x000002794d07a5a3 sp=0x000000f00d6fdaf8 mode 2
Event: 1.915 Thread 0x000002796170a350 Uncommon trap: trap_request=0xffffffde fr.pc=0x000002794d5bbc3c relative=0x000000000000019c
Event: 1.915 Thread 0x000002796170a350 Uncommon trap: reason=class_check action=maybe_recompile pc=0x000002794d5bbc3c method=java.lang.String.equals(Ljava/lang/Object;)Z @ 8 c2
Event: 1.915 Thread 0x000002796170a350 DEOPT PACKING pc=0x000002794d5bbc3c sp=0x000000f00d6fdb60
Event: 1.915 Thread 0x000002796170a350 DEOPT UNPACKING pc=0x000002794d07a5a3 sp=0x000000f00d6fdaf8 mode 2
Event: 1.938 Thread 0x000002796170a350 DEOPT PACKING pc=0x0000027945b36cc1 sp=0x000000f00d6fd7e0
Event: 1.938 Thread 0x000002796170a350 DEOPT UNPACKING pc=0x000002794d07b0e3 sp=0x000000f00d6fcce0 mode 0
Event: 2.015 Thread 0x000002796170a350 Uncommon trap: trap_request=0xffffffde fr.pc=0x000002794d6ce414 relative=0x0000000000000434
Event: 2.015 Thread 0x000002796170a350 Uncommon trap: reason=class_check action=maybe_recompile pc=0x000002794d6ce414 method=java.lang.String.equals(Ljava/lang/Object;)Z @ 8 c2
Event: 2.015 Thread 0x000002796170a350 DEOPT PACKING pc=0x000002794d6ce414 sp=0x000000f00d6fdfb0
Event: 2.015 Thread 0x000002796170a350 DEOPT UNPACKING pc=0x000002794d07a5a3 sp=0x000000f00d6fde78 mode 2

Classes loaded (20 events):
Event: 1.507 Loading class sun/security/provider/certpath/ldap/JdkLDAP
Event: 1.507 Loading class sun/security/provider/certpath/ldap/JdkLDAP done
Event: 1.507 Loading class sun/security/provider/certpath/ldap/JdkLDAP$ProviderService
Event: 1.507 Loading class sun/security/provider/certpath/ldap/JdkLDAP$ProviderService done
Event: 1.507 Loading class com/sun/security/sasl/Provider
Event: 1.507 Loading class com/sun/security/sasl/Provider done
Event: 1.508 Loading class com/sun/security/sasl/Provider$1
Event: 1.508 Loading class com/sun/security/sasl/Provider$1 done
Event: 1.508 Loading class com/sun/security/sasl/Provider$ProviderService
Event: 1.508 Loading class com/sun/security/sasl/Provider$ProviderService done
Event: 1.627 Loading class javax/naming/ldap/LdapContext
Event: 1.627 Loading class javax/naming/directory/DirContext
Event: 1.627 Loading class javax/naming/directory/DirContext done
Event: 1.627 Loading class javax/naming/ldap/LdapContext done
Event: 1.758 Loading class java/util/stream/Streams$ConcatSpliterator$OfRef
Event: 1.759 Loading class java/util/stream/Streams$ConcatSpliterator
Event: 1.759 Loading class java/util/stream/Streams$ConcatSpliterator done
Event: 1.759 Loading class java/util/stream/Streams$ConcatSpliterator$OfRef done
Event: 1.759 Loading class java/util/stream/Streams$2
Event: 1.759 Loading class java/util/stream/Streams$2 done

Classes unloaded (0 events):
No events

Classes redefined (0 events):
No events

Internal exceptions (20 events):
Event: 0.975 Thread 0x000002796170a350 Exception <a 'java/lang/NoSuchMethodError'{0x000000008b5c7dc8}: 'java.lang.Object java.lang.invoke.DirectMethodHandle$Holder.newInvokeSpecial(java.lang.Object, int, java.lang.Object)'> (0x000000008b5c7dc8) 
thrown [s\src\hotspot\share\interpreter\linkResolver.cpp, line 774]
Event: 0.975 Thread 0x000002796170a350 Exception <a 'java/lang/NoSuchMethodError'{0x000000008b5cc890}: 'int java.lang.invoke.DirectMethodHandle$Holder.invokeSpecialIFC(java.lang.Object, java.lang.Object, java.lang.Object, java.lang.Object)'> (0x000000008b5cc890) 
thrown [s\src\hotspot\share\interpreter\linkResolver.cpp, line 774]
Event: 0.994 Thread 0x000002796170a350 Exception <a 'java/lang/NoSuchMethodError'{0x000000008b480688}: 'void java.lang.invoke.DirectMethodHandle$Holder.invokeInterface(java.lang.Object, java.lang.Object, java.lang.Object)'> (0x000000008b480688) 
thrown [s\src\hotspot\share\interpreter\linkResolver.cpp, line 774]
Event: 1.025 Thread 0x000002796170a350 Exception <a 'java/lang/NoSuchMethodError'{0x000000008b31dad8}: 'void java.lang.invoke.DirectMethodHandle$Holder.invokeStaticInit(java.lang.Object, java.lang.Object, java.lang.Object)'> (0x000000008b31dad8) 
thrown [s\src\hotspot\share\interpreter\linkResolver.cpp, line 774]
Event: 1.030 Thread 0x000002796170a350 Exception <a 'java/lang/NoSuchMethodError'{0x000000008b33b8f0}: 'java.lang.Object java.lang.invoke.DirectMethodHandle$Holder.invokeVirtual(java.lang.Object, java.lang.Object, java.lang.Object)'> (0x000000008b33b8f0) 
thrown [s\src\hotspot\share\interpreter\linkResolver.cpp, line 774]
Event: 1.063 Thread 0x000002796170a350 Exception <a 'java/lang/NoSuchMethodError'{0x000000008b2a3038}: 'void java.lang.invoke.DirectMethodHandle$Holder.invokeVirtual(java.lang.Object, java.lang.Object, java.lang.Object, java.lang.Object)'> (0x000000008b2a3038) 
thrown [s\src\hotspot\share\interpreter\linkResolver.cpp, line 774]
Event: 1.159 Thread 0x0000027961963820 Exception <a 'java/lang/NoClassDefFoundError'{0x000000008ae14420}: jakarta/validation/Validation> (0x000000008ae14420) 
thrown [s\src\hotspot\share\classfile\systemDictionary.cpp, line 244]
Event: 1.159 Thread 0x000002796170a350 Exception <a 'java/lang/NoSuchMethodError'{0x000000008afe9d78}: 'java.lang.Object java.lang.invoke.Invokers$Holder.invoke_MT(java.lang.Object, java.lang.Object, java.lang.Object, java.lang.Object, java.lang.Object, java.lang.Object, java.lang.Object, java.lang.Object, java.lang.Object)'> (0x000000008afe9d78) 
thrown [s\src\hotspot\share\interpreter\linkResolver.cpp, line 774]
Event: 1.165 Thread 0x000002796170a350 Exception <a 'java/lang/NoSuchMethodError'{0x000000008ae6ad68}: 'java.lang.reflect.Field[] java.lang.Class.getDeclaredFields(java.lang.Class)'> (0x000000008ae6ad68) 
thrown [s\src\hotspot\share\interpreter\linkResolver.cpp, line 774]
Event: 1.176 Thread 0x000002796170a350 Exception <a 'java/lang/IncompatibleClassChangeError'{0x000000008ad36050}: Found class java.lang.Object, but interface was expected> (0x000000008ad36050) 
thrown [s\src\hotspot\share\interpreter\linkResolver.cpp, line 841]
Event: 1.411 Thread 0x0000027961963820 Exception <a 'java/lang/NoSuchMethodError'{0x000000008b28f880}: 'long java.lang.invoke.DirectMethodHandle$Holder.invokeSpecial(java.lang.Object, java.lang.Object)'> (0x000000008b28f880) 
thrown [s\src\hotspot\share\interpreter\linkResolver.cpp, line 774]
Event: 1.412 Thread 0x000002796170a350 Exception <a 'sun/nio/fs/WindowsException'{0x000000008b22ce40}> (0x000000008b22ce40) 
thrown [s\src\hotspot\share\prims\jni.cpp, line 517]
Event: 1.412 Thread 0x0000027961963820 Exception <a 'java/lang/NoSuchMethodError'{0x000000008b29a750}: 'long java.lang.invoke.DirectMethodHandle$Holder.invokeStatic(java.lang.Object, java.lang.Object)'> (0x000000008b29a750) 
thrown [s\src\hotspot\share\interpreter\linkResolver.cpp, line 774]
Event: 1.412 Thread 0x0000027961963820 Exception <a 'java/lang/NoSuchMethodError'{0x000000008b29daa8}: 'long java.lang.invoke.DirectMethodHandle$Holder.invokeStaticInit(java.lang.Object, java.lang.Object)'> (0x000000008b29daa8) 
thrown [s\src\hotspot\share\interpreter\linkResolver.cpp, line 774]
Event: 1.413 Thread 0x000002796170a350 Exception <a 'java/lang/NoSuchMethodError'{0x000000008b22e6c8}: 'int java.lang.invoke.DirectMethodHandle$Holder.invokeSpecial(java.lang.Object, java.lang.Object, java.lang.Object, java.lang.Object, java.lang.Object)'> (0x000000008b22e6c8) 
thrown [s\src\hotspot\share\interpreter\linkResolver.cpp, line 774]
Event: 1.415 Thread 0x0000027961963820 Exception <a 'java/lang/NoSuchMethodError'{0x000000008b2aba58}: 'long java.lang.invoke.DirectMethodHandle$Holder.invokeInterface(java.lang.Object, java.lang.Object)'> (0x000000008b2aba58) 
thrown [s\src\hotspot\share\interpreter\linkResolver.cpp, line 774]
Event: 1.415 Thread 0x0000027961963820 Exception <a 'java/lang/IncompatibleClassChangeError'{0x000000008b2aed40}: Found class java.lang.Object, but interface was expected> (0x000000008b2aed40) 
thrown [s\src\hotspot\share\interpreter\linkResolver.cpp, line 841]
Event: 1.416 Thread 0x000002796170a350 Exception <a 'java/lang/NoSuchMethodError'{0x000000008b237438}: 'void java.lang.invoke.DirectMethodHandle$Holder.invokeVirtual(java.lang.Object, java.lang.Object)'> (0x000000008b237438) 
thrown [s\src\hotspot\share\interpreter\linkResolver.cpp, line 774]
Event: 1.419 Thread 0x0000027961963820 Exception <a 'java/lang/NoSuchMethodError'{0x000000008b2c5760}: 'java.lang.Object java.lang.invoke.DirectMethodHandle$Holder.invokeVirtual(java.lang.Object, java.lang.Object, java.lang.Object, java.lang.Object)'> (0x000000008b2c5760) 
thrown [s\src\hotspot\share\interpreter\linkResolver.cpp, line 774]
Event: 1.692 Thread 0x000002796170a350 Exception <a 'java/lang/IncompatibleClassChangeError'{0x000000008a509548}: Found class java.lang.Object, but interface was expected> (0x000000008a509548) 
thrown [s\src\hotspot\share\interpreter\linkResolver.cpp, line 841]

VM Operations (20 events):
Event: 1.132 Executing VM operation: HandshakeAllThreads
Event: 1.132 Executing VM operation: HandshakeAllThreads done
Event: 1.134 Executing VM operation: ICBufferFull
Event: 1.134 Executing VM operation: ICBufferFull done
Event: 1.254 Executing VM operation: HandshakeAllThreads
Event: 1.254 Executing VM operation: HandshakeAllThreads done
Event: 1.289 Executing VM operation: G1CollectForAllocation
Event: 1.293 Executing VM operation: G1CollectForAllocation done
Event: 1.391 Executing VM operation: HandshakeAllThreads
Event: 1.391 Executing VM operation: HandshakeAllThreads done
Event: 1.461 Executing VM operation: HandshakeAllThreads
Event: 1.461 Executing VM operation: HandshakeAllThreads done
Event: 1.490 Executing VM operation: HandshakeAllThreads
Event: 1.490 Executing VM operation: HandshakeAllThreads done
Event: 1.625 Executing VM operation: ICBufferFull
Event: 1.625 Executing VM operation: ICBufferFull done
Event: 1.699 Executing VM operation: HandshakeAllThreads
Event: 1.699 Executing VM operation: HandshakeAllThreads done
Event: 1.943 Executing VM operation: ICBufferFull
Event: 1.943 Executing VM operation: ICBufferFull done

Events (20 events):
Event: 0.039 Thread 0x000002793c13d350 Thread added: 0x000002793c13d350
Event: 0.059 Thread 0x000002795c6c98e0 Thread added: 0x000002795c6c98e0
Event: 0.060 Thread 0x000002795c6ca3b0 Thread added: 0x000002795c6ca3b0
Event: 0.060 Thread 0x000002795c6ce130 Thread added: 0x000002795c6ce130
Event: 0.060 Thread 0x000002795c6cec00 Thread added: 0x000002795c6cec00
Event: 0.060 Thread 0x000002795c6cfcd0 Thread added: 0x000002795c6cfcd0
Event: 0.060 Thread 0x000002795c6d30f0 Thread added: 0x000002795c6d30f0
Event: 0.060 Thread 0x000002795c6d9ba0 Thread added: 0x000002795c6d9ba0
Event: 0.060 Thread 0x000002795c6dae50 Thread added: 0x000002795c6dae50
Event: 0.061 Thread 0x0000027960c10060 Thread added: 0x0000027960c10060
Event: 0.157 Thread 0x000002795c69db20 Thread added: 0x000002795c69db20
Event: 0.213 Thread 0x0000027960e62e90 Thread added: 0x0000027960e62e90
Event: 0.275 Thread 0x00000279610ac1f0 Thread added: 0x00000279610ac1f0
Event: 0.275 Thread 0x0000027961090170 Thread added: 0x0000027961090170
Event: 0.635 Thread 0x000002796149d020 Thread added: 0x000002796149d020
Event: 0.643 Thread 0x000002796170a350 Thread added: 0x000002796170a350
Event: 1.157 Thread 0x0000027961963820 Thread added: 0x0000027961963820
Event: 1.510 Thread 0x0000027961963820 Thread exited: 0x0000027961963820
Event: 1.606 Thread 0x0000027961f279a0 Thread added: 0x0000027961f279a0
Event: 1.676 Thread 0x0000027961f279a0 Thread exited: 0x0000027961f279a0


Dynamic libraries:
0x00007ff707470000 - 0x00007ff70747d000 	C:\Users\Ritej\.jdks\corretto-19.0.2\bin\java.exe
0x00007fff218f0000 - 0x00007fff21b07000 	C:\WINDOWS\SYSTEM32\ntdll.dll
0x00007ffee30c0000 - 0x00007ffee30e0000 	C:\Program Files\Avast Software\Avast\aswhook.dll
0x00007fff1fc90000 - 0x00007fff1fd54000 	C:\WINDOWS\System32\KERNEL32.DLL
0x00007fff1efa0000 - 0x00007fff1f370000 	C:\WINDOWS\System32\KERNELBASE.dll
0x00007fff1ec60000 - 0x00007fff1ed71000 	C:\WINDOWS\System32\ucrtbase.dll
0x00007fff16cf0000 - 0x00007fff16d05000 	C:\Users\Ritej\.jdks\corretto-19.0.2\bin\VCRUNTIME140.dll
0x00007fff06b70000 - 0x00007fff06b87000 	C:\Users\Ritej\.jdks\corretto-19.0.2\bin\jli.dll
0x00007fff212d0000 - 0x00007fff2147e000 	C:\WINDOWS\System32\USER32.dll
0x00007fff1ed80000 - 0x00007fff1eda6000 	C:\WINDOWS\System32\win32u.dll
0x00007fff1f9e0000 - 0x00007fff1fa09000 	C:\WINDOWS\System32\GDI32.dll
0x00007fff1f370000 - 0x00007fff1f48b000 	C:\WINDOWS\System32\gdi32full.dll
0x00007fff1f490000 - 0x00007fff1f52a000 	C:\WINDOWS\System32\msvcp_win.dll
0x00007fff07450000 - 0x00007fff076e2000 	C:\WINDOWS\WinSxS\amd64_microsoft.windows.common-controls_6595b64144ccf1df_6.0.22621.4830_none_270fe7d773858e80\COMCTL32.dll
0x00007fff1f7f0000 - 0x00007fff1f897000 	C:\WINDOWS\System32\msvcrt.dll
0x00007fff205f0000 - 0x00007fff20621000 	C:\WINDOWS\System32\IMM32.DLL
0x00007fff030f0000 - 0x00007fff0318b000 	C:\Users\Ritej\.jdks\corretto-19.0.2\bin\msvcp140.dll
0x00007ffebe880000 - 0x00007ffebf559000 	C:\Users\Ritej\.jdks\corretto-19.0.2\bin\server\jvm.dll
0x00007fff1f8a0000 - 0x00007fff1f951000 	C:\WINDOWS\System32\ADVAPI32.dll
0x00007fff20bc0000 - 0x00007fff20c67000 	C:\WINDOWS\System32\sechost.dll
0x00007fff1f5b0000 - 0x00007fff1f5d8000 	C:\WINDOWS\System32\bcrypt.dll
0x00007fff21480000 - 0x00007fff21594000 	C:\WINDOWS\System32\RPCRT4.dll
0x00007fff17760000 - 0x00007fff17794000 	C:\WINDOWS\SYSTEM32\WINMM.dll
0x00007fff025a0000 - 0x00007fff025a9000 	C:\WINDOWS\SYSTEM32\WSOCK32.dll
0x00007fff167a0000 - 0x00007fff167aa000 	C:\WINDOWS\SYSTEM32\VERSION.dll
0x00007fff1f660000 - 0x00007fff1f6d1000 	C:\WINDOWS\System32\WS2_32.dll
0x00007fff1dba0000 - 0x00007fff1dbb8000 	C:\WINDOWS\SYSTEM32\kernel.appcore.dll
0x00007fff16d40000 - 0x00007fff16d4a000 	C:\Users\Ritej\.jdks\corretto-19.0.2\bin\jimage.dll
0x00007fff1c200000 - 0x00007fff1c432000 	C:\WINDOWS\SYSTEM32\DBGHELP.DLL
0x00007fff20ec0000 - 0x00007fff21250000 	C:\WINDOWS\System32\combase.dll
0x00007fff21770000 - 0x00007fff21847000 	C:\WINDOWS\System32\OLEAUT32.dll
0x00007fff0a7b0000 - 0x00007fff0a7e2000 	C:\WINDOWS\SYSTEM32\dbgcore.DLL
0x00007fff1edb0000 - 0x00007fff1ee2b000 	C:\WINDOWS\System32\bcryptPrimitives.dll
0x00007fff16ce0000 - 0x00007fff16cee000 	C:\Users\Ritej\.jdks\corretto-19.0.2\bin\instrument.dll
0x00007fff05c40000 - 0x00007fff05c66000 	C:\Users\Ritej\.jdks\corretto-19.0.2\bin\java.dll
0x00007ffedb5d0000 - 0x00007ffedb6a6000 	C:\Users\Ritej\.jdks\corretto-19.0.2\bin\jsvml.dll
0x00007fff1fd70000 - 0x00007fff205e8000 	C:\WINDOWS\System32\SHELL32.dll
0x00007fff1caa0000 - 0x00007fff1d3b0000 	C:\WINDOWS\SYSTEM32\windows.storage.dll
0x00007fff1c960000 - 0x00007fff1ca9f000 	C:\WINDOWS\SYSTEM32\wintypes.dll
0x00007fff1f6e0000 - 0x00007fff1f7ea000 	C:\WINDOWS\System32\SHCORE.dll
0x00007fff21850000 - 0x00007fff218ae000 	C:\WINDOWS\System32\shlwapi.dll
0x00007fff1ead0000 - 0x00007fff1eafb000 	C:\WINDOWS\SYSTEM32\profapi.dll
0x00007fff05be0000 - 0x00007fff05bf8000 	C:\Users\Ritej\.jdks\corretto-19.0.2\bin\zip.dll
0x00007fff05c20000 - 0x00007fff05c33000 	C:\Users\Ritej\.jdks\corretto-19.0.2\bin\net.dll
0x00007fff1a270000 - 0x00007fff1a39c000 	C:\WINDOWS\SYSTEM32\WINHTTP.dll
0x00007fff1e010000 - 0x00007fff1e07a000 	C:\WINDOWS\system32\mswsock.dll
0x00007fff05c00000 - 0x00007fff05c15000 	C:\Users\Ritej\.jdks\corretto-19.0.2\bin\nio.dll
0x00007fff05b90000 - 0x00007fff05baa000 	C:\Program Files\JetBrains\IntelliJ IDEA Community Edition 2024.1.4\bin\breakgen64.dll
0x00007fff05b80000 - 0x00007fff05b88000 	C:\Users\Ritej\.jdks\corretto-19.0.2\bin\extnet.dll
0x00007fff0ad80000 - 0x00007fff0ad89000 	C:\Users\Ritej\.jdks\corretto-19.0.2\bin\management.dll
0x00007fff0a800000 - 0x00007fff0a80b000 	C:\Users\Ritej\.jdks\corretto-19.0.2\bin\management_ext.dll
0x00007fff1fd60000 - 0x00007fff1fd68000 	C:\WINDOWS\System32\PSAPI.DLL
0x00007fff06d10000 - 0x00007fff06d1e000 	C:\Users\Ritej\.jdks\corretto-19.0.2\bin\sunmscapi.dll
0x00007fff1ee30000 - 0x00007fff1ef96000 	C:\WINDOWS\System32\CRYPT32.dll
0x00007fff1e450000 - 0x00007fff1e47d000 	C:\WINDOWS\SYSTEM32\ncrypt.dll
0x00007fff1e410000 - 0x00007fff1e447000 	C:\WINDOWS\SYSTEM32\NTASN1.dll

dbghelp: loaded successfully - version: 4.0.5 - missing functions: none
symbol engine: initialized successfully - sym options: 0x614 - pdb path: .;C:\Users\Ritej\.jdks\corretto-19.0.2\bin;C:\WINDOWS\SYSTEM32;C:\Program Files\Avast Software\Avast;C:\WINDOWS\WinSxS\amd64_microsoft.windows.common-controls_6595b64144ccf1df_6.0.22621.4830_none_270fe7d773858e80;C:\Users\Ritej\.jdks\corretto-19.0.2\bin\server;C:\Program Files\JetBrains\IntelliJ IDEA Community Edition 2024.1.4\bin

VM Arguments:
jvm_args: -javaagent:C:\Program Files\JetBrains\IntelliJ IDEA Community Edition 2024.1.4\lib\idea_rt.jar=60032:C:\Program Files\JetBrains\IntelliJ IDEA Community Edition 2024.1.4\bin -Dfile.encoding=UTF-8 -Dsun.stdout.encoding=UTF-8 -Dsun.stderr.encoding=UTF-8 
java_command: com.example.WSM.WsmApplication
java_class_path (initial): C:\Users\Ritej\Downloads\Ritej-main\WSM Project\WSM\target\classes;C:\Users\Ritej\.m2\repository\org\apache\poi\poi\5.2.3\poi-5.2.3.jar;C:\Users\Ritej\.m2\repository\commons-codec\commons-codec\1.18.0\commons-codec-1.18.0.jar;C:\Users\Ritej\.m2\repository\org\apache\commons\commons-collections4\4.4\commons-collections4-4.4.jar;C:\Users\Ritej\.m2\repository\org\apache\commons\commons-math3\3.6.1\commons-math3-3.6.1.jar;C:\Users\Ritej\.m2\repository\com\zaxxer\SparseBitSet\1.2\SparseBitSet-1.2.jar;C:\Users\Ritej\.m2\repository\org\apache\logging\log4j\log4j-api\2.24.3\log4j-api-2.24.3.jar;C:\Users\Ritej\.m2\repository\org\apache\poi\poi-ooxml\5.2.3\poi-ooxml-5.2.3.jar;C:\Users\Ritej\.m2\repository\org\apache\poi\poi-ooxml-lite\5.2.3\poi-ooxml-lite-5.2.3.jar;C:\Users\Ritej\.m2\repository\org\apache\xmlbeans\xmlbeans\5.1.1\xmlbeans-5.1.1.jar;C:\Users\Ritej\.m2\repository\org\apache\commons\commons-compress\1.21\commons-compress-1.21.jar;C:\Users\Ritej\.m2\repository\com\github\virtuald\curvesapi\1.07\curvesapi-1.07.jar;C:\Users\Ritej\.m2\repository\io\jsonwebtoken\jjwt-api\0.11.5\jjwt-api-0.11.5.jar;C:\Users\Ritej\.m2\repository\io\jsonwebtoken\jjwt-impl\0.11.5\jjwt-impl-0.11.5.jar;C:\Users\Ritej\.m2\repository\io\jsonwebtoken\jjwt-jackson\0.11.5\jjwt-jackson-0.11.5.jar;C:\Users\Ritej\.m2\repository\com\fasterxml\jackson\core\jackson-databind\2.19.2\jackson-databind-2.19.2.jar;C:\Users\Ritej\.m2\repository\com\fasterxml\jackson\core\jackson-annotations\2.19.2\jackson-annotations-2.19.2.jar;C:\Users\Ritej\.m2\repository\com\fasterxml\jackson\core\jackson-core\2.19.2\jackson-core-2.19.2.jar;C:\Users\Ritej\.m2\repository\org\springframework\boot\spring-boot-starter-data-mongodb\3.5.4\spring-boot-starter-data-mongodb-3.5.4.jar;C:\Users\Ritej\.m2\repository\org\springframework\boot\spring-boot-starter\3.5.4\spring-boot-starter-3.5.4.jar;C:\Users\Ritej\.m2\repository\org\springframework\boot\spring-boot-starter-logging\3.5.4\spring-boot-starter-logging-3.5.4.jar;C:\Users\Ritej\.m2\repository\ch\qos\logback\logback-classic\1.5.18\logback-classic-1.5.18.jar;C:\Users\Ritej\.m2\repository\ch\qos\logback\logback-core\1.5.18\logback-core-1.5.18.jar;C:\Users\Ritej\.m2\repository\org\apache\logging\log4j\log4j-to-slf4j\2.24.3\log4j-to-slf4j-2.24.3.jar;C:\Users\Ritej\.m2\repository\org\slf4j\jul-to-slf4j\2.0.17\jul-to-slf4j-2.0.17.jar;C:\Users\Ritej\.m2\repository\jakarta\annotation\jakarta.annotation-api\2.1.1\jakarta.annotation-api-2.1.1.jar;C:\Users\Ritej\.m2\repository\org\yaml\snakeyaml\2.4\snakeyaml-2.4.jar;C:\Users\Ritej\.m2\repository\org\mongodb\mongodb-driver-sync\5.5.1\mongodb-driver-sync-5.5.1.jar;C:\Users\Ritej\.m2\repository\org\mongodb\bson\5.5.1\bson-5.5.1.jar;C:\Users\Ritej\.m2\repository\org\mongodb\mongodb-driver-core\5.5.1\mongodb-driver-core-5.5.1.jar;C:\Users\Ritej\.m2\repository\org\mongodb\bson-record-codec\5.5.1\bson-record-codec-5.5.1.jar;C:\Users\Ritej\.m2\repository\org\springframework\data\spring-data-mongodb\4.5.2\spring-data-mongodb-4.5.2.jar;C:\Users\Ritej\.m2\repository\org\springframework\spring-tx\6.2.9\spring-tx-6.2.9.jar;C:\Users\Ritej\.m2\repository\org\springframework\spring-context\6.2.9\spring-context-6.2.9.jar;C:\Users\Ritej\.m2\repository\org\springframework\spring-beans\6.2.9\spring-beans-6.2.9.jar;C:\Users\Ritej\.m2\repository\org\springframework\spring-expression\6.2.9\spring-expression-6.2.9.jar;C:\Users\Ritej\.m2\repository\org\springframework\data\spring-data-commons\3.5.2\spring-data-commons-3.5.2.jar;C:\Users\Ritej\.m2\repository\org\slf4j\slf4j-api\2.0.17\slf4j-api-2.0.17.jar;C:\Users\Ritej\.m2\repository\org\springframework\boot\spring-boot-starter-security\3.2.0\spring-boot-starter-security-3.2.0.jar;C:\Users\Ritej\.m2\repository\org\springframework\spring-aop\6.2.9\spring-aop-6.2.9.jar;C:\Users\Ritej\.m2\repository\org\springframework\security\spring-security-config\6.5.2\spring-security-config-6.5.2.jar;C:\Users\Ritej\.m2\repository\org\springframework\security\spring-security-core\6.5.2\spring-security-core-6.5.2.jar;C:\Users\Ritej\.m2\repository\org\springframework\security\spring-security-crypto\6.5.2\spring-security-crypto-6.5.2.jar;C:\Users\Ritej\.m2\repository\org\springframework\security\spring-security-web\6.5.2\spring-security-web-6.5.2.jar;C:\Users\Ritej\.m2\repository\org\springframework\boot\spring-boot-starter-web\3.5.4\spring-boot-starter-web-3.5.4.jar;C:\Users\Ritej\.m2\repository\org\springframework\boot\spring-boot-starter-json\3.5.4\spring-boot-starter-json-3.5.4.jar;C:\Users\Ritej\.m2\repository\com\fasterxml\jackson\datatype\jackson-datatype-jdk8\2.19.2\jackson-datatype-jdk8-2.19.2.jar;C:\Users\Ritej\.m2\repository\com\fasterxml\jackson\datatype\jackson-datatype-jsr310\2.19.2\jackson-datatype-jsr310-2.19.2.jar;C:\Users\Ritej\.m2\repository\com\fasterxml\jackson\module\jackson-module-parameter-names\2.19.2\jackson-module-parameter-names-2.19.2.jar;C:\Users\Ritej\.m2\repository\org\springframework\boot\spring-boot-starter-tomcat\3.5.4\spring-boot-starter-tomcat-3.5.4.jar;C:\Users\Ritej\.m2\repository\org\apache\tomcat\embed\tomcat-embed-core\10.1.43\tomcat-embed-core-10.1.43.jar;C:\Users\Ritej\.m2\repository\org\apache\tomcat\embed\tomcat-embed-el\10.1.43\tomcat-embed-el-10.1.43.jar;C:\Users\Ritej\.m2\repository\org\apache\tomcat\embed\tomcat-embed-websocket\10.1.43\tomcat-embed-websocket-10.1.43.jar;C:\Users\Ritej\.m2\repository\org\springframework\spring-web\6.2.9\spring-web-6.2.9.jar;C:\Users\Ritej\.m2\repository\io\micrometer\micrometer-observation\1.15.2\micrometer-observation-1.15.2.jar;C:\Users\Ritej\.m2\repository\io\micrometer\micrometer-commons\1.15.2\micrometer-commons-1.15.2.jar;C:\Users\Ritej\.m2\repository\org\springframework\spring-webmvc\6.2.9\spring-webmvc-6.2.9.jar;C:\Users\Ritej\.m2\repository\org\springframework\boot\spring-boot-devtools\3.5.4\spring-boot-devtools-3.5.4.jar;C:\Users\Ritej\.m2\repository\org\springframework\boot\spring-boot\3.5.4\spring-boot-3.5.4.jar;C:\Users\Ritej\.m2\repository\org\springframework\boot\spring-boot-autoconfigure\3.5.4\spring-boot-autoconfigure-3.5.4.jar;C:\Users\Ritej\.m2\repository\commons-io\commons-io\2.11.0\commons-io-2.11.0.jar;C:\Users\Ritej\.m2\repository\org\springframework\spring-core\6.2.9\spring-core-6.2.9.jar;C:\Users\Ritej\.m2\repository\org\springframework\spring-jcl\6.2.9\spring-jcl-6.2.9.jar
Launcher Type: SUN_STANDARD

[Global flags]
     intx CICompilerCount                          = 4                                         {product} {ergonomic}
     uint ConcGCThreads                            = 2                                         {product} {ergonomic}
     uint G1ConcRefinementThreads                  = 8                                         {product} {ergonomic}
   size_t G1HeapRegionSize                         = 1048576                                   {product} {ergonomic}
    uintx GCDrainStackTargetSize                   = 64                                        {product} {ergonomic}
   size_t InitialHeapSize                          = 130023424                                 {product} {ergonomic}
   size_t MarkStackSize                            = 4194304                                   {product} {ergonomic}
   size_t MaxHeapSize                              = 2078277632                                {product} {ergonomic}
   size_t MaxNewSize                               = 1246756864                                {product} {ergonomic}
   size_t MinHeapDeltaBytes                        = 1048576                                   {product} {ergonomic}
   size_t MinHeapSize                              = 8388608                                   {product} {ergonomic}
    uintx NonNMethodCodeHeapSize                   = 5839372                                {pd product} {ergonomic}
    uintx NonProfiledCodeHeapSize                  = 122909434                              {pd product} {ergonomic}
    uintx ProfiledCodeHeapSize                     = 122909434                              {pd product} {ergonomic}
    uintx ReservedCodeCacheSize                    = 251658240                              {pd product} {ergonomic}
     bool SegmentedCodeCache                       = true                                      {product} {ergonomic}
   size_t SoftMaxHeapSize                          = 2078277632                             {manageable} {ergonomic}
     bool UseCompressedClassPointers               = true                           {product lp64_product} {ergonomic}
     bool UseCompressedOops                        = true                           {product lp64_product} {ergonomic}
     bool UseG1GC                                  = true                                      {product} {ergonomic}
     bool UseLargePagesIndividualAllocation        = false                                  {pd product} {ergonomic}

Logging:
Log output configuration:
 #0: stdout all=warning uptime,level,tags foldmultilines=false
 #1: stderr all=off uptime,level,tags foldmultilines=false

Environment Variables:
JAVA_HOME=C:\Program Files\Java\jdk-17
PATH=C:\Program Files\MongoDB\Server\7.0\bin;C:\oraclexe\app\oracle\product\11.2.0\server\bin;"C:\xampp\php;C:\xampp\php;C:\Program Files\Common Files\Oracle\Java\javapath";C:\WINDOWS\system32;C:\WINDOWS;C:\WINDOWS\System32\Wbem;C:\WINDOWS\System32\WindowsPowerShell\v1.0\;C:\WINDOWS\System32\OpenSSH\;C:\ProgramData\chocolatey\bin;C:\Program Files\Java\jdk-17\bin;C:\Program Files\Docker\Docker\resources\bin;C:\Users\Ritej\AppData\Roaming\nvm;C:\Program Files\nodejs;C:\Users\Ritej\AppData\Local\Microsoft\WindowsApps\python.exe;C:\Users\Ritej\AppData\Local\Programs\Python\Launcher\;C:\Program Files\MongoDB\Server\7.0\bin;C:\Users\Ritej\AppData\Local\Microsoft\WindowsApps;C:\Users\Ritej\AppData\Local\JetBrains\PyCharm 2023.1\bin;;C:\Program Files\JetBrains\PyCharm Community Edition 2022.2.3\bin;;C:\Users\Ritej\AppData\Local\Programs\Microsoft VS Code\bin;C:\Users\Ritej\AppData\Roaming\npm;C:\Program Files\JetBrains\IntelliJ IDEA Community Edition 2024.1.4\bin;;C:\Users\Ritej\Desktop\jdk-19_windows-x64_bin\bin;C:\Users\Ritej\AppData\Local\JetBrains\IntelliJ IDEA 2024.1.4\bin;;C:\Users\Ritej\AppData\Roaming\nvm;C:\Program Files\nodejs;C:\Program Files\apache-maven-3.9.9\bin;C:\Users\Ritej\AppData\Local\Microsoft\WindowsApps\python.exe;
USERNAME=Ritej
OS=Windows_NT
PROCESSOR_IDENTIFIER=Intel64 Family 6 Model 140 Stepping 1, GenuineIntel
TMP=C:\Users\Ritej\AppData\Local\Temp
TEMP=C:\Users\Ritej\AppData\Local\Temp



---------------  S Y S T E M  ---------------

OS:
 Windows 11 , 64 bit Build 22621 (10.0.22621.4830)
OS uptime: 0 days 1:21 hours
Hyper-V role detected

CPU: total 8 (initial active 8) (4 cores per cpu, 2 threads per core) family 6 model 140 stepping 1 microcode 0xb8, cx8, cmov, fxsr, ht, mmx, 3dnowpref, sse, sse2, sse3, ssse3, sse4.1, sse4.2, popcnt, lzcnt, tsc, tscinvbit, avx, avx2, aes, erms, clmul, bmi1, bmi2, adx, avx512f, avx512dq, avx512cd, avx512bw, avx512vl, sha, fma, vzeroupper, avx512_vpopcntdq, avx512_vpclmulqdq, avx512_vaes, avx512_vnni, clflush, clflushopt, clwb, avx512_vbmi2, avx512_vbmi, hv, rdtscp, rdpid, fsrm, gfni, avx512_bitalg

Memory: 4k page, system-wide physical 7926M (480M free)
TotalPageFile size 14537M (AvailPageFile size 10M)
current process WorkingSet (physical memory assigned to process): 155M, peak: 160M
current process commit charge ("private bytes"): 269M, peak: 276M

vm_info: OpenJDK 64-Bit Server VM (19.0.2+7-FR) for windows-amd64 JRE (19.0.2+7-FR), built on Jan 13 2023 22:53:32 by "Administrator" with MS VC++ 15.9 (VS2017)

END.
