#
# There is insufficient memory for the Java Runtime Environment to continue.
# Native memory allocation (malloc) failed to allocate 898496 bytes for Chunk::new
# Possible reasons:
#   The system is out of physical RAM or swap space
#   The process is running with CompressedOops enabled, and the Java Heap may be blocking the growth of the native heap
# Possible solutions:
#   Reduce memory load on the system
#   Increase physical memory or swap space
#   Check if swap backing store is full
#   Decrease Java heap size (-Xmx/-Xms)
#   Decrease number of Java threads
#   Decrease Java thread stack sizes (-Xss)
#   Set larger code cache with -XX:ReservedCodeCacheSize=
#   JVM is running with Unscaled Compressed Oops mode in which the Java heap is
#     placed in the first 4GB address space. The Java Heap base address is the
#     maximum limit for the native heap growth. Please use -XX:HeapBaseMinAddress
#     to set the Java Heap base and to place the Java Heap above 4GB virtual address.
# This output file may be truncated or incomplete.
#
#  Out of Memory Error (arena.cpp:184), pid=7124, tid=8064
#
# JRE version: OpenJDK Runtime Environment Corretto-19.0.2.7.1 (19.0.2+7) (build 19.0.2+7-FR)
# Java VM: OpenJDK 64-Bit Server VM Corretto-19.0.2.7.1 (19.0.2+7-FR, mixed mode, sharing, tiered, compressed oops, compressed class ptrs, g1 gc, windows-amd64)
# No core dump will be written. Minidumps are not enabled by default on client versions of Windows
#

---------------  S U M M A R Y ------------

Command Line: -javaagent:C:\Program Files\JetBrains\IntelliJ IDEA Community Edition 2024.1.4\lib\idea_rt.jar=49971:C:\Program Files\JetBrains\IntelliJ IDEA Community Edition 2024.1.4\bin -Dfile.encoding=UTF-8 -Dsun.stdout.encoding=UTF-8 -Dsun.stderr.encoding=UTF-8 com.example.WSM.WsmApplication

Host: 11th Gen Intel(R) Core(TM) i5-1135G7 @ 2.40GHz, 8 cores, 7G,  Windows 11 , 64 bit Build 22621 (10.0.22621.4830)
Time: Thu Aug 28 21:13:25 2025 Afr. centrale Ouest elapsed time: 11.690311 seconds (0d 0h 0m 11s)

---------------  T H R E A D  ---------------

Current thread (0x000002212d5eab10):  JavaThread "C2 CompilerThread0" daemon [_thread_in_native, id=8064, stack(0x0000006f36800000,0x0000006f36900000)]


Current CompileTask:
C2:  11690 6505       4       org.springframework.core.annotation.TypeMappedAnnotations::from (27 bytes)

Stack: [0x0000006f36800000,0x0000006f36900000]
Native frames: (J=compiled Java code, j=interpreted, Vv=VM code, C=native code)
V  [jvm.dll+0x6d034a]
V  [jvm.dll+0x880f10]
V  [jvm.dll+0x88289e]
V  [jvm.dll+0x882f43]
V  [jvm.dll+0x27b4bb]
V  [jvm.dll+0xdd792]
V  [jvm.dll+0xddb25]
V  [jvm.dll+0x2f2d72]
V  [jvm.dll+0x5d5c0f]
V  [jvm.dll+0x24fb5a]
V  [jvm.dll+0x248c6e]
V  [jvm.dll+0x246488]
V  [jvm.dll+0x1d4bb7]
V  [jvm.dll+0x25558a]
V  [jvm.dll+0x2538d7]
V  [jvm.dll+0x8342bd]
V  [jvm.dll+0x82e2fa]
V  [jvm.dll+0x6cf0d3]
C  [ucrtbase.dll+0x29333]
C  [KERNEL32.DLL+0x1259d]
C  [ntdll.dll+0x5af38]


---------------  P R O C E S S  ---------------

Threads class SMR info:
_java_thread_list=0x00000221333e7700, length=34, elements={
0x000002212d5db0e0, 0x000002212d5dbdc0, 0x000002212d5dfd50, 0x000002212d5e1780,
0x000002212d5e2940, 0x000002212d5e3b00, 0x000002212d5eab10, 0x000002212d5edd20,
0x000002212d5f3e60, 0x0000022132111620, 0x00000221324bfcb0, 0x00000221324c01f0,
0x0000022133a3c2a0, 0x000002213408bd50, 0x00000221339da1f0, 0x00000221339db1e0,
0x00000221339da740, 0x00000221339d9ca0, 0x000002213405d9f0, 0x000002213405c4b0,
0x0000022134062ef0, 0x0000022134063440, 0x000002213405ca00, 0x000002213405f480,
0x000002213405cf50, 0x000002213405ef30, 0x000002213405d4a0, 0x000002213405e9e0,
0x000002213405ba10, 0x00000221340629a0, 0x0000022134061f00, 0x0000022134062450,
0x000002213405bf60, 0x000002213405df40
}

Java Threads: ( => current thread )
  0x000002212d5db0e0 JavaThread "Reference Handler" daemon [_thread_blocked, id=11464, stack(0x0000006f36200000,0x0000006f36300000)]
  0x000002212d5dbdc0 JavaThread "Finalizer" daemon [_thread_blocked, id=23464, stack(0x0000006f36300000,0x0000006f36400000)]
  0x000002212d5dfd50 JavaThread "Signal Dispatcher" daemon [_thread_blocked, id=12184, stack(0x0000006f36400000,0x0000006f36500000)]
  0x000002212d5e1780 JavaThread "Attach Listener" daemon [_thread_blocked, id=1916, stack(0x0000006f36500000,0x0000006f36600000)]
  0x000002212d5e2940 JavaThread "Service Thread" daemon [_thread_blocked, id=7132, stack(0x0000006f36600000,0x0000006f36700000)]
  0x000002212d5e3b00 JavaThread "Monitor Deflation Thread" daemon [_thread_blocked, id=728, stack(0x0000006f36700000,0x0000006f36800000)]
=>0x000002212d5eab10 JavaThread "C2 CompilerThread0" daemon [_thread_in_native, id=8064, stack(0x0000006f36800000,0x0000006f36900000)]
  0x000002212d5edd20 JavaThread "C1 CompilerThread0" daemon [_thread_blocked, id=10452, stack(0x0000006f36900000,0x0000006f36a00000)]
  0x000002212d5f3e60 JavaThread "Sweeper thread" daemon [_thread_blocked, id=8708, stack(0x0000006f36a00000,0x0000006f36b00000)]
  0x0000022132111620 JavaThread "Common-Cleaner" daemon [_thread_blocked, id=10832, stack(0x0000006f36b00000,0x0000006f36c00000)]
  0x00000221324bfcb0 JavaThread "Monitor Ctrl-Break" daemon [_thread_in_native, id=15040, stack(0x0000006f36c00000,0x0000006f36d00000)]
  0x00000221324c01f0 JavaThread "Notification Thread" daemon [_thread_blocked, id=11468, stack(0x0000006f36d00000,0x0000006f36e00000)]
  0x0000022133a3c2a0 JavaThread "Catalina-utility-1" [_thread_blocked, id=11476, stack(0x0000006f37900000,0x0000006f37a00000)]
  0x000002213408bd50 JavaThread "Catalina-utility-2" [_thread_blocked, id=25436, stack(0x0000006f37a00000,0x0000006f37b00000)]
  0x00000221339da1f0 JavaThread "container-0" [_thread_blocked, id=14460, stack(0x0000006f37b00000,0x0000006f37c00000)]
  0x00000221339db1e0 JavaThread "BufferPoolPruner-1-thread-1" daemon [_thread_blocked, id=20432, stack(0x0000006f37c00000,0x0000006f37d00000)]
  0x00000221339da740 JavaThread "cluster-ClusterId{value='68b0b85fa487f9a4633c9964', description='null'}-localhost:27017" daemon [_thread_in_native, id=16624, stack(0x0000006f37d00000,0x0000006f37e00000)]
  0x00000221339d9ca0 JavaThread "cluster-rtt-ClusterId{value='68b0b85fa487f9a4633c9964', description='null'}-localhost:27017" daemon [_thread_blocked, id=24116, stack(0x0000006f37f00000,0x0000006f38000000)]
  0x000002213405d9f0 JavaThread "MaintenanceTimer-2-thread-1" daemon [_thread_blocked, id=14436, stack(0x0000006f38000000,0x0000006f38100000)]
  0x000002213405c4b0 JavaThread "Live Reload Server" daemon [_thread_in_native, id=15984, stack(0x0000006f38200000,0x0000006f38300000)]
  0x0000022134062ef0 JavaThread "File Watcher" daemon [_thread_blocked, id=5380, stack(0x0000006f38100000,0x0000006f38200000)]
  0x0000022134063440 JavaThread "http-nio-8080-exec-1" daemon [_thread_blocked, id=2232, stack(0x0000006f38300000,0x0000006f38400000)]
  0x000002213405ca00 JavaThread "http-nio-8080-exec-2" daemon [_thread_blocked, id=19584, stack(0x0000006f38400000,0x0000006f38500000)]
  0x000002213405f480 JavaThread "http-nio-8080-exec-3" daemon [_thread_blocked, id=3600, stack(0x0000006f38500000,0x0000006f38600000)]
  0x000002213405cf50 JavaThread "http-nio-8080-exec-4" daemon [_thread_blocked, id=10224, stack(0x0000006f38600000,0x0000006f38700000)]
  0x000002213405ef30 JavaThread "http-nio-8080-exec-5" daemon [_thread_blocked, id=26060, stack(0x0000006f38700000,0x0000006f38800000)]
  0x000002213405d4a0 JavaThread "http-nio-8080-exec-6" daemon [_thread_blocked, id=26904, stack(0x0000006f38800000,0x0000006f38900000)]
  0x000002213405e9e0 JavaThread "http-nio-8080-exec-7" daemon [_thread_blocked, id=28312, stack(0x0000006f38900000,0x0000006f38a00000)]
  0x000002213405ba10 JavaThread "http-nio-8080-exec-8" daemon [_thread_blocked, id=4252, stack(0x0000006f38a00000,0x0000006f38b00000)]
  0x00000221340629a0 JavaThread "http-nio-8080-exec-9" daemon [_thread_in_vm, id=27000, stack(0x0000006f38b00000,0x0000006f38c00000)]
  0x0000022134061f00 JavaThread "http-nio-8080-exec-10" daemon [_thread_blocked, id=13824, stack(0x0000006f38c00000,0x0000006f38d00000)]
  0x0000022134062450 JavaThread "http-nio-8080-Poller" daemon [_thread_in_native, id=9344, stack(0x0000006f38d00000,0x0000006f38e00000)]
  0x000002213405bf60 JavaThread "http-nio-8080-Acceptor" daemon [_thread_in_native, id=21864, stack(0x0000006f38e00000,0x0000006f38f00000)]
  0x000002213405df40 JavaThread "DestroyJavaVM" [_thread_blocked, id=6124, stack(0x0000006f35b00000,0x0000006f35c00000)]

Other Threads:
  0x000002212d5c19b0 VMThread "VM Thread" [stack: 0x0000006f36100000,0x0000006f36200000] [id=13116]
  0x0000022132485560 WatcherThread "VM Periodic Task Thread" [stack: 0x0000006f36e00000,0x0000006f36f00000] [id=20440]
  0x000002210f38a960 WorkerThread "GC Thread#0" [stack: 0x0000006f35c00000,0x0000006f35d00000] [id=1628]
  0x0000022132bc6420 WorkerThread "GC Thread#1" [stack: 0x0000006f37100000,0x0000006f37200000] [id=8564]
  0x0000022132bf7bc0 WorkerThread "GC Thread#2" [stack: 0x0000006f37200000,0x0000006f37300000] [id=740]
  0x0000022132bf8710 WorkerThread "GC Thread#3" [stack: 0x0000006f37300000,0x0000006f37400000] [id=9300]
  0x0000022132c149a0 WorkerThread "GC Thread#4" [stack: 0x0000006f37400000,0x0000006f37500000] [id=10936]
  0x0000022132c157b0 WorkerThread "GC Thread#5" [stack: 0x0000006f37500000,0x0000006f37600000] [id=17412]
  0x0000022132c14c70 WorkerThread "GC Thread#6" [stack: 0x0000006f37700000,0x0000006f37800000] [id=23500]
  0x0000022132c14130 WorkerThread "GC Thread#7" [stack: 0x0000006f37800000,0x0000006f37900000] [id=6668]
  0x000002210f39c300 ConcurrentGCThread "G1 Main Marker" [stack: 0x0000006f35d00000,0x0000006f35e00000] [id=3684]
  0x000002210f39d570 WorkerThread "G1 Conc#0" [stack: 0x0000006f35e00000,0x0000006f35f00000] [id=3396]
  0x0000022132c14400 WorkerThread "G1 Conc#1" [stack: 0x0000006f37600000,0x0000006f37700000] [id=6984]
  0x000002212d479430 ConcurrentGCThread "G1 Refine#0" [stack: 0x0000006f35f00000,0x0000006f36000000] [id=23008]
  0x000002210f3dda00 ConcurrentGCThread "G1 Service" [stack: 0x0000006f36000000,0x0000006f36100000] [id=19220]

Threads with active compile tasks:
C2 CompilerThread0    11811 6505       4       org.springframework.core.annotation.TypeMappedAnnotations::from (27 bytes)

VM state: not at safepoint (normal execution)

VM Mutex/Monitor currently owned by a thread: None

Heap address: 0x0000000084200000, size: 1982 MB, Compressed Oops mode: 32-bit

CDS archive(s) mapped at: [0x0000000800000000-0x0000000800c40000-0x0000000800c40000), size 12845056, SharedBaseAddress: 0x0000000800000000, ArchiveRelocationMode: 0.
Compressed class space mapped at: 0x0000000801000000-0x0000000841000000, reserved size: 1073741824
Narrow klass base: 0x0000000800000000, Narrow klass shift: 0, Narrow klass range: 0x100000000

GC Precious Log:
 CardTable entry size: 512
 Card Set container configuration: InlinePtr #cards 5 size 8 Array Of Cards #cards 12 size 40 Howl #buckets 4 coarsen threshold 1843 Howl Bitmap #cards 512 size 80 coarsen threshold 460 Card regions per heap region 1 cards per card region 2048
 CPUs: 8 total, 8 available
 Memory: 7926M
 Large Page Support: Disabled
 NUMA Support: Disabled
 Compressed Oops: Enabled (32-bit)
 Heap Region Size: 1M
 Heap Min Capacity: 8M
 Heap Initial Capacity: 124M
 Heap Max Capacity: 1982M
 Pre-touch: Disabled
 Parallel Workers: 8
 Concurrent Workers: 2
 Concurrent Refinement Workers: 8
 Periodic GC: Disabled

Heap:
 garbage-first heap   total 89088K, used 38559K [0x0000000084200000, 0x0000000100000000)
  region size 1024K, 18 young (18432K), 2 survivors (2048K)
 Metaspace       used 43371K, committed 44032K, reserved 1114112K
  class space    used 5465K, committed 5760K, reserved 1048576K

Heap Regions: E=young(eden), S=young(survivor), O=old, HS=humongous(starts), HC=humongous(continues), CS=collection set, F=free, OA=open archive, CA=closed archive, TAMS=top-at-mark-start (previous, next)
|   0|0x0000000084200000, 0x0000000084300000, 0x0000000084300000|100%| O|  |TAMS 0x0000000084300000, 0x0000000084200000| Untracked 
|   1|0x0000000084300000, 0x0000000084400000, 0x0000000084400000|100%| O|  |TAMS 0x0000000084400000, 0x0000000084300000| Untracked 
|   2|0x0000000084400000, 0x0000000084500000, 0x0000000084500000|100%| O|  |TAMS 0x0000000084500000, 0x0000000084400000| Untracked 
|   3|0x0000000084500000, 0x0000000084600000, 0x0000000084600000|100%| O|  |TAMS 0x0000000084600000, 0x0000000084500000| Untracked 
|   4|0x0000000084600000, 0x0000000084700000, 0x0000000084700000|100%| O|  |TAMS 0x0000000084700000, 0x0000000084600000| Untracked 
|   5|0x0000000084700000, 0x0000000084800000, 0x0000000084800000|100%| O|  |TAMS 0x0000000084800000, 0x0000000084700000| Untracked 
|   6|0x0000000084800000, 0x0000000084900000, 0x0000000084900000|100%| O|  |TAMS 0x0000000084800000, 0x0000000084800000| Untracked 
|   7|0x0000000084900000, 0x0000000084a00000, 0x0000000084a00000|100%| O|  |TAMS 0x0000000084a00000, 0x0000000084900000| Untracked 
|   8|0x0000000084a00000, 0x0000000084b00000, 0x0000000084b00000|100%| O|  |TAMS 0x0000000084b00000, 0x0000000084a00000| Untracked 
|   9|0x0000000084b00000, 0x0000000084c00000, 0x0000000084c00000|100%| O|  |TAMS 0x0000000084c00000, 0x0000000084b00000| Untracked 
|  10|0x0000000084c00000, 0x0000000084d00000, 0x0000000084d00000|100%| O|  |TAMS 0x0000000084d00000, 0x0000000084c00000| Untracked 
|  11|0x0000000084d00000, 0x0000000084e00000, 0x0000000084e00000|100%| O|  |TAMS 0x0000000084e00000, 0x0000000084d00000| Untracked 
|  12|0x0000000084e00000, 0x0000000084f00000, 0x0000000084f00000|100%| O|  |TAMS 0x0000000084f00000, 0x0000000084e00000| Untracked 
|  13|0x0000000084f00000, 0x0000000085000000, 0x0000000085000000|100%| O|  |TAMS 0x0000000085000000, 0x0000000084f00000| Untracked 
|  14|0x0000000085000000, 0x0000000085100000, 0x0000000085100000|100%| O|  |TAMS 0x0000000085100000, 0x0000000085000000| Untracked 
|  15|0x0000000085100000, 0x0000000085200000, 0x0000000085200000|100%| O|  |TAMS 0x0000000085200000, 0x0000000085100000| Untracked 
|  16|0x0000000085200000, 0x0000000085200000, 0x0000000085300000|  0%| F|  |TAMS 0x0000000085200000, 0x0000000085200000| Untracked 
|  17|0x0000000085300000, 0x0000000085400000, 0x0000000085400000|100%| O|  |TAMS 0x0000000085300000, 0x0000000085300000| Untracked 
|  18|0x0000000085400000, 0x0000000085500000, 0x0000000085500000|100%| O|  |TAMS 0x0000000085400000, 0x0000000085400000| Untracked 
|  19|0x0000000085500000, 0x0000000085600000, 0x0000000085600000|100%| O|  |TAMS 0x0000000085500000, 0x0000000085500000| Untracked 
|  20|0x0000000085600000, 0x0000000085700000, 0x0000000085700000|100%| O|  |TAMS 0x0000000085600000, 0x0000000085600000| Untracked 
|  21|0x0000000085700000, 0x00000000857ee800, 0x0000000085800000| 93%| O|  |TAMS 0x0000000085700000, 0x0000000085700000| Untracked 
|  22|0x0000000085800000, 0x0000000085800000, 0x0000000085900000|  0%| F|  |TAMS 0x0000000085800000, 0x0000000085800000| Untracked 
|  23|0x0000000085900000, 0x0000000085900000, 0x0000000085a00000|  0%| F|  |TAMS 0x0000000085900000, 0x0000000085900000| Untracked 
|  24|0x0000000085a00000, 0x0000000085a00000, 0x0000000085b00000|  0%| F|  |TAMS 0x0000000085a00000, 0x0000000085a00000| Untracked 
|  25|0x0000000085b00000, 0x0000000085b00000, 0x0000000085c00000|  0%| F|  |TAMS 0x0000000085b00000, 0x0000000085b00000| Untracked 
|  26|0x0000000085c00000, 0x0000000085c00000, 0x0000000085d00000|  0%| F|  |TAMS 0x0000000085c00000, 0x0000000085c00000| Untracked 
|  27|0x0000000085d00000, 0x0000000085d00000, 0x0000000085e00000|  0%| F|  |TAMS 0x0000000085d00000, 0x0000000085d00000| Untracked 
|  28|0x0000000085e00000, 0x0000000085e00000, 0x0000000085f00000|  0%| F|  |TAMS 0x0000000085e00000, 0x0000000085e00000| Untracked 
|  29|0x0000000085f00000, 0x0000000085f00000, 0x0000000086000000|  0%| F|  |TAMS 0x0000000085f00000, 0x0000000085f00000| Untracked 
|  30|0x0000000086000000, 0x00000000860b95c0, 0x0000000086100000| 72%| S|CS|TAMS 0x0000000086000000, 0x0000000086000000| Complete 
|  31|0x0000000086100000, 0x0000000086200000, 0x0000000086200000|100%| S|CS|TAMS 0x0000000086100000, 0x0000000086100000| Complete 
|  32|0x0000000086200000, 0x0000000086200000, 0x0000000086300000|  0%| F|  |TAMS 0x0000000086200000, 0x0000000086200000| Untracked 
|  33|0x0000000086300000, 0x0000000086300000, 0x0000000086400000|  0%| F|  |TAMS 0x0000000086300000, 0x0000000086300000| Untracked 
|  34|0x0000000086400000, 0x0000000086400000, 0x0000000086500000|  0%| F|  |TAMS 0x0000000086400000, 0x0000000086400000| Untracked 
|  35|0x0000000086500000, 0x0000000086500000, 0x0000000086600000|  0%| F|  |TAMS 0x0000000086500000, 0x0000000086500000| Untracked 
|  36|0x0000000086600000, 0x0000000086600000, 0x0000000086700000|  0%| F|  |TAMS 0x0000000086600000, 0x0000000086600000| Untracked 
|  37|0x0000000086700000, 0x0000000086700000, 0x0000000086800000|  0%| F|  |TAMS 0x0000000086700000, 0x0000000086700000| Untracked 
|  38|0x0000000086800000, 0x0000000086800000, 0x0000000086900000|  0%| F|  |TAMS 0x0000000086800000, 0x0000000086800000| Untracked 
|  39|0x0000000086900000, 0x0000000086900000, 0x0000000086a00000|  0%| F|  |TAMS 0x0000000086900000, 0x0000000086900000| Untracked 
|  40|0x0000000086a00000, 0x0000000086a00000, 0x0000000086b00000|  0%| F|  |TAMS 0x0000000086a00000, 0x0000000086a00000| Untracked 
|  41|0x0000000086b00000, 0x0000000086b00000, 0x0000000086c00000|  0%| F|  |TAMS 0x0000000086b00000, 0x0000000086b00000| Untracked 
|  42|0x0000000086c00000, 0x0000000086c00000, 0x0000000086d00000|  0%| F|  |TAMS 0x0000000086c00000, 0x0000000086c00000| Untracked 
|  43|0x0000000086d00000, 0x0000000086d00000, 0x0000000086e00000|  0%| F|  |TAMS 0x0000000086d00000, 0x0000000086d00000| Untracked 
|  44|0x0000000086e00000, 0x0000000086e00000, 0x0000000086f00000|  0%| F|  |TAMS 0x0000000086e00000, 0x0000000086e00000| Untracked 
|  45|0x0000000086f00000, 0x0000000086f00000, 0x0000000087000000|  0%| F|  |TAMS 0x0000000086f00000, 0x0000000086f00000| Untracked 
|  46|0x0000000087000000, 0x0000000087000000, 0x0000000087100000|  0%| F|  |TAMS 0x0000000087000000, 0x0000000087000000| Untracked 
|  47|0x0000000087100000, 0x0000000087100000, 0x0000000087200000|  0%| F|  |TAMS 0x0000000087100000, 0x0000000087100000| Untracked 
|  48|0x0000000087200000, 0x0000000087200000, 0x0000000087300000|  0%| F|  |TAMS 0x0000000087200000, 0x0000000087200000| Untracked 
|  49|0x0000000087300000, 0x0000000087300000, 0x0000000087400000|  0%| F|  |TAMS 0x0000000087300000, 0x0000000087300000| Untracked 
|  50|0x0000000087400000, 0x0000000087400000, 0x0000000087500000|  0%| F|  |TAMS 0x0000000087400000, 0x0000000087400000| Untracked 
|  51|0x0000000087500000, 0x0000000087500000, 0x0000000087600000|  0%| F|  |TAMS 0x0000000087500000, 0x0000000087500000| Untracked 
|  52|0x0000000087600000, 0x0000000087600000, 0x0000000087700000|  0%| F|  |TAMS 0x0000000087600000, 0x0000000087600000| Untracked 
|  53|0x0000000087700000, 0x0000000087700000, 0x0000000087800000|  0%| F|  |TAMS 0x0000000087700000, 0x0000000087700000| Untracked 
|  54|0x0000000087800000, 0x0000000087800000, 0x0000000087900000|  0%| F|  |TAMS 0x0000000087800000, 0x0000000087800000| Untracked 
|  55|0x0000000087900000, 0x0000000087900000, 0x0000000087a00000|  0%| F|  |TAMS 0x0000000087900000, 0x0000000087900000| Untracked 
|  56|0x0000000087a00000, 0x0000000087a00000, 0x0000000087b00000|  0%| F|  |TAMS 0x0000000087a00000, 0x0000000087a00000| Untracked 
|  57|0x0000000087b00000, 0x0000000087b00000, 0x0000000087c00000|  0%| F|  |TAMS 0x0000000087b00000, 0x0000000087b00000| Untracked 
|  58|0x0000000087c00000, 0x0000000087c00000, 0x0000000087d00000|  0%| F|  |TAMS 0x0000000087c00000, 0x0000000087c00000| Untracked 
|  59|0x0000000087d00000, 0x0000000087d00000, 0x0000000087e00000|  0%| F|  |TAMS 0x0000000087d00000, 0x0000000087d00000| Untracked 
|  60|0x0000000087e00000, 0x0000000087e00000, 0x0000000087f00000|  0%| F|  |TAMS 0x0000000087e00000, 0x0000000087e00000| Untracked 
|  61|0x0000000087f00000, 0x0000000087f00000, 0x0000000088000000|  0%| F|  |TAMS 0x0000000087f00000, 0x0000000087f00000| Untracked 
|  62|0x0000000088000000, 0x0000000088000000, 0x0000000088100000|  0%| F|  |TAMS 0x0000000088000000, 0x0000000088000000| Untracked 
|  63|0x0000000088100000, 0x0000000088100000, 0x0000000088200000|  0%| F|  |TAMS 0x0000000088100000, 0x0000000088100000| Untracked 
|  64|0x0000000088200000, 0x0000000088200000, 0x0000000088300000|  0%| F|  |TAMS 0x0000000088200000, 0x0000000088200000| Untracked 
|  65|0x0000000088300000, 0x0000000088300000, 0x0000000088400000|  0%| F|  |TAMS 0x0000000088300000, 0x0000000088300000| Untracked 
|  66|0x0000000088400000, 0x0000000088400000, 0x0000000088500000|  0%| F|  |TAMS 0x0000000088400000, 0x0000000088400000| Untracked 
|  67|0x0000000088500000, 0x0000000088500000, 0x0000000088600000|  0%| F|  |TAMS 0x0000000088500000, 0x0000000088500000| Untracked 
|  68|0x0000000088600000, 0x0000000088600000, 0x0000000088700000|  0%| F|  |TAMS 0x0000000088600000, 0x0000000088600000| Untracked 
|  69|0x0000000088700000, 0x0000000088700000, 0x0000000088800000|  0%| F|  |TAMS 0x0000000088700000, 0x0000000088700000| Untracked 
|  70|0x0000000088800000, 0x0000000088800000, 0x0000000088900000|  0%| F|  |TAMS 0x0000000088800000, 0x0000000088800000| Untracked 
|  71|0x0000000088900000, 0x000000008899e0a8, 0x0000000088a00000| 61%| E|  |TAMS 0x0000000088900000, 0x0000000088900000| Complete 
|  72|0x0000000088a00000, 0x0000000088b00000, 0x0000000088b00000|100%| E|CS|TAMS 0x0000000088a00000, 0x0000000088a00000| Complete 
|  73|0x0000000088b00000, 0x0000000088c00000, 0x0000000088c00000|100%| E|CS|TAMS 0x0000000088b00000, 0x0000000088b00000| Complete 
|  74|0x0000000088c00000, 0x0000000088d00000, 0x0000000088d00000|100%| E|CS|TAMS 0x0000000088c00000, 0x0000000088c00000| Complete 
|  75|0x0000000088d00000, 0x0000000088e00000, 0x0000000088e00000|100%| E|CS|TAMS 0x0000000088d00000, 0x0000000088d00000| Complete 
|  76|0x0000000088e00000, 0x0000000088f00000, 0x0000000088f00000|100%| E|CS|TAMS 0x0000000088e00000, 0x0000000088e00000| Complete 
|  77|0x0000000088f00000, 0x0000000089000000, 0x0000000089000000|100%| E|CS|TAMS 0x0000000088f00000, 0x0000000088f00000| Complete 
|  78|0x0000000089000000, 0x0000000089100000, 0x0000000089100000|100%| E|CS|TAMS 0x0000000089000000, 0x0000000089000000| Complete 
|  79|0x0000000089100000, 0x0000000089200000, 0x0000000089200000|100%| E|CS|TAMS 0x0000000089100000, 0x0000000089100000| Complete 
|  80|0x0000000089200000, 0x0000000089300000, 0x0000000089300000|100%| E|CS|TAMS 0x0000000089200000, 0x0000000089200000| Complete 
|  81|0x0000000089300000, 0x0000000089400000, 0x0000000089400000|100%| E|CS|TAMS 0x0000000089300000, 0x0000000089300000| Complete 
|  82|0x0000000089400000, 0x0000000089500000, 0x0000000089500000|100%| E|CS|TAMS 0x0000000089400000, 0x0000000089400000| Complete 
|  83|0x0000000089500000, 0x0000000089600000, 0x0000000089600000|100%| E|CS|TAMS 0x0000000089500000, 0x0000000089500000| Complete 
|  84|0x0000000089600000, 0x0000000089700000, 0x0000000089700000|100%| E|CS|TAMS 0x0000000089600000, 0x0000000089600000| Complete 
|  85|0x0000000089700000, 0x0000000089800000, 0x0000000089800000|100%| E|CS|TAMS 0x0000000089700000, 0x0000000089700000| Complete 
| 123|0x000000008bd00000, 0x000000008be00000, 0x000000008be00000|100%| E|CS|TAMS 0x000000008bd00000, 0x000000008bd00000| Complete 

Card table byte_map: [0x0000022126c10000,0x0000022126ff0000] _byte_map_base: 0x00000221267ef000

Marking Bits (Prev, Next): (CMBitMap*) 0x000002210f38bfa0, (CMBitMap*) 0x000002210f38bfe0
 Prev Bits: [0x00000221273d0000, 0x00000221292c8000)
 Next Bits: [0x00000221292d0000, 0x000002212b1c8000)

Polling page: 0x000002210eae0000

Metaspace:

Usage:
  Non-class:     37.02 MB used.
      Class:      5.34 MB used.
       Both:     42.36 MB used.

Virtual space:
  Non-class space:       64.00 MB reserved,      37.38 MB ( 58%) committed,  1 nodes.
      Class space:        1.00 GB reserved,       5.63 MB ( <1%) committed,  1 nodes.
             Both:        1.06 GB reserved,      43.00 MB (  4%) committed. 

Chunk freelists:
   Non-Class:  2.42 MB
       Class:  2.41 MB
        Both:  4.83 MB

MaxMetaspaceSize: unlimited
CompressedClassSpaceSize: 1.00 GB
Initial GC threshold: 21.00 MB
Current GC threshold: 58.69 MB
CDS: on
MetaspaceReclaimPolicy: balanced
 - commit_granule_bytes: 65536.
 - commit_granule_words: 8192.
 - virtual_space_node_default_size: 8388608.
 - enlarge_chunks_in_place: 1.
 - new_chunks_are_fully_committed: 0.
 - uncommit_free_chunks: 1.
 - use_allocation_guard: 0.


Internal statistics:

num_allocs_failed_limit: 6.
num_arena_births: 856.
num_arena_deaths: 0.
num_vsnodes_births: 2.
num_vsnodes_deaths: 0.
num_space_committed: 688.
num_space_uncommitted: 0.
num_chunks_returned_to_freelist: 6.
num_chunks_taken_from_freelist: 2422.
num_chunk_merges: 6.
num_chunk_splits: 1696.
num_chunks_enlarged: 1326.
num_inconsistent_stats: 0.

CodeHeap 'non-profiled nmethods': size=120000Kb used=2446Kb max_used=3017Kb free=117553Kb
 bounds [0x000002211efd0000, 0x000002211f2d0000, 0x0000022126500000]
CodeHeap 'profiled nmethods': size=120000Kb used=11100Kb max_used=12577Kb free=108900Kb
 bounds [0x0000022117500000, 0x0000022118150000, 0x000002211ea30000]
CodeHeap 'non-nmethods': size=5760Kb used=1370Kb max_used=1411Kb free=4389Kb
 bounds [0x000002211ea30000, 0x000002211eca0000, 0x000002211efd0000]
 total_blobs=6503 nmethods=5912 adapters=501
 compilation: enabled
              stopped_count=0, restarted_count=0
 full_count=0

Compilation events (20 events):
Event: 11.666 Thread 0x000002212d5edd20 nmethod 6652 0x0000022117891610 code [0x0000022117891860, 0x0000022117892008]
Event: 11.666 Thread 0x000002212d5edd20 6657       3       java.util.regex.Matcher::appendExpandedReplacement (510 bytes)
Event: 11.672 Thread 0x000002212d5edd20 nmethod 6657 0x0000022117679090 code [0x0000022117679820, 0x000002211767dd08]
Event: 11.672 Thread 0x000002212d5edd20 6659       3       org.bson.BsonBinaryReader::doReadStartDocument (55 bytes)
Event: 11.673 Thread 0x000002212d5edd20 nmethod 6659 0x0000022117912110 code [0x0000022117912340, 0x0000022117912e98]
Event: 11.673 Thread 0x000002212d5edd20 6654       3       java.util.regex.Pattern::compile (10 bytes)
Event: 11.673 Thread 0x000002212d5edd20 nmethod 6654 0x0000022118005e90 code [0x0000022118006040, 0x00000221180061e8]
Event: 11.673 Thread 0x000002212d5edd20 6649       3       org.springframework.util.StringUtils::toStringArray (18 bytes)
Event: 11.674 Thread 0x000002212d5edd20 nmethod 6649 0x0000022117589f90 code [0x000002211758a220, 0x000002211758b138]
Event: 11.674 Thread 0x000002212d5edd20 6660       3       org.springframework.http.HttpHeaders::<init> (20 bytes)
Event: 11.674 Thread 0x000002212d5edd20 nmethod 6660 0x000002211778d490 code [0x000002211778d680, 0x000002211778dab8]
Event: 11.674 Thread 0x000002212d5edd20 6651       3       java.util.concurrent.locks.AbstractQueuedSynchronizer$Node::<init> (5 bytes)
Event: 11.674 Thread 0x000002212d5edd20 nmethod 6651 0x000002211770e690 code [0x000002211770e840, 0x000002211770e998]
Event: 11.674 Thread 0x000002212d5edd20 6647       3       org.bson.codecs.BsonArrayCodec::<init> (18 bytes)
Event: 11.675 Thread 0x000002212d5edd20 nmethod 6647 0x0000022117657c10 code [0x0000022117657e40, 0x0000022117658548]
Event: 11.675 Thread 0x000002212d5edd20 6658   !   3       java.util.regex.Pattern::<init> (144 bytes)
Event: 11.676 Thread 0x000002212d5edd20 nmethod 6658 0x0000022117fc6e90 code [0x0000022117fc7180, 0x0000022117fc81e8]
Event: 11.676 Thread 0x000002212d5edd20 6656       3       com.mongodb.internal.session.ServerSessionPool$$Lambda$883/0x00000008013f48b8::millis (4 bytes)
Event: 11.676 Thread 0x000002212d5edd20 nmethod 6656 0x0000022117811410 code [0x00000221178115a0, 0x00000221178116d8]
Event: 11.683 Thread 0x000002212d5edd20 6661   !   3       sun.nio.ch.SocketChannelImpl::read (318 bytes)

GC Heap History (20 events):
Event: 2.375 GC heap before
{Heap before GC invocations=1 (full 0):
 garbage-first heap   total 126976K, used 35302K [0x0000000084200000, 0x0000000100000000)
  region size 1024K, 32 young (32768K), 3 survivors (3072K)
 Metaspace       used 13134K, committed 13504K, reserved 1114112K
  class space    used 1550K, committed 1728K, reserved 1048576K
}
Event: 2.385 GC heap after
{Heap after GC invocations=2 (full 0):
 garbage-first heap   total 126976K, used 9820K [0x0000000084200000, 0x0000000100000000)
  region size 1024K, 3 young (3072K), 3 survivors (3072K)
 Metaspace       used 13134K, committed 13504K, reserved 1114112K
  class space    used 1550K, committed 1728K, reserved 1048576K
}
Event: 3.990 GC heap before
{Heap before GC invocations=2 (full 0):
 garbage-first heap   total 126976K, used 53852K [0x0000000084200000, 0x0000000100000000)
  region size 1024K, 48 young (49152K), 3 survivors (3072K)
 Metaspace       used 21124K, committed 21504K, reserved 1114112K
  class space    used 2548K, committed 2752K, reserved 1048576K
}
Event: 4.002 GC heap after
{Heap after GC invocations=3 (full 0):
 garbage-first heap   total 126976K, used 13242K [0x0000000084200000, 0x0000000100000000)
  region size 1024K, 7 young (7168K), 7 survivors (7168K)
 Metaspace       used 21124K, committed 21504K, reserved 1114112K
  class space    used 2548K, committed 2752K, reserved 1048576K
}
Event: 5.036 GC heap before
{Heap before GC invocations=4 (full 0):
 garbage-first heap   total 51200K, used 36794K [0x0000000084200000, 0x0000000100000000)
  region size 1024K, 30 young (30720K), 7 survivors (7168K)
 Metaspace       used 25812K, committed 26240K, reserved 1114112K
  class space    used 3199K, committed 3392K, reserved 1048576K
}
Event: 5.046 GC heap after
{Heap after GC invocations=5 (full 0):
 garbage-first heap   total 51200K, used 15893K [0x0000000084200000, 0x0000000100000000)
  region size 1024K, 3 young (3072K), 3 survivors (3072K)
 Metaspace       used 25812K, committed 26240K, reserved 1114112K
  class space    used 3199K, committed 3392K, reserved 1048576K
}
Event: 5.077 GC heap before
{Heap before GC invocations=5 (full 0):
 garbage-first heap   total 51200K, used 16917K [0x0000000084200000, 0x0000000100000000)
  region size 1024K, 4 young (4096K), 3 survivors (3072K)
 Metaspace       used 25991K, committed 26368K, reserved 1114112K
  class space    used 3220K, committed 3392K, reserved 1048576K
}
Event: 5.082 GC heap after
{Heap after GC invocations=6 (full 0):
 garbage-first heap   total 51200K, used 16457K [0x0000000084200000, 0x0000000100000000)
  region size 1024K, 1 young (1024K), 1 survivors (1024K)
 Metaspace       used 25991K, committed 26368K, reserved 1114112K
  class space    used 3220K, committed 3392K, reserved 1048576K
}
Event: 5.866 GC heap before
{Heap before GC invocations=6 (full 0):
 garbage-first heap   total 51200K, used 33865K [0x0000000084200000, 0x0000000100000000)
  region size 1024K, 19 young (19456K), 1 survivors (1024K)
 Metaspace       used 30127K, committed 30656K, reserved 1114112K
  class space    used 3728K, committed 3968K, reserved 1048576K
}
Event: 5.871 GC heap after
{Heap after GC invocations=7 (full 0):
 garbage-first heap   total 51200K, used 17367K [0x0000000084200000, 0x0000000100000000)
  region size 1024K, 2 young (2048K), 2 survivors (2048K)
 Metaspace       used 30127K, committed 30656K, reserved 1114112K
  class space    used 3728K, committed 3968K, reserved 1048576K
}
Event: 6.537 GC heap before
{Heap before GC invocations=7 (full 0):
 garbage-first heap   total 51200K, used 34775K [0x0000000084200000, 0x0000000100000000)
  region size 1024K, 20 young (20480K), 2 survivors (2048K)
 Metaspace       used 34032K, committed 34560K, reserved 1114112K
  class space    used 4346K, committed 4608K, reserved 1048576K
}
Event: 6.540 GC heap after
{Heap after GC invocations=8 (full 0):
 garbage-first heap   total 51200K, used 19225K [0x0000000084200000, 0x0000000100000000)
  region size 1024K, 3 young (3072K), 3 survivors (3072K)
 Metaspace       used 34032K, committed 34560K, reserved 1114112K
  class space    used 4346K, committed 4608K, reserved 1048576K
}
Event: 6.994 GC heap before
{Heap before GC invocations=8 (full 0):
 garbage-first heap   total 51200K, used 27417K [0x0000000084200000, 0x0000000100000000)
  region size 1024K, 12 young (12288K), 3 survivors (3072K)
 Metaspace       used 35421K, committed 35968K, reserved 1114112K
  class space    used 4528K, committed 4800K, reserved 1048576K
}
Event: 7.000 GC heap after
{Heap after GC invocations=9 (full 0):
 garbage-first heap   total 51200K, used 20506K [0x0000000084200000, 0x0000000100000000)
  region size 1024K, 2 young (2048K), 2 survivors (2048K)
 Metaspace       used 35421K, committed 35968K, reserved 1114112K
  class space    used 4528K, committed 4800K, reserved 1048576K
}
Event: 10.258 GC heap before
{Heap before GC invocations=10 (full 0):
 garbage-first heap   total 51200K, used 36890K [0x0000000084200000, 0x0000000100000000)
  region size 1024K, 19 young (19456K), 2 survivors (2048K)
 Metaspace       used 38574K, committed 39232K, reserved 1114112K
  class space    used 4951K, committed 5248K, reserved 1048576K
}
Event: 10.262 GC heap after
{Heap after GC invocations=11 (full 0):
 garbage-first heap   total 51200K, used 22047K [0x0000000084200000, 0x0000000100000000)
  region size 1024K, 3 young (3072K), 3 survivors (3072K)
 Metaspace       used 38574K, committed 39232K, reserved 1114112K
  class space    used 4951K, committed 5248K, reserved 1048576K
}
Event: 10.301 GC heap before
{Heap before GC invocations=11 (full 0):
 garbage-first heap   total 51200K, used 23071K [0x0000000084200000, 0x0000000100000000)
  region size 1024K, 4 young (4096K), 3 survivors (3072K)
 Metaspace       used 38881K, committed 39488K, reserved 1114112K
  class space    used 4984K, committed 5248K, reserved 1048576K
}
Event: 10.305 GC heap after
{Heap after GC invocations=12 (full 0):
 garbage-first heap   total 51200K, used 21886K [0x0000000084200000, 0x0000000100000000)
  region size 1024K, 1 young (1024K), 1 survivors (1024K)
 Metaspace       used 38881K, committed 39488K, reserved 1114112K
  class space    used 4984K, committed 5248K, reserved 1048576K
}
Event: 10.972 GC heap before
{Heap before GC invocations=12 (full 0):
 garbage-first heap   total 51200K, used 38270K [0x0000000084200000, 0x0000000100000000)
  region size 1024K, 18 young (18432K), 1 survivors (1024K)
 Metaspace       used 42511K, committed 43200K, reserved 1114112K
  class space    used 5461K, committed 5760K, reserved 1048576K
}
Event: 10.976 GC heap after
{Heap after GC invocations=13 (full 0):
 garbage-first heap   total 89088K, used 23199K [0x0000000084200000, 0x0000000100000000)
  region size 1024K, 2 young (2048K), 2 survivors (2048K)
 Metaspace       used 42511K, committed 43200K, reserved 1114112K
  class space    used 5461K, committed 5760K, reserved 1048576K
}

Dll operation events (14 events):
Event: 0.024 Loaded shared library C:\Users\Ritej\.jdks\corretto-19.0.2\bin\java.dll
Event: 0.046 Loaded shared library C:\Users\Ritej\.jdks\corretto-19.0.2\bin\jsvml.dll
Event: 0.280 Loaded shared library C:\Users\Ritej\.jdks\corretto-19.0.2\bin\zip.dll
Event: 0.289 Loaded shared library C:\Users\Ritej\.jdks\corretto-19.0.2\bin\instrument.dll
Event: 0.303 Loaded shared library C:\Users\Ritej\.jdks\corretto-19.0.2\bin\net.dll
Event: 0.309 Loaded shared library C:\Users\Ritej\.jdks\corretto-19.0.2\bin\nio.dll
Event: 0.323 Loaded shared library C:\Users\Ritej\.jdks\corretto-19.0.2\bin\zip.dll
Event: 0.603 Loaded shared library C:\Program Files\JetBrains\IntelliJ IDEA Community Edition 2024.1.4\bin\breakgen64.dll
Event: 0.650 Loaded shared library C:\Users\Ritej\.jdks\corretto-19.0.2\bin\extnet.dll
Event: 0.757 Loaded shared library C:\Users\Ritej\.jdks\corretto-19.0.2\bin\jimage.dll
Event: 1.203 Loaded shared library C:\Users\Ritej\.jdks\corretto-19.0.2\bin\management.dll
Event: 1.212 Loaded shared library C:\Users\Ritej\.jdks\corretto-19.0.2\bin\management_ext.dll
Event: 2.885 Loaded shared library C:\Users\Ritej\.jdks\corretto-19.0.2\bin\sunmscapi.dll
Event: 10.586 Loaded shared library C:\Users\Ritej\.jdks\corretto-19.0.2\bin\verify.dll

Deoptimization events (20 events):
Event: 10.838 Thread 0x000002213405f480 Uncommon trap: trap_request=0xffffff54 fr.pc=0x000002211f1a28d8 relative=0x0000000000000fb8
Event: 10.838 Thread 0x000002213405d4a0 Uncommon trap: trap_request=0xffffff54 fr.pc=0x000002211f1a28d8 relative=0x0000000000000fb8
Event: 10.838 Thread 0x000002213405ef30 Uncommon trap: trap_request=0xffffff54 fr.pc=0x000002211f1a28d8 relative=0x0000000000000fb8
Event: 10.838 Thread 0x000002213405ef30 Uncommon trap: reason=speculate_null_assert action=make_not_entrant pc=0x000002211f1a28d8 method=java.lang.invoke.MethodType$ConcurrentWeakInternSet.add(Ljava/lang/Object;)Ljava/lang/Object; @ 47 c2
Event: 10.838 Thread 0x000002213405cf50 Uncommon trap: trap_request=0xffffff54 fr.pc=0x000002211f1a28d8 relative=0x0000000000000fb8
Event: 10.838 Thread 0x000002213405ef30 DEOPT PACKING pc=0x000002211f1a28d8 sp=0x0000006f387fc830
Event: 10.838 Thread 0x000002213405cf50 Uncommon trap: reason=speculate_null_assert action=make_not_entrant pc=0x000002211f1a28d8 method=java.lang.invoke.MethodType$ConcurrentWeakInternSet.add(Ljava/lang/Object;)Ljava/lang/Object; @ 47 c2
Event: 10.838 Thread 0x000002213405ef30 DEOPT UNPACKING pc=0x000002211ea9a5a3 sp=0x0000006f387fc7d8 mode 2
Event: 10.838 Thread 0x000002213405f480 Uncommon trap: reason=speculate_null_assert action=make_not_entrant pc=0x000002211f1a28d8 method=java.lang.invoke.MethodType$ConcurrentWeakInternSet.add(Ljava/lang/Object;)Ljava/lang/Object; @ 47 c2
Event: 10.838 Thread 0x000002213405d4a0 Uncommon trap: reason=speculate_null_assert action=make_not_entrant pc=0x000002211f1a28d8 method=java.lang.invoke.MethodType$ConcurrentWeakInternSet.add(Ljava/lang/Object;)Ljava/lang/Object; @ 47 c2
Event: 10.838 Thread 0x000002213405cf50 DEOPT PACKING pc=0x000002211f1a28d8 sp=0x0000006f386fc390
Event: 10.838 Thread 0x000002213405cf50 DEOPT UNPACKING pc=0x000002211ea9a5a3 sp=0x0000006f386fc338 mode 2
Event: 10.838 Thread 0x000002213405f480 DEOPT PACKING pc=0x000002211f1a28d8 sp=0x0000006f385fc2d0
Event: 10.838 Thread 0x000002213405d4a0 DEOPT PACKING pc=0x000002211f1a28d8 sp=0x0000006f388fc340
Event: 10.838 Thread 0x000002213405f480 DEOPT UNPACKING pc=0x000002211ea9a5a3 sp=0x0000006f385fc278 mode 2
Event: 10.838 Thread 0x000002213405d4a0 DEOPT UNPACKING pc=0x000002211ea9a5a3 sp=0x0000006f388fc2e8 mode 2
Event: 11.088 Thread 0x000002213405cf50 DEOPT PACKING pc=0x0000022117fab7a1 sp=0x0000006f386ff1e0
Event: 11.088 Thread 0x000002213405cf50 DEOPT UNPACKING pc=0x000002211ea9b0e3 sp=0x0000006f386fe720 mode 0
Event: 11.661 Thread 0x000002213405cf50 DEOPT PACKING pc=0x0000022118035b1d sp=0x0000006f386fefd0
Event: 11.661 Thread 0x000002213405cf50 DEOPT UNPACKING pc=0x000002211ea9b0e3 sp=0x0000006f386fe4b8 mode 0

Classes loaded (20 events):
Event: 10.648 Loading class java/lang/foreign/Addressable done
Event: 10.648 Loading class java/lang/foreign/MemorySegment done
Event: 10.666 Loading class java/util/OptionalLong
Event: 10.666 Loading class java/util/OptionalLong done
Event: 10.667 Loading class java/util/OptionalDouble
Event: 10.667 Loading class java/util/OptionalDouble done
Event: 10.676 Loading class java/util/AbstractMap$SimpleEntry
Event: 10.676 Loading class java/util/AbstractMap$SimpleEntry done
Event: 10.706 Loading class java/util/stream/LongStream
Event: 10.706 Loading class java/util/stream/LongStream done
Event: 10.706 Loading class java/util/stream/DoubleStream
Event: 10.706 Loading class java/util/stream/DoubleStream done
Event: 10.731 Loading class org/w3c/dom/Node
Event: 10.732 Loading class org/w3c/dom/Node done
Event: 10.732 Loading class org/w3c/dom/Document
Event: 10.733 Loading class org/w3c/dom/Document done
Event: 10.814 Loading class java/util/concurrent/locks/ReentrantReadWriteLock$Sync$HoldCounter
Event: 10.814 Loading class java/util/concurrent/locks/ReentrantReadWriteLock$Sync$HoldCounter done
Event: 10.913 Loading class java/util/concurrent/atomic/Striped64$Cell
Event: 10.913 Loading class java/util/concurrent/atomic/Striped64$Cell done

Classes unloaded (0 events):
No events

Classes redefined (0 events):
No events

Internal exceptions (20 events):
Event: 6.807 Thread 0x0000022132b7d3f0 Exception <a 'java/lang/NoSuchMethodError'{0x000000008895e5d0}: 'java.lang.Object java.lang.invoke.DirectMethodHandle$Holder.newInvokeSpecial(java.lang.Object, java.lang.Object, java.lang.Object, java.lang.Object, java.lang.Object, java.lang.Object, java.lang.Object, java.lang.Object)'> (0x000000008895e5d0) 
thrown [s\src\hotspot\share\interpreter\linkResolver.cpp, line 774]
Event: 7.139 Thread 0x0000022132b7d3f0 Exception <a 'java/lang/NoSuchMethodError'{0x0000000088cda188}: 'java.lang.Object java.lang.invoke.DirectMethodHandle$Holder.invokeSpecial(java.lang.Object, java.lang.Object, int, java.lang.Object, java.lang.Object)'> (0x0000000088cda188) 
thrown [s\src\hotspot\share\interpreter\linkResolver.cpp, line 774]
Event: 7.140 Thread 0x0000022132b7d3f0 Exception <a 'java/lang/NoSuchMethodError'{0x0000000088cde0f8}: 'java.lang.Object java.lang.invoke.DelegatingMethodHandle$Holder.delegate(java.lang.Object, int, java.lang.Object, java.lang.Object)'> (0x0000000088cde0f8) 
thrown [s\src\hotspot\share\interpreter\linkResolver.cpp, line 774]
Event: 7.143 Thread 0x0000022132b7d3f0 Exception <a 'java/lang/NoSuchMethodError'{0x0000000088cee5c8}: 'int java.lang.invoke.Invokers$Holder.linkToTargetMethod(java.lang.Object, java.lang.Object, java.lang.Object)'> (0x0000000088cee5c8) 
thrown [s\src\hotspot\share\interpreter\linkResolver.cpp, line 774]
Event: 7.164 Thread 0x0000022132b7d3f0 Exception <a 'sun/nio/fs/WindowsException'{0x0000000088b62ac0}> (0x0000000088b62ac0) 
thrown [s\src\hotspot\share\prims\jni.cpp, line 517]
Event: 7.222 Thread 0x0000022132b7d3f0 Exception <a 'java/lang/IncompatibleClassChangeError'{0x0000000088952278}: Found class java.lang.Object, but interface was expected> (0x0000000088952278) 
thrown [s\src\hotspot\share\interpreter\linkResolver.cpp, line 841]
Event: 7.332 Thread 0x0000022132b7d3f0 Exception <a 'java/lang/NoSuchMethodError'{0x0000000086b95c80}: 'int java.lang.invoke.DirectMethodHandle$Holder.invokeStaticInit(java.lang.Object, java.lang.Object, java.lang.Object, java.lang.Object)'> (0x0000000086b95c80) 
thrown [s\src\hotspot\share\interpreter\linkResolver.cpp, line 774]
Event: 7.578 Thread 0x0000022132b7d3f0 Exception <a 'java/lang/NoSuchMethodError'{0x000000008657f4c8}: 'java.lang.Object java.lang.invoke.DirectMethodHandle$Holder.newInvokeSpecial(java.lang.Object, java.lang.Object, int, java.lang.Object, java.lang.Object)'> (0x000000008657f4c8) 
thrown [s\src\hotspot\share\interpreter\linkResolver.cpp, line 774]
Event: 10.112 Thread 0x000002213405bf60 Exception <a 'java/lang/NoSuchMethodError'{0x0000000086211010}: 'java.lang.Object java.lang.invoke.DirectMethodHandle$Holder.invokeStatic(java.lang.Object, java.lang.Object, java.lang.Object, int, int)'> (0x0000000086211010) 
thrown [s\src\hotspot\share\interpreter\linkResolver.cpp, line 774]
Event: 10.113 Thread 0x000002213405bf60 Exception <a 'java/lang/NoSuchMethodError'{0x0000000086214ab0}: 'java.lang.Object java.lang.invoke.DirectMethodHandle$Holder.invokeStaticInit(java.lang.Object, java.lang.Object, java.lang.Object, int, int)'> (0x0000000086214ab0) 
thrown [s\src\hotspot\share\interpreter\linkResolver.cpp, line 774]
Event: 10.229 Thread 0x0000022134063440 Exception <a 'java/lang/NoSuchMethodError'{0x0000000086172c30}: 'java.lang.Object java.lang.invoke.DirectMethodHandle$Holder.invokeSpecial(java.lang.Object, java.lang.Object, java.lang.Object, java.lang.Object, java.lang.Object, long)'> (0x0000000086172c30) 
thrown [s\src\hotspot\share\interpreter\linkResolver.cpp, line 774]
Event: 10.230 Thread 0x0000022134063440 Exception <a 'java/lang/NoSuchMethodError'{0x0000000086176680}: 'java.lang.Object java.lang.invoke.Invokers$Holder.linkToTargetMethod(java.lang.Object, java.lang.Object, java.lang.Object, long, java.lang.Object)'> (0x0000000086176680) 
thrown [s\src\hotspot\share\interpreter\linkResolver.cpp, line 774]
Event: 10.496 Thread 0x0000022134063440 Exception <a 'java/lang/NoSuchMethodError'{0x00000000888856d0}: 'long java.lang.invoke.DirectMethodHandle$Holder.invokeStatic(java.lang.Object, long)'> (0x00000000888856d0) 
thrown [s\src\hotspot\share\interpreter\linkResolver.cpp, line 774]
Event: 10.589 Thread 0x0000022134063440 Exception <a 'java/lang/NoSuchMethodError'{0x0000000086b64e20}: 'void java.lang.invoke.Invokers$Holder.invoke_MT(java.lang.Object, java.lang.Object, java.lang.Object, java.lang.Object)'> (0x0000000086b64e20) 
thrown [s\src\hotspot\share\interpreter\linkResolver.cpp, line 774]
Event: 10.887 Thread 0x000002213405f480 Exception <a 'java/lang/NoSuchMethodError'{0x000000008649b4b8}: 'java.lang.Object java.lang.invoke.DirectMethodHandle$Holder.invokeInterface(java.lang.Object, java.lang.Object, int)'> (0x000000008649b4b8) 
thrown [s\src\hotspot\share\interpreter\linkResolver.cpp, line 774]
Event: 10.887 Thread 0x000002213405cf50 Exception <a 'java/lang/NoSuchMethodError'{0x0000000086494350}: 'java.lang.Object java.lang.invoke.DirectMethodHandle$Holder.invokeInterface(java.lang.Object, java.lang.Object, int)'> (0x0000000086494350) 
thrown [s\src\hotspot\share\interpreter\linkResolver.cpp, line 774]
Event: 10.887 Thread 0x000002213405ca00 Exception <a 'java/lang/NoSuchMethodError'{0x000000008649c868}: 'java.lang.Object java.lang.invoke.DirectMethodHandle$Holder.invokeInterface(java.lang.Object, java.lang.Object, int)'> (0x000000008649c868) 
thrown [s\src\hotspot\share\interpreter\linkResolver.cpp, line 774]
Event: 10.887 Thread 0x000002213405e9e0 Exception <a 'java/lang/NoSuchMethodError'{0x000000008649e688}: 'java.lang.Object java.lang.invoke.DirectMethodHandle$Holder.invokeInterface(java.lang.Object, java.lang.Object, int)'> (0x000000008649e688) 
thrown [s\src\hotspot\share\interpreter\linkResolver.cpp, line 774]
Event: 10.887 Thread 0x000002213405ef30 Exception <a 'java/lang/NoSuchMethodError'{0x00000000864ae760}: 'java.lang.Object java.lang.invoke.DirectMethodHandle$Holder.invokeInterface(java.lang.Object, java.lang.Object, int)'> (0x00000000864ae760) 
thrown [s\src\hotspot\share\interpreter\linkResolver.cpp, line 774]
Event: 10.887 Thread 0x000002213405d4a0 Exception <a 'java/lang/NoSuchMethodError'{0x00000000864a9528}: 'java.lang.Object java.lang.invoke.DirectMethodHandle$Holder.invokeInterface(java.lang.Object, java.lang.Object, int)'> (0x00000000864a9528) 
thrown [s\src\hotspot\share\interpreter\linkResolver.cpp, line 774]

VM Operations (20 events):
Event: 10.657 Executing VM operation: HandshakeAllThreads
Event: 10.657 Executing VM operation: HandshakeAllThreads done
Event: 10.713 Executing VM operation: HandshakeAllThreads
Event: 10.713 Executing VM operation: HandshakeAllThreads done
Event: 10.867 Executing VM operation: HandshakeAllThreads
Event: 10.867 Executing VM operation: HandshakeAllThreads done
Event: 10.897 Executing VM operation: ICBufferFull
Event: 10.898 Executing VM operation: ICBufferFull done
Event: 10.972 Executing VM operation: G1CollectForAllocation
Event: 10.976 Executing VM operation: G1CollectForAllocation done
Event: 11.312 Executing VM operation: ICBufferFull
Event: 11.312 Executing VM operation: ICBufferFull done
Event: 11.491 Executing VM operation: HandshakeAllThreads
Event: 11.491 Executing VM operation: HandshakeAllThreads done
Event: 11.507 Executing VM operation: HandshakeAllThreads
Event: 11.508 Executing VM operation: HandshakeAllThreads done
Event: 11.511 Executing VM operation: ICBufferFull
Event: 11.511 Executing VM operation: ICBufferFull done
Event: 11.527 Executing VM operation: HandshakeAllThreads
Event: 11.527 Executing VM operation: HandshakeAllThreads done

Events (20 events):
Event: 11.539 Thread 0x000002212d5f3e60 flushing nmethod 0x0000022117fe8710
Event: 11.539 Thread 0x000002212d5f3e60 flushing nmethod 0x0000022117fea110
Event: 11.539 Thread 0x000002212d5f3e60 flushing nmethod 0x0000022117feac90
Event: 11.539 Thread 0x000002212d5f3e60 flushing nmethod 0x0000022117feb890
Event: 11.539 Thread 0x000002212d5f3e60 flushing nmethod 0x0000022117fecf10
Event: 11.539 Thread 0x000002212d5f3e60 flushing nmethod 0x0000022117ff0590
Event: 11.539 Thread 0x000002212d5f3e60 flushing nmethod 0x0000022117ff0e90
Event: 11.539 Thread 0x000002212d5f3e60 flushing nmethod 0x0000022117ff4310
Event: 11.539 Thread 0x000002212d5f3e60 flushing nmethod 0x0000022117ff5190
Event: 11.539 Thread 0x000002212d5f3e60 flushing nmethod 0x0000022117ffc390
Event: 11.539 Thread 0x000002212d5f3e60 flushing nmethod 0x0000022118000410
Event: 11.539 Thread 0x000002212d5f3e60 flushing nmethod 0x0000022118001c90
Event: 11.539 Thread 0x000002212d5f3e60 flushing nmethod 0x0000022118002190
Event: 11.539 Thread 0x000002212d5f3e60 flushing nmethod 0x0000022118003110
Event: 11.539 Thread 0x000002212d5f3e60 flushing nmethod 0x0000022118003c10
Event: 11.539 Thread 0x000002212d5f3e60 flushing nmethod 0x0000022118005190
Event: 11.539 Thread 0x000002212d5f3e60 flushing nmethod 0x0000022118005e90
Event: 11.539 Thread 0x000002212d5f3e60 flushing nmethod 0x000002211800a090
Event: 11.539 Thread 0x000002212d5f3e60 flushing nmethod 0x0000022118015d10
Event: 11.539 Thread 0x000002212d5f3e60 flushing nmethod 0x000002211802b990


Dynamic libraries:
0x00007ff655eb0000 - 0x00007ff655ebd000 	C:\Users\Ritej\.jdks\corretto-19.0.2\bin\java.exe
0x00007ffc8c9f0000 - 0x00007ffc8cc07000 	C:\WINDOWS\SYSTEM32\ntdll.dll
0x00007ffc55690000 - 0x00007ffc556b0000 	C:\Program Files\Avast Software\Avast\aswhook.dll
0x00007ffc8b8f0000 - 0x00007ffc8b9b4000 	C:\WINDOWS\System32\KERNEL32.DLL
0x00007ffc89eb0000 - 0x00007ffc8a280000 	C:\WINDOWS\System32\KERNELBASE.dll
0x00007ffc8a3f0000 - 0x00007ffc8a501000 	C:\WINDOWS\System32\ucrtbase.dll
0x00007ffc85820000 - 0x00007ffc85837000 	C:\Users\Ritej\.jdks\corretto-19.0.2\bin\jli.dll
0x00007ffc84f40000 - 0x00007ffc84f55000 	C:\Users\Ritej\.jdks\corretto-19.0.2\bin\VCRUNTIME140.dll
0x00007ffc8bc80000 - 0x00007ffc8be2e000 	C:\WINDOWS\System32\USER32.dll
0x00007ffc89e00000 - 0x00007ffc89e26000 	C:\WINDOWS\System32\win32u.dll
0x00007ffc8b8c0000 - 0x00007ffc8b8e9000 	C:\WINDOWS\System32\GDI32.dll
0x00007ffc8a510000 - 0x00007ffc8a62b000 	C:\WINDOWS\System32\gdi32full.dll
0x00007ffc690f0000 - 0x00007ffc69382000 	C:\WINDOWS\WinSxS\amd64_microsoft.windows.common-controls_6595b64144ccf1df_6.0.22621.4830_none_270fe7d773858e80\COMCTL32.dll
0x00007ffc89d60000 - 0x00007ffc89dfa000 	C:\WINDOWS\System32\msvcp_win.dll
0x00007ffc8b600000 - 0x00007ffc8b6a7000 	C:\WINDOWS\System32\msvcrt.dll
0x00007ffc8c8f0000 - 0x00007ffc8c921000 	C:\WINDOWS\System32\IMM32.DLL
0x00007ffc67770000 - 0x00007ffc6780b000 	C:\Users\Ritej\.jdks\corretto-19.0.2\bin\msvcp140.dll
0x00007ffc34cd0000 - 0x00007ffc359a9000 	C:\Users\Ritej\.jdks\corretto-19.0.2\bin\server\jvm.dll
0x00007ffc8a7b0000 - 0x00007ffc8a861000 	C:\WINDOWS\System32\ADVAPI32.dll
0x00007ffc8c4b0000 - 0x00007ffc8c557000 	C:\WINDOWS\System32\sechost.dll
0x00007ffc8a6b0000 - 0x00007ffc8a6d8000 	C:\WINDOWS\System32\bcrypt.dll
0x00007ffc8a8c0000 - 0x00007ffc8a9d4000 	C:\WINDOWS\System32\RPCRT4.dll
0x00007ffc718b0000 - 0x00007ffc718b9000 	C:\WINDOWS\SYSTEM32\WSOCK32.dll
0x00007ffc82600000 - 0x00007ffc8260a000 	C:\WINDOWS\SYSTEM32\VERSION.dll
0x00007ffc8c930000 - 0x00007ffc8c9a1000 	C:\WINDOWS\System32\WS2_32.dll
0x00007ffc831f0000 - 0x00007ffc83224000 	C:\WINDOWS\SYSTEM32\WINMM.dll
0x00007ffc88ca0000 - 0x00007ffc88cb8000 	C:\WINDOWS\SYSTEM32\kernel.appcore.dll
0x00007ffc85250000 - 0x00007ffc8525a000 	C:\Users\Ritej\.jdks\corretto-19.0.2\bin\jimage.dll
0x00007ffc874a0000 - 0x00007ffc876d2000 	C:\WINDOWS\SYSTEM32\DBGHELP.DLL
0x00007ffc8c560000 - 0x00007ffc8c8f0000 	C:\WINDOWS\System32\combase.dll
0x00007ffc8b7e0000 - 0x00007ffc8b8b7000 	C:\WINDOWS\System32\OLEAUT32.dll
0x00007ffc76f50000 - 0x00007ffc76f82000 	C:\WINDOWS\SYSTEM32\dbgcore.DLL
0x00007ffc89e30000 - 0x00007ffc89eab000 	C:\WINDOWS\System32\bcryptPrimitives.dll
0x00007ffc84f30000 - 0x00007ffc84f3e000 	C:\Users\Ritej\.jdks\corretto-19.0.2\bin\instrument.dll
0x00007ffc72530000 - 0x00007ffc72556000 	C:\Users\Ritej\.jdks\corretto-19.0.2\bin\java.dll
0x00007ffc5c260000 - 0x00007ffc5c336000 	C:\Users\Ritej\.jdks\corretto-19.0.2\bin\jsvml.dll
0x00007ffc8ad80000 - 0x00007ffc8b5f8000 	C:\WINDOWS\System32\SHELL32.dll
0x00007ffc87ba0000 - 0x00007ffc884b0000 	C:\WINDOWS\SYSTEM32\windows.storage.dll
0x00007ffc87a60000 - 0x00007ffc87b9f000 	C:\WINDOWS\SYSTEM32\wintypes.dll
0x00007ffc8b6d0000 - 0x00007ffc8b7da000 	C:\WINDOWS\System32\SHCORE.dll
0x00007ffc8acb0000 - 0x00007ffc8ad0e000 	C:\WINDOWS\System32\shlwapi.dll
0x00007ffc89bd0000 - 0x00007ffc89bfb000 	C:\WINDOWS\SYSTEM32\profapi.dll
0x00007ffc72380000 - 0x00007ffc72398000 	C:\Users\Ritej\.jdks\corretto-19.0.2\bin\zip.dll
0x00007ffc83eb0000 - 0x00007ffc83ec3000 	C:\Users\Ritej\.jdks\corretto-19.0.2\bin\net.dll
0x00007ffc85fa0000 - 0x00007ffc860cc000 	C:\WINDOWS\SYSTEM32\WINHTTP.dll
0x00007ffc89110000 - 0x00007ffc8917a000 	C:\WINDOWS\system32\mswsock.dll
0x00007ffc726f0000 - 0x00007ffc72705000 	C:\Users\Ritej\.jdks\corretto-19.0.2\bin\nio.dll
0x00007ffc71ab0000 - 0x00007ffc71aca000 	C:\Program Files\JetBrains\IntelliJ IDEA Community Edition 2024.1.4\bin\breakgen64.dll
0x00007ffc721e0000 - 0x00007ffc721e8000 	C:\Users\Ritej\.jdks\corretto-19.0.2\bin\extnet.dll
0x00007ffc728c0000 - 0x00007ffc728c9000 	C:\Users\Ritej\.jdks\corretto-19.0.2\bin\management.dll
0x00007ffc72890000 - 0x00007ffc7289b000 	C:\Users\Ritej\.jdks\corretto-19.0.2\bin\management_ext.dll
0x00007ffc8a7a0000 - 0x00007ffc8a7a8000 	C:\WINDOWS\System32\PSAPI.DLL
0x00007ffc721f0000 - 0x00007ffc721fe000 	C:\Users\Ritej\.jdks\corretto-19.0.2\bin\sunmscapi.dll
0x00007ffc8a280000 - 0x00007ffc8a3e6000 	C:\WINDOWS\System32\CRYPT32.dll
0x00007ffc89550000 - 0x00007ffc8957d000 	C:\WINDOWS\SYSTEM32\ncrypt.dll
0x00007ffc89510000 - 0x00007ffc89547000 	C:\WINDOWS\SYSTEM32\NTASN1.dll
0x00007ffc89460000 - 0x00007ffc8947b000 	C:\WINDOWS\SYSTEM32\CRYPTSP.dll
0x00007ffc88c00000 - 0x00007ffc88c35000 	C:\WINDOWS\system32\rsaenh.dll
0x00007ffc891b0000 - 0x00007ffc891d8000 	C:\WINDOWS\SYSTEM32\USERENV.dll
0x00007ffc89440000 - 0x00007ffc8944c000 	C:\WINDOWS\SYSTEM32\CRYPTBASE.dll
0x00007ffc88700000 - 0x00007ffc8872d000 	C:\WINDOWS\SYSTEM32\IPHLPAPI.DLL
0x00007ffc8a6e0000 - 0x00007ffc8a6e9000 	C:\WINDOWS\System32\NSI.dll
0x00007ffc85eb0000 - 0x00007ffc85ec9000 	C:\WINDOWS\SYSTEM32\dhcpcsvc6.DLL
0x00007ffc85e90000 - 0x00007ffc85eaf000 	C:\WINDOWS\SYSTEM32\dhcpcsvc.DLL
0x00007ffc88730000 - 0x00007ffc88832000 	C:\WINDOWS\SYSTEM32\DNSAPI.dll
0x00007ffc81550000 - 0x00007ffc8155a000 	C:\Windows\System32\rasadhlp.dll
0x00007ffc830e0000 - 0x00007ffc83163000 	C:\WINDOWS\System32\fwpuclnt.dll
0x00007ffc71f00000 - 0x00007ffc71f08000 	C:\WINDOWS\system32\wshunix.dll
0x00007ffc70ae0000 - 0x00007ffc70af0000 	C:\Users\Ritej\.jdks\corretto-19.0.2\bin\verify.dll

dbghelp: loaded successfully - version: 4.0.5 - missing functions: none
symbol engine: initialized successfully - sym options: 0x614 - pdb path: .;C:\Users\Ritej\.jdks\corretto-19.0.2\bin;C:\WINDOWS\SYSTEM32;C:\Program Files\Avast Software\Avast;C:\WINDOWS\WinSxS\amd64_microsoft.windows.common-controls_6595b64144ccf1df_6.0.22621.4830_none_270fe7d773858e80;C:\Users\Ritej\.jdks\corretto-19.0.2\bin\server;C:\Program Files\JetBrains\IntelliJ IDEA Community Edition 2024.1.4\bin

VM Arguments:
jvm_args: -javaagent:C:\Program Files\JetBrains\IntelliJ IDEA Community Edition 2024.1.4\lib\idea_rt.jar=49971:C:\Program Files\JetBrains\IntelliJ IDEA Community Edition 2024.1.4\bin -Dfile.encoding=UTF-8 -Dsun.stdout.encoding=UTF-8 -Dsun.stderr.encoding=UTF-8 
java_command: com.example.WSM.WsmApplication
java_class_path (initial): C:\Users\Ritej\Downloads\Ritej-main\WSM Project\WSM\target\classes;C:\Users\Ritej\.m2\repository\org\apache\poi\poi\5.2.3\poi-5.2.3.jar;C:\Users\Ritej\.m2\repository\commons-codec\commons-codec\1.18.0\commons-codec-1.18.0.jar;C:\Users\Ritej\.m2\repository\org\apache\commons\commons-collections4\4.4\commons-collections4-4.4.jar;C:\Users\Ritej\.m2\repository\org\apache\commons\commons-math3\3.6.1\commons-math3-3.6.1.jar;C:\Users\Ritej\.m2\repository\commons-io\commons-io\2.11.0\commons-io-2.11.0.jar;C:\Users\Ritej\.m2\repository\com\zaxxer\SparseBitSet\1.2\SparseBitSet-1.2.jar;C:\Users\Ritej\.m2\repository\org\apache\logging\log4j\log4j-api\2.24.3\log4j-api-2.24.3.jar;C:\Users\Ritej\.m2\repository\org\apache\poi\poi-ooxml\5.2.3\poi-ooxml-5.2.3.jar;C:\Users\Ritej\.m2\repository\org\apache\poi\poi-ooxml-lite\5.2.3\poi-ooxml-lite-5.2.3.jar;C:\Users\Ritej\.m2\repository\org\apache\xmlbeans\xmlbeans\5.1.1\xmlbeans-5.1.1.jar;C:\Users\Ritej\.m2\repository\org\apache\commons\commons-compress\1.21\commons-compress-1.21.jar;C:\Users\Ritej\.m2\repository\com\github\virtuald\curvesapi\1.07\curvesapi-1.07.jar;C:\Users\Ritej\.m2\repository\org\springframework\boot\spring-boot-starter-data-mongodb\3.5.4\spring-boot-starter-data-mongodb-3.5.4.jar;C:\Users\Ritej\.m2\repository\org\springframework\boot\spring-boot-starter\3.5.4\spring-boot-starter-3.5.4.jar;C:\Users\Ritej\.m2\repository\org\springframework\boot\spring-boot-starter-logging\3.5.4\spring-boot-starter-logging-3.5.4.jar;C:\Users\Ritej\.m2\repository\ch\qos\logback\logback-classic\1.5.18\logback-classic-1.5.18.jar;C:\Users\Ritej\.m2\repository\ch\qos\logback\logback-core\1.5.18\logback-core-1.5.18.jar;C:\Users\Ritej\.m2\repository\org\apache\logging\log4j\log4j-to-slf4j\2.24.3\log4j-to-slf4j-2.24.3.jar;C:\Users\Ritej\.m2\repository\org\slf4j\jul-to-slf4j\2.0.17\jul-to-slf4j-2.0.17.jar;C:\Users\Ritej\.m2\repository\jakarta\annotation\jakarta.annotation-api\2.1.1\jakarta.annotation-api-2.1.1.jar;C:\Users\Ritej\.m2\repository\org\yaml\snakeyaml\2.4\snakeyaml-2.4.jar;C:\Users\Ritej\.m2\repository\org\mongodb\mongodb-driver-sync\5.5.1\mongodb-driver-sync-5.5.1.jar;C:\Users\Ritej\.m2\repository\org\mongodb\bson\5.5.1\bson-5.5.1.jar;C:\Users\Ritej\.m2\repository\org\mongodb\mongodb-driver-core\5.5.1\mongodb-driver-core-5.5.1.jar;C:\Users\Ritej\.m2\repository\org\mongodb\bson-record-codec\5.5.1\bson-record-codec-5.5.1.jar;C:\Users\Ritej\.m2\repository\org\springframework\data\spring-data-mongodb\4.5.2\spring-data-mongodb-4.5.2.jar;C:\Users\Ritej\.m2\repository\org\springframework\spring-tx\6.2.9\spring-tx-6.2.9.jar;C:\Users\Ritej\.m2\repository\org\springframework\spring-context\6.2.9\spring-context-6.2.9.jar;C:\Users\Ritej\.m2\repository\org\springframework\spring-beans\6.2.9\spring-beans-6.2.9.jar;C:\Users\Ritej\.m2\repository\org\springframework\spring-expression\6.2.9\spring-expression-6.2.9.jar;C:\Users\Ritej\.m2\repository\org\springframework\data\spring-data-commons\3.5.2\spring-data-commons-3.5.2.jar;C:\Users\Ritej\.m2\repository\org\slf4j\slf4j-api\2.0.17\slf4j-api-2.0.17.jar;C:\Users\Ritej\.m2\repository\org\springframework\boot\spring-boot-starter-security\3.2.0\spring-boot-starter-security-3.2.0.jar;C:\Users\Ritej\.m2\repository\org\springframework\spring-aop\6.2.9\spring-aop-6.2.9.jar;C:\Users\Ritej\.m2\repository\org\springframework\security\spring-security-config\6.5.2\spring-security-config-6.5.2.jar;C:\Users\Ritej\.m2\repository\org\springframework\security\spring-security-core\6.5.2\spring-security-core-6.5.2.jar;C:\Users\Ritej\.m2\repository\org\springframework\security\spring-security-crypto\6.5.2\spring-security-crypto-6.5.2.jar;C:\Users\Ritej\.m2\repository\org\springframework\security\spring-security-web\6.5.2\spring-security-web-6.5.2.jar;C:\Users\Ritej\.m2\repository\org\springframework\boot\spring-boot-starter-web\3.5.4\spring-boot-starter-web-3.5.4.jar;C:\Users\Ritej\.m2\repository\org\springframework\boot\spring-boot-starter-json\3.5.4\spring-boot-starter-json-3.5.4.jar;C:\Users\Ritej\.m2\repository\com\fasterxml\jackson\core\jackson-databind\2.19.2\jackson-databind-2.19.2.jar;C:\Users\Ritej\.m2\repository\com\fasterxml\jackson\core\jackson-annotations\2.19.2\jackson-annotations-2.19.2.jar;C:\Users\Ritej\.m2\repository\com\fasterxml\jackson\core\jackson-core\2.19.2\jackson-core-2.19.2.jar;C:\Users\Ritej\.m2\repository\com\fasterxml\jackson\datatype\jackson-datatype-jdk8\2.19.2\jackson-datatype-jdk8-2.19.2.jar;C:\Users\Ritej\.m2\repository\com\fasterxml\jackson\datatype\jackson-datatype-jsr310\2.19.2\jackson-datatype-jsr310-2.19.2.jar;C:\Users\Ritej\.m2\repository\com\fasterxml\jackson\module\jackson-module-parameter-names\2.19.2\jackson-module-parameter-names-2.19.2.jar;C:\Users\Ritej\.m2\repository\org\springframework\boot\spring-boot-starter-tomcat\3.5.4\spring-boot-starter-tomcat-3.5.4.jar;C:\Users\Ritej\.m2\repository\org\apache\tomcat\embed\tomcat-embed-core\10.1.43\tomcat-embed-core-10.1.43.jar;C:\Users\Ritej\.m2\repository\org\apache\tomcat\embed\tomcat-embed-el\10.1.43\tomcat-embed-el-10.1.43.jar;C:\Users\Ritej\.m2\repository\org\apache\tomcat\embed\tomcat-embed-websocket\10.1.43\tomcat-embed-websocket-10.1.43.jar;C:\Users\Ritej\.m2\repository\org\springframework\spring-web\6.2.9\spring-web-6.2.9.jar;C:\Users\Ritej\.m2\repository\io\micrometer\micrometer-observation\1.15.2\micrometer-observation-1.15.2.jar;C:\Users\Ritej\.m2\repository\io\micrometer\micrometer-commons\1.15.2\micrometer-commons-1.15.2.jar;C:\Users\Ritej\.m2\repository\org\springframework\spring-webmvc\6.2.9\spring-webmvc-6.2.9.jar;C:\Users\Ritej\.m2\repository\org\springframework\boot\spring-boot-devtools\3.5.4\spring-boot-devtools-3.5.4.jar;C:\Users\Ritej\.m2\repository\org\springframework\boot\spring-boot\3.5.4\spring-boot-3.5.4.jar;C:\Users\Ritej\.m2\repository\org\springframework\boot\spring-boot-autoconfigure\3.5.4\spring-boot-autoconfigure-3.5.4.jar;C:\Users\Ritej\.m2\repository\org\projectlombok\lombok\1.18.38\lombok-1.18.38.jar;C:\Users\Ritej\.m2\repository\org\springframework\spring-core\6.2.9\spring-core-6.2.9.jar;C:\Users\Ritej\.m2\repository\org\springframework\spring-jcl\6.2.9\spring-jcl-6.2.9.jar
Launcher Type: SUN_STANDARD

[Global flags]
     intx CICompilerCount                          = 4                                         {product} {ergonomic}
     uint ConcGCThreads                            = 2                                         {product} {ergonomic}
     uint G1ConcRefinementThreads                  = 8                                         {product} {ergonomic}
   size_t G1HeapRegionSize                         = 1048576                                   {product} {ergonomic}
    uintx GCDrainStackTargetSize                   = 64                                        {product} {ergonomic}
   size_t InitialHeapSize                          = 130023424                                 {product} {ergonomic}
   size_t MarkStackSize                            = 4194304                                   {product} {ergonomic}
   size_t MaxHeapSize                              = 2078277632                                {product} {ergonomic}
   size_t MaxNewSize                               = 1246756864                                {product} {ergonomic}
   size_t MinHeapDeltaBytes                        = 1048576                                   {product} {ergonomic}
   size_t MinHeapSize                              = 8388608                                   {product} {ergonomic}
    uintx NonNMethodCodeHeapSize                   = 5839372                                {pd product} {ergonomic}
    uintx NonProfiledCodeHeapSize                  = 122909434                              {pd product} {ergonomic}
    uintx ProfiledCodeHeapSize                     = 122909434                              {pd product} {ergonomic}
    uintx ReservedCodeCacheSize                    = 251658240                              {pd product} {ergonomic}
     bool SegmentedCodeCache                       = true                                      {product} {ergonomic}
   size_t SoftMaxHeapSize                          = 2078277632                             {manageable} {ergonomic}
     bool UseCompressedClassPointers               = true                           {product lp64_product} {ergonomic}
     bool UseCompressedOops                        = true                           {product lp64_product} {ergonomic}
     bool UseG1GC                                  = true                                      {product} {ergonomic}
     bool UseLargePagesIndividualAllocation        = false                                  {pd product} {ergonomic}

Logging:
Log output configuration:
 #0: stdout all=warning uptime,level,tags foldmultilines=false
 #1: stderr all=off uptime,level,tags foldmultilines=false

Environment Variables:
JAVA_HOME=C:\Program Files\Java\jdk-17
PATH=C:\Program Files\MongoDB\Server\7.0\bin;C:\oraclexe\app\oracle\product\11.2.0\server\bin;"C:\xampp\php;C:\xampp\php;C:\Program Files\Common Files\Oracle\Java\javapath";C:\WINDOWS\system32;C:\WINDOWS;C:\WINDOWS\System32\Wbem;C:\WINDOWS\System32\WindowsPowerShell\v1.0\;C:\WINDOWS\System32\OpenSSH\;C:\ProgramData\chocolatey\bin;C:\Program Files\Java\jdk-17\bin;C:\Program Files\Docker\Docker\resources\bin;C:\Users\Ritej\AppData\Roaming\nvm;C:\Program Files\nodejs;C:\Program Files\Git\cmd;C:\Users\Ritej\AppData\Local\Microsoft\WindowsApps\python.exe;C:\Users\Ritej\AppData\Local\Programs\Python\Launcher\;C:\Program Files\MongoDB\Server\7.0\bin;C:\Users\Ritej\AppData\Local\Microsoft\WindowsApps;C:\Users\Ritej\AppData\Local\JetBrains\PyCharm 2023.1\bin;;C:\Program Files\JetBrains\PyCharm Community Edition 2022.2.3\bin;;C:\Users\Ritej\AppData\Local\Programs\Microsoft VS Code\bin;C:\Users\Ritej\AppData\Roaming\npm;C:\Program Files\JetBrains\IntelliJ IDEA Community Edition 2024.1.4\bin;;C:\Users\Ritej\Desktop\jdk-19_windows-x64_bin\bin;C:\Users\Ritej\AppData\Local\JetBrains\IntelliJ IDEA 2024.1.4\bin;;C:\Users\Ritej\AppData\Roaming\nvm;C:\Program Files\nodejs;C:\Program Files\apache-maven-3.9.9\bin;C:\Users\Ritej\AppData\Local\Microsoft\WindowsApps\python.exe;
USERNAME=Ritej
OS=Windows_NT
PROCESSOR_IDENTIFIER=Intel64 Family 6 Model 140 Stepping 1, GenuineIntel
TMP=C:\Users\Ritej\AppData\Local\Temp
TEMP=C:\Users\Ritej\AppData\Local\Temp



---------------  S Y S T E M  ---------------

OS:
 Windows 11 , 64 bit Build 22621 (10.0.22621.4830)
OS uptime: 26 days 12:28 hours
Hyper-V role detected

CPU: total 8 (initial active 8) (4 cores per cpu, 2 threads per core) family 6 model 140 stepping 1 microcode 0xb8, cx8, cmov, fxsr, ht, mmx, 3dnowpref, sse, sse2, sse3, ssse3, sse4.1, sse4.2, popcnt, lzcnt, tsc, tscinvbit, avx, avx2, aes, erms, clmul, bmi1, bmi2, adx, avx512f, avx512dq, avx512cd, avx512bw, avx512vl, sha, fma, vzeroupper, avx512_vpopcntdq, avx512_vpclmulqdq, avx512_vaes, avx512_vnni, clflush, clflushopt, clwb, avx512_vbmi2, avx512_vbmi, hv, rdtscp, rdpid, fsrm, gfni, avx512_bitalg

Memory: 4k page, system-wide physical 7926M (208M free)
TotalPageFile size 20426M (AvailPageFile size 2M)
current process WorkingSet (physical memory assigned to process): 206M, peak: 206M
current process commit charge ("private bytes"): 270M, peak: 272M

vm_info: OpenJDK 64-Bit Server VM (19.0.2+7-FR) for windows-amd64 JRE (19.0.2+7-FR), built on Jan 13 2023 22:53:32 by "Administrator" with MS VC++ 15.9 (VS2017)

END.
