#
# There is insufficient memory for the Java Runtime Environment to continue.
# Native memory allocation (malloc) failed to allocate 32744 bytes for Chunk::new
# Possible reasons:
#   The system is out of physical RAM or swap space
#   The process is running with CompressedOops enabled, and the Java Heap may be blocking the growth of the native heap
# Possible solutions:
#   Reduce memory load on the system
#   Increase physical memory or swap space
#   Check if swap backing store is full
#   Decrease Java heap size (-Xmx/-Xms)
#   Decrease number of Java threads
#   Decrease Java thread stack sizes (-Xss)
#   Set larger code cache with -XX:ReservedCodeCacheSize=
#   JVM is running with Unscaled Compressed Oops mode in which the Java heap is
#     placed in the first 4GB address space. The Java Heap base address is the
#     maximum limit for the native heap growth. Please use -XX:HeapBaseMinAddress
#     to set the Java Heap base and to place the Java Heap above 4GB virtual address.
# This output file may be truncated or incomplete.
#
#  Out of Memory Error (arena.cpp:184), pid=20816, tid=20920
#
# JRE version: OpenJDK Runtime Environment Corretto-19.0.2.7.1 (19.0.2+7) (build 19.0.2+7-FR)
# Java VM: OpenJDK 64-Bit Server VM Corretto-19.0.2.7.1 (19.0.2+7-FR, mixed mode, sharing, tiered, compressed oops, compressed class ptrs, g1 gc, windows-amd64)
# No core dump will be written. Minidumps are not enabled by default on client versions of Windows
#

---------------  S U M M A R Y ------------

Command Line: -javaagent:C:\Program Files\JetBrains\IntelliJ IDEA Community Edition 2024.1.4\lib\idea_rt.jar=60684:C:\Program Files\JetBrains\IntelliJ IDEA Community Edition 2024.1.4\bin -Dfile.encoding=UTF-8 -Dsun.stdout.encoding=UTF-8 -Dsun.stderr.encoding=UTF-8 com.example.WSM.WsmApplication

Host: 11th Gen Intel(R) Core(TM) i5-1135G7 @ 2.40GHz, 8 cores, 7G,  Windows 11 , 64 bit Build 22621 (10.0.22621.4830)
Time: Fri Sep  5 23:51:05 2025 Afr. centrale Ouest elapsed time: 80.040549 seconds (0d 0h 1m 20s)

---------------  T H R E A D  ---------------

Current thread (0x0000029a67febca0):  JavaThread "C2 CompilerThread0" daemon [_thread_in_native, id=20920, stack(0x000000f9b7000000,0x000000f9b7100000)]


Current CompileTask:
C2:  80041 5370       4       org.springframework.boot.devtools.filewatch.FileSnapshot::hashCode (49 bytes)

Stack: [0x000000f9b7000000,0x000000f9b7100000]
Native frames: (J=compiled Java code, j=interpreted, Vv=VM code, C=native code)
V  [jvm.dll+0x6d034a]
V  [jvm.dll+0x880f10]
V  [jvm.dll+0x88289e]
V  [jvm.dll+0x882f43]
V  [jvm.dll+0x27b4bb]
V  [jvm.dll+0xdd792]
V  [jvm.dll+0xddb25]
V  [jvm.dll+0x6fb9f3]
V  [jvm.dll+0x1ebcdc]
V  [jvm.dll+0x2471d3]
V  [jvm.dll+0x2465a7]
V  [jvm.dll+0x1d4bb7]
V  [jvm.dll+0x25558a]
V  [jvm.dll+0x2538d7]
V  [jvm.dll+0x8342bd]
V  [jvm.dll+0x82e2fa]
V  [jvm.dll+0x6cf0d3]
C  [ucrtbase.dll+0x29333]
C  [KERNEL32.DLL+0x1259d]
C  [ntdll.dll+0x5af38]


---------------  P R O C E S S  ---------------

Threads class SMR info:
_java_thread_list=0x0000029a6f7bc600, length=34, elements={
0x0000029a67fdc150, 0x0000029a67fdc690, 0x0000029a67fdef40, 0x0000029a67fdf480,
0x0000029a67fdf9c0, 0x0000029a67fdff00, 0x0000029a67febca0, 0x0000029a67fee630,
0x0000029a6c548090, 0x0000029a6c650c80, 0x0000029a6c81ebf0, 0x0000029a6c81f130,
0x0000029a6d7e99a0, 0x0000029a6d9ccb20, 0x0000029a6e319480, 0x0000029a6dac7bb0,
0x0000029a6dac8100, 0x0000029a6dac6bc0, 0x0000029a6dac7660, 0x0000029a6eda4d50,
0x0000029a6eda4800, 0x0000029a6eda2820, 0x0000029a6ed9f300, 0x0000029a6ed9f850,
0x0000029a6eda1830, 0x0000029a6eda3810, 0x0000029a6eda57f0, 0x0000029a6ed9e860,
0x0000029a6eda42b0, 0x0000029a6eda1d80, 0x0000029a6ed9edb0, 0x0000029a6eda2d70,
0x0000029a6ed9fda0, 0x0000029a6eda32c0
}

Java Threads: ( => current thread )
  0x0000029a67fdc150 JavaThread "Reference Handler" daemon [_thread_blocked, id=20896, stack(0x000000f9b6a00000,0x000000f9b6b00000)]
  0x0000029a67fdc690 JavaThread "Finalizer" daemon [_thread_blocked, id=20900, stack(0x000000f9b6b00000,0x000000f9b6c00000)]
  0x0000029a67fdef40 JavaThread "Signal Dispatcher" daemon [_thread_blocked, id=20904, stack(0x000000f9b6c00000,0x000000f9b6d00000)]
  0x0000029a67fdf480 JavaThread "Attach Listener" daemon [_thread_blocked, id=20908, stack(0x000000f9b6d00000,0x000000f9b6e00000)]
  0x0000029a67fdf9c0 JavaThread "Service Thread" daemon [_thread_blocked, id=20912, stack(0x000000f9b6e00000,0x000000f9b6f00000)]
  0x0000029a67fdff00 JavaThread "Monitor Deflation Thread" daemon [_thread_blocked, id=20916, stack(0x000000f9b6f00000,0x000000f9b7000000)]
=>0x0000029a67febca0 JavaThread "C2 CompilerThread0" daemon [_thread_in_native, id=20920, stack(0x000000f9b7000000,0x000000f9b7100000)]
  0x0000029a67fee630 JavaThread "C1 CompilerThread0" daemon [_thread_blocked, id=20924, stack(0x000000f9b7100000,0x000000f9b7200000)]
  0x0000029a6c548090 JavaThread "Sweeper thread" daemon [_thread_blocked, id=20928, stack(0x000000f9b7200000,0x000000f9b7300000)]
  0x0000029a6c650c80 JavaThread "Common-Cleaner" daemon [_thread_blocked, id=20944, stack(0x000000f9b7300000,0x000000f9b7400000)]
  0x0000029a6c81ebf0 JavaThread "Monitor Ctrl-Break" daemon [_thread_in_native, id=20976, stack(0x000000f9b7400000,0x000000f9b7500000)]
  0x0000029a6c81f130 JavaThread "Notification Thread" daemon [_thread_blocked, id=20980, stack(0x000000f9b7500000,0x000000f9b7600000)]
  0x0000029a6d7e99a0 JavaThread "Catalina-utility-1" [_thread_blocked, id=14692, stack(0x000000f9b8200000,0x000000f9b8300000)]
  0x0000029a6d9ccb20 JavaThread "Catalina-utility-2" [_thread_blocked, id=20948, stack(0x000000f9b8300000,0x000000f9b8400000)]
  0x0000029a6e319480 JavaThread "container-0" [_thread_blocked, id=19552, stack(0x000000f9b8400000,0x000000f9b8500000)]
  0x0000029a6dac7bb0 JavaThread "BufferPoolPruner-1-thread-1" daemon [_thread_blocked, id=21300, stack(0x000000f9b8500000,0x000000f9b8600000)]
  0x0000029a6dac8100 JavaThread "cluster-ClusterId{value='68bb69113b9a462525cb52a2', description='null'}-localhost:27017" daemon [_thread_in_native, id=21328, stack(0x000000f9b8600000,0x000000f9b8700000)]
  0x0000029a6dac6bc0 JavaThread "cluster-rtt-ClusterId{value='68bb69113b9a462525cb52a2', description='null'}-localhost:27017" daemon [_thread_blocked, id=21480, stack(0x000000f9b8800000,0x000000f9b8900000)]
  0x0000029a6dac7660 JavaThread "MaintenanceTimer-2-thread-1" daemon [_thread_blocked, id=21472, stack(0x000000f9b8900000,0x000000f9b8a00000)]
  0x0000029a6eda4d50 JavaThread "Live Reload Server" daemon [_thread_in_native, id=7820, stack(0x000000f9b8b00000,0x000000f9b8c00000)]
  0x0000029a6eda4800 JavaThread "File Watcher" daemon [_thread_blocked, id=21600, stack(0x000000f9b8000000,0x000000f9b8100000)]
  0x0000029a6eda2820 JavaThread "http-nio-8080-exec-1" daemon [_thread_blocked, id=21604, stack(0x000000f9b8a00000,0x000000f9b8b00000)]
  0x0000029a6ed9f300 JavaThread "http-nio-8080-exec-2" daemon [_thread_blocked, id=21608, stack(0x000000f9b8c00000,0x000000f9b8d00000)]
  0x0000029a6ed9f850 JavaThread "http-nio-8080-exec-3" daemon [_thread_blocked, id=21612, stack(0x000000f9b8d00000,0x000000f9b8e00000)]
  0x0000029a6eda1830 JavaThread "http-nio-8080-exec-4" daemon [_thread_blocked, id=21616, stack(0x000000f9b8e00000,0x000000f9b8f00000)]
  0x0000029a6eda3810 JavaThread "http-nio-8080-exec-5" daemon [_thread_blocked, id=21620, stack(0x000000f9b8f00000,0x000000f9b9000000)]
  0x0000029a6eda57f0 JavaThread "http-nio-8080-exec-6" daemon [_thread_blocked, id=21624, stack(0x000000f9b9000000,0x000000f9b9100000)]
  0x0000029a6ed9e860 JavaThread "http-nio-8080-exec-7" daemon [_thread_blocked, id=21628, stack(0x000000f9b9100000,0x000000f9b9200000)]
  0x0000029a6eda42b0 JavaThread "http-nio-8080-exec-8" daemon [_thread_blocked, id=21632, stack(0x000000f9b9200000,0x000000f9b9300000)]
  0x0000029a6eda1d80 JavaThread "http-nio-8080-exec-9" daemon [_thread_blocked, id=21636, stack(0x000000f9b9300000,0x000000f9b9400000)]
  0x0000029a6ed9edb0 JavaThread "http-nio-8080-exec-10" daemon [_thread_blocked, id=21644, stack(0x000000f9b9400000,0x000000f9b9500000)]
  0x0000029a6eda2d70 JavaThread "http-nio-8080-Poller" daemon [_thread_in_native, id=21648, stack(0x000000f9b9500000,0x000000f9b9600000)]
  0x0000029a6ed9fda0 JavaThread "http-nio-8080-Acceptor" daemon [_thread_in_native, id=21652, stack(0x000000f9b9600000,0x000000f9b9700000)]
  0x0000029a6eda32c0 JavaThread "DestroyJavaVM" [_thread_blocked, id=20868, stack(0x000000f9b6300000,0x000000f9b6400000)]

Other Threads:
  0x0000029a67fc0f80 VMThread "VM Thread" [stack: 0x000000f9b6900000,0x000000f9b6a00000] [id=20892]
  0x0000029a6c81fbe0 WatcherThread "VM Periodic Task Thread" [stack: 0x000000f9b7600000,0x000000f9b7700000] [id=20984]
  0x0000029a47acae60 WorkerThread "GC Thread#0" [stack: 0x000000f9b6400000,0x000000f9b6500000] [id=20872]
  0x0000029a6d0b7930 WorkerThread "GC Thread#1" [stack: 0x000000f9b7900000,0x000000f9b7a00000] [id=21196]
  0x0000029a6d106500 WorkerThread "GC Thread#2" [stack: 0x000000f9b7a00000,0x000000f9b7b00000] [id=21200]
  0x0000029a6d105f60 WorkerThread "GC Thread#3" [stack: 0x000000f9b7b00000,0x000000f9b7c00000] [id=21204]
  0x0000029a6d107310 WorkerThread "GC Thread#4" [stack: 0x000000f9b7c00000,0x000000f9b7d00000] [id=21208]
  0x0000029a6d107040 WorkerThread "GC Thread#5" [stack: 0x000000f9b7d00000,0x000000f9b7e00000] [id=21212]
  0x0000029a6d1075e0 WorkerThread "GC Thread#6" [stack: 0x000000f9b7e00000,0x000000f9b7f00000] [id=21216]
  0x0000029a6d1078b0 WorkerThread "GC Thread#7" [stack: 0x000000f9b7f00000,0x000000f9b8000000] [id=21220]
  0x0000029a47adb7f0 ConcurrentGCThread "G1 Main Marker" [stack: 0x000000f9b6500000,0x000000f9b6600000] [id=20876]
  0x0000029a47adda80 WorkerThread "G1 Conc#0" [stack: 0x000000f9b6600000,0x000000f9b6700000] [id=20880]
  0x0000029a6e682f70 WorkerThread "G1 Conc#1" [stack: 0x000000f9b8100000,0x000000f9b8200000] [id=12184]
  0x0000029a67e74430 ConcurrentGCThread "G1 Refine#0" [stack: 0x000000f9b6700000,0x000000f9b6800000] [id=20884]
  0x0000029a67e789b0 ConcurrentGCThread "G1 Service" [stack: 0x000000f9b6800000,0x000000f9b6900000] [id=20888]

Threads with active compile tasks:
C2 CompilerThread0    80202 5370       4       org.springframework.boot.devtools.filewatch.FileSnapshot::hashCode (49 bytes)

VM state: not at safepoint (normal execution)

VM Mutex/Monitor currently owned by a thread: None

Heap address: 0x0000000084200000, size: 1982 MB, Compressed Oops mode: 32-bit

CDS archive(s) mapped at: [0x0000000800000000-0x0000000800c40000-0x0000000800c40000), size 12845056, SharedBaseAddress: 0x0000000800000000, ArchiveRelocationMode: 0.
Compressed class space mapped at: 0x0000000801000000-0x0000000841000000, reserved size: 1073741824
Narrow klass base: 0x0000000800000000, Narrow klass shift: 0, Narrow klass range: 0x100000000

GC Precious Log:
 CardTable entry size: 512
 Card Set container configuration: InlinePtr #cards 5 size 8 Array Of Cards #cards 12 size 40 Howl #buckets 4 coarsen threshold 1843 Howl Bitmap #cards 512 size 80 coarsen threshold 460 Card regions per heap region 1 cards per card region 2048
 CPUs: 8 total, 8 available
 Memory: 7926M
 Large Page Support: Disabled
 NUMA Support: Disabled
 Compressed Oops: Enabled (32-bit)
 Heap Region Size: 1M
 Heap Min Capacity: 8M
 Heap Initial Capacity: 124M
 Heap Max Capacity: 1982M
 Pre-touch: Disabled
 Parallel Workers: 8
 Concurrent Workers: 2
 Concurrent Refinement Workers: 8
 Periodic GC: Disabled

Heap:
 garbage-first heap   total 55296K, used 37946K [0x0000000084200000, 0x0000000100000000)
  region size 1024K, 17 young (17408K), 2 survivors (2048K)
 Metaspace       used 45580K, committed 46208K, reserved 1114112K
  class space    used 5869K, committed 6144K, reserved 1048576K

Heap Regions: E=young(eden), S=young(survivor), O=old, HS=humongous(starts), HC=humongous(continues), CS=collection set, F=free, OA=open archive, CA=closed archive, TAMS=top-at-mark-start (previous, next)
|   0|0x0000000084200000, 0x0000000084300000, 0x0000000084300000|100%| O|  |TAMS 0x0000000084300000, 0x0000000084200000| Untracked 
|   1|0x0000000084300000, 0x0000000084400000, 0x0000000084400000|100%| O|  |TAMS 0x0000000084400000, 0x0000000084300000| Untracked 
|   2|0x0000000084400000, 0x0000000084500000, 0x0000000084500000|100%| O|  |TAMS 0x0000000084500000, 0x0000000084400000| Untracked 
|   3|0x0000000084500000, 0x0000000084600000, 0x0000000084600000|100%| O|  |TAMS 0x0000000084600000, 0x0000000084500000| Untracked 
|   4|0x0000000084600000, 0x0000000084600000, 0x0000000084700000|  0%| F|  |TAMS 0x0000000084600000, 0x0000000084600000| Untracked 
|   5|0x0000000084700000, 0x0000000084800000, 0x0000000084800000|100%| O|  |TAMS 0x0000000084800000, 0x0000000084700000| Untracked 
|   6|0x0000000084800000, 0x0000000084900000, 0x0000000084900000|100%| O|  |TAMS 0x0000000084900000, 0x0000000084800000| Untracked 
|   7|0x0000000084900000, 0x0000000084a00000, 0x0000000084a00000|100%| O|  |TAMS 0x0000000084a00000, 0x0000000084900000| Untracked 
|   8|0x0000000084a00000, 0x0000000084b00000, 0x0000000084b00000|100%| O|  |TAMS 0x0000000084b00000, 0x0000000084a00000| Untracked 
|   9|0x0000000084b00000, 0x0000000084c00000, 0x0000000084c00000|100%| O|  |TAMS 0x0000000084c00000, 0x0000000084b00000| Untracked 
|  10|0x0000000084c00000, 0x0000000084d00000, 0x0000000084d00000|100%| O|  |TAMS 0x0000000084d00000, 0x0000000084c00000| Untracked 
|  11|0x0000000084d00000, 0x0000000084e00000, 0x0000000084e00000|100%| O|  |TAMS 0x0000000084e00000, 0x0000000084d00000| Untracked 
|  12|0x0000000084e00000, 0x0000000084f00000, 0x0000000084f00000|100%| O|  |TAMS 0x0000000084f00000, 0x0000000084e00000| Untracked 
|  13|0x0000000084f00000, 0x0000000085000000, 0x0000000085000000|100%| O|  |TAMS 0x0000000085000000, 0x0000000084f00000| Untracked 
|  14|0x0000000085000000, 0x0000000085100000, 0x0000000085100000|100%| O|  |TAMS 0x0000000085100000, 0x0000000085000000| Untracked 
|  15|0x0000000085100000, 0x0000000085200000, 0x0000000085200000|100%| O|  |TAMS 0x0000000085200000, 0x0000000085100000| Untracked 
|  16|0x0000000085200000, 0x0000000085300000, 0x0000000085300000|100%| O|  |TAMS 0x0000000085300000, 0x0000000085200000| Untracked 
|  17|0x0000000085300000, 0x0000000085400000, 0x0000000085400000|100%| O|  |TAMS 0x000000008536d200, 0x0000000085300000| Untracked 
|  18|0x0000000085400000, 0x0000000085500000, 0x0000000085500000|100%| O|  |TAMS 0x0000000085400000, 0x0000000085400000| Untracked 
|  19|0x0000000085500000, 0x0000000085600000, 0x0000000085600000|100%| O|  |TAMS 0x0000000085500000, 0x0000000085500000| Untracked 
|  20|0x0000000085600000, 0x0000000085700000, 0x0000000085700000|100%| O|  |TAMS 0x0000000085600000, 0x0000000085600000| Untracked 
|  21|0x0000000085700000, 0x0000000085800000, 0x0000000085800000|100%| O|  |TAMS 0x0000000085700000, 0x0000000085700000| Untracked 
|  22|0x0000000085800000, 0x0000000085847800, 0x0000000085900000| 27%| O|  |TAMS 0x0000000085800000, 0x0000000085800000| Untracked 
|  23|0x0000000085900000, 0x0000000085900000, 0x0000000085a00000|  0%| F|  |TAMS 0x0000000085900000, 0x0000000085900000| Untracked 
|  24|0x0000000085a00000, 0x0000000085a00000, 0x0000000085b00000|  0%| F|  |TAMS 0x0000000085a00000, 0x0000000085a00000| Untracked 
|  25|0x0000000085b00000, 0x0000000085b00000, 0x0000000085c00000|  0%| F|  |TAMS 0x0000000085b00000, 0x0000000085b00000| Untracked 
|  26|0x0000000085c00000, 0x0000000085c00000, 0x0000000085d00000|  0%| F|  |TAMS 0x0000000085c00000, 0x0000000085c00000| Untracked 
|  27|0x0000000085d00000, 0x0000000085d00000, 0x0000000085e00000|  0%| F|  |TAMS 0x0000000085d00000, 0x0000000085d00000| Untracked 
|  28|0x0000000085e00000, 0x0000000085e00000, 0x0000000085f00000|  0%| F|  |TAMS 0x0000000085e00000, 0x0000000085e00000| Untracked 
|  29|0x0000000085f00000, 0x0000000085f00000, 0x0000000086000000|  0%| F|  |TAMS 0x0000000085f00000, 0x0000000085f00000| Untracked 
|  30|0x0000000086000000, 0x0000000086000000, 0x0000000086100000|  0%| F|  |TAMS 0x0000000086000000, 0x0000000086000000| Untracked 
|  31|0x0000000086100000, 0x0000000086100000, 0x0000000086200000|  0%| F|  |TAMS 0x0000000086100000, 0x0000000086100000| Untracked 
|  32|0x0000000086200000, 0x0000000086200000, 0x0000000086300000|  0%| F|  |TAMS 0x0000000086200000, 0x0000000086200000| Untracked 
|  33|0x0000000086300000, 0x00000000863c7120, 0x0000000086400000| 77%| S|CS|TAMS 0x0000000086300000, 0x0000000086300000| Complete 
|  34|0x0000000086400000, 0x0000000086500000, 0x0000000086500000|100%| S|CS|TAMS 0x0000000086400000, 0x0000000086400000| Complete 
|  35|0x0000000086500000, 0x0000000086500000, 0x0000000086600000|  0%| F|  |TAMS 0x0000000086500000, 0x0000000086500000| Untracked 
|  36|0x0000000086600000, 0x0000000086600000, 0x0000000086700000|  0%| F|  |TAMS 0x0000000086600000, 0x0000000086600000| Untracked 
|  37|0x0000000086700000, 0x0000000086700000, 0x0000000086800000|  0%| F|  |TAMS 0x0000000086700000, 0x0000000086700000| Untracked 
|  38|0x0000000086800000, 0x0000000086800000, 0x0000000086900000|  0%| F|  |TAMS 0x0000000086800000, 0x0000000086800000| Untracked 
|  39|0x0000000086900000, 0x00000000869cd460, 0x0000000086a00000| 80%| E|  |TAMS 0x0000000086900000, 0x0000000086900000| Complete 
|  40|0x0000000086a00000, 0x0000000086b00000, 0x0000000086b00000|100%| E|CS|TAMS 0x0000000086a00000, 0x0000000086a00000| Complete 
|  41|0x0000000086b00000, 0x0000000086c00000, 0x0000000086c00000|100%| E|CS|TAMS 0x0000000086b00000, 0x0000000086b00000| Complete 
|  42|0x0000000086c00000, 0x0000000086d00000, 0x0000000086d00000|100%| E|CS|TAMS 0x0000000086c00000, 0x0000000086c00000| Complete 
|  43|0x0000000086d00000, 0x0000000086e00000, 0x0000000086e00000|100%| E|CS|TAMS 0x0000000086d00000, 0x0000000086d00000| Complete 
|  44|0x0000000086e00000, 0x0000000086f00000, 0x0000000086f00000|100%| E|CS|TAMS 0x0000000086e00000, 0x0000000086e00000| Complete 
|  45|0x0000000086f00000, 0x0000000087000000, 0x0000000087000000|100%| E|CS|TAMS 0x0000000086f00000, 0x0000000086f00000| Complete 
|  67|0x0000000088500000, 0x0000000088600000, 0x0000000088600000|100%| E|CS|TAMS 0x0000000088500000, 0x0000000088500000| Complete 
|  68|0x0000000088600000, 0x0000000088700000, 0x0000000088700000|100%| E|CS|TAMS 0x0000000088600000, 0x0000000088600000| Complete 
|  69|0x0000000088700000, 0x0000000088800000, 0x0000000088800000|100%| E|CS|TAMS 0x0000000088700000, 0x0000000088700000| Complete 
|  70|0x0000000088800000, 0x0000000088900000, 0x0000000088900000|100%| E|CS|TAMS 0x0000000088800000, 0x0000000088800000| Complete 
|  71|0x0000000088900000, 0x0000000088a00000, 0x0000000088a00000|100%| E|CS|TAMS 0x0000000088900000, 0x0000000088900000| Complete 
|  72|0x0000000088a00000, 0x0000000088b00000, 0x0000000088b00000|100%| E|CS|TAMS 0x0000000088a00000, 0x0000000088a00000| Complete 
|  73|0x0000000088b00000, 0x0000000088c00000, 0x0000000088c00000|100%| E|CS|TAMS 0x0000000088b00000, 0x0000000088b00000| Complete 
| 123|0x000000008bd00000, 0x000000008be00000, 0x000000008be00000|100%| E|CS|TAMS 0x000000008bd00000, 0x000000008bd00000| Complete 

Card table byte_map: [0x0000029a61260000,0x0000029a61640000] _byte_map_base: 0x0000029a60e3f000

Marking Bits (Prev, Next): (CMBitMap*) 0x0000029a47acb490, (CMBitMap*) 0x0000029a47acb4d0
 Prev Bits: [0x0000029a61a20000, 0x0000029a63918000)
 Next Bits: [0x0000029a63920000, 0x0000029a65818000)

Polling page: 0x0000029a47b20000

Metaspace:

Usage:
  Non-class:     38.78 MB used.
      Class:      5.73 MB used.
       Both:     44.51 MB used.

Virtual space:
  Non-class space:       64.00 MB reserved,      39.13 MB ( 61%) committed,  1 nodes.
      Class space:        1.00 GB reserved,       6.00 MB ( <1%) committed,  1 nodes.
             Both:        1.06 GB reserved,      45.13 MB (  4%) committed. 

Chunk freelists:
   Non-Class:  906.00 KB
       Class:  2.01 MB
        Both:  2.90 MB

MaxMetaspaceSize: unlimited
CompressedClassSpaceSize: 1.00 GB
Initial GC threshold: 21.00 MB
Current GC threshold: 58.88 MB
CDS: on
MetaspaceReclaimPolicy: balanced
 - commit_granule_bytes: 65536.
 - commit_granule_words: 8192.
 - virtual_space_node_default_size: 8388608.
 - enlarge_chunks_in_place: 1.
 - new_chunks_are_fully_committed: 0.
 - uncommit_free_chunks: 1.
 - use_allocation_guard: 0.


Internal statistics:

num_allocs_failed_limit: 6.
num_arena_births: 852.
num_arena_deaths: 0.
num_vsnodes_births: 2.
num_vsnodes_deaths: 0.
num_space_committed: 722.
num_space_uncommitted: 0.
num_chunks_returned_to_freelist: 6.
num_chunks_taken_from_freelist: 2490.
num_chunk_merges: 6.
num_chunk_splits: 1765.
num_chunks_enlarged: 1386.
num_inconsistent_stats: 0.

CodeHeap 'non-profiled nmethods': size=120000Kb used=2228Kb max_used=2643Kb free=117771Kb
 bounds [0x0000029a58ee0000, 0x0000029a59180000, 0x0000029a60410000]
CodeHeap 'profiled nmethods': size=120000Kb used=8943Kb max_used=11027Kb free=111056Kb
 bounds [0x0000029a51410000, 0x0000029a51ee0000, 0x0000029a58940000]
CodeHeap 'non-nmethods': size=5760Kb used=1387Kb max_used=1412Kb free=4372Kb
 bounds [0x0000029a58940000, 0x0000029a58bb0000, 0x0000029a58ee0000]
 total_blobs=5192 nmethods=4572 adapters=529
 compilation: enabled
              stopped_count=0, restarted_count=0
 full_count=0

Compilation events (20 events):
Event: 72.699 Thread 0x0000029a67fee630 nmethod 5359 0x0000029a58f80190 code [0x0000029a58f80320, 0x0000029a58f803d8]
Event: 73.891 Thread 0x0000029a67fee630 5360       3       java.util.concurrent.ScheduledThreadPoolExecutor::canRunInCurrentRunState (61 bytes)
Event: 73.892 Thread 0x0000029a67fee630 nmethod 5360 0x0000029a517fce10 code [0x0000029a517fd020, 0x0000029a517fd828]
Event: 73.893 Thread 0x0000029a67fee630 5361       3       java.util.concurrent.locks.AbstractQueuedSynchronizer$Node::<init> (5 bytes)
Event: 73.893 Thread 0x0000029a67fee630 nmethod 5361 0x0000029a51530510 code [0x0000029a515306c0, 0x0000029a51530818]
Event: 74.076 Thread 0x0000029a67fee630 5362       1       jdk.internal.event.ThreadSleepEvent::isEnabled (2 bytes)
Event: 74.076 Thread 0x0000029a67fee630 nmethod 5362 0x0000029a58f90090 code [0x0000029a58f90220, 0x0000029a58f902f8]
Event: 74.890 Thread 0x0000029a67febca0 5363       4       java.util.concurrent.locks.AbstractQueuedSynchronizer::compareAndSetState (13 bytes)
Event: 74.890 Thread 0x0000029a67fee630 5364       3       java.util.concurrent.locks.AbstractQueuedSynchronizer$ConditionNode::isReleasable (23 bytes)
Event: 74.892 Thread 0x0000029a67febca0 nmethod 5363 0x0000029a58f8fb90 code [0x0000029a58f8fd00, 0x0000029a58f8fd98]
Event: 74.894 Thread 0x0000029a67fee630 nmethod 5364 0x0000029a51bbd190 code [0x0000029a51bbd340, 0x0000029a51bbd598]
Event: 77.836 Thread 0x0000029a67fee630 5365       3       java.util.concurrent.TimeUnit::toNanos (45 bytes)
Event: 77.837 Thread 0x0000029a67fee630 nmethod 5365 0x0000029a51d10a90 code [0x0000029a51d10c40, 0x0000029a51d10eb8]
Event: 78.451 Thread 0x0000029a67fee630 5367       3       org.bson.AbstractBsonReader::getNextState (80 bytes)
Event: 78.468 Thread 0x0000029a67fee630 nmethod 5367 0x0000029a516ece10 code [0x0000029a516ed0a0, 0x0000029a516ede18]
Event: 78.486 Thread 0x0000029a67fee630 5368       3       java.nio.ByteBuffer::clear (7 bytes)
Event: 78.486 Thread 0x0000029a67fee630 nmethod 5368 0x0000029a51562e10 code [0x0000029a51562fc0, 0x0000029a51563138]
Event: 78.492 Thread 0x0000029a67fee630 5369       3       org.bson.codecs.BsonDocumentCodec::readValue (24 bytes)
Event: 78.494 Thread 0x0000029a67fee630 nmethod 5369 0x0000029a51744b10 code [0x0000029a51744ce0, 0x0000029a517450f8]
Event: 79.963 Thread 0x0000029a67febca0 5370       4       org.springframework.boot.devtools.filewatch.FileSnapshot::hashCode (49 bytes)

GC Heap History (20 events):
Event: 3.049 GC heap before
{Heap before GC invocations=1 (full 0):
 garbage-first heap   total 126976K, used 34466K [0x0000000084200000, 0x0000000100000000)
  region size 1024K, 31 young (31744K), 3 survivors (3072K)
 Metaspace       used 12984K, committed 13312K, reserved 1114112K
  class space    used 1530K, committed 1664K, reserved 1048576K
}
Event: 3.056 GC heap after
{Heap after GC invocations=2 (full 0):
 garbage-first heap   total 126976K, used 10066K [0x0000000084200000, 0x0000000100000000)
  region size 1024K, 3 young (3072K), 3 survivors (3072K)
 Metaspace       used 12984K, committed 13312K, reserved 1114112K
  class space    used 1530K, committed 1664K, reserved 1048576K
}
Event: 5.503 GC heap before
{Heap before GC invocations=2 (full 0):
 garbage-first heap   total 126976K, used 56146K [0x0000000084200000, 0x0000000100000000)
  region size 1024K, 50 young (51200K), 3 survivors (3072K)
 Metaspace       used 21069K, committed 21504K, reserved 1114112K
  class space    used 2532K, committed 2688K, reserved 1048576K
}
Event: 5.514 GC heap after
{Heap after GC invocations=3 (full 0):
 garbage-first heap   total 126976K, used 13746K [0x0000000084200000, 0x0000000100000000)
  region size 1024K, 7 young (7168K), 7 survivors (7168K)
 Metaspace       used 21069K, committed 21504K, reserved 1114112K
  class space    used 2532K, committed 2688K, reserved 1048576K
}
Event: 6.924 GC heap before
{Heap before GC invocations=4 (full 0):
 garbage-first heap   total 55296K, used 39346K [0x0000000084200000, 0x0000000100000000)
  region size 1024K, 32 young (32768K), 7 survivors (7168K)
 Metaspace       used 25625K, committed 26112K, reserved 1114112K
  class space    used 3164K, committed 3392K, reserved 1048576K
}
Event: 6.933 GC heap after
{Heap after GC invocations=5 (full 0):
 garbage-first heap   total 55296K, used 16088K [0x0000000084200000, 0x0000000100000000)
  region size 1024K, 3 young (3072K), 3 survivors (3072K)
 Metaspace       used 25625K, committed 26112K, reserved 1114112K
  class space    used 3164K, committed 3392K, reserved 1048576K
}
Event: 6.952 GC heap before
{Heap before GC invocations=5 (full 0):
 garbage-first heap   total 55296K, used 17112K [0x0000000084200000, 0x0000000100000000)
  region size 1024K, 4 young (4096K), 3 survivors (3072K)
 Metaspace       used 25755K, committed 26240K, reserved 1114112K
  class space    used 3200K, committed 3456K, reserved 1048576K
}
Event: 6.957 GC heap after
{Heap after GC invocations=6 (full 0):
 garbage-first heap   total 55296K, used 16323K [0x0000000084200000, 0x0000000100000000)
  region size 1024K, 1 young (1024K), 1 survivors (1024K)
 Metaspace       used 25755K, committed 26240K, reserved 1114112K
  class space    used 3200K, committed 3456K, reserved 1048576K
}
Event: 8.028 GC heap before
{Heap before GC invocations=6 (full 0):
 garbage-first heap   total 55296K, used 35779K [0x0000000084200000, 0x0000000100000000)
  region size 1024K, 21 young (21504K), 1 survivors (1024K)
 Metaspace       used 30284K, committed 30784K, reserved 1114112K
  class space    used 3737K, committed 3968K, reserved 1048576K
}
Event: 8.034 GC heap after
{Heap after GC invocations=7 (full 0):
 garbage-first heap   total 55296K, used 17869K [0x0000000084200000, 0x0000000100000000)
  region size 1024K, 2 young (2048K), 2 survivors (2048K)
 Metaspace       used 30284K, committed 30784K, reserved 1114112K
  class space    used 3737K, committed 3968K, reserved 1048576K
}
Event: 9.342 GC heap before
{Heap before GC invocations=7 (full 0):
 garbage-first heap   total 55296K, used 38349K [0x0000000084200000, 0x0000000100000000)
  region size 1024K, 22 young (22528K), 2 survivors (2048K)
 Metaspace       used 34973K, committed 35520K, reserved 1114112K
  class space    used 4422K, committed 4672K, reserved 1048576K
}
Event: 9.351 GC heap after
{Heap after GC invocations=8 (full 0):
 garbage-first heap   total 55296K, used 19976K [0x0000000084200000, 0x0000000100000000)
  region size 1024K, 3 young (3072K), 3 survivors (3072K)
 Metaspace       used 34973K, committed 35520K, reserved 1114112K
  class space    used 4422K, committed 4672K, reserved 1048576K
}
Event: 9.551 GC heap before
{Heap before GC invocations=8 (full 0):
 garbage-first heap   total 55296K, used 22024K [0x0000000084200000, 0x0000000100000000)
  region size 1024K, 6 young (6144K), 3 survivors (3072K)
 Metaspace       used 35510K, committed 35968K, reserved 1114112K
  class space    used 4516K, committed 4736K, reserved 1048576K
}
Event: 9.555 GC heap after
{Heap after GC invocations=9 (full 0):
 garbage-first heap   total 55296K, used 20322K [0x0000000084200000, 0x0000000100000000)
  region size 1024K, 1 young (1024K), 1 survivors (1024K)
 Metaspace       used 35510K, committed 35968K, reserved 1114112K
  class space    used 4516K, committed 4736K, reserved 1048576K
}
Event: 10.807 GC heap before
{Heap before GC invocations=10 (full 0):
 garbage-first heap   total 55296K, used 39778K [0x0000000084200000, 0x0000000100000000)
  region size 1024K, 20 young (20480K), 1 survivors (1024K)
 Metaspace       used 38313K, committed 38848K, reserved 1114112K
  class space    used 4887K, committed 5120K, reserved 1048576K
}
Event: 10.813 GC heap after
{Heap after GC invocations=11 (full 0):
 garbage-first heap   total 55296K, used 22299K [0x0000000084200000, 0x0000000100000000)
  region size 1024K, 3 young (3072K), 3 survivors (3072K)
 Metaspace       used 38313K, committed 38848K, reserved 1114112K
  class space    used 4887K, committed 5120K, reserved 1048576K
}
Event: 10.879 GC heap before
{Heap before GC invocations=11 (full 0):
 garbage-first heap   total 55296K, used 23323K [0x0000000084200000, 0x0000000100000000)
  region size 1024K, 4 young (4096K), 3 survivors (3072K)
 Metaspace       used 38517K, committed 39104K, reserved 1114112K
  class space    used 4915K, committed 5184K, reserved 1048576K
}
Event: 10.889 GC heap after
{Heap after GC invocations=12 (full 0):
 garbage-first heap   total 55296K, used 22069K [0x0000000084200000, 0x0000000100000000)
  region size 1024K, 1 young (1024K), 1 survivors (1024K)
 Metaspace       used 38517K, committed 39104K, reserved 1114112K
  class space    used 4915K, committed 5184K, reserved 1048576K
}
Event: 28.623 GC heap before
{Heap before GC invocations=12 (full 0):
 garbage-first heap   total 55296K, used 39477K [0x0000000084200000, 0x0000000100000000)
  region size 1024K, 19 young (19456K), 1 survivors (1024K)
 Metaspace       used 42030K, committed 42688K, reserved 1114112K
  class space    used 5392K, committed 5696K, reserved 1048576K
}
Event: 28.632 GC heap after
{Heap after GC invocations=13 (full 0):
 garbage-first heap   total 55296K, used 23610K [0x0000000084200000, 0x0000000100000000)
  region size 1024K, 2 young (2048K), 2 survivors (2048K)
 Metaspace       used 42030K, committed 42688K, reserved 1114112K
  class space    used 5392K, committed 5696K, reserved 1048576K
}

Dll operation events (14 events):
Event: 0.023 Loaded shared library C:\Users\Ritej\.jdks\corretto-19.0.2\bin\java.dll
Event: 0.052 Loaded shared library C:\Users\Ritej\.jdks\corretto-19.0.2\bin\jsvml.dll
Event: 0.367 Loaded shared library C:\Users\Ritej\.jdks\corretto-19.0.2\bin\zip.dll
Event: 0.375 Loaded shared library C:\Users\Ritej\.jdks\corretto-19.0.2\bin\instrument.dll
Event: 0.391 Loaded shared library C:\Users\Ritej\.jdks\corretto-19.0.2\bin\net.dll
Event: 0.396 Loaded shared library C:\Users\Ritej\.jdks\corretto-19.0.2\bin\nio.dll
Event: 0.410 Loaded shared library C:\Users\Ritej\.jdks\corretto-19.0.2\bin\zip.dll
Event: 0.716 Loaded shared library C:\Program Files\JetBrains\IntelliJ IDEA Community Edition 2024.1.4\bin\breakgen64.dll
Event: 0.770 Loaded shared library C:\Users\Ritej\.jdks\corretto-19.0.2\bin\extnet.dll
Event: 0.888 Loaded shared library C:\Users\Ritej\.jdks\corretto-19.0.2\bin\jimage.dll
Event: 1.539 Loaded shared library C:\Users\Ritej\.jdks\corretto-19.0.2\bin\management.dll
Event: 1.551 Loaded shared library C:\Users\Ritej\.jdks\corretto-19.0.2\bin\management_ext.dll
Event: 3.563 Loaded shared library C:\Users\Ritej\.jdks\corretto-19.0.2\bin\sunmscapi.dll
Event: 29.511 Loaded shared library C:\Users\Ritej\.jdks\corretto-19.0.2\bin\verify.dll

Deoptimization events (20 events):
Event: 29.558 Thread 0x0000029a6eda2820 Uncommon trap: trap_request=0xffffff45 fr.pc=0x0000029a590ff0e0 relative=0x0000000000000240
Event: 29.558 Thread 0x0000029a6eda2820 Uncommon trap: reason=unstable_if action=reinterpret pc=0x0000029a590ff0e0 method=java.util.concurrent.ConcurrentHashMap.get(Ljava/lang/Object;)Ljava/lang/Object; @ 86 c2
Event: 29.558 Thread 0x0000029a6eda2820 DEOPT PACKING pc=0x0000029a590ff0e0 sp=0x000000f9b8af9fb0
Event: 29.559 Thread 0x0000029a6eda2820 DEOPT UNPACKING pc=0x0000029a589aa5a3 sp=0x000000f9b8af9f28 mode 2
Event: 29.559 Thread 0x0000029a6eda2820 Uncommon trap: trap_request=0xffffff45 fr.pc=0x0000029a58f7203c relative=0x000000000000029c
Event: 29.559 Thread 0x0000029a6eda2820 Uncommon trap: reason=unstable_if action=reinterpret pc=0x0000029a58f7203c method=java.util.concurrent.ConcurrentHashMap$Traverser.advance()Ljava/util/concurrent/ConcurrentHashMap$Node; @ 84 c2
Event: 29.559 Thread 0x0000029a6eda2820 DEOPT PACKING pc=0x0000029a58f7203c sp=0x000000f9b8af9f90
Event: 29.559 Thread 0x0000029a6eda2820 DEOPT UNPACKING pc=0x0000029a589aa5a3 sp=0x000000f9b8af9f40 mode 2
Event: 29.651 Thread 0x0000029a6eda2820 Uncommon trap: trap_request=0xffffff45 fr.pc=0x0000029a58f860cc relative=0x000000000000032c
Event: 29.651 Thread 0x0000029a6eda2820 Uncommon trap: reason=unstable_if action=reinterpret pc=0x0000029a58f860cc method=java.lang.StringLatin1.regionMatchesCI([BI[BII)Z @ 72 c2
Event: 29.651 Thread 0x0000029a6eda2820 DEOPT PACKING pc=0x0000029a58f860cc sp=0x000000f9b8afb670
Event: 29.651 Thread 0x0000029a6eda2820 DEOPT UNPACKING pc=0x0000029a589aa5a3 sp=0x000000f9b8afb538 mode 2
Event: 29.719 Thread 0x0000029a6eda2820 Uncommon trap: trap_request=0xffffff45 fr.pc=0x0000029a5912a6f0 relative=0x00000000000002d0
Event: 29.719 Thread 0x0000029a6eda2820 Uncommon trap: reason=unstable_if action=reinterpret pc=0x0000029a5912a6f0 method=java.lang.Integer.getChars(II[B)I @ 4 c2
Event: 29.719 Thread 0x0000029a6eda2820 DEOPT PACKING pc=0x0000029a5912a6f0 sp=0x000000f9b8afaa40
Event: 29.719 Thread 0x0000029a6eda2820 DEOPT UNPACKING pc=0x0000029a589aa5a3 sp=0x000000f9b8afa9b8 mode 2
Event: 29.721 Thread 0x0000029a6eda2820 Uncommon trap: trap_request=0xffffff45 fr.pc=0x0000029a58f859bc relative=0x000000000000019c
Event: 29.721 Thread 0x0000029a6eda2820 Uncommon trap: reason=unstable_if action=reinterpret pc=0x0000029a58f859bc method=java.lang.StringLatin1.regionMatchesCI([BI[BII)Z @ 72 c2
Event: 29.721 Thread 0x0000029a6eda2820 DEOPT PACKING pc=0x0000029a58f859bc sp=0x000000f9b8afb3b0
Event: 29.721 Thread 0x0000029a6eda2820 DEOPT UNPACKING pc=0x0000029a589aa5a3 sp=0x000000f9b8afb318 mode 2

Classes loaded (20 events):
Event: 28.807 Loading class java/io/PushbackInputStream
Event: 28.808 Loading class java/io/PushbackInputStream done
Event: 28.811 Loading class java/util/OptionalLong
Event: 28.812 Loading class java/util/OptionalLong done
Event: 28.812 Loading class java/util/OptionalDouble
Event: 28.812 Loading class java/util/OptionalDouble done
Event: 28.839 Loading class org/w3c/dom/Node
Event: 28.840 Loading class org/w3c/dom/Node done
Event: 28.840 Loading class org/w3c/dom/Document
Event: 28.841 Loading class org/w3c/dom/Document done
Event: 29.180 Loading class java/util/TreeMap$KeySpliterator
Event: 29.181 Loading class java/util/TreeMap$KeySpliterator done
Event: 29.208 Loading class java/util/AbstractMap$SimpleEntry
Event: 29.209 Loading class java/util/AbstractMap$SimpleEntry done
Event: 29.559 Loading class java/util/concurrent/ConcurrentHashMap$TreeBin
Event: 29.560 Loading class java/util/concurrent/ConcurrentHashMap$TreeBin done
Event: 29.661 Loading class java/util/stream/LongStream
Event: 29.662 Loading class java/util/stream/LongStream done
Event: 29.662 Loading class java/util/stream/DoubleStream
Event: 29.663 Loading class java/util/stream/DoubleStream done

Classes unloaded (0 events):
No events

Classes redefined (0 events):
No events

Internal exceptions (20 events):
Event: 9.997 Thread 0x0000029a6d1204b0 Implicit null exception at 0x0000029a5912494b to 0x0000029a59124b44
Event: 10.027 Thread 0x0000029a6d1204b0 Exception <a 'java/lang/NoSuchMethodError'{0x0000000086f95ef0}: 'java.lang.Object java.lang.invoke.DirectMethodHandle$Holder.newInvokeSpecial(java.lang.Object, java.lang.Object, java.lang.Object, java.lang.Object, java.lang.Object, java.lang.Object, java.lang.Object, java.lang.Object)'> (0x0000000086f95ef0) 
thrown [s\src\hotspot\share\interpreter\linkResolver.cpp, line 774]
Event: 10.495 Thread 0x0000029a6d1204b0 Exception <a 'sun/nio/fs/WindowsException'{0x00000000869d8be0}> (0x00000000869d8be0) 
thrown [s\src\hotspot\share\prims\jni.cpp, line 517]
Event: 10.605 Thread 0x0000029a6d1204b0 Exception <a 'java/lang/IncompatibleClassChangeError'{0x00000000867f05d8}: Found class java.lang.Object, but interface was expected> (0x00000000867f05d8) 
thrown [s\src\hotspot\share\interpreter\linkResolver.cpp, line 841]
Event: 11.456 Thread 0x0000029a6d1204b0 Exception <a 'java/lang/NoSuchMethodError'{0x0000000086fe5db0}: 'int java.lang.invoke.DirectMethodHandle$Holder.invokeStaticInit(java.lang.Object, java.lang.Object, java.lang.Object, java.lang.Object)'> (0x0000000086fe5db0) 
thrown [s\src\hotspot\share\interpreter\linkResolver.cpp, line 774]
Event: 11.778 Thread 0x0000029a6d1204b0 Exception <a 'java/lang/NoSuchMethodError'{0x0000000086bf0fa0}: 'java.lang.Object java.lang.invoke.DirectMethodHandle$Holder.newInvokeSpecial(java.lang.Object, java.lang.Object, int, java.lang.Object, java.lang.Object)'> (0x0000000086bf0fa0) 
thrown [s\src\hotspot\share\interpreter\linkResolver.cpp, line 774]
Event: 28.275 Thread 0x0000029a6ed9fda0 Exception <a 'java/lang/NoSuchMethodError'{0x00000000868af578}: 'java.lang.Object java.lang.invoke.DirectMethodHandle$Holder.invokeStatic(java.lang.Object, java.lang.Object, java.lang.Object, int, int)'> (0x00000000868af578) 
thrown [s\src\hotspot\share\interpreter\linkResolver.cpp, line 774]
Event: 28.276 Thread 0x0000029a6ed9fda0 Exception <a 'java/lang/NoSuchMethodError'{0x00000000868b2dd8}: 'java.lang.Object java.lang.invoke.DirectMethodHandle$Holder.invokeStaticInit(java.lang.Object, java.lang.Object, java.lang.Object, int, int)'> (0x00000000868b2dd8) 
thrown [s\src\hotspot\share\interpreter\linkResolver.cpp, line 774]
Event: 28.404 Thread 0x0000029a6ed9f300 Exception <a 'java/lang/NoSuchMethodError'{0x0000000086613228}: 'java.lang.Object java.lang.invoke.DirectMethodHandle$Holder.invokeSpecial(java.lang.Object, java.lang.Object, java.lang.Object, java.lang.Object, java.lang.Object, long)'> (0x0000000086613228) 
thrown [s\src\hotspot\share\interpreter\linkResolver.cpp, line 774]
Event: 28.405 Thread 0x0000029a6ed9f300 Exception <a 'java/lang/NoSuchMethodError'{0x0000000086616c78}: 'java.lang.Object java.lang.invoke.Invokers$Holder.linkToTargetMethod(java.lang.Object, java.lang.Object, java.lang.Object, long, java.lang.Object)'> (0x0000000086616c78) 
thrown [s\src\hotspot\share\interpreter\linkResolver.cpp, line 774]
Event: 29.070 Thread 0x0000029a6eda2820 Exception <a 'java/lang/NoSuchMethodError'{0x00000000887210f8}: 'void java.lang.invoke.DirectMethodHandle$Holder.invokeVirtual(java.lang.Object, java.lang.Object, double)'> (0x00000000887210f8) 
thrown [s\src\hotspot\share\interpreter\linkResolver.cpp, line 774]
Event: 29.074 Thread 0x0000029a6eda2820 Exception <a 'java/lang/NoSuchMethodError'{0x000000008872c720}: 'double java.lang.invoke.DelegatingMethodHandle$Holder.reinvoke_L(java.lang.Object, java.lang.Object, int)'> (0x000000008872c720) 
thrown [s\src\hotspot\share\interpreter\linkResolver.cpp, line 774]
Event: 29.076 Thread 0x0000029a6eda2820 Exception <a 'java/lang/NoSuchMethodError'{0x0000000088737648}: 'void java.lang.invoke.DelegatingMethodHandle$Holder.reinvoke_L(java.lang.Object, java.lang.Object, double)'> (0x0000000088737648) 
thrown [s\src\hotspot\share\interpreter\linkResolver.cpp, line 774]
Event: 29.409 Thread 0x0000029a6eda2820 Exception <a 'java/lang/NoSuchMethodError'{0x0000000086e19a88}: 'long java.lang.invoke.DirectMethodHandle$Holder.invokeStatic(java.lang.Object, long)'> (0x0000000086e19a88) 
thrown [s\src\hotspot\share\interpreter\linkResolver.cpp, line 774]
Event: 29.516 Thread 0x0000029a6eda2820 Exception <a 'java/lang/NoSuchMethodError'{0x0000000086d45988}: 'void java.lang.invoke.Invokers$Holder.invoke_MT(java.lang.Object, java.lang.Object, java.lang.Object, java.lang.Object)'> (0x0000000086d45988) 
thrown [s\src\hotspot\share\interpreter\linkResolver.cpp, line 774]
Event: 29.521 Thread 0x0000029a6eda2820 Implicit null exception at 0x0000029a59030a34 to 0x0000029a59030aa0
Event: 29.551 Thread 0x0000029a6eda2820 Exception <a 'java/lang/NoSuchMethodError'{0x0000000086d9f9b8}: 'double java.lang.invoke.DelegatingMethodHandle$Holder.reinvoke_L(java.lang.Object, java.lang.Object)'> (0x0000000086d9f9b8) 
thrown [s\src\hotspot\share\interpreter\linkResolver.cpp, line 774]
Event: 29.716 Thread 0x0000029a6eda2820 Exception <a 'java/lang/NoSuchMethodError'{0x0000000086b7b950}: 'double java.lang.invoke.DirectMethodHandle$Holder.invokeVirtual(java.lang.Object, java.lang.Object)'> (0x0000000086b7b950) 
thrown [s\src\hotspot\share\interpreter\linkResolver.cpp, line 774]
Event: 68.041 Thread 0x0000029a6dac7bb0 Exception <a 'java/lang/NoSuchMethodError'{0x0000000086946c40}: 'java.lang.Object java.lang.invoke.DirectMethodHandle$Holder.newInvokeSpecial(java.lang.Object, java.lang.Object, long)'> (0x0000000086946c40) 
thrown [s\src\hotspot\share\interpreter\linkResolver.cpp, line 774]
Event: 68.042 Thread 0x0000029a6dac7bb0 Exception <a 'java/lang/NoSuchMethodError'{0x000000008694a5f0}: 'java.lang.Object java.lang.invoke.Invokers$Holder.linkToTargetMethod(java.lang.Object, long, java.lang.Object)'> (0x000000008694a5f0) 
thrown [s\src\hotspot\share\interpreter\linkResolver.cpp, line 774]

VM Operations (20 events):
Event: 30.648 Executing VM operation: Cleanup
Event: 30.649 Executing VM operation: Cleanup done
Event: 38.704 Executing VM operation: Cleanup
Event: 38.704 Executing VM operation: Cleanup done
Event: 40.724 Executing VM operation: Cleanup
Event: 40.724 Executing VM operation: Cleanup done
Event: 47.810 Executing VM operation: Cleanup
Event: 47.811 Executing VM operation: Cleanup done
Event: 48.821 Executing VM operation: Cleanup
Event: 48.821 Executing VM operation: Cleanup done
Event: 51.853 Executing VM operation: Cleanup
Event: 51.853 Executing VM operation: Cleanup done
Event: 57.925 Executing VM operation: Cleanup
Event: 57.926 Executing VM operation: Cleanup done
Event: 58.929 Executing VM operation: Cleanup
Event: 58.929 Executing VM operation: Cleanup done
Event: 65.993 Executing VM operation: Cleanup
Event: 65.994 Executing VM operation: Cleanup done
Event: 69.029 Executing VM operation: Cleanup
Event: 69.029 Executing VM operation: Cleanup done

Events (20 events):
Event: 29.019 Thread 0x0000029a6c548090 flushing nmethod 0x0000029a51d14010
Event: 29.019 Thread 0x0000029a6c548090 flushing nmethod 0x0000029a51d14d10
Event: 29.019 Thread 0x0000029a6c548090 flushing nmethod 0x0000029a51d15b90
Event: 29.019 Thread 0x0000029a6c548090 flushing nmethod 0x0000029a51d16290
Event: 29.019 Thread 0x0000029a6c548090 flushing nmethod 0x0000029a51d1a790
Event: 29.019 Thread 0x0000029a6c548090 flushing nmethod 0x0000029a51d1ad90
Event: 29.019 Thread 0x0000029a6c548090 flushing nmethod 0x0000029a51d41590
Event: 29.020 Thread 0x0000029a6c548090 flushing nmethod 0x0000029a51d8a590
Event: 29.020 Thread 0x0000029a6c548090 flushing nmethod 0x0000029a51dbb690
Event: 29.020 Thread 0x0000029a6c548090 flushing nmethod 0x0000029a51dca690
Event: 29.020 Thread 0x0000029a6c548090 flushing nmethod 0x0000029a51dd3410
Event: 29.021 Thread 0x0000029a6c548090 flushing nmethod 0x0000029a51de5310
Event: 29.021 Thread 0x0000029a6c548090 flushing nmethod 0x0000029a51e13990
Event: 29.021 Thread 0x0000029a6c548090 flushing nmethod 0x0000029a51e52c90
Event: 29.022 Thread 0x0000029a6c548090 flushing nmethod 0x0000029a51e68290
Event: 29.022 Thread 0x0000029a6c548090 flushing nmethod 0x0000029a51e9a490
Event: 29.022 Thread 0x0000029a6c548090 flushing nmethod 0x0000029a51e9ab10
Event: 29.022 Thread 0x0000029a6c548090 flushing nmethod 0x0000029a51e9b110
Event: 29.022 Thread 0x0000029a6c548090 flushing nmethod 0x0000029a51ea6490
Event: 34.727 Thread 0x0000029a6e042790 Thread exited: 0x0000029a6e042790


Dynamic libraries:
0x00007ff7e92c0000 - 0x00007ff7e92cd000 	C:\Users\Ritej\.jdks\corretto-19.0.2\bin\java.exe
0x00007fff218f0000 - 0x00007fff21b07000 	C:\WINDOWS\SYSTEM32\ntdll.dll
0x00007ffee30c0000 - 0x00007ffee30e0000 	C:\Program Files\Avast Software\Avast\aswhook.dll
0x00007fff1fc90000 - 0x00007fff1fd54000 	C:\WINDOWS\System32\KERNEL32.DLL
0x00007fff1efa0000 - 0x00007fff1f370000 	C:\WINDOWS\System32\KERNELBASE.dll
0x00007fff1ec60000 - 0x00007fff1ed71000 	C:\WINDOWS\System32\ucrtbase.dll
0x00007fff17500000 - 0x00007fff17515000 	C:\Users\Ritej\.jdks\corretto-19.0.2\bin\VCRUNTIME140.dll
0x00007fff17520000 - 0x00007fff17537000 	C:\Users\Ritej\.jdks\corretto-19.0.2\bin\jli.dll
0x00007fff212d0000 - 0x00007fff2147e000 	C:\WINDOWS\System32\USER32.dll
0x00007fff1ed80000 - 0x00007fff1eda6000 	C:\WINDOWS\System32\win32u.dll
0x00007fff1f9e0000 - 0x00007fff1fa09000 	C:\WINDOWS\System32\GDI32.dll
0x00007fff1f370000 - 0x00007fff1f48b000 	C:\WINDOWS\System32\gdi32full.dll
0x00007fff07450000 - 0x00007fff076e2000 	C:\WINDOWS\WinSxS\amd64_microsoft.windows.common-controls_6595b64144ccf1df_6.0.22621.4830_none_270fe7d773858e80\COMCTL32.dll
0x00007fff1f490000 - 0x00007fff1f52a000 	C:\WINDOWS\System32\msvcp_win.dll
0x00007fff1f7f0000 - 0x00007fff1f897000 	C:\WINDOWS\System32\msvcrt.dll
0x00007fff205f0000 - 0x00007fff20621000 	C:\WINDOWS\System32\IMM32.DLL
0x00007fff17460000 - 0x00007fff174fb000 	C:\Users\Ritej\.jdks\corretto-19.0.2\bin\msvcp140.dll
0x00007ffec03d0000 - 0x00007ffec10a9000 	C:\Users\Ritej\.jdks\corretto-19.0.2\bin\server\jvm.dll
0x00007fff1f8a0000 - 0x00007fff1f951000 	C:\WINDOWS\System32\ADVAPI32.dll
0x00007fff20bc0000 - 0x00007fff20c67000 	C:\WINDOWS\System32\sechost.dll
0x00007fff1f5b0000 - 0x00007fff1f5d8000 	C:\WINDOWS\System32\bcrypt.dll
0x00007fff21480000 - 0x00007fff21594000 	C:\WINDOWS\System32\RPCRT4.dll
0x00007fff17760000 - 0x00007fff17794000 	C:\WINDOWS\SYSTEM32\WINMM.dll
0x00007fff167a0000 - 0x00007fff167aa000 	C:\WINDOWS\SYSTEM32\VERSION.dll
0x00007fff025a0000 - 0x00007fff025a9000 	C:\WINDOWS\SYSTEM32\WSOCK32.dll
0x00007fff1f660000 - 0x00007fff1f6d1000 	C:\WINDOWS\System32\WS2_32.dll
0x00007fff1dba0000 - 0x00007fff1dbb8000 	C:\WINDOWS\SYSTEM32\kernel.appcore.dll
0x00007fff1a450000 - 0x00007fff1a45a000 	C:\Users\Ritej\.jdks\corretto-19.0.2\bin\jimage.dll
0x00007fff1c200000 - 0x00007fff1c432000 	C:\WINDOWS\SYSTEM32\DBGHELP.DLL
0x00007fff20ec0000 - 0x00007fff21250000 	C:\WINDOWS\System32\combase.dll
0x00007fff21770000 - 0x00007fff21847000 	C:\WINDOWS\System32\OLEAUT32.dll
0x00007fff0a7b0000 - 0x00007fff0a7e2000 	C:\WINDOWS\SYSTEM32\dbgcore.DLL
0x00007fff1edb0000 - 0x00007fff1ee2b000 	C:\WINDOWS\System32\bcryptPrimitives.dll
0x00007fff0a8b0000 - 0x00007fff0a8be000 	C:\Users\Ritej\.jdks\corretto-19.0.2\bin\instrument.dll
0x00007fff17430000 - 0x00007fff17456000 	C:\Users\Ritej\.jdks\corretto-19.0.2\bin\java.dll
0x00007fff16b50000 - 0x00007fff16c26000 	C:\Users\Ritej\.jdks\corretto-19.0.2\bin\jsvml.dll
0x00007fff1fd70000 - 0x00007fff205e8000 	C:\WINDOWS\System32\SHELL32.dll
0x00007fff1caa0000 - 0x00007fff1d3b0000 	C:\WINDOWS\SYSTEM32\windows.storage.dll
0x00007fff1c960000 - 0x00007fff1ca9f000 	C:\WINDOWS\SYSTEM32\wintypes.dll
0x00007fff1f6e0000 - 0x00007fff1f7ea000 	C:\WINDOWS\System32\SHCORE.dll
0x00007fff21850000 - 0x00007fff218ae000 	C:\WINDOWS\System32\shlwapi.dll
0x00007fff1ead0000 - 0x00007fff1eafb000 	C:\WINDOWS\SYSTEM32\profapi.dll
0x00007fff16af0000 - 0x00007fff16b08000 	C:\Users\Ritej\.jdks\corretto-19.0.2\bin\zip.dll
0x00007fff16b30000 - 0x00007fff16b43000 	C:\Users\Ritej\.jdks\corretto-19.0.2\bin\net.dll
0x00007fff1a270000 - 0x00007fff1a39c000 	C:\WINDOWS\SYSTEM32\WINHTTP.dll
0x00007fff1e010000 - 0x00007fff1e07a000 	C:\WINDOWS\system32\mswsock.dll
0x00007fff16b10000 - 0x00007fff16b25000 	C:\Users\Ritej\.jdks\corretto-19.0.2\bin\nio.dll
0x00007fff0a430000 - 0x00007fff0a44a000 	C:\Program Files\JetBrains\IntelliJ IDEA Community Edition 2024.1.4\bin\breakgen64.dll
0x00007fff0a4b0000 - 0x00007fff0a4b8000 	C:\Users\Ritej\.jdks\corretto-19.0.2\bin\extnet.dll
0x00007fff17e30000 - 0x00007fff17e39000 	C:\Users\Ritej\.jdks\corretto-19.0.2\bin\management.dll
0x00007fff16ae0000 - 0x00007fff16aeb000 	C:\Users\Ritej\.jdks\corretto-19.0.2\bin\management_ext.dll
0x00007fff1fd60000 - 0x00007fff1fd68000 	C:\WINDOWS\System32\PSAPI.DLL
0x00007fff0a8a0000 - 0x00007fff0a8ae000 	C:\Users\Ritej\.jdks\corretto-19.0.2\bin\sunmscapi.dll
0x00007fff1ee30000 - 0x00007fff1ef96000 	C:\WINDOWS\System32\CRYPT32.dll
0x00007fff1e450000 - 0x00007fff1e47d000 	C:\WINDOWS\SYSTEM32\ncrypt.dll
0x00007fff1e410000 - 0x00007fff1e447000 	C:\WINDOWS\SYSTEM32\NTASN1.dll
0x00007fff1e360000 - 0x00007fff1e37b000 	C:\WINDOWS\SYSTEM32\CRYPTSP.dll
0x00007fff1db00000 - 0x00007fff1db35000 	C:\WINDOWS\system32\rsaenh.dll
0x00007fff1e0b0000 - 0x00007fff1e0d8000 	C:\WINDOWS\SYSTEM32\USERENV.dll
0x00007fff1e340000 - 0x00007fff1e34c000 	C:\WINDOWS\SYSTEM32\CRYPTBASE.dll
0x00007fff1d610000 - 0x00007fff1d63d000 	C:\WINDOWS\SYSTEM32\IPHLPAPI.DLL
0x00007fff20630000 - 0x00007fff20639000 	C:\WINDOWS\System32\NSI.dll
0x00007fff1a250000 - 0x00007fff1a269000 	C:\WINDOWS\SYSTEM32\dhcpcsvc6.DLL
0x00007fff1a230000 - 0x00007fff1a24f000 	C:\WINDOWS\SYSTEM32\dhcpcsvc.DLL
0x00007fff1d680000 - 0x00007fff1d782000 	C:\WINDOWS\SYSTEM32\DNSAPI.dll
0x00007fff17270000 - 0x00007fff1727a000 	C:\Windows\System32\rasadhlp.dll
0x00007fff16930000 - 0x00007fff169b3000 	C:\WINDOWS\System32\fwpuclnt.dll
0x00007fff0a890000 - 0x00007fff0a898000 	C:\WINDOWS\system32\wshunix.dll
0x00007fff17e50000 - 0x00007fff17e60000 	C:\Users\Ritej\.jdks\corretto-19.0.2\bin\verify.dll

dbghelp: loaded successfully - version: 4.0.5 - missing functions: none
symbol engine: initialized successfully - sym options: 0x614 - pdb path: .;C:\Users\Ritej\.jdks\corretto-19.0.2\bin;C:\WINDOWS\SYSTEM32;C:\Program Files\Avast Software\Avast;C:\WINDOWS\WinSxS\amd64_microsoft.windows.common-controls_6595b64144ccf1df_6.0.22621.4830_none_270fe7d773858e80;C:\Users\Ritej\.jdks\corretto-19.0.2\bin\server;C:\Program Files\JetBrains\IntelliJ IDEA Community Edition 2024.1.4\bin

VM Arguments:
jvm_args: -javaagent:C:\Program Files\JetBrains\IntelliJ IDEA Community Edition 2024.1.4\lib\idea_rt.jar=60684:C:\Program Files\JetBrains\IntelliJ IDEA Community Edition 2024.1.4\bin -Dfile.encoding=UTF-8 -Dsun.stdout.encoding=UTF-8 -Dsun.stderr.encoding=UTF-8 
java_command: com.example.WSM.WsmApplication
java_class_path (initial): C:\Users\Ritej\Downloads\Ritej-main\WSM Project\WSM\target\classes;C:\Users\Ritej\.m2\repository\org\apache\poi\poi\5.2.3\poi-5.2.3.jar;C:\Users\Ritej\.m2\repository\commons-codec\commons-codec\1.18.0\commons-codec-1.18.0.jar;C:\Users\Ritej\.m2\repository\org\apache\commons\commons-collections4\4.4\commons-collections4-4.4.jar;C:\Users\Ritej\.m2\repository\org\apache\commons\commons-math3\3.6.1\commons-math3-3.6.1.jar;C:\Users\Ritej\.m2\repository\com\zaxxer\SparseBitSet\1.2\SparseBitSet-1.2.jar;C:\Users\Ritej\.m2\repository\org\apache\logging\log4j\log4j-api\2.24.3\log4j-api-2.24.3.jar;C:\Users\Ritej\.m2\repository\org\apache\poi\poi-ooxml\5.2.3\poi-ooxml-5.2.3.jar;C:\Users\Ritej\.m2\repository\org\apache\poi\poi-ooxml-lite\5.2.3\poi-ooxml-lite-5.2.3.jar;C:\Users\Ritej\.m2\repository\org\apache\xmlbeans\xmlbeans\5.1.1\xmlbeans-5.1.1.jar;C:\Users\Ritej\.m2\repository\org\apache\commons\commons-compress\1.21\commons-compress-1.21.jar;C:\Users\Ritej\.m2\repository\com\github\virtuald\curvesapi\1.07\curvesapi-1.07.jar;C:\Users\Ritej\.m2\repository\io\jsonwebtoken\jjwt-api\0.11.5\jjwt-api-0.11.5.jar;C:\Users\Ritej\.m2\repository\io\jsonwebtoken\jjwt-impl\0.11.5\jjwt-impl-0.11.5.jar;C:\Users\Ritej\.m2\repository\io\jsonwebtoken\jjwt-jackson\0.11.5\jjwt-jackson-0.11.5.jar;C:\Users\Ritej\.m2\repository\com\fasterxml\jackson\core\jackson-databind\2.19.2\jackson-databind-2.19.2.jar;C:\Users\Ritej\.m2\repository\com\fasterxml\jackson\core\jackson-annotations\2.19.2\jackson-annotations-2.19.2.jar;C:\Users\Ritej\.m2\repository\com\fasterxml\jackson\core\jackson-core\2.19.2\jackson-core-2.19.2.jar;C:\Users\Ritej\.m2\repository\org\springframework\boot\spring-boot-starter-data-mongodb\3.5.4\spring-boot-starter-data-mongodb-3.5.4.jar;C:\Users\Ritej\.m2\repository\org\springframework\boot\spring-boot-starter\3.5.4\spring-boot-starter-3.5.4.jar;C:\Users\Ritej\.m2\repository\org\springframework\boot\spring-boot-starter-logging\3.5.4\spring-boot-starter-logging-3.5.4.jar;C:\Users\Ritej\.m2\repository\ch\qos\logback\logback-classic\1.5.18\logback-classic-1.5.18.jar;C:\Users\Ritej\.m2\repository\ch\qos\logback\logback-core\1.5.18\logback-core-1.5.18.jar;C:\Users\Ritej\.m2\repository\org\apache\logging\log4j\log4j-to-slf4j\2.24.3\log4j-to-slf4j-2.24.3.jar;C:\Users\Ritej\.m2\repository\org\slf4j\jul-to-slf4j\2.0.17\jul-to-slf4j-2.0.17.jar;C:\Users\Ritej\.m2\repository\jakarta\annotation\jakarta.annotation-api\2.1.1\jakarta.annotation-api-2.1.1.jar;C:\Users\Ritej\.m2\repository\org\yaml\snakeyaml\2.4\snakeyaml-2.4.jar;C:\Users\Ritej\.m2\repository\org\mongodb\mongodb-driver-sync\5.5.1\mongodb-driver-sync-5.5.1.jar;C:\Users\Ritej\.m2\repository\org\mongodb\bson\5.5.1\bson-5.5.1.jar;C:\Users\Ritej\.m2\repository\org\mongodb\mongodb-driver-core\5.5.1\mongodb-driver-core-5.5.1.jar;C:\Users\Ritej\.m2\repository\org\mongodb\bson-record-codec\5.5.1\bson-record-codec-5.5.1.jar;C:\Users\Ritej\.m2\repository\org\springframework\data\spring-data-mongodb\4.5.2\spring-data-mongodb-4.5.2.jar;C:\Users\Ritej\.m2\repository\org\springframework\spring-tx\6.2.9\spring-tx-6.2.9.jar;C:\Users\Ritej\.m2\repository\org\springframework\spring-context\6.2.9\spring-context-6.2.9.jar;C:\Users\Ritej\.m2\repository\org\springframework\spring-beans\6.2.9\spring-beans-6.2.9.jar;C:\Users\Ritej\.m2\repository\org\springframework\spring-expression\6.2.9\spring-expression-6.2.9.jar;C:\Users\Ritej\.m2\repository\org\springframework\data\spring-data-commons\3.5.2\spring-data-commons-3.5.2.jar;C:\Users\Ritej\.m2\repository\org\slf4j\slf4j-api\2.0.17\slf4j-api-2.0.17.jar;C:\Users\Ritej\.m2\repository\org\springframework\boot\spring-boot-starter-security\3.2.0\spring-boot-starter-security-3.2.0.jar;C:\Users\Ritej\.m2\repository\org\springframework\spring-aop\6.2.9\spring-aop-6.2.9.jar;C:\Users\Ritej\.m2\repository\org\springframework\security\spring-security-config\6.5.2\spring-security-config-6.5.2.jar;C:\Users\Ritej\.m2\repository\org\springframework\security\spring-security-core\6.5.2\spring-security-core-6.5.2.jar;C:\Users\Ritej\.m2\repository\org\springframework\security\spring-security-crypto\6.5.2\spring-security-crypto-6.5.2.jar;C:\Users\Ritej\.m2\repository\org\springframework\security\spring-security-web\6.5.2\spring-security-web-6.5.2.jar;C:\Users\Ritej\.m2\repository\org\springframework\boot\spring-boot-starter-web\3.5.4\spring-boot-starter-web-3.5.4.jar;C:\Users\Ritej\.m2\repository\org\springframework\boot\spring-boot-starter-json\3.5.4\spring-boot-starter-json-3.5.4.jar;C:\Users\Ritej\.m2\repository\com\fasterxml\jackson\datatype\jackson-datatype-jdk8\2.19.2\jackson-datatype-jdk8-2.19.2.jar;C:\Users\Ritej\.m2\repository\com\fasterxml\jackson\datatype\jackson-datatype-jsr310\2.19.2\jackson-datatype-jsr310-2.19.2.jar;C:\Users\Ritej\.m2\repository\com\fasterxml\jackson\module\jackson-module-parameter-names\2.19.2\jackson-module-parameter-names-2.19.2.jar;C:\Users\Ritej\.m2\repository\org\springframework\boot\spring-boot-starter-tomcat\3.5.4\spring-boot-starter-tomcat-3.5.4.jar;C:\Users\Ritej\.m2\repository\org\apache\tomcat\embed\tomcat-embed-core\10.1.43\tomcat-embed-core-10.1.43.jar;C:\Users\Ritej\.m2\repository\org\apache\tomcat\embed\tomcat-embed-el\10.1.43\tomcat-embed-el-10.1.43.jar;C:\Users\Ritej\.m2\repository\org\apache\tomcat\embed\tomcat-embed-websocket\10.1.43\tomcat-embed-websocket-10.1.43.jar;C:\Users\Ritej\.m2\repository\org\springframework\spring-web\6.2.9\spring-web-6.2.9.jar;C:\Users\Ritej\.m2\repository\io\micrometer\micrometer-observation\1.15.2\micrometer-observation-1.15.2.jar;C:\Users\Ritej\.m2\repository\io\micrometer\micrometer-commons\1.15.2\micrometer-commons-1.15.2.jar;C:\Users\Ritej\.m2\repository\org\springframework\spring-webmvc\6.2.9\spring-webmvc-6.2.9.jar;C:\Users\Ritej\.m2\repository\org\springframework\boot\spring-boot-devtools\3.5.4\spring-boot-devtools-3.5.4.jar;C:\Users\Ritej\.m2\repository\org\springframework\boot\spring-boot\3.5.4\spring-boot-3.5.4.jar;C:\Users\Ritej\.m2\repository\org\springframework\boot\spring-boot-autoconfigure\3.5.4\spring-boot-autoconfigure-3.5.4.jar;C:\Users\Ritej\.m2\repository\commons-io\commons-io\2.11.0\commons-io-2.11.0.jar;C:\Users\Ritej\.m2\repository\org\springframework\spring-core\6.2.9\spring-core-6.2.9.jar;C:\Users\Ritej\.m2\repository\org\springframework\spring-jcl\6.2.9\spring-jcl-6.2.9.jar
Launcher Type: SUN_STANDARD

[Global flags]
     bool UseCompressedOops                        = true                           {product lp64_product} {ergonomic}
     bool UseCompressedClassPointers               = true                           {product lp64_product} {ergonomic}
     bool UseLargePagesIndividualAllocation        = false                                  {pd product} {ergonomic}
     intx CICompilerCount                          = 4                                         {product} {ergonomic}
   size_t MinHeapDeltaBytes                        = 1048576                                   {product} {ergonomic}
     bool SegmentedCodeCache                       = true                                      {product} {ergonomic}
    uintx ReservedCodeCacheSize                    = 251658240                              {pd product} {ergonomic}
    uintx NonProfiledCodeHeapSize                  = 122909434                              {pd product} {ergonomic}
    uintx ProfiledCodeHeapSize                     = 122909434                              {pd product} {ergonomic}
    uintx NonNMethodCodeHeapSize                   = 5839372                                {pd product} {ergonomic}
   size_t G1HeapRegionSize                         = 1048576                                   {product} {ergonomic}
     uint G1ConcRefinementThreads                  = 8                                         {product} {ergonomic}
     bool UseG1GC                                  = true                                      {product} {ergonomic}
     uint ConcGCThreads                            = 2                                         {product} {ergonomic}
   size_t MarkStackSize                            = 4194304                                   {product} {ergonomic}
   size_t MinHeapSize                              = 8388608                                   {product} {ergonomic}
   size_t InitialHeapSize                          = 130023424                                 {product} {ergonomic}
   size_t MaxHeapSize                              = 2078277632                                {product} {ergonomic}
   size_t SoftMaxHeapSize                          = 2078277632                             {manageable} {ergonomic}
   size_t MaxNewSize                               = 1246756864                                {product} {ergonomic}
    uintx GCDrainStackTargetSize                   = 64                                        {product} {ergonomic}

Logging:
Log output configuration:
 #0: stdout all=warning uptime,level,tags foldmultilines=false
 #1: stderr all=off uptime,level,tags foldmultilines=false

Environment Variables:
JAVA_HOME=C:\Program Files\Java\jdk-17
PATH=C:\Program Files\MongoDB\Server\7.0\bin;C:\oraclexe\app\oracle\product\11.2.0\server\bin;"C:\xampp\php;C:\xampp\php;C:\Program Files\Common Files\Oracle\Java\javapath";C:\WINDOWS\system32;C:\WINDOWS;C:\WINDOWS\System32\Wbem;C:\WINDOWS\System32\WindowsPowerShell\v1.0\;C:\WINDOWS\System32\OpenSSH\;C:\ProgramData\chocolatey\bin;C:\Program Files\Java\jdk-17\bin;C:\Program Files\Docker\Docker\resources\bin;C:\Users\Ritej\AppData\Roaming\nvm;C:\Program Files\nodejs;C:\Users\Ritej\AppData\Local\Microsoft\WindowsApps\python.exe;C:\Users\Ritej\AppData\Local\Programs\Python\Launcher\;C:\Program Files\MongoDB\Server\7.0\bin;C:\Users\Ritej\AppData\Local\Microsoft\WindowsApps;C:\Users\Ritej\AppData\Local\JetBrains\PyCharm 2023.1\bin;;C:\Program Files\JetBrains\PyCharm Community Edition 2022.2.3\bin;;C:\Users\Ritej\AppData\Local\Programs\Microsoft VS Code\bin;C:\Users\Ritej\AppData\Roaming\npm;C:\Program Files\JetBrains\IntelliJ IDEA Community Edition 2024.1.4\bin;;C:\Users\Ritej\Desktop\jdk-19_windows-x64_bin\bin;C:\Users\Ritej\AppData\Local\JetBrains\IntelliJ IDEA 2024.1.4\bin;;C:\Users\Ritej\AppData\Roaming\nvm;C:\Program Files\nodejs;C:\Program Files\apache-maven-3.9.9\bin;C:\Users\Ritej\AppData\Local\Microsoft\WindowsApps\python.exe;
USERNAME=Ritej
OS=Windows_NT
PROCESSOR_IDENTIFIER=Intel64 Family 6 Model 140 Stepping 1, GenuineIntel
TMP=C:\Users\Ritej\AppData\Local\Temp
TEMP=C:\Users\Ritej\AppData\Local\Temp



---------------  S Y S T E M  ---------------

OS:
 Windows 11 , 64 bit Build 22621 (10.0.22621.4830)
OS uptime: 0 days 2:46 hours
Hyper-V role detected

CPU: total 8 (initial active 8) (4 cores per cpu, 2 threads per core) family 6 model 140 stepping 1 microcode 0xb8, cx8, cmov, fxsr, ht, mmx, 3dnowpref, sse, sse2, sse3, ssse3, sse4.1, sse4.2, popcnt, lzcnt, tsc, tscinvbit, avx, avx2, aes, erms, clmul, bmi1, bmi2, adx, avx512f, avx512dq, avx512cd, avx512bw, avx512vl, sha, fma, vzeroupper, avx512_vpopcntdq, avx512_vpclmulqdq, avx512_vaes, avx512_vnni, clflush, clflushopt, clwb, avx512_vbmi2, avx512_vbmi, hv, rdtscp, rdpid, fsrm, gfni, avx512_bitalg

Memory: 4k page, system-wide physical 7926M (344M free)
TotalPageFile size 13751M (AvailPageFile size 0M)
current process WorkingSet (physical memory assigned to process): 102M, peak: 201M
current process commit charge ("private bytes"): 217M, peak: 267M

vm_info: OpenJDK 64-Bit Server VM (19.0.2+7-FR) for windows-amd64 JRE (19.0.2+7-FR), built on Jan 13 2023 22:53:32 by "Administrator" with MS VC++ 15.9 (VS2017)

END.
