#
# There is insufficient memory for the Java Runtime Environment to continue.
# Native memory allocation (malloc) failed to allocate 1350976 bytes for Chunk::new
# Possible reasons:
#   The system is out of physical RAM or swap space
#   The process is running with CompressedOops enabled, and the Java Heap may be blocking the growth of the native heap
# Possible solutions:
#   Reduce memory load on the system
#   Increase physical memory or swap space
#   Check if swap backing store is full
#   Decrease Java heap size (-Xmx/-Xms)
#   Decrease number of Java threads
#   Decrease Java thread stack sizes (-Xss)
#   Set larger code cache with -XX:ReservedCodeCacheSize=
#   JVM is running with Unscaled Compressed Oops mode in which the Java heap is
#     placed in the first 4GB address space. The Java Heap base address is the
#     maximum limit for the native heap growth. Please use -XX:HeapBaseMinAddress
#     to set the Java Heap base and to place the Java Heap above 4GB virtual address.
# This output file may be truncated or incomplete.
#
#  Out of Memory Error (arena.cpp:184), pid=15616, tid=15724
#
# JRE version: OpenJDK Runtime Environment Corretto-19.0.2.7.1 (19.0.2+7) (build 19.0.2+7-FR)
# Java VM: OpenJDK 64-Bit Server VM Corretto-19.0.2.7.1 (19.0.2+7-FR, mixed mode, sharing, tiered, compressed oops, compressed class ptrs, g1 gc, windows-amd64)
# No core dump will be written. Minidumps are not enabled by default on client versions of Windows
#

---------------  S U M M A R Y ------------

Command Line: -javaagent:C:\Program Files\JetBrains\IntelliJ IDEA Community Edition 2024.1.4\lib\idea_rt.jar=51868:C:\Program Files\JetBrains\IntelliJ IDEA Community Edition 2024.1.4\bin -Dfile.encoding=UTF-8 -Dsun.stdout.encoding=UTF-8 -Dsun.stderr.encoding=UTF-8 com.example.WSM.WsmApplication

Host: 11th Gen Intel(R) Core(TM) i5-1135G7 @ 2.40GHz, 8 cores, 7G,  Windows 11 , 64 bit Build 22621 (10.0.22621.4830)
Time: Thu Sep  4 10:40:05 2025 Afr. centrale Ouest elapsed time: 552.575516 seconds (0d 0h 9m 12s)

---------------  T H R E A D  ---------------

Current thread (0x000001fa70553660):  JavaThread "C2 CompilerThread0" daemon [_thread_in_native, id=15724, stack(0x0000001a22f00000,0x0000001a23000000)]


Current CompileTask:
C2: 552575 7004       4       org.bson.internal.ProvidersCodecRegistry::get (46 bytes)

Stack: [0x0000001a22f00000,0x0000001a23000000]
Native frames: (J=compiled Java code, j=interpreted, Vv=VM code, C=native code)
V  [jvm.dll+0x6d034a]
V  [jvm.dll+0x880f10]
V  [jvm.dll+0x88289e]
V  [jvm.dll+0x882f43]
V  [jvm.dll+0x27b4bb]
V  [jvm.dll+0xdd792]
V  [jvm.dll+0xddb25]
V  [jvm.dll+0x2f2d72]
V  [jvm.dll+0x5d5c0f]
V  [jvm.dll+0x24fb5a]
V  [jvm.dll+0x248c6e]
V  [jvm.dll+0x246488]
V  [jvm.dll+0x1d4bb7]
V  [jvm.dll+0x25558a]
V  [jvm.dll+0x2538d7]
V  [jvm.dll+0x8342bd]
V  [jvm.dll+0x82e2fa]
V  [jvm.dll+0x6cf0d3]
C  [ucrtbase.dll+0x29333]
C  [KERNEL32.DLL+0x1259d]
C  [ntdll.dll+0x5af38]


---------------  P R O C E S S  ---------------

Threads class SMR info:
_java_thread_list=0x000001fa773e2e60, length=34, elements={
0x000001fa70549fe0, 0x000001fa7054abd0, 0x000001fa7054eb60, 0x000001fa70550590,
0x000001fa70550fb0, 0x000001fa705519d0, 0x000001fa70553660, 0x000001fa70559f40,
0x000001fa74d50460, 0x000001fa7051cb70, 0x000001fa7522fc30, 0x000001fa75232370,
0x000001fa7761b8c0, 0x000001fa775dafc0, 0x000001fa7619a590, 0x000001fa76197070,
0x000001fa76198b00, 0x000001fa761995a0, 0x000001fa76199af0, 0x000001fa761975c0,
0x000001fa76197b10, 0x000001fa76198060, 0x000001fa761985b0, 0x000001fa78473df0,
0x000001fa78475dd0, 0x000001fa784718c0, 0x000001fa78475880, 0x000001fa78471370,
0x000001fa784708d0, 0x000001fa78472e00, 0x000001fa78474340, 0x000001fa78473350,
0x000001fa78471e10, 0x000001fa7846fe30
}

Java Threads: ( => current thread )
  0x000001fa70549fe0 JavaThread "Reference Handler" daemon [_thread_blocked, id=14860, stack(0x0000001a22900000,0x0000001a22a00000)]
  0x000001fa7054abd0 JavaThread "Finalizer" daemon [_thread_blocked, id=6112, stack(0x0000001a22a00000,0x0000001a22b00000)]
  0x000001fa7054eb60 JavaThread "Signal Dispatcher" daemon [_thread_blocked, id=12020, stack(0x0000001a22b00000,0x0000001a22c00000)]
  0x000001fa70550590 JavaThread "Attach Listener" daemon [_thread_blocked, id=12680, stack(0x0000001a22c00000,0x0000001a22d00000)]
  0x000001fa70550fb0 JavaThread "Service Thread" daemon [_thread_blocked, id=14544, stack(0x0000001a22d00000,0x0000001a22e00000)]
  0x000001fa705519d0 JavaThread "Monitor Deflation Thread" daemon [_thread_blocked, id=13036, stack(0x0000001a22e00000,0x0000001a22f00000)]
=>0x000001fa70553660 JavaThread "C2 CompilerThread0" daemon [_thread_in_native, id=15724, stack(0x0000001a22f00000,0x0000001a23000000)]
  0x000001fa70559f40 JavaThread "C1 CompilerThread0" daemon [_thread_in_native, id=4592, stack(0x0000001a23000000,0x0000001a23100000)]
  0x000001fa74d50460 JavaThread "Sweeper thread" daemon [_thread_blocked, id=3620, stack(0x0000001a23100000,0x0000001a23200000)]
  0x000001fa7051cb70 JavaThread "Common-Cleaner" daemon [_thread_blocked, id=1056, stack(0x0000001a23200000,0x0000001a23300000)]
  0x000001fa7522fc30 JavaThread "Monitor Ctrl-Break" daemon [_thread_in_native, id=19180, stack(0x0000001a23300000,0x0000001a23400000)]
  0x000001fa75232370 JavaThread "Notification Thread" daemon [_thread_blocked, id=19840, stack(0x0000001a23400000,0x0000001a23500000)]
  0x000001fa7761b8c0 JavaThread "Catalina-utility-1" [_thread_blocked, id=15356, stack(0x0000001a24100000,0x0000001a24200000)]
  0x000001fa775dafc0 JavaThread "Catalina-utility-2" [_thread_blocked, id=6864, stack(0x0000001a24200000,0x0000001a24300000)]
  0x000001fa7619a590 JavaThread "container-0" [_thread_blocked, id=18600, stack(0x0000001a24300000,0x0000001a24400000)]
  0x000001fa76197070 JavaThread "BufferPoolPruner-1-thread-1" daemon [_thread_blocked, id=13172, stack(0x0000001a24400000,0x0000001a24500000)]
  0x000001fa76198b00 JavaThread "cluster-ClusterId{value='68b95c5552da8db24b91704b', description='null'}-localhost:27017" daemon [_thread_in_native, id=13368, stack(0x0000001a24500000,0x0000001a24600000)]
  0x000001fa761995a0 JavaThread "cluster-rtt-ClusterId{value='68b95c5552da8db24b91704b', description='null'}-localhost:27017" daemon [_thread_blocked, id=9396, stack(0x0000001a24700000,0x0000001a24800000)]
  0x000001fa76199af0 JavaThread "MaintenanceTimer-2-thread-1" daemon [_thread_blocked, id=17144, stack(0x0000001a24800000,0x0000001a24900000)]
  0x000001fa761975c0 JavaThread "Live Reload Server" daemon [_thread_in_native, id=19880, stack(0x0000001a24a00000,0x0000001a24b00000)]
  0x000001fa76197b10 JavaThread "File Watcher" daemon [_thread_in_native, id=18416, stack(0x0000001a24900000,0x0000001a24a00000)]
  0x000001fa76198060 JavaThread "http-nio-8080-exec-1" daemon [_thread_blocked, id=19048, stack(0x0000001a24b00000,0x0000001a24c00000)]
  0x000001fa761985b0 JavaThread "http-nio-8080-exec-2" daemon [_thread_blocked, id=11528, stack(0x0000001a24c00000,0x0000001a24d00000)]
  0x000001fa78473df0 JavaThread "http-nio-8080-exec-3" daemon [_thread_blocked, id=19392, stack(0x0000001a24d00000,0x0000001a24e00000)]
  0x000001fa78475dd0 JavaThread "http-nio-8080-exec-4" daemon [_thread_blocked, id=1616, stack(0x0000001a24e00000,0x0000001a24f00000)]
  0x000001fa784718c0 JavaThread "http-nio-8080-exec-5" daemon [_thread_blocked, id=15776, stack(0x0000001a24f00000,0x0000001a25000000)]
  0x000001fa78475880 JavaThread "http-nio-8080-exec-6" daemon [_thread_blocked, id=2512, stack(0x0000001a25000000,0x0000001a25100000)]
  0x000001fa78471370 JavaThread "http-nio-8080-exec-7" daemon [_thread_blocked, id=13536, stack(0x0000001a25100000,0x0000001a25200000)]
  0x000001fa784708d0 JavaThread "http-nio-8080-exec-8" daemon [_thread_blocked, id=7708, stack(0x0000001a25200000,0x0000001a25300000)]
  0x000001fa78472e00 JavaThread "http-nio-8080-exec-9" daemon [_thread_blocked, id=12512, stack(0x0000001a25300000,0x0000001a25400000)]
  0x000001fa78474340 JavaThread "http-nio-8080-exec-10" daemon [_thread_blocked, id=6920, stack(0x0000001a25400000,0x0000001a25500000)]
  0x000001fa78473350 JavaThread "http-nio-8080-Poller" daemon [_thread_in_native, id=13860, stack(0x0000001a25500000,0x0000001a25600000)]
  0x000001fa78471e10 JavaThread "http-nio-8080-Acceptor" daemon [_thread_in_native, id=15460, stack(0x0000001a25600000,0x0000001a25700000)]
  0x000001fa7846fe30 JavaThread "DestroyJavaVM" [_thread_blocked, id=6276, stack(0x0000001a22200000,0x0000001a22300000)]

Other Threads:
  0x000001fa7052f730 VMThread "VM Thread" [stack: 0x0000001a22800000,0x0000001a22900000] [id=13404]
  0x000001fa7522f6d0 WatcherThread "VM Periodic Task Thread" [stack: 0x0000001a23500000,0x0000001a23600000] [id=2172]
  0x000001fa5230c650 WorkerThread "GC Thread#0" [stack: 0x0000001a22300000,0x0000001a22400000] [id=13812]
  0x000001fa75948be0 WorkerThread "GC Thread#1" [stack: 0x0000001a23900000,0x0000001a23a00000] [id=20900]
  0x000001fa75948eb0 WorkerThread "GC Thread#2" [stack: 0x0000001a23a00000,0x0000001a23b00000] [id=17464]
  0x000001fa758e5210 WorkerThread "GC Thread#3" [stack: 0x0000001a23b00000,0x0000001a23c00000] [id=13576]
  0x000001fa758e6380 WorkerThread "GC Thread#4" [stack: 0x0000001a23c00000,0x0000001a23d00000] [id=6092]
  0x000001fa75918a20 WorkerThread "GC Thread#5" [stack: 0x0000001a23d00000,0x0000001a23e00000] [id=19104]
  0x000001fa7591a640 WorkerThread "GC Thread#6" [stack: 0x0000001a23e00000,0x0000001a23f00000] [id=12900]
  0x000001fa7591a0a0 WorkerThread "GC Thread#7" [stack: 0x0000001a23f00000,0x0000001a24000000] [id=4092]
  0x000001fa5231cd70 ConcurrentGCThread "G1 Main Marker" [stack: 0x0000001a22400000,0x0000001a22500000] [id=13240]
  0x000001fa5231f190 WorkerThread "G1 Conc#0" [stack: 0x0000001a22500000,0x0000001a22600000] [id=15860]
  0x000001fa75919560 WorkerThread "G1 Conc#1" [stack: 0x0000001a24000000,0x0000001a24100000] [id=5172]
  0x000001fa5235e3c0 ConcurrentGCThread "G1 Refine#0" [stack: 0x0000001a22600000,0x0000001a22700000] [id=20784]
  0x000001fa703e73f0 ConcurrentGCThread "G1 Service" [stack: 0x0000001a22700000,0x0000001a22800000] [id=16564]

Threads with active compile tasks:
C2 CompilerThread0   552692 7004       4       org.bson.internal.ProvidersCodecRegistry::get (46 bytes)

VM state: not at safepoint (normal execution)

VM Mutex/Monitor currently owned by a thread: None

Heap address: 0x0000000084200000, size: 1982 MB, Compressed Oops mode: 32-bit

CDS archive(s) mapped at: [0x0000000800000000-0x0000000800c40000-0x0000000800c40000), size 12845056, SharedBaseAddress: 0x0000000800000000, ArchiveRelocationMode: 0.
Compressed class space mapped at: 0x0000000801000000-0x0000000841000000, reserved size: 1073741824
Narrow klass base: 0x0000000800000000, Narrow klass shift: 0, Narrow klass range: 0x100000000

GC Precious Log:
 CardTable entry size: 512
 Card Set container configuration: InlinePtr #cards 5 size 8 Array Of Cards #cards 12 size 40 Howl #buckets 4 coarsen threshold 1843 Howl Bitmap #cards 512 size 80 coarsen threshold 460 Card regions per heap region 1 cards per card region 2048
 CPUs: 8 total, 8 available
 Memory: 7926M
 Large Page Support: Disabled
 NUMA Support: Disabled
 Compressed Oops: Enabled (32-bit)
 Heap Region Size: 1M
 Heap Min Capacity: 8M
 Heap Initial Capacity: 124M
 Heap Max Capacity: 1982M
 Pre-touch: Disabled
 Parallel Workers: 8
 Concurrent Workers: 2
 Concurrent Refinement Workers: 8
 Periodic GC: Disabled

Heap:
 garbage-first heap   total 72704K, used 46589K [0x0000000084200000, 0x0000000100000000)
  region size 1024K, 26 young (26624K), 4 survivors (4096K)
 Metaspace       used 47774K, committed 48448K, reserved 1114112K
  class space    used 5999K, committed 6272K, reserved 1048576K

Heap Regions: E=young(eden), S=young(survivor), O=old, HS=humongous(starts), HC=humongous(continues), CS=collection set, F=free, OA=open archive, CA=closed archive, TAMS=top-at-mark-start (previous, next)
|   0|0x0000000084200000, 0x0000000084300000, 0x0000000084300000|100%| O|  |TAMS 0x0000000084300000, 0x0000000084200000| Untracked 
|   1|0x0000000084300000, 0x0000000084400000, 0x0000000084400000|100%| O|  |TAMS 0x0000000084400000, 0x0000000084300000| Untracked 
|   2|0x0000000084400000, 0x0000000084500000, 0x0000000084500000|100%| O|  |TAMS 0x0000000084500000, 0x0000000084400000| Untracked 
|   3|0x0000000084500000, 0x0000000084600000, 0x0000000084600000|100%| O|  |TAMS 0x0000000084600000, 0x0000000084500000| Untracked 
|   4|0x0000000084600000, 0x0000000084700000, 0x0000000084700000|100%| O|  |TAMS 0x0000000084700000, 0x0000000084600000| Untracked 
|   5|0x0000000084700000, 0x0000000084800000, 0x0000000084800000|100%| O|  |TAMS 0x0000000084800000, 0x0000000084700000| Untracked 
|   6|0x0000000084800000, 0x0000000084900000, 0x0000000084900000|100%| O|  |TAMS 0x0000000084900000, 0x0000000084800000| Untracked 
|   7|0x0000000084900000, 0x0000000084a00000, 0x0000000084a00000|100%| O|  |TAMS 0x0000000084a00000, 0x0000000084900000| Untracked 
|   8|0x0000000084a00000, 0x0000000084b00000, 0x0000000084b00000|100%| O|  |TAMS 0x0000000084b00000, 0x0000000084a00000| Untracked 
|   9|0x0000000084b00000, 0x0000000084c00000, 0x0000000084c00000|100%| O|  |TAMS 0x0000000084c00000, 0x0000000084b00000| Untracked 
|  10|0x0000000084c00000, 0x0000000084d00000, 0x0000000084d00000|100%| O|  |TAMS 0x0000000084d00000, 0x0000000084c00000| Untracked 
|  11|0x0000000084d00000, 0x0000000084e00000, 0x0000000084e00000|100%| O|  |TAMS 0x0000000084e00000, 0x0000000084d00000| Untracked 
|  12|0x0000000084e00000, 0x0000000084f00000, 0x0000000084f00000|100%| O|  |TAMS 0x0000000084f00000, 0x0000000084e00000| Untracked 
|  13|0x0000000084f00000, 0x0000000085000000, 0x0000000085000000|100%| O|  |TAMS 0x0000000085000000, 0x0000000084f00000| Untracked 
|  14|0x0000000085000000, 0x0000000085100000, 0x0000000085100000|100%| O|  |TAMS 0x0000000085100000, 0x0000000085000000| Untracked 
|  15|0x0000000085100000, 0x0000000085100000, 0x0000000085200000|  0%| F|  |TAMS 0x0000000085100000, 0x0000000085100000| Untracked 
|  16|0x0000000085200000, 0x0000000085300000, 0x0000000085300000|100%| O|  |TAMS 0x00000000852a5c00, 0x0000000085200000| Untracked 
|  17|0x0000000085300000, 0x0000000085400000, 0x0000000085400000|100%| O|  |TAMS 0x0000000085300000, 0x0000000085300000| Untracked 
|  18|0x0000000085400000, 0x0000000085500000, 0x0000000085500000|100%| O|  |TAMS 0x0000000085400000, 0x0000000085400000| Untracked 
|  19|0x0000000085500000, 0x0000000085600000, 0x0000000085600000|100%| O|  |TAMS 0x0000000085500000, 0x0000000085500000| Untracked 
|  20|0x0000000085600000, 0x0000000085700000, 0x0000000085700000|100%| O|  |TAMS 0x0000000085600000, 0x0000000085600000| Untracked 
|  21|0x0000000085700000, 0x00000000857be600, 0x0000000085800000| 74%| O|  |TAMS 0x0000000085700000, 0x0000000085700000| Untracked 
|  22|0x0000000085800000, 0x0000000085800000, 0x0000000085900000|  0%| F|  |TAMS 0x0000000085800000, 0x0000000085800000| Untracked 
|  23|0x0000000085900000, 0x0000000085900000, 0x0000000085a00000|  0%| F|  |TAMS 0x0000000085900000, 0x0000000085900000| Untracked 
|  24|0x0000000085a00000, 0x0000000085a00000, 0x0000000085b00000|  0%| F|  |TAMS 0x0000000085a00000, 0x0000000085a00000| Untracked 
|  25|0x0000000085b00000, 0x0000000085b00000, 0x0000000085c00000|  0%| F|  |TAMS 0x0000000085b00000, 0x0000000085b00000| Untracked 
|  26|0x0000000085c00000, 0x0000000085c00000, 0x0000000085d00000|  0%| F|  |TAMS 0x0000000085c00000, 0x0000000085c00000| Untracked 
|  27|0x0000000085d00000, 0x0000000085d00000, 0x0000000085e00000|  0%| F|  |TAMS 0x0000000085d00000, 0x0000000085d00000| Untracked 
|  28|0x0000000085e00000, 0x0000000085e00000, 0x0000000085f00000|  0%| F|  |TAMS 0x0000000085e00000, 0x0000000085e00000| Untracked 
|  29|0x0000000085f00000, 0x0000000085f00000, 0x0000000086000000|  0%| F|  |TAMS 0x0000000085f00000, 0x0000000085f00000| Untracked 
|  30|0x0000000086000000, 0x0000000086000000, 0x0000000086100000|  0%| F|  |TAMS 0x0000000086000000, 0x0000000086000000| Untracked 
|  31|0x0000000086100000, 0x0000000086100000, 0x0000000086200000|  0%| F|  |TAMS 0x0000000086100000, 0x0000000086100000| Untracked 
|  32|0x0000000086200000, 0x0000000086200000, 0x0000000086300000|  0%| F|  |TAMS 0x0000000086200000, 0x0000000086200000| Untracked 
|  33|0x0000000086300000, 0x0000000086300000, 0x0000000086400000|  0%| F|  |TAMS 0x0000000086300000, 0x0000000086300000| Untracked 
|  34|0x0000000086400000, 0x00000000864c1088, 0x0000000086500000| 75%| S|CS|TAMS 0x0000000086400000, 0x0000000086400000| Complete 
|  35|0x0000000086500000, 0x0000000086600000, 0x0000000086600000|100%| S|CS|TAMS 0x0000000086500000, 0x0000000086500000| Complete 
|  36|0x0000000086600000, 0x0000000086600000, 0x0000000086700000|  0%| F|  |TAMS 0x0000000086600000, 0x0000000086600000| Untracked 
|  37|0x0000000086700000, 0x0000000086700000, 0x0000000086800000|  0%| F|  |TAMS 0x0000000086700000, 0x0000000086700000| Untracked 
|  38|0x0000000086800000, 0x0000000086800000, 0x0000000086900000|  0%| F|  |TAMS 0x0000000086800000, 0x0000000086800000| Untracked 
|  39|0x0000000086900000, 0x0000000086a00000, 0x0000000086a00000|100%| S|CS|TAMS 0x0000000086900000, 0x0000000086900000| Complete 
|  40|0x0000000086a00000, 0x0000000086b00000, 0x0000000086b00000|100%| S|CS|TAMS 0x0000000086a00000, 0x0000000086a00000| Complete 
|  41|0x0000000086b00000, 0x0000000086b00000, 0x0000000086c00000|  0%| F|  |TAMS 0x0000000086b00000, 0x0000000086b00000| Untracked 
|  42|0x0000000086c00000, 0x0000000086c00000, 0x0000000086d00000|  0%| F|  |TAMS 0x0000000086c00000, 0x0000000086c00000| Untracked 
|  43|0x0000000086d00000, 0x0000000086d00000, 0x0000000086e00000|  0%| F|  |TAMS 0x0000000086d00000, 0x0000000086d00000| Untracked 
|  44|0x0000000086e00000, 0x0000000086e00000, 0x0000000086f00000|  0%| F|  |TAMS 0x0000000086e00000, 0x0000000086e00000| Untracked 
|  45|0x0000000086f00000, 0x0000000086f00000, 0x0000000087000000|  0%| F|  |TAMS 0x0000000086f00000, 0x0000000086f00000| Untracked 
|  46|0x0000000087000000, 0x0000000087000000, 0x0000000087100000|  0%| F|  |TAMS 0x0000000087000000, 0x0000000087000000| Untracked 
|  47|0x0000000087100000, 0x0000000087100000, 0x0000000087200000|  0%| F|  |TAMS 0x0000000087100000, 0x0000000087100000| Untracked 
|  48|0x0000000087200000, 0x0000000087200000, 0x0000000087300000|  0%| F|  |TAMS 0x0000000087200000, 0x0000000087200000| Untracked 
|  49|0x0000000087300000, 0x00000000873a2440, 0x0000000087400000| 63%| E|  |TAMS 0x0000000087300000, 0x0000000087300000| Complete 
|  50|0x0000000087400000, 0x0000000087500000, 0x0000000087500000|100%| E|CS|TAMS 0x0000000087400000, 0x0000000087400000| Complete 
|  51|0x0000000087500000, 0x0000000087600000, 0x0000000087600000|100%| E|CS|TAMS 0x0000000087500000, 0x0000000087500000| Complete 
|  52|0x0000000087600000, 0x0000000087700000, 0x0000000087700000|100%| E|CS|TAMS 0x0000000087600000, 0x0000000087600000| Complete 
|  53|0x0000000087700000, 0x0000000087800000, 0x0000000087800000|100%| E|CS|TAMS 0x0000000087700000, 0x0000000087700000| Complete 
|  54|0x0000000087800000, 0x0000000087900000, 0x0000000087900000|100%| E|CS|TAMS 0x0000000087800000, 0x0000000087800000| Complete 
|  55|0x0000000087900000, 0x0000000087a00000, 0x0000000087a00000|100%| E|CS|TAMS 0x0000000087900000, 0x0000000087900000| Complete 
|  56|0x0000000087a00000, 0x0000000087b00000, 0x0000000087b00000|100%| E|CS|TAMS 0x0000000087a00000, 0x0000000087a00000| Complete 
|  57|0x0000000087b00000, 0x0000000087c00000, 0x0000000087c00000|100%| E|CS|TAMS 0x0000000087b00000, 0x0000000087b00000| Complete 
|  58|0x0000000087c00000, 0x0000000087d00000, 0x0000000087d00000|100%| E|CS|TAMS 0x0000000087c00000, 0x0000000087c00000| Complete 
|  59|0x0000000087d00000, 0x0000000087e00000, 0x0000000087e00000|100%| E|CS|TAMS 0x0000000087d00000, 0x0000000087d00000| Complete 
|  60|0x0000000087e00000, 0x0000000087f00000, 0x0000000087f00000|100%| E|CS|TAMS 0x0000000087e00000, 0x0000000087e00000| Complete 
|  61|0x0000000087f00000, 0x0000000088000000, 0x0000000088000000|100%| E|CS|TAMS 0x0000000087f00000, 0x0000000087f00000| Complete 
|  62|0x0000000088000000, 0x0000000088100000, 0x0000000088100000|100%| E|CS|TAMS 0x0000000088000000, 0x0000000088000000| Complete 
|  67|0x0000000088500000, 0x0000000088600000, 0x0000000088600000|100%| E|CS|TAMS 0x0000000088500000, 0x0000000088500000| Complete 
|  68|0x0000000088600000, 0x0000000088700000, 0x0000000088700000|100%| E|CS|TAMS 0x0000000088600000, 0x0000000088600000| Complete 
|  69|0x0000000088700000, 0x0000000088800000, 0x0000000088800000|100%| E|CS|TAMS 0x0000000088700000, 0x0000000088700000| Complete 
|  70|0x0000000088800000, 0x0000000088900000, 0x0000000088900000|100%| E|CS|TAMS 0x0000000088800000, 0x0000000088800000| Complete 
|  71|0x0000000088900000, 0x0000000088a00000, 0x0000000088a00000|100%| E|CS|TAMS 0x0000000088900000, 0x0000000088900000| Complete 
|  72|0x0000000088a00000, 0x0000000088b00000, 0x0000000088b00000|100%| E|CS|TAMS 0x0000000088a00000, 0x0000000088a00000| Complete 
|  73|0x0000000088b00000, 0x0000000088c00000, 0x0000000088c00000|100%| E|CS|TAMS 0x0000000088b00000, 0x0000000088b00000| Complete 
| 123|0x000000008bd00000, 0x000000008be00000, 0x000000008be00000|100%| E|CS|TAMS 0x000000008bd00000, 0x000000008bd00000| Complete 

Card table byte_map: [0x000001fa69b90000,0x000001fa69f70000] _byte_map_base: 0x000001fa6976f000

Marking Bits (Prev, Next): (CMBitMap*) 0x000001fa5230cc80, (CMBitMap*) 0x000001fa5230ccc0
 Prev Bits: [0x000001fa6a350000, 0x000001fa6c248000)
 Next Bits: [0x000001fa6c250000, 0x000001fa6e148000)

Polling page: 0x000001fa51a60000

Metaspace:

Usage:
  Non-class:     40.80 MB used.
      Class:      5.86 MB used.
       Both:     46.66 MB used.

Virtual space:
  Non-class space:       64.00 MB reserved,      41.19 MB ( 64%) committed,  1 nodes.
      Class space:        1.00 GB reserved,       6.13 MB ( <1%) committed,  1 nodes.
             Both:        1.06 GB reserved,      47.31 MB (  4%) committed. 

Chunk freelists:
   Non-Class:  2.09 MB
       Class:  1.88 MB
        Both:  3.98 MB

MaxMetaspaceSize: unlimited
CompressedClassSpaceSize: 1.00 GB
Initial GC threshold: 21.00 MB
Current GC threshold: 58.88 MB
CDS: on
MetaspaceReclaimPolicy: balanced
 - commit_granule_bytes: 65536.
 - commit_granule_words: 8192.
 - virtual_space_node_default_size: 8388608.
 - enlarge_chunks_in_place: 1.
 - new_chunks_are_fully_committed: 0.
 - uncommit_free_chunks: 1.
 - use_allocation_guard: 0.


Internal statistics:

num_allocs_failed_limit: 6.
num_arena_births: 924.
num_arena_deaths: 0.
num_vsnodes_births: 2.
num_vsnodes_deaths: 0.
num_space_committed: 757.
num_space_uncommitted: 0.
num_chunks_returned_to_freelist: 6.
num_chunks_taken_from_freelist: 2675.
num_chunk_merges: 6.
num_chunk_splits: 1864.
num_chunks_enlarged: 1454.
num_inconsistent_stats: 0.

CodeHeap 'non-profiled nmethods': size=120000Kb used=3365Kb max_used=3365Kb free=116634Kb
 bounds [0x000001fa61f50000, 0x000001fa622a0000, 0x000001fa69480000]
CodeHeap 'profiled nmethods': size=120000Kb used=13488Kb max_used=13488Kb free=106511Kb
 bounds [0x000001fa5a480000, 0x000001fa5b1b0000, 0x000001fa619b0000]
CodeHeap 'non-nmethods': size=5760Kb used=1399Kb max_used=1436Kb free=4360Kb
 bounds [0x000001fa619b0000, 0x000001fa61c20000, 0x000001fa61f50000]
 total_blobs=7592 nmethods=6971 adapters=530
 compilation: enabled
              stopped_count=0, restarted_count=0
 full_count=0

Compilation events (20 events):
Event: 552.556 Thread 0x000001fa70559f40 nmethod 7643 0x000001fa5b16ec90 code [0x000001fa5b16ee20, 0x000001fa5b16efd8]
Event: 552.556 Thread 0x000001fa70559f40 7651       2       com.mongodb.internal.connection.CommandMessage::getId (5 bytes)
Event: 552.556 Thread 0x000001fa70559f40 nmethod 7651 0x000001fa5abe9a90 code [0x000001fa5abe9c20, 0x000001fa5abe9d18]
Event: 552.556 Thread 0x000001fa70559f40 7649       2       com.mongodb.internal.time.StartTime::now (10 bytes)
Event: 552.557 Thread 0x000001fa70559f40 nmethod 7649 0x000001fa5b16f090 code [0x000001fa5b16f240, 0x000001fa5b16f3e8]
Event: 552.557 Thread 0x000001fa70559f40 7654       2       com.mongodb.internal.connection.ByteBufferBsonOutput::close (65 bytes)
Event: 552.558 Thread 0x000001fa70559f40 nmethod 7654 0x000001fa5b16f490 code [0x000001fa5b16f680, 0x000001fa5b16f968]
Event: 552.558 Thread 0x000001fa70559f40 7652       2       com.mongodb.internal.connection.CommandMessage::useOpMsg (11 bytes)
Event: 552.559 Thread 0x000001fa70559f40 nmethod 7652 0x000001fa5b16fb10 code [0x000001fa5b16fca0, 0x000001fa5b16fdd8]
Event: 552.559 Thread 0x000001fa70559f40 7642       2       org.springframework.web.servlet.mvc.method.RequestMappingInfoHandlerMapping::handleMatch (93 bytes)
Event: 552.561 Thread 0x000001fa70559f40 nmethod 7642 0x000001fa5b16fe90 code [0x000001fa5b1700a0, 0x000001fa5b1704b8]
Event: 552.561 Thread 0x000001fa70559f40 7644       2       org.springframework.web.servlet.mvc.method.RequestMappingInfoHandlerMapping::handleMatch (11 bytes)
Event: 552.561 Thread 0x000001fa70559f40 nmethod 7644 0x000001fa5b170790 code [0x000001fa5b170940, 0x000001fa5b170aa8]
Event: 552.561 Thread 0x000001fa70559f40 7648       2       org.springframework.data.mongodb.core.ExecutableFindOperationSupport$ExecutableFindSupport::<init> (32 bytes)
Event: 552.562 Thread 0x000001fa70559f40 nmethod 7648 0x000001fa5b170b90 code [0x000001fa5b170d40, 0x000001fa5b171018]
Event: 552.562 Thread 0x000001fa70559f40 7655   !   2       org.apache.tomcat.util.net.NioEndpoint$NioSocketWrapper::fillReadBuffer (221 bytes)
Event: 552.563 Thread 0x000001fa70559f40 nmethod 7655 0x000001fa5b171090 code [0x000001fa5b1712e0, 0x000001fa5b171b58]
Event: 552.563 Thread 0x000001fa70559f40 7659       2       org.apache.catalina.connector.Request$$Lambda$1585/0x0000000801602100::apply (8 bytes)
Event: 552.564 Thread 0x000001fa70559f40 nmethod 7659 0x000001fa5b172110 code [0x000001fa5b1722c0, 0x000001fa5b1724d8]
Event: 552.564 Thread 0x000001fa70559f40 7657       2       sun.nio.ch.SelectionKeyImpl::interestOps (50 bytes)

GC Heap History (20 events):
Event: 7.024 GC heap before
{Heap before GC invocations=2 (full 0):
 garbage-first heap   total 126976K, used 55687K [0x0000000084200000, 0x0000000100000000)
  region size 1024K, 50 young (51200K), 3 survivors (3072K)
 Metaspace       used 21127K, committed 21504K, reserved 1114112K
  class space    used 2551K, committed 2752K, reserved 1048576K
}
Event: 7.030 GC heap after
{Heap after GC invocations=3 (full 0):
 garbage-first heap   total 126976K, used 13357K [0x0000000084200000, 0x0000000100000000)
  region size 1024K, 7 young (7168K), 7 survivors (7168K)
 Metaspace       used 21127K, committed 21504K, reserved 1114112K
  class space    used 2551K, committed 2752K, reserved 1048576K
}
Event: 7.564 GC heap before
{Heap before GC invocations=4 (full 0):
 garbage-first heap   total 51200K, used 36909K [0x0000000084200000, 0x0000000100000000)
  region size 1024K, 30 young (30720K), 7 survivors (7168K)
 Metaspace       used 25417K, committed 25984K, reserved 1114112K
  class space    used 3119K, committed 3392K, reserved 1048576K
}
Event: 7.570 GC heap after
{Heap after GC invocations=5 (full 0):
 garbage-first heap   total 51200K, used 15480K [0x0000000084200000, 0x0000000100000000)
  region size 1024K, 3 young (3072K), 3 survivors (3072K)
 Metaspace       used 25417K, committed 25984K, reserved 1114112K
  class space    used 3119K, committed 3392K, reserved 1048576K
}
Event: 7.587 GC heap before
{Heap before GC invocations=5 (full 0):
 garbage-first heap   total 51200K, used 16504K [0x0000000084200000, 0x0000000100000000)
  region size 1024K, 4 young (4096K), 3 survivors (3072K)
 Metaspace       used 25556K, committed 26048K, reserved 1114112K
  class space    used 3157K, committed 3392K, reserved 1048576K
}
Event: 7.589 GC heap after
{Heap after GC invocations=6 (full 0):
 garbage-first heap   total 51200K, used 15685K [0x0000000084200000, 0x0000000100000000)
  region size 1024K, 1 young (1024K), 1 survivors (1024K)
 Metaspace       used 25556K, committed 26048K, reserved 1114112K
  class space    used 3157K, committed 3392K, reserved 1048576K
}
Event: 8.155 GC heap before
{Heap before GC invocations=6 (full 0):
 garbage-first heap   total 51200K, used 34117K [0x0000000084200000, 0x0000000100000000)
  region size 1024K, 20 young (20480K), 1 survivors (1024K)
 Metaspace       used 29767K, committed 30272K, reserved 1114112K
  class space    used 3682K, committed 3904K, reserved 1048576K
}
Event: 8.158 GC heap after
{Heap after GC invocations=7 (full 0):
 garbage-first heap   total 51200K, used 17075K [0x0000000084200000, 0x0000000100000000)
  region size 1024K, 2 young (2048K), 2 survivors (2048K)
 Metaspace       used 29767K, committed 30272K, reserved 1114112K
  class space    used 3682K, committed 3904K, reserved 1048576K
}
Event: 8.667 GC heap before
{Heap before GC invocations=7 (full 0):
 garbage-first heap   total 51200K, used 35507K [0x0000000084200000, 0x0000000100000000)
  region size 1024K, 21 young (21504K), 2 survivors (2048K)
 Metaspace       used 34324K, committed 34880K, reserved 1114112K
  class space    used 4338K, committed 4608K, reserved 1048576K
}
Event: 8.670 GC heap after
{Heap after GC invocations=8 (full 0):
 garbage-first heap   total 51200K, used 18932K [0x0000000084200000, 0x0000000100000000)
  region size 1024K, 2 young (2048K), 2 survivors (2048K)
 Metaspace       used 34324K, committed 34880K, reserved 1114112K
  class space    used 4338K, committed 4608K, reserved 1048576K
}
Event: 8.833 GC heap before
{Heap before GC invocations=8 (full 0):
 garbage-first heap   total 51200K, used 23028K [0x0000000084200000, 0x0000000100000000)
  region size 1024K, 8 young (8192K), 2 survivors (2048K)
 Metaspace       used 35476K, committed 35968K, reserved 1114112K
  class space    used 4518K, committed 4736K, reserved 1048576K
}
Event: 8.836 GC heap after
{Heap after GC invocations=9 (full 0):
 garbage-first heap   total 51200K, used 19547K [0x0000000084200000, 0x0000000100000000)
  region size 1024K, 1 young (1024K), 1 survivors (1024K)
 Metaspace       used 35476K, committed 35968K, reserved 1114112K
  class space    used 4518K, committed 4736K, reserved 1048576K
}
Event: 9.310 GC heap before
{Heap before GC invocations=10 (full 0):
 garbage-first heap   total 51200K, used 36955K [0x0000000084200000, 0x0000000100000000)
  region size 1024K, 19 young (19456K), 1 survivors (1024K)
 Metaspace       used 38095K, committed 38656K, reserved 1114112K
  class space    used 4869K, committed 5120K, reserved 1048576K
}
Event: 9.312 GC heap after
{Heap after GC invocations=11 (full 0):
 garbage-first heap   total 72704K, used 21601K [0x0000000084200000, 0x0000000100000000)
  region size 1024K, 3 young (3072K), 3 survivors (3072K)
 Metaspace       used 38095K, committed 38656K, reserved 1114112K
  class space    used 4869K, committed 5120K, reserved 1048576K
}
Event: 9.326 GC heap before
{Heap before GC invocations=11 (full 0):
 garbage-first heap   total 72704K, used 22625K [0x0000000084200000, 0x0000000100000000)
  region size 1024K, 4 young (4096K), 3 survivors (3072K)
 Metaspace       used 38269K, committed 38784K, reserved 1114112K
  class space    used 4887K, committed 5120K, reserved 1048576K
}
Event: 9.329 GC heap after
{Heap after GC invocations=12 (full 0):
 garbage-first heap   total 72704K, used 21683K [0x0000000084200000, 0x0000000100000000)
  region size 1024K, 1 young (1024K), 1 survivors (1024K)
 Metaspace       used 38269K, committed 38784K, reserved 1114112K
  class space    used 4887K, committed 5120K, reserved 1048576K
}
Event: 110.437 GC heap before
{Heap before GC invocations=12 (full 0):
 garbage-first heap   total 72704K, used 52403K [0x0000000084200000, 0x0000000100000000)
  region size 1024K, 32 young (32768K), 1 survivors (1024K)
 Metaspace       used 44277K, committed 44864K, reserved 1114112K
  class space    used 5698K, committed 5952K, reserved 1048576K
}
Event: 110.443 GC heap after
{Heap after GC invocations=13 (full 0):
 garbage-first heap   total 72704K, used 23685K [0x0000000084200000, 0x0000000100000000)
  region size 1024K, 3 young (3072K), 3 survivors (3072K)
 Metaspace       used 44277K, committed 44864K, reserved 1114112K
  class space    used 5698K, committed 5952K, reserved 1048576K
}
Event: 551.042 GC heap before
{Heap before GC invocations=13 (full 0):
 garbage-first heap   total 72704K, used 53381K [0x0000000084200000, 0x0000000100000000)
  region size 1024K, 33 young (33792K), 3 survivors (3072K)
 Metaspace       used 46899K, committed 47552K, reserved 1114112K
  class space    used 5994K, committed 6272K, reserved 1048576K
}
Event: 551.066 GC heap after
{Heap after GC invocations=14 (full 0):
 garbage-first heap   total 72704K, used 25085K [0x0000000084200000, 0x0000000100000000)
  region size 1024K, 4 young (4096K), 4 survivors (4096K)
 Metaspace       used 46899K, committed 47552K, reserved 1114112K
  class space    used 5994K, committed 6272K, reserved 1048576K
}

Dll operation events (14 events):
Event: 0.018 Loaded shared library C:\Users\Ritej\.jdks\corretto-19.0.2\bin\java.dll
Event: 0.033 Loaded shared library C:\Users\Ritej\.jdks\corretto-19.0.2\bin\jsvml.dll
Event: 0.207 Loaded shared library C:\Users\Ritej\.jdks\corretto-19.0.2\bin\zip.dll
Event: 0.213 Loaded shared library C:\Users\Ritej\.jdks\corretto-19.0.2\bin\instrument.dll
Event: 0.224 Loaded shared library C:\Users\Ritej\.jdks\corretto-19.0.2\bin\net.dll
Event: 0.228 Loaded shared library C:\Users\Ritej\.jdks\corretto-19.0.2\bin\nio.dll
Event: 0.242 Loaded shared library C:\Users\Ritej\.jdks\corretto-19.0.2\bin\zip.dll
Event: 1.341 Loaded shared library C:\Users\Ritej\.jdks\corretto-19.0.2\bin\jimage.dll
Event: 5.074 Loaded shared library C:\Program Files\JetBrains\IntelliJ IDEA Community Edition 2024.1.4\bin\breakgen64.dll
Event: 5.087 Loaded shared library C:\Users\Ritej\.jdks\corretto-19.0.2\bin\extnet.dll
Event: 5.328 Loaded shared library C:\Users\Ritej\.jdks\corretto-19.0.2\bin\management.dll
Event: 5.333 Loaded shared library C:\Users\Ritej\.jdks\corretto-19.0.2\bin\management_ext.dll
Event: 6.236 Loaded shared library C:\Users\Ritej\.jdks\corretto-19.0.2\bin\sunmscapi.dll
Event: 110.584 Loaded shared library C:\Users\Ritej\.jdks\corretto-19.0.2\bin\verify.dll

Deoptimization events (20 events):
Event: 550.912 Thread 0x000001fa76198060 Uncommon trap: trap_request=0xffffff45 fr.pc=0x000001fa6216f240 relative=0x0000000000000200
Event: 550.912 Thread 0x000001fa76198060 Uncommon trap: reason=unstable_if action=reinterpret pc=0x000001fa6216f240 method=java.lang.invoke.MethodType.equals(Ljava/lang/Object;)Z @ 11 c2
Event: 550.912 Thread 0x000001fa76198060 DEOPT PACKING pc=0x000001fa6216f240 sp=0x0000001a24bfaf40
Event: 550.912 Thread 0x000001fa76198060 DEOPT UNPACKING pc=0x000001fa61a1a5a3 sp=0x0000001a24bfaf08 mode 2
Event: 550.912 Thread 0x000001fa76198060 Uncommon trap: trap_request=0xffffff54 fr.pc=0x000001fa6200d3f4 relative=0x0000000000003c94
Event: 550.912 Thread 0x000001fa76198060 Uncommon trap: reason=speculate_null_assert action=make_not_entrant pc=0x000001fa6200d3f4 method=java.lang.invoke.MethodType$ConcurrentWeakInternSet.add(Ljava/lang/Object;)Ljava/lang/Object; @ 47 c2
Event: 550.912 Thread 0x000001fa76198060 DEOPT PACKING pc=0x000001fa6200d3f4 sp=0x0000001a24bfb130
Event: 550.912 Thread 0x000001fa76198060 DEOPT UNPACKING pc=0x000001fa61a1a5a3 sp=0x0000001a24bfb0d8 mode 2
Event: 551.138 Thread 0x000001fa78474340 Uncommon trap: trap_request=0xffffff45 fr.pc=0x000001fa62019a88 relative=0x00000000000001c8
Event: 551.138 Thread 0x000001fa78474340 Uncommon trap: reason=unstable_if action=reinterpret pc=0x000001fa62019a88 method=java.util.concurrent.ConcurrentHashMap.addCount(JI)V @ 34 c2
Event: 551.138 Thread 0x000001fa78474340 DEOPT PACKING pc=0x000001fa62019a88 sp=0x0000001a254f97f0
Event: 551.138 Thread 0x000001fa78474340 DEOPT UNPACKING pc=0x000001fa61a1a5a3 sp=0x0000001a254f9730 mode 2
Event: 551.157 Thread 0x000001fa761985b0 Uncommon trap: trap_request=0xffffff45 fr.pc=0x000001fa620bd388 relative=0x0000000000000bc8
Event: 551.157 Thread 0x000001fa761985b0 Uncommon trap: reason=unstable_if action=reinterpret pc=0x000001fa620bd388 method=java.util.concurrent.ConcurrentHashMap.addCount(JI)V @ 7 c2
Event: 551.157 Thread 0x000001fa761985b0 DEOPT PACKING pc=0x000001fa620bd388 sp=0x0000001a24cf8390
Event: 551.157 Thread 0x000001fa761985b0 DEOPT UNPACKING pc=0x000001fa61a1a5a3 sp=0x0000001a24cf8250 mode 2
Event: 551.157 Thread 0x000001fa761985b0 Uncommon trap: trap_request=0xffffff45 fr.pc=0x000001fa620fa980 relative=0x0000000000000060
Event: 551.157 Thread 0x000001fa761985b0 Uncommon trap: reason=unstable_if action=reinterpret pc=0x000001fa620fa980 method=java.util.concurrent.ConcurrentHashMap.sumCount()J @ 11 c2
Event: 551.157 Thread 0x000001fa761985b0 DEOPT PACKING pc=0x000001fa620fa980 sp=0x0000001a24cf8190
Event: 551.157 Thread 0x000001fa761985b0 DEOPT UNPACKING pc=0x000001fa61a1a5a3 sp=0x0000001a24cf80f0 mode 2

Classes loaded (20 events):
Event: 55.365 Loading class java/util/stream/DoubleStream
Event: 55.366 Loading class java/util/stream/DoubleStream done
Event: 110.374 Loading class java/io/PushbackInputStream
Event: 110.374 Loading class java/io/PushbackInputStream done
Event: 110.376 Loading class org/w3c/dom/Node
Event: 110.377 Loading class org/w3c/dom/Node done
Event: 110.377 Loading class org/w3c/dom/Document
Event: 110.378 Loading class org/w3c/dom/Document done
Event: 110.457 Loading class java/util/TreeMap$KeySpliterator
Event: 110.457 Loading class java/util/TreeMap$KeySpliterator done
Event: 110.604 Loading class java/util/concurrent/ConcurrentHashMap$TreeBin
Event: 110.604 Loading class java/util/concurrent/ConcurrentHashMap$TreeBin done
Event: 188.573 Loading class java/lang/foreign/MemorySegment
Event: 188.578 Loading class java/lang/foreign/Addressable
Event: 188.579 Loading class java/lang/foreign/Addressable done
Event: 188.579 Loading class java/lang/foreign/MemorySegment done
Event: 550.730 Loading class java/util/concurrent/locks/ReentrantReadWriteLock$Sync$HoldCounter
Event: 550.732 Loading class java/util/concurrent/locks/ReentrantReadWriteLock$Sync$HoldCounter done
Event: 551.138 Loading class java/util/concurrent/atomic/Striped64$Cell
Event: 551.141 Loading class java/util/concurrent/atomic/Striped64$Cell done

Classes unloaded (0 events):
No events

Classes redefined (0 events):
No events

Internal exceptions (20 events):
Event: 9.252 Thread 0x000001fa758df180 Exception <a 'java/lang/IncompatibleClassChangeError'{0x00000000863ea7f8}: Found class java.lang.Object, but interface was expected> (0x00000000863ea7f8) 
thrown [s\src\hotspot\share\interpreter\linkResolver.cpp, line 841]
Event: 9.574 Thread 0x000001fa758df180 Exception <a 'java/lang/NoSuchMethodError'{0x0000000087fdcfe0}: 'int java.lang.invoke.DirectMethodHandle$Holder.invokeStaticInit(java.lang.Object, java.lang.Object, java.lang.Object, java.lang.Object)'> (0x0000000087fdcfe0) 
thrown [s\src\hotspot\share\interpreter\linkResolver.cpp, line 774]
Event: 9.758 Thread 0x000001fa758df180 Exception <a 'java/lang/NoSuchMethodError'{0x0000000087bf4d30}: 'java.lang.Object java.lang.invoke.DirectMethodHandle$Holder.newInvokeSpecial(java.lang.Object, java.lang.Object, int, java.lang.Object, java.lang.Object)'> (0x0000000087bf4d30) 
thrown [s\src\hotspot\share\interpreter\linkResolver.cpp, line 774]
Event: 55.168 Thread 0x000001fa78471e10 Exception <a 'java/lang/NoSuchMethodError'{0x000000008788ed98}: 'java.lang.Object java.lang.invoke.DirectMethodHandle$Holder.invokeStatic(java.lang.Object, java.lang.Object, java.lang.Object, int, int)'> (0x000000008788ed98) 
thrown [s\src\hotspot\share\interpreter\linkResolver.cpp, line 774]
Event: 55.168 Thread 0x000001fa78471e10 Exception <a 'java/lang/NoSuchMethodError'{0x00000000878925f8}: 'java.lang.Object java.lang.invoke.DirectMethodHandle$Holder.invokeStaticInit(java.lang.Object, java.lang.Object, java.lang.Object, int, int)'> (0x00000000878925f8) 
thrown [s\src\hotspot\share\interpreter\linkResolver.cpp, line 774]
Event: 55.198 Thread 0x000001fa76198060 Exception <a 'java/lang/NoSuchMethodError'{0x0000000087492a80}: 'java.lang.Object java.lang.invoke.DirectMethodHandle$Holder.invokeSpecial(java.lang.Object, java.lang.Object, java.lang.Object, java.lang.Object, java.lang.Object, long)'> (0x0000000087492a80) 
thrown [s\src\hotspot\share\interpreter\linkResolver.cpp, line 774]
Event: 55.198 Thread 0x000001fa76198060 Exception <a 'java/lang/NoSuchMethodError'{0x00000000874964d0}: 'java.lang.Object java.lang.invoke.Invokers$Holder.linkToTargetMethod(java.lang.Object, java.lang.Object, java.lang.Object, long, java.lang.Object)'> (0x00000000874964d0) 
thrown [s\src\hotspot\share\interpreter\linkResolver.cpp, line 774]
Event: 55.255 Thread 0x000001fa761985b0 Exception <a 'java/lang/NoSuchMethodError'{0x00000000872428e8}: 'java.lang.Object java.lang.invoke.DirectMethodHandle$Holder.invokeStatic(java.lang.Object, int, int)'> (0x00000000872428e8) 
thrown [s\src\hotspot\share\interpreter\linkResolver.cpp, line 774]
Event: 68.211 Thread 0x000001fa76197070 Exception <a 'java/lang/NoSuchMethodError'{0x0000000086d40768}: 'java.lang.Object java.lang.invoke.DirectMethodHandle$Holder.newInvokeSpecial(java.lang.Object, java.lang.Object, long)'> (0x0000000086d40768) 
thrown [s\src\hotspot\share\interpreter\linkResolver.cpp, line 774]
Event: 68.211 Thread 0x000001fa76197070 Exception <a 'java/lang/NoSuchMethodError'{0x0000000086d44390}: 'java.lang.Object java.lang.invoke.Invokers$Holder.linkToTargetMethod(java.lang.Object, long, java.lang.Object)'> (0x0000000086d44390) 
thrown [s\src\hotspot\share\interpreter\linkResolver.cpp, line 774]
Event: 110.425 Thread 0x000001fa78475dd0 Exception <a 'java/lang/NoSuchMethodError'{0x000000008698b3e8}: 'void java.lang.invoke.DirectMethodHandle$Holder.invokeVirtual(java.lang.Object, java.lang.Object, double)'> (0x000000008698b3e8) 
thrown [s\src\hotspot\share\interpreter\linkResolver.cpp, line 774]
Event: 110.426 Thread 0x000001fa78475dd0 Exception <a 'java/lang/NoSuchMethodError'{0x0000000086996a10}: 'double java.lang.invoke.DelegatingMethodHandle$Holder.reinvoke_L(java.lang.Object, java.lang.Object, int)'> (0x0000000086996a10) 
thrown [s\src\hotspot\share\interpreter\linkResolver.cpp, line 774]
Event: 110.427 Thread 0x000001fa78475dd0 Exception <a 'java/lang/NoSuchMethodError'{0x00000000869a16f0}: 'void java.lang.invoke.DelegatingMethodHandle$Holder.reinvoke_L(java.lang.Object, java.lang.Object, double)'> (0x00000000869a16f0) 
thrown [s\src\hotspot\share\interpreter\linkResolver.cpp, line 774]
Event: 110.551 Thread 0x000001fa78475dd0 Exception <a 'java/lang/NoSuchMethodError'{0x000000008896eb78}: 'long java.lang.invoke.DirectMethodHandle$Holder.invokeStatic(java.lang.Object, long)'> (0x000000008896eb78) 
thrown [s\src\hotspot\share\interpreter\linkResolver.cpp, line 774]
Event: 110.586 Thread 0x000001fa78475dd0 Exception <a 'java/lang/NoSuchMethodError'{0x0000000088899720}: 'void java.lang.invoke.Invokers$Holder.invoke_MT(java.lang.Object, java.lang.Object, java.lang.Object, java.lang.Object)'> (0x0000000088899720) 
thrown [s\src\hotspot\share\interpreter\linkResolver.cpp, line 774]
Event: 110.588 Thread 0x000001fa78475dd0 Implicit null exception at 0x000001fa6209d334 to 0x000001fa6209d3a0
Event: 110.600 Thread 0x000001fa78475dd0 Exception <a 'java/lang/NoSuchMethodError'{0x00000000888f1df8}: 'double java.lang.invoke.DelegatingMethodHandle$Holder.reinvoke_L(java.lang.Object, java.lang.Object)'> (0x00000000888f1df8) 
thrown [s\src\hotspot\share\interpreter\linkResolver.cpp, line 774]
Event: 110.645 Thread 0x000001fa78475dd0 Exception <a 'java/lang/NoSuchMethodError'{0x000000008864e1f0}: 'double java.lang.invoke.DirectMethodHandle$Holder.invokeVirtual(java.lang.Object, java.lang.Object)'> (0x000000008864e1f0) 
thrown [s\src\hotspot\share\interpreter\linkResolver.cpp, line 774]
Event: 550.267 Thread 0x000001fa78471370 Exception <a 'java/lang/NoSuchMethodError'{0x00000000870b0030}: 'java.lang.Object java.lang.invoke.DirectMethodHandle$Holder.invokeInterface(java.lang.Object, java.lang.Object, int)'> (0x00000000870b0030) 
thrown [s\src\hotspot\share\interpreter\linkResolver.cpp, line 774]
Event: 550.552 Thread 0x000001fa78471370 Exception <a 'java/lang/NoSuchMethodError'{0x0000000086f98968}: 'java.lang.Object java.lang.invoke.DirectMethodHandle$Holder.invokeInterface(java.lang.Object, java.lang.Object, java.lang.Object, java.lang.Object)'> (0x0000000086f98968) 
thrown [s\src\hotspot\share\interpreter\linkResolver.cpp, line 774]

VM Operations (20 events):
Event: 488.613 Executing VM operation: Cleanup
Event: 488.613 Executing VM operation: Cleanup done
Event: 489.615 Executing VM operation: Cleanup
Event: 489.616 Executing VM operation: Cleanup done
Event: 498.680 Executing VM operation: Cleanup
Event: 498.680 Executing VM operation: Cleanup done
Event: 509.767 Executing VM operation: Cleanup
Event: 509.767 Executing VM operation: Cleanup done
Event: 549.116 Executing VM operation: Cleanup
Event: 549.116 Executing VM operation: Cleanup done
Event: 550.128 Executing VM operation: Cleanup
Event: 550.128 Executing VM operation: Cleanup done
Event: 550.842 Executing VM operation: HandshakeAllThreads
Event: 550.844 Executing VM operation: HandshakeAllThreads done
Event: 551.041 Executing VM operation: G1CollectForAllocation
Event: 551.074 Executing VM operation: G1CollectForAllocation done
Event: 551.530 Executing VM operation: ICBufferFull
Event: 552.140 Executing VM operation: ICBufferFull done
Event: 552.549 Executing VM operation: ICBufferFull
Event: 552.550 Executing VM operation: ICBufferFull done

Events (20 events):
Event: 55.283 Thread 0x000001fa74d50460 flushing nmethod 0x000001fa5ad4fe90
Event: 55.283 Thread 0x000001fa74d50460 flushing nmethod 0x000001fa5ad50d90
Event: 55.283 Thread 0x000001fa74d50460 flushing nmethod 0x000001fa5ad52d90
Event: 55.283 Thread 0x000001fa74d50460 flushing nmethod 0x000001fa5ad55b10
Event: 55.284 Thread 0x000001fa74d50460 flushing nmethod 0x000001fa5ad76f90
Event: 55.284 Thread 0x000001fa74d50460 flushing nmethod 0x000001fa5adb9a90
Event: 55.284 Thread 0x000001fa74d50460 flushing nmethod 0x000001fa5addfd10
Event: 55.284 Thread 0x000001fa74d50460 flushing nmethod 0x000001fa5adf5c90
Event: 55.284 Thread 0x000001fa74d50460 flushing nmethod 0x000001fa5adfe890
Event: 55.284 Thread 0x000001fa74d50460 flushing nmethod 0x000001fa5ae09590
Event: 55.284 Thread 0x000001fa74d50460 flushing nmethod 0x000001fa5ae1b410
Event: 55.284 Thread 0x000001fa74d50460 flushing nmethod 0x000001fa5ae43090
Event: 55.284 Thread 0x000001fa74d50460 flushing nmethod 0x000001fa5aea5610
Event: 55.284 Thread 0x000001fa74d50460 flushing nmethod 0x000001fa5af29090
Event: 55.284 Thread 0x000001fa74d50460 flushing nmethod 0x000001fa5af29710
Event: 55.284 Thread 0x000001fa74d50460 flushing nmethod 0x000001fa5af2b610
Event: 55.284 Thread 0x000001fa74d50460 flushing nmethod 0x000001fa5af31b90
Event: 58.072 Thread 0x000001fa753058f0 Thread exited: 0x000001fa753058f0
Event: 110.493 Thread 0x000001fa753058f0 Thread added: 0x000001fa753058f0
Event: 110.808 Thread 0x000001fa753058f0 Thread exited: 0x000001fa753058f0


Dynamic libraries:
0x00007ff61f960000 - 0x00007ff61f96d000 	C:\Users\Ritej\.jdks\corretto-19.0.2\bin\java.exe
0x00007ffe09eb0000 - 0x00007ffe0a0c7000 	C:\WINDOWS\SYSTEM32\ntdll.dll
0x00007ffdc3020000 - 0x00007ffdc3040000 	C:\Program Files\Avast Software\Avast\aswhook.dll
0x00007ffe08c10000 - 0x00007ffe08cd4000 	C:\WINDOWS\System32\KERNEL32.DLL
0x00007ffe07750000 - 0x00007ffe07b20000 	C:\WINDOWS\System32\KERNELBASE.dll
0x00007ffe07160000 - 0x00007ffe07271000 	C:\WINDOWS\System32\ucrtbase.dll
0x00007ffdfae20000 - 0x00007ffdfae35000 	C:\Users\Ritej\.jdks\corretto-19.0.2\bin\VCRUNTIME140.dll
0x00007ffdef010000 - 0x00007ffdef027000 	C:\Users\Ritej\.jdks\corretto-19.0.2\bin\jli.dll
0x00007ffe08a60000 - 0x00007ffe08c0e000 	C:\WINDOWS\System32\USER32.dll
0x00007ffe075e0000 - 0x00007ffe07606000 	C:\WINDOWS\System32\win32u.dll
0x00007ffe09140000 - 0x00007ffe09169000 	C:\WINDOWS\System32\GDI32.dll
0x00007ffdf0f20000 - 0x00007ffdf11b2000 	C:\WINDOWS\WinSxS\amd64_microsoft.windows.common-controls_6595b64144ccf1df_6.0.22621.4830_none_270fe7d773858e80\COMCTL32.dll
0x00007ffe07320000 - 0x00007ffe0743b000 	C:\WINDOWS\System32\gdi32full.dll
0x00007ffe08190000 - 0x00007ffe08237000 	C:\WINDOWS\System32\msvcrt.dll
0x00007ffe07280000 - 0x00007ffe0731a000 	C:\WINDOWS\System32\msvcp_win.dll
0x00007ffe08ce0000 - 0x00007ffe08d11000 	C:\WINDOWS\System32\IMM32.DLL
0x00007ffdd6530000 - 0x00007ffdd65cb000 	C:\Users\Ritej\.jdks\corretto-19.0.2\bin\msvcp140.dll
0x00007ffd8d970000 - 0x00007ffd8e649000 	C:\Users\Ritej\.jdks\corretto-19.0.2\bin\server\jvm.dll
0x00007ffe07ba0000 - 0x00007ffe07c51000 	C:\WINDOWS\System32\ADVAPI32.dll
0x00007ffe09090000 - 0x00007ffe09137000 	C:\WINDOWS\System32\sechost.dll
0x00007ffe075b0000 - 0x00007ffe075d8000 	C:\WINDOWS\System32\bcrypt.dll
0x00007ffe09c40000 - 0x00007ffe09d54000 	C:\WINDOWS\System32\RPCRT4.dll
0x00007ffe00a00000 - 0x00007ffe00a34000 	C:\WINDOWS\SYSTEM32\WINMM.dll
0x00007ffdff6b0000 - 0x00007ffdff6ba000 	C:\WINDOWS\SYSTEM32\VERSION.dll
0x00007ffdec120000 - 0x00007ffdec129000 	C:\WINDOWS\SYSTEM32\WSOCK32.dll
0x00007ffe08240000 - 0x00007ffe082b1000 	C:\WINDOWS\System32\WS2_32.dll
0x00007ffe06160000 - 0x00007ffe06178000 	C:\WINDOWS\SYSTEM32\kernel.appcore.dll
0x00007ffe032c0000 - 0x00007ffe032ca000 	C:\Users\Ritej\.jdks\corretto-19.0.2\bin\jimage.dll
0x00007ffe04b20000 - 0x00007ffe04d52000 	C:\WINDOWS\SYSTEM32\DBGHELP.DLL
0x00007ffe07c70000 - 0x00007ffe08000000 	C:\WINDOWS\System32\combase.dll
0x00007ffe09170000 - 0x00007ffe09247000 	C:\WINDOWS\System32\OLEAUT32.dll
0x00007ffdfa3f0000 - 0x00007ffdfa422000 	C:\WINDOWS\SYSTEM32\dbgcore.DLL
0x00007ffe076d0000 - 0x00007ffe0774b000 	C:\WINDOWS\System32\bcryptPrimitives.dll
0x00007ffe02150000 - 0x00007ffe0215e000 	C:\Users\Ritej\.jdks\corretto-19.0.2\bin\instrument.dll
0x00007ffde2e40000 - 0x00007ffde2e66000 	C:\Users\Ritej\.jdks\corretto-19.0.2\bin\java.dll
0x00007ffdd5730000 - 0x00007ffdd5806000 	C:\Users\Ritej\.jdks\corretto-19.0.2\bin\jsvml.dll
0x00007ffe09250000 - 0x00007ffe09ac8000 	C:\WINDOWS\System32\SHELL32.dll
0x00007ffe05060000 - 0x00007ffe05970000 	C:\WINDOWS\SYSTEM32\windows.storage.dll
0x00007ffe04f20000 - 0x00007ffe0505f000 	C:\WINDOWS\SYSTEM32\wintypes.dll
0x00007ffe09b30000 - 0x00007ffe09c3a000 	C:\WINDOWS\System32\SHCORE.dll
0x00007ffe087d0000 - 0x00007ffe0882e000 	C:\WINDOWS\System32\shlwapi.dll
0x00007ffe07090000 - 0x00007ffe070bb000 	C:\WINDOWS\SYSTEM32\profapi.dll
0x00007ffdd5b60000 - 0x00007ffdd5b78000 	C:\Users\Ritej\.jdks\corretto-19.0.2\bin\zip.dll
0x00007ffdee4d0000 - 0x00007ffdee4e3000 	C:\Users\Ritej\.jdks\corretto-19.0.2\bin\net.dll
0x00007ffe03670000 - 0x00007ffe0379c000 	C:\WINDOWS\SYSTEM32\WINHTTP.dll
0x00007ffe065d0000 - 0x00007ffe0663a000 	C:\WINDOWS\system32\mswsock.dll
0x00007ffde6d50000 - 0x00007ffde6d65000 	C:\Users\Ritej\.jdks\corretto-19.0.2\bin\nio.dll
0x00007ffdd5b30000 - 0x00007ffdd5b4a000 	C:\Program Files\JetBrains\IntelliJ IDEA Community Edition 2024.1.4\bin\breakgen64.dll
0x00007ffdd64d0000 - 0x00007ffdd64d8000 	C:\Users\Ritej\.jdks\corretto-19.0.2\bin\extnet.dll
0x00007ffe00200000 - 0x00007ffe00209000 	C:\Users\Ritej\.jdks\corretto-19.0.2\bin\management.dll
0x00007ffdfb0b0000 - 0x00007ffdfb0bb000 	C:\Users\Ritej\.jdks\corretto-19.0.2\bin\management_ext.dll
0x00007ffe087c0000 - 0x00007ffe087c8000 	C:\WINDOWS\System32\PSAPI.DLL
0x00007ffdd6520000 - 0x00007ffdd652e000 	C:\Users\Ritej\.jdks\corretto-19.0.2\bin\sunmscapi.dll
0x00007ffe07440000 - 0x00007ffe075a6000 	C:\WINDOWS\System32\CRYPT32.dll
0x00007ffe06a10000 - 0x00007ffe06a3d000 	C:\WINDOWS\SYSTEM32\ncrypt.dll
0x00007ffe069d0000 - 0x00007ffe06a07000 	C:\WINDOWS\SYSTEM32\NTASN1.dll
0x00007ffe06920000 - 0x00007ffe0693b000 	C:\WINDOWS\SYSTEM32\CRYPTSP.dll
0x00007ffe060c0000 - 0x00007ffe060f5000 	C:\WINDOWS\system32\rsaenh.dll
0x00007ffe06670000 - 0x00007ffe06698000 	C:\WINDOWS\SYSTEM32\USERENV.dll
0x00007ffe06900000 - 0x00007ffe0690c000 	C:\WINDOWS\SYSTEM32\CRYPTBASE.dll
0x00007ffe05bd0000 - 0x00007ffe05bfd000 	C:\WINDOWS\SYSTEM32\IPHLPAPI.DLL
0x00007ffe08020000 - 0x00007ffe08029000 	C:\WINDOWS\System32\NSI.dll
0x00007ffe00750000 - 0x00007ffe00769000 	C:\WINDOWS\SYSTEM32\dhcpcsvc6.DLL
0x00007ffe00650000 - 0x00007ffe0066f000 	C:\WINDOWS\SYSTEM32\dhcpcsvc.DLL
0x00007ffe05c40000 - 0x00007ffe05d42000 	C:\WINDOWS\SYSTEM32\DNSAPI.dll
0x00007ffdffcd0000 - 0x00007ffdffcda000 	C:\Windows\System32\rasadhlp.dll
0x00007ffdffe90000 - 0x00007ffdfff13000 	C:\WINDOWS\System32\fwpuclnt.dll
0x00007ffda0eb0000 - 0x00007ffda0eb8000 	C:\WINDOWS\system32\wshunix.dll
0x00007ffddd2a0000 - 0x00007ffddd2b0000 	C:\Users\Ritej\.jdks\corretto-19.0.2\bin\verify.dll

dbghelp: loaded successfully - version: 4.0.5 - missing functions: none
symbol engine: initialized successfully - sym options: 0x614 - pdb path: .;C:\Users\Ritej\.jdks\corretto-19.0.2\bin;C:\WINDOWS\SYSTEM32;C:\Program Files\Avast Software\Avast;C:\WINDOWS\WinSxS\amd64_microsoft.windows.common-controls_6595b64144ccf1df_6.0.22621.4830_none_270fe7d773858e80;C:\Users\Ritej\.jdks\corretto-19.0.2\bin\server;C:\Program Files\JetBrains\IntelliJ IDEA Community Edition 2024.1.4\bin

VM Arguments:
jvm_args: -javaagent:C:\Program Files\JetBrains\IntelliJ IDEA Community Edition 2024.1.4\lib\idea_rt.jar=51868:C:\Program Files\JetBrains\IntelliJ IDEA Community Edition 2024.1.4\bin -Dfile.encoding=UTF-8 -Dsun.stdout.encoding=UTF-8 -Dsun.stderr.encoding=UTF-8 
java_command: com.example.WSM.WsmApplication
java_class_path (initial): C:\Users\Ritej\Downloads\Ritej-main\WSM Project\WSM\target\classes;C:\Users\Ritej\.m2\repository\org\apache\poi\poi\5.2.3\poi-5.2.3.jar;C:\Users\Ritej\.m2\repository\commons-codec\commons-codec\1.18.0\commons-codec-1.18.0.jar;C:\Users\Ritej\.m2\repository\org\apache\commons\commons-collections4\4.4\commons-collections4-4.4.jar;C:\Users\Ritej\.m2\repository\org\apache\commons\commons-math3\3.6.1\commons-math3-3.6.1.jar;C:\Users\Ritej\.m2\repository\commons-io\commons-io\2.11.0\commons-io-2.11.0.jar;C:\Users\Ritej\.m2\repository\com\zaxxer\SparseBitSet\1.2\SparseBitSet-1.2.jar;C:\Users\Ritej\.m2\repository\org\apache\logging\log4j\log4j-api\2.24.3\log4j-api-2.24.3.jar;C:\Users\Ritej\.m2\repository\org\apache\poi\poi-ooxml\5.2.3\poi-ooxml-5.2.3.jar;C:\Users\Ritej\.m2\repository\org\apache\poi\poi-ooxml-lite\5.2.3\poi-ooxml-lite-5.2.3.jar;C:\Users\Ritej\.m2\repository\org\apache\xmlbeans\xmlbeans\5.1.1\xmlbeans-5.1.1.jar;C:\Users\Ritej\.m2\repository\org\apache\commons\commons-compress\1.21\commons-compress-1.21.jar;C:\Users\Ritej\.m2\repository\com\github\virtuald\curvesapi\1.07\curvesapi-1.07.jar;C:\Users\Ritej\.m2\repository\io\jsonwebtoken\jjwt-api\0.11.5\jjwt-api-0.11.5.jar;C:\Users\Ritej\.m2\repository\io\jsonwebtoken\jjwt-impl\0.11.5\jjwt-impl-0.11.5.jar;C:\Users\Ritej\.m2\repository\io\jsonwebtoken\jjwt-jackson\0.11.5\jjwt-jackson-0.11.5.jar;C:\Users\Ritej\.m2\repository\com\fasterxml\jackson\core\jackson-databind\2.19.2\jackson-databind-2.19.2.jar;C:\Users\Ritej\.m2\repository\com\fasterxml\jackson\core\jackson-annotations\2.19.2\jackson-annotations-2.19.2.jar;C:\Users\Ritej\.m2\repository\com\fasterxml\jackson\core\jackson-core\2.19.2\jackson-core-2.19.2.jar;C:\Users\Ritej\.m2\repository\org\springframework\boot\spring-boot-starter-data-mongodb\3.5.4\spring-boot-starter-data-mongodb-3.5.4.jar;C:\Users\Ritej\.m2\repository\org\springframework\boot\spring-boot-starter\3.5.4\spring-boot-starter-3.5.4.jar;C:\Users\Ritej\.m2\repository\org\springframework\boot\spring-boot-starter-logging\3.5.4\spring-boot-starter-logging-3.5.4.jar;C:\Users\Ritej\.m2\repository\ch\qos\logback\logback-classic\1.5.18\logback-classic-1.5.18.jar;C:\Users\Ritej\.m2\repository\ch\qos\logback\logback-core\1.5.18\logback-core-1.5.18.jar;C:\Users\Ritej\.m2\repository\org\apache\logging\log4j\log4j-to-slf4j\2.24.3\log4j-to-slf4j-2.24.3.jar;C:\Users\Ritej\.m2\repository\org\slf4j\jul-to-slf4j\2.0.17\jul-to-slf4j-2.0.17.jar;C:\Users\Ritej\.m2\repository\jakarta\annotation\jakarta.annotation-api\2.1.1\jakarta.annotation-api-2.1.1.jar;C:\Users\Ritej\.m2\repository\org\yaml\snakeyaml\2.4\snakeyaml-2.4.jar;C:\Users\Ritej\.m2\repository\org\mongodb\mongodb-driver-sync\5.5.1\mongodb-driver-sync-5.5.1.jar;C:\Users\Ritej\.m2\repository\org\mongodb\bson\5.5.1\bson-5.5.1.jar;C:\Users\Ritej\.m2\repository\org\mongodb\mongodb-driver-core\5.5.1\mongodb-driver-core-5.5.1.jar;C:\Users\Ritej\.m2\repository\org\mongodb\bson-record-codec\5.5.1\bson-record-codec-5.5.1.jar;C:\Users\Ritej\.m2\repository\org\springframework\data\spring-data-mongodb\4.5.2\spring-data-mongodb-4.5.2.jar;C:\Users\Ritej\.m2\repository\org\springframework\spring-tx\6.2.9\spring-tx-6.2.9.jar;C:\Users\Ritej\.m2\repository\org\springframework\spring-context\6.2.9\spring-context-6.2.9.jar;C:\Users\Ritej\.m2\repository\org\springframework\spring-beans\6.2.9\spring-beans-6.2.9.jar;C:\Users\Ritej\.m2\repository\org\springframework\spring-expression\6.2.9\spring-expression-6.2.9.jar;C:\Users\Ritej\.m2\repository\org\springframework\data\spring-data-commons\3.5.2\spring-data-commons-3.5.2.jar;C:\Users\Ritej\.m2\repository\org\slf4j\slf4j-api\2.0.17\slf4j-api-2.0.17.jar;C:\Users\Ritej\.m2\repository\org\springframework\boot\spring-boot-starter-security\3.2.0\spring-boot-starter-security-3.2.0.jar;C:\Users\Ritej\.m2\repository\org\springframework\spring-aop\6.2.9\spring-aop-6.2.9.jar;C:\Users\Ritej\.m2\repository\org\springframework\security\spring-security-config\6.5.2\spring-security-config-6.5.2.jar;C:\Users\Ritej\.m2\repository\org\springframework\security\spring-security-core\6.5.2\spring-security-core-6.5.2.jar;C:\Users\Ritej\.m2\repository\org\springframework\security\spring-security-crypto\6.5.2\spring-security-crypto-6.5.2.jar;C:\Users\Ritej\.m2\repository\org\springframework\security\spring-security-web\6.5.2\spring-security-web-6.5.2.jar;C:\Users\Ritej\.m2\repository\org\springframework\boot\spring-boot-starter-web\3.5.4\spring-boot-starter-web-3.5.4.jar;C:\Users\Ritej\.m2\repository\org\springframework\boot\spring-boot-starter-json\3.5.4\spring-boot-starter-json-3.5.4.jar;C:\Users\Ritej\.m2\repository\com\fasterxml\jackson\datatype\jackson-datatype-jdk8\2.19.2\jackson-datatype-jdk8-2.19.2.jar;C:\Users\Ritej\.m2\repository\com\fasterxml\jackson\datatype\jackson-datatype-jsr310\2.19.2\jackson-datatype-jsr310-2.19.2.jar;C:\Users\Ritej\.m2\repository\com\fasterxml\jackson\module\jackson-module-parameter-names\2.19.2\jackson-module-parameter-names-2.19.2.jar;C:\Users\Ritej\.m2\repository\org\springframework\boot\spring-boot-starter-tomcat\3.5.4\spring-boot-starter-tomcat-3.5.4.jar;C:\Users\Ritej\.m2\repository\org\apache\tomcat\embed\tomcat-embed-core\10.1.43\tomcat-embed-core-10.1.43.jar;C:\Users\Ritej\.m2\repository\org\apache\tomcat\embed\tomcat-embed-el\10.1.43\tomcat-embed-el-10.1.43.jar;C:\Users\Ritej\.m2\repository\org\apache\tomcat\embed\tomcat-embed-websocket\10.1.43\tomcat-embed-websocket-10.1.43.jar;C:\Users\Ritej\.m2\repository\org\springframework\spring-web\6.2.9\spring-web-6.2.9.jar;C:\Users\Ritej\.m2\repository\io\micrometer\micrometer-observation\1.15.2\micrometer-observation-1.15.2.jar;C:\Users\Ritej\.m2\repository\io\micrometer\micrometer-commons\1.15.2\micrometer-commons-1.15.2.jar;C:\Users\Ritej\.m2\repository\org\springframework\spring-webmvc\6.2.9\spring-webmvc-6.2.9.jar;C:\Users\Ritej\.m2\repository\org\springframework\boot\spring-boot-devtools\3.5.4\spring-boot-devtools-3.5.4.jar;C:\Users\Ritej\.m2\repository\org\springframework\boot\spring-boot\3.5.4\spring-boot-3.5.4.jar;C:\Users\Ritej\.m2\repository\org\springframework\boot\spring-boot-autoconfigure\3.5.4\spring-boot-autoconfigure-3.5.4.jar;C:\Users\Ritej\.m2\repository\org\springframework\spring-core\6.2.9\spring-core-6.2.9.jar;C:\Users\Ritej\.m2\repository\org\springframework\spring-jcl\6.2.9\spring-jcl-6.2.9.jar
Launcher Type: SUN_STANDARD

[Global flags]
     intx CICompilerCount                          = 4                                         {product} {ergonomic}
     uint ConcGCThreads                            = 2                                         {product} {ergonomic}
     uint G1ConcRefinementThreads                  = 8                                         {product} {ergonomic}
   size_t G1HeapRegionSize                         = 1048576                                   {product} {ergonomic}
    uintx GCDrainStackTargetSize                   = 64                                        {product} {ergonomic}
   size_t InitialHeapSize                          = 130023424                                 {product} {ergonomic}
   size_t MarkStackSize                            = 4194304                                   {product} {ergonomic}
   size_t MaxHeapSize                              = 2078277632                                {product} {ergonomic}
   size_t MaxNewSize                               = 1246756864                                {product} {ergonomic}
   size_t MinHeapDeltaBytes                        = 1048576                                   {product} {ergonomic}
   size_t MinHeapSize                              = 8388608                                   {product} {ergonomic}
    uintx NonNMethodCodeHeapSize                   = 5839372                                {pd product} {ergonomic}
    uintx NonProfiledCodeHeapSize                  = 122909434                              {pd product} {ergonomic}
    uintx ProfiledCodeHeapSize                     = 122909434                              {pd product} {ergonomic}
    uintx ReservedCodeCacheSize                    = 251658240                              {pd product} {ergonomic}
     bool SegmentedCodeCache                       = true                                      {product} {ergonomic}
   size_t SoftMaxHeapSize                          = 2078277632                             {manageable} {ergonomic}
     bool UseCompressedClassPointers               = true                           {product lp64_product} {ergonomic}
     bool UseCompressedOops                        = true                           {product lp64_product} {ergonomic}
     bool UseG1GC                                  = true                                      {product} {ergonomic}
     bool UseLargePagesIndividualAllocation        = false                                  {pd product} {ergonomic}

Logging:
Log output configuration:
 #0: stdout all=warning uptime,level,tags foldmultilines=false
 #1: stderr all=off uptime,level,tags foldmultilines=false

Environment Variables:
JAVA_HOME=C:\Program Files\Java\jdk-17
PATH=C:\Program Files\MongoDB\Server\7.0\bin;C:\oraclexe\app\oracle\product\11.2.0\server\bin;"C:\xampp\php;C:\xampp\php;C:\Program Files\Common Files\Oracle\Java\javapath";C:\WINDOWS\system32;C:\WINDOWS;C:\WINDOWS\System32\Wbem;C:\WINDOWS\System32\WindowsPowerShell\v1.0\;C:\WINDOWS\System32\OpenSSH\;C:\ProgramData\chocolatey\bin;C:\Program Files\Java\jdk-17\bin;C:\Program Files\Docker\Docker\resources\bin;C:\Users\Ritej\AppData\Roaming\nvm;C:\Program Files\nodejs;C:\Users\Ritej\AppData\Local\Microsoft\WindowsApps\python.exe;C:\Users\Ritej\AppData\Local\Programs\Python\Launcher\;C:\Program Files\MongoDB\Server\7.0\bin;C:\Users\Ritej\AppData\Local\Microsoft\WindowsApps;C:\Users\Ritej\AppData\Local\JetBrains\PyCharm 2023.1\bin;;C:\Program Files\JetBrains\PyCharm Community Edition 2022.2.3\bin;;C:\Users\Ritej\AppData\Local\Programs\Microsoft VS Code\bin;C:\Users\Ritej\AppData\Roaming\npm;C:\Program Files\JetBrains\IntelliJ IDEA Community Edition 2024.1.4\bin;;C:\Users\Ritej\Desktop\jdk-19_windows-x64_bin\bin;C:\Users\Ritej\AppData\Local\JetBrains\IntelliJ IDEA 2024.1.4\bin;;C:\Users\Ritej\AppData\Roaming\nvm;C:\Program Files\nodejs;C:\Program Files\apache-maven-3.9.9\bin;C:\Users\Ritej\AppData\Local\Microsoft\WindowsApps\python.exe;
USERNAME=Ritej
OS=Windows_NT
PROCESSOR_IDENTIFIER=Intel64 Family 6 Model 140 Stepping 1, GenuineIntel
TMP=C:\Users\Ritej\AppData\Local\Temp
TEMP=C:\Users\Ritej\AppData\Local\Temp



---------------  S Y S T E M  ---------------

OS:
 Windows 11 , 64 bit Build 22621 (10.0.22621.4830)
OS uptime: 0 days 10:34 hours
Hyper-V role detected

CPU: total 8 (initial active 8) (4 cores per cpu, 2 threads per core) family 6 model 140 stepping 1 microcode 0xb8, cx8, cmov, fxsr, ht, mmx, 3dnowpref, sse, sse2, sse3, ssse3, sse4.1, sse4.2, popcnt, lzcnt, tsc, tscinvbit, avx, avx2, aes, erms, clmul, bmi1, bmi2, adx, avx512f, avx512dq, avx512cd, avx512bw, avx512vl, sha, fma, vzeroupper, avx512_vpopcntdq, avx512_vpclmulqdq, avx512_vaes, avx512_vnni, clflush, clflushopt, clwb, avx512_vbmi2, avx512_vbmi, hv, rdtscp, rdpid, fsrm, gfni, avx512_bitalg

Memory: 4k page, system-wide physical 7926M (336M free)
TotalPageFile size 15235M (AvailPageFile size 5M)
current process WorkingSet (physical memory assigned to process): 160M, peak: 222M
current process commit charge ("private bytes"): 258M, peak: 280M

vm_info: OpenJDK 64-Bit Server VM (19.0.2+7-FR) for windows-amd64 JRE (19.0.2+7-FR), built on Jan 13 2023 22:53:32 by "Administrator" with MS VC++ 15.9 (VS2017)

END.
