#
# There is insufficient memory for the Java Runtime Environment to continue.
# Native memory allocation (malloc) failed to allocate 1119904 bytes for Chunk::new
# Possible reasons:
#   The system is out of physical RAM or swap space
#   The process is running with CompressedOops enabled, and the Java Heap may be blocking the growth of the native heap
# Possible solutions:
#   Reduce memory load on the system
#   Increase physical memory or swap space
#   Check if swap backing store is full
#   Decrease Java heap size (-Xmx/-Xms)
#   Decrease number of Java threads
#   Decrease Java thread stack sizes (-Xss)
#   Set larger code cache with -XX:ReservedCodeCacheSize=
#   JVM is running with Unscaled Compressed Oops mode in which the Java heap is
#     placed in the first 4GB address space. The Java Heap base address is the
#     maximum limit for the native heap growth. Please use -XX:HeapBaseMinAddress
#     to set the Java Heap base and to place the Java Heap above 4GB virtual address.
# This output file may be truncated or incomplete.
#
#  Out of Memory Error (arena.cpp:184), pid=23224, tid=6420
#
# JRE version: OpenJDK Runtime Environment Corretto-19.0.2.7.1 (19.0.2+7) (build 19.0.2+7-FR)
# Java VM: OpenJDK 64-Bit Server VM Corretto-19.0.2.7.1 (19.0.2+7-FR, mixed mode, sharing, tiered, compressed oops, compressed class ptrs, g1 gc, windows-amd64)
# No core dump will be written. Minidumps are not enabled by default on client versions of Windows
#

---------------  S U M M A R Y ------------

Command Line: -javaagent:C:\Program Files\JetBrains\IntelliJ IDEA Community Edition 2024.1.4\lib\idea_rt.jar=50374:C:\Program Files\JetBrains\IntelliJ IDEA Community Edition 2024.1.4\bin -Dfile.encoding=UTF-8 -Dsun.stdout.encoding=UTF-8 -Dsun.stderr.encoding=UTF-8 com.example.WSM.WsmApplication

Host: 11th Gen Intel(R) Core(TM) i5-1135G7 @ 2.40GHz, 8 cores, 7G,  Windows 11 , 64 bit Build 22621 (10.0.22621.4830)
Time: Fri Aug 29 20:09:40 2025 Afr. centrale Ouest elapsed time: 502.894812 seconds (0d 0h 8m 22s)

---------------  T H R E A D  ---------------

Current thread (0x00000253229978a0):  JavaThread "C2 CompilerThread0" daemon [_thread_in_native, id=6420, stack(0x000000f3e2900000,0x000000f3e2a00000)]


Current CompileTask:
C2: 502894 9309       4       com.fasterxml.jackson.core.json.UTF8JsonGenerator::_flushBuffer (28 bytes)

Stack: [0x000000f3e2900000,0x000000f3e2a00000]
Native frames: (J=compiled Java code, j=interpreted, Vv=VM code, C=native code)
V  [jvm.dll+0x6d034a]
V  [jvm.dll+0x880f10]
V  [jvm.dll+0x88289e]
V  [jvm.dll+0x882f43]
V  [jvm.dll+0x27b4bb]
V  [jvm.dll+0xdd792]
V  [jvm.dll+0xddb25]
V  [jvm.dll+0x3b4a5b]
V  [jvm.dll+0x1ebc10]
V  [jvm.dll+0x2471d3]
V  [jvm.dll+0x2465a7]
V  [jvm.dll+0x1d4bb7]
V  [jvm.dll+0x25558a]
V  [jvm.dll+0x2538d7]
V  [jvm.dll+0x8342bd]
V  [jvm.dll+0x82e2fa]
V  [jvm.dll+0x6cf0d3]
C  [ucrtbase.dll+0x29333]
C  [KERNEL32.DLL+0x1259d]
C  [ntdll.dll+0x5af38]


---------------  P R O C E S S  ---------------

Threads class SMR info:
_java_thread_list=0x000002532a27f3b0, length=34, elements={
0x0000025322984510, 0x00000253229850d0, 0x0000025322988f40, 0x0000025322989960,
0x000002532298a520, 0x000002532298b880, 0x00000253229978a0, 0x00000253229c47e0,
0x0000025326c10460, 0x0000025326cf3560, 0x0000025326fbce60, 0x0000025326fbd3a0,
0x0000025328ad37d0, 0x000002532965ed80, 0x0000025328ad18a0, 0x0000025329647ac0,
0x0000025329649aa0, 0x0000025329648ab0, 0x0000025329648560, 0x0000025329649ff0,
0x000002532964a540, 0x0000025329649000, 0x0000025329649550, 0x000002532964aa90,
0x0000025329648010, 0x00000253274a1d80, 0x000002532749cdd0, 0x00000253274a2820,
0x000002532749fda0, 0x000002532749e860, 0x00000253274a22d0, 0x000002532749adf0,
0x000002532749d870, 0x00000253274a1830
}

Java Threads: ( => current thread )
  0x0000025322984510 JavaThread "Reference Handler" daemon [_thread_blocked, id=18304, stack(0x000000f3e2300000,0x000000f3e2400000)]
  0x00000253229850d0 JavaThread "Finalizer" daemon [_thread_blocked, id=15028, stack(0x000000f3e2400000,0x000000f3e2500000)]
  0x0000025322988f40 JavaThread "Signal Dispatcher" daemon [_thread_blocked, id=24520, stack(0x000000f3e2500000,0x000000f3e2600000)]
  0x0000025322989960 JavaThread "Attach Listener" daemon [_thread_blocked, id=27852, stack(0x000000f3e2600000,0x000000f3e2700000)]
  0x000002532298a520 JavaThread "Service Thread" daemon [_thread_blocked, id=20636, stack(0x000000f3e2700000,0x000000f3e2800000)]
  0x000002532298b880 JavaThread "Monitor Deflation Thread" daemon [_thread_blocked, id=26316, stack(0x000000f3e2800000,0x000000f3e2900000)]
=>0x00000253229978a0 JavaThread "C2 CompilerThread0" daemon [_thread_in_native, id=6420, stack(0x000000f3e2900000,0x000000f3e2a00000)]
  0x00000253229c47e0 JavaThread "C1 CompilerThread0" daemon [_thread_blocked, id=12324, stack(0x000000f3e2a00000,0x000000f3e2b00000)]
  0x0000025326c10460 JavaThread "Sweeper thread" daemon [_thread_blocked, id=6904, stack(0x000000f3e2b00000,0x000000f3e2c00000)]
  0x0000025326cf3560 JavaThread "Common-Cleaner" daemon [_thread_blocked, id=15484, stack(0x000000f3e2c00000,0x000000f3e2d00000)]
  0x0000025326fbce60 JavaThread "Monitor Ctrl-Break" daemon [_thread_in_native, id=12792, stack(0x000000f3e2d00000,0x000000f3e2e00000)]
  0x0000025326fbd3a0 JavaThread "Notification Thread" daemon [_thread_blocked, id=27000, stack(0x000000f3e2e00000,0x000000f3e2f00000)]
  0x0000025328ad37d0 JavaThread "Catalina-utility-1" [_thread_blocked, id=1644, stack(0x000000f3e3b00000,0x000000f3e3c00000)]
  0x000002532965ed80 JavaThread "Catalina-utility-2" [_thread_blocked, id=20296, stack(0x000000f3e3c00000,0x000000f3e3d00000)]
  0x0000025328ad18a0 JavaThread "container-0" [_thread_blocked, id=15848, stack(0x000000f3e3d00000,0x000000f3e3e00000)]
  0x0000025329647ac0 JavaThread "BufferPoolPruner-1-thread-1" daemon [_thread_blocked, id=13620, stack(0x000000f3e3e00000,0x000000f3e3f00000)]
  0x0000025329649aa0 JavaThread "cluster-ClusterId{value='68b1f902761135e1f39080a8', description='null'}-localhost:27017" daemon [_thread_in_native, id=19788, stack(0x000000f3e3f00000,0x000000f3e4000000)]
  0x0000025329648ab0 JavaThread "cluster-rtt-ClusterId{value='68b1f902761135e1f39080a8', description='null'}-localhost:27017" daemon [_thread_blocked, id=15968, stack(0x000000f3e4100000,0x000000f3e4200000)]
  0x0000025329648560 JavaThread "MaintenanceTimer-2-thread-1" daemon [_thread_blocked, id=23380, stack(0x000000f3e4200000,0x000000f3e4300000)]
  0x0000025329649ff0 JavaThread "Live Reload Server" daemon [_thread_in_native, id=20784, stack(0x000000f3e4400000,0x000000f3e4500000)]
  0x000002532964a540 JavaThread "File Watcher" daemon [_thread_blocked, id=22748, stack(0x000000f3e3700000,0x000000f3e3800000)]
  0x0000025329649000 JavaThread "http-nio-8080-exec-1" daemon [_thread_blocked, id=12260, stack(0x000000f3e4500000,0x000000f3e4600000)]
  0x0000025329649550 JavaThread "http-nio-8080-exec-2" daemon [_thread_blocked, id=5704, stack(0x000000f3e4600000,0x000000f3e4700000)]
  0x000002532964aa90 JavaThread "http-nio-8080-exec-3" daemon [_thread_blocked, id=5256, stack(0x000000f3e4700000,0x000000f3e4800000)]
  0x0000025329648010 JavaThread "http-nio-8080-exec-4" daemon [_thread_blocked, id=4720, stack(0x000000f3e4800000,0x000000f3e4900000)]
  0x00000253274a1d80 JavaThread "http-nio-8080-exec-5" daemon [_thread_blocked, id=1100, stack(0x000000f3e4900000,0x000000f3e4a00000)]
  0x000002532749cdd0 JavaThread "http-nio-8080-exec-6" daemon [_thread_blocked, id=9772, stack(0x000000f3e4a00000,0x000000f3e4b00000)]
  0x00000253274a2820 JavaThread "http-nio-8080-exec-7" daemon [_thread_blocked, id=10368, stack(0x000000f3e4b00000,0x000000f3e4c00000)]
  0x000002532749fda0 JavaThread "http-nio-8080-exec-8" daemon [_thread_blocked, id=10292, stack(0x000000f3e4c00000,0x000000f3e4d00000)]
  0x000002532749e860 JavaThread "http-nio-8080-exec-9" daemon [_thread_blocked, id=6928, stack(0x000000f3e4d00000,0x000000f3e4e00000)]
  0x00000253274a22d0 JavaThread "http-nio-8080-exec-10" daemon [_thread_blocked, id=6800, stack(0x000000f3e4e00000,0x000000f3e4f00000)]
  0x000002532749adf0 JavaThread "http-nio-8080-Poller" daemon [_thread_in_native, id=7032, stack(0x000000f3e4f00000,0x000000f3e5000000)]
  0x000002532749d870 JavaThread "http-nio-8080-Acceptor" daemon [_thread_in_native, id=5912, stack(0x000000f3e5000000,0x000000f3e5100000)]
  0x00000253274a1830 JavaThread "DestroyJavaVM" [_thread_blocked, id=17764, stack(0x000000f3e1c00000,0x000000f3e1d00000)]

Other Threads:
  0x0000025322969b20 VMThread "VM Thread" [stack: 0x000000f3e2200000,0x000000f3e2300000] [id=17816]
  0x0000025326eac210 WatcherThread "VM Periodic Task Thread" [stack: 0x000000f3e2f00000,0x000000f3e3000000] [id=28160]
  0x000002530215c410 WorkerThread "GC Thread#0" [stack: 0x000000f3e1d00000,0x000000f3e1e00000] [id=22004]
  0x0000025327728830 WorkerThread "GC Thread#1" [stack: 0x000000f3e3200000,0x000000f3e3300000] [id=14696]
  0x000002532771ded0 WorkerThread "GC Thread#2" [stack: 0x000000f3e3300000,0x000000f3e3400000] [id=23260]
  0x0000025327805da0 WorkerThread "GC Thread#3" [stack: 0x000000f3e3400000,0x000000f3e3500000] [id=15728]
  0x0000025327806070 WorkerThread "GC Thread#4" [stack: 0x000000f3e3500000,0x000000f3e3600000] [id=12952]
  0x0000025327803850 WorkerThread "GC Thread#5" [stack: 0x000000f3e3600000,0x000000f3e3700000] [id=25828]
  0x00000253277cedd0 WorkerThread "GC Thread#6" [stack: 0x000000f3e3900000,0x000000f3e3a00000] [id=3036]
  0x00000253277cfeb0 WorkerThread "GC Thread#7" [stack: 0x000000f3e3a00000,0x000000f3e3b00000] [id=9196]
  0x000002530216ccd0 ConcurrentGCThread "G1 Main Marker" [stack: 0x000000f3e1e00000,0x000000f3e1f00000] [id=21264]
  0x000002530216ef50 WorkerThread "G1 Conc#0" [stack: 0x000000f3e1f00000,0x000000f3e2000000] [id=4488]
  0x00000253277ceb00 WorkerThread "G1 Conc#1" [stack: 0x000000f3e3800000,0x000000f3e3900000] [id=21472]
  0x00000253021ae700 ConcurrentGCThread "G1 Refine#0" [stack: 0x000000f3e2000000,0x000000f3e2100000] [id=11528]
  0x00000253228214a0 ConcurrentGCThread "G1 Service" [stack: 0x000000f3e2100000,0x000000f3e2200000] [id=26144]

Threads with active compile tasks:
C2 CompilerThread0   503014 9309       4       com.fasterxml.jackson.core.json.UTF8JsonGenerator::_flushBuffer (28 bytes)

VM state: not at safepoint (normal execution)

VM Mutex/Monitor currently owned by a thread: None

Heap address: 0x0000000084200000, size: 1982 MB, Compressed Oops mode: 32-bit

CDS archive(s) mapped at: [0x0000000800000000-0x0000000800c40000-0x0000000800c40000), size 12845056, SharedBaseAddress: 0x0000000800000000, ArchiveRelocationMode: 0.
Compressed class space mapped at: 0x0000000801000000-0x0000000841000000, reserved size: 1073741824
Narrow klass base: 0x0000000800000000, Narrow klass shift: 0, Narrow klass range: 0x100000000

GC Precious Log:
 CardTable entry size: 512
 Card Set container configuration: InlinePtr #cards 5 size 8 Array Of Cards #cards 12 size 40 Howl #buckets 4 coarsen threshold 1843 Howl Bitmap #cards 512 size 80 coarsen threshold 460 Card regions per heap region 1 cards per card region 2048
 CPUs: 8 total, 8 available
 Memory: 7926M
 Large Page Support: Disabled
 NUMA Support: Disabled
 Compressed Oops: Enabled (32-bit)
 Heap Region Size: 1M
 Heap Min Capacity: 8M
 Heap Initial Capacity: 124M
 Heap Max Capacity: 1982M
 Pre-touch: Disabled
 Parallel Workers: 8
 Concurrent Workers: 2
 Concurrent Refinement Workers: 8
 Periodic GC: Disabled

Heap:
 garbage-first heap   total 61440K, used 33896K [0x0000000084200000, 0x0000000100000000)
  region size 1024K, 13 young (13312K), 1 survivors (1024K)
 Metaspace       used 45404K, committed 46016K, reserved 1114112K
  class space    used 5465K, committed 5760K, reserved 1048576K

Heap Regions: E=young(eden), S=young(survivor), O=old, HS=humongous(starts), HC=humongous(continues), CS=collection set, F=free, OA=open archive, CA=closed archive, TAMS=top-at-mark-start (previous, next)
|   0|0x0000000084200000, 0x0000000084300000, 0x0000000084300000|100%| O|  |TAMS 0x0000000084300000, 0x0000000084200000| Untracked 
|   1|0x0000000084300000, 0x0000000084400000, 0x0000000084400000|100%| O|  |TAMS 0x0000000084400000, 0x0000000084300000| Untracked 
|   2|0x0000000084400000, 0x0000000084500000, 0x0000000084500000|100%| O|  |TAMS 0x0000000084500000, 0x0000000084400000| Untracked 
|   3|0x0000000084500000, 0x0000000084600000, 0x0000000084600000|100%| O|  |TAMS 0x0000000084600000, 0x0000000084500000| Untracked 
|   4|0x0000000084600000, 0x0000000084700000, 0x0000000084700000|100%| O|  |TAMS 0x0000000084700000, 0x0000000084600000| Untracked 
|   5|0x0000000084700000, 0x0000000084800000, 0x0000000084800000|100%| O|  |TAMS 0x0000000084800000, 0x0000000084700000| Untracked 
|   6|0x0000000084800000, 0x000000008489f600, 0x0000000084900000| 62%| O|  |TAMS 0x000000008489f600, 0x0000000084800000| Untracked 
|   7|0x0000000084900000, 0x0000000084a00000, 0x0000000084a00000|100%| O|  |TAMS 0x0000000084a00000, 0x0000000084900000| Untracked 
|   8|0x0000000084a00000, 0x0000000084b00000, 0x0000000084b00000|100%| O|  |TAMS 0x0000000084b00000, 0x0000000084a00000| Untracked 
|   9|0x0000000084b00000, 0x0000000084b00000, 0x0000000084c00000|  0%| F|  |TAMS 0x0000000084b00000, 0x0000000084b00000| Untracked 
|  10|0x0000000084c00000, 0x0000000084d00000, 0x0000000084d00000|100%| O|  |TAMS 0x0000000084d00000, 0x0000000084c00000| Untracked 
|  11|0x0000000084d00000, 0x0000000084e00000, 0x0000000084e00000|100%| O|  |TAMS 0x0000000084e00000, 0x0000000084d00000| Untracked 
|  12|0x0000000084e00000, 0x0000000084f00000, 0x0000000084f00000|100%| O|  |TAMS 0x0000000084f00000, 0x0000000084e00000| Untracked 
|  13|0x0000000084f00000, 0x0000000085000000, 0x0000000085000000|100%| O|  |TAMS 0x0000000085000000, 0x0000000084f00000| Untracked 
|  14|0x0000000085000000, 0x0000000085000000, 0x0000000085100000|  0%| F|  |TAMS 0x0000000085000000, 0x0000000085000000| Untracked 
|  15|0x0000000085100000, 0x0000000085200000, 0x0000000085200000|100%| O|  |TAMS 0x0000000085200000, 0x0000000085100000| Untracked 
|  16|0x0000000085200000, 0x0000000085300000, 0x0000000085300000|100%| O|  |TAMS 0x0000000085300000, 0x0000000085200000| Untracked 
|  17|0x0000000085300000, 0x0000000085400000, 0x0000000085400000|100%| O|  |TAMS 0x0000000085400000, 0x0000000085300000| Untracked 
|  18|0x0000000085400000, 0x0000000085500000, 0x0000000085500000|100%| O|  |TAMS 0x0000000085500000, 0x0000000085400000| Untracked 
|  19|0x0000000085500000, 0x0000000085600000, 0x0000000085600000|100%| O|  |TAMS 0x0000000085600000, 0x0000000085500000| Untracked 
|  20|0x0000000085600000, 0x0000000085700000, 0x0000000085700000|100%| O|  |TAMS 0x0000000085700000, 0x0000000085600000| Untracked 
|  21|0x0000000085700000, 0x0000000085800000, 0x0000000085800000|100%| O|  |TAMS 0x0000000085800000, 0x0000000085700000| Untracked 
|  22|0x0000000085800000, 0x0000000085900000, 0x0000000085900000|100%| O|  |TAMS 0x0000000085900000, 0x0000000085800000| Untracked 
|  23|0x0000000085900000, 0x0000000085a00000, 0x0000000085a00000|100%| O|  |TAMS 0x0000000085a00000, 0x0000000085900000| Untracked 
|  24|0x0000000085a00000, 0x0000000085a00000, 0x0000000085b00000|  0%| F|  |TAMS 0x0000000085a00000, 0x0000000085a00000| Untracked 
|  25|0x0000000085b00000, 0x0000000085b00000, 0x0000000085c00000|  0%| F|  |TAMS 0x0000000085b00000, 0x0000000085b00000| Untracked 
|  26|0x0000000085c00000, 0x0000000085c00000, 0x0000000085d00000|  0%| F|  |TAMS 0x0000000085c00000, 0x0000000085c00000| Untracked 
|  27|0x0000000085d00000, 0x0000000085d00000, 0x0000000085e00000|  0%| F|  |TAMS 0x0000000085d00000, 0x0000000085d00000| Untracked 
|  28|0x0000000085e00000, 0x0000000085e00000, 0x0000000085f00000|  0%| F|  |TAMS 0x0000000085e00000, 0x0000000085e00000| Untracked 
|  29|0x0000000085f00000, 0x0000000085f00000, 0x0000000086000000|  0%| F|  |TAMS 0x0000000085f00000, 0x0000000085f00000| Untracked 
|  30|0x0000000086000000, 0x000000008607ade0, 0x0000000086100000| 47%| S|CS|TAMS 0x0000000086000000, 0x0000000086000000| Complete 
|  31|0x0000000086100000, 0x0000000086100000, 0x0000000086200000|  0%| F|  |TAMS 0x0000000086100000, 0x0000000086100000| Untracked 
|  32|0x0000000086200000, 0x0000000086200000, 0x0000000086300000|  0%| F|  |TAMS 0x0000000086200000, 0x0000000086200000| Untracked 
|  33|0x0000000086300000, 0x0000000086300000, 0x0000000086400000|  0%| F|  |TAMS 0x0000000086300000, 0x0000000086300000| Untracked 
|  34|0x0000000086400000, 0x0000000086400000, 0x0000000086500000|  0%| F|  |TAMS 0x0000000086400000, 0x0000000086400000| Untracked 
|  35|0x0000000086500000, 0x0000000086500000, 0x0000000086600000|  0%| F|  |TAMS 0x0000000086500000, 0x0000000086500000| Untracked 
|  36|0x0000000086600000, 0x0000000086600000, 0x0000000086700000|  0%| F|  |TAMS 0x0000000086600000, 0x0000000086600000| Untracked 
|  37|0x0000000086700000, 0x0000000086700000, 0x0000000086800000|  0%| F|  |TAMS 0x0000000086700000, 0x0000000086700000| Untracked 
|  38|0x0000000086800000, 0x0000000086800000, 0x0000000086900000|  0%| F|  |TAMS 0x0000000086800000, 0x0000000086800000| Untracked 
|  39|0x0000000086900000, 0x0000000086900000, 0x0000000086a00000|  0%| F|  |TAMS 0x0000000086900000, 0x0000000086900000| Untracked 
|  40|0x0000000086a00000, 0x0000000086a00000, 0x0000000086b00000|  0%| F|  |TAMS 0x0000000086a00000, 0x0000000086a00000| Untracked 
|  41|0x0000000086b00000, 0x0000000086b00000, 0x0000000086c00000|  0%| F|  |TAMS 0x0000000086b00000, 0x0000000086b00000| Untracked 
|  42|0x0000000086c00000, 0x0000000086c00000, 0x0000000086d00000|  0%| F|  |TAMS 0x0000000086c00000, 0x0000000086c00000| Untracked 
|  43|0x0000000086d00000, 0x0000000086d00000, 0x0000000086e00000|  0%| F|  |TAMS 0x0000000086d00000, 0x0000000086d00000| Untracked 
|  44|0x0000000086e00000, 0x0000000086e00000, 0x0000000086f00000|  0%| F|  |TAMS 0x0000000086e00000, 0x0000000086e00000| Untracked 
|  45|0x0000000086f00000, 0x0000000086f00000, 0x0000000087000000|  0%| F|  |TAMS 0x0000000086f00000, 0x0000000086f00000| Untracked 
|  46|0x0000000087000000, 0x0000000087000000, 0x0000000087100000|  0%| F|  |TAMS 0x0000000087000000, 0x0000000087000000| Untracked 
|  47|0x0000000087100000, 0x0000000087100000, 0x0000000087200000|  0%| F|  |TAMS 0x0000000087100000, 0x0000000087100000| Untracked 
|  48|0x0000000087200000, 0x0000000087254d28, 0x0000000087300000| 33%| E|  |TAMS 0x0000000087200000, 0x0000000087200000| Complete 
|  49|0x0000000087300000, 0x0000000087400000, 0x0000000087400000|100%| E|CS|TAMS 0x0000000087300000, 0x0000000087300000| Complete 
|  50|0x0000000087400000, 0x0000000087500000, 0x0000000087500000|100%| E|CS|TAMS 0x0000000087400000, 0x0000000087400000| Complete 
|  51|0x0000000087500000, 0x0000000087600000, 0x0000000087600000|100%| E|CS|TAMS 0x0000000087500000, 0x0000000087500000| Complete 
|  69|0x0000000088700000, 0x0000000088800000, 0x0000000088800000|100%| E|CS|TAMS 0x0000000088700000, 0x0000000088700000| Complete 
|  70|0x0000000088800000, 0x0000000088900000, 0x0000000088900000|100%| E|CS|TAMS 0x0000000088800000, 0x0000000088800000| Complete 
|  71|0x0000000088900000, 0x0000000088a00000, 0x0000000088a00000|100%| E|CS|TAMS 0x0000000088900000, 0x0000000088900000| Complete 
|  72|0x0000000088a00000, 0x0000000088b00000, 0x0000000088b00000|100%| E|CS|TAMS 0x0000000088a00000, 0x0000000088a00000| Complete 
|  73|0x0000000088b00000, 0x0000000088c00000, 0x0000000088c00000|100%| E|CS|TAMS 0x0000000088b00000, 0x0000000088b00000| Complete 
|  74|0x0000000088c00000, 0x0000000088d00000, 0x0000000088d00000|100%| E|CS|TAMS 0x0000000088c00000, 0x0000000088c00000| Complete 
|  75|0x0000000088d00000, 0x0000000088e00000, 0x0000000088e00000|100%| E|CS|TAMS 0x0000000088d00000, 0x0000000088d00000| Complete 
| 123|0x000000008bd00000, 0x000000008be00000, 0x000000008be00000|100%| E|CS|TAMS 0x000000008bd00000, 0x000000008bd00000| Complete 

Card table byte_map: [0x000002531b900000,0x000002531bce0000] _byte_map_base: 0x000002531b4df000

Marking Bits (Prev, Next): (CMBitMap*) 0x000002530215ca40, (CMBitMap*) 0x000002530215ca80
 Prev Bits: [0x000002531c0c0000, 0x000002531dfb8000)
 Next Bits: [0x000002531dfc0000, 0x000002531feb8000)

Polling page: 0x00000253021b0000

Metaspace:

Usage:
  Non-class:     39.00 MB used.
      Class:      5.34 MB used.
       Both:     44.34 MB used.

Virtual space:
  Non-class space:       64.00 MB reserved,      39.31 MB ( 61%) committed,  1 nodes.
      Class space:        1.00 GB reserved,       5.63 MB ( <1%) committed,  1 nodes.
             Both:        1.06 GB reserved,      44.94 MB (  4%) committed. 

Chunk freelists:
   Non-Class:  208.00 KB
       Class:  2.38 MB
        Both:  2.58 MB

MaxMetaspaceSize: unlimited
CompressedClassSpaceSize: 1.00 GB
Initial GC threshold: 21.00 MB
Current GC threshold: 74.94 MB
CDS: on
MetaspaceReclaimPolicy: balanced
 - commit_granule_bytes: 65536.
 - commit_granule_words: 8192.
 - virtual_space_node_default_size: 8388608.
 - enlarge_chunks_in_place: 1.
 - new_chunks_are_fully_committed: 0.
 - uncommit_free_chunks: 1.
 - use_allocation_guard: 0.


Internal statistics:

num_allocs_failed_limit: 6.
num_arena_births: 880.
num_arena_deaths: 0.
num_vsnodes_births: 2.
num_vsnodes_deaths: 0.
num_space_committed: 719.
num_space_uncommitted: 0.
num_chunks_returned_to_freelist: 6.
num_chunks_taken_from_freelist: 2547.
num_chunk_merges: 6.
num_chunk_splits: 1784.
num_chunks_enlarged: 1374.
num_inconsistent_stats: 0.

CodeHeap 'non-profiled nmethods': size=120000Kb used=5022Kb max_used=5022Kb free=114977Kb
 bounds [0x0000025313590000, 0x0000025313a80000, 0x000002531aac0000]
CodeHeap 'profiled nmethods': size=120000Kb used=18901Kb max_used=18901Kb free=101098Kb
 bounds [0x000002530bac0000, 0x000002530cd40000, 0x0000025312ff0000]
CodeHeap 'non-nmethods': size=5760Kb used=1374Kb max_used=1423Kb free=4385Kb
 bounds [0x0000025312ff0000, 0x0000025313260000, 0x0000025313590000]
 total_blobs=9101 nmethods=8508 adapters=501
 compilation: enabled
              stopped_count=0, restarted_count=0
 full_count=0

Compilation events (20 events):
Event: 502.674 Thread 0x00000253229978a0 9310       4       java.util.Comparator$$Lambda$425/0x00000008010dc6e0::compare (10 bytes)
Event: 502.676 Thread 0x00000253229978a0 nmethod 9310 0x0000025313a73b90 code [0x0000025313a73d20, 0x0000025313a73df8]
Event: 502.676 Thread 0x00000253229978a0 9314       4       org.apache.tomcat.util.threads.ThreadPoolExecutor::runStateAtLeast (11 bytes)
Event: 502.677 Thread 0x00000253229978a0 nmethod 9314 0x0000025313a73f10 code [0x0000025313a74080, 0x0000025313a740f8]
Event: 502.677 Thread 0x00000253229978a0 9334   !   4       sun.nio.ch.SocketChannelImpl::configureSocketNonBlockingIfVirtualThread (85 bytes)
Event: 502.680 Thread 0x00000253229978a0 nmethod 9334 0x0000025313a74210 code [0x0000025313a743a0, 0x0000025313a74478]
Event: 502.680 Thread 0x00000253229978a0 9335       4       org.bson.BsonDocument::throwIfKeyAbsent (37 bytes)
Event: 502.693 Thread 0x00000253229c47e0 nmethod 9333 0x000002530cd18710 code [0x000002530cd199c0, 0x000002530cd2b7d8]
Event: 502.694 Thread 0x00000253229c47e0 9337       3       org.springframework.web.servlet.mvc.method.annotation.ResponseBodyEmitterReturnValueHandler::supportsReturnType (51 bytes)
Event: 502.694 Thread 0x00000253229978a0 nmethod 9335 0x0000025313a74510 code [0x0000025313a746c0, 0x0000025313a74a18]
Event: 502.694 Thread 0x00000253229978a0 9336       4       org.springframework.web.util.RfcUriParser$State$3::handleNext (123 bytes)
Event: 502.697 Thread 0x00000253229c47e0 nmethod 9337 0x000002530cd33610 code [0x000002530cd33880, 0x000002530cd343f8]
Event: 502.697 Thread 0x00000253229c47e0 9338   !   3       sun.nio.ch.NioSocketImpl::implWrite (126 bytes)
Event: 502.699 Thread 0x00000253229c47e0 nmethod 9338 0x000002530cd34790 code [0x000002530cd34a00, 0x000002530cd35328]
Event: 502.746 Thread 0x00000253229978a0 nmethod 9336 0x0000025313a74d90 code [0x0000025313a74fe0, 0x0000025313a764a8]
Event: 502.746 Thread 0x00000253229978a0 9340       4       org.apache.tomcat.util.buf.ByteChunk::indexOf (32 bytes)
Event: 502.749 Thread 0x00000253229978a0 nmethod 9340 0x0000025313a77190 code [0x0000025313a77320, 0x0000025313a774b8]
Event: 502.749 Thread 0x00000253229978a0 9339       4       java.util.regex.Pattern::append (43 bytes)
Event: 502.749 Thread 0x00000253229978a0 nmethod 9339 0x0000025313a77590 code [0x0000025313a77720, 0x0000025313a777f8]
Event: 502.749 Thread 0x00000253229978a0 9309       4       com.fasterxml.jackson.core.json.UTF8JsonGenerator::_flushBuffer (28 bytes)

GC Heap History (20 events):
Event: 162.318 GC heap before
{Heap before GC invocations=14 (full 0):
 garbage-first heap   total 51200K, used 39521K [0x0000000084200000, 0x0000000100000000)
  region size 1024K, 17 young (17408K), 1 survivors (1024K)
 Metaspace       used 43993K, committed 44608K, reserved 1114112K
  class space    used 5462K, committed 5760K, reserved 1048576K
}
Event: 162.322 GC heap after
{Heap after GC invocations=15 (full 0):
 garbage-first heap   total 51200K, used 23191K [0x0000000084200000, 0x0000000100000000)
  region size 1024K, 1 young (1024K), 1 survivors (1024K)
 Metaspace       used 43993K, committed 44608K, reserved 1114112K
  class space    used 5462K, committed 5760K, reserved 1048576K
}
Event: 193.387 GC heap before
{Heap before GC invocations=16 (full 0):
 garbage-first heap   total 51200K, used 40599K [0x0000000084200000, 0x0000000100000000)
  region size 1024K, 18 young (18432K), 1 survivors (1024K)
 Metaspace       used 45016K, committed 45632K, reserved 1114112K
  class space    used 5463K, committed 5760K, reserved 1048576K
}
Event: 193.390 GC heap after
{Heap after GC invocations=17 (full 0):
 garbage-first heap   total 51200K, used 23251K [0x0000000084200000, 0x0000000100000000)
  region size 1024K, 1 young (1024K), 1 survivors (1024K)
 Metaspace       used 45016K, committed 45632K, reserved 1114112K
  class space    used 5463K, committed 5760K, reserved 1048576K
}
Event: 193.425 GC heap before
{Heap before GC invocations=17 (full 0):
 garbage-first heap   total 51200K, used 24275K [0x0000000084200000, 0x0000000100000000)
  region size 1024K, 2 young (2048K), 1 survivors (1024K)
 Metaspace       used 45018K, committed 45632K, reserved 1114112K
  class space    used 5463K, committed 5760K, reserved 1048576K
}
Event: 193.436 GC heap after
{Heap after GC invocations=18 (full 0):
 garbage-first heap   total 51200K, used 22960K [0x0000000084200000, 0x0000000100000000)
  region size 1024K, 1 young (1024K), 1 survivors (1024K)
 Metaspace       used 45018K, committed 45632K, reserved 1114112K
  class space    used 5463K, committed 5760K, reserved 1048576K
}
Event: 196.062 GC heap before
{Heap before GC invocations=18 (full 0):
 garbage-first heap   total 51200K, used 40368K [0x0000000084200000, 0x0000000100000000)
  region size 1024K, 18 young (18432K), 1 survivors (1024K)
 Metaspace       used 45116K, committed 45696K, reserved 1114112K
  class space    used 5464K, committed 5760K, reserved 1048576K
}
Event: 196.066 GC heap after
{Heap after GC invocations=19 (full 0):
 garbage-first heap   total 61440K, used 22975K [0x0000000084200000, 0x0000000100000000)
  region size 1024K, 1 young (1024K), 1 survivors (1024K)
 Metaspace       used 45116K, committed 45696K, reserved 1114112K
  class space    used 5464K, committed 5760K, reserved 1048576K
}
Event: 387.206 GC heap before
{Heap before GC invocations=20 (full 0):
 garbage-first heap   total 61440K, used 49599K [0x0000000084200000, 0x0000000100000000)
  region size 1024K, 27 young (27648K), 1 survivors (1024K)
 Metaspace       used 45227K, committed 45888K, reserved 1114112K
  class space    used 5464K, committed 5760K, reserved 1048576K
}
Event: 387.220 GC heap after
{Heap after GC invocations=21 (full 0):
 garbage-first heap   total 61440K, used 23002K [0x0000000084200000, 0x0000000100000000)
  region size 1024K, 1 young (1024K), 1 survivors (1024K)
 Metaspace       used 45227K, committed 45888K, reserved 1114112K
  class space    used 5464K, committed 5760K, reserved 1048576K
}
Event: 387.350 GC heap before
{Heap before GC invocations=21 (full 0):
 garbage-first heap   total 61440K, used 25050K [0x0000000084200000, 0x0000000100000000)
  region size 1024K, 3 young (3072K), 1 survivors (1024K)
 Metaspace       used 45261K, committed 45888K, reserved 1114112K
  class space    used 5464K, committed 5760K, reserved 1048576K
}
Event: 387.371 GC heap after
{Heap after GC invocations=22 (full 0):
 garbage-first heap   total 61440K, used 22830K [0x0000000084200000, 0x0000000100000000)
  region size 1024K, 1 young (1024K), 1 survivors (1024K)
 Metaspace       used 45261K, committed 45888K, reserved 1114112K
  class space    used 5464K, committed 5760K, reserved 1048576K
}
Event: 475.454 GC heap before
{Heap before GC invocations=22 (full 0):
 garbage-first heap   total 61440K, used 51502K [0x0000000084200000, 0x0000000100000000)
  region size 1024K, 29 young (29696K), 1 survivors (1024K)
 Metaspace       used 45343K, committed 46016K, reserved 1114112K
  class space    used 5464K, committed 5760K, reserved 1048576K
}
Event: 475.469 GC heap after
{Heap after GC invocations=23 (full 0):
 garbage-first heap   total 61440K, used 22801K [0x0000000084200000, 0x0000000100000000)
  region size 1024K, 1 young (1024K), 1 survivors (1024K)
 Metaspace       used 45343K, committed 46016K, reserved 1114112K
  class space    used 5464K, committed 5760K, reserved 1048576K
}
Event: 494.050 GC heap before
{Heap before GC invocations=24 (full 0):
 garbage-first heap   total 61440K, used 51473K [0x0000000084200000, 0x0000000100000000)
  region size 1024K, 29 young (29696K), 1 survivors (1024K)
 Metaspace       used 45400K, committed 46016K, reserved 1114112K
  class space    used 5465K, committed 5760K, reserved 1048576K
}
Event: 494.054 GC heap after
{Heap after GC invocations=25 (full 0):
 garbage-first heap   total 61440K, used 22819K [0x0000000084200000, 0x0000000100000000)
  region size 1024K, 1 young (1024K), 1 survivors (1024K)
 Metaspace       used 45400K, committed 46016K, reserved 1114112K
  class space    used 5465K, committed 5760K, reserved 1048576K
}
Event: 494.124 GC heap before
{Heap before GC invocations=25 (full 0):
 garbage-first heap   total 61440K, used 24867K [0x0000000084200000, 0x0000000100000000)
  region size 1024K, 3 young (3072K), 1 survivors (1024K)
 Metaspace       used 45402K, committed 46016K, reserved 1114112K
  class space    used 5465K, committed 5760K, reserved 1048576K
}
Event: 494.130 GC heap after
{Heap after GC invocations=26 (full 0):
 garbage-first heap   total 61440K, used 22695K [0x0000000084200000, 0x0000000100000000)
  region size 1024K, 1 young (1024K), 1 survivors (1024K)
 Metaspace       used 45402K, committed 46016K, reserved 1114112K
  class space    used 5465K, committed 5760K, reserved 1048576K
}
Event: 502.190 GC heap before
{Heap before GC invocations=26 (full 0):
 garbage-first heap   total 61440K, used 51367K [0x0000000084200000, 0x0000000100000000)
  region size 1024K, 29 young (29696K), 1 survivors (1024K)
 Metaspace       used 45404K, committed 46016K, reserved 1114112K
  class space    used 5465K, committed 5760K, reserved 1048576K
}
Event: 502.196 GC heap after
{Heap after GC invocations=27 (full 0):
 garbage-first heap   total 61440K, used 22632K [0x0000000084200000, 0x0000000100000000)
  region size 1024K, 1 young (1024K), 1 survivors (1024K)
 Metaspace       used 45404K, committed 46016K, reserved 1114112K
  class space    used 5465K, committed 5760K, reserved 1048576K
}

Dll operation events (14 events):
Event: 0.016 Loaded shared library C:\Users\Ritej\.jdks\corretto-19.0.2\bin\java.dll
Event: 0.034 Loaded shared library C:\Users\Ritej\.jdks\corretto-19.0.2\bin\jsvml.dll
Event: 0.183 Loaded shared library C:\Users\Ritej\.jdks\corretto-19.0.2\bin\zip.dll
Event: 0.189 Loaded shared library C:\Users\Ritej\.jdks\corretto-19.0.2\bin\instrument.dll
Event: 0.197 Loaded shared library C:\Users\Ritej\.jdks\corretto-19.0.2\bin\net.dll
Event: 0.200 Loaded shared library C:\Users\Ritej\.jdks\corretto-19.0.2\bin\nio.dll
Event: 0.206 Loaded shared library C:\Users\Ritej\.jdks\corretto-19.0.2\bin\zip.dll
Event: 0.294 Loaded shared library C:\Program Files\JetBrains\IntelliJ IDEA Community Edition 2024.1.4\bin\breakgen64.dll
Event: 0.308 Loaded shared library C:\Users\Ritej\.jdks\corretto-19.0.2\bin\extnet.dll
Event: 0.358 Loaded shared library C:\Users\Ritej\.jdks\corretto-19.0.2\bin\jimage.dll
Event: 0.708 Loaded shared library C:\Users\Ritej\.jdks\corretto-19.0.2\bin\management.dll
Event: 0.716 Loaded shared library C:\Users\Ritej\.jdks\corretto-19.0.2\bin\management_ext.dll
Event: 1.846 Loaded shared library C:\Users\Ritej\.jdks\corretto-19.0.2\bin\sunmscapi.dll
Event: 105.974 Loaded shared library C:\Users\Ritej\.jdks\corretto-19.0.2\bin\verify.dll

Deoptimization events (20 events):
Event: 160.591 Thread 0x0000025329649550 Uncommon trap: trap_request=0xffffff45 fr.pc=0x000002531389ef04 relative=0x0000000000000da4
Event: 160.591 Thread 0x0000025329649550 Uncommon trap: reason=unstable_if action=reinterpret pc=0x000002531389ef04 method=org.springframework.web.util.pattern.LiteralPathElement.matches(ILorg/springframework/web/util/pattern/PathPattern$MatchingContext;)Z @ 129 c2
Event: 160.591 Thread 0x0000025329649550 DEOPT PACKING pc=0x000002531389ef04 sp=0x000000f3e46fcfc0
Event: 160.592 Thread 0x0000025329649550 DEOPT UNPACKING pc=0x000002531305a5a3 sp=0x000000f3e46fced8 mode 2
Event: 390.542 Thread 0x0000025329649000 DEOPT PACKING pc=0x000002530c3d507e sp=0x000000f3e45fe4a0
Event: 390.543 Thread 0x0000025329649000 DEOPT UNPACKING pc=0x000002531305b0e3 sp=0x000000f3e45fd958 mode 0
Event: 391.155 Thread 0x000002532964aa90 Uncommon trap: trap_request=0xffffffdc fr.pc=0x00000253139e68d4 relative=0x0000000000000234
Event: 391.155 Thread 0x000002532964aa90 Uncommon trap: reason=class_check action=make_not_entrant pc=0x00000253139e68d4 method=java.util.ArrayList.toArray([Ljava/lang/Object;)[Ljava/lang/Object; @ 21 c2
Event: 391.155 Thread 0x000002532964aa90 DEOPT PACKING pc=0x00000253139e68d4 sp=0x000000f3e47fc6e0
Event: 391.155 Thread 0x000002532964aa90 DEOPT UNPACKING pc=0x000002531305a5a3 sp=0x000000f3e47fc690 mode 2
Event: 475.804 Thread 0x0000025329649000 DEOPT PACKING pc=0x000002530c5a10d1 sp=0x000000f3e45fe0a0
Event: 475.805 Thread 0x0000025329649000 DEOPT UNPACKING pc=0x000002531305b0e3 sp=0x000000f3e45fd4c8 mode 0
Event: 497.293 Thread 0x000002532749cdd0 DEOPT PACKING pc=0x000002530c9d54e5 sp=0x000000f3e4afe670
Event: 497.293 Thread 0x000002532749cdd0 DEOPT UNPACKING pc=0x000002531305b0e3 sp=0x000000f3e4afda98 mode 0
Event: 501.775 Thread 0x000002532749e860 DEOPT PACKING pc=0x000002530c814398 sp=0x000000f3e4dfe2b0
Event: 501.776 Thread 0x000002532749e860 DEOPT UNPACKING pc=0x000002531305b0e3 sp=0x000000f3e4dfd6d0 mode 0
Event: 502.569 Thread 0x000002532964aa90 DEOPT PACKING pc=0x000002530c1550d0 sp=0x000000f3e47fe7a0
Event: 502.570 Thread 0x000002532964aa90 DEOPT UNPACKING pc=0x000002531305b0e3 sp=0x000000f3e47fdc20 mode 0
Event: 502.718 Thread 0x0000025329649000 DEOPT PACKING pc=0x000002530bbf3dd0 sp=0x000000f3e45fe360
Event: 502.718 Thread 0x0000025329649000 DEOPT UNPACKING pc=0x000002531305b0e3 sp=0x000000f3e45fd7d8 mode 0

Classes loaded (20 events):
Event: 106.030 Loading class java/lang/foreign/Addressable done
Event: 106.030 Loading class java/lang/foreign/MemorySegment done
Event: 106.090 Loading class java/util/OptionalLong
Event: 106.091 Loading class java/util/OptionalLong done
Event: 106.091 Loading class java/util/OptionalDouble
Event: 106.092 Loading class java/util/OptionalDouble done
Event: 106.106 Loading class java/util/AbstractMap$SimpleEntry
Event: 106.107 Loading class java/util/AbstractMap$SimpleEntry done
Event: 106.166 Loading class java/util/stream/LongStream
Event: 106.167 Loading class java/util/stream/LongStream done
Event: 106.167 Loading class java/util/stream/DoubleStream
Event: 106.168 Loading class java/util/stream/DoubleStream done
Event: 106.229 Loading class org/w3c/dom/Node
Event: 106.230 Loading class org/w3c/dom/Node done
Event: 106.230 Loading class org/w3c/dom/Document
Event: 106.231 Loading class org/w3c/dom/Document done
Event: 106.553 Loading class java/util/concurrent/locks/ReentrantReadWriteLock$Sync$HoldCounter
Event: 106.554 Loading class java/util/concurrent/locks/ReentrantReadWriteLock$Sync$HoldCounter done
Event: 106.883 Loading class java/util/concurrent/atomic/Striped64$Cell
Event: 106.883 Loading class java/util/concurrent/atomic/Striped64$Cell done

Classes unloaded (0 events):
No events

Classes redefined (0 events):
No events

Internal exceptions (20 events):
Event: 5.249 Thread 0x000002532723a080 Exception <a 'java/lang/NoSuchMethodError'{0x0000000088b2ea68}: 'java.lang.Object java.lang.invoke.DirectMethodHandle$Holder.invokeSpecial(java.lang.Object, java.lang.Object, int, java.lang.Object, java.lang.Object)'> (0x0000000088b2ea68) 
thrown [s\src\hotspot\share\interpreter\linkResolver.cpp, line 774]
Event: 5.249 Thread 0x000002532723a080 Exception <a 'java/lang/NoSuchMethodError'{0x0000000088b329d8}: 'java.lang.Object java.lang.invoke.DelegatingMethodHandle$Holder.delegate(java.lang.Object, int, java.lang.Object, java.lang.Object)'> (0x0000000088b329d8) 
thrown [s\src\hotspot\share\interpreter\linkResolver.cpp, line 774]
Event: 5.251 Thread 0x000002532723a080 Exception <a 'java/lang/NoSuchMethodError'{0x0000000088b42ea8}: 'int java.lang.invoke.Invokers$Holder.linkToTargetMethod(java.lang.Object, java.lang.Object, java.lang.Object)'> (0x0000000088b42ea8) 
thrown [s\src\hotspot\share\interpreter\linkResolver.cpp, line 774]
Event: 5.283 Thread 0x000002532723a080 Exception <a 'sun/nio/fs/WindowsException'{0x0000000088bb4568}> (0x0000000088bb4568) 
thrown [s\src\hotspot\share\prims\jni.cpp, line 517]
Event: 5.357 Thread 0x000002532723a080 Exception <a 'java/lang/IncompatibleClassChangeError'{0x00000000889a7560}: Found class java.lang.Object, but interface was expected> (0x00000000889a7560) 
thrown [s\src\hotspot\share\interpreter\linkResolver.cpp, line 841]
Event: 5.474 Thread 0x000002532723a080 Exception <a 'java/lang/NoSuchMethodError'{0x00000000869eb080}: 'int java.lang.invoke.DirectMethodHandle$Holder.invokeStaticInit(java.lang.Object, java.lang.Object, java.lang.Object, java.lang.Object)'> (0x00000000869eb080) 
thrown [s\src\hotspot\share\interpreter\linkResolver.cpp, line 774]
Event: 5.658 Thread 0x000002532723a080 Exception <a 'java/lang/NoSuchMethodError'{0x00000000865ed258}: 'java.lang.Object java.lang.invoke.DirectMethodHandle$Holder.newInvokeSpecial(java.lang.Object, java.lang.Object, int, java.lang.Object, java.lang.Object)'> (0x00000000865ed258) 
thrown [s\src\hotspot\share\interpreter\linkResolver.cpp, line 774]
Event: 64.192 Thread 0x0000025329647ac0 Exception <a 'java/lang/NoSuchMethodError'{0x00000000861f1090}: 'java.lang.Object java.lang.invoke.DirectMethodHandle$Holder.newInvokeSpecial(java.lang.Object, java.lang.Object, long)'> (0x00000000861f1090) 
thrown [s\src\hotspot\share\interpreter\linkResolver.cpp, line 774]
Event: 64.193 Thread 0x0000025329647ac0 Exception <a 'java/lang/NoSuchMethodError'{0x00000000861f4a98}: 'java.lang.Object java.lang.invoke.Invokers$Holder.linkToTargetMethod(java.lang.Object, long, java.lang.Object)'> (0x00000000861f4a98) 
thrown [s\src\hotspot\share\interpreter\linkResolver.cpp, line 774]
Event: 105.254 Thread 0x000002532749d870 Exception <a 'java/lang/NoSuchMethodError'{0x000000008bd6c640}: 'java.lang.Object java.lang.invoke.DirectMethodHandle$Holder.invokeStatic(java.lang.Object, java.lang.Object, java.lang.Object, int, int)'> (0x000000008bd6c640) 
thrown [s\src\hotspot\share\interpreter\linkResolver.cpp, line 774]
Event: 105.255 Thread 0x000002532749d870 Exception <a 'java/lang/NoSuchMethodError'{0x000000008bd70600}: 'java.lang.Object java.lang.invoke.DirectMethodHandle$Holder.invokeStaticInit(java.lang.Object, java.lang.Object, java.lang.Object, int, int)'> (0x000000008bd70600) 
thrown [s\src\hotspot\share\interpreter\linkResolver.cpp, line 774]
Event: 105.421 Thread 0x0000025329649000 Exception <a 'java/lang/NoSuchMethodError'{0x0000000088cd4bf0}: 'java.lang.Object java.lang.invoke.DirectMethodHandle$Holder.invokeSpecial(java.lang.Object, java.lang.Object, java.lang.Object, java.lang.Object, java.lang.Object, long)'> (0x0000000088cd4bf0) 
thrown [s\src\hotspot\share\interpreter\linkResolver.cpp, line 774]
Event: 105.421 Thread 0x0000025329649000 Exception <a 'java/lang/NoSuchMethodError'{0x0000000088cd8ae8}: 'java.lang.Object java.lang.invoke.Invokers$Holder.linkToTargetMethod(java.lang.Object, java.lang.Object, java.lang.Object, long, java.lang.Object)'> (0x0000000088cd8ae8) 
thrown [s\src\hotspot\share\interpreter\linkResolver.cpp, line 774]
Event: 105.856 Thread 0x0000025329649000 Exception <a 'java/lang/NoSuchMethodError'{0x0000000086902690}: 'long java.lang.invoke.DirectMethodHandle$Holder.invokeStatic(java.lang.Object, long)'> (0x0000000086902690) 
thrown [s\src\hotspot\share\interpreter\linkResolver.cpp, line 774]
Event: 105.980 Thread 0x0000025329649000 Exception <a 'java/lang/NoSuchMethodError'{0x00000000868e8758}: 'void java.lang.invoke.Invokers$Holder.invoke_MT(java.lang.Object, java.lang.Object, java.lang.Object, java.lang.Object)'> (0x00000000868e8758) 
thrown [s\src\hotspot\share\interpreter\linkResolver.cpp, line 774]
Event: 106.549 Thread 0x00000253274a1d80 Exception <a 'java/lang/NoSuchMethodError'{0x000000008bdd1678}: 'java.lang.Object java.lang.invoke.DirectMethodHandle$Holder.invokeInterface(java.lang.Object, java.lang.Object, int)'> (0x000000008bdd1678) 
thrown [s\src\hotspot\share\interpreter\linkResolver.cpp, line 774]
Event: 106.549 Thread 0x0000025329648010 Exception <a 'java/lang/NoSuchMethodError'{0x000000008bdce7e0}: 'java.lang.Object java.lang.invoke.DirectMethodHandle$Holder.invokeInterface(java.lang.Object, java.lang.Object, int)'> (0x000000008bdce7e0) 
thrown [s\src\hotspot\share\interpreter\linkResolver.cpp, line 774]
Event: 106.552 Thread 0x000002532749cdd0 Exception <a 'java/lang/NoSuchMethodError'{0x000000008bdb9ff0}: 'java.lang.Object java.lang.invoke.DirectMethodHandle$Holder.invokeInterface(java.lang.Object, java.lang.Object, int)'> (0x000000008bdb9ff0) 
thrown [s\src\hotspot\share\interpreter\linkResolver.cpp, line 774]
Event: 106.553 Thread 0x00000253274a2820 Exception <a 'java/lang/NoSuchMethodError'{0x000000008bda25b0}: 'java.lang.Object java.lang.invoke.DirectMethodHandle$Holder.invokeInterface(java.lang.Object, java.lang.Object, int)'> (0x000000008bda25b0) 
thrown [s\src\hotspot\share\interpreter\linkResolver.cpp, line 774]
Event: 106.554 Thread 0x000002532964aa90 Exception <a 'java/lang/NoSuchMethodError'{0x000000008bdc5d08}: 'java.lang.Object java.lang.invoke.DirectMethodHandle$Holder.invokeInterface(java.lang.Object, java.lang.Object, int)'> (0x000000008bdc5d08) 
thrown [s\src\hotspot\share\interpreter\linkResolver.cpp, line 774]

VM Operations (20 events):
Event: 480.656 Executing VM operation: Cleanup
Event: 480.657 Executing VM operation: Cleanup done
Event: 493.786 Executing VM operation: Cleanup
Event: 493.787 Executing VM operation: Cleanup done
Event: 494.050 Executing VM operation: G1CollectForAllocation
Event: 494.060 Executing VM operation: G1CollectForAllocation done
Event: 494.124 Executing VM operation: G1CollectForAllocation
Event: 494.132 Executing VM operation: G1CollectForAllocation done
Event: 495.132 Executing VM operation: Cleanup
Event: 495.132 Executing VM operation: Cleanup done
Event: 497.146 Executing VM operation: Cleanup
Event: 497.164 Executing VM operation: Cleanup done
Event: 498.172 Executing VM operation: Cleanup
Event: 498.172 Executing VM operation: Cleanup done
Event: 502.189 Executing VM operation: G1CollectForAllocation
Event: 502.196 Executing VM operation: G1CollectForAllocation done
Event: 502.245 Executing VM operation: G1PauseRemark
Event: 502.254 Executing VM operation: G1PauseRemark done
Event: 502.272 Executing VM operation: G1PauseCleanup
Event: 502.272 Executing VM operation: G1PauseCleanup done

Events (20 events):
Event: 163.020 Thread 0x00000253229c3730 Thread added: 0x00000253229c3730
Event: 164.196 Thread 0x00000253229c3730 Thread exited: 0x00000253229c3730
Event: 386.544 Thread 0x00000253229c20f0 Thread added: 0x00000253229c20f0
Event: 390.371 Thread 0x0000025326c10460 flushing nmethod 0x0000025313675590
Event: 390.379 Thread 0x0000025326c10460 flushing nmethod 0x0000025313777710
Event: 390.379 Thread 0x0000025326c10460 flushing nmethod 0x0000025313777a10
Event: 390.380 Thread 0x0000025326c10460 flushing nmethod 0x00000253137b8890
Event: 390.427 Thread 0x0000025326c10460 flushing nmethod 0x000002530bfaec90
Event: 390.427 Thread 0x0000025326c10460 flushing nmethod 0x000002530bfb2090
Event: 390.428 Thread 0x0000025326c10460 flushing nmethod 0x000002530bfcd810
Event: 390.431 Thread 0x0000025326c10460 flushing nmethod 0x000002530c063910
Event: 390.441 Thread 0x0000025326c10460 flushing nmethod 0x000002530c1b9610
Event: 390.446 Thread 0x0000025326c10460 flushing nmethod 0x000002530c2b8990
Event: 390.446 Thread 0x0000025326c10460 flushing nmethod 0x000002530c2bf090
Event: 390.447 Thread 0x0000025326c10460 flushing nmethod 0x000002530c2dd790
Event: 390.450 Thread 0x0000025326c10460 flushing nmethod 0x000002530c389910
Event: 390.452 Thread 0x0000025326c10460 flushing nmethod 0x000002530c3e9890
Event: 390.453 Thread 0x0000025326c10460 flushing nmethod 0x000002530c416b10
Event: 390.457 Thread 0x0000025326c10460 flushing nmethod 0x000002530c4d5190
Event: 394.398 Thread 0x00000253229c20f0 Thread exited: 0x00000253229c20f0


Dynamic libraries:
0x00007ff6f0be0000 - 0x00007ff6f0bed000 	C:\Users\Ritej\.jdks\corretto-19.0.2\bin\java.exe
0x00007ffc8c9f0000 - 0x00007ffc8cc07000 	C:\WINDOWS\SYSTEM32\ntdll.dll
0x00007ffc55690000 - 0x00007ffc556b0000 	C:\Program Files\Avast Software\Avast\aswhook.dll
0x00007ffc8b8f0000 - 0x00007ffc8b9b4000 	C:\WINDOWS\System32\KERNEL32.DLL
0x00007ffc89eb0000 - 0x00007ffc8a280000 	C:\WINDOWS\System32\KERNELBASE.dll
0x00007ffc8a3f0000 - 0x00007ffc8a501000 	C:\WINDOWS\System32\ucrtbase.dll
0x00007ffc83c50000 - 0x00007ffc83c65000 	C:\Users\Ritej\.jdks\corretto-19.0.2\bin\VCRUNTIME140.dll
0x00007ffc76d20000 - 0x00007ffc76d37000 	C:\Users\Ritej\.jdks\corretto-19.0.2\bin\jli.dll
0x00007ffc8bc80000 - 0x00007ffc8be2e000 	C:\WINDOWS\System32\USER32.dll
0x00007ffc89e00000 - 0x00007ffc89e26000 	C:\WINDOWS\System32\win32u.dll
0x00007ffc8b8c0000 - 0x00007ffc8b8e9000 	C:\WINDOWS\System32\GDI32.dll
0x00007ffc8a510000 - 0x00007ffc8a62b000 	C:\WINDOWS\System32\gdi32full.dll
0x00007ffc89d60000 - 0x00007ffc89dfa000 	C:\WINDOWS\System32\msvcp_win.dll
0x00007ffc690f0000 - 0x00007ffc69382000 	C:\WINDOWS\WinSxS\amd64_microsoft.windows.common-controls_6595b64144ccf1df_6.0.22621.4830_none_270fe7d773858e80\COMCTL32.dll
0x00007ffc8b600000 - 0x00007ffc8b6a7000 	C:\WINDOWS\System32\msvcrt.dll
0x00007ffc8c8f0000 - 0x00007ffc8c921000 	C:\WINDOWS\System32\IMM32.DLL
0x00007ffc5f8d0000 - 0x00007ffc5f96b000 	C:\Users\Ritej\.jdks\corretto-19.0.2\bin\msvcp140.dll
0x00007ffc1c100000 - 0x00007ffc1cdd9000 	C:\Users\Ritej\.jdks\corretto-19.0.2\bin\server\jvm.dll
0x00007ffc8a7b0000 - 0x00007ffc8a861000 	C:\WINDOWS\System32\ADVAPI32.dll
0x00007ffc8c4b0000 - 0x00007ffc8c557000 	C:\WINDOWS\System32\sechost.dll
0x00007ffc8a6b0000 - 0x00007ffc8a6d8000 	C:\WINDOWS\System32\bcrypt.dll
0x00007ffc8a8c0000 - 0x00007ffc8a9d4000 	C:\WINDOWS\System32\RPCRT4.dll
0x00007ffc82600000 - 0x00007ffc8260a000 	C:\WINDOWS\SYSTEM32\VERSION.dll
0x00007ffc718b0000 - 0x00007ffc718b9000 	C:\WINDOWS\SYSTEM32\WSOCK32.dll
0x00007ffc831f0000 - 0x00007ffc83224000 	C:\WINDOWS\SYSTEM32\WINMM.dll
0x00007ffc8c930000 - 0x00007ffc8c9a1000 	C:\WINDOWS\System32\WS2_32.dll
0x00007ffc88ca0000 - 0x00007ffc88cb8000 	C:\WINDOWS\SYSTEM32\kernel.appcore.dll
0x00007ffc869b0000 - 0x00007ffc869ba000 	C:\Users\Ritej\.jdks\corretto-19.0.2\bin\jimage.dll
0x00007ffc874a0000 - 0x00007ffc876d2000 	C:\WINDOWS\SYSTEM32\DBGHELP.DLL
0x00007ffc8c560000 - 0x00007ffc8c8f0000 	C:\WINDOWS\System32\combase.dll
0x00007ffc8b7e0000 - 0x00007ffc8b8b7000 	C:\WINDOWS\System32\OLEAUT32.dll
0x00007ffc76f50000 - 0x00007ffc76f82000 	C:\WINDOWS\SYSTEM32\dbgcore.DLL
0x00007ffc89e30000 - 0x00007ffc89eab000 	C:\WINDOWS\System32\bcryptPrimitives.dll
0x00007ffc76d10000 - 0x00007ffc76d1e000 	C:\Users\Ritej\.jdks\corretto-19.0.2\bin\instrument.dll
0x00007ffc75860000 - 0x00007ffc75886000 	C:\Users\Ritej\.jdks\corretto-19.0.2\bin\java.dll
0x00007ffc5db40000 - 0x00007ffc5dc16000 	C:\Users\Ritej\.jdks\corretto-19.0.2\bin\jsvml.dll
0x00007ffc8ad80000 - 0x00007ffc8b5f8000 	C:\WINDOWS\System32\SHELL32.dll
0x00007ffc87ba0000 - 0x00007ffc884b0000 	C:\WINDOWS\SYSTEM32\windows.storage.dll
0x00007ffc87a60000 - 0x00007ffc87b9f000 	C:\WINDOWS\SYSTEM32\wintypes.dll
0x00007ffc8b6d0000 - 0x00007ffc8b7da000 	C:\WINDOWS\System32\SHCORE.dll
0x00007ffc8acb0000 - 0x00007ffc8ad0e000 	C:\WINDOWS\System32\shlwapi.dll
0x00007ffc89bd0000 - 0x00007ffc89bfb000 	C:\WINDOWS\SYSTEM32\profapi.dll
0x00007ffc721e0000 - 0x00007ffc721f8000 	C:\Users\Ritej\.jdks\corretto-19.0.2\bin\zip.dll
0x00007ffc75350000 - 0x00007ffc75363000 	C:\Users\Ritej\.jdks\corretto-19.0.2\bin\net.dll
0x00007ffc85fa0000 - 0x00007ffc860cc000 	C:\WINDOWS\SYSTEM32\WINHTTP.dll
0x00007ffc89110000 - 0x00007ffc8917a000 	C:\WINDOWS\system32\mswsock.dll
0x00007ffc74df0000 - 0x00007ffc74e05000 	C:\Users\Ritej\.jdks\corretto-19.0.2\bin\nio.dll
0x00007ffc720c0000 - 0x00007ffc720da000 	C:\Program Files\JetBrains\IntelliJ IDEA Community Edition 2024.1.4\bin\breakgen64.dll
0x00007ffc75850000 - 0x00007ffc75858000 	C:\Users\Ritej\.jdks\corretto-19.0.2\bin\extnet.dll
0x00007ffc85830000 - 0x00007ffc85839000 	C:\Users\Ritej\.jdks\corretto-19.0.2\bin\management.dll
0x00007ffc85810000 - 0x00007ffc8581b000 	C:\Users\Ritej\.jdks\corretto-19.0.2\bin\management_ext.dll
0x00007ffc8a7a0000 - 0x00007ffc8a7a8000 	C:\WINDOWS\System32\PSAPI.DLL
0x00007ffc7def0000 - 0x00007ffc7defe000 	C:\Users\Ritej\.jdks\corretto-19.0.2\bin\sunmscapi.dll
0x00007ffc8a280000 - 0x00007ffc8a3e6000 	C:\WINDOWS\System32\CRYPT32.dll
0x00007ffc89550000 - 0x00007ffc8957d000 	C:\WINDOWS\SYSTEM32\ncrypt.dll
0x00007ffc89510000 - 0x00007ffc89547000 	C:\WINDOWS\SYSTEM32\NTASN1.dll
0x00007ffc89460000 - 0x00007ffc8947b000 	C:\WINDOWS\SYSTEM32\CRYPTSP.dll
0x00007ffc88c00000 - 0x00007ffc88c35000 	C:\WINDOWS\system32\rsaenh.dll
0x00007ffc891b0000 - 0x00007ffc891d8000 	C:\WINDOWS\SYSTEM32\USERENV.dll
0x00007ffc89440000 - 0x00007ffc8944c000 	C:\WINDOWS\SYSTEM32\CRYPTBASE.dll
0x00007ffc88700000 - 0x00007ffc8872d000 	C:\WINDOWS\SYSTEM32\IPHLPAPI.DLL
0x00007ffc8a6e0000 - 0x00007ffc8a6e9000 	C:\WINDOWS\System32\NSI.dll
0x00007ffc85eb0000 - 0x00007ffc85ec9000 	C:\WINDOWS\SYSTEM32\dhcpcsvc6.DLL
0x00007ffc85e90000 - 0x00007ffc85eaf000 	C:\WINDOWS\SYSTEM32\dhcpcsvc.DLL
0x00007ffc88730000 - 0x00007ffc88832000 	C:\WINDOWS\SYSTEM32\DNSAPI.dll
0x00007ffc81550000 - 0x00007ffc8155a000 	C:\Windows\System32\rasadhlp.dll
0x00007ffc830e0000 - 0x00007ffc83163000 	C:\WINDOWS\System32\fwpuclnt.dll
0x00007ffc71b40000 - 0x00007ffc71b48000 	C:\WINDOWS\system32\wshunix.dll
0x00007ffc74de0000 - 0x00007ffc74df0000 	C:\Users\Ritej\.jdks\corretto-19.0.2\bin\verify.dll

dbghelp: loaded successfully - version: 4.0.5 - missing functions: none
symbol engine: initialized successfully - sym options: 0x614 - pdb path: .;C:\Users\Ritej\.jdks\corretto-19.0.2\bin;C:\WINDOWS\SYSTEM32;C:\Program Files\Avast Software\Avast;C:\WINDOWS\WinSxS\amd64_microsoft.windows.common-controls_6595b64144ccf1df_6.0.22621.4830_none_270fe7d773858e80;C:\Users\Ritej\.jdks\corretto-19.0.2\bin\server;C:\Program Files\JetBrains\IntelliJ IDEA Community Edition 2024.1.4\bin

VM Arguments:
jvm_args: -javaagent:C:\Program Files\JetBrains\IntelliJ IDEA Community Edition 2024.1.4\lib\idea_rt.jar=50374:C:\Program Files\JetBrains\IntelliJ IDEA Community Edition 2024.1.4\bin -Dfile.encoding=UTF-8 -Dsun.stdout.encoding=UTF-8 -Dsun.stderr.encoding=UTF-8 
java_command: com.example.WSM.WsmApplication
java_class_path (initial): C:\Users\Ritej\Downloads\Ritej-main\WSM Project\WSM\target\classes;C:\Users\Ritej\.m2\repository\org\apache\poi\poi\5.2.3\poi-5.2.3.jar;C:\Users\Ritej\.m2\repository\commons-codec\commons-codec\1.18.0\commons-codec-1.18.0.jar;C:\Users\Ritej\.m2\repository\org\apache\commons\commons-collections4\4.4\commons-collections4-4.4.jar;C:\Users\Ritej\.m2\repository\org\apache\commons\commons-math3\3.6.1\commons-math3-3.6.1.jar;C:\Users\Ritej\.m2\repository\commons-io\commons-io\2.11.0\commons-io-2.11.0.jar;C:\Users\Ritej\.m2\repository\com\zaxxer\SparseBitSet\1.2\SparseBitSet-1.2.jar;C:\Users\Ritej\.m2\repository\org\apache\logging\log4j\log4j-api\2.24.3\log4j-api-2.24.3.jar;C:\Users\Ritej\.m2\repository\org\apache\poi\poi-ooxml\5.2.3\poi-ooxml-5.2.3.jar;C:\Users\Ritej\.m2\repository\org\apache\poi\poi-ooxml-lite\5.2.3\poi-ooxml-lite-5.2.3.jar;C:\Users\Ritej\.m2\repository\org\apache\xmlbeans\xmlbeans\5.1.1\xmlbeans-5.1.1.jar;C:\Users\Ritej\.m2\repository\org\apache\commons\commons-compress\1.21\commons-compress-1.21.jar;C:\Users\Ritej\.m2\repository\com\github\virtuald\curvesapi\1.07\curvesapi-1.07.jar;C:\Users\Ritej\.m2\repository\org\springframework\boot\spring-boot-starter-data-mongodb\3.5.4\spring-boot-starter-data-mongodb-3.5.4.jar;C:\Users\Ritej\.m2\repository\org\springframework\boot\spring-boot-starter\3.5.4\spring-boot-starter-3.5.4.jar;C:\Users\Ritej\.m2\repository\org\springframework\boot\spring-boot-starter-logging\3.5.4\spring-boot-starter-logging-3.5.4.jar;C:\Users\Ritej\.m2\repository\ch\qos\logback\logback-classic\1.5.18\logback-classic-1.5.18.jar;C:\Users\Ritej\.m2\repository\ch\qos\logback\logback-core\1.5.18\logback-core-1.5.18.jar;C:\Users\Ritej\.m2\repository\org\apache\logging\log4j\log4j-to-slf4j\2.24.3\log4j-to-slf4j-2.24.3.jar;C:\Users\Ritej\.m2\repository\org\slf4j\jul-to-slf4j\2.0.17\jul-to-slf4j-2.0.17.jar;C:\Users\Ritej\.m2\repository\jakarta\annotation\jakarta.annotation-api\2.1.1\jakarta.annotation-api-2.1.1.jar;C:\Users\Ritej\.m2\repository\org\yaml\snakeyaml\2.4\snakeyaml-2.4.jar;C:\Users\Ritej\.m2\repository\org\mongodb\mongodb-driver-sync\5.5.1\mongodb-driver-sync-5.5.1.jar;C:\Users\Ritej\.m2\repository\org\mongodb\bson\5.5.1\bson-5.5.1.jar;C:\Users\Ritej\.m2\repository\org\mongodb\mongodb-driver-core\5.5.1\mongodb-driver-core-5.5.1.jar;C:\Users\Ritej\.m2\repository\org\mongodb\bson-record-codec\5.5.1\bson-record-codec-5.5.1.jar;C:\Users\Ritej\.m2\repository\org\springframework\data\spring-data-mongodb\4.5.2\spring-data-mongodb-4.5.2.jar;C:\Users\Ritej\.m2\repository\org\springframework\spring-tx\6.2.9\spring-tx-6.2.9.jar;C:\Users\Ritej\.m2\repository\org\springframework\spring-context\6.2.9\spring-context-6.2.9.jar;C:\Users\Ritej\.m2\repository\org\springframework\spring-beans\6.2.9\spring-beans-6.2.9.jar;C:\Users\Ritej\.m2\repository\org\springframework\spring-expression\6.2.9\spring-expression-6.2.9.jar;C:\Users\Ritej\.m2\repository\org\springframework\data\spring-data-commons\3.5.2\spring-data-commons-3.5.2.jar;C:\Users\Ritej\.m2\repository\org\slf4j\slf4j-api\2.0.17\slf4j-api-2.0.17.jar;C:\Users\Ritej\.m2\repository\org\springframework\boot\spring-boot-starter-security\3.2.0\spring-boot-starter-security-3.2.0.jar;C:\Users\Ritej\.m2\repository\org\springframework\spring-aop\6.2.9\spring-aop-6.2.9.jar;C:\Users\Ritej\.m2\repository\org\springframework\security\spring-security-config\6.5.2\spring-security-config-6.5.2.jar;C:\Users\Ritej\.m2\repository\org\springframework\security\spring-security-core\6.5.2\spring-security-core-6.5.2.jar;C:\Users\Ritej\.m2\repository\org\springframework\security\spring-security-crypto\6.5.2\spring-security-crypto-6.5.2.jar;C:\Users\Ritej\.m2\repository\org\springframework\security\spring-security-web\6.5.2\spring-security-web-6.5.2.jar;C:\Users\Ritej\.m2\repository\org\springframework\boot\spring-boot-starter-web\3.5.4\spring-boot-starter-web-3.5.4.jar;C:\Users\Ritej\.m2\repository\org\springframework\boot\spring-boot-starter-json\3.5.4\spring-boot-starter-json-3.5.4.jar;C:\Users\Ritej\.m2\repository\com\fasterxml\jackson\core\jackson-databind\2.19.2\jackson-databind-2.19.2.jar;C:\Users\Ritej\.m2\repository\com\fasterxml\jackson\core\jackson-annotations\2.19.2\jackson-annotations-2.19.2.jar;C:\Users\Ritej\.m2\repository\com\fasterxml\jackson\core\jackson-core\2.19.2\jackson-core-2.19.2.jar;C:\Users\Ritej\.m2\repository\com\fasterxml\jackson\datatype\jackson-datatype-jdk8\2.19.2\jackson-datatype-jdk8-2.19.2.jar;C:\Users\Ritej\.m2\repository\com\fasterxml\jackson\datatype\jackson-datatype-jsr310\2.19.2\jackson-datatype-jsr310-2.19.2.jar;C:\Users\Ritej\.m2\repository\com\fasterxml\jackson\module\jackson-module-parameter-names\2.19.2\jackson-module-parameter-names-2.19.2.jar;C:\Users\Ritej\.m2\repository\org\springframework\boot\spring-boot-starter-tomcat\3.5.4\spring-boot-starter-tomcat-3.5.4.jar;C:\Users\Ritej\.m2\repository\org\apache\tomcat\embed\tomcat-embed-core\10.1.43\tomcat-embed-core-10.1.43.jar;C:\Users\Ritej\.m2\repository\org\apache\tomcat\embed\tomcat-embed-el\10.1.43\tomcat-embed-el-10.1.43.jar;C:\Users\Ritej\.m2\repository\org\apache\tomcat\embed\tomcat-embed-websocket\10.1.43\tomcat-embed-websocket-10.1.43.jar;C:\Users\Ritej\.m2\repository\org\springframework\spring-web\6.2.9\spring-web-6.2.9.jar;C:\Users\Ritej\.m2\repository\io\micrometer\micrometer-observation\1.15.2\micrometer-observation-1.15.2.jar;C:\Users\Ritej\.m2\repository\io\micrometer\micrometer-commons\1.15.2\micrometer-commons-1.15.2.jar;C:\Users\Ritej\.m2\repository\org\springframework\spring-webmvc\6.2.9\spring-webmvc-6.2.9.jar;C:\Users\Ritej\.m2\repository\org\springframework\boot\spring-boot-devtools\3.5.4\spring-boot-devtools-3.5.4.jar;C:\Users\Ritej\.m2\repository\org\springframework\boot\spring-boot\3.5.4\spring-boot-3.5.4.jar;C:\Users\Ritej\.m2\repository\org\springframework\boot\spring-boot-autoconfigure\3.5.4\spring-boot-autoconfigure-3.5.4.jar;C:\Users\Ritej\.m2\repository\org\projectlombok\lombok\1.18.38\lombok-1.18.38.jar;C:\Users\Ritej\.m2\repository\org\springframework\spring-core\6.2.9\spring-core-6.2.9.jar;C:\Users\Ritej\.m2\repository\org\springframework\spring-jcl\6.2.9\spring-jcl-6.2.9.jar
Launcher Type: SUN_STANDARD

[Global flags]
     intx CICompilerCount                          = 4                                         {product} {ergonomic}
     uint ConcGCThreads                            = 2                                         {product} {ergonomic}
     uint G1ConcRefinementThreads                  = 8                                         {product} {ergonomic}
   size_t G1HeapRegionSize                         = 1048576                                   {product} {ergonomic}
    uintx GCDrainStackTargetSize                   = 64                                        {product} {ergonomic}
   size_t InitialHeapSize                          = 130023424                                 {product} {ergonomic}
   size_t MarkStackSize                            = 4194304                                   {product} {ergonomic}
   size_t MaxHeapSize                              = 2078277632                                {product} {ergonomic}
   size_t MaxNewSize                               = 1246756864                                {product} {ergonomic}
   size_t MinHeapDeltaBytes                        = 1048576                                   {product} {ergonomic}
   size_t MinHeapSize                              = 8388608                                   {product} {ergonomic}
    uintx NonNMethodCodeHeapSize                   = 5839372                                {pd product} {ergonomic}
    uintx NonProfiledCodeHeapSize                  = 122909434                              {pd product} {ergonomic}
    uintx ProfiledCodeHeapSize                     = 122909434                              {pd product} {ergonomic}
    uintx ReservedCodeCacheSize                    = 251658240                              {pd product} {ergonomic}
     bool SegmentedCodeCache                       = true                                      {product} {ergonomic}
   size_t SoftMaxHeapSize                          = 2078277632                             {manageable} {ergonomic}
     bool UseCompressedClassPointers               = true                           {product lp64_product} {ergonomic}
     bool UseCompressedOops                        = true                           {product lp64_product} {ergonomic}
     bool UseG1GC                                  = true                                      {product} {ergonomic}
     bool UseLargePagesIndividualAllocation        = false                                  {pd product} {ergonomic}

Logging:
Log output configuration:
 #0: stdout all=warning uptime,level,tags foldmultilines=false
 #1: stderr all=off uptime,level,tags foldmultilines=false

Environment Variables:
JAVA_HOME=C:\Program Files\Java\jdk-17
PATH=C:\Program Files\MongoDB\Server\7.0\bin;C:\oraclexe\app\oracle\product\11.2.0\server\bin;"C:\xampp\php;C:\xampp\php;C:\Program Files\Common Files\Oracle\Java\javapath";C:\WINDOWS\system32;C:\WINDOWS;C:\WINDOWS\System32\Wbem;C:\WINDOWS\System32\WindowsPowerShell\v1.0\;C:\WINDOWS\System32\OpenSSH\;C:\ProgramData\chocolatey\bin;C:\Program Files\Java\jdk-17\bin;C:\Program Files\Docker\Docker\resources\bin;C:\Users\Ritej\AppData\Roaming\nvm;C:\Program Files\nodejs;C:\Program Files\Git\cmd;C:\Users\Ritej\AppData\Local\Microsoft\WindowsApps\python.exe;C:\Users\Ritej\AppData\Local\Programs\Python\Launcher\;C:\Program Files\MongoDB\Server\7.0\bin;C:\Users\Ritej\AppData\Local\Microsoft\WindowsApps;C:\Users\Ritej\AppData\Local\JetBrains\PyCharm 2023.1\bin;;C:\Program Files\JetBrains\PyCharm Community Edition 2022.2.3\bin;;C:\Users\Ritej\AppData\Local\Programs\Microsoft VS Code\bin;C:\Users\Ritej\AppData\Roaming\npm;C:\Program Files\JetBrains\IntelliJ IDEA Community Edition 2024.1.4\bin;;C:\Users\Ritej\Desktop\jdk-19_windows-x64_bin\bin;C:\Users\Ritej\AppData\Local\JetBrains\IntelliJ IDEA 2024.1.4\bin;;C:\Users\Ritej\AppData\Roaming\nvm;C:\Program Files\nodejs;C:\Program Files\apache-maven-3.9.9\bin;C:\Users\Ritej\AppData\Local\Microsoft\WindowsApps\python.exe;
USERNAME=Ritej
OS=Windows_NT
PROCESSOR_IDENTIFIER=Intel64 Family 6 Model 140 Stepping 1, GenuineIntel
TMP=C:\Users\Ritej\AppData\Local\Temp
TEMP=C:\Users\Ritej\AppData\Local\Temp



---------------  S Y S T E M  ---------------

OS:
 Windows 11 , 64 bit Build 22621 (10.0.22621.4830)
OS uptime: 27 days 11:24 hours
Hyper-V role detected

CPU: total 8 (initial active 8) (4 cores per cpu, 2 threads per core) family 6 model 140 stepping 1 microcode 0xb8, cx8, cmov, fxsr, ht, mmx, 3dnowpref, sse, sse2, sse3, ssse3, sse4.1, sse4.2, popcnt, lzcnt, tsc, tscinvbit, avx, avx2, aes, erms, clmul, bmi1, bmi2, adx, avx512f, avx512dq, avx512cd, avx512bw, avx512vl, sha, fma, vzeroupper, avx512_vpopcntdq, avx512_vpclmulqdq, avx512_vaes, avx512_vnni, clflush, clflushopt, clwb, avx512_vbmi2, avx512_vbmi, hv, rdtscp, rdpid, fsrm, gfni, avx512_bitalg

Memory: 4k page, system-wide physical 7926M (315M free)
TotalPageFile size 20426M (AvailPageFile size 11M)
current process WorkingSet (physical memory assigned to process): 160M, peak: 225M
current process commit charge ("private bytes"): 251M, peak: 280M

vm_info: OpenJDK 64-Bit Server VM (19.0.2+7-FR) for windows-amd64 JRE (19.0.2+7-FR), built on Jan 13 2023 22:53:32 by "Administrator" with MS VC++ 15.9 (VS2017)

END.
