#
# There is insufficient memory for the Java Runtime Environment to continue.
# Native memory allocation (malloc) failed to allocate 1311776 bytes for Chunk::new
# Possible reasons:
#   The system is out of physical RAM or swap space
#   The process is running with CompressedOops enabled, and the Java Heap may be blocking the growth of the native heap
# Possible solutions:
#   Reduce memory load on the system
#   Increase physical memory or swap space
#   Check if swap backing store is full
#   Decrease Java heap size (-Xmx/-Xms)
#   Decrease number of Java threads
#   Decrease Java thread stack sizes (-Xss)
#   Set larger code cache with -XX:ReservedCodeCacheSize=
#   JVM is running with Unscaled Compressed Oops mode in which the Java heap is
#     placed in the first 4GB address space. The Java Heap base address is the
#     maximum limit for the native heap growth. Please use -XX:HeapBaseMinAddress
#     to set the Java Heap base and to place the Java Heap above 4GB virtual address.
# This output file may be truncated or incomplete.
#
#  Out of Memory Error (arena.cpp:184), pid=19288, tid=9496
#
# JRE version: OpenJDK Runtime Environment Corretto-19.0.2.7.1 (19.0.2+7) (build 19.0.2+7-FR)
# Java VM: OpenJDK 64-Bit Server VM Corretto-19.0.2.7.1 (19.0.2+7-FR, mixed mode, sharing, tiered, compressed oops, compressed class ptrs, g1 gc, windows-amd64)
# No core dump will be written. Minidumps are not enabled by default on client versions of Windows
#

---------------  S U M M A R Y ------------

Command Line: -javaagent:C:\Program Files\JetBrains\IntelliJ IDEA Community Edition 2024.1.4\lib\idea_rt.jar=58696:C:\Program Files\JetBrains\IntelliJ IDEA Community Edition 2024.1.4\bin -Dfile.encoding=UTF-8 -Dsun.stdout.encoding=UTF-8 -Dsun.stderr.encoding=UTF-8 com.example.WSM.WsmApplication

Host: 11th Gen Intel(R) Core(TM) i5-1135G7 @ 2.40GHz, 8 cores, 7G,  Windows 11 , 64 bit Build 22621 (10.0.22621.4830)
Time: Fri Sep  5 22:14:27 2025 Afr. centrale Ouest elapsed time: 13.996579 seconds (0d 0h 0m 13s)

---------------  T H R E A D  ---------------

Current thread (0x000001702ae2ef30):  JavaThread "C2 CompilerThread1" daemon [_thread_in_native, id=9496, stack(0x0000002008200000,0x0000002008300000)]


Current CompileTask:
C2:  13996 6551       4       org.bson.internal.ProvidersCodecRegistry::get (46 bytes)

Stack: [0x0000002008200000,0x0000002008300000]
Native frames: (J=compiled Java code, j=interpreted, Vv=VM code, C=native code)
V  [jvm.dll+0x6d034a]
V  [jvm.dll+0x880f10]
V  [jvm.dll+0x88289e]
V  [jvm.dll+0x882f43]
V  [jvm.dll+0x27b4bb]
V  [jvm.dll+0xdd792]
V  [jvm.dll+0xddb25]
V  [jvm.dll+0x2f2d72]
V  [jvm.dll+0x5d5c0f]
V  [jvm.dll+0x24f710]
V  [jvm.dll+0x248818]
V  [jvm.dll+0x246488]
V  [jvm.dll+0x1d4bb7]
V  [jvm.dll+0x25558a]
V  [jvm.dll+0x2538d7]
V  [jvm.dll+0x8342bd]
V  [jvm.dll+0x82e2fa]
V  [jvm.dll+0x6cf0d3]
C  [ucrtbase.dll+0x29333]
C  [KERNEL32.DLL+0x1259d]
C  [ntdll.dll+0x5af38]


---------------  P R O C E S S  ---------------

Threads class SMR info:
_java_thread_list=0x000001702b9abc00, length=35, elements={
0x00000170245b8000, 0x00000170245b8bf0, 0x00000170245bbc40, 0x00000170245bd670,
0x00000170245be090, 0x00000170245c0ac0, 0x00000170245c6240, 0x00000170245cebc0,
0x00000170245d1540, 0x00000170288cfb10, 0x0000017028cc6470, 0x0000017028ac8910,
0x000001702b3e7df0, 0x000001702b3f8440, 0x000001702ba1a060, 0x00000170298f78a0,
0x00000170298f6360, 0x00000170298f68b0, 0x00000170298f7350, 0x000001702add2550,
0x000001702adce040, 0x000001702adcfad0, 0x000001702adcd050, 0x000001702add1ab0,
0x000001702add0570, 0x000001702add2aa0, 0x000001702adcf030, 0x000001702add2ff0,
0x000001702add3540, 0x000001702adcc060, 0x000001702adcd5a0, 0x000001702add3a90,
0x000001702add0020, 0x000001702adcc5b0, 0x000001702ae2ef30
}

Java Threads: ( => current thread )
  0x00000170245b8000 JavaThread "Reference Handler" daemon [_thread_blocked, id=6772, stack(0x0000002007800000,0x0000002007900000)]
  0x00000170245b8bf0 JavaThread "Finalizer" daemon [_thread_blocked, id=16324, stack(0x0000002007900000,0x0000002007a00000)]
  0x00000170245bbc40 JavaThread "Signal Dispatcher" daemon [_thread_blocked, id=17156, stack(0x0000002007a00000,0x0000002007b00000)]
  0x00000170245bd670 JavaThread "Attach Listener" daemon [_thread_blocked, id=14244, stack(0x0000002007b00000,0x0000002007c00000)]
  0x00000170245be090 JavaThread "Service Thread" daemon [_thread_blocked, id=8572, stack(0x0000002007c00000,0x0000002007d00000)]
  0x00000170245c0ac0 JavaThread "Monitor Deflation Thread" daemon [_thread_blocked, id=8292, stack(0x0000002007d00000,0x0000002007e00000)]
  0x00000170245c6240 JavaThread "C2 CompilerThread0" daemon [_thread_in_native, id=18772, stack(0x0000002007e00000,0x0000002007f00000)]
  0x00000170245cebc0 JavaThread "C1 CompilerThread0" daemon [_thread_blocked, id=12412, stack(0x0000002007f00000,0x0000002008000000)]
  0x00000170245d1540 JavaThread "Sweeper thread" daemon [_thread_blocked, id=14780, stack(0x0000002008000000,0x0000002008100000)]
  0x00000170288cfb10 JavaThread "Common-Cleaner" daemon [_thread_blocked, id=16140, stack(0x0000002008100000,0x0000002008200000)]
  0x0000017028cc6470 JavaThread "Monitor Ctrl-Break" daemon [_thread_in_native, id=10068, stack(0x0000002008300000,0x0000002008400000)]
  0x0000017028ac8910 JavaThread "Notification Thread" daemon [_thread_blocked, id=1360, stack(0x0000002008400000,0x0000002008500000)]
  0x000001702b3e7df0 JavaThread "Catalina-utility-1" [_thread_blocked, id=18676, stack(0x0000002009100000,0x0000002009200000)]
  0x000001702b3f8440 JavaThread "Catalina-utility-2" [_thread_blocked, id=3404, stack(0x0000002009200000,0x0000002009300000)]
  0x000001702ba1a060 JavaThread "container-0" [_thread_blocked, id=13168, stack(0x0000002009300000,0x0000002009400000)]
  0x00000170298f78a0 JavaThread "BufferPoolPruner-1-thread-1" daemon [_thread_blocked, id=16120, stack(0x0000002009400000,0x0000002009500000)]
  0x00000170298f6360 JavaThread "cluster-ClusterId{value='68bb52a83c95aa1e78f9389d', description='null'}-localhost:27017" daemon [_thread_in_native, id=17664, stack(0x0000002009500000,0x0000002009600000)]
  0x00000170298f68b0 JavaThread "cluster-rtt-ClusterId{value='68bb52a83c95aa1e78f9389d', description='null'}-localhost:27017" daemon [_thread_blocked, id=13116, stack(0x0000002009700000,0x0000002009800000)]
  0x00000170298f7350 JavaThread "MaintenanceTimer-2-thread-1" daemon [_thread_blocked, id=2524, stack(0x0000002009800000,0x0000002009900000)]
  0x000001702add2550 JavaThread "Live Reload Server" daemon [_thread_in_native, id=12572, stack(0x0000002009a00000,0x0000002009b00000)]
  0x000001702adce040 JavaThread "File Watcher" daemon [_thread_blocked, id=5360, stack(0x0000002009900000,0x0000002009a00000)]
  0x000001702adcfad0 JavaThread "http-nio-8080-exec-1" daemon [_thread_blocked, id=18240, stack(0x0000002009b00000,0x0000002009c00000)]
  0x000001702adcd050 JavaThread "http-nio-8080-exec-2" daemon [_thread_in_Java, id=14544, stack(0x0000002009c00000,0x0000002009d00000)]
  0x000001702add1ab0 JavaThread "http-nio-8080-exec-3" daemon [_thread_blocked, id=16116, stack(0x0000002009d00000,0x0000002009e00000)]
  0x000001702add0570 JavaThread "http-nio-8080-exec-4" daemon [_thread_blocked, id=7508, stack(0x0000002009e00000,0x0000002009f00000)]
  0x000001702add2aa0 JavaThread "http-nio-8080-exec-5" daemon [_thread_blocked, id=1100, stack(0x0000002009f00000,0x000000200a000000)]
  0x000001702adcf030 JavaThread "http-nio-8080-exec-6" daemon [_thread_blocked, id=1252, stack(0x000000200a000000,0x000000200a100000)]
  0x000001702add2ff0 JavaThread "http-nio-8080-exec-7" daemon [_thread_in_Java, id=7420, stack(0x000000200a100000,0x000000200a200000)]
  0x000001702add3540 JavaThread "http-nio-8080-exec-8" daemon [_thread_in_Java, id=16868, stack(0x000000200a200000,0x000000200a300000)]
  0x000001702adcc060 JavaThread "http-nio-8080-exec-9" daemon [_thread_blocked, id=18452, stack(0x000000200a300000,0x000000200a400000)]
  0x000001702adcd5a0 JavaThread "http-nio-8080-exec-10" daemon [_thread_blocked, id=19056, stack(0x000000200a400000,0x000000200a500000)]
  0x000001702add3a90 JavaThread "http-nio-8080-Poller" daemon [_thread_in_native, id=13580, stack(0x000000200a500000,0x000000200a600000)]
  0x000001702add0020 JavaThread "http-nio-8080-Acceptor" daemon [_thread_in_native, id=10456, stack(0x000000200a600000,0x000000200a700000)]
  0x000001702adcc5b0 JavaThread "DestroyJavaVM" [_thread_blocked, id=19284, stack(0x0000002007100000,0x0000002007200000)]
=>0x000001702ae2ef30 JavaThread "C2 CompilerThread1" daemon [_thread_in_native, id=9496, stack(0x0000002008200000,0x0000002008300000)]

Other Threads:
  0x000001702459ef00 VMThread "VM Thread" [stack: 0x0000002007700000,0x0000002007800000] [id=1984]
  0x0000017028ab6590 WatcherThread "VM Periodic Task Thread" [stack: 0x0000002008500000,0x0000002008600000] [id=16016]
  0x0000017005d1b080 WorkerThread "GC Thread#0" [stack: 0x0000002007200000,0x0000002007300000] [id=8992]
  0x00000170290e9700 WorkerThread "GC Thread#1" [stack: 0x0000002008800000,0x0000002008900000] [id=11768]
  0x00000170290e99d0 WorkerThread "GC Thread#2" [stack: 0x0000002008900000,0x0000002008a00000] [id=10544]
  0x00000170290e8e90 WorkerThread "GC Thread#3" [stack: 0x0000002008a00000,0x0000002008b00000] [id=6180]
  0x00000170290e9430 WorkerThread "GC Thread#4" [stack: 0x0000002008b00000,0x0000002008c00000] [id=2964]
  0x00000170290e8350 WorkerThread "GC Thread#5" [stack: 0x0000002008c00000,0x0000002008d00000] [id=8616]
  0x00000170290e8080 WorkerThread "GC Thread#6" [stack: 0x0000002008e00000,0x0000002008f00000] [id=15728]
  0x0000017029721ce0 WorkerThread "GC Thread#7" [stack: 0x0000002008f00000,0x0000002009000000] [id=4928]
  0x0000017005d2c950 ConcurrentGCThread "G1 Main Marker" [stack: 0x0000002007300000,0x0000002007400000] [id=7980]
  0x0000017005d2dc90 WorkerThread "G1 Conc#0" [stack: 0x0000002007400000,0x0000002007500000] [id=6748]
  0x0000017029720930 WorkerThread "G1 Conc#1" [stack: 0x0000002008d00000,0x0000002008e00000] [id=4760]
  0x0000017024453160 ConcurrentGCThread "G1 Refine#0" [stack: 0x0000002007500000,0x0000002007600000] [id=5128]
  0x0000017024453950 ConcurrentGCThread "G1 Service" [stack: 0x0000002007600000,0x0000002007700000] [id=18192]

Threads with active compile tasks:
C2 CompilerThread0    14059 6574       4       org.springframework.web.util.pattern.SeparatorPathElement::matches (85 bytes)
C1 CompilerThread0    14059 7183       3       org.springframework.security.web.firewall.StrictHttpFirewall::rejectedBlocklistedUrls (109 bytes)
C2 CompilerThread1    14059 6551       4       org.bson.internal.ProvidersCodecRegistry::get (46 bytes)

VM state: not at safepoint (normal execution)

VM Mutex/Monitor currently owned by a thread: None

Heap address: 0x0000000084200000, size: 1982 MB, Compressed Oops mode: 32-bit

CDS archive(s) mapped at: [0x0000000800000000-0x0000000800c40000-0x0000000800c40000), size 12845056, SharedBaseAddress: 0x0000000800000000, ArchiveRelocationMode: 0.
Compressed class space mapped at: 0x0000000801000000-0x0000000841000000, reserved size: 1073741824
Narrow klass base: 0x0000000800000000, Narrow klass shift: 0, Narrow klass range: 0x100000000

GC Precious Log:
 CardTable entry size: 512
 Card Set container configuration: InlinePtr #cards 5 size 8 Array Of Cards #cards 12 size 40 Howl #buckets 4 coarsen threshold 1843 Howl Bitmap #cards 512 size 80 coarsen threshold 460 Card regions per heap region 1 cards per card region 2048
 CPUs: 8 total, 8 available
 Memory: 7926M
 Large Page Support: Disabled
 NUMA Support: Disabled
 Compressed Oops: Enabled (32-bit)
 Heap Region Size: 1M
 Heap Min Capacity: 8M
 Heap Initial Capacity: 124M
 Heap Max Capacity: 1982M
 Pre-touch: Disabled
 Parallel Workers: 8
 Concurrent Workers: 2
 Concurrent Refinement Workers: 8
 Periodic GC: Disabled

Heap:
 garbage-first heap   total 76800K, used 43718K [0x0000000084200000, 0x0000000100000000)
  region size 1024K, 23 young (23552K), 3 survivors (3072K)
 Metaspace       used 46534K, committed 47168K, reserved 1114112K
  class space    used 5956K, committed 6272K, reserved 1048576K

Heap Regions: E=young(eden), S=young(survivor), O=old, HS=humongous(starts), HC=humongous(continues), CS=collection set, F=free, OA=open archive, CA=closed archive, TAMS=top-at-mark-start (previous, next)
|   0|0x0000000084200000, 0x0000000084300000, 0x0000000084300000|100%| O|  |TAMS 0x0000000084300000, 0x0000000084200000| Untracked 
|   1|0x0000000084300000, 0x0000000084400000, 0x0000000084400000|100%| O|  |TAMS 0x0000000084400000, 0x0000000084300000| Untracked 
|   2|0x0000000084400000, 0x0000000084500000, 0x0000000084500000|100%| O|  |TAMS 0x0000000084500000, 0x0000000084400000| Untracked 
|   3|0x0000000084500000, 0x0000000084600000, 0x0000000084600000|100%| O|  |TAMS 0x0000000084600000, 0x0000000084500000| Untracked 
|   4|0x0000000084600000, 0x0000000084700000, 0x0000000084700000|100%| O|  |TAMS 0x0000000084700000, 0x0000000084600000| Untracked 
|   5|0x0000000084700000, 0x0000000084800000, 0x0000000084800000|100%| O|  |TAMS 0x0000000084800000, 0x0000000084700000| Untracked 
|   6|0x0000000084800000, 0x0000000084900000, 0x0000000084900000|100%| O|  |TAMS 0x0000000084900000, 0x0000000084800000| Untracked 
|   7|0x0000000084900000, 0x0000000084a00000, 0x0000000084a00000|100%| O|  |TAMS 0x0000000084a00000, 0x0000000084900000| Untracked 
|   8|0x0000000084a00000, 0x0000000084b00000, 0x0000000084b00000|100%| O|  |TAMS 0x0000000084b00000, 0x0000000084a00000| Untracked 
|   9|0x0000000084b00000, 0x0000000084c00000, 0x0000000084c00000|100%| O|  |TAMS 0x0000000084c00000, 0x0000000084b00000| Untracked 
|  10|0x0000000084c00000, 0x0000000084d00000, 0x0000000084d00000|100%| O|  |TAMS 0x0000000084d00000, 0x0000000084c00000| Untracked 
|  11|0x0000000084d00000, 0x0000000084dffff8, 0x0000000084e00000| 99%| O|  |TAMS 0x0000000084dffff8, 0x0000000084d00000| Untracked 
|  12|0x0000000084e00000, 0x0000000084f00000, 0x0000000084f00000|100%| O|  |TAMS 0x0000000084f00000, 0x0000000084e00000| Untracked 
|  13|0x0000000084f00000, 0x0000000085000000, 0x0000000085000000|100%| O|  |TAMS 0x0000000085000000, 0x0000000084f00000| Untracked 
|  14|0x0000000085000000, 0x0000000085100000, 0x0000000085100000|100%| O|  |TAMS 0x0000000085100000, 0x0000000085000000| Untracked 
|  15|0x0000000085100000, 0x0000000085100000, 0x0000000085200000|  0%| F|  |TAMS 0x0000000085100000, 0x0000000085100000| Untracked 
|  16|0x0000000085200000, 0x0000000085300000, 0x0000000085300000|100%| O|  |TAMS 0x00000000852d3a00, 0x0000000085200000| Untracked 
|  17|0x0000000085300000, 0x0000000085400000, 0x0000000085400000|100%| O|  |TAMS 0x0000000085300000, 0x0000000085300000| Untracked 
|  18|0x0000000085400000, 0x0000000085500000, 0x0000000085500000|100%| O|  |TAMS 0x0000000085400000, 0x0000000085400000| Untracked 
|  19|0x0000000085500000, 0x0000000085600000, 0x0000000085600000|100%| O|  |TAMS 0x0000000085500000, 0x0000000085500000| Untracked 
|  20|0x0000000085600000, 0x0000000085700000, 0x0000000085700000|100%| O|  |TAMS 0x0000000085600000, 0x0000000085600000| Untracked 
|  21|0x0000000085700000, 0x00000000857ba800, 0x0000000085800000| 72%| O|  |TAMS 0x0000000085700000, 0x0000000085700000| Untracked 
|  22|0x0000000085800000, 0x0000000085800000, 0x0000000085900000|  0%| F|  |TAMS 0x0000000085800000, 0x0000000085800000| Untracked 
|  23|0x0000000085900000, 0x0000000085900000, 0x0000000085a00000|  0%| F|  |TAMS 0x0000000085900000, 0x0000000085900000| Untracked 
|  24|0x0000000085a00000, 0x0000000085a00000, 0x0000000085b00000|  0%| F|  |TAMS 0x0000000085a00000, 0x0000000085a00000| Untracked 
|  25|0x0000000085b00000, 0x0000000085b00000, 0x0000000085c00000|  0%| F|  |TAMS 0x0000000085b00000, 0x0000000085b00000| Untracked 
|  26|0x0000000085c00000, 0x0000000085c00000, 0x0000000085d00000|  0%| F|  |TAMS 0x0000000085c00000, 0x0000000085c00000| Untracked 
|  27|0x0000000085d00000, 0x0000000085d00000, 0x0000000085e00000|  0%| F|  |TAMS 0x0000000085d00000, 0x0000000085d00000| Untracked 
|  28|0x0000000085e00000, 0x0000000085e00000, 0x0000000085f00000|  0%| F|  |TAMS 0x0000000085e00000, 0x0000000085e00000| Untracked 
|  29|0x0000000085f00000, 0x0000000085f00000, 0x0000000086000000|  0%| F|  |TAMS 0x0000000085f00000, 0x0000000085f00000| Untracked 
|  30|0x0000000086000000, 0x0000000086000000, 0x0000000086100000|  0%| F|  |TAMS 0x0000000086000000, 0x0000000086000000| Untracked 
|  31|0x0000000086100000, 0x0000000086100000, 0x0000000086200000|  0%| F|  |TAMS 0x0000000086100000, 0x0000000086100000| Untracked 
|  32|0x0000000086200000, 0x0000000086200000, 0x0000000086300000|  0%| F|  |TAMS 0x0000000086200000, 0x0000000086200000| Untracked 
|  33|0x0000000086300000, 0x0000000086300000, 0x0000000086400000|  0%| F|  |TAMS 0x0000000086300000, 0x0000000086300000| Untracked 
|  34|0x0000000086400000, 0x0000000086400000, 0x0000000086500000|  0%| F|  |TAMS 0x0000000086400000, 0x0000000086400000| Untracked 
|  35|0x0000000086500000, 0x0000000086500000, 0x0000000086600000|  0%| F|  |TAMS 0x0000000086500000, 0x0000000086500000| Untracked 
|  36|0x0000000086600000, 0x0000000086600000, 0x0000000086700000|  0%| F|  |TAMS 0x0000000086600000, 0x0000000086600000| Untracked 
|  37|0x0000000086700000, 0x0000000086700000, 0x0000000086800000|  0%| F|  |TAMS 0x0000000086700000, 0x0000000086700000| Untracked 
|  38|0x0000000086800000, 0x00000000868f70f8, 0x0000000086900000| 96%| S|CS|TAMS 0x0000000086800000, 0x0000000086800000| Complete 
|  39|0x0000000086900000, 0x0000000086a00000, 0x0000000086a00000|100%| S|CS|TAMS 0x0000000086900000, 0x0000000086900000| Complete 
|  40|0x0000000086a00000, 0x0000000086b00000, 0x0000000086b00000|100%| S|CS|TAMS 0x0000000086a00000, 0x0000000086a00000| Complete 
|  41|0x0000000086b00000, 0x0000000086b00000, 0x0000000086c00000|  0%| F|  |TAMS 0x0000000086b00000, 0x0000000086b00000| Untracked 
|  42|0x0000000086c00000, 0x0000000086c00000, 0x0000000086d00000|  0%| F|  |TAMS 0x0000000086c00000, 0x0000000086c00000| Untracked 
|  43|0x0000000086d00000, 0x0000000086d00000, 0x0000000086e00000|  0%| F|  |TAMS 0x0000000086d00000, 0x0000000086d00000| Untracked 
|  44|0x0000000086e00000, 0x0000000086e00000, 0x0000000086f00000|  0%| F|  |TAMS 0x0000000086e00000, 0x0000000086e00000| Untracked 
|  45|0x0000000086f00000, 0x0000000086f00000, 0x0000000087000000|  0%| F|  |TAMS 0x0000000086f00000, 0x0000000086f00000| Untracked 
|  46|0x0000000087000000, 0x0000000087000000, 0x0000000087100000|  0%| F|  |TAMS 0x0000000087000000, 0x0000000087000000| Untracked 
|  47|0x0000000087100000, 0x0000000087100000, 0x0000000087200000|  0%| F|  |TAMS 0x0000000087100000, 0x0000000087100000| Untracked 
|  48|0x0000000087200000, 0x0000000087200000, 0x0000000087300000|  0%| F|  |TAMS 0x0000000087200000, 0x0000000087200000| Untracked 
|  49|0x0000000087300000, 0x0000000087300000, 0x0000000087400000|  0%| F|  |TAMS 0x0000000087300000, 0x0000000087300000| Untracked 
|  50|0x0000000087400000, 0x0000000087400000, 0x0000000087500000|  0%| F|  |TAMS 0x0000000087400000, 0x0000000087400000| Untracked 
|  51|0x0000000087500000, 0x0000000087500000, 0x0000000087600000|  0%| F|  |TAMS 0x0000000087500000, 0x0000000087500000| Untracked 
|  52|0x0000000087600000, 0x0000000087600000, 0x0000000087700000|  0%| F|  |TAMS 0x0000000087600000, 0x0000000087600000| Untracked 
|  53|0x0000000087700000, 0x0000000087700000, 0x0000000087800000|  0%| F|  |TAMS 0x0000000087700000, 0x0000000087700000| Untracked 
|  54|0x0000000087800000, 0x0000000087800000, 0x0000000087900000|  0%| F|  |TAMS 0x0000000087800000, 0x0000000087800000| Untracked 
|  55|0x0000000087900000, 0x0000000087a00000, 0x0000000087a00000|100%| E|  |TAMS 0x0000000087900000, 0x0000000087900000| Complete 
|  56|0x0000000087a00000, 0x0000000087b00000, 0x0000000087b00000|100%| E|CS|TAMS 0x0000000087a00000, 0x0000000087a00000| Complete 
|  57|0x0000000087b00000, 0x0000000087c00000, 0x0000000087c00000|100%| E|CS|TAMS 0x0000000087b00000, 0x0000000087b00000| Complete 
|  58|0x0000000087c00000, 0x0000000087d00000, 0x0000000087d00000|100%| E|CS|TAMS 0x0000000087c00000, 0x0000000087c00000| Complete 
|  59|0x0000000087d00000, 0x0000000087e00000, 0x0000000087e00000|100%| E|CS|TAMS 0x0000000087d00000, 0x0000000087d00000| Complete 
|  60|0x0000000087e00000, 0x0000000087f00000, 0x0000000087f00000|100%| E|CS|TAMS 0x0000000087e00000, 0x0000000087e00000| Complete 
|  61|0x0000000087f00000, 0x0000000088000000, 0x0000000088000000|100%| E|CS|TAMS 0x0000000087f00000, 0x0000000087f00000| Complete 
|  62|0x0000000088000000, 0x0000000088100000, 0x0000000088100000|100%| E|CS|TAMS 0x0000000088000000, 0x0000000088000000| Complete 
|  63|0x0000000088100000, 0x0000000088200000, 0x0000000088200000|100%| E|CS|TAMS 0x0000000088100000, 0x0000000088100000| Complete 
|  64|0x0000000088200000, 0x0000000088300000, 0x0000000088300000|100%| E|CS|TAMS 0x0000000088200000, 0x0000000088200000| Complete 
|  65|0x0000000088300000, 0x0000000088400000, 0x0000000088400000|100%| E|CS|TAMS 0x0000000088300000, 0x0000000088300000| Complete 
|  66|0x0000000088400000, 0x0000000088500000, 0x0000000088500000|100%| E|CS|TAMS 0x0000000088400000, 0x0000000088400000| Complete 
|  67|0x0000000088500000, 0x0000000088600000, 0x0000000088600000|100%| E|CS|TAMS 0x0000000088500000, 0x0000000088500000| Complete 
|  68|0x0000000088600000, 0x0000000088700000, 0x0000000088700000|100%| E|CS|TAMS 0x0000000088600000, 0x0000000088600000| Complete 
|  69|0x0000000088700000, 0x0000000088800000, 0x0000000088800000|100%| E|CS|TAMS 0x0000000088700000, 0x0000000088700000| Complete 
|  70|0x0000000088800000, 0x0000000088900000, 0x0000000088900000|100%| E|CS|TAMS 0x0000000088800000, 0x0000000088800000| Complete 
|  71|0x0000000088900000, 0x0000000088a00000, 0x0000000088a00000|100%| E|CS|TAMS 0x0000000088900000, 0x0000000088900000| Complete 
|  72|0x0000000088a00000, 0x0000000088b00000, 0x0000000088b00000|100%| E|CS|TAMS 0x0000000088a00000, 0x0000000088a00000| Complete 
|  73|0x0000000088b00000, 0x0000000088c00000, 0x0000000088c00000|100%| E|CS|TAMS 0x0000000088b00000, 0x0000000088b00000| Complete 
| 123|0x000000008bd00000, 0x000000008be00000, 0x000000008be00000|100%| E|CS|TAMS 0x000000008bd00000, 0x000000008bd00000| Complete 

Card table byte_map: [0x000001701d5a0000,0x000001701d980000] _byte_map_base: 0x000001701d17f000

Marking Bits (Prev, Next): (CMBitMap*) 0x0000017005d1c6c0, (CMBitMap*) 0x0000017005d1c700
 Prev Bits: [0x000001701dd60000, 0x000001701fc58000)
 Next Bits: [0x000001701fc60000, 0x0000017021b58000)

Polling page: 0x0000017003c10000

Metaspace:

Usage:
  Non-class:     39.63 MB used.
      Class:      5.82 MB used.
       Both:     45.44 MB used.

Virtual space:
  Non-class space:       64.00 MB reserved,      39.94 MB ( 62%) committed,  1 nodes.
      Class space:        1.00 GB reserved,       6.13 MB ( <1%) committed,  1 nodes.
             Both:        1.06 GB reserved,      46.06 MB (  4%) committed. 

Chunk freelists:
   Non-Class:  3.89 MB
       Class:  1.93 MB
        Both:  5.82 MB

MaxMetaspaceSize: unlimited
CompressedClassSpaceSize: 1.00 GB
Initial GC threshold: 21.00 MB
Current GC threshold: 58.88 MB
CDS: on
MetaspaceReclaimPolicy: balanced
 - commit_granule_bytes: 65536.
 - commit_granule_words: 8192.
 - virtual_space_node_default_size: 8388608.
 - enlarge_chunks_in_place: 1.
 - new_chunks_are_fully_committed: 0.
 - uncommit_free_chunks: 1.
 - use_allocation_guard: 0.


Internal statistics:

num_allocs_failed_limit: 6.
num_arena_births: 920.
num_arena_deaths: 0.
num_vsnodes_births: 2.
num_vsnodes_deaths: 0.
num_space_committed: 737.
num_space_uncommitted: 0.
num_chunks_returned_to_freelist: 6.
num_chunks_taken_from_freelist: 2636.
num_chunk_merges: 6.
num_chunk_splits: 1841.
num_chunks_enlarged: 1411.
num_inconsistent_stats: 0.

CodeHeap 'non-profiled nmethods': size=120000Kb used=3485Kb max_used=3485Kb free=116514Kb
 bounds [0x0000017015960000, 0x0000017015cd0000, 0x000001701ce90000]
CodeHeap 'profiled nmethods': size=120000Kb used=12259Kb max_used=12259Kb free=107740Kb
 bounds [0x000001700de90000, 0x000001700ea90000, 0x00000170153c0000]
CodeHeap 'non-nmethods': size=5760Kb used=1379Kb max_used=1418Kb free=4380Kb
 bounds [0x00000170153c0000, 0x0000017015630000, 0x0000017015960000]
 total_blobs=6982 nmethods=6386 adapters=505
 compilation: enabled
              stopped_count=0, restarted_count=0
 full_count=0

Compilation events (20 events):
Event: 13.991 Thread 0x00000170245cebc0 nmethod 6964 0x0000017015c9b110 code [0x0000017015c9b2a0, 0x0000017015c9b358]
Event: 13.991 Thread 0x00000170245cebc0 6965       1       com.mongodb.ReadConcern::getLevel (5 bytes)
Event: 13.991 Thread 0x00000170245cebc0 nmethod 6965 0x0000017015c9b410 code [0x0000017015c9b5a0, 0x0000017015c9b658]
Event: 13.991 Thread 0x00000170245cebc0 6966       1       com.mongodb.internal.connection.OperationContext::getServerApi (5 bytes)
Event: 13.991 Thread 0x00000170245cebc0 nmethod 6966 0x0000017015c9b710 code [0x0000017015c9b8a0, 0x0000017015c9b958]
Event: 13.991 Thread 0x00000170245cebc0 6967       1       com.mongodb.internal.connection.RequestMessage::getCollectionName (5 bytes)
Event: 13.991 Thread 0x00000170245cebc0 nmethod 6967 0x0000017015c9ba10 code [0x0000017015c9bba0, 0x0000017015c9bc58]
Event: 13.991 Thread 0x00000170245cebc0 6944       1       org.springframework.web.filter.CharacterEncodingFilter::getEncoding (5 bytes)
Event: 13.991 Thread 0x00000170245cebc0 nmethod 6944 0x0000017015c9bd10 code [0x0000017015c9bea0, 0x0000017015c9bf58]
Event: 13.991 Thread 0x00000170245cebc0 6933       1       org.apache.coyote.http11.AbstractHttp11Protocol::getServer (5 bytes)
Event: 13.992 Thread 0x00000170245cebc0 nmethod 6933 0x0000017015c9c010 code [0x0000017015c9c1a0, 0x0000017015c9c278]
Event: 13.992 Thread 0x00000170245cebc0 6949       1       org.springframework.web.servlet.mvc.method.annotation.RequestMappingHandlerAdapter::supportsInternal (2 bytes)
Event: 13.992 Thread 0x00000170245cebc0 nmethod 6949 0x0000017015c9c310 code [0x0000017015c9c4a0, 0x0000017015c9c578]
Event: 13.992 Thread 0x00000170245cebc0 6952       1       org.springframework.web.servlet.mvc.method.annotation.ServletInvocableHandlerMethod::setHandlerMethodReturnValueHandlers (6 bytes)
Event: 13.992 Thread 0x00000170245cebc0 nmethod 6952 0x0000017015c9c610 code [0x0000017015c9c7a0, 0x0000017015c9c8b8]
Event: 13.992 Thread 0x00000170245cebc0 6953       1       org.springframework.web.method.HandlerMethod::shouldValidateArguments (5 bytes)
Event: 13.992 Thread 0x00000170245cebc0 nmethod 6953 0x0000017015c9c910 code [0x0000017015c9caa0, 0x0000017015c9cb78]
Event: 13.992 Thread 0x00000170245cebc0 6956       1       org.springframework.data.repository.query.parser.PartTree$Subject::isCountProjection (5 bytes)
Event: 13.992 Thread 0x00000170245cebc0 nmethod 6956 0x0000017015c9cc10 code [0x0000017015c9cda0, 0x0000017015c9ce78]
Event: 13.992 Thread 0x00000170245cebc0 6957       1       org.bson.json.JsonWriterSettings$Builder::access$300 (5 bytes)

GC Heap History (20 events):
Event: 1.212 GC heap before
{Heap before GC invocations=1 (full 0):
 garbage-first heap   total 126976K, used 35656K [0x0000000084200000, 0x0000000100000000)
  region size 1024K, 32 young (32768K), 3 survivors (3072K)
 Metaspace       used 13232K, committed 13568K, reserved 1114112K
  class space    used 1559K, committed 1728K, reserved 1048576K
}
Event: 1.215 GC heap after
{Heap after GC invocations=2 (full 0):
 garbage-first heap   total 126976K, used 9523K [0x0000000084200000, 0x0000000100000000)
  region size 1024K, 3 young (3072K), 3 survivors (3072K)
 Metaspace       used 13232K, committed 13568K, reserved 1114112K
  class space    used 1559K, committed 1728K, reserved 1048576K
}
Event: 2.092 GC heap before
{Heap before GC invocations=2 (full 0):
 garbage-first heap   total 126976K, used 56627K [0x0000000084200000, 0x0000000100000000)
  region size 1024K, 50 young (51200K), 3 survivors (3072K)
 Metaspace       used 21116K, committed 21504K, reserved 1114112K
  class space    used 2553K, committed 2752K, reserved 1048576K
}
Event: 2.097 GC heap after
{Heap after GC invocations=3 (full 0):
 garbage-first heap   total 126976K, used 13289K [0x0000000084200000, 0x0000000100000000)
  region size 1024K, 7 young (7168K), 7 survivors (7168K)
 Metaspace       used 21116K, committed 21504K, reserved 1114112K
  class space    used 2553K, committed 2752K, reserved 1048576K
}
Event: 2.632 GC heap before
{Heap before GC invocations=4 (full 0):
 garbage-first heap   total 51200K, used 36841K [0x0000000084200000, 0x0000000100000000)
  region size 1024K, 30 young (30720K), 7 survivors (7168K)
 Metaspace       used 25405K, committed 25792K, reserved 1114112K
  class space    used 3120K, committed 3264K, reserved 1048576K
}
Event: 2.638 GC heap after
{Heap after GC invocations=5 (full 0):
 garbage-first heap   total 51200K, used 15468K [0x0000000084200000, 0x0000000100000000)
  region size 1024K, 3 young (3072K), 3 survivors (3072K)
 Metaspace       used 25405K, committed 25792K, reserved 1114112K
  class space    used 3120K, committed 3264K, reserved 1048576K
}
Event: 2.656 GC heap before
{Heap before GC invocations=5 (full 0):
 garbage-first heap   total 51200K, used 16492K [0x0000000084200000, 0x0000000100000000)
  region size 1024K, 4 young (4096K), 3 survivors (3072K)
 Metaspace       used 25532K, committed 26048K, reserved 1114112K
  class space    used 3151K, committed 3392K, reserved 1048576K
}
Event: 2.659 GC heap after
{Heap after GC invocations=6 (full 0):
 garbage-first heap   total 51200K, used 15838K [0x0000000084200000, 0x0000000100000000)
  region size 1024K, 1 young (1024K), 1 survivors (1024K)
 Metaspace       used 25532K, committed 26048K, reserved 1114112K
  class space    used 3151K, committed 3392K, reserved 1048576K
}
Event: 3.115 GC heap before
{Heap before GC invocations=6 (full 0):
 garbage-first heap   total 51200K, used 34270K [0x0000000084200000, 0x0000000100000000)
  region size 1024K, 20 young (20480K), 1 survivors (1024K)
 Metaspace       used 29757K, committed 30272K, reserved 1114112K
  class space    used 3678K, committed 3904K, reserved 1048576K
}
Event: 3.118 GC heap after
{Heap after GC invocations=7 (full 0):
 garbage-first heap   total 51200K, used 17307K [0x0000000084200000, 0x0000000100000000)
  region size 1024K, 2 young (2048K), 2 survivors (2048K)
 Metaspace       used 29757K, committed 30272K, reserved 1114112K
  class space    used 3678K, committed 3904K, reserved 1048576K
}
Event: 3.458 GC heap before
{Heap before GC invocations=7 (full 0):
 garbage-first heap   total 51200K, used 36763K [0x0000000084200000, 0x0000000100000000)
  region size 1024K, 21 young (21504K), 2 survivors (2048K)
 Metaspace       used 34287K, committed 34880K, reserved 1114112K
  class space    used 4331K, committed 4608K, reserved 1048576K
}
Event: 3.462 GC heap after
{Heap after GC invocations=8 (full 0):
 garbage-first heap   total 51200K, used 19102K [0x0000000084200000, 0x0000000100000000)
  region size 1024K, 2 young (2048K), 2 survivors (2048K)
 Metaspace       used 34287K, committed 34880K, reserved 1114112K
  class space    used 4331K, committed 4608K, reserved 1048576K
}
Event: 3.586 GC heap before
{Heap before GC invocations=8 (full 0):
 garbage-first heap   total 51200K, used 24222K [0x0000000084200000, 0x0000000100000000)
  region size 1024K, 8 young (8192K), 2 survivors (2048K)
 Metaspace       used 35493K, committed 35968K, reserved 1114112K
  class space    used 4517K, committed 4736K, reserved 1048576K
}
Event: 3.588 GC heap after
{Heap after GC invocations=9 (full 0):
 garbage-first heap   total 51200K, used 19783K [0x0000000084200000, 0x0000000100000000)
  region size 1024K, 1 young (1024K), 1 survivors (1024K)
 Metaspace       used 35493K, committed 35968K, reserved 1114112K
  class space    used 4517K, committed 4736K, reserved 1048576K
}
Event: 4.020 GC heap before
{Heap before GC invocations=10 (full 0):
 garbage-first heap   total 51200K, used 37191K [0x0000000084200000, 0x0000000100000000)
  region size 1024K, 19 young (19456K), 1 survivors (1024K)
 Metaspace       used 38128K, committed 38656K, reserved 1114112K
  class space    used 4872K, committed 5120K, reserved 1048576K
}
Event: 4.023 GC heap after
{Heap after GC invocations=11 (full 0):
 garbage-first heap   total 76800K, used 21813K [0x0000000084200000, 0x0000000100000000)
  region size 1024K, 3 young (3072K), 3 survivors (3072K)
 Metaspace       used 38128K, committed 38656K, reserved 1114112K
  class space    used 4872K, committed 5120K, reserved 1048576K
}
Event: 4.032 GC heap before
{Heap before GC invocations=11 (full 0):
 garbage-first heap   total 76800K, used 22837K [0x0000000084200000, 0x0000000100000000)
  region size 1024K, 4 young (4096K), 3 survivors (3072K)
 Metaspace       used 38301K, committed 38848K, reserved 1114112K
  class space    used 4886K, committed 5120K, reserved 1048576K
}
Event: 4.035 GC heap after
{Heap after GC invocations=12 (full 0):
 garbage-first heap   total 76800K, used 21566K [0x0000000084200000, 0x0000000100000000)
  region size 1024K, 1 young (1024K), 1 survivors (1024K)
 Metaspace       used 38301K, committed 38848K, reserved 1114112K
  class space    used 4886K, committed 5120K, reserved 1048576K
}
Event: 13.339 GC heap before
{Heap before GC invocations=12 (full 0):
 garbage-first heap   total 76800K, used 54334K [0x0000000084200000, 0x0000000100000000)
  region size 1024K, 34 young (34816K), 1 survivors (1024K)
 Metaspace       used 44996K, committed 45632K, reserved 1114112K
  class space    used 5835K, committed 6080K, reserved 1048576K
}
Event: 13.345 GC heap after
{Heap after GC invocations=13 (full 0):
 garbage-first heap   total 76800K, used 24262K [0x0000000084200000, 0x0000000100000000)
  region size 1024K, 3 young (3072K), 3 survivors (3072K)
 Metaspace       used 44996K, committed 45632K, reserved 1114112K
  class space    used 5835K, committed 6080K, reserved 1048576K
}

Dll operation events (14 events):
Event: 0.012 Loaded shared library C:\Users\Ritej\.jdks\corretto-19.0.2\bin\java.dll
Event: 0.026 Loaded shared library C:\Users\Ritej\.jdks\corretto-19.0.2\bin\jsvml.dll
Event: 0.166 Loaded shared library C:\Users\Ritej\.jdks\corretto-19.0.2\bin\zip.dll
Event: 0.170 Loaded shared library C:\Users\Ritej\.jdks\corretto-19.0.2\bin\instrument.dll
Event: 0.176 Loaded shared library C:\Users\Ritej\.jdks\corretto-19.0.2\bin\net.dll
Event: 0.179 Loaded shared library C:\Users\Ritej\.jdks\corretto-19.0.2\bin\nio.dll
Event: 0.184 Loaded shared library C:\Users\Ritej\.jdks\corretto-19.0.2\bin\zip.dll
Event: 0.259 Loaded shared library C:\Program Files\JetBrains\IntelliJ IDEA Community Edition 2024.1.4\bin\breakgen64.dll
Event: 0.270 Loaded shared library C:\Users\Ritej\.jdks\corretto-19.0.2\bin\extnet.dll
Event: 0.299 Loaded shared library C:\Users\Ritej\.jdks\corretto-19.0.2\bin\jimage.dll
Event: 0.547 Loaded shared library C:\Users\Ritej\.jdks\corretto-19.0.2\bin\management.dll
Event: 0.553 Loaded shared library C:\Users\Ritej\.jdks\corretto-19.0.2\bin\management_ext.dll
Event: 1.416 Loaded shared library C:\Users\Ritej\.jdks\corretto-19.0.2\bin\sunmscapi.dll
Event: 13.222 Loaded shared library C:\Users\Ritej\.jdks\corretto-19.0.2\bin\verify.dll

Deoptimization events (20 events):
Event: 13.488 Thread 0x000001702add2ff0 Uncommon trap: reason=class_check action=maybe_recompile pc=0x0000017015a477bc method=java.util.regex.Pattern.lambda$negate$7(Ljava/util/regex/Pattern$CharPredicate;I)Z @ 2 c2
Event: 13.488 Thread 0x000001702adcf030 Uncommon trap: trap_request=0xffffffde fr.pc=0x0000017015a477bc relative=0x00000000000000fc
Event: 13.488 Thread 0x000001702adcc060 Uncommon trap: trap_request=0xffffffde fr.pc=0x0000017015a477bc relative=0x00000000000000fc
Event: 13.488 Thread 0x000001702add0570 Uncommon trap: trap_request=0xffffffde fr.pc=0x0000017015a477bc relative=0x00000000000000fc
Event: 13.488 Thread 0x000001702add3540 Uncommon trap: reason=class_check action=maybe_recompile pc=0x0000017015a477bc method=java.util.regex.Pattern.lambda$negate$7(Ljava/util/regex/Pattern$CharPredicate;I)Z @ 2 c2
Event: 13.489 Thread 0x000001702adcf030 Uncommon trap: reason=class_check action=maybe_recompile pc=0x0000017015a477bc method=java.util.regex.Pattern.lambda$negate$7(Ljava/util/regex/Pattern$CharPredicate;I)Z @ 2 c2
Event: 13.489 Thread 0x000001702add2aa0 DEOPT PACKING pc=0x0000017015a477bc sp=0x0000002009ff9ba0
Event: 13.489 Thread 0x000001702adcc060 Uncommon trap: reason=class_check action=maybe_recompile pc=0x0000017015a477bc method=java.util.regex.Pattern.lambda$negate$7(Ljava/util/regex/Pattern$CharPredicate;I)Z @ 2 c2
Event: 13.489 Thread 0x000001702add0570 Uncommon trap: reason=class_check action=maybe_recompile pc=0x0000017015a477bc method=java.util.regex.Pattern.lambda$negate$7(Ljava/util/regex/Pattern$CharPredicate;I)Z @ 2 c2
Event: 13.489 Thread 0x000001702add2aa0 DEOPT UNPACKING pc=0x000001701542a5a3 sp=0x0000002009ff9ac0 mode 2
Event: 13.489 Thread 0x000001702add2ff0 DEOPT PACKING pc=0x0000017015a477bc sp=0x000000200a1f9f00
Event: 13.489 Thread 0x000001702add2ff0 DEOPT UNPACKING pc=0x000001701542a5a3 sp=0x000000200a1f9e20 mode 2
Event: 13.489 Thread 0x000001702add3540 DEOPT PACKING pc=0x0000017015a477bc sp=0x000000200a2fa0b0
Event: 13.489 Thread 0x000001702add3540 DEOPT UNPACKING pc=0x000001701542a5a3 sp=0x000000200a2f9fd0 mode 2
Event: 13.489 Thread 0x000001702adcf030 DEOPT PACKING pc=0x0000017015a477bc sp=0x000000200a0fa1e0
Event: 13.489 Thread 0x000001702adcf030 DEOPT UNPACKING pc=0x000001701542a5a3 sp=0x000000200a0fa100 mode 2
Event: 13.489 Thread 0x000001702adcc060 DEOPT PACKING pc=0x0000017015a477bc sp=0x000000200a3fa0e0
Event: 13.489 Thread 0x000001702add0570 DEOPT PACKING pc=0x0000017015a477bc sp=0x0000002009ef9aa0
Event: 13.489 Thread 0x000001702adcc060 DEOPT UNPACKING pc=0x000001701542a5a3 sp=0x000000200a3fa000 mode 2
Event: 13.489 Thread 0x000001702add0570 DEOPT UNPACKING pc=0x000001701542a5a3 sp=0x0000002009ef99c0 mode 2

Classes loaded (20 events):
Event: 13.011 Loading class java/util/TreeMap$KeySpliterator
Event: 13.011 Loading class java/util/TreeMap$KeySpliterator done
Event: 13.130 Loading class java/util/concurrent/atomic/Striped64$Cell
Event: 13.131 Loading class java/util/concurrent/atomic/Striped64$Cell done
Event: 13.263 Loading class java/util/OptionalLong
Event: 13.264 Loading class java/util/OptionalLong done
Event: 13.264 Loading class java/util/OptionalDouble
Event: 13.265 Loading class java/util/OptionalDouble done
Event: 13.275 Loading class java/util/AbstractMap$SimpleEntry
Event: 13.275 Loading class java/util/AbstractMap$SimpleEntry done
Event: 13.283 Loading class java/util/concurrent/ConcurrentLinkedDeque$CLDSpliterator
Event: 13.284 Loading class java/util/concurrent/ConcurrentLinkedDeque$CLDSpliterator done
Event: 13.309 Loading class java/util/stream/LongStream
Event: 13.309 Loading class java/util/stream/LongStream done
Event: 13.309 Loading class java/util/stream/DoubleStream
Event: 13.310 Loading class java/util/stream/DoubleStream done
Event: 13.328 Loading class org/w3c/dom/Node
Event: 13.328 Loading class org/w3c/dom/Node done
Event: 13.328 Loading class org/w3c/dom/Document
Event: 13.329 Loading class org/w3c/dom/Document done

Classes unloaded (0 events):
No events

Classes redefined (0 events):
No events

Internal exceptions (20 events):
Event: 4.353 Thread 0x0000017029311e50 Exception <a 'java/lang/NoSuchMethodError'{0x0000000087e3f0c0}: 'java.lang.Object java.lang.invoke.DirectMethodHandle$Holder.newInvokeSpecial(java.lang.Object, java.lang.Object, int, java.lang.Object, java.lang.Object)'> (0x0000000087e3f0c0) 
thrown [s\src\hotspot\share\interpreter\linkResolver.cpp, line 774]
Event: 12.574 Thread 0x000001702add0020 Exception <a 'java/lang/NoSuchMethodError'{0x0000000087c914f8}: 'java.lang.Object java.lang.invoke.DirectMethodHandle$Holder.invokeStatic(java.lang.Object, java.lang.Object, java.lang.Object, int, int)'> (0x0000000087c914f8) 
thrown [s\src\hotspot\share\interpreter\linkResolver.cpp, line 774]
Event: 12.575 Thread 0x000001702add0020 Exception <a 'java/lang/NoSuchMethodError'{0x0000000087c94d58}: 'java.lang.Object java.lang.invoke.DirectMethodHandle$Holder.invokeStaticInit(java.lang.Object, java.lang.Object, java.lang.Object, int, int)'> (0x0000000087c94d58) 
thrown [s\src\hotspot\share\interpreter\linkResolver.cpp, line 774]
Event: 12.667 Thread 0x000001702adcfad0 Exception <a 'java/lang/NoSuchMethodError'{0x000000008790ed08}: 'java.lang.Object java.lang.invoke.DirectMethodHandle$Holder.invokeSpecial(java.lang.Object, java.lang.Object, java.lang.Object, java.lang.Object, java.lang.Object, long)'> (0x000000008790ed08) 
thrown [s\src\hotspot\share\interpreter\linkResolver.cpp, line 774]
Event: 12.669 Thread 0x000001702adcfad0 Exception <a 'java/lang/NoSuchMethodError'{0x0000000087912758}: 'java.lang.Object java.lang.invoke.Invokers$Holder.linkToTargetMethod(java.lang.Object, java.lang.Object, java.lang.Object, long, java.lang.Object)'> (0x0000000087912758) 
thrown [s\src\hotspot\share\interpreter\linkResolver.cpp, line 774]
Event: 13.139 Thread 0x000001702adcfad0 Exception <a 'java/lang/NoSuchMethodError'{0x000000008706c228}: 'long java.lang.invoke.DirectMethodHandle$Holder.invokeStatic(java.lang.Object, long)'> (0x000000008706c228) 
thrown [s\src\hotspot\share\interpreter\linkResolver.cpp, line 774]
Event: 13.139 Thread 0x000001702add1ab0 Exception <a 'java/lang/NoSuchMethodError'{0x000000008702bd90}: 'long java.lang.invoke.DirectMethodHandle$Holder.invokeStatic(java.lang.Object, long)'> (0x000000008702bd90) 
thrown [s\src\hotspot\share\interpreter\linkResolver.cpp, line 774]
Event: 13.139 Thread 0x000001702adcd050 Exception <a 'java/lang/NoSuchMethodError'{0x0000000087079ee0}: 'long java.lang.invoke.DirectMethodHandle$Holder.invokeStatic(java.lang.Object, long)'> (0x0000000087079ee0) 
thrown [s\src\hotspot\share\interpreter\linkResolver.cpp, line 774]
Event: 13.226 Thread 0x000001702adcfad0 Exception <a 'java/lang/NoSuchMethodError'{0x0000000086e79468}: 'void java.lang.invoke.Invokers$Holder.invoke_MT(java.lang.Object, java.lang.Object, java.lang.Object, java.lang.Object)'> (0x0000000086e79468) 
thrown [s\src\hotspot\share\interpreter\linkResolver.cpp, line 774]
Event: 13.235 Thread 0x000001702adcd050 Implicit null exception at 0x0000017015abbe34 to 0x0000017015abbea0
Event: 13.237 Thread 0x000001702adcd050 Exception <a 'java/lang/NoSuchMethodError'{0x0000000086ecfdf8}: 'double java.lang.invoke.DelegatingMethodHandle$Holder.reinvoke_L(java.lang.Object, java.lang.Object, int)'> (0x0000000086ecfdf8) 
thrown [s\src\hotspot\share\interpreter\linkResolver.cpp, line 774]
Event: 13.238 Thread 0x000001702adcd050 Exception <a 'java/lang/NoSuchMethodError'{0x0000000086edab50}: 'void java.lang.invoke.DelegatingMethodHandle$Holder.reinvoke_L(java.lang.Object, java.lang.Object, double)'> (0x0000000086edab50) 
thrown [s\src\hotspot\share\interpreter\linkResolver.cpp, line 774]
Event: 13.355 Thread 0x000001702adcd050 Exception <a 'java/lang/NoSuchMethodError'{0x000000008bd8d938}: 'double java.lang.invoke.DirectMethodHandle$Holder.invokeVirtual(java.lang.Object, java.lang.Object)'> (0x000000008bd8d938) 
thrown [s\src\hotspot\share\interpreter\linkResolver.cpp, line 774]
Event: 13.356 Thread 0x000001702adcd050 Exception <a 'java/lang/NoSuchMethodError'{0x000000008bd91b30}: 'double java.lang.invoke.DelegatingMethodHandle$Holder.reinvoke_L(java.lang.Object, java.lang.Object)'> (0x000000008bd91b30) 
thrown [s\src\hotspot\share\interpreter\linkResolver.cpp, line 774]
Event: 13.496 Thread 0x000001702add3540 Exception <a 'java/lang/NoSuchMethodError'{0x000000008880b030}: 'java.lang.Object java.lang.invoke.DirectMethodHandle$Holder.invokeInterface(java.lang.Object, java.lang.Object, int)'> (0x000000008880b030) 
thrown [s\src\hotspot\share\interpreter\linkResolver.cpp, line 774]
Event: 13.496 Thread 0x000001702add0570 Exception <a 'java/lang/NoSuchMethodError'{0x00000000889a3dc0}: 'java.lang.Object java.lang.invoke.DirectMethodHandle$Holder.invokeInterface(java.lang.Object, java.lang.Object, int)'> (0x00000000889a3dc0) 
thrown [s\src\hotspot\share\interpreter\linkResolver.cpp, line 774]
Event: 13.496 Thread 0x000001702adcf030 Exception <a 'java/lang/NoSuchMethodError'{0x00000000889e3b10}: 'java.lang.Object java.lang.invoke.DirectMethodHandle$Holder.invokeInterface(java.lang.Object, java.lang.Object, int)'> (0x00000000889e3b10) 
thrown [s\src\hotspot\share\interpreter\linkResolver.cpp, line 774]
Event: 13.496 Thread 0x000001702adcc060 Exception <a 'java/lang/NoSuchMethodError'{0x00000000889be538}: 'java.lang.Object java.lang.invoke.DirectMethodHandle$Holder.invokeInterface(java.lang.Object, java.lang.Object, int)'> (0x00000000889be538) 
thrown [s\src\hotspot\share\interpreter\linkResolver.cpp, line 774]
Event: 13.496 Thread 0x000001702add2aa0 Exception <a 'java/lang/NoSuchMethodError'{0x00000000888204d8}: 'java.lang.Object java.lang.invoke.DirectMethodHandle$Holder.invokeInterface(java.lang.Object, java.lang.Object, int)'> (0x00000000888204d8) 
thrown [s\src\hotspot\share\interpreter\linkResolver.cpp, line 774]
Event: 13.497 Thread 0x000001702add2ff0 Exception <a 'java/lang/NoSuchMethodError'{0x00000000889d5230}: 'java.lang.Object java.lang.invoke.DirectMethodHandle$Holder.invokeInterface(java.lang.Object, java.lang.Object, int)'> (0x00000000889d5230) 
thrown [s\src\hotspot\share\interpreter\linkResolver.cpp, line 774]

VM Operations (20 events):
Event: 12.710 Executing VM operation: HandshakeAllThreads
Event: 12.710 Executing VM operation: HandshakeAllThreads done
Event: 12.710 Executing VM operation: Cleanup
Event: 12.710 Executing VM operation: Cleanup done
Event: 12.963 Executing VM operation: HandshakeAllThreads
Event: 12.963 Executing VM operation: HandshakeAllThreads done
Event: 13.247 Executing VM operation: HandshakeAllThreads
Event: 13.247 Executing VM operation: HandshakeAllThreads done
Event: 13.318 Executing VM operation: HandshakeAllThreads
Event: 13.318 Executing VM operation: HandshakeAllThreads done
Event: 13.339 Executing VM operation: G1CollectForAllocation
Event: 13.345 Executing VM operation: G1CollectForAllocation done
Event: 13.481 Executing VM operation: HandshakeAllThreads
Event: 13.481 Executing VM operation: HandshakeAllThreads done
Event: 13.583 Executing VM operation: ICBufferFull
Event: 13.583 Executing VM operation: ICBufferFull done
Event: 13.583 Executing VM operation: ICBufferFull
Event: 13.583 Executing VM operation: ICBufferFull done
Event: 13.824 Executing VM operation: ICBufferFull
Event: 13.824 Executing VM operation: ICBufferFull done

Events (20 events):
Event: 4.338 Thread 0x000001702adce040 Thread added: 0x000001702adce040
Event: 4.362 Thread 0x000001702adcfad0 Thread added: 0x000001702adcfad0
Event: 4.362 Thread 0x000001702adcd050 Thread added: 0x000001702adcd050
Event: 4.362 Thread 0x000001702add1ab0 Thread added: 0x000001702add1ab0
Event: 4.362 Thread 0x000001702add0570 Thread added: 0x000001702add0570
Event: 4.362 Thread 0x000001702add2aa0 Thread added: 0x000001702add2aa0
Event: 4.362 Thread 0x000001702adcf030 Thread added: 0x000001702adcf030
Event: 4.363 Thread 0x000001702add2ff0 Thread added: 0x000001702add2ff0
Event: 4.363 Thread 0x000001702add3540 Thread added: 0x000001702add3540
Event: 4.363 Thread 0x000001702adcc060 Thread added: 0x000001702adcc060
Event: 4.363 Thread 0x000001702adcd5a0 Thread added: 0x000001702adcd5a0
Event: 4.375 Thread 0x000001702add3a90 Thread added: 0x000001702add3a90
Event: 4.377 Thread 0x000001702add0020 Thread added: 0x000001702add0020
Event: 4.394 Thread 0x0000017029311e50 Thread exited: 0x0000017029311e50
Event: 4.396 Thread 0x0000017029311060 Thread exited: 0x0000017029311060
Event: 4.397 Thread 0x0000017005cbd480 Thread exited: 0x0000017005cbd480
Event: 4.397 Thread 0x000001702adcc5b0 Thread added: 0x000001702adcc5b0
Event: 5.376 Thread 0x00000170299d2020 Thread exited: 0x00000170299d2020
Event: 6.404 Thread 0x000001702898ba80 Thread exited: 0x000001702898ba80
Event: 12.753 Thread 0x000001702ae2ef30 Thread added: 0x000001702ae2ef30


Dynamic libraries:
0x00007ff707470000 - 0x00007ff70747d000 	C:\Users\Ritej\.jdks\corretto-19.0.2\bin\java.exe
0x00007fff218f0000 - 0x00007fff21b07000 	C:\WINDOWS\SYSTEM32\ntdll.dll
0x00007ffee30c0000 - 0x00007ffee30e0000 	C:\Program Files\Avast Software\Avast\aswhook.dll
0x00007fff1fc90000 - 0x00007fff1fd54000 	C:\WINDOWS\System32\KERNEL32.DLL
0x00007fff1efa0000 - 0x00007fff1f370000 	C:\WINDOWS\System32\KERNELBASE.dll
0x00007fff1ec60000 - 0x00007fff1ed71000 	C:\WINDOWS\System32\ucrtbase.dll
0x00007fff16cf0000 - 0x00007fff16d07000 	C:\Users\Ritej\.jdks\corretto-19.0.2\bin\jli.dll
0x00007fff06b70000 - 0x00007fff06b85000 	C:\Users\Ritej\.jdks\corretto-19.0.2\bin\VCRUNTIME140.dll
0x00007fff212d0000 - 0x00007fff2147e000 	C:\WINDOWS\System32\USER32.dll
0x00007fff1ed80000 - 0x00007fff1eda6000 	C:\WINDOWS\System32\win32u.dll
0x00007fff1f9e0000 - 0x00007fff1fa09000 	C:\WINDOWS\System32\GDI32.dll
0x00007fff07450000 - 0x00007fff076e2000 	C:\WINDOWS\WinSxS\amd64_microsoft.windows.common-controls_6595b64144ccf1df_6.0.22621.4830_none_270fe7d773858e80\COMCTL32.dll
0x00007fff1f370000 - 0x00007fff1f48b000 	C:\WINDOWS\System32\gdi32full.dll
0x00007fff1f490000 - 0x00007fff1f52a000 	C:\WINDOWS\System32\msvcp_win.dll
0x00007fff1f7f0000 - 0x00007fff1f897000 	C:\WINDOWS\System32\msvcrt.dll
0x00007fff205f0000 - 0x00007fff20621000 	C:\WINDOWS\System32\IMM32.DLL
0x00007fff030f0000 - 0x00007fff0318b000 	C:\Users\Ritej\.jdks\corretto-19.0.2\bin\msvcp140.dll
0x00007ffebe880000 - 0x00007ffebf559000 	C:\Users\Ritej\.jdks\corretto-19.0.2\bin\server\jvm.dll
0x00007fff1f8a0000 - 0x00007fff1f951000 	C:\WINDOWS\System32\ADVAPI32.dll
0x00007fff20bc0000 - 0x00007fff20c67000 	C:\WINDOWS\System32\sechost.dll
0x00007fff1f5b0000 - 0x00007fff1f5d8000 	C:\WINDOWS\System32\bcrypt.dll
0x00007fff21480000 - 0x00007fff21594000 	C:\WINDOWS\System32\RPCRT4.dll
0x00007fff025a0000 - 0x00007fff025a9000 	C:\WINDOWS\SYSTEM32\WSOCK32.dll
0x00007fff167a0000 - 0x00007fff167aa000 	C:\WINDOWS\SYSTEM32\VERSION.dll
0x00007fff17760000 - 0x00007fff17794000 	C:\WINDOWS\SYSTEM32\WINMM.dll
0x00007fff1f660000 - 0x00007fff1f6d1000 	C:\WINDOWS\System32\WS2_32.dll
0x00007fff1dba0000 - 0x00007fff1dbb8000 	C:\WINDOWS\SYSTEM32\kernel.appcore.dll
0x00007fff16d40000 - 0x00007fff16d4a000 	C:\Users\Ritej\.jdks\corretto-19.0.2\bin\jimage.dll
0x00007fff1c200000 - 0x00007fff1c432000 	C:\WINDOWS\SYSTEM32\DBGHELP.DLL
0x00007fff20ec0000 - 0x00007fff21250000 	C:\WINDOWS\System32\combase.dll
0x00007fff21770000 - 0x00007fff21847000 	C:\WINDOWS\System32\OLEAUT32.dll
0x00007fff0a7b0000 - 0x00007fff0a7e2000 	C:\WINDOWS\SYSTEM32\dbgcore.DLL
0x00007fff1edb0000 - 0x00007fff1ee2b000 	C:\WINDOWS\System32\bcryptPrimitives.dll
0x00007fff16ce0000 - 0x00007fff16cee000 	C:\Users\Ritej\.jdks\corretto-19.0.2\bin\instrument.dll
0x00007fff05c40000 - 0x00007fff05c66000 	C:\Users\Ritej\.jdks\corretto-19.0.2\bin\java.dll
0x00007ffedb5d0000 - 0x00007ffedb6a6000 	C:\Users\Ritej\.jdks\corretto-19.0.2\bin\jsvml.dll
0x00007fff1fd70000 - 0x00007fff205e8000 	C:\WINDOWS\System32\SHELL32.dll
0x00007fff1caa0000 - 0x00007fff1d3b0000 	C:\WINDOWS\SYSTEM32\windows.storage.dll
0x00007fff1c960000 - 0x00007fff1ca9f000 	C:\WINDOWS\SYSTEM32\wintypes.dll
0x00007fff1f6e0000 - 0x00007fff1f7ea000 	C:\WINDOWS\System32\SHCORE.dll
0x00007fff21850000 - 0x00007fff218ae000 	C:\WINDOWS\System32\shlwapi.dll
0x00007fff1ead0000 - 0x00007fff1eafb000 	C:\WINDOWS\SYSTEM32\profapi.dll
0x00007fff05be0000 - 0x00007fff05bf8000 	C:\Users\Ritej\.jdks\corretto-19.0.2\bin\zip.dll
0x00007fff05c20000 - 0x00007fff05c33000 	C:\Users\Ritej\.jdks\corretto-19.0.2\bin\net.dll
0x00007fff1a270000 - 0x00007fff1a39c000 	C:\WINDOWS\SYSTEM32\WINHTTP.dll
0x00007fff1e010000 - 0x00007fff1e07a000 	C:\WINDOWS\system32\mswsock.dll
0x00007fff05c00000 - 0x00007fff05c15000 	C:\Users\Ritej\.jdks\corretto-19.0.2\bin\nio.dll
0x00007fff05b80000 - 0x00007fff05b9a000 	C:\Program Files\JetBrains\IntelliJ IDEA Community Edition 2024.1.4\bin\breakgen64.dll
0x00007fff030e0000 - 0x00007fff030e8000 	C:\Users\Ritej\.jdks\corretto-19.0.2\bin\extnet.dll
0x00007fff0a800000 - 0x00007fff0a809000 	C:\Users\Ritej\.jdks\corretto-19.0.2\bin\management.dll
0x00007fff06d10000 - 0x00007fff06d1b000 	C:\Users\Ritej\.jdks\corretto-19.0.2\bin\management_ext.dll
0x00007fff1fd60000 - 0x00007fff1fd68000 	C:\WINDOWS\System32\PSAPI.DLL
0x00007fff05ba0000 - 0x00007fff05bae000 	C:\Users\Ritej\.jdks\corretto-19.0.2\bin\sunmscapi.dll
0x00007fff1ee30000 - 0x00007fff1ef96000 	C:\WINDOWS\System32\CRYPT32.dll
0x00007fff1e450000 - 0x00007fff1e47d000 	C:\WINDOWS\SYSTEM32\ncrypt.dll
0x00007fff1e410000 - 0x00007fff1e447000 	C:\WINDOWS\SYSTEM32\NTASN1.dll
0x00007fff1e360000 - 0x00007fff1e37b000 	C:\WINDOWS\SYSTEM32\CRYPTSP.dll
0x00007fff1db00000 - 0x00007fff1db35000 	C:\WINDOWS\system32\rsaenh.dll
0x00007fff1e0b0000 - 0x00007fff1e0d8000 	C:\WINDOWS\SYSTEM32\USERENV.dll
0x00007fff1e340000 - 0x00007fff1e34c000 	C:\WINDOWS\SYSTEM32\CRYPTBASE.dll
0x00007fff1d610000 - 0x00007fff1d63d000 	C:\WINDOWS\SYSTEM32\IPHLPAPI.DLL
0x00007fff20630000 - 0x00007fff20639000 	C:\WINDOWS\System32\NSI.dll
0x00007fff1a250000 - 0x00007fff1a269000 	C:\WINDOWS\SYSTEM32\dhcpcsvc6.DLL
0x00007fff1a230000 - 0x00007fff1a24f000 	C:\WINDOWS\SYSTEM32\dhcpcsvc.DLL
0x00007fff1d680000 - 0x00007fff1d782000 	C:\WINDOWS\SYSTEM32\DNSAPI.dll
0x00007fff17270000 - 0x00007fff1727a000 	C:\Windows\System32\rasadhlp.dll
0x00007fff16930000 - 0x00007fff169b3000 	C:\WINDOWS\System32\fwpuclnt.dll
0x00007ffea9b80000 - 0x00007ffea9b88000 	C:\WINDOWS\system32\wshunix.dll
0x00007fff030d0000 - 0x00007fff030e0000 	C:\Users\Ritej\.jdks\corretto-19.0.2\bin\verify.dll

dbghelp: loaded successfully - version: 4.0.5 - missing functions: none
symbol engine: initialized successfully - sym options: 0x614 - pdb path: .;C:\Users\Ritej\.jdks\corretto-19.0.2\bin;C:\WINDOWS\SYSTEM32;C:\Program Files\Avast Software\Avast;C:\WINDOWS\WinSxS\amd64_microsoft.windows.common-controls_6595b64144ccf1df_6.0.22621.4830_none_270fe7d773858e80;C:\Users\Ritej\.jdks\corretto-19.0.2\bin\server;C:\Program Files\JetBrains\IntelliJ IDEA Community Edition 2024.1.4\bin

VM Arguments:
jvm_args: -javaagent:C:\Program Files\JetBrains\IntelliJ IDEA Community Edition 2024.1.4\lib\idea_rt.jar=58696:C:\Program Files\JetBrains\IntelliJ IDEA Community Edition 2024.1.4\bin -Dfile.encoding=UTF-8 -Dsun.stdout.encoding=UTF-8 -Dsun.stderr.encoding=UTF-8 
java_command: com.example.WSM.WsmApplication
java_class_path (initial): C:\Users\Ritej\Downloads\Ritej-main\WSM Project\WSM\target\classes;C:\Users\Ritej\.m2\repository\org\apache\poi\poi\5.2.3\poi-5.2.3.jar;C:\Users\Ritej\.m2\repository\commons-codec\commons-codec\1.18.0\commons-codec-1.18.0.jar;C:\Users\Ritej\.m2\repository\org\apache\commons\commons-collections4\4.4\commons-collections4-4.4.jar;C:\Users\Ritej\.m2\repository\org\apache\commons\commons-math3\3.6.1\commons-math3-3.6.1.jar;C:\Users\Ritej\.m2\repository\com\zaxxer\SparseBitSet\1.2\SparseBitSet-1.2.jar;C:\Users\Ritej\.m2\repository\org\apache\logging\log4j\log4j-api\2.24.3\log4j-api-2.24.3.jar;C:\Users\Ritej\.m2\repository\org\apache\poi\poi-ooxml\5.2.3\poi-ooxml-5.2.3.jar;C:\Users\Ritej\.m2\repository\org\apache\poi\poi-ooxml-lite\5.2.3\poi-ooxml-lite-5.2.3.jar;C:\Users\Ritej\.m2\repository\org\apache\xmlbeans\xmlbeans\5.1.1\xmlbeans-5.1.1.jar;C:\Users\Ritej\.m2\repository\org\apache\commons\commons-compress\1.21\commons-compress-1.21.jar;C:\Users\Ritej\.m2\repository\com\github\virtuald\curvesapi\1.07\curvesapi-1.07.jar;C:\Users\Ritej\.m2\repository\io\jsonwebtoken\jjwt-api\0.11.5\jjwt-api-0.11.5.jar;C:\Users\Ritej\.m2\repository\io\jsonwebtoken\jjwt-impl\0.11.5\jjwt-impl-0.11.5.jar;C:\Users\Ritej\.m2\repository\io\jsonwebtoken\jjwt-jackson\0.11.5\jjwt-jackson-0.11.5.jar;C:\Users\Ritej\.m2\repository\com\fasterxml\jackson\core\jackson-databind\2.19.2\jackson-databind-2.19.2.jar;C:\Users\Ritej\.m2\repository\com\fasterxml\jackson\core\jackson-annotations\2.19.2\jackson-annotations-2.19.2.jar;C:\Users\Ritej\.m2\repository\com\fasterxml\jackson\core\jackson-core\2.19.2\jackson-core-2.19.2.jar;C:\Users\Ritej\.m2\repository\org\springframework\boot\spring-boot-starter-data-mongodb\3.5.4\spring-boot-starter-data-mongodb-3.5.4.jar;C:\Users\Ritej\.m2\repository\org\springframework\boot\spring-boot-starter\3.5.4\spring-boot-starter-3.5.4.jar;C:\Users\Ritej\.m2\repository\org\springframework\boot\spring-boot-starter-logging\3.5.4\spring-boot-starter-logging-3.5.4.jar;C:\Users\Ritej\.m2\repository\ch\qos\logback\logback-classic\1.5.18\logback-classic-1.5.18.jar;C:\Users\Ritej\.m2\repository\ch\qos\logback\logback-core\1.5.18\logback-core-1.5.18.jar;C:\Users\Ritej\.m2\repository\org\apache\logging\log4j\log4j-to-slf4j\2.24.3\log4j-to-slf4j-2.24.3.jar;C:\Users\Ritej\.m2\repository\org\slf4j\jul-to-slf4j\2.0.17\jul-to-slf4j-2.0.17.jar;C:\Users\Ritej\.m2\repository\jakarta\annotation\jakarta.annotation-api\2.1.1\jakarta.annotation-api-2.1.1.jar;C:\Users\Ritej\.m2\repository\org\yaml\snakeyaml\2.4\snakeyaml-2.4.jar;C:\Users\Ritej\.m2\repository\org\mongodb\mongodb-driver-sync\5.5.1\mongodb-driver-sync-5.5.1.jar;C:\Users\Ritej\.m2\repository\org\mongodb\bson\5.5.1\bson-5.5.1.jar;C:\Users\Ritej\.m2\repository\org\mongodb\mongodb-driver-core\5.5.1\mongodb-driver-core-5.5.1.jar;C:\Users\Ritej\.m2\repository\org\mongodb\bson-record-codec\5.5.1\bson-record-codec-5.5.1.jar;C:\Users\Ritej\.m2\repository\org\springframework\data\spring-data-mongodb\4.5.2\spring-data-mongodb-4.5.2.jar;C:\Users\Ritej\.m2\repository\org\springframework\spring-tx\6.2.9\spring-tx-6.2.9.jar;C:\Users\Ritej\.m2\repository\org\springframework\spring-context\6.2.9\spring-context-6.2.9.jar;C:\Users\Ritej\.m2\repository\org\springframework\spring-beans\6.2.9\spring-beans-6.2.9.jar;C:\Users\Ritej\.m2\repository\org\springframework\spring-expression\6.2.9\spring-expression-6.2.9.jar;C:\Users\Ritej\.m2\repository\org\springframework\data\spring-data-commons\3.5.2\spring-data-commons-3.5.2.jar;C:\Users\Ritej\.m2\repository\org\slf4j\slf4j-api\2.0.17\slf4j-api-2.0.17.jar;C:\Users\Ritej\.m2\repository\org\springframework\boot\spring-boot-starter-security\3.2.0\spring-boot-starter-security-3.2.0.jar;C:\Users\Ritej\.m2\repository\org\springframework\spring-aop\6.2.9\spring-aop-6.2.9.jar;C:\Users\Ritej\.m2\repository\org\springframework\security\spring-security-config\6.5.2\spring-security-config-6.5.2.jar;C:\Users\Ritej\.m2\repository\org\springframework\security\spring-security-core\6.5.2\spring-security-core-6.5.2.jar;C:\Users\Ritej\.m2\repository\org\springframework\security\spring-security-crypto\6.5.2\spring-security-crypto-6.5.2.jar;C:\Users\Ritej\.m2\repository\org\springframework\security\spring-security-web\6.5.2\spring-security-web-6.5.2.jar;C:\Users\Ritej\.m2\repository\org\springframework\boot\spring-boot-starter-web\3.5.4\spring-boot-starter-web-3.5.4.jar;C:\Users\Ritej\.m2\repository\org\springframework\boot\spring-boot-starter-json\3.5.4\spring-boot-starter-json-3.5.4.jar;C:\Users\Ritej\.m2\repository\com\fasterxml\jackson\datatype\jackson-datatype-jdk8\2.19.2\jackson-datatype-jdk8-2.19.2.jar;C:\Users\Ritej\.m2\repository\com\fasterxml\jackson\datatype\jackson-datatype-jsr310\2.19.2\jackson-datatype-jsr310-2.19.2.jar;C:\Users\Ritej\.m2\repository\com\fasterxml\jackson\module\jackson-module-parameter-names\2.19.2\jackson-module-parameter-names-2.19.2.jar;C:\Users\Ritej\.m2\repository\org\springframework\boot\spring-boot-starter-tomcat\3.5.4\spring-boot-starter-tomcat-3.5.4.jar;C:\Users\Ritej\.m2\repository\org\apache\tomcat\embed\tomcat-embed-core\10.1.43\tomcat-embed-core-10.1.43.jar;C:\Users\Ritej\.m2\repository\org\apache\tomcat\embed\tomcat-embed-el\10.1.43\tomcat-embed-el-10.1.43.jar;C:\Users\Ritej\.m2\repository\org\apache\tomcat\embed\tomcat-embed-websocket\10.1.43\tomcat-embed-websocket-10.1.43.jar;C:\Users\Ritej\.m2\repository\org\springframework\spring-web\6.2.9\spring-web-6.2.9.jar;C:\Users\Ritej\.m2\repository\io\micrometer\micrometer-observation\1.15.2\micrometer-observation-1.15.2.jar;C:\Users\Ritej\.m2\repository\io\micrometer\micrometer-commons\1.15.2\micrometer-commons-1.15.2.jar;C:\Users\Ritej\.m2\repository\org\springframework\spring-webmvc\6.2.9\spring-webmvc-6.2.9.jar;C:\Users\Ritej\.m2\repository\org\springframework\boot\spring-boot-devtools\3.5.4\spring-boot-devtools-3.5.4.jar;C:\Users\Ritej\.m2\repository\org\springframework\boot\spring-boot\3.5.4\spring-boot-3.5.4.jar;C:\Users\Ritej\.m2\repository\org\springframework\boot\spring-boot-autoconfigure\3.5.4\spring-boot-autoconfigure-3.5.4.jar;C:\Users\Ritej\.m2\repository\commons-io\commons-io\2.11.0\commons-io-2.11.0.jar;C:\Users\Ritej\.m2\repository\org\springframework\spring-core\6.2.9\spring-core-6.2.9.jar;C:\Users\Ritej\.m2\repository\org\springframework\spring-jcl\6.2.9\spring-jcl-6.2.9.jar
Launcher Type: SUN_STANDARD

[Global flags]
     intx CICompilerCount                          = 4                                         {product} {ergonomic}
     uint ConcGCThreads                            = 2                                         {product} {ergonomic}
     uint G1ConcRefinementThreads                  = 8                                         {product} {ergonomic}
   size_t G1HeapRegionSize                         = 1048576                                   {product} {ergonomic}
    uintx GCDrainStackTargetSize                   = 64                                        {product} {ergonomic}
   size_t InitialHeapSize                          = 130023424                                 {product} {ergonomic}
   size_t MarkStackSize                            = 4194304                                   {product} {ergonomic}
   size_t MaxHeapSize                              = 2078277632                                {product} {ergonomic}
   size_t MaxNewSize                               = 1246756864                                {product} {ergonomic}
   size_t MinHeapDeltaBytes                        = 1048576                                   {product} {ergonomic}
   size_t MinHeapSize                              = 8388608                                   {product} {ergonomic}
    uintx NonNMethodCodeHeapSize                   = 5839372                                {pd product} {ergonomic}
    uintx NonProfiledCodeHeapSize                  = 122909434                              {pd product} {ergonomic}
    uintx ProfiledCodeHeapSize                     = 122909434                              {pd product} {ergonomic}
    uintx ReservedCodeCacheSize                    = 251658240                              {pd product} {ergonomic}
     bool SegmentedCodeCache                       = true                                      {product} {ergonomic}
   size_t SoftMaxHeapSize                          = 2078277632                             {manageable} {ergonomic}
     bool UseCompressedClassPointers               = true                           {product lp64_product} {ergonomic}
     bool UseCompressedOops                        = true                           {product lp64_product} {ergonomic}
     bool UseG1GC                                  = true                                      {product} {ergonomic}
     bool UseLargePagesIndividualAllocation        = false                                  {pd product} {ergonomic}

Logging:
Log output configuration:
 #0: stdout all=warning uptime,level,tags foldmultilines=false
 #1: stderr all=off uptime,level,tags foldmultilines=false

Environment Variables:
JAVA_HOME=C:\Program Files\Java\jdk-17
PATH=C:\Program Files\MongoDB\Server\7.0\bin;C:\oraclexe\app\oracle\product\11.2.0\server\bin;"C:\xampp\php;C:\xampp\php;C:\Program Files\Common Files\Oracle\Java\javapath";C:\WINDOWS\system32;C:\WINDOWS;C:\WINDOWS\System32\Wbem;C:\WINDOWS\System32\WindowsPowerShell\v1.0\;C:\WINDOWS\System32\OpenSSH\;C:\ProgramData\chocolatey\bin;C:\Program Files\Java\jdk-17\bin;C:\Program Files\Docker\Docker\resources\bin;C:\Users\Ritej\AppData\Roaming\nvm;C:\Program Files\nodejs;C:\Users\Ritej\AppData\Local\Microsoft\WindowsApps\python.exe;C:\Users\Ritej\AppData\Local\Programs\Python\Launcher\;C:\Program Files\MongoDB\Server\7.0\bin;C:\Users\Ritej\AppData\Local\Microsoft\WindowsApps;C:\Users\Ritej\AppData\Local\JetBrains\PyCharm 2023.1\bin;;C:\Program Files\JetBrains\PyCharm Community Edition 2022.2.3\bin;;C:\Users\Ritej\AppData\Local\Programs\Microsoft VS Code\bin;C:\Users\Ritej\AppData\Roaming\npm;C:\Program Files\JetBrains\IntelliJ IDEA Community Edition 2024.1.4\bin;;C:\Users\Ritej\Desktop\jdk-19_windows-x64_bin\bin;C:\Users\Ritej\AppData\Local\JetBrains\IntelliJ IDEA 2024.1.4\bin;;C:\Users\Ritej\AppData\Roaming\nvm;C:\Program Files\nodejs;C:\Program Files\apache-maven-3.9.9\bin;C:\Users\Ritej\AppData\Local\Microsoft\WindowsApps\python.exe;
USERNAME=Ritej
OS=Windows_NT
PROCESSOR_IDENTIFIER=Intel64 Family 6 Model 140 Stepping 1, GenuineIntel
TMP=C:\Users\Ritej\AppData\Local\Temp
TEMP=C:\Users\Ritej\AppData\Local\Temp



---------------  S Y S T E M  ---------------

OS:
 Windows 11 , 64 bit Build 22621 (10.0.22621.4830)
OS uptime: 0 days 1:10 hours
Hyper-V role detected

CPU: total 8 (initial active 8) (4 cores per cpu, 2 threads per core) family 6 model 140 stepping 1 microcode 0xb8, cx8, cmov, fxsr, ht, mmx, 3dnowpref, sse, sse2, sse3, ssse3, sse4.1, sse4.2, popcnt, lzcnt, tsc, tscinvbit, avx, avx2, aes, erms, clmul, bmi1, bmi2, adx, avx512f, avx512dq, avx512cd, avx512bw, avx512vl, sha, fma, vzeroupper, avx512_vpopcntdq, avx512_vpclmulqdq, avx512_vaes, avx512_vnni, clflush, clflushopt, clwb, avx512_vbmi2, avx512_vbmi, hv, rdtscp, rdpid, fsrm, gfni, avx512_bitalg

Memory: 4k page, system-wide physical 7926M (521M free)
TotalPageFile size 14412M (AvailPageFile size 5M)
current process WorkingSet (physical memory assigned to process): 238M, peak: 239M
current process commit charge ("private bytes"): 274M, peak: 278M

vm_info: OpenJDK 64-Bit Server VM (19.0.2+7-FR) for windows-amd64 JRE (19.0.2+7-FR), built on Jan 13 2023 22:53:32 by "Administrator" with MS VC++ 15.9 (VS2017)

END.
