#
# There is insufficient memory for the Java Runtime Environment to continue.
# Native memory allocation (malloc) failed to allocate 508304 bytes for Chunk::new
# Possible reasons:
#   The system is out of physical RAM or swap space
#   The process is running with CompressedOops enabled, and the Java Heap may be blocking the growth of the native heap
# Possible solutions:
#   Reduce memory load on the system
#   Increase physical memory or swap space
#   Check if swap backing store is full
#   Decrease Java heap size (-Xmx/-Xms)
#   Decrease number of Java threads
#   Decrease Java thread stack sizes (-Xss)
#   Set larger code cache with -XX:ReservedCodeCacheSize=
#   JVM is running with Unscaled Compressed Oops mode in which the Java heap is
#     placed in the first 4GB address space. The Java Heap base address is the
#     maximum limit for the native heap growth. Please use -XX:HeapBaseMinAddress
#     to set the Java Heap base and to place the Java Heap above 4GB virtual address.
# This output file may be truncated or incomplete.
#
#  Out of Memory Error (arena.cpp:184), pid=4068, tid=3964
#
# JRE version: OpenJDK Runtime Environment Corretto-19.0.2.7.1 (19.0.2+7) (build 19.0.2+7-FR)
# Java VM: OpenJDK 64-Bit Server VM Corretto-19.0.2.7.1 (19.0.2+7-FR, mixed mode, sharing, tiered, compressed oops, compressed class ptrs, g1 gc, windows-amd64)
# No core dump will be written. Minidumps are not enabled by default on client versions of Windows
#

---------------  S U M M A R Y ------------

Command Line: -javaagent:C:\Program Files\JetBrains\IntelliJ IDEA Community Edition 2024.1.4\lib\idea_rt.jar=59901:C:\Program Files\JetBrains\IntelliJ IDEA Community Edition 2024.1.4\bin -Dfile.encoding=UTF-8 -Dsun.stdout.encoding=UTF-8 -Dsun.stderr.encoding=UTF-8 com.example.WSM.WsmApplication

Host: 11th Gen Intel(R) Core(TM) i5-1135G7 @ 2.40GHz, 8 cores, 7G,  Windows 11 , 64 bit Build 22621 (10.0.22621.4830)
Time: Thu Sep  4 11:00:20 2025 Afr. centrale Ouest elapsed time: 24.566505 seconds (0d 0h 0m 24s)

---------------  T H R E A D  ---------------

Current thread (0x0000024fda37b700):  JavaThread "C2 CompilerThread1" daemon [_thread_in_native, id=3964, stack(0x000000d072300000,0x000000d072400000)]


Current CompileTask:
C2:  24566 8119       4       org.springframework.util.MimeTypeUtils::tokenize (138 bytes)

Stack: [0x000000d072300000,0x000000d072400000]
Native frames: (J=compiled Java code, j=interpreted, Vv=VM code, C=native code)
V  [jvm.dll+0x6d034a]
V  [jvm.dll+0x880f10]
V  [jvm.dll+0x88289e]
V  [jvm.dll+0x882f43]
V  [jvm.dll+0x27b4bb]
V  [jvm.dll+0xdd792]
V  [jvm.dll+0xddb25]
V  [jvm.dll+0x3b4a5b]
V  [jvm.dll+0x37c86a]
V  [jvm.dll+0x37bc5a]
V  [jvm.dll+0x2470ef]
V  [jvm.dll+0x2465a7]
V  [jvm.dll+0x1d4bb7]
V  [jvm.dll+0x25558a]
V  [jvm.dll+0x2538d7]
V  [jvm.dll+0x8342bd]
V  [jvm.dll+0x82e2fa]
V  [jvm.dll+0x6cf0d3]
C  [ucrtbase.dll+0x29333]
C  [KERNEL32.DLL+0x1259d]
C  [ntdll.dll+0x5af38]


---------------  P R O C E S S  ---------------

Threads class SMR info:
_java_thread_list=0x0000024fd8b44b90, length=35, elements={
0x0000024fd22976b0, 0x0000024fd2298530, 0x0000024fd229d730, 0x0000024fd229f300,
0x0000024fd22a12b0, 0x0000024fd22a22a0, 0x0000024fd22ab740, 0x0000024fd22b4260,
0x0000024fd229fd70, 0x0000024fd22a27f0, 0x0000024fd22a02c0, 0x0000024fd22a0d60,
0x0000024fd22a0810, 0x0000024fd89a3a80, 0x0000024fd899f020, 0x0000024fd89a1ff0,
0x0000024fd89a1000, 0x0000024fd899f570, 0x0000024fd899e030, 0x0000024fd899dae0,
0x0000024fd89a3530, 0x0000024fd899fac0, 0x0000024fd89a2fe0, 0x0000024fd89a0ab0,
0x0000024fd899c050, 0x0000024fd899e580, 0x0000024fd899c5a0, 0x0000024fd899d040,
0x0000024fd899d590, 0x0000024fd899ead0, 0x0000024fd89a1550, 0x0000024fd89a2540,
0x0000024fd89a1aa0, 0x0000024fd89a2a90, 0x0000024fda37b700
}

Java Threads: ( => current thread )
  0x0000024fd22976b0 JavaThread "Reference Handler" daemon [_thread_blocked, id=13916, stack(0x000000d071600000,0x000000d071700000)]
  0x0000024fd2298530 JavaThread "Finalizer" daemon [_thread_blocked, id=10144, stack(0x000000d071700000,0x000000d071800000)]
  0x0000024fd229d730 JavaThread "Signal Dispatcher" daemon [_thread_blocked, id=13060, stack(0x000000d071800000,0x000000d071900000)]
  0x0000024fd229f300 JavaThread "Attach Listener" daemon [_thread_blocked, id=14316, stack(0x000000d071900000,0x000000d071a00000)]
  0x0000024fd22a12b0 JavaThread "Service Thread" daemon [_thread_blocked, id=7316, stack(0x000000d071a00000,0x000000d071b00000)]
  0x0000024fd22a22a0 JavaThread "Monitor Deflation Thread" daemon [_thread_blocked, id=17436, stack(0x000000d071b00000,0x000000d071c00000)]
  0x0000024fd22ab740 JavaThread "C2 CompilerThread0" daemon [_thread_in_native, id=18976, stack(0x000000d071c00000,0x000000d071d00000)]
  0x0000024fd22b4260 JavaThread "C1 CompilerThread0" daemon [_thread_in_native, id=11344, stack(0x000000d071d00000,0x000000d071e00000)]
  0x0000024fd229fd70 JavaThread "Sweeper thread" daemon [_thread_blocked, id=3368, stack(0x000000d071e00000,0x000000d071f00000)]
  0x0000024fd22a27f0 JavaThread "Common-Cleaner" daemon [_thread_blocked, id=6368, stack(0x000000d071f00000,0x000000d072000000)]
  0x0000024fd22a02c0 JavaThread "Monitor Ctrl-Break" daemon [_thread_in_native, id=12752, stack(0x000000d072000000,0x000000d072100000)]
  0x0000024fd22a0d60 JavaThread "Notification Thread" daemon [_thread_blocked, id=17052, stack(0x000000d072100000,0x000000d072200000)]
  0x0000024fd22a0810 JavaThread "Catalina-utility-1" [_thread_blocked, id=11156, stack(0x000000d072e00000,0x000000d072f00000)]
  0x0000024fd89a3a80 JavaThread "Catalina-utility-2" [_thread_blocked, id=6136, stack(0x000000d072f00000,0x000000d073000000)]
  0x0000024fd899f020 JavaThread "container-0" [_thread_blocked, id=8408, stack(0x000000d073000000,0x000000d073100000)]
  0x0000024fd89a1ff0 JavaThread "BufferPoolPruner-1-thread-1" daemon [_thread_blocked, id=19664, stack(0x000000d073100000,0x000000d073200000)]
  0x0000024fd89a1000 JavaThread "cluster-ClusterId{value='68b96321c96e55f089e768ab', description='null'}-localhost:27017" daemon [_thread_in_native, id=16600, stack(0x000000d073200000,0x000000d073300000)]
  0x0000024fd899f570 JavaThread "cluster-rtt-ClusterId{value='68b96321c96e55f089e768ab', description='null'}-localhost:27017" daemon [_thread_blocked, id=13552, stack(0x000000d073400000,0x000000d073500000)]
  0x0000024fd899e030 JavaThread "MaintenanceTimer-2-thread-1" daemon [_thread_blocked, id=14180, stack(0x000000d073500000,0x000000d073600000)]
  0x0000024fd899dae0 JavaThread "Live Reload Server" daemon [_thread_in_native, id=4928, stack(0x000000d073700000,0x000000d073800000)]
  0x0000024fd89a3530 JavaThread "File Watcher" daemon [_thread_blocked, id=17332, stack(0x000000d073600000,0x000000d073700000)]
  0x0000024fd899fac0 JavaThread "http-nio-8080-exec-1" daemon [_thread_blocked, id=13172, stack(0x000000d073800000,0x000000d073900000)]
  0x0000024fd89a2fe0 JavaThread "http-nio-8080-exec-2" daemon [_thread_blocked, id=3540, stack(0x000000d073900000,0x000000d073a00000)]
  0x0000024fd89a0ab0 JavaThread "http-nio-8080-exec-3" daemon [_thread_in_native, id=5964, stack(0x000000d073a00000,0x000000d073b00000)]
  0x0000024fd899c050 JavaThread "http-nio-8080-exec-4" daemon [_thread_blocked, id=4112, stack(0x000000d073b00000,0x000000d073c00000)]
  0x0000024fd899e580 JavaThread "http-nio-8080-exec-5" daemon [_thread_blocked, id=15312, stack(0x000000d073c00000,0x000000d073d00000)]
  0x0000024fd899c5a0 JavaThread "http-nio-8080-exec-6" daemon [_thread_blocked, id=8356, stack(0x000000d073d00000,0x000000d073e00000)]
  0x0000024fd899d040 JavaThread "http-nio-8080-exec-7" daemon [_thread_blocked, id=10116, stack(0x000000d073e00000,0x000000d073f00000)]
  0x0000024fd899d590 JavaThread "http-nio-8080-exec-8" daemon [_thread_blocked, id=16668, stack(0x000000d073f00000,0x000000d074000000)]
  0x0000024fd899ead0 JavaThread "http-nio-8080-exec-9" daemon [_thread_blocked, id=2424, stack(0x000000d074000000,0x000000d074100000)]
  0x0000024fd89a1550 JavaThread "http-nio-8080-exec-10" daemon [_thread_blocked, id=15460, stack(0x000000d074100000,0x000000d074200000)]
  0x0000024fd89a2540 JavaThread "http-nio-8080-Poller" daemon [_thread_in_native, id=8524, stack(0x000000d074200000,0x000000d074300000)]
  0x0000024fd89a1aa0 JavaThread "http-nio-8080-Acceptor" daemon [_thread_in_native, id=13536, stack(0x000000d074300000,0x000000d074400000)]
  0x0000024fd89a2a90 JavaThread "DestroyJavaVM" [_thread_blocked, id=352, stack(0x000000d070f00000,0x000000d071000000)]
=>0x0000024fda37b700 JavaThread "C2 CompilerThread1" daemon [_thread_in_native, id=3964, stack(0x000000d072300000,0x000000d072400000)]

Other Threads:
  0x0000024fd227df80 VMThread "VM Thread" [stack: 0x000000d071500000,0x000000d071600000] [id=3140]
  0x0000024fd68d6c60 WatcherThread "VM Periodic Task Thread" [stack: 0x000000d072200000,0x000000d072300000] [id=18648]
  0x0000024fb1a8ac80 WorkerThread "GC Thread#0" [stack: 0x000000d071000000,0x000000d071100000] [id=2980]
  0x0000024fd70b9340 WorkerThread "GC Thread#1" [stack: 0x000000d072600000,0x000000d072700000] [id=17088]
  0x0000024fd70b7cc0 WorkerThread "GC Thread#2" [stack: 0x000000d072700000,0x000000d072800000] [id=8972]
  0x0000024fd70b79f0 WorkerThread "GC Thread#3" [stack: 0x000000d072800000,0x000000d072900000] [id=15256]
  0x0000024fd70b8530 WorkerThread "GC Thread#4" [stack: 0x000000d072900000,0x000000d072a00000] [id=18460]
  0x0000024fd70b9070 WorkerThread "GC Thread#5" [stack: 0x000000d072a00000,0x000000d072b00000] [id=18380]
  0x0000024fd70b7f90 WorkerThread "GC Thread#6" [stack: 0x000000d072b00000,0x000000d072c00000] [id=20692]
  0x0000024fd70b8260 WorkerThread "GC Thread#7" [stack: 0x000000d072c00000,0x000000d072d00000] [id=8260]
  0x0000024fb1a9bc20 ConcurrentGCThread "G1 Main Marker" [stack: 0x000000d071100000,0x000000d071200000] [id=6724]
  0x0000024fb1a9dea0 WorkerThread "G1 Conc#0" [stack: 0x000000d071200000,0x000000d071300000] [id=5212]
  0x0000024fd7e3e8d0 WorkerThread "G1 Conc#1" [stack: 0x000000d072d00000,0x000000d072e00000] [id=13384]
  0x0000024fb1adead0 ConcurrentGCThread "G1 Refine#0" [stack: 0x000000d071300000,0x000000d071400000] [id=16580]
  0x0000024fd21327b0 ConcurrentGCThread "G1 Service" [stack: 0x000000d071400000,0x000000d071500000] [id=13072]

Threads with active compile tasks:
C2 CompilerThread0    24657 8112       4       org.springframework.core.annotation.AnnotationsScanner::getDeclaredAnnotations (166 bytes)
C1 CompilerThread0    24657 8213       3       com.mongodb.client.internal.MongoCollectionImpl::<init> (164 bytes)
C2 CompilerThread1    24658 8119       4       org.springframework.util.MimeTypeUtils::tokenize (138 bytes)

VM state: not at safepoint (normal execution)

VM Mutex/Monitor currently owned by a thread: None

Heap address: 0x0000000084200000, size: 1982 MB, Compressed Oops mode: 32-bit

CDS archive(s) mapped at: [0x0000000800000000-0x0000000800c40000-0x0000000800c40000), size 12845056, SharedBaseAddress: 0x0000000800000000, ArchiveRelocationMode: 0.
Compressed class space mapped at: 0x0000000801000000-0x0000000841000000, reserved size: 1073741824
Narrow klass base: 0x0000000800000000, Narrow klass shift: 0, Narrow klass range: 0x100000000

GC Precious Log:
 CardTable entry size: 512
 Card Set container configuration: InlinePtr #cards 5 size 8 Array Of Cards #cards 12 size 40 Howl #buckets 4 coarsen threshold 1843 Howl Bitmap #cards 512 size 80 coarsen threshold 460 Card regions per heap region 1 cards per card region 2048
 CPUs: 8 total, 8 available
 Memory: 7926M
 Large Page Support: Disabled
 NUMA Support: Disabled
 Compressed Oops: Enabled (32-bit)
 Heap Region Size: 1M
 Heap Min Capacity: 8M
 Heap Initial Capacity: 124M
 Heap Max Capacity: 1982M
 Pre-touch: Disabled
 Parallel Workers: 8
 Concurrent Workers: 2
 Concurrent Refinement Workers: 8
 Periodic GC: Disabled

Heap:
 garbage-first heap   total 72704K, used 44713K [0x0000000084200000, 0x0000000100000000)
  region size 1024K, 22 young (22528K), 2 survivors (2048K)
 Metaspace       used 47319K, committed 48000K, reserved 1114112K
  class space    used 5963K, committed 6272K, reserved 1048576K

Heap Regions: E=young(eden), S=young(survivor), O=old, HS=humongous(starts), HC=humongous(continues), CS=collection set, F=free, OA=open archive, CA=closed archive, TAMS=top-at-mark-start (previous, next)
|   0|0x0000000084200000, 0x0000000084300000, 0x0000000084300000|100%| O|  |TAMS 0x0000000084300000, 0x0000000084200000| Untracked 
|   1|0x0000000084300000, 0x0000000084400000, 0x0000000084400000|100%| O|  |TAMS 0x0000000084400000, 0x0000000084300000| Untracked 
|   2|0x0000000084400000, 0x0000000084500000, 0x0000000084500000|100%| O|  |TAMS 0x0000000084500000, 0x0000000084400000| Untracked 
|   3|0x0000000084500000, 0x0000000084600000, 0x0000000084600000|100%| O|  |TAMS 0x0000000084600000, 0x0000000084500000| Untracked 
|   4|0x0000000084600000, 0x0000000084700000, 0x0000000084700000|100%| O|  |TAMS 0x0000000084700000, 0x0000000084600000| Untracked 
|   5|0x0000000084700000, 0x0000000084800000, 0x0000000084800000|100%| O|  |TAMS 0x0000000084800000, 0x0000000084700000| Untracked 
|   6|0x0000000084800000, 0x0000000084900000, 0x0000000084900000|100%| O|  |TAMS 0x0000000084900000, 0x0000000084800000| Untracked 
|   7|0x0000000084900000, 0x0000000084a00000, 0x0000000084a00000|100%| O|  |TAMS 0x0000000084a00000, 0x0000000084900000| Untracked 
|   8|0x0000000084a00000, 0x0000000084b00000, 0x0000000084b00000|100%| O|  |TAMS 0x0000000084b00000, 0x0000000084a00000| Untracked 
|   9|0x0000000084b00000, 0x0000000084c00000, 0x0000000084c00000|100%| O|  |TAMS 0x0000000084c00000, 0x0000000084b00000| Untracked 
|  10|0x0000000084c00000, 0x0000000084d00000, 0x0000000084d00000|100%| O|  |TAMS 0x0000000084d00000, 0x0000000084c00000| Untracked 
|  11|0x0000000084d00000, 0x0000000084e00000, 0x0000000084e00000|100%| O|  |TAMS 0x0000000084e00000, 0x0000000084d00000| Untracked 
|  12|0x0000000084e00000, 0x0000000084f00000, 0x0000000084f00000|100%| O|  |TAMS 0x0000000084f00000, 0x0000000084e00000| Untracked 
|  13|0x0000000084f00000, 0x0000000085000000, 0x0000000085000000|100%| O|  |TAMS 0x0000000085000000, 0x0000000084f00000| Untracked 
|  14|0x0000000085000000, 0x0000000085100000, 0x0000000085100000|100%| O|  |TAMS 0x0000000085100000, 0x0000000085000000| Untracked 
|  15|0x0000000085100000, 0x0000000085200000, 0x0000000085200000|100%| O|  |TAMS 0x0000000085100000, 0x0000000085100000| Untracked 
|  16|0x0000000085200000, 0x0000000085300000, 0x0000000085300000|100%| O|  |TAMS 0x00000000852efa00, 0x0000000085200000| Untracked 
|  17|0x0000000085300000, 0x0000000085400000, 0x0000000085400000|100%| O|  |TAMS 0x0000000085300000, 0x0000000085300000| Untracked 
|  18|0x0000000085400000, 0x0000000085500000, 0x0000000085500000|100%| O|  |TAMS 0x0000000085400000, 0x0000000085400000| Untracked 
|  19|0x0000000085500000, 0x0000000085600000, 0x0000000085600000|100%| O|  |TAMS 0x0000000085500000, 0x0000000085500000| Untracked 
|  20|0x0000000085600000, 0x0000000085700000, 0x0000000085700000|100%| O|  |TAMS 0x0000000085600000, 0x0000000085600000| Untracked 
|  21|0x0000000085700000, 0x0000000085800000, 0x0000000085800000|100%| O|  |TAMS 0x0000000085700000, 0x0000000085700000| Untracked 
|  22|0x0000000085800000, 0x0000000085900000, 0x0000000085900000|100%| O|  |TAMS 0x0000000085800000, 0x0000000085800000| Untracked 
|  23|0x0000000085900000, 0x0000000085992800, 0x0000000085a00000| 57%| O|  |TAMS 0x0000000085900000, 0x0000000085900000| Untracked 
|  24|0x0000000085a00000, 0x0000000085a00000, 0x0000000085b00000|  0%| F|  |TAMS 0x0000000085a00000, 0x0000000085a00000| Untracked 
|  25|0x0000000085b00000, 0x0000000085b00000, 0x0000000085c00000|  0%| F|  |TAMS 0x0000000085b00000, 0x0000000085b00000| Untracked 
|  26|0x0000000085c00000, 0x0000000085c00000, 0x0000000085d00000|  0%| F|  |TAMS 0x0000000085c00000, 0x0000000085c00000| Untracked 
|  27|0x0000000085d00000, 0x0000000085d00000, 0x0000000085e00000|  0%| F|  |TAMS 0x0000000085d00000, 0x0000000085d00000| Untracked 
|  28|0x0000000085e00000, 0x0000000085e00000, 0x0000000085f00000|  0%| F|  |TAMS 0x0000000085e00000, 0x0000000085e00000| Untracked 
|  29|0x0000000085f00000, 0x0000000085f00000, 0x0000000086000000|  0%| F|  |TAMS 0x0000000085f00000, 0x0000000085f00000| Untracked 
|  30|0x0000000086000000, 0x0000000086000000, 0x0000000086100000|  0%| F|  |TAMS 0x0000000086000000, 0x0000000086000000| Untracked 
|  31|0x0000000086100000, 0x0000000086100000, 0x0000000086200000|  0%| F|  |TAMS 0x0000000086100000, 0x0000000086100000| Untracked 
|  32|0x0000000086200000, 0x0000000086200000, 0x0000000086300000|  0%| F|  |TAMS 0x0000000086200000, 0x0000000086200000| Untracked 
|  33|0x0000000086300000, 0x0000000086300000, 0x0000000086400000|  0%| F|  |TAMS 0x0000000086300000, 0x0000000086300000| Untracked 
|  34|0x0000000086400000, 0x0000000086400000, 0x0000000086500000|  0%| F|  |TAMS 0x0000000086400000, 0x0000000086400000| Untracked 
|  35|0x0000000086500000, 0x0000000086500000, 0x0000000086600000|  0%| F|  |TAMS 0x0000000086500000, 0x0000000086500000| Untracked 
|  36|0x0000000086600000, 0x0000000086600000, 0x0000000086700000|  0%| F|  |TAMS 0x0000000086600000, 0x0000000086600000| Untracked 
|  37|0x0000000086700000, 0x0000000086700000, 0x0000000086800000|  0%| F|  |TAMS 0x0000000086700000, 0x0000000086700000| Untracked 
|  38|0x0000000086800000, 0x0000000086800000, 0x0000000086900000|  0%| F|  |TAMS 0x0000000086800000, 0x0000000086800000| Untracked 
|  39|0x0000000086900000, 0x0000000086900000, 0x0000000086a00000|  0%| F|  |TAMS 0x0000000086900000, 0x0000000086900000| Untracked 
|  40|0x0000000086a00000, 0x0000000086a17ce8, 0x0000000086b00000|  9%| S|CS|TAMS 0x0000000086a00000, 0x0000000086a00000| Complete 
|  41|0x0000000086b00000, 0x0000000086c00000, 0x0000000086c00000|100%| S|CS|TAMS 0x0000000086b00000, 0x0000000086b00000| Complete 
|  42|0x0000000086c00000, 0x0000000086c00000, 0x0000000086d00000|  0%| F|  |TAMS 0x0000000086c00000, 0x0000000086c00000| Untracked 
|  43|0x0000000086d00000, 0x0000000086d00000, 0x0000000086e00000|  0%| F|  |TAMS 0x0000000086d00000, 0x0000000086d00000| Untracked 
|  44|0x0000000086e00000, 0x0000000086e00000, 0x0000000086f00000|  0%| F|  |TAMS 0x0000000086e00000, 0x0000000086e00000| Untracked 
|  45|0x0000000086f00000, 0x0000000086f00000, 0x0000000087000000|  0%| F|  |TAMS 0x0000000086f00000, 0x0000000086f00000| Untracked 
|  46|0x0000000087000000, 0x0000000087000000, 0x0000000087100000|  0%| F|  |TAMS 0x0000000087000000, 0x0000000087000000| Untracked 
|  47|0x0000000087100000, 0x0000000087100000, 0x0000000087200000|  0%| F|  |TAMS 0x0000000087100000, 0x0000000087100000| Untracked 
|  48|0x0000000087200000, 0x0000000087200000, 0x0000000087300000|  0%| F|  |TAMS 0x0000000087200000, 0x0000000087200000| Untracked 
|  49|0x0000000087300000, 0x0000000087300000, 0x0000000087400000|  0%| F|  |TAMS 0x0000000087300000, 0x0000000087300000| Untracked 
|  50|0x0000000087400000, 0x0000000087400000, 0x0000000087500000|  0%| F|  |TAMS 0x0000000087400000, 0x0000000087400000| Untracked 
|  51|0x0000000087500000, 0x000000008758b7c8, 0x0000000087600000| 54%| E|  |TAMS 0x0000000087500000, 0x0000000087500000| Complete 
|  52|0x0000000087600000, 0x0000000087700000, 0x0000000087700000|100%| E|CS|TAMS 0x0000000087600000, 0x0000000087600000| Complete 
|  53|0x0000000087700000, 0x0000000087800000, 0x0000000087800000|100%| E|CS|TAMS 0x0000000087700000, 0x0000000087700000| Complete 
|  54|0x0000000087800000, 0x0000000087900000, 0x0000000087900000|100%| E|CS|TAMS 0x0000000087800000, 0x0000000087800000| Complete 
|  55|0x0000000087900000, 0x0000000087a00000, 0x0000000087a00000|100%| E|CS|TAMS 0x0000000087900000, 0x0000000087900000| Complete 
|  56|0x0000000087a00000, 0x0000000087b00000, 0x0000000087b00000|100%| E|CS|TAMS 0x0000000087a00000, 0x0000000087a00000| Complete 
|  57|0x0000000087b00000, 0x0000000087c00000, 0x0000000087c00000|100%| E|CS|TAMS 0x0000000087b00000, 0x0000000087b00000| Complete 
|  58|0x0000000087c00000, 0x0000000087d00000, 0x0000000087d00000|100%| E|CS|TAMS 0x0000000087c00000, 0x0000000087c00000| Complete 
|  59|0x0000000087d00000, 0x0000000087e00000, 0x0000000087e00000|100%| E|CS|TAMS 0x0000000087d00000, 0x0000000087d00000| Complete 
|  60|0x0000000087e00000, 0x0000000087f00000, 0x0000000087f00000|100%| E|CS|TAMS 0x0000000087e00000, 0x0000000087e00000| Complete 
|  61|0x0000000087f00000, 0x0000000088000000, 0x0000000088000000|100%| E|CS|TAMS 0x0000000087f00000, 0x0000000087f00000| Complete 
|  62|0x0000000088000000, 0x0000000088100000, 0x0000000088100000|100%| E|CS|TAMS 0x0000000088000000, 0x0000000088000000| Complete 
|  66|0x0000000088400000, 0x0000000088500000, 0x0000000088500000|100%| E|CS|TAMS 0x0000000088400000, 0x0000000088400000| Complete 
|  67|0x0000000088500000, 0x0000000088600000, 0x0000000088600000|100%| E|CS|TAMS 0x0000000088500000, 0x0000000088500000| Complete 
|  68|0x0000000088600000, 0x0000000088700000, 0x0000000088700000|100%| E|CS|TAMS 0x0000000088600000, 0x0000000088600000| Complete 
|  69|0x0000000088700000, 0x0000000088800000, 0x0000000088800000|100%| E|CS|TAMS 0x0000000088700000, 0x0000000088700000| Complete 
|  70|0x0000000088800000, 0x0000000088900000, 0x0000000088900000|100%| E|CS|TAMS 0x0000000088800000, 0x0000000088800000| Complete 
|  71|0x0000000088900000, 0x0000000088a00000, 0x0000000088a00000|100%| E|CS|TAMS 0x0000000088900000, 0x0000000088900000| Complete 
|  72|0x0000000088a00000, 0x0000000088b00000, 0x0000000088b00000|100%| E|CS|TAMS 0x0000000088a00000, 0x0000000088a00000| Complete 
| 123|0x000000008bd00000, 0x000000008be00000, 0x000000008be00000|100%| E|CS|TAMS 0x000000008bd00000, 0x000000008bd00000| Complete 

Card table byte_map: [0x0000024fcb220000,0x0000024fcb600000] _byte_map_base: 0x0000024fcadff000

Marking Bits (Prev, Next): (CMBitMap*) 0x0000024fb1a8b2b0, (CMBitMap*) 0x0000024fb1a8b2f0
 Prev Bits: [0x0000024fcb9e0000, 0x0000024fcd8d8000)
 Next Bits: [0x0000024fcd8e0000, 0x0000024fcf7d8000)

Polling page: 0x0000024fbb3b0000

Metaspace:

Usage:
  Non-class:     40.40 MB used.
      Class:      5.82 MB used.
       Both:     46.22 MB used.

Virtual space:
  Non-class space:       64.00 MB reserved,      40.75 MB ( 64%) committed,  1 nodes.
      Class space:        1.00 GB reserved,       6.13 MB ( <1%) committed,  1 nodes.
             Both:        1.06 GB reserved,      46.88 MB (  4%) committed. 

Chunk freelists:
   Non-Class:  2.36 MB
       Class:  1.91 MB
        Both:  4.27 MB

MaxMetaspaceSize: unlimited
CompressedClassSpaceSize: 1.00 GB
Initial GC threshold: 21.00 MB
Current GC threshold: 58.88 MB
CDS: on
MetaspaceReclaimPolicy: balanced
 - commit_granule_bytes: 65536.
 - commit_granule_words: 8192.
 - virtual_space_node_default_size: 8388608.
 - enlarge_chunks_in_place: 1.
 - new_chunks_are_fully_committed: 0.
 - uncommit_free_chunks: 1.
 - use_allocation_guard: 0.


Internal statistics:

num_allocs_failed_limit: 6.
num_arena_births: 918.
num_arena_deaths: 0.
num_vsnodes_births: 2.
num_vsnodes_deaths: 0.
num_space_committed: 750.
num_space_uncommitted: 0.
num_chunks_returned_to_freelist: 6.
num_chunks_taken_from_freelist: 2644.
num_chunk_merges: 6.
num_chunk_splits: 1860.
num_chunks_enlarged: 1440.
num_inconsistent_stats: 0.

CodeHeap 'non-profiled nmethods': size=120000Kb used=3921Kb max_used=3921Kb free=116078Kb
 bounds [0x0000024fc2ea0000, 0x0000024fc3280000, 0x0000024fca3d0000]
CodeHeap 'profiled nmethods': size=120000Kb used=14990Kb max_used=14990Kb free=105009Kb
 bounds [0x0000024fbb3d0000, 0x0000024fbc280000, 0x0000024fc2900000]
CodeHeap 'non-nmethods': size=5760Kb used=1375Kb max_used=1447Kb free=4384Kb
 bounds [0x0000024fc2900000, 0x0000024fc2b70000, 0x0000024fc2ea0000]
 total_blobs=8008 nmethods=7412 adapters=505
 compilation: enabled
              stopped_count=0, restarted_count=0
 full_count=0

Compilation events (20 events):
Event: 24.551 Thread 0x0000024fd22b4260 nmethod 8134 0x0000024fbc224910 code [0x0000024fbc224b00, 0x0000024fbc225288]
Event: 24.552 Thread 0x0000024fd22b4260 8135       3       ch.qos.logback.core.OutputStreamAppender::writeByteArrayToOutputStreamWithPossibleFlush (23 bytes)
Event: 24.552 Thread 0x0000024fd22b4260 nmethod 8135 0x0000024fbc225490 code [0x0000024fbc225640, 0x0000024fbc225918]
Event: 24.552 Thread 0x0000024fd22b4260 8137       3       ch.qos.logback.core.joran.spi.ConsoleTarget$1::write (8 bytes)
Event: 24.552 Thread 0x0000024fd22b4260 nmethod 8137 0x0000024fbc225a10 code [0x0000024fbc225bc0, 0x0000024fbc225da8]
Event: 24.552 Thread 0x0000024fd22b4260 8138       3       java.io.PrintStream::write (9 bytes)
Event: 24.552 Thread 0x0000024fd22b4260 nmethod 8138 0x0000024fbc225f10 code [0x0000024fbc2260c0, 0x0000024fbc226208]
Event: 24.552 Thread 0x0000024fd22b4260 8139       3       ch.qos.logback.core.joran.spi.ConsoleTarget$1::flush (7 bytes)
Event: 24.553 Thread 0x0000024fd22b4260 nmethod 8139 0x0000024fbc226310 code [0x0000024fbc2264c0, 0x0000024fbc226628]
Event: 24.553 Thread 0x0000024fd22b4260 8140   !   3       java.io.PrintStream::flush (60 bytes)
Event: 24.554 Thread 0x0000024fd22b4260 nmethod 8140 0x0000024fbc226710 code [0x0000024fbc226a00, 0x0000024fbc227b98]
Event: 24.554 Thread 0x0000024fd22b4260 8141   !   3       java.io.PrintStream::implFlush (21 bytes)
Event: 24.554 Thread 0x0000024fd22b4260 nmethod 8141 0x0000024fbc228310 code [0x0000024fbc2284e0, 0x0000024fbc2288b8]
Event: 24.555 Thread 0x0000024fd22b4260 8142       3       java.lang.invoke.Invokers$Holder::linkToTargetMethod (10 bytes)
Event: 24.555 Thread 0x0000024fd22b4260 nmethod 8142 0x0000024fbc228a90 code [0x0000024fbc228c40, 0x0000024fbc229018]
Event: 24.557 Thread 0x0000024fd22b4260 8143       3       org.bson.BsonArray::<init> (29 bytes)
Event: 24.558 Thread 0x0000024fd22b4260 nmethod 8143 0x0000024fbc229110 code [0x0000024fbc2292e0, 0x0000024fbc229648]
Event: 24.558 Thread 0x0000024fd22b4260 8144   !   3       org.apache.tomcat.util.http.parser.HttpParser::isAlpha (9 bytes)
Event: 24.558 Thread 0x0000024fd22b4260 nmethod 8144 0x0000024fbc229790 code [0x0000024fbc229940, 0x0000024fbc229ab8]
Event: 24.559 Thread 0x0000024fd22b4260 8145   !   3       java.util.concurrent.locks.AbstractQueuedSynchronizer$ConditionObject::await (183 bytes)

GC Heap History (20 events):
Event: 3.736 GC heap before
{Heap before GC invocations=2 (full 0):
 garbage-first heap   total 126976K, used 56855K [0x0000000084200000, 0x0000000100000000)
  region size 1024K, 51 young (52224K), 3 survivors (3072K)
 Metaspace       used 21120K, committed 21504K, reserved 1114112K
  class space    used 2551K, committed 2752K, reserved 1048576K
}
Event: 3.744 GC heap after
{Heap after GC invocations=3 (full 0):
 garbage-first heap   total 126976K, used 13629K [0x0000000084200000, 0x0000000100000000)
  region size 1024K, 7 young (7168K), 7 survivors (7168K)
 Metaspace       used 21120K, committed 21504K, reserved 1114112K
  class space    used 2551K, committed 2752K, reserved 1048576K
}
Event: 4.548 GC heap before
{Heap before GC invocations=4 (full 0):
 garbage-first heap   total 51200K, used 37181K [0x0000000084200000, 0x0000000100000000)
  region size 1024K, 30 young (30720K), 7 survivors (7168K)
 Metaspace       used 25445K, committed 25920K, reserved 1114112K
  class space    used 3120K, committed 3328K, reserved 1048576K
}
Event: 4.556 GC heap after
{Heap after GC invocations=5 (full 0):
 garbage-first heap   total 51200K, used 15860K [0x0000000084200000, 0x0000000100000000)
  region size 1024K, 3 young (3072K), 3 survivors (3072K)
 Metaspace       used 25445K, committed 25920K, reserved 1114112K
  class space    used 3120K, committed 3328K, reserved 1048576K
}
Event: 4.577 GC heap before
{Heap before GC invocations=5 (full 0):
 garbage-first heap   total 51200K, used 16884K [0x0000000084200000, 0x0000000100000000)
  region size 1024K, 4 young (4096K), 3 survivors (3072K)
 Metaspace       used 25579K, committed 26048K, reserved 1114112K
  class space    used 3155K, committed 3392K, reserved 1048576K
}
Event: 4.581 GC heap after
{Heap after GC invocations=6 (full 0):
 garbage-first heap   total 51200K, used 15933K [0x0000000084200000, 0x0000000100000000)
  region size 1024K, 1 young (1024K), 1 survivors (1024K)
 Metaspace       used 25579K, committed 26048K, reserved 1114112K
  class space    used 3155K, committed 3392K, reserved 1048576K
}
Event: 5.294 GC heap before
{Heap before GC invocations=6 (full 0):
 garbage-first heap   total 51200K, used 34365K [0x0000000084200000, 0x0000000100000000)
  region size 1024K, 20 young (20480K), 1 survivors (1024K)
 Metaspace       used 29802K, committed 30272K, reserved 1114112K
  class space    used 3682K, committed 3904K, reserved 1048576K
}
Event: 5.296 GC heap after
{Heap after GC invocations=7 (full 0):
 garbage-first heap   total 51200K, used 17384K [0x0000000084200000, 0x0000000100000000)
  region size 1024K, 2 young (2048K), 2 survivors (2048K)
 Metaspace       used 29802K, committed 30272K, reserved 1114112K
  class space    used 3682K, committed 3904K, reserved 1048576K
}
Event: 5.865 GC heap before
{Heap before GC invocations=7 (full 0):
 garbage-first heap   total 51200K, used 36840K [0x0000000084200000, 0x0000000100000000)
  region size 1024K, 21 young (21504K), 2 survivors (2048K)
 Metaspace       used 34315K, committed 34880K, reserved 1114112K
  class space    used 4333K, committed 4608K, reserved 1048576K
}
Event: 5.869 GC heap after
{Heap after GC invocations=8 (full 0):
 garbage-first heap   total 51200K, used 19227K [0x0000000084200000, 0x0000000100000000)
  region size 1024K, 2 young (2048K), 2 survivors (2048K)
 Metaspace       used 34315K, committed 34880K, reserved 1114112K
  class space    used 4333K, committed 4608K, reserved 1048576K
}
Event: 6.018 GC heap before
{Heap before GC invocations=8 (full 0):
 garbage-first heap   total 51200K, used 24347K [0x0000000084200000, 0x0000000100000000)
  region size 1024K, 8 young (8192K), 2 survivors (2048K)
 Metaspace       used 35483K, committed 35968K, reserved 1114112K
  class space    used 4515K, committed 4736K, reserved 1048576K
}
Event: 6.021 GC heap after
{Heap after GC invocations=9 (full 0):
 garbage-first heap   total 51200K, used 19872K [0x0000000084200000, 0x0000000100000000)
  region size 1024K, 1 young (1024K), 1 survivors (1024K)
 Metaspace       used 35483K, committed 35968K, reserved 1114112K
  class space    used 4515K, committed 4736K, reserved 1048576K
}
Event: 6.530 GC heap before
{Heap before GC invocations=10 (full 0):
 garbage-first heap   total 51200K, used 37280K [0x0000000084200000, 0x0000000100000000)
  region size 1024K, 19 young (19456K), 1 survivors (1024K)
 Metaspace       used 38101K, committed 38656K, reserved 1114112K
  class space    used 4866K, committed 5120K, reserved 1048576K
}
Event: 6.534 GC heap after
{Heap after GC invocations=11 (full 0):
 garbage-first heap   total 72704K, used 21912K [0x0000000084200000, 0x0000000100000000)
  region size 1024K, 3 young (3072K), 3 survivors (3072K)
 Metaspace       used 38101K, committed 38656K, reserved 1114112K
  class space    used 4866K, committed 5120K, reserved 1048576K
}
Event: 6.555 GC heap before
{Heap before GC invocations=11 (full 0):
 garbage-first heap   total 72704K, used 22936K [0x0000000084200000, 0x0000000100000000)
  region size 1024K, 4 young (4096K), 3 survivors (3072K)
 Metaspace       used 38278K, committed 38784K, reserved 1114112K
  class space    used 4884K, committed 5120K, reserved 1048576K
}
Event: 6.558 GC heap after
{Heap after GC invocations=12 (full 0):
 garbage-first heap   total 72704K, used 21947K [0x0000000084200000, 0x0000000100000000)
  region size 1024K, 1 young (1024K), 1 survivors (1024K)
 Metaspace       used 38278K, committed 38784K, reserved 1114112K
  class space    used 4884K, committed 5120K, reserved 1048576K
}
Event: 20.233 GC heap before
{Heap before GC invocations=12 (full 0):
 garbage-first heap   total 72704K, used 51643K [0x0000000084200000, 0x0000000100000000)
  region size 1024K, 31 young (31744K), 1 survivors (1024K)
 Metaspace       used 44082K, committed 44672K, reserved 1114112K
  class space    used 5732K, committed 6016K, reserved 1048576K
}
Event: 20.238 GC heap after
{Heap after GC invocations=13 (full 0):
 garbage-first heap   total 72704K, used 24444K [0x0000000084200000, 0x0000000100000000)
  region size 1024K, 3 young (3072K), 3 survivors (3072K)
 Metaspace       used 44082K, committed 44672K, reserved 1114112K
  class space    used 5732K, committed 6016K, reserved 1048576K
}
Event: 23.579 GC heap before
{Heap before GC invocations=13 (full 0):
 garbage-first heap   total 72704K, used 54140K [0x0000000084200000, 0x0000000100000000)
  region size 1024K, 32 young (32768K), 3 survivors (3072K)
 Metaspace       used 46645K, committed 47360K, reserved 1114112K
  class space    used 5962K, committed 6272K, reserved 1048576K
}
Event: 23.583 GC heap after
{Heap after GC invocations=14 (full 0):
 garbage-first heap   total 72704K, used 25257K [0x0000000084200000, 0x0000000100000000)
  region size 1024K, 2 young (2048K), 2 survivors (2048K)
 Metaspace       used 46645K, committed 47360K, reserved 1114112K
  class space    used 5962K, committed 6272K, reserved 1048576K
}

Dll operation events (14 events):
Event: 0.025 Loaded shared library C:\Users\Ritej\.jdks\corretto-19.0.2\bin\java.dll
Event: 0.050 Loaded shared library C:\Users\Ritej\.jdks\corretto-19.0.2\bin\jsvml.dll
Event: 0.302 Loaded shared library C:\Users\Ritej\.jdks\corretto-19.0.2\bin\zip.dll
Event: 0.310 Loaded shared library C:\Users\Ritej\.jdks\corretto-19.0.2\bin\instrument.dll
Event: 0.323 Loaded shared library C:\Users\Ritej\.jdks\corretto-19.0.2\bin\net.dll
Event: 0.328 Loaded shared library C:\Users\Ritej\.jdks\corretto-19.0.2\bin\nio.dll
Event: 0.340 Loaded shared library C:\Users\Ritej\.jdks\corretto-19.0.2\bin\zip.dll
Event: 0.538 Loaded shared library C:\Program Files\JetBrains\IntelliJ IDEA Community Edition 2024.1.4\bin\breakgen64.dll
Event: 0.558 Loaded shared library C:\Users\Ritej\.jdks\corretto-19.0.2\bin\extnet.dll
Event: 0.617 Loaded shared library C:\Users\Ritej\.jdks\corretto-19.0.2\bin\jimage.dll
Event: 1.061 Loaded shared library C:\Users\Ritej\.jdks\corretto-19.0.2\bin\management.dll
Event: 1.069 Loaded shared library C:\Users\Ritej\.jdks\corretto-19.0.2\bin\management_ext.dll
Event: 2.503 Loaded shared library C:\Users\Ritej\.jdks\corretto-19.0.2\bin\sunmscapi.dll
Event: 20.226 Loaded shared library C:\Users\Ritej\.jdks\corretto-19.0.2\bin\verify.dll

Deoptimization events (20 events):
Event: 20.454 Thread 0x0000024fd899e580 DEOPT PACKING pc=0x0000024fc304ceb0 sp=0x000000d073cfa1c0
Event: 20.454 Thread 0x0000024fd899e580 DEOPT UNPACKING pc=0x0000024fc296a5a3 sp=0x000000d073cf9fb0 mode 2
Event: 20.454 Thread 0x0000024fd899c050 DEOPT PACKING pc=0x0000024fc304ceb0 sp=0x000000d073bfa5d0
Event: 20.454 Thread 0x0000024fd899c050 DEOPT UNPACKING pc=0x0000024fc296a5a3 sp=0x000000d073bfa3c0 mode 2
Event: 20.454 Thread 0x0000024fd899c050 Uncommon trap: trap_request=0xffffff45 fr.pc=0x0000024fc304ceb0 relative=0x0000000000002850
Event: 20.454 Thread 0x0000024fd899c050 Uncommon trap: reason=unstable_if action=reinterpret pc=0x0000024fc304ceb0 method=org.springframework.util.ConcurrentReferenceHashMap$Segment.doTask(ILjava/lang/Object;Lorg/springframework/util/ConcurrentReferenceHashMap$Task;)Ljava/lang/Object; @ 89 c2
Event: 20.454 Thread 0x0000024fd899c050 DEOPT PACKING pc=0x0000024fc304ceb0 sp=0x000000d073bfa7e0
Event: 20.454 Thread 0x0000024fd899c050 DEOPT UNPACKING pc=0x0000024fc296a5a3 sp=0x000000d073bfa5d0 mode 2
Event: 23.397 Thread 0x0000024fd899ead0 Uncommon trap: trap_request=0xffffff45 fr.pc=0x0000024fc31e80cc relative=0x0000000000000f4c
Event: 23.397 Thread 0x0000024fd899ead0 Uncommon trap: reason=unstable_if action=reinterpret pc=0x0000024fc31e80cc method=org.springframework.web.util.pattern.LiteralPathElement.matches(ILorg/springframework/web/util/pattern/PathPattern$MatchingContext;)Z @ 129 c2
Event: 23.397 Thread 0x0000024fd899ead0 DEOPT PACKING pc=0x0000024fc31e80cc sp=0x000000d0740fd7d0
Event: 23.397 Thread 0x0000024fd899ead0 DEOPT UNPACKING pc=0x0000024fc296a5a3 sp=0x000000d0740fd758 mode 2
Event: 24.440 Thread 0x0000024fd899d590 Uncommon trap: trap_request=0xffffffdc fr.pc=0x0000024fc326ced4 relative=0x0000000000000234
Event: 24.440 Thread 0x0000024fd899e580 Uncommon trap: trap_request=0xffffffdc fr.pc=0x0000024fc326ced4 relative=0x0000000000000234
Event: 24.440 Thread 0x0000024fd899d590 Uncommon trap: reason=class_check action=make_not_entrant pc=0x0000024fc326ced4 method=java.util.ArrayList.toArray([Ljava/lang/Object;)[Ljava/lang/Object; @ 21 c2
Event: 24.440 Thread 0x0000024fd899e580 Uncommon trap: reason=class_check action=make_not_entrant pc=0x0000024fc326ced4 method=java.util.ArrayList.toArray([Ljava/lang/Object;)[Ljava/lang/Object; @ 21 c2
Event: 24.440 Thread 0x0000024fd899d590 DEOPT PACKING pc=0x0000024fc326ced4 sp=0x000000d073ffd500
Event: 24.440 Thread 0x0000024fd899e580 DEOPT PACKING pc=0x0000024fc326ced4 sp=0x000000d073cfcec0
Event: 24.440 Thread 0x0000024fd899d590 DEOPT UNPACKING pc=0x0000024fc296a5a3 sp=0x000000d073ffd4b0 mode 2
Event: 24.440 Thread 0x0000024fd899e580 DEOPT UNPACKING pc=0x0000024fc296a5a3 sp=0x000000d073cfce70 mode 2

Classes loaded (20 events):
Event: 20.034 Loading class java/time/format/DateTimeFormatterBuilder$ReducedPrinterParser
Event: 20.034 Loading class java/time/format/DateTimeFormatterBuilder$ReducedPrinterParser done
Event: 20.091 Loading class java/util/TreeMap$KeySpliterator
Event: 20.091 Loading class java/util/TreeMap$KeySpliterator done
Event: 20.174 Loading class java/util/concurrent/atomic/Striped64$Cell
Event: 20.175 Loading class java/util/concurrent/atomic/Striped64$Cell done
Event: 20.257 Loading class java/util/OptionalLong
Event: 20.258 Loading class java/util/OptionalLong done
Event: 20.258 Loading class java/util/OptionalDouble
Event: 20.258 Loading class java/util/OptionalDouble done
Event: 20.265 Loading class java/util/AbstractMap$SimpleEntry
Event: 20.265 Loading class java/util/AbstractMap$SimpleEntry done
Event: 20.293 Loading class java/util/stream/LongStream
Event: 20.294 Loading class java/util/stream/LongStream done
Event: 20.294 Loading class java/util/stream/DoubleStream
Event: 20.294 Loading class java/util/stream/DoubleStream done
Event: 20.321 Loading class org/w3c/dom/Node
Event: 20.322 Loading class org/w3c/dom/Node done
Event: 20.322 Loading class org/w3c/dom/Document
Event: 20.322 Loading class org/w3c/dom/Document done

Classes unloaded (0 events):
No events

Classes redefined (0 events):
No events

Internal exceptions (20 events):
Event: 19.927 Thread 0x0000024fd899fac0 Exception <a 'java/lang/NoSuchMethodError'{0x0000000087536488}: 'java.lang.Object java.lang.invoke.DirectMethodHandle$Holder.invokeSpecial(java.lang.Object, java.lang.Object, java.lang.Object, java.lang.Object, java.lang.Object, long)'> (0x0000000087536488) 
thrown [s\src\hotspot\share\interpreter\linkResolver.cpp, line 774]
Event: 19.927 Thread 0x0000024fd899fac0 Exception <a 'java/lang/NoSuchMethodError'{0x0000000087539e90}: 'java.lang.Object java.lang.invoke.Invokers$Holder.linkToTargetMethod(java.lang.Object, java.lang.Object, java.lang.Object, long, java.lang.Object)'> (0x0000000087539e90) 
thrown [s\src\hotspot\share\interpreter\linkResolver.cpp, line 774]
Event: 20.184 Thread 0x0000024fd89a2fe0 Exception <a 'java/lang/NoSuchMethodError'{0x0000000086cf90b8}: 'long java.lang.invoke.DirectMethodHandle$Holder.invokeStatic(java.lang.Object, long)'> (0x0000000086cf90b8) 
thrown [s\src\hotspot\share\interpreter\linkResolver.cpp, line 774]
Event: 20.185 Thread 0x0000024fd89a0ab0 Exception <a 'java/lang/NoSuchMethodError'{0x0000000086c7a590}: 'long java.lang.invoke.DirectMethodHandle$Holder.invokeStatic(java.lang.Object, long)'> (0x0000000086c7a590) 
thrown [s\src\hotspot\share\interpreter\linkResolver.cpp, line 774]
Event: 20.185 Thread 0x0000024fd899fac0 Exception <a 'java/lang/NoSuchMethodError'{0x0000000086cb2da0}: 'long java.lang.invoke.DirectMethodHandle$Holder.invokeStatic(java.lang.Object, long)'> (0x0000000086cb2da0) 
thrown [s\src\hotspot\share\interpreter\linkResolver.cpp, line 774]
Event: 20.229 Thread 0x0000024fd89a2fe0 Exception <a 'java/lang/NoSuchMethodError'{0x0000000086ab6b00}: 'void java.lang.invoke.Invokers$Holder.invoke_MT(java.lang.Object, java.lang.Object, java.lang.Object, java.lang.Object)'> (0x0000000086ab6b00) 
thrown [s\src\hotspot\share\interpreter\linkResolver.cpp, line 774]
Event: 20.240 Thread 0x0000024fd89a0ab0 Implicit null exception at 0x0000024fc2fffa34 to 0x0000024fc2fffaa0
Event: 20.241 Thread 0x0000024fd89a0ab0 Exception <a 'java/lang/NoSuchMethodError'{0x000000008bd0d998}: 'double java.lang.invoke.DelegatingMethodHandle$Holder.reinvoke_L(java.lang.Object, java.lang.Object, int)'> (0x000000008bd0d998) 
thrown [s\src\hotspot\share\interpreter\linkResolver.cpp, line 774]
Event: 20.242 Thread 0x0000024fd89a0ab0 Exception <a 'java/lang/NoSuchMethodError'{0x000000008bd186f0}: 'void java.lang.invoke.DelegatingMethodHandle$Holder.reinvoke_L(java.lang.Object, java.lang.Object, double)'> (0x000000008bd186f0) 
thrown [s\src\hotspot\share\interpreter\linkResolver.cpp, line 774]
Event: 20.341 Thread 0x0000024fd89a0ab0 Exception <a 'java/lang/NoSuchMethodError'{0x00000000888b3ad0}: 'double java.lang.invoke.DirectMethodHandle$Holder.invokeVirtual(java.lang.Object, java.lang.Object)'> (0x00000000888b3ad0) 
thrown [s\src\hotspot\share\interpreter\linkResolver.cpp, line 774]
Event: 20.341 Thread 0x0000024fd89a0ab0 Exception <a 'java/lang/NoSuchMethodError'{0x00000000888b8000}: 'double java.lang.invoke.DelegatingMethodHandle$Holder.reinvoke_L(java.lang.Object, java.lang.Object)'> (0x00000000888b8000) 
thrown [s\src\hotspot\share\interpreter\linkResolver.cpp, line 774]
Event: 20.343 Thread 0x0000024fd899fac0 Implicit null exception at 0x0000024fc2edf680 to 0x0000024fc2edfee0
Event: 20.466 Thread 0x0000024fd899e580 Exception <a 'java/lang/NoSuchMethodError'{0x00000000884a9a30}: 'java.lang.Object java.lang.invoke.DirectMethodHandle$Holder.invokeInterface(java.lang.Object, java.lang.Object, int)'> (0x00000000884a9a30) 
thrown [s\src\hotspot\share\interpreter\linkResolver.cpp, line 774]
Event: 20.466 Thread 0x0000024fd899ead0 Exception <a 'java/lang/NoSuchMethodError'{0x00000000884966f0}: 'java.lang.Object java.lang.invoke.DirectMethodHandle$Holder.invokeInterface(java.lang.Object, java.lang.Object, int)'> (0x00000000884966f0) 
thrown [s\src\hotspot\share\interpreter\linkResolver.cpp, line 774]
Event: 20.466 Thread 0x0000024fd899c050 Exception <a 'java/lang/NoSuchMethodError'{0x00000000884801a8}: 'java.lang.Object java.lang.invoke.DirectMethodHandle$Holder.invokeInterface(java.lang.Object, java.lang.Object, int)'> (0x00000000884801a8) 
thrown [s\src\hotspot\share\interpreter\linkResolver.cpp, line 774]
Event: 20.466 Thread 0x0000024fd899d590 Exception <a 'java/lang/NoSuchMethodError'{0x0000000088412ec0}: 'java.lang.Object java.lang.invoke.DirectMethodHandle$Holder.invokeInterface(java.lang.Object, java.lang.Object, int)'> (0x0000000088412ec0) 
thrown [s\src\hotspot\share\interpreter\linkResolver.cpp, line 774]
Event: 20.466 Thread 0x0000024fd899c5a0 Exception <a 'java/lang/NoSuchMethodError'{0x00000000884406d0}: 'java.lang.Object java.lang.invoke.DirectMethodHandle$Holder.invokeInterface(java.lang.Object, java.lang.Object, int)'> (0x00000000884406d0) 
thrown [s\src\hotspot\share\interpreter\linkResolver.cpp, line 774]
Event: 20.466 Thread 0x0000024fd899d040 Exception <a 'java/lang/NoSuchMethodError'{0x0000000088452c40}: 'java.lang.Object java.lang.invoke.DirectMethodHandle$Holder.invokeInterface(java.lang.Object, java.lang.Object, int)'> (0x0000000088452c40) 
thrown [s\src\hotspot\share\interpreter\linkResolver.cpp, line 774]
Event: 20.972 Thread 0x0000024fd89a0ab0 Exception <a 'java/io/IOException'{0x0000000086e0d0c0}> (0x0000000086e0d0c0) 
thrown [s\src\hotspot\share\prims\jni.cpp, line 517]
Event: 20.972 Thread 0x0000024fd899c5a0 Exception <a 'java/io/IOException'{0x0000000086e29a88}> (0x0000000086e29a88) 
thrown [s\src\hotspot\share\prims\jni.cpp, line 517]

VM Operations (20 events):
Event: 20.246 Executing VM operation: HandshakeAllThreads
Event: 20.247 Executing VM operation: HandshakeAllThreads done
Event: 20.302 Executing VM operation: HandshakeAllThreads
Event: 20.302 Executing VM operation: HandshakeAllThreads done
Event: 20.445 Executing VM operation: HandshakeAllThreads
Event: 20.446 Executing VM operation: HandshakeAllThreads done
Event: 20.496 Executing VM operation: ICBufferFull
Event: 20.496 Executing VM operation: ICBufferFull done
Event: 20.700 Executing VM operation: ICBufferFull
Event: 20.701 Executing VM operation: ICBufferFull done
Event: 20.701 Executing VM operation: ICBufferFull
Event: 20.701 Executing VM operation: ICBufferFull done
Event: 21.707 Executing VM operation: Cleanup
Event: 21.707 Executing VM operation: Cleanup done
Event: 22.722 Executing VM operation: Cleanup
Event: 22.722 Executing VM operation: Cleanup done
Event: 23.579 Executing VM operation: G1CollectForAllocation
Event: 23.585 Executing VM operation: G1CollectForAllocation done
Event: 24.176 Executing VM operation: ICBufferFull
Event: 24.177 Executing VM operation: ICBufferFull done

Events (20 events):
Event: 7.032 Thread 0x0000024fd899fac0 Thread added: 0x0000024fd899fac0
Event: 7.034 Thread 0x0000024fd89a2fe0 Thread added: 0x0000024fd89a2fe0
Event: 7.035 Thread 0x0000024fd89a0ab0 Thread added: 0x0000024fd89a0ab0
Event: 7.036 Thread 0x0000024fd899c050 Thread added: 0x0000024fd899c050
Event: 7.037 Thread 0x0000024fd899e580 Thread added: 0x0000024fd899e580
Event: 7.038 Thread 0x0000024fd899c5a0 Thread added: 0x0000024fd899c5a0
Event: 7.039 Thread 0x0000024fd899d040 Thread added: 0x0000024fd899d040
Event: 7.040 Thread 0x0000024fd899d590 Thread added: 0x0000024fd899d590
Event: 7.041 Thread 0x0000024fd899ead0 Thread added: 0x0000024fd899ead0
Event: 7.042 Thread 0x0000024fd89a1550 Thread added: 0x0000024fd89a1550
Event: 7.061 Thread 0x0000024fd89a2540 Thread added: 0x0000024fd89a2540
Event: 7.065 Thread 0x0000024fd89a1aa0 Thread added: 0x0000024fd89a1aa0
Event: 7.087 Thread 0x0000024fd22a1800 Thread exited: 0x0000024fd22a1800
Event: 7.090 Thread 0x0000024fd22a1d50 Thread exited: 0x0000024fd22a1d50
Event: 7.091 Thread 0x0000024fb1a2d080 Thread exited: 0x0000024fb1a2d080
Event: 7.091 Thread 0x0000024fd89a2a90 Thread added: 0x0000024fd89a2a90
Event: 8.033 Thread 0x0000024fd73c1380 Thread exited: 0x0000024fd73c1380
Event: 19.963 Thread 0x0000024fd724bf50 Thread added: 0x0000024fd724bf50
Event: 23.080 Thread 0x0000024fd724bf50 Thread exited: 0x0000024fd724bf50
Event: 23.405 Thread 0x0000024fda37b700 Thread added: 0x0000024fda37b700


Dynamic libraries:
0x00007ff61f960000 - 0x00007ff61f96d000 	C:\Users\Ritej\.jdks\corretto-19.0.2\bin\java.exe
0x00007ffe09eb0000 - 0x00007ffe0a0c7000 	C:\WINDOWS\SYSTEM32\ntdll.dll
0x00007ffdc3020000 - 0x00007ffdc3040000 	C:\Program Files\Avast Software\Avast\aswhook.dll
0x00007ffe08c10000 - 0x00007ffe08cd4000 	C:\WINDOWS\System32\KERNEL32.DLL
0x00007ffe07750000 - 0x00007ffe07b20000 	C:\WINDOWS\System32\KERNELBASE.dll
0x00007ffe07160000 - 0x00007ffe07271000 	C:\WINDOWS\System32\ucrtbase.dll
0x00007ffe02e80000 - 0x00007ffe02e97000 	C:\Users\Ritej\.jdks\corretto-19.0.2\bin\jli.dll
0x00007ffdfb130000 - 0x00007ffdfb145000 	C:\Users\Ritej\.jdks\corretto-19.0.2\bin\VCRUNTIME140.dll
0x00007ffe08a60000 - 0x00007ffe08c0e000 	C:\WINDOWS\System32\USER32.dll
0x00007ffe075e0000 - 0x00007ffe07606000 	C:\WINDOWS\System32\win32u.dll
0x00007ffe09140000 - 0x00007ffe09169000 	C:\WINDOWS\System32\GDI32.dll
0x00007ffdf0f20000 - 0x00007ffdf11b2000 	C:\WINDOWS\WinSxS\amd64_microsoft.windows.common-controls_6595b64144ccf1df_6.0.22621.4830_none_270fe7d773858e80\COMCTL32.dll
0x00007ffe07320000 - 0x00007ffe0743b000 	C:\WINDOWS\System32\gdi32full.dll
0x00007ffe07280000 - 0x00007ffe0731a000 	C:\WINDOWS\System32\msvcp_win.dll
0x00007ffe08190000 - 0x00007ffe08237000 	C:\WINDOWS\System32\msvcrt.dll
0x00007ffe08ce0000 - 0x00007ffe08d11000 	C:\WINDOWS\System32\IMM32.DLL
0x00007ffded110000 - 0x00007ffded1ab000 	C:\Users\Ritej\.jdks\corretto-19.0.2\bin\msvcp140.dll
0x00007ffdec430000 - 0x00007ffded109000 	C:\Users\Ritej\.jdks\corretto-19.0.2\bin\server\jvm.dll
0x00007ffe07ba0000 - 0x00007ffe07c51000 	C:\WINDOWS\System32\ADVAPI32.dll
0x00007ffe09090000 - 0x00007ffe09137000 	C:\WINDOWS\System32\sechost.dll
0x00007ffe075b0000 - 0x00007ffe075d8000 	C:\WINDOWS\System32\bcrypt.dll
0x00007ffe09c40000 - 0x00007ffe09d54000 	C:\WINDOWS\System32\RPCRT4.dll
0x00007ffdff6b0000 - 0x00007ffdff6ba000 	C:\WINDOWS\SYSTEM32\VERSION.dll
0x00007ffe00a00000 - 0x00007ffe00a34000 	C:\WINDOWS\SYSTEM32\WINMM.dll
0x00007ffdec120000 - 0x00007ffdec129000 	C:\WINDOWS\SYSTEM32\WSOCK32.dll
0x00007ffe08240000 - 0x00007ffe082b1000 	C:\WINDOWS\System32\WS2_32.dll
0x00007ffe06160000 - 0x00007ffe06178000 	C:\WINDOWS\SYSTEM32\kernel.appcore.dll
0x00007ffe032c0000 - 0x00007ffe032ca000 	C:\Users\Ritej\.jdks\corretto-19.0.2\bin\jimage.dll
0x00007ffe04b20000 - 0x00007ffe04d52000 	C:\WINDOWS\SYSTEM32\DBGHELP.DLL
0x00007ffe07c70000 - 0x00007ffe08000000 	C:\WINDOWS\System32\combase.dll
0x00007ffe09170000 - 0x00007ffe09247000 	C:\WINDOWS\System32\OLEAUT32.dll
0x00007ffdfa3f0000 - 0x00007ffdfa422000 	C:\WINDOWS\SYSTEM32\dbgcore.DLL
0x00007ffe076d0000 - 0x00007ffe0774b000 	C:\WINDOWS\System32\bcryptPrimitives.dll
0x00007ffe02e70000 - 0x00007ffe02e7e000 	C:\Users\Ritej\.jdks\corretto-19.0.2\bin\instrument.dll
0x00007ffdfb0b0000 - 0x00007ffdfb0d6000 	C:\Users\Ritej\.jdks\corretto-19.0.2\bin\java.dll
0x00007ffdec350000 - 0x00007ffdec426000 	C:\Users\Ritej\.jdks\corretto-19.0.2\bin\jsvml.dll
0x00007ffe09250000 - 0x00007ffe09ac8000 	C:\WINDOWS\System32\SHELL32.dll
0x00007ffe05060000 - 0x00007ffe05970000 	C:\WINDOWS\SYSTEM32\windows.storage.dll
0x00007ffe04f20000 - 0x00007ffe0505f000 	C:\WINDOWS\SYSTEM32\wintypes.dll
0x00007ffe09b30000 - 0x00007ffe09c3a000 	C:\WINDOWS\System32\SHCORE.dll
0x00007ffe087d0000 - 0x00007ffe0882e000 	C:\WINDOWS\System32\shlwapi.dll
0x00007ffe07090000 - 0x00007ffe070bb000 	C:\WINDOWS\SYSTEM32\profapi.dll
0x00007ffdf9ba0000 - 0x00007ffdf9bb8000 	C:\Users\Ritej\.jdks\corretto-19.0.2\bin\zip.dll
0x00007ffdfae20000 - 0x00007ffdfae33000 	C:\Users\Ritej\.jdks\corretto-19.0.2\bin\net.dll
0x00007ffe03670000 - 0x00007ffe0379c000 	C:\WINDOWS\SYSTEM32\WINHTTP.dll
0x00007ffe065d0000 - 0x00007ffe0663a000 	C:\WINDOWS\system32\mswsock.dll
0x00007ffdf9bc0000 - 0x00007ffdf9bd5000 	C:\Users\Ritej\.jdks\corretto-19.0.2\bin\nio.dll
0x00007ffdf9b70000 - 0x00007ffdf9b8a000 	C:\Program Files\JetBrains\IntelliJ IDEA Community Edition 2024.1.4\bin\breakgen64.dll
0x00007ffdf9b60000 - 0x00007ffdf9b68000 	C:\Users\Ritej\.jdks\corretto-19.0.2\bin\extnet.dll
0x00007ffe02150000 - 0x00007ffe02159000 	C:\Users\Ritej\.jdks\corretto-19.0.2\bin\management.dll
0x00007ffe00200000 - 0x00007ffe0020b000 	C:\Users\Ritej\.jdks\corretto-19.0.2\bin\management_ext.dll
0x00007ffe087c0000 - 0x00007ffe087c8000 	C:\WINDOWS\System32\PSAPI.DLL
0x00007ffdf9b90000 - 0x00007ffdf9b9e000 	C:\Users\Ritej\.jdks\corretto-19.0.2\bin\sunmscapi.dll
0x00007ffe07440000 - 0x00007ffe075a6000 	C:\WINDOWS\System32\CRYPT32.dll
0x00007ffe06a10000 - 0x00007ffe06a3d000 	C:\WINDOWS\SYSTEM32\ncrypt.dll
0x00007ffe069d0000 - 0x00007ffe06a07000 	C:\WINDOWS\SYSTEM32\NTASN1.dll
0x00007ffe06920000 - 0x00007ffe0693b000 	C:\WINDOWS\SYSTEM32\CRYPTSP.dll
0x00007ffe060c0000 - 0x00007ffe060f5000 	C:\WINDOWS\system32\rsaenh.dll
0x00007ffe06670000 - 0x00007ffe06698000 	C:\WINDOWS\SYSTEM32\USERENV.dll
0x00007ffe06900000 - 0x00007ffe0690c000 	C:\WINDOWS\SYSTEM32\CRYPTBASE.dll
0x00007ffe05bd0000 - 0x00007ffe05bfd000 	C:\WINDOWS\SYSTEM32\IPHLPAPI.DLL
0x00007ffe08020000 - 0x00007ffe08029000 	C:\WINDOWS\System32\NSI.dll
0x00007ffe00750000 - 0x00007ffe00769000 	C:\WINDOWS\SYSTEM32\dhcpcsvc6.DLL
0x00007ffe00650000 - 0x00007ffe0066f000 	C:\WINDOWS\SYSTEM32\dhcpcsvc.DLL
0x00007ffe05c40000 - 0x00007ffe05d42000 	C:\WINDOWS\SYSTEM32\DNSAPI.dll
0x00007ffdffcd0000 - 0x00007ffdffcda000 	C:\Windows\System32\rasadhlp.dll
0x00007ffdffe90000 - 0x00007ffdfff13000 	C:\WINDOWS\System32\fwpuclnt.dll
0x00007ffda0eb0000 - 0x00007ffda0eb8000 	C:\WINDOWS\system32\wshunix.dll
0x00007ffdf9b50000 - 0x00007ffdf9b60000 	C:\Users\Ritej\.jdks\corretto-19.0.2\bin\verify.dll

dbghelp: loaded successfully - version: 4.0.5 - missing functions: none
symbol engine: initialized successfully - sym options: 0x614 - pdb path: .;C:\Users\Ritej\.jdks\corretto-19.0.2\bin;C:\WINDOWS\SYSTEM32;C:\Program Files\Avast Software\Avast;C:\WINDOWS\WinSxS\amd64_microsoft.windows.common-controls_6595b64144ccf1df_6.0.22621.4830_none_270fe7d773858e80;C:\Users\Ritej\.jdks\corretto-19.0.2\bin\server;C:\Program Files\JetBrains\IntelliJ IDEA Community Edition 2024.1.4\bin

VM Arguments:
jvm_args: -javaagent:C:\Program Files\JetBrains\IntelliJ IDEA Community Edition 2024.1.4\lib\idea_rt.jar=59901:C:\Program Files\JetBrains\IntelliJ IDEA Community Edition 2024.1.4\bin -Dfile.encoding=UTF-8 -Dsun.stdout.encoding=UTF-8 -Dsun.stderr.encoding=UTF-8 
java_command: com.example.WSM.WsmApplication
java_class_path (initial): C:\Users\Ritej\Downloads\Ritej-main\WSM Project\WSM\target\classes;C:\Users\Ritej\.m2\repository\org\apache\poi\poi\5.2.3\poi-5.2.3.jar;C:\Users\Ritej\.m2\repository\commons-codec\commons-codec\1.18.0\commons-codec-1.18.0.jar;C:\Users\Ritej\.m2\repository\org\apache\commons\commons-collections4\4.4\commons-collections4-4.4.jar;C:\Users\Ritej\.m2\repository\org\apache\commons\commons-math3\3.6.1\commons-math3-3.6.1.jar;C:\Users\Ritej\.m2\repository\commons-io\commons-io\2.11.0\commons-io-2.11.0.jar;C:\Users\Ritej\.m2\repository\com\zaxxer\SparseBitSet\1.2\SparseBitSet-1.2.jar;C:\Users\Ritej\.m2\repository\org\apache\logging\log4j\log4j-api\2.24.3\log4j-api-2.24.3.jar;C:\Users\Ritej\.m2\repository\org\apache\poi\poi-ooxml\5.2.3\poi-ooxml-5.2.3.jar;C:\Users\Ritej\.m2\repository\org\apache\poi\poi-ooxml-lite\5.2.3\poi-ooxml-lite-5.2.3.jar;C:\Users\Ritej\.m2\repository\org\apache\xmlbeans\xmlbeans\5.1.1\xmlbeans-5.1.1.jar;C:\Users\Ritej\.m2\repository\org\apache\commons\commons-compress\1.21\commons-compress-1.21.jar;C:\Users\Ritej\.m2\repository\com\github\virtuald\curvesapi\1.07\curvesapi-1.07.jar;C:\Users\Ritej\.m2\repository\io\jsonwebtoken\jjwt-api\0.11.5\jjwt-api-0.11.5.jar;C:\Users\Ritej\.m2\repository\io\jsonwebtoken\jjwt-impl\0.11.5\jjwt-impl-0.11.5.jar;C:\Users\Ritej\.m2\repository\io\jsonwebtoken\jjwt-jackson\0.11.5\jjwt-jackson-0.11.5.jar;C:\Users\Ritej\.m2\repository\com\fasterxml\jackson\core\jackson-databind\2.19.2\jackson-databind-2.19.2.jar;C:\Users\Ritej\.m2\repository\com\fasterxml\jackson\core\jackson-annotations\2.19.2\jackson-annotations-2.19.2.jar;C:\Users\Ritej\.m2\repository\com\fasterxml\jackson\core\jackson-core\2.19.2\jackson-core-2.19.2.jar;C:\Users\Ritej\.m2\repository\org\springframework\boot\spring-boot-starter-data-mongodb\3.5.4\spring-boot-starter-data-mongodb-3.5.4.jar;C:\Users\Ritej\.m2\repository\org\springframework\boot\spring-boot-starter\3.5.4\spring-boot-starter-3.5.4.jar;C:\Users\Ritej\.m2\repository\org\springframework\boot\spring-boot-starter-logging\3.5.4\spring-boot-starter-logging-3.5.4.jar;C:\Users\Ritej\.m2\repository\ch\qos\logback\logback-classic\1.5.18\logback-classic-1.5.18.jar;C:\Users\Ritej\.m2\repository\ch\qos\logback\logback-core\1.5.18\logback-core-1.5.18.jar;C:\Users\Ritej\.m2\repository\org\apache\logging\log4j\log4j-to-slf4j\2.24.3\log4j-to-slf4j-2.24.3.jar;C:\Users\Ritej\.m2\repository\org\slf4j\jul-to-slf4j\2.0.17\jul-to-slf4j-2.0.17.jar;C:\Users\Ritej\.m2\repository\jakarta\annotation\jakarta.annotation-api\2.1.1\jakarta.annotation-api-2.1.1.jar;C:\Users\Ritej\.m2\repository\org\yaml\snakeyaml\2.4\snakeyaml-2.4.jar;C:\Users\Ritej\.m2\repository\org\mongodb\mongodb-driver-sync\5.5.1\mongodb-driver-sync-5.5.1.jar;C:\Users\Ritej\.m2\repository\org\mongodb\bson\5.5.1\bson-5.5.1.jar;C:\Users\Ritej\.m2\repository\org\mongodb\mongodb-driver-core\5.5.1\mongodb-driver-core-5.5.1.jar;C:\Users\Ritej\.m2\repository\org\mongodb\bson-record-codec\5.5.1\bson-record-codec-5.5.1.jar;C:\Users\Ritej\.m2\repository\org\springframework\data\spring-data-mongodb\4.5.2\spring-data-mongodb-4.5.2.jar;C:\Users\Ritej\.m2\repository\org\springframework\spring-tx\6.2.9\spring-tx-6.2.9.jar;C:\Users\Ritej\.m2\repository\org\springframework\spring-context\6.2.9\spring-context-6.2.9.jar;C:\Users\Ritej\.m2\repository\org\springframework\spring-beans\6.2.9\spring-beans-6.2.9.jar;C:\Users\Ritej\.m2\repository\org\springframework\spring-expression\6.2.9\spring-expression-6.2.9.jar;C:\Users\Ritej\.m2\repository\org\springframework\data\spring-data-commons\3.5.2\spring-data-commons-3.5.2.jar;C:\Users\Ritej\.m2\repository\org\slf4j\slf4j-api\2.0.17\slf4j-api-2.0.17.jar;C:\Users\Ritej\.m2\repository\org\springframework\boot\spring-boot-starter-security\3.2.0\spring-boot-starter-security-3.2.0.jar;C:\Users\Ritej\.m2\repository\org\springframework\spring-aop\6.2.9\spring-aop-6.2.9.jar;C:\Users\Ritej\.m2\repository\org\springframework\security\spring-security-config\6.5.2\spring-security-config-6.5.2.jar;C:\Users\Ritej\.m2\repository\org\springframework\security\spring-security-core\6.5.2\spring-security-core-6.5.2.jar;C:\Users\Ritej\.m2\repository\org\springframework\security\spring-security-crypto\6.5.2\spring-security-crypto-6.5.2.jar;C:\Users\Ritej\.m2\repository\org\springframework\security\spring-security-web\6.5.2\spring-security-web-6.5.2.jar;C:\Users\Ritej\.m2\repository\org\springframework\boot\spring-boot-starter-web\3.5.4\spring-boot-starter-web-3.5.4.jar;C:\Users\Ritej\.m2\repository\org\springframework\boot\spring-boot-starter-json\3.5.4\spring-boot-starter-json-3.5.4.jar;C:\Users\Ritej\.m2\repository\com\fasterxml\jackson\datatype\jackson-datatype-jdk8\2.19.2\jackson-datatype-jdk8-2.19.2.jar;C:\Users\Ritej\.m2\repository\com\fasterxml\jackson\datatype\jackson-datatype-jsr310\2.19.2\jackson-datatype-jsr310-2.19.2.jar;C:\Users\Ritej\.m2\repository\com\fasterxml\jackson\module\jackson-module-parameter-names\2.19.2\jackson-module-parameter-names-2.19.2.jar;C:\Users\Ritej\.m2\repository\org\springframework\boot\spring-boot-starter-tomcat\3.5.4\spring-boot-starter-tomcat-3.5.4.jar;C:\Users\Ritej\.m2\repository\org\apache\tomcat\embed\tomcat-embed-core\10.1.43\tomcat-embed-core-10.1.43.jar;C:\Users\Ritej\.m2\repository\org\apache\tomcat\embed\tomcat-embed-el\10.1.43\tomcat-embed-el-10.1.43.jar;C:\Users\Ritej\.m2\repository\org\apache\tomcat\embed\tomcat-embed-websocket\10.1.43\tomcat-embed-websocket-10.1.43.jar;C:\Users\Ritej\.m2\repository\org\springframework\spring-web\6.2.9\spring-web-6.2.9.jar;C:\Users\Ritej\.m2\repository\io\micrometer\micrometer-observation\1.15.2\micrometer-observation-1.15.2.jar;C:\Users\Ritej\.m2\repository\io\micrometer\micrometer-commons\1.15.2\micrometer-commons-1.15.2.jar;C:\Users\Ritej\.m2\repository\org\springframework\spring-webmvc\6.2.9\spring-webmvc-6.2.9.jar;C:\Users\Ritej\.m2\repository\org\springframework\boot\spring-boot-devtools\3.5.4\spring-boot-devtools-3.5.4.jar;C:\Users\Ritej\.m2\repository\org\springframework\boot\spring-boot\3.5.4\spring-boot-3.5.4.jar;C:\Users\Ritej\.m2\repository\org\springframework\boot\spring-boot-autoconfigure\3.5.4\spring-boot-autoconfigure-3.5.4.jar;C:\Users\Ritej\.m2\repository\org\springframework\spring-core\6.2.9\spring-core-6.2.9.jar;C:\Users\Ritej\.m2\repository\org\springframework\spring-jcl\6.2.9\spring-jcl-6.2.9.jar
Launcher Type: SUN_STANDARD

[Global flags]
     intx CICompilerCount                          = 4                                         {product} {ergonomic}
     uint ConcGCThreads                            = 2                                         {product} {ergonomic}
     uint G1ConcRefinementThreads                  = 8                                         {product} {ergonomic}
   size_t G1HeapRegionSize                         = 1048576                                   {product} {ergonomic}
    uintx GCDrainStackTargetSize                   = 64                                        {product} {ergonomic}
   size_t InitialHeapSize                          = 130023424                                 {product} {ergonomic}
   size_t MarkStackSize                            = 4194304                                   {product} {ergonomic}
   size_t MaxHeapSize                              = 2078277632                                {product} {ergonomic}
   size_t MaxNewSize                               = 1246756864                                {product} {ergonomic}
   size_t MinHeapDeltaBytes                        = 1048576                                   {product} {ergonomic}
   size_t MinHeapSize                              = 8388608                                   {product} {ergonomic}
    uintx NonNMethodCodeHeapSize                   = 5839372                                {pd product} {ergonomic}
    uintx NonProfiledCodeHeapSize                  = 122909434                              {pd product} {ergonomic}
    uintx ProfiledCodeHeapSize                     = 122909434                              {pd product} {ergonomic}
    uintx ReservedCodeCacheSize                    = 251658240                              {pd product} {ergonomic}
     bool SegmentedCodeCache                       = true                                      {product} {ergonomic}
   size_t SoftMaxHeapSize                          = 2078277632                             {manageable} {ergonomic}
     bool UseCompressedClassPointers               = true                           {product lp64_product} {ergonomic}
     bool UseCompressedOops                        = true                           {product lp64_product} {ergonomic}
     bool UseG1GC                                  = true                                      {product} {ergonomic}
     bool UseLargePagesIndividualAllocation        = false                                  {pd product} {ergonomic}

Logging:
Log output configuration:
 #0: stdout all=warning uptime,level,tags foldmultilines=false
 #1: stderr all=off uptime,level,tags foldmultilines=false

Environment Variables:
JAVA_HOME=C:\Program Files\Java\jdk-17
PATH=C:\Program Files\MongoDB\Server\7.0\bin;C:\oraclexe\app\oracle\product\11.2.0\server\bin;"C:\xampp\php;C:\xampp\php;C:\Program Files\Common Files\Oracle\Java\javapath";C:\WINDOWS\system32;C:\WINDOWS;C:\WINDOWS\System32\Wbem;C:\WINDOWS\System32\WindowsPowerShell\v1.0\;C:\WINDOWS\System32\OpenSSH\;C:\ProgramData\chocolatey\bin;C:\Program Files\Java\jdk-17\bin;C:\Program Files\Docker\Docker\resources\bin;C:\Users\Ritej\AppData\Roaming\nvm;C:\Program Files\nodejs;C:\Users\Ritej\AppData\Local\Microsoft\WindowsApps\python.exe;C:\Users\Ritej\AppData\Local\Programs\Python\Launcher\;C:\Program Files\MongoDB\Server\7.0\bin;C:\Users\Ritej\AppData\Local\Microsoft\WindowsApps;C:\Users\Ritej\AppData\Local\JetBrains\PyCharm 2023.1\bin;;C:\Program Files\JetBrains\PyCharm Community Edition 2022.2.3\bin;;C:\Users\Ritej\AppData\Local\Programs\Microsoft VS Code\bin;C:\Users\Ritej\AppData\Roaming\npm;C:\Program Files\JetBrains\IntelliJ IDEA Community Edition 2024.1.4\bin;;C:\Users\Ritej\Desktop\jdk-19_windows-x64_bin\bin;C:\Users\Ritej\AppData\Local\JetBrains\IntelliJ IDEA 2024.1.4\bin;;C:\Users\Ritej\AppData\Roaming\nvm;C:\Program Files\nodejs;C:\Program Files\apache-maven-3.9.9\bin;C:\Users\Ritej\AppData\Local\Microsoft\WindowsApps\python.exe;
USERNAME=Ritej
OS=Windows_NT
PROCESSOR_IDENTIFIER=Intel64 Family 6 Model 140 Stepping 1, GenuineIntel
TMP=C:\Users\Ritej\AppData\Local\Temp
TEMP=C:\Users\Ritej\AppData\Local\Temp



---------------  S Y S T E M  ---------------

OS:
 Windows 11 , 64 bit Build 22621 (10.0.22621.4830)
OS uptime: 0 days 10:55 hours
Hyper-V role detected

CPU: total 8 (initial active 8) (4 cores per cpu, 2 threads per core) family 6 model 140 stepping 1 microcode 0xb8, cx8, cmov, fxsr, ht, mmx, 3dnowpref, sse, sse2, sse3, ssse3, sse4.1, sse4.2, popcnt, lzcnt, tsc, tscinvbit, avx, avx2, aes, erms, clmul, bmi1, bmi2, adx, avx512f, avx512dq, avx512cd, avx512bw, avx512vl, sha, fma, vzeroupper, avx512_vpopcntdq, avx512_vpclmulqdq, avx512_vaes, avx512_vnni, clflush, clflushopt, clwb, avx512_vbmi2, avx512_vbmi, hv, rdtscp, rdpid, fsrm, gfni, avx512_bitalg

Memory: 4k page, system-wide physical 7926M (446M free)
TotalPageFile size 15235M (AvailPageFile size 11M)
current process WorkingSet (physical memory assigned to process): 239M, peak: 244M
current process commit charge ("private bytes"): 275M, peak: 282M

vm_info: OpenJDK 64-Bit Server VM (19.0.2+7-FR) for windows-amd64 JRE (19.0.2+7-FR), built on Jan 13 2023 22:53:32 by "Administrator" with MS VC++ 15.9 (VS2017)

END.
