#
# There is insufficient memory for the Java Runtime Environment to continue.
# Native memory allocation (malloc) failed to allocate 131088 bytes for Chunk::new
# Possible reasons:
#   The system is out of physical RAM or swap space
#   The process is running with CompressedOops enabled, and the Java Heap may be blocking the growth of the native heap
# Possible solutions:
#   Reduce memory load on the system
#   Increase physical memory or swap space
#   Check if swap backing store is full
#   Decrease Java heap size (-Xmx/-Xms)
#   Decrease number of Java threads
#   Decrease Java thread stack sizes (-Xss)
#   Set larger code cache with -XX:ReservedCodeCacheSize=
#   JVM is running with Unscaled Compressed Oops mode in which the Java heap is
#     placed in the first 4GB address space. The Java Heap base address is the
#     maximum limit for the native heap growth. Please use -XX:HeapBaseMinAddress
#     to set the Java Heap base and to place the Java Heap above 4GB virtual address.
# This output file may be truncated or incomplete.
#
#  Out of Memory Error (arena.cpp:184), pid=8264, tid=22836
#
# JRE version: OpenJDK Runtime Environment Corretto-19.0.2.7.1 (19.0.2+7) (build 19.0.2+7-FR)
# Java VM: OpenJDK 64-Bit Server VM Corretto-19.0.2.7.1 (19.0.2+7-FR, mixed mode, sharing, tiered, compressed oops, compressed class ptrs, g1 gc, windows-amd64)
# No core dump will be written. Minidumps are not enabled by default on client versions of Windows
#

---------------  S U M M A R Y ------------

Command Line: -javaagent:C:\Program Files\JetBrains\IntelliJ IDEA Community Edition 2024.1.4\lib\idea_rt.jar=57126:C:\Program Files\JetBrains\IntelliJ IDEA Community Edition 2024.1.4\bin -Dfile.encoding=UTF-8 -Dsun.stdout.encoding=UTF-8 -Dsun.stderr.encoding=UTF-8 com.example.WSM.WsmApplication

Host: 11th Gen Intel(R) Core(TM) i5-1135G7 @ 2.40GHz, 8 cores, 7G,  Windows 11 , 64 bit Build 22621 (10.0.22621.4830)
Time: Thu Aug 28 21:11:54 2025 Afr. centrale Ouest elapsed time: 584.440732 seconds (0d 0h 9m 44s)

---------------  T H R E A D  ---------------

Current thread (0x000002107177e470):  JavaThread "C2 CompilerThread0" daemon [_thread_in_native, id=22836, stack(0x000000948fe00000,0x000000948ff00000)]


Current CompileTask:
C2: 584440 5889       4       java.lang.invoke.MethodType::methodType (69 bytes)

Stack: [0x000000948fe00000,0x000000948ff00000]
Native frames: (J=compiled Java code, j=interpreted, Vv=VM code, C=native code)
V  [jvm.dll+0x6d034a]
V  [jvm.dll+0x880f10]
V  [jvm.dll+0x88289e]
V  [jvm.dll+0x882f43]
V  [jvm.dll+0x27b4bb]
V  [jvm.dll+0xdd792]
V  [jvm.dll+0xddb25]
V  [jvm.dll+0xdd8bb]
V  [jvm.dll+0x6ae1ac]
V  [jvm.dll+0x65dacc]
V  [jvm.dll+0x66332b]
V  [jvm.dll+0x6641c7]
V  [jvm.dll+0x6626a1]
V  [jvm.dll+0x246f86]
V  [jvm.dll+0x2465a7]
V  [jvm.dll+0x1d4bb7]
V  [jvm.dll+0x25558a]
V  [jvm.dll+0x2538d7]
V  [jvm.dll+0x8342bd]
V  [jvm.dll+0x82e2fa]
V  [jvm.dll+0x6cf0d3]
C  [ucrtbase.dll+0x29333]
C  [KERNEL32.DLL+0x1259d]
C  [ntdll.dll+0x5af38]


---------------  P R O C E S S  ---------------

Threads class SMR info:
_java_thread_list=0x00000210762dd360, length=35, elements={
0x000002107176a8e0, 0x000002107176b4d0, 0x000002107176d0f0, 0x0000021071770e90,
0x0000021071772050, 0x0000021071775870, 0x000002107177e470, 0x0000021075c090a0,
0x0000021075c1fe20, 0x0000021075d07e80, 0x0000021075f29f90, 0x0000021075f2a4d0,
0x00000210785c7e30, 0x000002107798ec50, 0x0000021076e4a7f0, 0x0000021076e2a380,
0x0000021076e273b0, 0x0000021076e2a8d0, 0x0000021076e283a0, 0x0000021076e298e0,
0x0000021076e29e30, 0x0000021076e27900, 0x0000021076e27e50, 0x0000021076e288f0,
0x0000021076e28e40, 0x0000021076e29390, 0x00000210779ec480, 0x00000210779e5f90,
0x00000210779e7f70, 0x00000210779ec9d0, 0x00000210779e94b0, 0x00000210779e74d0,
0x00000210779e84c0, 0x00000210779e6f80, 0x0000021075d03870
}

Java Threads: ( => current thread )
  0x000002107176a8e0 JavaThread "Reference Handler" daemon [_thread_blocked, id=6036, stack(0x000000948f800000,0x000000948f900000)]
  0x000002107176b4d0 JavaThread "Finalizer" daemon [_thread_blocked, id=16764, stack(0x000000948f900000,0x000000948fa00000)]
  0x000002107176d0f0 JavaThread "Signal Dispatcher" daemon [_thread_blocked, id=13320, stack(0x000000948fa00000,0x000000948fb00000)]
  0x0000021071770e90 JavaThread "Attach Listener" daemon [_thread_blocked, id=16252, stack(0x000000948fb00000,0x000000948fc00000)]
  0x0000021071772050 JavaThread "Service Thread" daemon [_thread_blocked, id=7756, stack(0x000000948fc00000,0x000000948fd00000)]
  0x0000021071775870 JavaThread "Monitor Deflation Thread" daemon [_thread_blocked, id=22148, stack(0x000000948fd00000,0x000000948fe00000)]
=>0x000002107177e470 JavaThread "C2 CompilerThread0" daemon [_thread_in_native, id=22836, stack(0x000000948fe00000,0x000000948ff00000)]
  0x0000021075c090a0 JavaThread "C1 CompilerThread0" daemon [_thread_in_native, id=25528, stack(0x000000948ff00000,0x0000009490000000)]
  0x0000021075c1fe20 JavaThread "Sweeper thread" daemon [_thread_blocked, id=16724, stack(0x0000009490000000,0x0000009490100000)]
  0x0000021075d07e80 JavaThread "Common-Cleaner" daemon [_thread_blocked, id=19532, stack(0x0000009490100000,0x0000009490200000)]
  0x0000021075f29f90 JavaThread "Monitor Ctrl-Break" daemon [_thread_in_native, id=5456, stack(0x0000009490200000,0x0000009490300000)]
  0x0000021075f2a4d0 JavaThread "Notification Thread" daemon [_thread_blocked, id=16320, stack(0x0000009490300000,0x0000009490400000)]
  0x00000210785c7e30 JavaThread "Catalina-utility-1" [_thread_blocked, id=10476, stack(0x0000009491100000,0x0000009491200000)]
  0x000002107798ec50 JavaThread "Catalina-utility-2" [_thread_blocked, id=10420, stack(0x0000009491200000,0x0000009491300000)]
  0x0000021076e4a7f0 JavaThread "container-0" [_thread_blocked, id=9356, stack(0x0000009491300000,0x0000009491400000)]
  0x0000021076e2a380 JavaThread "BufferPoolPruner-1-thread-1" daemon [_thread_blocked, id=23012, stack(0x0000009491400000,0x0000009491500000)]
  0x0000021076e273b0 JavaThread "cluster-ClusterId{value='68b0b5c78443f657c76dc63e', description='null'}-localhost:27017" daemon [_thread_in_native, id=13032, stack(0x0000009491500000,0x0000009491600000)]
  0x0000021076e2a8d0 JavaThread "Live Reload Server" daemon [_thread_in_native, id=22108, stack(0x0000009491800000,0x0000009491900000)]
  0x0000021076e283a0 JavaThread "File Watcher" daemon [_thread_blocked, id=26812, stack(0x0000009491700000,0x0000009491800000)]
  0x0000021076e298e0 JavaThread "http-nio-8080-exec-1" daemon [_thread_blocked, id=14228, stack(0x0000009491900000,0x0000009491a00000)]
  0x0000021076e29e30 JavaThread "http-nio-8080-exec-2" daemon [_thread_in_native, id=23368, stack(0x0000009491a00000,0x0000009491b00000)]
  0x0000021076e27900 JavaThread "http-nio-8080-exec-3" daemon [_thread_blocked, id=12352, stack(0x0000009491b00000,0x0000009491c00000)]
  0x0000021076e27e50 JavaThread "http-nio-8080-exec-4" daemon [_thread_in_Java, id=2564, stack(0x0000009491c00000,0x0000009491d00000)]
  0x0000021076e288f0 JavaThread "http-nio-8080-exec-5" daemon [_thread_in_native, id=20648, stack(0x0000009491d00000,0x0000009491e00000)]
  0x0000021076e28e40 JavaThread "http-nio-8080-exec-6" daemon [_thread_blocked, id=1068, stack(0x0000009491e00000,0x0000009491f00000)]
  0x0000021076e29390 JavaThread "http-nio-8080-exec-7" daemon [_thread_in_Java, id=3440, stack(0x0000009491f00000,0x0000009492000000)]
  0x00000210779ec480 JavaThread "http-nio-8080-exec-8" daemon [_thread_blocked, id=9708, stack(0x0000009492000000,0x0000009492100000)]
  0x00000210779e5f90 JavaThread "http-nio-8080-exec-9" daemon [_thread_blocked, id=10576, stack(0x0000009492100000,0x0000009492200000)]
  0x00000210779e7f70 JavaThread "http-nio-8080-exec-10" daemon [_thread_blocked, id=23460, stack(0x0000009492200000,0x0000009492300000)]
  0x00000210779ec9d0 JavaThread "http-nio-8080-Poller" daemon [_thread_in_native, id=26448, stack(0x0000009492300000,0x0000009492400000)]
  0x00000210779e94b0 JavaThread "http-nio-8080-Acceptor" daemon [_thread_in_native, id=15688, stack(0x0000009492400000,0x0000009492500000)]
  0x00000210779e74d0 JavaThread "DestroyJavaVM" [_thread_blocked, id=10192, stack(0x000000948f100000,0x000000948f200000)]
  0x00000210779e84c0 JavaThread "cluster-rtt-ClusterId{value='68b0b5c78443f657c76dc63e', description='null'}-localhost:27017" daemon [_thread_blocked, id=10996, stack(0x000000948ee00000,0x000000948ef00000)]
  0x00000210779e6f80 JavaThread "MaintenanceTimer-2-thread-1" daemon [_thread_blocked, id=5176, stack(0x000000948ef00000,0x000000948f000000)]
  0x0000021075d03870 JavaThread "C2 CompilerThread1" daemon [_thread_in_native, id=19520, stack(0x000000948f000000,0x000000948f100000)]

Other Threads:
  0x0000021071751040 VMThread "VM Thread" [stack: 0x000000948f700000,0x000000948f800000] [id=21212]
  0x00000210760d3960 WatcherThread "VM Periodic Task Thread" [stack: 0x0000009490400000,0x0000009490500000] [id=14408]
  0x000002105112b240 WorkerThread "GC Thread#0" [stack: 0x000000948f200000,0x000000948f300000] [id=7676]
  0x0000021076795c70 WorkerThread "GC Thread#1" [stack: 0x0000009490700000,0x0000009490800000] [id=8448]
  0x00000210767a5730 WorkerThread "GC Thread#2" [stack: 0x0000009490800000,0x0000009490900000] [id=21540]
  0x00000210767d68d0 WorkerThread "GC Thread#3" [stack: 0x0000009490900000,0x0000009490a00000] [id=23036]
  0x00000210767d5250 WorkerThread "GC Thread#4" [stack: 0x0000009490a00000,0x0000009490b00000] [id=18092]
  0x00000210767d5520 WorkerThread "GC Thread#5" [stack: 0x0000009490b00000,0x0000009490c00000] [id=24952]
  0x00000210767d5d90 WorkerThread "GC Thread#6" [stack: 0x0000009490c00000,0x0000009490d00000] [id=8972]
  0x00000210767d6060 WorkerThread "GC Thread#7" [stack: 0x0000009490d00000,0x0000009490e00000] [id=19292]
  0x000002105113cbe0 ConcurrentGCThread "G1 Main Marker" [stack: 0x000000948f300000,0x000000948f400000] [id=18352]
  0x000002105113de50 WorkerThread "G1 Conc#0" [stack: 0x000000948f400000,0x000000948f500000] [id=25168]
  0x00000210767d57f0 WorkerThread "G1 Conc#1" [stack: 0x0000009490f00000,0x0000009491000000] [id=21968]
  0x000002107160a3a0 ConcurrentGCThread "G1 Refine#0" [stack: 0x000000948f500000,0x000000948f600000] [id=21536]
  0x000002105117e210 ConcurrentGCThread "G1 Service" [stack: 0x000000948f600000,0x000000948f700000] [id=23208]

Threads with active compile tasks:
C2 CompilerThread0   584606 5889       4       java.lang.invoke.MethodType::methodType (69 bytes)
C1 CompilerThread0   584606 6168       3       org.springframework.util.MimeType::isCompatibleWith (176 bytes)
C2 CompilerThread1   584606 5897   !   4       org.springframework.core.annotation.AnnotationsScanner::processMethodHierarchy (276 bytes)

VM state: not at safepoint (normal execution)

VM Mutex/Monitor currently owned by a thread: None

Heap address: 0x0000000084200000, size: 1982 MB, Compressed Oops mode: 32-bit

CDS archive(s) mapped at: [0x0000000800000000-0x0000000800c40000-0x0000000800c40000), size 12845056, SharedBaseAddress: 0x0000000800000000, ArchiveRelocationMode: 0.
Compressed class space mapped at: 0x0000000801000000-0x0000000841000000, reserved size: 1073741824
Narrow klass base: 0x0000000800000000, Narrow klass shift: 0, Narrow klass range: 0x100000000

GC Precious Log:
 CardTable entry size: 512
 Card Set container configuration: InlinePtr #cards 5 size 8 Array Of Cards #cards 12 size 40 Howl #buckets 4 coarsen threshold 1843 Howl Bitmap #cards 512 size 80 coarsen threshold 460 Card regions per heap region 1 cards per card region 2048
 CPUs: 8 total, 8 available
 Memory: 7926M
 Large Page Support: Disabled
 NUMA Support: Disabled
 Compressed Oops: Enabled (32-bit)
 Heap Region Size: 1M
 Heap Min Capacity: 8M
 Heap Initial Capacity: 124M
 Heap Max Capacity: 1982M
 Pre-touch: Disabled
 Parallel Workers: 8
 Concurrent Workers: 2
 Concurrent Refinement Workers: 8
 Periodic GC: Disabled

Heap:
 garbage-first heap   total 51200K, used 29255K [0x0000000084200000, 0x0000000100000000)
  region size 1024K, 9 young (9216K), 2 survivors (2048K)
 Metaspace       used 43393K, committed 44032K, reserved 1114112K
  class space    used 5533K, committed 5824K, reserved 1048576K

Heap Regions: E=young(eden), S=young(survivor), O=old, HS=humongous(starts), HC=humongous(continues), CS=collection set, F=free, OA=open archive, CA=closed archive, TAMS=top-at-mark-start (previous, next)
|   0|0x0000000084200000, 0x0000000084300000, 0x0000000084300000|100%| O|  |TAMS 0x0000000084300000, 0x0000000084200000| Untracked 
|   1|0x0000000084300000, 0x0000000084400000, 0x0000000084400000|100%| O|  |TAMS 0x0000000084400000, 0x0000000084300000| Untracked 
|   2|0x0000000084400000, 0x0000000084500000, 0x0000000084500000|100%| O|  |TAMS 0x0000000084500000, 0x0000000084400000| Untracked 
|   3|0x0000000084500000, 0x0000000084600000, 0x0000000084600000|100%| O|  |TAMS 0x0000000084600000, 0x0000000084500000| Untracked 
|   4|0x0000000084600000, 0x0000000084700000, 0x0000000084700000|100%| O|  |TAMS 0x0000000084700000, 0x0000000084600000| Untracked 
|   5|0x0000000084700000, 0x0000000084800000, 0x0000000084800000|100%| O|  |TAMS 0x0000000084800000, 0x0000000084700000| Untracked 
|   6|0x0000000084800000, 0x0000000084900000, 0x0000000084900000|100%| O|  |TAMS 0x0000000084800000, 0x0000000084800000| Untracked 
|   7|0x0000000084900000, 0x0000000084a00000, 0x0000000084a00000|100%| O|  |TAMS 0x0000000084a00000, 0x0000000084900000| Untracked 
|   8|0x0000000084a00000, 0x0000000084b00000, 0x0000000084b00000|100%| O|  |TAMS 0x0000000084b00000, 0x0000000084a00000| Untracked 
|   9|0x0000000084b00000, 0x0000000084c00000, 0x0000000084c00000|100%| O|  |TAMS 0x0000000084c00000, 0x0000000084b00000| Untracked 
|  10|0x0000000084c00000, 0x0000000084d00000, 0x0000000084d00000|100%| O|  |TAMS 0x0000000084d00000, 0x0000000084c00000| Untracked 
|  11|0x0000000084d00000, 0x0000000084e00000, 0x0000000084e00000|100%| O|  |TAMS 0x0000000084e00000, 0x0000000084d00000| Untracked 
|  12|0x0000000084e00000, 0x0000000084f00000, 0x0000000084f00000|100%| O|  |TAMS 0x0000000084f00000, 0x0000000084e00000| Untracked 
|  13|0x0000000084f00000, 0x0000000085000000, 0x0000000085000000|100%| O|  |TAMS 0x0000000085000000, 0x0000000084f00000| Untracked 
|  14|0x0000000085000000, 0x0000000085100000, 0x0000000085100000|100%| O|  |TAMS 0x0000000085100000, 0x0000000085000000| Untracked 
|  15|0x0000000085100000, 0x0000000085100000, 0x0000000085200000|  0%| F|  |TAMS 0x0000000085100000, 0x0000000085100000| Untracked 
|  16|0x0000000085200000, 0x0000000085300000, 0x0000000085300000|100%| O|  |TAMS 0x00000000852a6600, 0x0000000085200000| Untracked 
|  17|0x0000000085300000, 0x0000000085400000, 0x0000000085400000|100%| O|  |TAMS 0x0000000085300000, 0x0000000085300000| Untracked 
|  18|0x0000000085400000, 0x0000000085500000, 0x0000000085500000|100%| O|  |TAMS 0x0000000085400000, 0x0000000085400000| Untracked 
|  19|0x0000000085500000, 0x0000000085600000, 0x0000000085600000|100%| O|  |TAMS 0x0000000085500000, 0x0000000085500000| Untracked 
|  20|0x0000000085600000, 0x0000000085700000, 0x0000000085700000|100%| O|  |TAMS 0x0000000085600000, 0x0000000085600000| Untracked 
|  21|0x0000000085700000, 0x00000000857db600, 0x0000000085800000| 85%| O|  |TAMS 0x0000000085700000, 0x0000000085700000| Untracked 
|  22|0x0000000085800000, 0x0000000085800000, 0x0000000085900000|  0%| F|  |TAMS 0x0000000085800000, 0x0000000085800000| Untracked 
|  23|0x0000000085900000, 0x0000000085900000, 0x0000000085a00000|  0%| F|  |TAMS 0x0000000085900000, 0x0000000085900000| Untracked 
|  24|0x0000000085a00000, 0x0000000085a00000, 0x0000000085b00000|  0%| F|  |TAMS 0x0000000085a00000, 0x0000000085a00000| Untracked 
|  25|0x0000000085b00000, 0x0000000085b00000, 0x0000000085c00000|  0%| F|  |TAMS 0x0000000085b00000, 0x0000000085b00000| Untracked 
|  26|0x0000000085c00000, 0x0000000085c00000, 0x0000000085d00000|  0%| F|  |TAMS 0x0000000085c00000, 0x0000000085c00000| Untracked 
|  27|0x0000000085d00000, 0x0000000085d00000, 0x0000000085e00000|  0%| F|  |TAMS 0x0000000085d00000, 0x0000000085d00000| Untracked 
|  28|0x0000000085e00000, 0x0000000085e00000, 0x0000000085f00000|  0%| F|  |TAMS 0x0000000085e00000, 0x0000000085e00000| Untracked 
|  29|0x0000000085f00000, 0x0000000085f00000, 0x0000000086000000|  0%| F|  |TAMS 0x0000000085f00000, 0x0000000085f00000| Untracked 
|  30|0x0000000086000000, 0x00000000860b69b0, 0x0000000086100000| 71%| S|CS|TAMS 0x0000000086000000, 0x0000000086000000| Complete 
|  31|0x0000000086100000, 0x0000000086100000, 0x0000000086200000|  0%| F|  |TAMS 0x0000000086100000, 0x0000000086100000| Untracked 
|  32|0x0000000086200000, 0x0000000086300000, 0x0000000086300000|100%| S|CS|TAMS 0x0000000086200000, 0x0000000086200000| Complete 
|  33|0x0000000086300000, 0x0000000086300000, 0x0000000086400000|  0%| F|  |TAMS 0x0000000086300000, 0x0000000086300000| Untracked 
|  34|0x0000000086400000, 0x0000000086400000, 0x0000000086500000|  0%| F|  |TAMS 0x0000000086400000, 0x0000000086400000| Untracked 
|  35|0x0000000086500000, 0x0000000086500000, 0x0000000086600000|  0%| F|  |TAMS 0x0000000086500000, 0x0000000086500000| Untracked 
|  36|0x0000000086600000, 0x0000000086600000, 0x0000000086700000|  0%| F|  |TAMS 0x0000000086600000, 0x0000000086600000| Untracked 
|  37|0x0000000086700000, 0x0000000086700000, 0x0000000086800000|  0%| F|  |TAMS 0x0000000086700000, 0x0000000086700000| Untracked 
|  38|0x0000000086800000, 0x0000000086800000, 0x0000000086900000|  0%| F|  |TAMS 0x0000000086800000, 0x0000000086800000| Untracked 
|  39|0x0000000086900000, 0x0000000086900000, 0x0000000086a00000|  0%| F|  |TAMS 0x0000000086900000, 0x0000000086900000| Untracked 
|  40|0x0000000086a00000, 0x0000000086a00000, 0x0000000086b00000|  0%| F|  |TAMS 0x0000000086a00000, 0x0000000086a00000| Untracked 
|  41|0x0000000086b00000, 0x0000000086b00000, 0x0000000086c00000|  0%| F|  |TAMS 0x0000000086b00000, 0x0000000086b00000| Untracked 
|  68|0x0000000088600000, 0x0000000088600000, 0x0000000088700000|  0%| F|  |TAMS 0x0000000088600000, 0x0000000088600000| Untracked 
|  69|0x0000000088700000, 0x0000000088793890, 0x0000000088800000| 57%| E|  |TAMS 0x0000000088700000, 0x0000000088700000| Complete 
|  70|0x0000000088800000, 0x0000000088900000, 0x0000000088900000|100%| E|CS|TAMS 0x0000000088800000, 0x0000000088800000| Complete 
|  71|0x0000000088900000, 0x0000000088a00000, 0x0000000088a00000|100%| E|CS|TAMS 0x0000000088900000, 0x0000000088900000| Complete 
|  72|0x0000000088a00000, 0x0000000088b00000, 0x0000000088b00000|100%| E|CS|TAMS 0x0000000088a00000, 0x0000000088a00000| Complete 
|  73|0x0000000088b00000, 0x0000000088c00000, 0x0000000088c00000|100%| E|CS|TAMS 0x0000000088b00000, 0x0000000088b00000| Complete 
|  74|0x0000000088c00000, 0x0000000088d00000, 0x0000000088d00000|100%| E|CS|TAMS 0x0000000088c00000, 0x0000000088c00000| Complete 
| 123|0x000000008bd00000, 0x000000008be00000, 0x000000008be00000|100%| E|CS|TAMS 0x000000008bd00000, 0x000000008bd00000| Complete 

Card table byte_map: [0x000002106a8d0000,0x000002106acb0000] _byte_map_base: 0x000002106a4af000

Marking Bits (Prev, Next): (CMBitMap*) 0x000002105112c880, (CMBitMap*) 0x000002105112c8c0
 Prev Bits: [0x000002106b090000, 0x000002106cf88000)
 Next Bits: [0x000002106cf90000, 0x000002106ee88000)

Polling page: 0x0000021051180000

Metaspace:

Usage:
  Non-class:     36.97 MB used.
      Class:      5.40 MB used.
       Both:     42.38 MB used.

Virtual space:
  Non-class space:       64.00 MB reserved,      37.31 MB ( 58%) committed,  1 nodes.
      Class space:        1.00 GB reserved,       5.69 MB ( <1%) committed,  1 nodes.
             Both:        1.06 GB reserved,      43.00 MB (  4%) committed. 

Chunk freelists:
   Non-Class:  2.52 MB
       Class:  2.34 MB
        Both:  4.85 MB

MaxMetaspaceSize: unlimited
CompressedClassSpaceSize: 1.00 GB
Initial GC threshold: 21.00 MB
Current GC threshold: 58.69 MB
CDS: on
MetaspaceReclaimPolicy: balanced
 - commit_granule_bytes: 65536.
 - commit_granule_words: 8192.
 - virtual_space_node_default_size: 8388608.
 - enlarge_chunks_in_place: 1.
 - new_chunks_are_fully_committed: 0.
 - uncommit_free_chunks: 1.
 - use_allocation_guard: 0.


Internal statistics:

num_allocs_failed_limit: 6.
num_arena_births: 868.
num_arena_deaths: 0.
num_vsnodes_births: 2.
num_vsnodes_deaths: 0.
num_space_committed: 688.
num_space_uncommitted: 0.
num_chunks_returned_to_freelist: 6.
num_chunks_taken_from_freelist: 2456.
num_chunk_merges: 6.
num_chunk_splits: 1713.
num_chunks_enlarged: 1321.
num_inconsistent_stats: 0.

CodeHeap 'non-profiled nmethods': size=120000Kb used=2703Kb max_used=3006Kb free=117296Kb
 bounds [0x0000021062550000, 0x0000021062840000, 0x0000021069a80000]
CodeHeap 'profiled nmethods': size=120000Kb used=10297Kb max_used=10934Kb free=109702Kb
 bounds [0x000002105aa80000, 0x000002105b530000, 0x0000021061fb0000]
CodeHeap 'non-nmethods': size=5760Kb used=1370Kb max_used=1402Kb free=4389Kb
 bounds [0x0000021061fb0000, 0x0000021062220000, 0x0000021062550000]
 total_blobs=5927 nmethods=5336 adapters=501
 compilation: enabled
              stopped_count=0, restarted_count=0
 full_count=0

Compilation events (20 events):
Event: 584.426 Thread 0x0000021075c090a0 nmethod 6155 0x000002105ac56b90 code [0x000002105ac56de0, 0x000002105ac578a8]
Event: 584.427 Thread 0x0000021075c090a0 6156       3       java.nio.Buffer::rewind (12 bytes)
Event: 584.427 Thread 0x0000021075c090a0 nmethod 6156 0x000002105aad4d10 code [0x000002105aad4ea0, 0x000002105aad4fb8]
Event: 584.427 Thread 0x0000021075c090a0 6157       3       org.springframework.util.LinkedCaseInsensitiveMap$1::removeEldestEntry (32 bytes)
Event: 584.427 Thread 0x0000021075c090a0 nmethod 6157 0x000002105aad4910 code [0x000002105aad4ac0, 0x000002105aad4c38]
Event: 584.427 Thread 0x0000021075c090a0 6159       1       org.springframework.data.repository.query.QueryMethod::getParameters (5 bytes)
Event: 584.427 Thread 0x0000021075c090a0 nmethod 6159 0x000002106258bd90 code [0x000002106258bf20, 0x000002106258bfd8]
Event: 584.427 Thread 0x0000021075c090a0 6158       1       org.springframework.core.annotation.AnnotatedMethod::getMethodParameters (5 bytes)
Event: 584.427 Thread 0x0000021075c090a0 nmethod 6158 0x0000021062715190 code [0x0000021062715320, 0x00000210627153d8]
Event: 584.427 Thread 0x0000021075c090a0 6150       1       com.mongodb.connection.ConnectionDescription::getMaxWireVersion (5 bytes)
Event: 584.427 Thread 0x0000021075c090a0 nmethod 6150 0x0000021062714e90 code [0x0000021062715020, 0x00000210627150d8]
Event: 584.427 Thread 0x0000021075c090a0 6149       1       com.mongodb.internal.connection.DefaultConnectionPool$StateAndGeneration::generation (5 bytes)
Event: 584.427 Thread 0x0000021075c090a0 nmethod 6149 0x0000021062714b90 code [0x0000021062714d20, 0x0000021062714dd8]
Event: 584.427 Thread 0x0000021075c090a0 6154       1       org.springframework.web.method.HandlerMethod::toString (5 bytes)
Event: 584.427 Thread 0x0000021075c090a0 nmethod 6154 0x0000021062714890 code [0x0000021062714a20, 0x0000021062714ad8]
Event: 584.427 Thread 0x0000021075c090a0 6146       1       org.springframework.web.method.HandlerMethod::getContainingClass (5 bytes)
Event: 584.427 Thread 0x0000021075c090a0 nmethod 6146 0x0000021062714590 code [0x0000021062714720, 0x00000210627147d8]
Event: 584.427 Thread 0x0000021075c090a0 6151       1       com.mongodb.MongoNamespace::getDatabaseName (5 bytes)
Event: 584.428 Thread 0x0000021075c090a0 nmethod 6151 0x0000021062714290 code [0x0000021062714420, 0x00000210627144d8]
Event: 584.428 Thread 0x0000021075c090a0 6160       3       org.bson.BsonBinaryReader$Context::popContext (54 bytes)

GC Heap History (20 events):
Event: 3.841 GC heap before
{Heap before GC invocations=2 (full 0):
 garbage-first heap   total 126976K, used 54767K [0x0000000084200000, 0x0000000100000000)
  region size 1024K, 49 young (50176K), 3 survivors (3072K)
 Metaspace       used 21093K, committed 21504K, reserved 1114112K
  class space    used 2546K, committed 2752K, reserved 1048576K
}
Event: 3.850 GC heap after
{Heap after GC invocations=3 (full 0):
 garbage-first heap   total 126976K, used 13357K [0x0000000084200000, 0x0000000100000000)
  region size 1024K, 7 young (7168K), 7 survivors (7168K)
 Metaspace       used 21093K, committed 21504K, reserved 1114112K
  class space    used 2546K, committed 2752K, reserved 1048576K
}
Event: 4.727 GC heap before
{Heap before GC invocations=4 (full 0):
 garbage-first heap   total 51200K, used 36909K [0x0000000084200000, 0x0000000100000000)
  region size 1024K, 30 young (30720K), 7 survivors (7168K)
 Metaspace       used 25741K, committed 26240K, reserved 1114112K
  class space    used 3192K, committed 3392K, reserved 1048576K
}
Event: 4.741 GC heap after
{Heap after GC invocations=5 (full 0):
 garbage-first heap   total 51200K, used 15744K [0x0000000084200000, 0x0000000100000000)
  region size 1024K, 3 young (3072K), 3 survivors (3072K)
 Metaspace       used 25741K, committed 26240K, reserved 1114112K
  class space    used 3192K, committed 3392K, reserved 1048576K
}
Event: 4.780 GC heap before
{Heap before GC invocations=5 (full 0):
 garbage-first heap   total 51200K, used 16768K [0x0000000084200000, 0x0000000100000000)
  region size 1024K, 4 young (4096K), 3 survivors (3072K)
 Metaspace       used 25934K, committed 26368K, reserved 1114112K
  class space    used 3210K, committed 3392K, reserved 1048576K
}
Event: 4.787 GC heap after
{Heap after GC invocations=6 (full 0):
 garbage-first heap   total 51200K, used 16277K [0x0000000084200000, 0x0000000100000000)
  region size 1024K, 1 young (1024K), 1 survivors (1024K)
 Metaspace       used 25934K, committed 26368K, reserved 1114112K
  class space    used 3210K, committed 3392K, reserved 1048576K
}
Event: 5.560 GC heap before
{Heap before GC invocations=6 (full 0):
 garbage-first heap   total 51200K, used 33685K [0x0000000084200000, 0x0000000100000000)
  region size 1024K, 19 young (19456K), 1 survivors (1024K)
 Metaspace       used 30036K, committed 30592K, reserved 1114112K
  class space    used 3714K, committed 3968K, reserved 1048576K
}
Event: 5.565 GC heap after
{Heap after GC invocations=7 (full 0):
 garbage-first heap   total 51200K, used 17233K [0x0000000084200000, 0x0000000100000000)
  region size 1024K, 2 young (2048K), 2 survivors (2048K)
 Metaspace       used 30036K, committed 30592K, reserved 1114112K
  class space    used 3714K, committed 3968K, reserved 1048576K
}
Event: 6.181 GC heap before
{Heap before GC invocations=7 (full 0):
 garbage-first heap   total 51200K, used 34641K [0x0000000084200000, 0x0000000100000000)
  region size 1024K, 20 young (20480K), 2 survivors (2048K)
 Metaspace       used 34019K, committed 34560K, reserved 1114112K
  class space    used 4349K, committed 4608K, reserved 1048576K
}
Event: 6.185 GC heap after
{Heap after GC invocations=8 (full 0):
 garbage-first heap   total 51200K, used 19097K [0x0000000084200000, 0x0000000100000000)
  region size 1024K, 3 young (3072K), 3 survivors (3072K)
 Metaspace       used 34019K, committed 34560K, reserved 1114112K
  class space    used 4349K, committed 4608K, reserved 1048576K
}
Event: 6.462 GC heap before
{Heap before GC invocations=8 (full 0):
 garbage-first heap   total 51200K, used 28313K [0x0000000084200000, 0x0000000100000000)
  region size 1024K, 13 young (13312K), 3 survivors (3072K)
 Metaspace       used 35442K, committed 35968K, reserved 1114112K
  class space    used 4526K, committed 4800K, reserved 1048576K
}
Event: 6.467 GC heap after
{Heap after GC invocations=9 (full 0):
 garbage-first heap   total 51200K, used 20571K [0x0000000084200000, 0x0000000100000000)
  region size 1024K, 2 young (2048K), 2 survivors (2048K)
 Metaspace       used 35442K, committed 35968K, reserved 1114112K
  class space    used 4526K, committed 4800K, reserved 1048576K
}
Event: 28.498 GC heap before
{Heap before GC invocations=10 (full 0):
 garbage-first heap   total 51200K, used 36955K [0x0000000084200000, 0x0000000100000000)
  region size 1024K, 19 young (19456K), 2 survivors (2048K)
 Metaspace       used 38847K, committed 39424K, reserved 1114112K
  class space    used 4991K, committed 5312K, reserved 1048576K
}
Event: 28.503 GC heap after
{Heap after GC invocations=11 (full 0):
 garbage-first heap   total 51200K, used 21924K [0x0000000084200000, 0x0000000100000000)
  region size 1024K, 3 young (3072K), 3 survivors (3072K)
 Metaspace       used 38847K, committed 39424K, reserved 1114112K
  class space    used 4991K, committed 5312K, reserved 1048576K
}
Event: 28.538 GC heap before
{Heap before GC invocations=11 (full 0):
 garbage-first heap   total 51200K, used 22948K [0x0000000084200000, 0x0000000100000000)
  region size 1024K, 4 young (4096K), 3 survivors (3072K)
 Metaspace       used 39097K, committed 39680K, reserved 1114112K
  class space    used 5032K, committed 5312K, reserved 1048576K
}
Event: 28.543 GC heap after
{Heap after GC invocations=12 (full 0):
 garbage-first heap   total 51200K, used 21768K [0x0000000084200000, 0x0000000100000000)
  region size 1024K, 1 young (1024K), 1 survivors (1024K)
 Metaspace       used 39097K, committed 39680K, reserved 1114112K
  class space    used 5032K, committed 5312K, reserved 1048576K
}
Event: 211.076 GC heap before
{Heap before GC invocations=12 (full 0):
 garbage-first heap   total 51200K, used 38152K [0x0000000084200000, 0x0000000100000000)
  region size 1024K, 18 young (18432K), 1 survivors (1024K)
 Metaspace       used 41133K, committed 41792K, reserved 1114112K
  class space    used 5256K, committed 5568K, reserved 1048576K
}
Event: 211.087 GC heap after
{Heap after GC invocations=13 (full 0):
 garbage-first heap   total 51200K, used 22168K [0x0000000084200000, 0x0000000100000000)
  region size 1024K, 1 young (1024K), 1 survivors (1024K)
 Metaspace       used 41133K, committed 41792K, reserved 1114112K
  class space    used 5256K, committed 5568K, reserved 1048576K
}
Event: 584.214 GC heap before
{Heap before GC invocations=13 (full 0):
 garbage-first heap   total 51200K, used 38552K [0x0000000084200000, 0x0000000100000000)
  region size 1024K, 18 young (18432K), 1 survivors (1024K)
 Metaspace       used 43139K, committed 43776K, reserved 1114112K
  class space    used 5519K, committed 5824K, reserved 1048576K
}
Event: 584.230 GC heap after
{Heap after GC invocations=14 (full 0):
 garbage-first heap   total 51200K, used 23111K [0x0000000084200000, 0x0000000100000000)
  region size 1024K, 2 young (2048K), 2 survivors (2048K)
 Metaspace       used 43139K, committed 43776K, reserved 1114112K
  class space    used 5519K, committed 5824K, reserved 1048576K
}

Dll operation events (14 events):
Event: 0.024 Loaded shared library C:\Users\Ritej\.jdks\corretto-19.0.2\bin\java.dll
Event: 0.047 Loaded shared library C:\Users\Ritej\.jdks\corretto-19.0.2\bin\jsvml.dll
Event: 0.302 Loaded shared library C:\Users\Ritej\.jdks\corretto-19.0.2\bin\zip.dll
Event: 0.308 Loaded shared library C:\Users\Ritej\.jdks\corretto-19.0.2\bin\instrument.dll
Event: 0.324 Loaded shared library C:\Users\Ritej\.jdks\corretto-19.0.2\bin\net.dll
Event: 0.328 Loaded shared library C:\Users\Ritej\.jdks\corretto-19.0.2\bin\nio.dll
Event: 0.341 Loaded shared library C:\Users\Ritej\.jdks\corretto-19.0.2\bin\zip.dll
Event: 0.536 Loaded shared library C:\Program Files\JetBrains\IntelliJ IDEA Community Edition 2024.1.4\bin\breakgen64.dll
Event: 0.554 Loaded shared library C:\Users\Ritej\.jdks\corretto-19.0.2\bin\extnet.dll
Event: 0.607 Loaded shared library C:\Users\Ritej\.jdks\corretto-19.0.2\bin\jimage.dll
Event: 1.015 Loaded shared library C:\Users\Ritej\.jdks\corretto-19.0.2\bin\management.dll
Event: 1.024 Loaded shared library C:\Users\Ritej\.jdks\corretto-19.0.2\bin\management_ext.dll
Event: 2.644 Loaded shared library C:\Users\Ritej\.jdks\corretto-19.0.2\bin\sunmscapi.dll
Event: 583.694 Loaded shared library C:\Users\Ritej\.jdks\corretto-19.0.2\bin\verify.dll

Deoptimization events (20 events):
Event: 584.131 Thread 0x0000021076e27900 DEOPT UNPACKING pc=0x000002106201a5a3 sp=0x0000009491bfd070 mode 2
Event: 584.131 Thread 0x00000210779e5f90 DEOPT UNPACKING pc=0x000002106201a5a3 sp=0x00000094921fd3d0 mode 2
Event: 584.133 Thread 0x00000210779ec480 Uncommon trap: trap_request=0xffffff45 fr.pc=0x0000021062825cbc relative=0x0000000000000e3c
Event: 584.133 Thread 0x00000210779ec480 Uncommon trap: reason=unstable_if action=reinterpret pc=0x0000021062825cbc method=java.util.concurrent.ConcurrentHashMap.computeIfAbsent(Ljava/lang/Object;Ljava/util/function/Function;)Ljava/lang/Object; @ 104 c2
Event: 584.133 Thread 0x00000210779ec480 DEOPT PACKING pc=0x0000021062825cbc sp=0x00000094920fc610
Event: 584.133 Thread 0x0000021076e29e30 Uncommon trap: trap_request=0xffffff45 fr.pc=0x0000021062825c70 relative=0x0000000000000df0
Event: 584.133 Thread 0x00000210779ec480 DEOPT UNPACKING pc=0x000002106201a5a3 sp=0x00000094920fc590 mode 2
Event: 584.134 Thread 0x0000021076e29e30 Uncommon trap: reason=unstable_if action=reinterpret pc=0x0000021062825c70 method=java.util.concurrent.ConcurrentHashMap.computeIfAbsent(Ljava/lang/Object;Ljava/util/function/Function;)Ljava/lang/Object; @ 279 c2
Event: 584.134 Thread 0x0000021076e29e30 DEOPT PACKING pc=0x0000021062825c70 sp=0x0000009491afc9a0
Event: 584.134 Thread 0x0000021076e29e30 DEOPT UNPACKING pc=0x000002106201a5a3 sp=0x0000009491afc918 mode 2
Event: 584.134 Thread 0x0000021076e298e0 Uncommon trap: trap_request=0xffffff45 fr.pc=0x0000021062825c70 relative=0x0000000000000df0
Event: 584.134 Thread 0x0000021076e298e0 Uncommon trap: reason=unstable_if action=reinterpret pc=0x0000021062825c70 method=java.util.concurrent.ConcurrentHashMap.computeIfAbsent(Ljava/lang/Object;Ljava/util/function/Function;)Ljava/lang/Object; @ 279 c2
Event: 584.134 Thread 0x0000021076e298e0 DEOPT PACKING pc=0x0000021062825c70 sp=0x00000094919fc5d0
Event: 584.134 Thread 0x0000021076e298e0 DEOPT UNPACKING pc=0x000002106201a5a3 sp=0x00000094919fc548 mode 2
Event: 584.140 Thread 0x0000021076e29e30 Uncommon trap: trap_request=0xffffff45 fr.pc=0x0000021062643cd4 relative=0x0000000000000c94
Event: 584.140 Thread 0x0000021076e29e30 Uncommon trap: reason=unstable_if action=reinterpret pc=0x0000021062643cd4 method=java.util.concurrent.ConcurrentHashMap.putVal(Ljava/lang/Object;Ljava/lang/Object;Z)Ljava/lang/Object; @ 97 c2
Event: 584.140 Thread 0x0000021076e29e30 DEOPT PACKING pc=0x0000021062643cd4 sp=0x0000009491afaa20
Event: 584.140 Thread 0x0000021076e29e30 DEOPT UNPACKING pc=0x000002106201a5a3 sp=0x0000009491afa9b8 mode 2
Event: 584.394 Thread 0x0000021076e273b0 DEOPT PACKING pc=0x000002105b18b5e4 sp=0x00000094915ff250
Event: 584.394 Thread 0x0000021076e273b0 DEOPT UNPACKING pc=0x000002106201b0e3 sp=0x00000094915fe920 mode 0

Classes loaded (20 events):
Event: 130.072 Loading class java/lang/foreign/Addressable done
Event: 130.072 Loading class java/lang/foreign/MemorySegment done
Event: 211.058 Loading class java/lang/invoke/MethodHandleImpl$CountingWrapper$1
Event: 211.066 Loading class java/lang/invoke/MethodHandleImpl$CountingWrapper$1 done
Event: 573.559 Loading class java/net/Socket$SocketOutputStream
Event: 573.600 Loading class java/net/Socket$SocketOutputStream done
Event: 573.604 Loading class sun/nio/ch/NioSocketImpl$2
Event: 573.626 Loading class sun/nio/ch/NioSocketImpl$2 done
Event: 574.258 Loading class java/util/function/LongBinaryOperator
Event: 574.260 Loading class java/util/function/LongBinaryOperator done
Event: 583.914 Loading class org/w3c/dom/Node
Event: 583.916 Loading class org/w3c/dom/Node done
Event: 583.916 Loading class org/w3c/dom/Document
Event: 583.917 Loading class org/w3c/dom/Document done
Event: 584.052 Loading class java/util/concurrent/locks/ReentrantReadWriteLock$Sync$HoldCounter
Event: 584.052 Loading class java/util/concurrent/locks/ReentrantReadWriteLock$Sync$HoldCounter done
Event: 584.382 Loading class java/util/concurrent/atomic/Striped64$Cell
Event: 584.383 Loading class java/util/concurrent/atomic/Striped64$Cell done
Event: 584.396 Loading class java/util/concurrent/ConcurrentLinkedDeque$CLDSpliterator
Event: 584.397 Loading class java/util/concurrent/ConcurrentLinkedDeque$CLDSpliterator done

Classes unloaded (0 events):
No events

Classes redefined (0 events):
No events

Internal exceptions (20 events):
Event: 463.419 Thread 0x0000021076e273b0 Exception <a 'java/net/ConnectException'{0x0000000088872740}: Connection refused: no further information> (0x0000000088872740) 
thrown [s\src\hotspot\share\prims\jni.cpp, line 536]
Event: 473.431 Thread 0x0000021076e273b0 Exception <a 'java/net/ConnectException'{0x0000000088874888}: Connection refused: no further information> (0x0000000088874888) 
thrown [s\src\hotspot\share\prims\jni.cpp, line 536]
Event: 483.444 Thread 0x0000021076e273b0 Exception <a 'java/net/ConnectException'{0x0000000088732948}: Connection refused: no further information> (0x0000000088732948) 
thrown [s\src\hotspot\share\prims\jni.cpp, line 536]
Event: 493.454 Thread 0x0000021076e273b0 Exception <a 'java/net/ConnectException'{0x0000000088734878}: Connection refused: no further information> (0x0000000088734878) 
thrown [s\src\hotspot\share\prims\jni.cpp, line 536]
Event: 503.468 Thread 0x0000021076e273b0 Exception <a 'java/net/ConnectException'{0x00000000887369f0}: Connection refused: no further information> (0x00000000887369f0) 
thrown [s\src\hotspot\share\prims\jni.cpp, line 536]
Event: 513.478 Thread 0x0000021076e273b0 Exception <a 'java/net/ConnectException'{0x00000000887d61b8}: Connection refused: no further information> (0x00000000887d61b8) 
thrown [s\src\hotspot\share\prims\jni.cpp, line 536]
Event: 523.493 Thread 0x0000021076e273b0 Exception <a 'java/net/ConnectException'{0x00000000887d80e8}: Connection refused: no further information> (0x00000000887d80e8) 
thrown [s\src\hotspot\share\prims\jni.cpp, line 536]
Event: 533.512 Thread 0x0000021076e273b0 Exception <a 'java/net/ConnectException'{0x00000000887da248}: Connection refused: no further information> (0x00000000887da248) 
thrown [s\src\hotspot\share\prims\jni.cpp, line 536]
Event: 543.519 Thread 0x0000021076e273b0 Exception <a 'java/net/ConnectException'{0x00000000887dc178}: Connection refused: no further information> (0x00000000887dc178) 
thrown [s\src\hotspot\share\prims\jni.cpp, line 536]
Event: 553.525 Thread 0x0000021076e273b0 Exception <a 'java/net/ConnectException'{0x0000000088668d50}: Connection refused: no further information> (0x0000000088668d50) 
thrown [s\src\hotspot\share\prims\jni.cpp, line 536]
Event: 563.538 Thread 0x0000021076e273b0 Exception <a 'java/net/ConnectException'{0x000000008866ae98}: Connection refused: no further information> (0x000000008866ae98) 
thrown [s\src\hotspot\share\prims\jni.cpp, line 536]
Event: 574.332 Thread 0x0000021076e273b0 Exception <a 'java/lang/NoSuchMethodError'{0x0000000086bd7290}: 'void java.lang.invoke.DirectMethodHandle$Holder.invokeStatic(java.lang.Object, java.lang.Object, long)'> (0x0000000086bd7290) 
thrown [s\src\hotspot\share\interpreter\linkResolver.cpp, line 774]
Event: 583.358 Thread 0x0000021076e29390 Exception <a 'java/lang/NoSuchMethodError'{0x0000000086954470}: 'long java.lang.invoke.DirectMethodHandle$Holder.invokeStatic(java.lang.Object, long)'> (0x0000000086954470) 
thrown [s\src\hotspot\share\interpreter\linkResolver.cpp, line 774]
Event: 583.709 Thread 0x0000021076e29390 Exception <a 'java/lang/NoSuchMethodError'{0x00000000867284a8}: 'void java.lang.invoke.Invokers$Holder.invoke_MT(java.lang.Object, java.lang.Object, java.lang.Object, java.lang.Object)'> (0x00000000867284a8) 
thrown [s\src\hotspot\share\interpreter\linkResolver.cpp, line 774]
Event: 584.234 Thread 0x00000210779e7f70 Exception <a 'java/lang/NoSuchMethodError'{0x000000008bd0a6c8}: 'java.lang.Object java.lang.invoke.DirectMethodHandle$Holder.invokeInterface(java.lang.Object, java.lang.Object, int)'> (0x000000008bd0a6c8) 
thrown [s\src\hotspot\share\interpreter\linkResolver.cpp, line 774]
Event: 584.234 Thread 0x0000021076e29e30 Exception <a 'java/lang/NoSuchMethodError'{0x000000008bd2cff8}: 'java.lang.Object java.lang.invoke.DirectMethodHandle$Holder.invokeInterface(java.lang.Object, java.lang.Object, int)'> (0x000000008bd2cff8) 
thrown [s\src\hotspot\share\interpreter\linkResolver.cpp, line 774]
Event: 584.234 Thread 0x00000210779e5f90 Exception <a 'java/lang/NoSuchMethodError'{0x000000008bd01d18}: 'java.lang.Object java.lang.invoke.DirectMethodHandle$Holder.invokeInterface(java.lang.Object, java.lang.Object, int)'> (0x000000008bd01d18) 
thrown [s\src\hotspot\share\interpreter\linkResolver.cpp, line 774]
Event: 584.234 Thread 0x0000021076e298e0 Exception <a 'java/lang/NoSuchMethodError'{0x000000008bd32368}: 'java.lang.Object java.lang.invoke.DirectMethodHandle$Holder.invokeInterface(java.lang.Object, java.lang.Object, int)'> (0x000000008bd32368) 
thrown [s\src\hotspot\share\interpreter\linkResolver.cpp, line 774]
Event: 584.234 Thread 0x00000210779ec480 Exception <a 'java/lang/NoSuchMethodError'{0x000000008bd27240}: 'java.lang.Object java.lang.invoke.DirectMethodHandle$Holder.invokeInterface(java.lang.Object, java.lang.Object, int)'> (0x000000008bd27240) 
thrown [s\src\hotspot\share\interpreter\linkResolver.cpp, line 774]
Event: 584.234 Thread 0x0000021076e27900 Exception <a 'java/lang/NoSuchMethodError'{0x000000008bd11930}: 'java.lang.Object java.lang.invoke.DirectMethodHandle$Holder.invokeInterface(java.lang.Object, java.lang.Object, int)'> (0x000000008bd11930) 
thrown [s\src\hotspot\share\interpreter\linkResolver.cpp, line 774]

VM Operations (20 events):
Event: 575.362 Executing VM operation: Cleanup
Event: 575.363 Executing VM operation: Cleanup done
Event: 576.364 Executing VM operation: Cleanup
Event: 576.364 Executing VM operation: Cleanup done
Event: 583.151 Executing VM operation: HandshakeAllThreads
Event: 583.151 Executing VM operation: HandshakeAllThreads done
Event: 583.151 Executing VM operation: Cleanup
Event: 583.152 Executing VM operation: Cleanup done
Event: 583.504 Executing VM operation: HandshakeAllThreads
Event: 583.504 Executing VM operation: HandshakeAllThreads done
Event: 583.970 Executing VM operation: HandshakeAllThreads
Event: 583.970 Executing VM operation: HandshakeAllThreads done
Event: 584.179 Executing VM operation: HandshakeAllThreads
Event: 584.180 Executing VM operation: HandshakeAllThreads done
Event: 584.180 Executing VM operation: Cleanup
Event: 584.180 Executing VM operation: Cleanup done
Event: 584.212 Executing VM operation: G1CollectForAllocation
Event: 584.230 Executing VM operation: G1CollectForAllocation done
Event: 584.245 Executing VM operation: HandshakeAllThreads
Event: 584.245 Executing VM operation: HandshakeAllThreads done

Events (20 events):
Event: 160.126 Thread 0x0000021075c1fe20 flushing nmethod 0x000002105b2ff690
Event: 160.126 Thread 0x0000021075c1fe20 flushing nmethod 0x000002105b2ffc90
Event: 160.126 Thread 0x0000021075c1fe20 flushing nmethod 0x000002105b306e10
Event: 160.126 Thread 0x0000021075c1fe20 flushing nmethod 0x000002105b310110
Event: 160.127 Thread 0x0000021075c1fe20 flushing nmethod 0x000002105b34c890
Event: 160.127 Thread 0x0000021075c1fe20 flushing nmethod 0x000002105b35ae10
Event: 160.127 Thread 0x0000021075c1fe20 flushing nmethod 0x000002105b371090
Event: 160.127 Thread 0x0000021075c1fe20 flushing nmethod 0x000002105b37d410
Event: 160.127 Thread 0x0000021075c1fe20 flushing nmethod 0x000002105b38af90
Event: 160.127 Thread 0x0000021075c1fe20 flushing nmethod 0x000002105b38fb10
Event: 160.127 Thread 0x0000021075c1fe20 flushing nmethod 0x000002105b3b1a10
Event: 160.127 Thread 0x0000021075c1fe20 flushing nmethod 0x000002105b3c6190
Event: 160.127 Thread 0x0000021075c1fe20 flushing nmethod 0x000002105b3c7a90
Event: 160.127 Thread 0x0000021075c1fe20 flushing nmethod 0x000002105b3e7c90
Event: 160.128 Thread 0x0000021075c1fe20 flushing nmethod 0x000002105b43f810
Event: 160.128 Thread 0x0000021075c1fe20 flushing nmethod 0x000002105b43fe10
Event: 160.128 Thread 0x0000021075c1fe20 flushing nmethod 0x000002105b44a890
Event: 574.282 Thread 0x00000210779e84c0 Thread added: 0x00000210779e84c0
Event: 574.320 Thread 0x00000210779e6f80 Thread added: 0x00000210779e6f80
Event: 584.028 Thread 0x0000021075d03870 Thread added: 0x0000021075d03870


Dynamic libraries:
0x00007ff648a70000 - 0x00007ff648a7d000 	C:\Users\Ritej\.jdks\corretto-19.0.2\bin\java.exe
0x00007ffc8c9f0000 - 0x00007ffc8cc07000 	C:\WINDOWS\SYSTEM32\ntdll.dll
0x00007ffc55690000 - 0x00007ffc556b0000 	C:\Program Files\Avast Software\Avast\aswhook.dll
0x00007ffc8b8f0000 - 0x00007ffc8b9b4000 	C:\WINDOWS\System32\KERNEL32.DLL
0x00007ffc89eb0000 - 0x00007ffc8a280000 	C:\WINDOWS\System32\KERNELBASE.dll
0x00007ffc8a3f0000 - 0x00007ffc8a501000 	C:\WINDOWS\System32\ucrtbase.dll
0x00007ffc83ee0000 - 0x00007ffc83ef5000 	C:\Users\Ritej\.jdks\corretto-19.0.2\bin\VCRUNTIME140.dll
0x00007ffc726f0000 - 0x00007ffc72707000 	C:\Users\Ritej\.jdks\corretto-19.0.2\bin\jli.dll
0x00007ffc8bc80000 - 0x00007ffc8be2e000 	C:\WINDOWS\System32\USER32.dll
0x00007ffc89e00000 - 0x00007ffc89e26000 	C:\WINDOWS\System32\win32u.dll
0x00007ffc8b8c0000 - 0x00007ffc8b8e9000 	C:\WINDOWS\System32\GDI32.dll
0x00007ffc8a510000 - 0x00007ffc8a62b000 	C:\WINDOWS\System32\gdi32full.dll
0x00007ffc89d60000 - 0x00007ffc89dfa000 	C:\WINDOWS\System32\msvcp_win.dll
0x00007ffc690f0000 - 0x00007ffc69382000 	C:\WINDOWS\WinSxS\amd64_microsoft.windows.common-controls_6595b64144ccf1df_6.0.22621.4830_none_270fe7d773858e80\COMCTL32.dll
0x00007ffc8b600000 - 0x00007ffc8b6a7000 	C:\WINDOWS\System32\msvcrt.dll
0x00007ffc8c8f0000 - 0x00007ffc8c921000 	C:\WINDOWS\System32\IMM32.DLL
0x00007ffc67770000 - 0x00007ffc6780b000 	C:\Users\Ritej\.jdks\corretto-19.0.2\bin\msvcp140.dll
0x00007ffc34cd0000 - 0x00007ffc359a9000 	C:\Users\Ritej\.jdks\corretto-19.0.2\bin\server\jvm.dll
0x00007ffc8a7b0000 - 0x00007ffc8a861000 	C:\WINDOWS\System32\ADVAPI32.dll
0x00007ffc8c4b0000 - 0x00007ffc8c557000 	C:\WINDOWS\System32\sechost.dll
0x00007ffc8a6b0000 - 0x00007ffc8a6d8000 	C:\WINDOWS\System32\bcrypt.dll
0x00007ffc8a8c0000 - 0x00007ffc8a9d4000 	C:\WINDOWS\System32\RPCRT4.dll
0x00007ffc718b0000 - 0x00007ffc718b9000 	C:\WINDOWS\SYSTEM32\WSOCK32.dll
0x00007ffc82600000 - 0x00007ffc8260a000 	C:\WINDOWS\SYSTEM32\VERSION.dll
0x00007ffc831f0000 - 0x00007ffc83224000 	C:\WINDOWS\SYSTEM32\WINMM.dll
0x00007ffc8c930000 - 0x00007ffc8c9a1000 	C:\WINDOWS\System32\WS2_32.dll
0x00007ffc88ca0000 - 0x00007ffc88cb8000 	C:\WINDOWS\SYSTEM32\kernel.appcore.dll
0x00007ffc85830000 - 0x00007ffc8583a000 	C:\Users\Ritej\.jdks\corretto-19.0.2\bin\jimage.dll
0x00007ffc874a0000 - 0x00007ffc876d2000 	C:\WINDOWS\SYSTEM32\DBGHELP.DLL
0x00007ffc8c560000 - 0x00007ffc8c8f0000 	C:\WINDOWS\System32\combase.dll
0x00007ffc8b7e0000 - 0x00007ffc8b8b7000 	C:\WINDOWS\System32\OLEAUT32.dll
0x00007ffc76f50000 - 0x00007ffc76f82000 	C:\WINDOWS\SYSTEM32\dbgcore.DLL
0x00007ffc89e30000 - 0x00007ffc89eab000 	C:\WINDOWS\System32\bcryptPrimitives.dll
0x00007ffc75360000 - 0x00007ffc7536e000 	C:\Users\Ritej\.jdks\corretto-19.0.2\bin\instrument.dll
0x00007ffc72530000 - 0x00007ffc72556000 	C:\Users\Ritej\.jdks\corretto-19.0.2\bin\java.dll
0x00007ffc5c260000 - 0x00007ffc5c336000 	C:\Users\Ritej\.jdks\corretto-19.0.2\bin\jsvml.dll
0x00007ffc8ad80000 - 0x00007ffc8b5f8000 	C:\WINDOWS\System32\SHELL32.dll
0x00007ffc87ba0000 - 0x00007ffc884b0000 	C:\WINDOWS\SYSTEM32\windows.storage.dll
0x00007ffc87a60000 - 0x00007ffc87b9f000 	C:\WINDOWS\SYSTEM32\wintypes.dll
0x00007ffc8b6d0000 - 0x00007ffc8b7da000 	C:\WINDOWS\System32\SHCORE.dll
0x00007ffc8acb0000 - 0x00007ffc8ad0e000 	C:\WINDOWS\System32\shlwapi.dll
0x00007ffc89bd0000 - 0x00007ffc89bfb000 	C:\WINDOWS\SYSTEM32\profapi.dll
0x00007ffc71ab0000 - 0x00007ffc71ac8000 	C:\Users\Ritej\.jdks\corretto-19.0.2\bin\zip.dll
0x00007ffc72380000 - 0x00007ffc72393000 	C:\Users\Ritej\.jdks\corretto-19.0.2\bin\net.dll
0x00007ffc85fa0000 - 0x00007ffc860cc000 	C:\WINDOWS\SYSTEM32\WINHTTP.dll
0x00007ffc89110000 - 0x00007ffc8917a000 	C:\WINDOWS\system32\mswsock.dll
0x00007ffc721e0000 - 0x00007ffc721f5000 	C:\Users\Ritej\.jdks\corretto-19.0.2\bin\nio.dll
0x00007ffc70ae0000 - 0x00007ffc70afa000 	C:\Program Files\JetBrains\IntelliJ IDEA Community Edition 2024.1.4\bin\breakgen64.dll
0x00007ffc72890000 - 0x00007ffc72898000 	C:\Users\Ritej\.jdks\corretto-19.0.2\bin\extnet.dll
0x00007ffc74dd0000 - 0x00007ffc74dd9000 	C:\Users\Ritej\.jdks\corretto-19.0.2\bin\management.dll
0x00007ffc72e30000 - 0x00007ffc72e3b000 	C:\Users\Ritej\.jdks\corretto-19.0.2\bin\management_ext.dll
0x00007ffc8a7a0000 - 0x00007ffc8a7a8000 	C:\WINDOWS\System32\PSAPI.DLL
0x00007ffc72b00000 - 0x00007ffc72b0e000 	C:\Users\Ritej\.jdks\corretto-19.0.2\bin\sunmscapi.dll
0x00007ffc8a280000 - 0x00007ffc8a3e6000 	C:\WINDOWS\System32\CRYPT32.dll
0x00007ffc89550000 - 0x00007ffc8957d000 	C:\WINDOWS\SYSTEM32\ncrypt.dll
0x00007ffc89510000 - 0x00007ffc89547000 	C:\WINDOWS\SYSTEM32\NTASN1.dll
0x00007ffc89460000 - 0x00007ffc8947b000 	C:\WINDOWS\SYSTEM32\CRYPTSP.dll
0x00007ffc88c00000 - 0x00007ffc88c35000 	C:\WINDOWS\system32\rsaenh.dll
0x00007ffc891b0000 - 0x00007ffc891d8000 	C:\WINDOWS\SYSTEM32\USERENV.dll
0x00007ffc89440000 - 0x00007ffc8944c000 	C:\WINDOWS\SYSTEM32\CRYPTBASE.dll
0x00007ffc88700000 - 0x00007ffc8872d000 	C:\WINDOWS\SYSTEM32\IPHLPAPI.DLL
0x00007ffc8a6e0000 - 0x00007ffc8a6e9000 	C:\WINDOWS\System32\NSI.dll
0x00007ffc85eb0000 - 0x00007ffc85ec9000 	C:\WINDOWS\SYSTEM32\dhcpcsvc6.DLL
0x00007ffc85e90000 - 0x00007ffc85eaf000 	C:\WINDOWS\SYSTEM32\dhcpcsvc.DLL
0x00007ffc88730000 - 0x00007ffc88832000 	C:\WINDOWS\SYSTEM32\DNSAPI.dll
0x00007ffc81550000 - 0x00007ffc8155a000 	C:\Windows\System32\rasadhlp.dll
0x00007ffc830e0000 - 0x00007ffc83163000 	C:\WINDOWS\System32\fwpuclnt.dll
0x00007ffc71f00000 - 0x00007ffc71f08000 	C:\WINDOWS\system32\wshunix.dll
0x00007ffc84f50000 - 0x00007ffc84f60000 	C:\Users\Ritej\.jdks\corretto-19.0.2\bin\verify.dll

dbghelp: loaded successfully - version: 4.0.5 - missing functions: none
symbol engine: initialized successfully - sym options: 0x614 - pdb path: .;C:\Users\Ritej\.jdks\corretto-19.0.2\bin;C:\WINDOWS\SYSTEM32;C:\Program Files\Avast Software\Avast;C:\WINDOWS\WinSxS\amd64_microsoft.windows.common-controls_6595b64144ccf1df_6.0.22621.4830_none_270fe7d773858e80;C:\Users\Ritej\.jdks\corretto-19.0.2\bin\server;C:\Program Files\JetBrains\IntelliJ IDEA Community Edition 2024.1.4\bin

VM Arguments:
jvm_args: -javaagent:C:\Program Files\JetBrains\IntelliJ IDEA Community Edition 2024.1.4\lib\idea_rt.jar=57126:C:\Program Files\JetBrains\IntelliJ IDEA Community Edition 2024.1.4\bin -Dfile.encoding=UTF-8 -Dsun.stdout.encoding=UTF-8 -Dsun.stderr.encoding=UTF-8 
java_command: com.example.WSM.WsmApplication
java_class_path (initial): C:\Users\Ritej\Downloads\Ritej-main\WSM Project\WSM\target\classes;C:\Users\Ritej\.m2\repository\org\apache\poi\poi\5.2.3\poi-5.2.3.jar;C:\Users\Ritej\.m2\repository\commons-codec\commons-codec\1.18.0\commons-codec-1.18.0.jar;C:\Users\Ritej\.m2\repository\org\apache\commons\commons-collections4\4.4\commons-collections4-4.4.jar;C:\Users\Ritej\.m2\repository\org\apache\commons\commons-math3\3.6.1\commons-math3-3.6.1.jar;C:\Users\Ritej\.m2\repository\commons-io\commons-io\2.11.0\commons-io-2.11.0.jar;C:\Users\Ritej\.m2\repository\com\zaxxer\SparseBitSet\1.2\SparseBitSet-1.2.jar;C:\Users\Ritej\.m2\repository\org\apache\logging\log4j\log4j-api\2.24.3\log4j-api-2.24.3.jar;C:\Users\Ritej\.m2\repository\org\apache\poi\poi-ooxml\5.2.3\poi-ooxml-5.2.3.jar;C:\Users\Ritej\.m2\repository\org\apache\poi\poi-ooxml-lite\5.2.3\poi-ooxml-lite-5.2.3.jar;C:\Users\Ritej\.m2\repository\org\apache\xmlbeans\xmlbeans\5.1.1\xmlbeans-5.1.1.jar;C:\Users\Ritej\.m2\repository\org\apache\commons\commons-compress\1.21\commons-compress-1.21.jar;C:\Users\Ritej\.m2\repository\com\github\virtuald\curvesapi\1.07\curvesapi-1.07.jar;C:\Users\Ritej\.m2\repository\org\springframework\boot\spring-boot-starter-data-mongodb\3.5.4\spring-boot-starter-data-mongodb-3.5.4.jar;C:\Users\Ritej\.m2\repository\org\springframework\boot\spring-boot-starter\3.5.4\spring-boot-starter-3.5.4.jar;C:\Users\Ritej\.m2\repository\org\springframework\boot\spring-boot-starter-logging\3.5.4\spring-boot-starter-logging-3.5.4.jar;C:\Users\Ritej\.m2\repository\ch\qos\logback\logback-classic\1.5.18\logback-classic-1.5.18.jar;C:\Users\Ritej\.m2\repository\ch\qos\logback\logback-core\1.5.18\logback-core-1.5.18.jar;C:\Users\Ritej\.m2\repository\org\apache\logging\log4j\log4j-to-slf4j\2.24.3\log4j-to-slf4j-2.24.3.jar;C:\Users\Ritej\.m2\repository\org\slf4j\jul-to-slf4j\2.0.17\jul-to-slf4j-2.0.17.jar;C:\Users\Ritej\.m2\repository\jakarta\annotation\jakarta.annotation-api\2.1.1\jakarta.annotation-api-2.1.1.jar;C:\Users\Ritej\.m2\repository\org\yaml\snakeyaml\2.4\snakeyaml-2.4.jar;C:\Users\Ritej\.m2\repository\org\mongodb\mongodb-driver-sync\5.5.1\mongodb-driver-sync-5.5.1.jar;C:\Users\Ritej\.m2\repository\org\mongodb\bson\5.5.1\bson-5.5.1.jar;C:\Users\Ritej\.m2\repository\org\mongodb\mongodb-driver-core\5.5.1\mongodb-driver-core-5.5.1.jar;C:\Users\Ritej\.m2\repository\org\mongodb\bson-record-codec\5.5.1\bson-record-codec-5.5.1.jar;C:\Users\Ritej\.m2\repository\org\springframework\data\spring-data-mongodb\4.5.2\spring-data-mongodb-4.5.2.jar;C:\Users\Ritej\.m2\repository\org\springframework\spring-tx\6.2.9\spring-tx-6.2.9.jar;C:\Users\Ritej\.m2\repository\org\springframework\spring-context\6.2.9\spring-context-6.2.9.jar;C:\Users\Ritej\.m2\repository\org\springframework\spring-beans\6.2.9\spring-beans-6.2.9.jar;C:\Users\Ritej\.m2\repository\org\springframework\spring-expression\6.2.9\spring-expression-6.2.9.jar;C:\Users\Ritej\.m2\repository\org\springframework\data\spring-data-commons\3.5.2\spring-data-commons-3.5.2.jar;C:\Users\Ritej\.m2\repository\org\slf4j\slf4j-api\2.0.17\slf4j-api-2.0.17.jar;C:\Users\Ritej\.m2\repository\org\springframework\boot\spring-boot-starter-security\3.2.0\spring-boot-starter-security-3.2.0.jar;C:\Users\Ritej\.m2\repository\org\springframework\spring-aop\6.2.9\spring-aop-6.2.9.jar;C:\Users\Ritej\.m2\repository\org\springframework\security\spring-security-config\6.5.2\spring-security-config-6.5.2.jar;C:\Users\Ritej\.m2\repository\org\springframework\security\spring-security-core\6.5.2\spring-security-core-6.5.2.jar;C:\Users\Ritej\.m2\repository\org\springframework\security\spring-security-crypto\6.5.2\spring-security-crypto-6.5.2.jar;C:\Users\Ritej\.m2\repository\org\springframework\security\spring-security-web\6.5.2\spring-security-web-6.5.2.jar;C:\Users\Ritej\.m2\repository\org\springframework\boot\spring-boot-starter-web\3.5.4\spring-boot-starter-web-3.5.4.jar;C:\Users\Ritej\.m2\repository\org\springframework\boot\spring-boot-starter-json\3.5.4\spring-boot-starter-json-3.5.4.jar;C:\Users\Ritej\.m2\repository\com\fasterxml\jackson\core\jackson-databind\2.19.2\jackson-databind-2.19.2.jar;C:\Users\Ritej\.m2\repository\com\fasterxml\jackson\core\jackson-annotations\2.19.2\jackson-annotations-2.19.2.jar;C:\Users\Ritej\.m2\repository\com\fasterxml\jackson\core\jackson-core\2.19.2\jackson-core-2.19.2.jar;C:\Users\Ritej\.m2\repository\com\fasterxml\jackson\datatype\jackson-datatype-jdk8\2.19.2\jackson-datatype-jdk8-2.19.2.jar;C:\Users\Ritej\.m2\repository\com\fasterxml\jackson\datatype\jackson-datatype-jsr310\2.19.2\jackson-datatype-jsr310-2.19.2.jar;C:\Users\Ritej\.m2\repository\com\fasterxml\jackson\module\jackson-module-parameter-names\2.19.2\jackson-module-parameter-names-2.19.2.jar;C:\Users\Ritej\.m2\repository\org\springframework\boot\spring-boot-starter-tomcat\3.5.4\spring-boot-starter-tomcat-3.5.4.jar;C:\Users\Ritej\.m2\repository\org\apache\tomcat\embed\tomcat-embed-core\10.1.43\tomcat-embed-core-10.1.43.jar;C:\Users\Ritej\.m2\repository\org\apache\tomcat\embed\tomcat-embed-el\10.1.43\tomcat-embed-el-10.1.43.jar;C:\Users\Ritej\.m2\repository\org\apache\tomcat\embed\tomcat-embed-websocket\10.1.43\tomcat-embed-websocket-10.1.43.jar;C:\Users\Ritej\.m2\repository\org\springframework\spring-web\6.2.9\spring-web-6.2.9.jar;C:\Users\Ritej\.m2\repository\io\micrometer\micrometer-observation\1.15.2\micrometer-observation-1.15.2.jar;C:\Users\Ritej\.m2\repository\io\micrometer\micrometer-commons\1.15.2\micrometer-commons-1.15.2.jar;C:\Users\Ritej\.m2\repository\org\springframework\spring-webmvc\6.2.9\spring-webmvc-6.2.9.jar;C:\Users\Ritej\.m2\repository\org\springframework\boot\spring-boot-devtools\3.5.4\spring-boot-devtools-3.5.4.jar;C:\Users\Ritej\.m2\repository\org\springframework\boot\spring-boot\3.5.4\spring-boot-3.5.4.jar;C:\Users\Ritej\.m2\repository\org\springframework\boot\spring-boot-autoconfigure\3.5.4\spring-boot-autoconfigure-3.5.4.jar;C:\Users\Ritej\.m2\repository\org\projectlombok\lombok\1.18.38\lombok-1.18.38.jar;C:\Users\Ritej\.m2\repository\org\springframework\spring-core\6.2.9\spring-core-6.2.9.jar;C:\Users\Ritej\.m2\repository\org\springframework\spring-jcl\6.2.9\spring-jcl-6.2.9.jar
Launcher Type: SUN_STANDARD

[Global flags]
     intx CICompilerCount                          = 4                                         {product} {ergonomic}
     uint ConcGCThreads                            = 2                                         {product} {ergonomic}
     uint G1ConcRefinementThreads                  = 8                                         {product} {ergonomic}
   size_t G1HeapRegionSize                         = 1048576                                   {product} {ergonomic}
    uintx GCDrainStackTargetSize                   = 64                                        {product} {ergonomic}
   size_t InitialHeapSize                          = 130023424                                 {product} {ergonomic}
   size_t MarkStackSize                            = 4194304                                   {product} {ergonomic}
   size_t MaxHeapSize                              = 2078277632                                {product} {ergonomic}
   size_t MaxNewSize                               = 1246756864                                {product} {ergonomic}
   size_t MinHeapDeltaBytes                        = 1048576                                   {product} {ergonomic}
   size_t MinHeapSize                              = 8388608                                   {product} {ergonomic}
    uintx NonNMethodCodeHeapSize                   = 5839372                                {pd product} {ergonomic}
    uintx NonProfiledCodeHeapSize                  = 122909434                              {pd product} {ergonomic}
    uintx ProfiledCodeHeapSize                     = 122909434                              {pd product} {ergonomic}
    uintx ReservedCodeCacheSize                    = 251658240                              {pd product} {ergonomic}
     bool SegmentedCodeCache                       = true                                      {product} {ergonomic}
   size_t SoftMaxHeapSize                          = 2078277632                             {manageable} {ergonomic}
     bool UseCompressedClassPointers               = true                           {product lp64_product} {ergonomic}
     bool UseCompressedOops                        = true                           {product lp64_product} {ergonomic}
     bool UseG1GC                                  = true                                      {product} {ergonomic}
     bool UseLargePagesIndividualAllocation        = false                                  {pd product} {ergonomic}

Logging:
Log output configuration:
 #0: stdout all=warning uptime,level,tags foldmultilines=false
 #1: stderr all=off uptime,level,tags foldmultilines=false

Environment Variables:
JAVA_HOME=C:\Program Files\Java\jdk-17
PATH=C:\Program Files\MongoDB\Server\7.0\bin;C:\oraclexe\app\oracle\product\11.2.0\server\bin;"C:\xampp\php;C:\xampp\php;C:\Program Files\Common Files\Oracle\Java\javapath";C:\WINDOWS\system32;C:\WINDOWS;C:\WINDOWS\System32\Wbem;C:\WINDOWS\System32\WindowsPowerShell\v1.0\;C:\WINDOWS\System32\OpenSSH\;C:\ProgramData\chocolatey\bin;C:\Program Files\Java\jdk-17\bin;C:\Program Files\Docker\Docker\resources\bin;C:\Users\Ritej\AppData\Roaming\nvm;C:\Program Files\nodejs;C:\Program Files\Git\cmd;C:\Users\Ritej\AppData\Local\Microsoft\WindowsApps\python.exe;C:\Users\Ritej\AppData\Local\Programs\Python\Launcher\;C:\Program Files\MongoDB\Server\7.0\bin;C:\Users\Ritej\AppData\Local\Microsoft\WindowsApps;C:\Users\Ritej\AppData\Local\JetBrains\PyCharm 2023.1\bin;;C:\Program Files\JetBrains\PyCharm Community Edition 2022.2.3\bin;;C:\Users\Ritej\AppData\Local\Programs\Microsoft VS Code\bin;C:\Users\Ritej\AppData\Roaming\npm;C:\Program Files\JetBrains\IntelliJ IDEA Community Edition 2024.1.4\bin;;C:\Users\Ritej\Desktop\jdk-19_windows-x64_bin\bin;C:\Users\Ritej\AppData\Local\JetBrains\IntelliJ IDEA 2024.1.4\bin;;C:\Users\Ritej\AppData\Roaming\nvm;C:\Program Files\nodejs;C:\Program Files\apache-maven-3.9.9\bin;C:\Users\Ritej\AppData\Local\Microsoft\WindowsApps\python.exe;
USERNAME=Ritej
OS=Windows_NT
PROCESSOR_IDENTIFIER=Intel64 Family 6 Model 140 Stepping 1, GenuineIntel
TMP=C:\Users\Ritej\AppData\Local\Temp
TEMP=C:\Users\Ritej\AppData\Local\Temp



---------------  S Y S T E M  ---------------

OS:
 Windows 11 , 64 bit Build 22621 (10.0.22621.4830)
OS uptime: 26 days 12:27 hours
Hyper-V role detected

CPU: total 8 (initial active 8) (4 cores per cpu, 2 threads per core) family 6 model 140 stepping 1 microcode 0xb8, cx8, cmov, fxsr, ht, mmx, 3dnowpref, sse, sse2, sse3, ssse3, sse4.1, sse4.2, popcnt, lzcnt, tsc, tscinvbit, avx, avx2, aes, erms, clmul, bmi1, bmi2, adx, avx512f, avx512dq, avx512cd, avx512bw, avx512vl, sha, fma, vzeroupper, avx512_vpopcntdq, avx512_vpclmulqdq, avx512_vaes, avx512_vnni, clflush, clflushopt, clwb, avx512_vbmi2, avx512_vbmi, hv, rdtscp, rdpid, fsrm, gfni, avx512_bitalg

Memory: 4k page, system-wide physical 7926M (507M free)
TotalPageFile size 20426M (AvailPageFile size 5M)
current process WorkingSet (physical memory assigned to process): 133M, peak: 203M
current process commit charge ("private bytes"): 232M, peak: 274M

vm_info: OpenJDK 64-Bit Server VM (19.0.2+7-FR) for windows-amd64 JRE (19.0.2+7-FR), built on Jan 13 2023 22:53:32 by "Administrator" with MS VC++ 15.9 (VS2017)

END.
