#
# There is insufficient memory for the Java Runtime Environment to continue.
# Native memory allocation (malloc) failed to allocate 267376 bytes for Chunk::new
# Possible reasons:
#   The system is out of physical RAM or swap space
#   The process is running with CompressedOops enabled, and the Java Heap may be blocking the growth of the native heap
# Possible solutions:
#   Reduce memory load on the system
#   Increase physical memory or swap space
#   Check if swap backing store is full
#   Decrease Java heap size (-Xmx/-Xms)
#   Decrease number of Java threads
#   Decrease Java thread stack sizes (-Xss)
#   Set larger code cache with -XX:ReservedCodeCacheSize=
#   JVM is running with Unscaled Compressed Oops mode in which the Java heap is
#     placed in the first 4GB address space. The Java Heap base address is the
#     maximum limit for the native heap growth. Please use -XX:HeapBaseMinAddress
#     to set the Java Heap base and to place the Java Heap above 4GB virtual address.
# This output file may be truncated or incomplete.
#
#  Out of Memory Error (arena.cpp:184), pid=17776, tid=18052
#
# JRE version: OpenJDK Runtime Environment Corretto-19.0.2.7.1 (19.0.2+7) (build 19.0.2+7-FR)
# Java VM: OpenJDK 64-Bit Server VM Corretto-19.0.2.7.1 (19.0.2+7-FR, mixed mode, sharing, tiered, compressed oops, compressed class ptrs, g1 gc, windows-amd64)
# No core dump will be written. Minidumps are not enabled by default on client versions of Windows
#

---------------  S U M M A R Y ------------

Command Line: -javaagent:C:\Program Files\JetBrains\IntelliJ IDEA Community Edition 2024.1.4\lib\idea_rt.jar=49672:C:\Program Files\JetBrains\IntelliJ IDEA Community Edition 2024.1.4\bin -Dfile.encoding=UTF-8 -Dsun.stdout.encoding=UTF-8 -Dsun.stderr.encoding=UTF-8 com.example.WSM.WsmApplication

Host: 11th Gen Intel(R) Core(TM) i5-1135G7 @ 2.40GHz, 8 cores, 7G,  Windows 11 , 64 bit Build 22621 (10.0.22621.4830)
Time: Sat Sep  6 00:20:13 2025 Afr. centrale Ouest elapsed time: 63.277817 seconds (0d 0h 1m 3s)

---------------  T H R E A D  ---------------

Current thread (0x00000228214156d0):  JavaThread "C2 CompilerThread0" daemon [_thread_in_native, id=18052, stack(0x000000bffcd00000,0x000000bffce00000)]


Current CompileTask:
C2:  63278 8686   !   4       org.springframework.http.MediaType::parseMediaType (41 bytes)

Stack: [0x000000bffcd00000,0x000000bffce00000]
Native frames: (J=compiled Java code, j=interpreted, Vv=VM code, C=native code)
V  [jvm.dll+0x6d034a]
V  [jvm.dll+0x880f10]
V  [jvm.dll+0x88289e]
V  [jvm.dll+0x882f43]
V  [jvm.dll+0x27b4bb]
V  [jvm.dll+0xdd792]
V  [jvm.dll+0xddb25]
V  [jvm.dll+0x3b4a21]
V  [jvm.dll+0x37c86a]
V  [jvm.dll+0x37bc5a]
V  [jvm.dll+0x2470ef]
V  [jvm.dll+0x2465a7]
V  [jvm.dll+0x1d4bb7]
V  [jvm.dll+0x25558a]
V  [jvm.dll+0x2538d7]
V  [jvm.dll+0x8342bd]
V  [jvm.dll+0x82e2fa]
V  [jvm.dll+0x6cf0d3]
C  [ucrtbase.dll+0x29333]
C  [KERNEL32.DLL+0x1259d]
C  [ntdll.dll+0x5af38]


---------------  P R O C E S S  ---------------

Threads class SMR info:
_java_thread_list=0x0000022827700750, length=34, elements={
0x0000022821402500, 0x00000228214031c0, 0x0000022821406dd0, 0x0000022821408a70,
0x00000228214093a0, 0x0000022821409cd0, 0x00000228214156d0, 0x0000022825c08090,
0x000002282141e080, 0x0000022825d04100, 0x0000022825ff4e50, 0x0000022825ff5390,
0x0000022825ce3820, 0x00000228284b63b0, 0x000002282928d070, 0x00000228285bb9c0,
0x00000228285baf20, 0x00000228285bbf10, 0x00000228285bc460, 0x00000228285ba480,
0x00000228285b9f30, 0x00000228285bb470, 0x00000228285bc9b0, 0x00000228285bcf00,
0x0000022826e8f740, 0x0000022826e901e0, 0x0000022826e95c30, 0x0000022826e96180,
0x0000022826e90c80, 0x0000022826e93c50, 0x0000022826e941a0, 0x0000022826e8fc90,
0x0000022826e90730, 0x0000022826e911d0
}

Java Threads: ( => current thread )
  0x0000022821402500 JavaThread "Reference Handler" daemon [_thread_blocked, id=1256, stack(0x000000bffc700000,0x000000bffc800000)]
  0x00000228214031c0 JavaThread "Finalizer" daemon [_thread_blocked, id=22076, stack(0x000000bffc800000,0x000000bffc900000)]
  0x0000022821406dd0 JavaThread "Signal Dispatcher" daemon [_thread_blocked, id=15900, stack(0x000000bffc900000,0x000000bffca00000)]
  0x0000022821408a70 JavaThread "Attach Listener" daemon [_thread_blocked, id=20216, stack(0x000000bffca00000,0x000000bffcb00000)]
  0x00000228214093a0 JavaThread "Service Thread" daemon [_thread_blocked, id=5124, stack(0x000000bffcb00000,0x000000bffcc00000)]
  0x0000022821409cd0 JavaThread "Monitor Deflation Thread" daemon [_thread_blocked, id=14396, stack(0x000000bffcc00000,0x000000bffcd00000)]
=>0x00000228214156d0 JavaThread "C2 CompilerThread0" daemon [_thread_in_native, id=18052, stack(0x000000bffcd00000,0x000000bffce00000)]
  0x0000022825c08090 JavaThread "C1 CompilerThread0" daemon [_thread_blocked, id=2992, stack(0x000000bffce00000,0x000000bffcf00000)]
  0x000002282141e080 JavaThread "Sweeper thread" daemon [_thread_blocked, id=1880, stack(0x000000bffcf00000,0x000000bffd000000)]
  0x0000022825d04100 JavaThread "Common-Cleaner" daemon [_thread_blocked, id=21428, stack(0x000000bffd000000,0x000000bffd100000)]
  0x0000022825ff4e50 JavaThread "Monitor Ctrl-Break" daemon [_thread_in_native, id=12088, stack(0x000000bffd100000,0x000000bffd200000)]
  0x0000022825ff5390 JavaThread "Notification Thread" daemon [_thread_blocked, id=19496, stack(0x000000bffd200000,0x000000bffd300000)]
  0x0000022825ce3820 JavaThread "Catalina-utility-1" [_thread_blocked, id=7440, stack(0x000000bffdc00000,0x000000bffdd00000)]
  0x00000228284b63b0 JavaThread "Catalina-utility-2" [_thread_blocked, id=11488, stack(0x000000bffe000000,0x000000bffe100000)]
  0x000002282928d070 JavaThread "container-0" [_thread_blocked, id=22332, stack(0x000000bffe100000,0x000000bffe200000)]
  0x00000228285bb9c0 JavaThread "BufferPoolPruner-1-thread-1" daemon [_thread_blocked, id=17576, stack(0x000000bffe200000,0x000000bffe300000)]
  0x00000228285baf20 JavaThread "cluster-ClusterId{value='68bb6ff48cfc752aef74d896', description='null'}-localhost:27017" daemon [_thread_in_native, id=19076, stack(0x000000bffe300000,0x000000bffe400000)]
  0x00000228285bbf10 JavaThread "cluster-rtt-ClusterId{value='68bb6ff48cfc752aef74d896', description='null'}-localhost:27017" daemon [_thread_blocked, id=22316, stack(0x000000bffe500000,0x000000bffe600000)]
  0x00000228285bc460 JavaThread "MaintenanceTimer-2-thread-1" daemon [_thread_blocked, id=14304, stack(0x000000bffe600000,0x000000bffe700000)]
  0x00000228285ba480 JavaThread "Live Reload Server" daemon [_thread_in_native, id=11528, stack(0x000000bffe700000,0x000000bffe800000)]
  0x00000228285b9f30 JavaThread "File Watcher" daemon [_thread_in_native, id=14800, stack(0x000000bffe800000,0x000000bffe900000)]
  0x00000228285bb470 JavaThread "http-nio-8080-exec-1" daemon [_thread_blocked, id=11884, stack(0x000000bffe900000,0x000000bffea00000)]
  0x00000228285bc9b0 JavaThread "http-nio-8080-exec-2" daemon [_thread_blocked, id=22312, stack(0x000000bffea00000,0x000000bffeb00000)]
  0x00000228285bcf00 JavaThread "http-nio-8080-exec-3" daemon [_thread_in_native, id=17644, stack(0x000000bffeb00000,0x000000bffec00000)]
  0x0000022826e8f740 JavaThread "http-nio-8080-exec-4" daemon [_thread_blocked, id=22168, stack(0x000000bffec00000,0x000000bffed00000)]
  0x0000022826e901e0 JavaThread "http-nio-8080-exec-5" daemon [_thread_blocked, id=14496, stack(0x000000bffed00000,0x000000bffee00000)]
  0x0000022826e95c30 JavaThread "http-nio-8080-exec-6" daemon [_thread_blocked, id=17160, stack(0x000000bffee00000,0x000000bffef00000)]
  0x0000022826e96180 JavaThread "http-nio-8080-exec-7" daemon [_thread_in_vm, id=18692, stack(0x000000bffef00000,0x000000bfff000000)]
  0x0000022826e90c80 JavaThread "http-nio-8080-exec-8" daemon [_thread_blocked, id=12640, stack(0x000000bfff000000,0x000000bfff100000)]
  0x0000022826e93c50 JavaThread "http-nio-8080-exec-9" daemon [_thread_blocked, id=6768, stack(0x000000bfff100000,0x000000bfff200000)]
  0x0000022826e941a0 JavaThread "http-nio-8080-exec-10" daemon [_thread_in_Java, id=18192, stack(0x000000bfff200000,0x000000bfff300000)]
  0x0000022826e8fc90 JavaThread "http-nio-8080-Poller" daemon [_thread_in_native, id=6516, stack(0x000000bfff300000,0x000000bfff400000)]
  0x0000022826e90730 JavaThread "http-nio-8080-Acceptor" daemon [_thread_in_native, id=21408, stack(0x000000bfff400000,0x000000bfff500000)]
  0x0000022826e911d0 JavaThread "DestroyJavaVM" [_thread_blocked, id=13788, stack(0x000000bffc000000,0x000000bffc100000)]

Other Threads:
  0x00000228213e8ce0 VMThread "VM Thread" [stack: 0x000000bffc600000,0x000000bffc700000] [id=20056]
  0x0000022825f56960 WatcherThread "VM Periodic Task Thread" [stack: 0x000000bffd300000,0x000000bffd400000] [id=14072]
  0x00000228030accb0 WorkerThread "GC Thread#0" [stack: 0x000000bffc100000,0x000000bffc200000] [id=14480]
  0x00000228268107b0 WorkerThread "GC Thread#1" [stack: 0x000000bffd700000,0x000000bffd800000] [id=19632]
  0x000002282680d770 WorkerThread "GC Thread#2" [stack: 0x000000bffd800000,0x000000bffd900000] [id=12508]
  0x000002282680da40 WorkerThread "GC Thread#3" [stack: 0x000000bffd600000,0x000000bffd700000] [id=16504]
  0x000002282679b4f0 WorkerThread "GC Thread#4" [stack: 0x000000bffd900000,0x000000bffda00000] [id=19140]
  0x000002282679b7c0 WorkerThread "GC Thread#5" [stack: 0x000000bffda00000,0x000000bffdb00000] [id=16572]
  0x0000022826b41b80 WorkerThread "GC Thread#6" [stack: 0x000000bffdd00000,0x000000bffde00000] [id=18012]
  0x0000022826b42990 WorkerThread "GC Thread#7" [stack: 0x000000bffde00000,0x000000bffdf00000] [id=21868]
  0x00000228030c0570 ConcurrentGCThread "G1 Main Marker" [stack: 0x000000bffc200000,0x000000bffc300000] [id=1540]
  0x00000228030c16f0 WorkerThread "G1 Conc#0" [stack: 0x000000bffc300000,0x000000bffc400000] [id=16900]
  0x0000022826b3ff60 WorkerThread "G1 Conc#1" [stack: 0x000000bffdf00000,0x000000bffe000000] [id=12020]
  0x000002282129f060 ConcurrentGCThread "G1 Refine#0" [stack: 0x000000bffc400000,0x000000bffc500000] [id=684]
  0x000002282129f9b0 ConcurrentGCThread "G1 Service" [stack: 0x000000bffc500000,0x000000bffc600000] [id=17564]

Threads with active compile tasks:
C2 CompilerThread0    63417 8686   !   4       org.springframework.http.MediaType::parseMediaType (41 bytes)

VM state: not at safepoint (normal execution)

VM Mutex/Monitor currently owned by a thread: None

Heap address: 0x0000000084200000, size: 1982 MB, Compressed Oops mode: 32-bit

CDS archive(s) mapped at: [0x0000000800000000-0x0000000800c40000-0x0000000800c40000), size 12845056, SharedBaseAddress: 0x0000000800000000, ArchiveRelocationMode: 0.
Compressed class space mapped at: 0x0000000801000000-0x0000000841000000, reserved size: 1073741824
Narrow klass base: 0x0000000800000000, Narrow klass shift: 0, Narrow klass range: 0x100000000

GC Precious Log:
 CardTable entry size: 512
 Card Set container configuration: InlinePtr #cards 5 size 8 Array Of Cards #cards 12 size 40 Howl #buckets 4 coarsen threshold 1843 Howl Bitmap #cards 512 size 80 coarsen threshold 460 Card regions per heap region 1 cards per card region 2048
 CPUs: 8 total, 8 available
 Memory: 7926M
 Large Page Support: Disabled
 NUMA Support: Disabled
 Compressed Oops: Enabled (32-bit)
 Heap Region Size: 1M
 Heap Min Capacity: 8M
 Heap Initial Capacity: 124M
 Heap Max Capacity: 1982M
 Pre-touch: Disabled
 Parallel Workers: 8
 Concurrent Workers: 2
 Concurrent Refinement Workers: 8
 Periodic GC: Disabled

Heap:
 garbage-first heap   total 94208K, used 57492K [0x0000000084200000, 0x0000000100000000)
  region size 1024K, 36 young (36864K), 4 survivors (4096K)
 Metaspace       used 48772K, committed 49408K, reserved 1114112K
  class space    used 6108K, committed 6400K, reserved 1048576K

Heap Regions: E=young(eden), S=young(survivor), O=old, HS=humongous(starts), HC=humongous(continues), CS=collection set, F=free, OA=open archive, CA=closed archive, TAMS=top-at-mark-start (previous, next)
|   0|0x0000000084200000, 0x0000000084300000, 0x0000000084300000|100%| O|  |TAMS 0x0000000084300000, 0x0000000084200000| Untracked 
|   1|0x0000000084300000, 0x0000000084400000, 0x0000000084400000|100%| O|  |TAMS 0x0000000084400000, 0x0000000084300000| Untracked 
|   2|0x0000000084400000, 0x0000000084500000, 0x0000000084500000|100%| O|  |TAMS 0x0000000084500000, 0x0000000084400000| Untracked 
|   3|0x0000000084500000, 0x0000000084600000, 0x0000000084600000|100%| O|  |TAMS 0x0000000084600000, 0x0000000084500000| Untracked 
|   4|0x0000000084600000, 0x0000000084700000, 0x0000000084700000|100%| O|  |TAMS 0x0000000084700000, 0x0000000084600000| Untracked 
|   5|0x0000000084700000, 0x0000000084800000, 0x0000000084800000|100%| O|  |TAMS 0x0000000084800000, 0x0000000084700000| Untracked 
|   6|0x0000000084800000, 0x0000000084900000, 0x0000000084900000|100%| O|  |TAMS 0x0000000084900000, 0x0000000084800000| Untracked 
|   7|0x0000000084900000, 0x0000000084a00000, 0x0000000084a00000|100%| O|  |TAMS 0x0000000084a00000, 0x0000000084900000| Untracked 
|   8|0x0000000084a00000, 0x0000000084b00000, 0x0000000084b00000|100%| O|  |TAMS 0x0000000084b00000, 0x0000000084a00000| Untracked 
|   9|0x0000000084b00000, 0x0000000084c00000, 0x0000000084c00000|100%| O|  |TAMS 0x0000000084c00000, 0x0000000084b00000| Untracked 
|  10|0x0000000084c00000, 0x0000000084d00000, 0x0000000084d00000|100%| O|  |TAMS 0x0000000084d00000, 0x0000000084c00000| Untracked 
|  11|0x0000000084d00000, 0x0000000084e00000, 0x0000000084e00000|100%| O|  |TAMS 0x0000000084e00000, 0x0000000084d00000| Untracked 
|  12|0x0000000084e00000, 0x0000000084f00000, 0x0000000084f00000|100%| O|  |TAMS 0x0000000084f00000, 0x0000000084e00000| Untracked 
|  13|0x0000000084f00000, 0x0000000085000000, 0x0000000085000000|100%| O|  |TAMS 0x0000000085000000, 0x0000000084f00000| Untracked 
|  14|0x0000000085000000, 0x0000000085000000, 0x0000000085100000|  0%| F|  |TAMS 0x0000000085000000, 0x0000000085000000| Untracked 
|  15|0x0000000085100000, 0x0000000085200000, 0x0000000085200000|100%| O|  |TAMS 0x0000000085200000, 0x0000000085100000| Untracked 
|  16|0x0000000085200000, 0x0000000085300000, 0x0000000085300000|100%| O|  |TAMS 0x0000000085300000, 0x0000000085200000| Untracked 
|  17|0x0000000085300000, 0x0000000085400000, 0x0000000085400000|100%| O|  |TAMS 0x000000008535a400, 0x0000000085300000| Untracked 
|  18|0x0000000085400000, 0x0000000085500000, 0x0000000085500000|100%| O|  |TAMS 0x0000000085400000, 0x0000000085400000| Untracked 
|  19|0x0000000085500000, 0x0000000085600000, 0x0000000085600000|100%| O|  |TAMS 0x0000000085500000, 0x0000000085500000| Untracked 
|  20|0x0000000085600000, 0x0000000085700000, 0x0000000085700000|100%| O|  |TAMS 0x0000000085600000, 0x0000000085600000| Untracked 
|  21|0x0000000085700000, 0x0000000085800000, 0x0000000085800000|100%| O|  |TAMS 0x0000000085700000, 0x0000000085700000| Untracked 
|  22|0x0000000085800000, 0x0000000085878600, 0x0000000085900000| 47%| O|  |TAMS 0x0000000085800000, 0x0000000085800000| Untracked 
|  23|0x0000000085900000, 0x0000000085900000, 0x0000000085a00000|  0%| F|  |TAMS 0x0000000085900000, 0x0000000085900000| Untracked 
|  24|0x0000000085a00000, 0x0000000085a00000, 0x0000000085b00000|  0%| F|  |TAMS 0x0000000085a00000, 0x0000000085a00000| Untracked 
|  25|0x0000000085b00000, 0x0000000085b00000, 0x0000000085c00000|  0%| F|  |TAMS 0x0000000085b00000, 0x0000000085b00000| Untracked 
|  26|0x0000000085c00000, 0x0000000085c00000, 0x0000000085d00000|  0%| F|  |TAMS 0x0000000085c00000, 0x0000000085c00000| Untracked 
|  27|0x0000000085d00000, 0x0000000085d00000, 0x0000000085e00000|  0%| F|  |TAMS 0x0000000085d00000, 0x0000000085d00000| Untracked 
|  28|0x0000000085e00000, 0x0000000085e00000, 0x0000000085f00000|  0%| F|  |TAMS 0x0000000085e00000, 0x0000000085e00000| Untracked 
|  29|0x0000000085f00000, 0x0000000085f00000, 0x0000000086000000|  0%| F|  |TAMS 0x0000000085f00000, 0x0000000085f00000| Untracked 
|  30|0x0000000086000000, 0x0000000086000000, 0x0000000086100000|  0%| F|  |TAMS 0x0000000086000000, 0x0000000086000000| Untracked 
|  31|0x0000000086100000, 0x0000000086100000, 0x0000000086200000|  0%| F|  |TAMS 0x0000000086100000, 0x0000000086100000| Untracked 
|  32|0x0000000086200000, 0x0000000086200000, 0x0000000086300000|  0%| F|  |TAMS 0x0000000086200000, 0x0000000086200000| Untracked 
|  33|0x0000000086300000, 0x0000000086300000, 0x0000000086400000|  0%| F|  |TAMS 0x0000000086300000, 0x0000000086300000| Untracked 
|  34|0x0000000086400000, 0x0000000086400000, 0x0000000086500000|  0%| F|  |TAMS 0x0000000086400000, 0x0000000086400000| Untracked 
|  35|0x0000000086500000, 0x0000000086500000, 0x0000000086600000|  0%| F|  |TAMS 0x0000000086500000, 0x0000000086500000| Untracked 
|  36|0x0000000086600000, 0x0000000086600000, 0x0000000086700000|  0%| F|  |TAMS 0x0000000086600000, 0x0000000086600000| Untracked 
|  37|0x0000000086700000, 0x0000000086700000, 0x0000000086800000|  0%| F|  |TAMS 0x0000000086700000, 0x0000000086700000| Untracked 
|  38|0x0000000086800000, 0x0000000086800000, 0x0000000086900000|  0%| F|  |TAMS 0x0000000086800000, 0x0000000086800000| Untracked 
|  39|0x0000000086900000, 0x0000000086900000, 0x0000000086a00000|  0%| F|  |TAMS 0x0000000086900000, 0x0000000086900000| Untracked 
|  40|0x0000000086a00000, 0x0000000086a00000, 0x0000000086b00000|  0%| F|  |TAMS 0x0000000086a00000, 0x0000000086a00000| Untracked 
|  41|0x0000000086b00000, 0x0000000086b00000, 0x0000000086c00000|  0%| F|  |TAMS 0x0000000086b00000, 0x0000000086b00000| Untracked 
|  42|0x0000000086c00000, 0x0000000086cacd80, 0x0000000086d00000| 67%| S|CS|TAMS 0x0000000086c00000, 0x0000000086c00000| Complete 
|  43|0x0000000086d00000, 0x0000000086e00000, 0x0000000086e00000|100%| S|CS|TAMS 0x0000000086d00000, 0x0000000086d00000| Complete 
|  44|0x0000000086e00000, 0x0000000086f00000, 0x0000000086f00000|100%| S|CS|TAMS 0x0000000086e00000, 0x0000000086e00000| Complete 
|  45|0x0000000086f00000, 0x0000000087000000, 0x0000000087000000|100%| S|CS|TAMS 0x0000000086f00000, 0x0000000086f00000| Complete 
|  46|0x0000000087000000, 0x0000000087000000, 0x0000000087100000|  0%| F|  |TAMS 0x0000000087000000, 0x0000000087000000| Untracked 
|  47|0x0000000087100000, 0x0000000087100000, 0x0000000087200000|  0%| F|  |TAMS 0x0000000087100000, 0x0000000087100000| Untracked 
|  48|0x0000000087200000, 0x0000000087200000, 0x0000000087300000|  0%| F|  |TAMS 0x0000000087200000, 0x0000000087200000| Untracked 
|  49|0x0000000087300000, 0x0000000087300000, 0x0000000087400000|  0%| F|  |TAMS 0x0000000087300000, 0x0000000087300000| Untracked 
|  50|0x0000000087400000, 0x0000000087400000, 0x0000000087500000|  0%| F|  |TAMS 0x0000000087400000, 0x0000000087400000| Untracked 
|  51|0x0000000087500000, 0x0000000087500000, 0x0000000087600000|  0%| F|  |TAMS 0x0000000087500000, 0x0000000087500000| Untracked 
|  52|0x0000000087600000, 0x0000000087600000, 0x0000000087700000|  0%| F|  |TAMS 0x0000000087600000, 0x0000000087600000| Untracked 
|  53|0x0000000087700000, 0x0000000087700000, 0x0000000087800000|  0%| F|  |TAMS 0x0000000087700000, 0x0000000087700000| Untracked 
|  54|0x0000000087800000, 0x0000000087800000, 0x0000000087900000|  0%| F|  |TAMS 0x0000000087800000, 0x0000000087800000| Untracked 
|  55|0x0000000087900000, 0x0000000087900000, 0x0000000087a00000|  0%| F|  |TAMS 0x0000000087900000, 0x0000000087900000| Untracked 
|  56|0x0000000087a00000, 0x0000000087a00000, 0x0000000087b00000|  0%| F|  |TAMS 0x0000000087a00000, 0x0000000087a00000| Untracked 
|  57|0x0000000087b00000, 0x0000000087b00000, 0x0000000087c00000|  0%| F|  |TAMS 0x0000000087b00000, 0x0000000087b00000| Untracked 
|  58|0x0000000087c00000, 0x0000000087c00000, 0x0000000087d00000|  0%| F|  |TAMS 0x0000000087c00000, 0x0000000087c00000| Untracked 
|  59|0x0000000087d00000, 0x0000000087d00000, 0x0000000087e00000|  0%| F|  |TAMS 0x0000000087d00000, 0x0000000087d00000| Untracked 
|  60|0x0000000087e00000, 0x0000000087f00000, 0x0000000087f00000|100%| E|  |TAMS 0x0000000087e00000, 0x0000000087e00000| Complete 
|  61|0x0000000087f00000, 0x0000000088000000, 0x0000000088000000|100%| E|CS|TAMS 0x0000000087f00000, 0x0000000087f00000| Complete 
|  62|0x0000000088000000, 0x0000000088100000, 0x0000000088100000|100%| E|CS|TAMS 0x0000000088000000, 0x0000000088000000| Complete 
|  63|0x0000000088100000, 0x0000000088200000, 0x0000000088200000|100%| E|CS|TAMS 0x0000000088100000, 0x0000000088100000| Complete 
|  64|0x0000000088200000, 0x0000000088300000, 0x0000000088300000|100%| E|CS|TAMS 0x0000000088200000, 0x0000000088200000| Complete 
|  65|0x0000000088300000, 0x0000000088400000, 0x0000000088400000|100%| E|CS|TAMS 0x0000000088300000, 0x0000000088300000| Complete 
|  66|0x0000000088400000, 0x0000000088500000, 0x0000000088500000|100%| E|CS|TAMS 0x0000000088400000, 0x0000000088400000| Complete 
|  67|0x0000000088500000, 0x0000000088600000, 0x0000000088600000|100%| E|CS|TAMS 0x0000000088500000, 0x0000000088500000| Complete 
|  68|0x0000000088600000, 0x0000000088700000, 0x0000000088700000|100%| E|CS|TAMS 0x0000000088600000, 0x0000000088600000| Complete 
|  69|0x0000000088700000, 0x0000000088800000, 0x0000000088800000|100%| E|CS|TAMS 0x0000000088700000, 0x0000000088700000| Complete 
|  70|0x0000000088800000, 0x0000000088900000, 0x0000000088900000|100%| E|CS|TAMS 0x0000000088800000, 0x0000000088800000| Complete 
|  71|0x0000000088900000, 0x0000000088a00000, 0x0000000088a00000|100%| E|CS|TAMS 0x0000000088900000, 0x0000000088900000| Complete 
|  72|0x0000000088a00000, 0x0000000088b00000, 0x0000000088b00000|100%| E|CS|TAMS 0x0000000088a00000, 0x0000000088a00000| Complete 
|  73|0x0000000088b00000, 0x0000000088c00000, 0x0000000088c00000|100%| E|CS|TAMS 0x0000000088b00000, 0x0000000088b00000| Complete 
|  74|0x0000000088c00000, 0x0000000088d00000, 0x0000000088d00000|100%| E|CS|TAMS 0x0000000088c00000, 0x0000000088c00000| Complete 
|  75|0x0000000088d00000, 0x0000000088e00000, 0x0000000088e00000|100%| E|CS|TAMS 0x0000000088d00000, 0x0000000088d00000| Complete 
|  76|0x0000000088e00000, 0x0000000088f00000, 0x0000000088f00000|100%| E|CS|TAMS 0x0000000088e00000, 0x0000000088e00000| Complete 
|  77|0x0000000088f00000, 0x0000000089000000, 0x0000000089000000|100%| E|CS|TAMS 0x0000000088f00000, 0x0000000088f00000| Complete 
|  78|0x0000000089000000, 0x0000000089100000, 0x0000000089100000|100%| E|CS|TAMS 0x0000000089000000, 0x0000000089000000| Complete 
|  79|0x0000000089100000, 0x0000000089200000, 0x0000000089200000|100%| E|CS|TAMS 0x0000000089100000, 0x0000000089100000| Complete 
|  80|0x0000000089200000, 0x0000000089300000, 0x0000000089300000|100%| E|CS|TAMS 0x0000000089200000, 0x0000000089200000| Complete 
|  81|0x0000000089300000, 0x0000000089400000, 0x0000000089400000|100%| E|CS|TAMS 0x0000000089300000, 0x0000000089300000| Complete 
|  82|0x0000000089400000, 0x0000000089500000, 0x0000000089500000|100%| E|CS|TAMS 0x0000000089400000, 0x0000000089400000| Complete 
|  83|0x0000000089500000, 0x0000000089600000, 0x0000000089600000|100%| E|CS|TAMS 0x0000000089500000, 0x0000000089500000| Complete 
|  84|0x0000000089600000, 0x0000000089700000, 0x0000000089700000|100%| E|CS|TAMS 0x0000000089600000, 0x0000000089600000| Complete 
|  85|0x0000000089700000, 0x0000000089800000, 0x0000000089800000|100%| E|CS|TAMS 0x0000000089700000, 0x0000000089700000| Complete 
|  86|0x0000000089800000, 0x0000000089900000, 0x0000000089900000|100%| E|CS|TAMS 0x0000000089800000, 0x0000000089800000| Complete 
|  87|0x0000000089900000, 0x0000000089a00000, 0x0000000089a00000|100%| E|CS|TAMS 0x0000000089900000, 0x0000000089900000| Complete 
|  88|0x0000000089a00000, 0x0000000089b00000, 0x0000000089b00000|100%| E|CS|TAMS 0x0000000089a00000, 0x0000000089a00000| Complete 
|  89|0x0000000089b00000, 0x0000000089c00000, 0x0000000089c00000|100%| E|CS|TAMS 0x0000000089b00000, 0x0000000089b00000| Complete 
|  90|0x0000000089c00000, 0x0000000089d00000, 0x0000000089d00000|100%| E|CS|TAMS 0x0000000089c00000, 0x0000000089c00000| Complete 
| 123|0x000000008bd00000, 0x000000008be00000, 0x000000008be00000|100%| E|CS|TAMS 0x000000008bd00000, 0x000000008bd00000| Complete 

Card table byte_map: [0x000002281a930000,0x000002281ad10000] _byte_map_base: 0x000002281a50f000

Marking Bits (Prev, Next): (CMBitMap*) 0x00000228030ae200, (CMBitMap*) 0x00000228030ae240
 Prev Bits: [0x000002281b0f0000, 0x000002281cfe8000)
 Next Bits: [0x000002281cff0000, 0x000002281eee8000)

Polling page: 0x0000022801020000

Metaspace:

Usage:
  Non-class:     41.66 MB used.
      Class:      5.97 MB used.
       Both:     47.63 MB used.

Virtual space:
  Non-class space:       64.00 MB reserved,      42.00 MB ( 66%) committed,  1 nodes.
      Class space:        1.00 GB reserved,       6.25 MB ( <1%) committed,  1 nodes.
             Both:        1.06 GB reserved,      48.25 MB (  4%) committed. 

Chunk freelists:
   Non-Class:  1.14 MB
       Class:  1.77 MB
        Both:  2.91 MB

MaxMetaspaceSize: unlimited
CompressedClassSpaceSize: 1.00 GB
Initial GC threshold: 21.00 MB
Current GC threshold: 58.88 MB
CDS: on
MetaspaceReclaimPolicy: balanced
 - commit_granule_bytes: 65536.
 - commit_granule_words: 8192.
 - virtual_space_node_default_size: 8388608.
 - enlarge_chunks_in_place: 1.
 - new_chunks_are_fully_committed: 0.
 - uncommit_free_chunks: 1.
 - use_allocation_guard: 0.


Internal statistics:

num_allocs_failed_limit: 6.
num_arena_births: 942.
num_arena_deaths: 0.
num_vsnodes_births: 2.
num_vsnodes_deaths: 0.
num_space_committed: 772.
num_space_uncommitted: 0.
num_chunks_returned_to_freelist: 6.
num_chunks_taken_from_freelist: 2758.
num_chunk_merges: 6.
num_chunk_splits: 1927.
num_chunks_enlarged: 1482.
num_inconsistent_stats: 0.

CodeHeap 'non-profiled nmethods': size=120000Kb used=4285Kb max_used=4285Kb free=115714Kb
 bounds [0x0000022812cf0000, 0x0000022813120000, 0x000002281a220000]
CodeHeap 'profiled nmethods': size=120000Kb used=16687Kb max_used=16687Kb free=103312Kb
 bounds [0x000002280b220000, 0x000002280c270000, 0x0000022812750000]
CodeHeap 'non-nmethods': size=5760Kb used=1398Kb max_used=1443Kb free=4361Kb
 bounds [0x0000022812750000, 0x00000228129c0000, 0x0000022812cf0000]
 total_blobs=8489 nmethods=7868 adapters=530
 compilation: enabled
              stopped_count=0, restarted_count=0
 full_count=0

Compilation events (20 events):
Event: 63.209 Thread 0x00000228214156d0 nmethod 8684 0x000002281311eb90 code [0x000002281311ed20, 0x000002281311edf8]
Event: 63.209 Thread 0x00000228214156d0 8685       4       java.util.concurrent.ConcurrentHashMap$Traverser::advance (188 bytes)
Event: 63.222 Thread 0x00000228214156d0 nmethod 8685 0x000002281311ee90 code [0x000002281311f040, 0x000002281311f4a8]
Event: 63.222 Thread 0x00000228214156d0 8686   !   4       org.springframework.http.MediaType::parseMediaType (41 bytes)
Event: 63.225 Thread 0x0000022825c08090 8688       3       org.springframework.util.ConcurrentLruCache$WriteOperations::drain (41 bytes)
Event: 63.225 Thread 0x0000022825c08090 nmethod 8688 0x000002280c25ad90 code [0x000002280c25af60, 0x000002280c25b418]
Event: 63.228 Thread 0x0000022825c08090 8689   !   3       org.springframework.web.servlet.HandlerExecutionChain::triggerAfterCompletion (65 bytes)
Event: 63.228 Thread 0x0000022825c08090 nmethod 8689 0x000002280c25b590 code [0x000002280c25b780, 0x000002280c25bca8]
Event: 63.242 Thread 0x0000022825c08090 8692       3       org.springframework.http.MediaType::removeQualityValue (47 bytes)
Event: 63.243 Thread 0x0000022825c08090 nmethod 8692 0x000002280c25be90 code [0x000002280c25c0c0, 0x000002280c25c9b8]
Event: 63.243 Thread 0x0000022825c08090 8693       3       org.springframework.web.servlet.mvc.method.annotation.RequestResponseBodyAdviceChain::beforeBodyWrite (14 bytes)
Event: 63.244 Thread 0x0000022825c08090 nmethod 8693 0x000002280c25cc10 code [0x000002280c25cdc0, 0x000002280c25cf08]
Event: 63.244 Thread 0x0000022825c08090 8694   !   3       org.springframework.web.servlet.mvc.method.annotation.AbstractMessageConverterMethodProcessor::addContentDispositionHeader (203 bytes)
Event: 63.248 Thread 0x0000022825c08090 nmethod 8694 0x000002280c25d010 code [0x000002280c25d3a0, 0x000002280c25e838]
Event: 63.248 Thread 0x0000022825c08090 8695       3       org.apache.coyote.http11.filters.ChunkedOutputFilter::calculateChunkHeader (42 bytes)
Event: 63.249 Thread 0x0000022825c08090 nmethod 8695 0x000002280c25f110 code [0x000002280c25f2e0, 0x000002280c25f648]
Event: 63.261 Thread 0x0000022825c08090 8696       3       org.springframework.web.servlet.mvc.method.annotation.AbstractMessageConverterMethodProcessor::getProducibleMediaTypes (243 bytes)
Event: 63.264 Thread 0x0000022825c08090 nmethod 8696 0x000002280c25f810 code [0x000002280c25fbe0, 0x000002280c261b38]
Event: 63.264 Thread 0x0000022825c08090 8697       3       org.springframework.http.converter.AbstractGenericHttpMessageConverter::write (73 bytes)
Event: 63.266 Thread 0x0000022825c08090 nmethod 8697 0x000002280c262290 code [0x000002280c2624e0, 0x000002280c262eb8]

GC Heap History (20 events):
Event: 3.350 GC heap before
{Heap before GC invocations=2 (full 0):
 garbage-first heap   total 126976K, used 54949K [0x0000000084200000, 0x0000000100000000)
  region size 1024K, 49 young (50176K), 3 survivors (3072K)
 Metaspace       used 21100K, committed 21504K, reserved 1114112K
  class space    used 2552K, committed 2752K, reserved 1048576K
}
Event: 3.356 GC heap after
{Heap after GC invocations=3 (full 0):
 garbage-first heap   total 126976K, used 13595K [0x0000000084200000, 0x0000000100000000)
  region size 1024K, 7 young (7168K), 7 survivors (7168K)
 Metaspace       used 21100K, committed 21504K, reserved 1114112K
  class space    used 2552K, committed 2752K, reserved 1048576K
}
Event: 4.701 GC heap before
{Heap before GC invocations=4 (full 0):
 garbage-first heap   total 51200K, used 37147K [0x0000000084200000, 0x0000000100000000)
  region size 1024K, 30 young (30720K), 7 survivors (7168K)
 Metaspace       used 25394K, committed 25856K, reserved 1114112K
  class space    used 3121K, committed 3328K, reserved 1048576K
}
Event: 4.711 GC heap after
{Heap after GC invocations=5 (full 0):
 garbage-first heap   total 51200K, used 15765K [0x0000000084200000, 0x0000000100000000)
  region size 1024K, 3 young (3072K), 3 survivors (3072K)
 Metaspace       used 25394K, committed 25856K, reserved 1114112K
  class space    used 3121K, committed 3328K, reserved 1048576K
}
Event: 4.780 GC heap before
{Heap before GC invocations=5 (full 0):
 garbage-first heap   total 51200K, used 16789K [0x0000000084200000, 0x0000000100000000)
  region size 1024K, 4 young (4096K), 3 survivors (3072K)
 Metaspace       used 25532K, committed 25984K, reserved 1114112K
  class space    used 3157K, committed 3392K, reserved 1048576K
}
Event: 4.785 GC heap after
{Heap after GC invocations=6 (full 0):
 garbage-first heap   total 51200K, used 16435K [0x0000000084200000, 0x0000000100000000)
  region size 1024K, 1 young (1024K), 1 survivors (1024K)
 Metaspace       used 25532K, committed 25984K, reserved 1114112K
  class space    used 3157K, committed 3392K, reserved 1048576K
}
Event: 5.935 GC heap before
{Heap before GC invocations=6 (full 0):
 garbage-first heap   total 51200K, used 33843K [0x0000000084200000, 0x0000000100000000)
  region size 1024K, 19 young (19456K), 1 survivors (1024K)
 Metaspace       used 29380K, committed 29888K, reserved 1114112K
  class space    used 3624K, committed 3840K, reserved 1048576K
}
Event: 5.940 GC heap after
{Heap after GC invocations=7 (full 0):
 garbage-first heap   total 51200K, used 17811K [0x0000000084200000, 0x0000000100000000)
  region size 1024K, 2 young (2048K), 2 survivors (2048K)
 Metaspace       used 29380K, committed 29888K, reserved 1114112K
  class space    used 3624K, committed 3840K, reserved 1048576K
}
Event: 7.004 GC heap before
{Heap before GC invocations=7 (full 0):
 garbage-first heap   total 51200K, used 35219K [0x0000000084200000, 0x0000000100000000)
  region size 1024K, 20 young (20480K), 2 survivors (2048K)
 Metaspace       used 33906K, committed 34432K, reserved 1114112K
  class space    used 4292K, committed 4544K, reserved 1048576K
}
Event: 7.009 GC heap after
{Heap after GC invocations=8 (full 0):
 garbage-first heap   total 51200K, used 19444K [0x0000000084200000, 0x0000000100000000)
  region size 1024K, 2 young (2048K), 2 survivors (2048K)
 Metaspace       used 33906K, committed 34432K, reserved 1114112K
  class space    used 4292K, committed 4544K, reserved 1048576K
}
Event: 7.582 GC heap before
{Heap before GC invocations=8 (full 0):
 garbage-first heap   total 51200K, used 26612K [0x0000000084200000, 0x0000000100000000)
  region size 1024K, 11 young (11264K), 2 survivors (2048K)
 Metaspace       used 35505K, committed 35968K, reserved 1114112K
  class space    used 4528K, committed 4736K, reserved 1048576K
}
Event: 7.585 GC heap after
{Heap after GC invocations=9 (full 0):
 garbage-first heap   total 51200K, used 20237K [0x0000000084200000, 0x0000000100000000)
  region size 1024K, 3 young (3072K), 3 survivors (3072K)
 Metaspace       used 35505K, committed 35968K, reserved 1114112K
  class space    used 4528K, committed 4736K, reserved 1048576K
}
Event: 8.771 GC heap before
{Heap before GC invocations=10 (full 0):
 garbage-first heap   total 51200K, used 38669K [0x0000000084200000, 0x0000000100000000)
  region size 1024K, 21 young (21504K), 3 survivors (3072K)
 Metaspace       used 38068K, committed 38592K, reserved 1114112K
  class space    used 4874K, committed 5120K, reserved 1048576K
}
Event: 8.777 GC heap after
{Heap after GC invocations=11 (full 0):
 garbage-first heap   total 51200K, used 22372K [0x0000000084200000, 0x0000000100000000)
  region size 1024K, 3 young (3072K), 3 survivors (3072K)
 Metaspace       used 38068K, committed 38592K, reserved 1114112K
  class space    used 4874K, committed 5120K, reserved 1048576K
}
Event: 8.791 GC heap before
{Heap before GC invocations=11 (full 0):
 garbage-first heap   total 51200K, used 23396K [0x0000000084200000, 0x0000000100000000)
  region size 1024K, 4 young (4096K), 3 survivors (3072K)
 Metaspace       used 38246K, committed 38784K, reserved 1114112K
  class space    used 4895K, committed 5120K, reserved 1048576K
}
Event: 8.795 GC heap after
{Heap after GC invocations=12 (full 0):
 garbage-first heap   total 51200K, used 22531K [0x0000000084200000, 0x0000000100000000)
  region size 1024K, 1 young (1024K), 1 survivors (1024K)
 Metaspace       used 38246K, committed 38784K, reserved 1114112K
  class space    used 4895K, committed 5120K, reserved 1048576K
}
Event: 24.149 GC heap before
{Heap before GC invocations=12 (full 0):
 garbage-first heap   total 51200K, used 37891K [0x0000000084200000, 0x0000000100000000)
  region size 1024K, 17 young (17408K), 1 survivors (1024K)
 Metaspace       used 41064K, committed 41664K, reserved 1114112K
  class space    used 5290K, committed 5568K, reserved 1048576K
}
Event: 24.153 GC heap after
{Heap after GC invocations=13 (full 0):
 garbage-first heap   total 94208K, used 23521K [0x0000000084200000, 0x0000000100000000)
  region size 1024K, 2 young (2048K), 2 survivors (2048K)
 Metaspace       used 41064K, committed 41664K, reserved 1114112K
  class space    used 5290K, committed 5568K, reserved 1048576K
}
Event: 38.149 GC heap before
{Heap before GC invocations=13 (full 0):
 garbage-first heap   total 94208K, used 69601K [0x0000000084200000, 0x0000000100000000)
  region size 1024K, 48 young (49152K), 2 survivors (2048K)
 Metaspace       used 47412K, committed 48064K, reserved 1114112K
  class space    used 6063K, committed 6336K, reserved 1048576K
}
Event: 38.161 GC heap after
{Heap after GC invocations=14 (full 0):
 garbage-first heap   total 94208K, used 25748K [0x0000000084200000, 0x0000000100000000)
  region size 1024K, 4 young (4096K), 4 survivors (4096K)
 Metaspace       used 47412K, committed 48064K, reserved 1114112K
  class space    used 6063K, committed 6336K, reserved 1048576K
}

Dll operation events (14 events):
Event: 0.020 Loaded shared library C:\Users\Ritej\.jdks\corretto-19.0.2\bin\java.dll
Event: 0.046 Loaded shared library C:\Users\Ritej\.jdks\corretto-19.0.2\bin\jsvml.dll
Event: 0.292 Loaded shared library C:\Users\Ritej\.jdks\corretto-19.0.2\bin\zip.dll
Event: 0.301 Loaded shared library C:\Users\Ritej\.jdks\corretto-19.0.2\bin\instrument.dll
Event: 0.313 Loaded shared library C:\Users\Ritej\.jdks\corretto-19.0.2\bin\net.dll
Event: 0.317 Loaded shared library C:\Users\Ritej\.jdks\corretto-19.0.2\bin\nio.dll
Event: 0.325 Loaded shared library C:\Users\Ritej\.jdks\corretto-19.0.2\bin\zip.dll
Event: 0.462 Loaded shared library C:\Program Files\JetBrains\IntelliJ IDEA Community Edition 2024.1.4\bin\breakgen64.dll
Event: 0.477 Loaded shared library C:\Users\Ritej\.jdks\corretto-19.0.2\bin\extnet.dll
Event: 0.541 Loaded shared library C:\Users\Ritej\.jdks\corretto-19.0.2\bin\jimage.dll
Event: 0.902 Loaded shared library C:\Users\Ritej\.jdks\corretto-19.0.2\bin\management.dll
Event: 0.911 Loaded shared library C:\Users\Ritej\.jdks\corretto-19.0.2\bin\management_ext.dll
Event: 2.246 Loaded shared library C:\Users\Ritej\.jdks\corretto-19.0.2\bin\sunmscapi.dll
Event: 24.663 Loaded shared library C:\Users\Ritej\.jdks\corretto-19.0.2\bin\verify.dll

Deoptimization events (20 events):
Event: 38.191 Thread 0x00000228285bcf00 Uncommon trap: trap_request=0xffffffde fr.pc=0x0000022812ff4838 relative=0x0000000000002118
Event: 38.191 Thread 0x00000228285bcf00 Uncommon trap: reason=class_check action=maybe_recompile pc=0x0000022812ff4838 method=org.bson.internal.ProvidersCodecRegistry.lambda$get$0(Lorg/bson/internal/ChildCodecRegistry;Lorg/bson/internal/CodecCache$CodecCacheKey;)Lorg/bson/codecs/Codec; @ 25 c2
Event: 38.191 Thread 0x00000228285bcf00 DEOPT PACKING pc=0x0000022812ff4838 sp=0x000000bffebf7ad0
Event: 38.191 Thread 0x00000228285bcf00 DEOPT UNPACKING pc=0x00000228127ba5a3 sp=0x000000bffebf79b8 mode 2
Event: 38.217 Thread 0x0000022826e941a0 Uncommon trap: trap_request=0xffffff45 fr.pc=0x0000022813001e84 relative=0x0000000000001384
Event: 38.217 Thread 0x00000228285bcf00 Uncommon trap: trap_request=0xffffff45 fr.pc=0x0000022813001e84 relative=0x0000000000001384
Event: 38.217 Thread 0x0000022826e941a0 Uncommon trap: reason=unstable_if action=reinterpret pc=0x0000022813001e84 method=org.bson.io.ByteBufferBsonInput.readString(I)Ljava/lang/String; @ 2 c2
Event: 38.217 Thread 0x00000228285bcf00 Uncommon trap: reason=unstable_if action=reinterpret pc=0x0000022813001e84 method=org.bson.io.ByteBufferBsonInput.readString(I)Ljava/lang/String; @ 2 c2
Event: 38.217 Thread 0x00000228285bcf00 DEOPT PACKING pc=0x0000022813001e84 sp=0x000000bffebf8200
Event: 38.217 Thread 0x0000022826e941a0 DEOPT PACKING pc=0x0000022813001e84 sp=0x000000bfff2f7eb0
Event: 38.217 Thread 0x00000228285bcf00 DEOPT UNPACKING pc=0x00000228127ba5a3 sp=0x000000bffebf80e0 mode 2
Event: 38.217 Thread 0x0000022826e941a0 DEOPT UNPACKING pc=0x00000228127ba5a3 sp=0x000000bfff2f7d90 mode 2
Event: 38.217 Thread 0x00000228285bcf00 Uncommon trap: trap_request=0xffffff45 fr.pc=0x000002281305bab4 relative=0x0000000000000394
Event: 38.217 Thread 0x00000228285bcf00 Uncommon trap: reason=unstable_if action=reinterpret pc=0x000002281305bab4 method=org.bson.io.ByteBufferBsonInput.readString(I)Ljava/lang/String; @ 2 c2
Event: 38.217 Thread 0x00000228285bcf00 DEOPT PACKING pc=0x000002281305bab4 sp=0x000000bffebf8140
Event: 38.217 Thread 0x00000228285bcf00 DEOPT UNPACKING pc=0x00000228127ba5a3 sp=0x000000bffebf80d8 mode 2
Event: 54.836 Thread 0x00000228285bb470 Uncommon trap: trap_request=0xffffff45 fr.pc=0x0000022812ffa8d0 relative=0x0000000000000f50
Event: 54.836 Thread 0x00000228285bb470 Uncommon trap: reason=unstable_if action=reinterpret pc=0x0000022812ffa8d0 method=org.springframework.web.util.pattern.LiteralPathElement.matches(ILorg/springframework/web/util/pattern/PathPattern$MatchingContext;)Z @ 129 c2
Event: 54.836 Thread 0x00000228285bb470 DEOPT PACKING pc=0x0000022812ffa8d0 sp=0x000000bffe9fd050
Event: 54.836 Thread 0x00000228285bb470 DEOPT UNPACKING pc=0x00000228127ba5a3 sp=0x000000bffe9fcfd8 mode 2

Classes loaded (20 events):
Event: 24.606 Loading class java/util/concurrent/atomic/Striped64$Cell
Event: 24.606 Loading class java/util/concurrent/atomic/Striped64$Cell done
Event: 24.697 Loading class java/util/OptionalLong
Event: 24.698 Loading class java/util/OptionalLong done
Event: 24.699 Loading class java/util/OptionalDouble
Event: 24.699 Loading class java/util/OptionalDouble done
Event: 24.710 Loading class java/util/AbstractMap$SimpleEntry
Event: 24.710 Loading class java/util/AbstractMap$SimpleEntry done
Event: 24.750 Loading class java/util/stream/LongStream
Event: 24.750 Loading class java/util/stream/LongStream done
Event: 24.750 Loading class java/util/stream/DoubleStream
Event: 24.751 Loading class java/util/stream/DoubleStream done
Event: 24.782 Loading class org/w3c/dom/Node
Event: 24.783 Loading class org/w3c/dom/Node done
Event: 24.783 Loading class org/w3c/dom/Document
Event: 24.783 Loading class org/w3c/dom/Document done
Event: 37.984 Loading class java/io/PushbackInputStream
Event: 37.985 Loading class java/io/PushbackInputStream done
Event: 38.147 Loading class java/util/concurrent/ConcurrentHashMap$TreeBin
Event: 38.147 Loading class java/util/concurrent/ConcurrentHashMap$TreeBin done

Classes unloaded (0 events):
No events

Classes redefined (0 events):
No events

Internal exceptions (20 events):
Event: 24.136 Thread 0x0000022826e90730 Exception <a 'java/lang/NoSuchMethodError'{0x00000000863aaeb0}: 'java.lang.Object java.lang.invoke.DirectMethodHandle$Holder.invokeStaticInit(java.lang.Object, java.lang.Object, java.lang.Object, int, int)'> (0x00000000863aaeb0) 
thrown [s\src\hotspot\share\interpreter\linkResolver.cpp, line 774]
Event: 24.209 Thread 0x00000228285bb470 Exception <a 'java/lang/NoSuchMethodError'{0x0000000089c32cf0}: 'java.lang.Object java.lang.invoke.DirectMethodHandle$Holder.invokeSpecial(java.lang.Object, java.lang.Object, java.lang.Object, java.lang.Object, java.lang.Object, long)'> (0x0000000089c32cf0) 
thrown [s\src\hotspot\share\interpreter\linkResolver.cpp, line 774]
Event: 24.209 Thread 0x00000228285bb470 Exception <a 'java/lang/NoSuchMethodError'{0x0000000089c36a00}: 'java.lang.Object java.lang.invoke.Invokers$Holder.linkToTargetMethod(java.lang.Object, java.lang.Object, java.lang.Object, long, java.lang.Object)'> (0x0000000089c36a00) 
thrown [s\src\hotspot\share\interpreter\linkResolver.cpp, line 774]
Event: 24.620 Thread 0x00000228285bb470 Exception <a 'java/lang/NoSuchMethodError'{0x00000000893e8290}: 'long java.lang.invoke.DirectMethodHandle$Holder.invokeStatic(java.lang.Object, long)'> (0x00000000893e8290) 
thrown [s\src\hotspot\share\interpreter\linkResolver.cpp, line 774]
Event: 24.620 Thread 0x00000228285bc9b0 Exception <a 'java/lang/NoSuchMethodError'{0x00000000893f2728}: 'long java.lang.invoke.DirectMethodHandle$Holder.invokeStatic(java.lang.Object, long)'> (0x00000000893f2728) 
thrown [s\src\hotspot\share\interpreter\linkResolver.cpp, line 774]
Event: 24.620 Thread 0x00000228285bcf00 Exception <a 'java/lang/NoSuchMethodError'{0x00000000893b8838}: 'long java.lang.invoke.DirectMethodHandle$Holder.invokeStatic(java.lang.Object, long)'> (0x00000000893b8838) 
thrown [s\src\hotspot\share\interpreter\linkResolver.cpp, line 774]
Event: 24.668 Thread 0x00000228285bcf00 Exception <a 'java/lang/NoSuchMethodError'{0x00000000891b2558}: 'void java.lang.invoke.Invokers$Holder.invoke_MT(java.lang.Object, java.lang.Object, java.lang.Object, java.lang.Object)'> (0x00000000891b2558) 
thrown [s\src\hotspot\share\interpreter\linkResolver.cpp, line 774]
Event: 24.673 Thread 0x00000228285bcf00 Implicit null exception at 0x0000022812e4e5b4 to 0x0000022812e4e620
Event: 24.674 Thread 0x00000228285bcf00 Exception <a 'java/lang/NoSuchMethodError'{0x00000000891e5e78}: 'double java.lang.invoke.DelegatingMethodHandle$Holder.reinvoke_L(java.lang.Object, java.lang.Object, int)'> (0x00000000891e5e78) 
thrown [s\src\hotspot\share\interpreter\linkResolver.cpp, line 774]
Event: 24.675 Thread 0x00000228285bcf00 Exception <a 'java/lang/NoSuchMethodError'{0x000000008900a9f0}: 'void java.lang.invoke.DelegatingMethodHandle$Holder.reinvoke_L(java.lang.Object, java.lang.Object, double)'> (0x000000008900a9f0) 
thrown [s\src\hotspot\share\interpreter\linkResolver.cpp, line 774]
Event: 24.807 Thread 0x00000228285bcf00 Exception <a 'java/lang/NoSuchMethodError'{0x0000000088daa3c8}: 'double java.lang.invoke.DirectMethodHandle$Holder.invokeVirtual(java.lang.Object, java.lang.Object)'> (0x0000000088daa3c8) 
thrown [s\src\hotspot\share\interpreter\linkResolver.cpp, line 774]
Event: 24.808 Thread 0x00000228285bcf00 Exception <a 'java/lang/NoSuchMethodError'{0x0000000088dae5c0}: 'double java.lang.invoke.DelegatingMethodHandle$Holder.reinvoke_L(java.lang.Object, java.lang.Object)'> (0x0000000088dae5c0) 
thrown [s\src\hotspot\share\interpreter\linkResolver.cpp, line 774]
Event: 24.997 Thread 0x0000022826e90c80 Exception <a 'java/lang/NoSuchMethodError'{0x0000000088906be8}: 'java.lang.Object java.lang.invoke.DirectMethodHandle$Holder.invokeInterface(java.lang.Object, java.lang.Object, int)'> (0x0000000088906be8) 
thrown [s\src\hotspot\share\interpreter\linkResolver.cpp, line 774]
Event: 24.997 Thread 0x0000022826e96180 Exception <a 'java/lang/NoSuchMethodError'{0x0000000088941d98}: 'java.lang.Object java.lang.invoke.DirectMethodHandle$Holder.invokeInterface(java.lang.Object, java.lang.Object, int)'> (0x0000000088941d98) 
thrown [s\src\hotspot\share\interpreter\linkResolver.cpp, line 774]
Event: 24.997 Thread 0x0000022826e8f740 Exception <a 'java/lang/NoSuchMethodError'{0x000000008893cb90}: 'java.lang.Object java.lang.invoke.DirectMethodHandle$Holder.invokeInterface(java.lang.Object, java.lang.Object, int)'> (0x000000008893cb90) 
thrown [s\src\hotspot\share\interpreter\linkResolver.cpp, line 774]
Event: 24.997 Thread 0x0000022826e93c50 Exception <a 'java/lang/NoSuchMethodError'{0x0000000088922fc8}: 'java.lang.Object java.lang.invoke.DirectMethodHandle$Holder.invokeInterface(java.lang.Object, java.lang.Object, int)'> (0x0000000088922fc8) 
thrown [s\src\hotspot\share\interpreter\linkResolver.cpp, line 774]
Event: 24.997 Thread 0x0000022826e901e0 Exception <a 'java/lang/NoSuchMethodError'{0x0000000088930cf0}: 'java.lang.Object java.lang.invoke.DirectMethodHandle$Holder.invokeInterface(java.lang.Object, java.lang.Object, int)'> (0x0000000088930cf0) 
thrown [s\src\hotspot\share\interpreter\linkResolver.cpp, line 774]
Event: 24.997 Thread 0x0000022826e95c30 Exception <a 'java/lang/NoSuchMethodError'{0x0000000088950b38}: 'java.lang.Object java.lang.invoke.DirectMethodHandle$Holder.invokeInterface(java.lang.Object, java.lang.Object, int)'> (0x0000000088950b38) 
thrown [s\src\hotspot\share\interpreter\linkResolver.cpp, line 774]
Event: 38.108 Thread 0x00000228285bcf00 Exception <a 'java/lang/NoSuchMethodError'{0x0000000087296c90}: 'void java.lang.invoke.DirectMethodHandle$Holder.invokeVirtual(java.lang.Object, java.lang.Object, double)'> (0x0000000087296c90) 
thrown [s\src\hotspot\share\interpreter\linkResolver.cpp, line 774]
Event: 38.108 Thread 0x0000022826e941a0 Exception <a 'java/lang/NoSuchMethodError'{0x000000008705c5b0}: 'void java.lang.invoke.DirectMethodHandle$Holder.invokeVirtual(java.lang.Object, java.lang.Object, double)'> (0x000000008705c5b0) 
thrown [s\src\hotspot\share\interpreter\linkResolver.cpp, line 774]

VM Operations (20 events):
Event: 38.148 Executing VM operation: G1CollectForAllocation
Event: 38.161 Executing VM operation: G1CollectForAllocation done
Event: 39.174 Executing VM operation: Cleanup
Event: 39.174 Executing VM operation: Cleanup done
Event: 48.293 Executing VM operation: Cleanup
Event: 48.293 Executing VM operation: Cleanup done
Event: 55.346 Executing VM operation: Cleanup
Event: 55.346 Executing VM operation: Cleanup done
Event: 56.348 Executing VM operation: Cleanup
Event: 56.349 Executing VM operation: Cleanup done
Event: 56.360 Executing VM operation: HandshakeAllThreads
Event: 56.360 Executing VM operation: HandshakeAllThreads done
Event: 56.624 Executing VM operation: ICBufferFull
Event: 56.625 Executing VM operation: ICBufferFull done
Event: 57.627 Executing VM operation: Cleanup
Event: 57.627 Executing VM operation: Cleanup done
Event: 58.641 Executing VM operation: Cleanup
Event: 58.642 Executing VM operation: Cleanup done
Event: 59.644 Executing VM operation: Cleanup
Event: 59.645 Executing VM operation: Cleanup done

Events (20 events):
Event: 9.292 Thread 0x0000022826e96180 Thread added: 0x0000022826e96180
Event: 9.293 Thread 0x0000022826e90c80 Thread added: 0x0000022826e90c80
Event: 9.294 Thread 0x0000022826e93c50 Thread added: 0x0000022826e93c50
Event: 9.295 Thread 0x0000022826e941a0 Thread added: 0x0000022826e941a0
Event: 9.314 Thread 0x0000022826e8fc90 Thread added: 0x0000022826e8fc90
Event: 9.318 Thread 0x0000022826e90730 Thread added: 0x0000022826e90730
Event: 9.345 Thread 0x0000022826425870 Thread exited: 0x0000022826425870
Event: 9.348 Thread 0x00000228262c6ce0 Thread exited: 0x00000228262c6ce0
Event: 9.349 Thread 0x000002280304d550 Thread exited: 0x000002280304d550
Event: 9.349 Thread 0x0000022826e911d0 Thread added: 0x0000022826e911d0
Event: 10.289 Thread 0x0000022826902c60 Thread exited: 0x0000022826902c60
Event: 24.186 Thread 0x00000228276dd100 Thread added: 0x00000228276dd100
Event: 26.443 Thread 0x00000228276dd100 Thread exited: 0x00000228276dd100
Event: 38.220 Thread 0x00000228276de740 Thread added: 0x00000228276de740
Event: 39.331 Thread 0x00000228276de740 Thread exited: 0x00000228276de740
Event: 54.862 Thread 0x00000228276de740 Thread added: 0x00000228276de740
Event: 55.714 Thread 0x00000228276de740 Thread exited: 0x00000228276de740
Event: 56.366 Thread 0x000002282141e080 flushing nmethod 0x000002280b4abe90
Event: 62.778 Thread 0x00000228276dd100 Thread added: 0x00000228276dd100
Event: 63.175 Thread 0x00000228276dd100 Thread exited: 0x00000228276dd100


Dynamic libraries:
0x00007ff654530000 - 0x00007ff65453d000 	C:\Users\Ritej\.jdks\corretto-19.0.2\bin\java.exe
0x00007fff218f0000 - 0x00007fff21b07000 	C:\WINDOWS\SYSTEM32\ntdll.dll
0x00007ffee30c0000 - 0x00007ffee30e0000 	C:\Program Files\Avast Software\Avast\aswhook.dll
0x00007fff1fc90000 - 0x00007fff1fd54000 	C:\WINDOWS\System32\KERNEL32.DLL
0x00007fff1efa0000 - 0x00007fff1f370000 	C:\WINDOWS\System32\KERNELBASE.dll
0x00007fff1ec60000 - 0x00007fff1ed71000 	C:\WINDOWS\System32\ucrtbase.dll
0x00007fff05ee0000 - 0x00007fff05ef7000 	C:\Users\Ritej\.jdks\corretto-19.0.2\bin\jli.dll
0x00007fff085b0000 - 0x00007fff085c5000 	C:\Users\Ritej\.jdks\corretto-19.0.2\bin\VCRUNTIME140.dll
0x00007fff212d0000 - 0x00007fff2147e000 	C:\WINDOWS\System32\USER32.dll
0x00007fff1ed80000 - 0x00007fff1eda6000 	C:\WINDOWS\System32\win32u.dll
0x00007fff1f9e0000 - 0x00007fff1fa09000 	C:\WINDOWS\System32\GDI32.dll
0x00007fff1f370000 - 0x00007fff1f48b000 	C:\WINDOWS\System32\gdi32full.dll
0x00007fff07450000 - 0x00007fff076e2000 	C:\WINDOWS\WinSxS\amd64_microsoft.windows.common-controls_6595b64144ccf1df_6.0.22621.4830_none_270fe7d773858e80\COMCTL32.dll
0x00007fff1f490000 - 0x00007fff1f52a000 	C:\WINDOWS\System32\msvcp_win.dll
0x00007fff1f7f0000 - 0x00007fff1f897000 	C:\WINDOWS\System32\msvcrt.dll
0x00007fff205f0000 - 0x00007fff20621000 	C:\WINDOWS\System32\IMM32.DLL
0x00007fff05d60000 - 0x00007fff05dfb000 	C:\Users\Ritej\.jdks\corretto-19.0.2\bin\msvcp140.dll
0x00007ffed4580000 - 0x00007ffed5259000 	C:\Users\Ritej\.jdks\corretto-19.0.2\bin\server\jvm.dll
0x00007fff1f8a0000 - 0x00007fff1f951000 	C:\WINDOWS\System32\ADVAPI32.dll
0x00007fff20bc0000 - 0x00007fff20c67000 	C:\WINDOWS\System32\sechost.dll
0x00007fff1f5b0000 - 0x00007fff1f5d8000 	C:\WINDOWS\System32\bcrypt.dll
0x00007fff21480000 - 0x00007fff21594000 	C:\WINDOWS\System32\RPCRT4.dll
0x00007fff17760000 - 0x00007fff17794000 	C:\WINDOWS\SYSTEM32\WINMM.dll
0x00007fff167a0000 - 0x00007fff167aa000 	C:\WINDOWS\SYSTEM32\VERSION.dll
0x00007fff025a0000 - 0x00007fff025a9000 	C:\WINDOWS\SYSTEM32\WSOCK32.dll
0x00007fff1f660000 - 0x00007fff1f6d1000 	C:\WINDOWS\System32\WS2_32.dll
0x00007fff1dba0000 - 0x00007fff1dbb8000 	C:\WINDOWS\SYSTEM32\kernel.appcore.dll
0x00007fff095e0000 - 0x00007fff095ea000 	C:\Users\Ritej\.jdks\corretto-19.0.2\bin\jimage.dll
0x00007fff1c200000 - 0x00007fff1c432000 	C:\WINDOWS\SYSTEM32\DBGHELP.DLL
0x00007fff20ec0000 - 0x00007fff21250000 	C:\WINDOWS\System32\combase.dll
0x00007fff21770000 - 0x00007fff21847000 	C:\WINDOWS\System32\OLEAUT32.dll
0x00007fff0a7b0000 - 0x00007fff0a7e2000 	C:\WINDOWS\SYSTEM32\dbgcore.DLL
0x00007fff1edb0000 - 0x00007fff1ee2b000 	C:\WINDOWS\System32\bcryptPrimitives.dll
0x00007fff095c0000 - 0x00007fff095ce000 	C:\Users\Ritej\.jdks\corretto-19.0.2\bin\instrument.dll
0x00007fff05d30000 - 0x00007fff05d56000 	C:\Users\Ritej\.jdks\corretto-19.0.2\bin\java.dll
0x00007ffed44a0000 - 0x00007ffed4576000 	C:\Users\Ritej\.jdks\corretto-19.0.2\bin\jsvml.dll
0x00007fff1fd70000 - 0x00007fff205e8000 	C:\WINDOWS\System32\SHELL32.dll
0x00007fff1caa0000 - 0x00007fff1d3b0000 	C:\WINDOWS\SYSTEM32\windows.storage.dll
0x00007fff1c960000 - 0x00007fff1ca9f000 	C:\WINDOWS\SYSTEM32\wintypes.dll
0x00007fff1f6e0000 - 0x00007fff1f7ea000 	C:\WINDOWS\System32\SHCORE.dll
0x00007fff21850000 - 0x00007fff218ae000 	C:\WINDOWS\System32\shlwapi.dll
0x00007fff1ead0000 - 0x00007fff1eafb000 	C:\WINDOWS\SYSTEM32\profapi.dll
0x00007fff05cd0000 - 0x00007fff05ce8000 	C:\Users\Ritej\.jdks\corretto-19.0.2\bin\zip.dll
0x00007fff05d10000 - 0x00007fff05d23000 	C:\Users\Ritej\.jdks\corretto-19.0.2\bin\net.dll
0x00007fff1a270000 - 0x00007fff1a39c000 	C:\WINDOWS\SYSTEM32\WINHTTP.dll
0x00007fff1e010000 - 0x00007fff1e07a000 	C:\WINDOWS\system32\mswsock.dll
0x00007fff05cf0000 - 0x00007fff05d05000 	C:\Users\Ritej\.jdks\corretto-19.0.2\bin\nio.dll
0x00007fff03110000 - 0x00007fff0312a000 	C:\Program Files\JetBrains\IntelliJ IDEA Community Edition 2024.1.4\bin\breakgen64.dll
0x00007fff057a0000 - 0x00007fff057a8000 	C:\Users\Ritej\.jdks\corretto-19.0.2\bin\extnet.dll
0x00007fff090f0000 - 0x00007fff090f9000 	C:\Users\Ritej\.jdks\corretto-19.0.2\bin\management.dll
0x00007fff08580000 - 0x00007fff0858b000 	C:\Users\Ritej\.jdks\corretto-19.0.2\bin\management_ext.dll
0x00007fff1fd60000 - 0x00007fff1fd68000 	C:\WINDOWS\System32\PSAPI.DLL
0x00007fff05e90000 - 0x00007fff05e9e000 	C:\Users\Ritej\.jdks\corretto-19.0.2\bin\sunmscapi.dll
0x00007fff1ee30000 - 0x00007fff1ef96000 	C:\WINDOWS\System32\CRYPT32.dll
0x00007fff1e450000 - 0x00007fff1e47d000 	C:\WINDOWS\SYSTEM32\ncrypt.dll
0x00007fff1e410000 - 0x00007fff1e447000 	C:\WINDOWS\SYSTEM32\NTASN1.dll
0x00007fff1e360000 - 0x00007fff1e37b000 	C:\WINDOWS\SYSTEM32\CRYPTSP.dll
0x00007fff1db00000 - 0x00007fff1db35000 	C:\WINDOWS\system32\rsaenh.dll
0x00007fff1e0b0000 - 0x00007fff1e0d8000 	C:\WINDOWS\SYSTEM32\USERENV.dll
0x00007fff1e340000 - 0x00007fff1e34c000 	C:\WINDOWS\SYSTEM32\CRYPTBASE.dll
0x00007fff1d610000 - 0x00007fff1d63d000 	C:\WINDOWS\SYSTEM32\IPHLPAPI.DLL
0x00007fff20630000 - 0x00007fff20639000 	C:\WINDOWS\System32\NSI.dll
0x00007fff1a250000 - 0x00007fff1a269000 	C:\WINDOWS\SYSTEM32\dhcpcsvc6.DLL
0x00007fff1a230000 - 0x00007fff1a24f000 	C:\WINDOWS\SYSTEM32\dhcpcsvc.DLL
0x00007fff1d680000 - 0x00007fff1d782000 	C:\WINDOWS\SYSTEM32\DNSAPI.dll
0x00007fff17270000 - 0x00007fff1727a000 	C:\Windows\System32\rasadhlp.dll
0x00007fff16930000 - 0x00007fff169b3000 	C:\WINDOWS\System32\fwpuclnt.dll
0x00007fff0a890000 - 0x00007fff0a898000 	C:\WINDOWS\system32\wshunix.dll
0x00007fff035e0000 - 0x00007fff035f0000 	C:\Users\Ritej\.jdks\corretto-19.0.2\bin\verify.dll

dbghelp: loaded successfully - version: 4.0.5 - missing functions: none
symbol engine: initialized successfully - sym options: 0x614 - pdb path: .;C:\Users\Ritej\.jdks\corretto-19.0.2\bin;C:\WINDOWS\SYSTEM32;C:\Program Files\Avast Software\Avast;C:\WINDOWS\WinSxS\amd64_microsoft.windows.common-controls_6595b64144ccf1df_6.0.22621.4830_none_270fe7d773858e80;C:\Users\Ritej\.jdks\corretto-19.0.2\bin\server;C:\Program Files\JetBrains\IntelliJ IDEA Community Edition 2024.1.4\bin

VM Arguments:
jvm_args: -javaagent:C:\Program Files\JetBrains\IntelliJ IDEA Community Edition 2024.1.4\lib\idea_rt.jar=49672:C:\Program Files\JetBrains\IntelliJ IDEA Community Edition 2024.1.4\bin -Dfile.encoding=UTF-8 -Dsun.stdout.encoding=UTF-8 -Dsun.stderr.encoding=UTF-8 
java_command: com.example.WSM.WsmApplication
java_class_path (initial): C:\Users\Ritej\Downloads\Ritej-main\WSM Project\WSM\target\classes;C:\Users\Ritej\.m2\repository\org\apache\poi\poi\5.2.3\poi-5.2.3.jar;C:\Users\Ritej\.m2\repository\commons-codec\commons-codec\1.18.0\commons-codec-1.18.0.jar;C:\Users\Ritej\.m2\repository\org\apache\commons\commons-collections4\4.4\commons-collections4-4.4.jar;C:\Users\Ritej\.m2\repository\org\apache\commons\commons-math3\3.6.1\commons-math3-3.6.1.jar;C:\Users\Ritej\.m2\repository\com\zaxxer\SparseBitSet\1.2\SparseBitSet-1.2.jar;C:\Users\Ritej\.m2\repository\org\apache\logging\log4j\log4j-api\2.24.3\log4j-api-2.24.3.jar;C:\Users\Ritej\.m2\repository\org\apache\poi\poi-ooxml\5.2.3\poi-ooxml-5.2.3.jar;C:\Users\Ritej\.m2\repository\org\apache\poi\poi-ooxml-lite\5.2.3\poi-ooxml-lite-5.2.3.jar;C:\Users\Ritej\.m2\repository\org\apache\xmlbeans\xmlbeans\5.1.1\xmlbeans-5.1.1.jar;C:\Users\Ritej\.m2\repository\org\apache\commons\commons-compress\1.21\commons-compress-1.21.jar;C:\Users\Ritej\.m2\repository\com\github\virtuald\curvesapi\1.07\curvesapi-1.07.jar;C:\Users\Ritej\.m2\repository\io\jsonwebtoken\jjwt-api\0.11.5\jjwt-api-0.11.5.jar;C:\Users\Ritej\.m2\repository\io\jsonwebtoken\jjwt-impl\0.11.5\jjwt-impl-0.11.5.jar;C:\Users\Ritej\.m2\repository\io\jsonwebtoken\jjwt-jackson\0.11.5\jjwt-jackson-0.11.5.jar;C:\Users\Ritej\.m2\repository\com\fasterxml\jackson\core\jackson-databind\2.19.2\jackson-databind-2.19.2.jar;C:\Users\Ritej\.m2\repository\com\fasterxml\jackson\core\jackson-annotations\2.19.2\jackson-annotations-2.19.2.jar;C:\Users\Ritej\.m2\repository\com\fasterxml\jackson\core\jackson-core\2.19.2\jackson-core-2.19.2.jar;C:\Users\Ritej\.m2\repository\org\springframework\boot\spring-boot-starter-data-mongodb\3.5.4\spring-boot-starter-data-mongodb-3.5.4.jar;C:\Users\Ritej\.m2\repository\org\springframework\boot\spring-boot-starter\3.5.4\spring-boot-starter-3.5.4.jar;C:\Users\Ritej\.m2\repository\org\springframework\boot\spring-boot-starter-logging\3.5.4\spring-boot-starter-logging-3.5.4.jar;C:\Users\Ritej\.m2\repository\ch\qos\logback\logback-classic\1.5.18\logback-classic-1.5.18.jar;C:\Users\Ritej\.m2\repository\ch\qos\logback\logback-core\1.5.18\logback-core-1.5.18.jar;C:\Users\Ritej\.m2\repository\org\apache\logging\log4j\log4j-to-slf4j\2.24.3\log4j-to-slf4j-2.24.3.jar;C:\Users\Ritej\.m2\repository\org\slf4j\jul-to-slf4j\2.0.17\jul-to-slf4j-2.0.17.jar;C:\Users\Ritej\.m2\repository\jakarta\annotation\jakarta.annotation-api\2.1.1\jakarta.annotation-api-2.1.1.jar;C:\Users\Ritej\.m2\repository\org\yaml\snakeyaml\2.4\snakeyaml-2.4.jar;C:\Users\Ritej\.m2\repository\org\mongodb\mongodb-driver-sync\5.5.1\mongodb-driver-sync-5.5.1.jar;C:\Users\Ritej\.m2\repository\org\mongodb\bson\5.5.1\bson-5.5.1.jar;C:\Users\Ritej\.m2\repository\org\mongodb\mongodb-driver-core\5.5.1\mongodb-driver-core-5.5.1.jar;C:\Users\Ritej\.m2\repository\org\mongodb\bson-record-codec\5.5.1\bson-record-codec-5.5.1.jar;C:\Users\Ritej\.m2\repository\org\springframework\data\spring-data-mongodb\4.5.2\spring-data-mongodb-4.5.2.jar;C:\Users\Ritej\.m2\repository\org\springframework\spring-tx\6.2.9\spring-tx-6.2.9.jar;C:\Users\Ritej\.m2\repository\org\springframework\spring-context\6.2.9\spring-context-6.2.9.jar;C:\Users\Ritej\.m2\repository\org\springframework\spring-beans\6.2.9\spring-beans-6.2.9.jar;C:\Users\Ritej\.m2\repository\org\springframework\spring-expression\6.2.9\spring-expression-6.2.9.jar;C:\Users\Ritej\.m2\repository\org\springframework\data\spring-data-commons\3.5.2\spring-data-commons-3.5.2.jar;C:\Users\Ritej\.m2\repository\org\slf4j\slf4j-api\2.0.17\slf4j-api-2.0.17.jar;C:\Users\Ritej\.m2\repository\org\springframework\boot\spring-boot-starter-security\3.2.0\spring-boot-starter-security-3.2.0.jar;C:\Users\Ritej\.m2\repository\org\springframework\spring-aop\6.2.9\spring-aop-6.2.9.jar;C:\Users\Ritej\.m2\repository\org\springframework\security\spring-security-config\6.5.2\spring-security-config-6.5.2.jar;C:\Users\Ritej\.m2\repository\org\springframework\security\spring-security-core\6.5.2\spring-security-core-6.5.2.jar;C:\Users\Ritej\.m2\repository\org\springframework\security\spring-security-crypto\6.5.2\spring-security-crypto-6.5.2.jar;C:\Users\Ritej\.m2\repository\org\springframework\security\spring-security-web\6.5.2\spring-security-web-6.5.2.jar;C:\Users\Ritej\.m2\repository\org\springframework\boot\spring-boot-starter-web\3.5.4\spring-boot-starter-web-3.5.4.jar;C:\Users\Ritej\.m2\repository\org\springframework\boot\spring-boot-starter-json\3.5.4\spring-boot-starter-json-3.5.4.jar;C:\Users\Ritej\.m2\repository\com\fasterxml\jackson\datatype\jackson-datatype-jdk8\2.19.2\jackson-datatype-jdk8-2.19.2.jar;C:\Users\Ritej\.m2\repository\com\fasterxml\jackson\datatype\jackson-datatype-jsr310\2.19.2\jackson-datatype-jsr310-2.19.2.jar;C:\Users\Ritej\.m2\repository\com\fasterxml\jackson\module\jackson-module-parameter-names\2.19.2\jackson-module-parameter-names-2.19.2.jar;C:\Users\Ritej\.m2\repository\org\springframework\boot\spring-boot-starter-tomcat\3.5.4\spring-boot-starter-tomcat-3.5.4.jar;C:\Users\Ritej\.m2\repository\org\apache\tomcat\embed\tomcat-embed-core\10.1.43\tomcat-embed-core-10.1.43.jar;C:\Users\Ritej\.m2\repository\org\apache\tomcat\embed\tomcat-embed-el\10.1.43\tomcat-embed-el-10.1.43.jar;C:\Users\Ritej\.m2\repository\org\apache\tomcat\embed\tomcat-embed-websocket\10.1.43\tomcat-embed-websocket-10.1.43.jar;C:\Users\Ritej\.m2\repository\org\springframework\spring-web\6.2.9\spring-web-6.2.9.jar;C:\Users\Ritej\.m2\repository\io\micrometer\micrometer-observation\1.15.2\micrometer-observation-1.15.2.jar;C:\Users\Ritej\.m2\repository\io\micrometer\micrometer-commons\1.15.2\micrometer-commons-1.15.2.jar;C:\Users\Ritej\.m2\repository\org\springframework\spring-webmvc\6.2.9\spring-webmvc-6.2.9.jar;C:\Users\Ritej\.m2\repository\org\springframework\boot\spring-boot-devtools\3.5.4\spring-boot-devtools-3.5.4.jar;C:\Users\Ritej\.m2\repository\org\springframework\boot\spring-boot\3.5.4\spring-boot-3.5.4.jar;C:\Users\Ritej\.m2\repository\org\springframework\boot\spring-boot-autoconfigure\3.5.4\spring-boot-autoconfigure-3.5.4.jar;C:\Users\Ritej\.m2\repository\commons-io\commons-io\2.11.0\commons-io-2.11.0.jar;C:\Users\Ritej\.m2\repository\org\springframework\spring-core\6.2.9\spring-core-6.2.9.jar;C:\Users\Ritej\.m2\repository\org\springframework\spring-jcl\6.2.9\spring-jcl-6.2.9.jar
Launcher Type: SUN_STANDARD

[Global flags]
     intx CICompilerCount                          = 4                                         {product} {ergonomic}
     uint ConcGCThreads                            = 2                                         {product} {ergonomic}
     uint G1ConcRefinementThreads                  = 8                                         {product} {ergonomic}
   size_t G1HeapRegionSize                         = 1048576                                   {product} {ergonomic}
    uintx GCDrainStackTargetSize                   = 64                                        {product} {ergonomic}
   size_t InitialHeapSize                          = 130023424                                 {product} {ergonomic}
   size_t MarkStackSize                            = 4194304                                   {product} {ergonomic}
   size_t MaxHeapSize                              = 2078277632                                {product} {ergonomic}
   size_t MaxNewSize                               = 1246756864                                {product} {ergonomic}
   size_t MinHeapDeltaBytes                        = 1048576                                   {product} {ergonomic}
   size_t MinHeapSize                              = 8388608                                   {product} {ergonomic}
    uintx NonNMethodCodeHeapSize                   = 5839372                                {pd product} {ergonomic}
    uintx NonProfiledCodeHeapSize                  = 122909434                              {pd product} {ergonomic}
    uintx ProfiledCodeHeapSize                     = 122909434                              {pd product} {ergonomic}
    uintx ReservedCodeCacheSize                    = 251658240                              {pd product} {ergonomic}
     bool SegmentedCodeCache                       = true                                      {product} {ergonomic}
   size_t SoftMaxHeapSize                          = 2078277632                             {manageable} {ergonomic}
     bool UseCompressedClassPointers               = true                           {product lp64_product} {ergonomic}
     bool UseCompressedOops                        = true                           {product lp64_product} {ergonomic}
     bool UseG1GC                                  = true                                      {product} {ergonomic}
     bool UseLargePagesIndividualAllocation        = false                                  {pd product} {ergonomic}

Logging:
Log output configuration:
 #0: stdout all=warning uptime,level,tags foldmultilines=false
 #1: stderr all=off uptime,level,tags foldmultilines=false

Environment Variables:
JAVA_HOME=C:\Program Files\Java\jdk-17
PATH=C:\Program Files\MongoDB\Server\7.0\bin;C:\oraclexe\app\oracle\product\11.2.0\server\bin;"C:\xampp\php;C:\xampp\php;C:\Program Files\Common Files\Oracle\Java\javapath";C:\WINDOWS\system32;C:\WINDOWS;C:\WINDOWS\System32\Wbem;C:\WINDOWS\System32\WindowsPowerShell\v1.0\;C:\WINDOWS\System32\OpenSSH\;C:\ProgramData\chocolatey\bin;C:\Program Files\Java\jdk-17\bin;C:\Program Files\Docker\Docker\resources\bin;C:\Users\Ritej\AppData\Roaming\nvm;C:\Program Files\nodejs;C:\Users\Ritej\AppData\Local\Microsoft\WindowsApps\python.exe;C:\Users\Ritej\AppData\Local\Programs\Python\Launcher\;C:\Program Files\MongoDB\Server\7.0\bin;C:\Users\Ritej\AppData\Local\Microsoft\WindowsApps;C:\Users\Ritej\AppData\Local\JetBrains\PyCharm 2023.1\bin;;C:\Program Files\JetBrains\PyCharm Community Edition 2022.2.3\bin;;C:\Users\Ritej\AppData\Local\Programs\Microsoft VS Code\bin;C:\Users\Ritej\AppData\Roaming\npm;C:\Program Files\JetBrains\IntelliJ IDEA Community Edition 2024.1.4\bin;;C:\Users\Ritej\Desktop\jdk-19_windows-x64_bin\bin;C:\Users\Ritej\AppData\Local\JetBrains\IntelliJ IDEA 2024.1.4\bin;;C:\Users\Ritej\AppData\Roaming\nvm;C:\Program Files\nodejs;C:\Program Files\apache-maven-3.9.9\bin;C:\Users\Ritej\AppData\Local\Microsoft\WindowsApps\python.exe;
USERNAME=Ritej
OS=Windows_NT
PROCESSOR_IDENTIFIER=Intel64 Family 6 Model 140 Stepping 1, GenuineIntel
TMP=C:\Users\Ritej\AppData\Local\Temp
TEMP=C:\Users\Ritej\AppData\Local\Temp



---------------  S Y S T E M  ---------------

OS:
 Windows 11 , 64 bit Build 22621 (10.0.22621.4830)
OS uptime: 0 days 3:15 hours
Hyper-V role detected

CPU: total 8 (initial active 8) (4 cores per cpu, 2 threads per core) family 6 model 140 stepping 1 microcode 0xb8, cx8, cmov, fxsr, ht, mmx, 3dnowpref, sse, sse2, sse3, ssse3, sse4.1, sse4.2, popcnt, lzcnt, tsc, tscinvbit, avx, avx2, aes, erms, clmul, bmi1, bmi2, adx, avx512f, avx512dq, avx512cd, avx512bw, avx512vl, sha, fma, vzeroupper, avx512_vpopcntdq, avx512_vpclmulqdq, avx512_vaes, avx512_vnni, clflush, clflushopt, clwb, avx512_vbmi2, avx512_vbmi, hv, rdtscp, rdpid, fsrm, gfni, avx512_bitalg

Memory: 4k page, system-wide physical 7926M (366M free)
TotalPageFile size 14749M (AvailPageFile size 0M)
current process WorkingSet (physical memory assigned to process): 235M, peak: 251M
current process commit charge ("private bytes"): 274M, peak: 292M

vm_info: OpenJDK 64-Bit Server VM (19.0.2+7-FR) for windows-amd64 JRE (19.0.2+7-FR), built on Jan 13 2023 22:53:32 by "Administrator" with MS VC++ 15.9 (VS2017)

END.
