#
# There is insufficient memory for the Java Runtime Environment to continue.
# Native memory allocation (malloc) failed to allocate 462016 bytes for Chunk::new
# Possible reasons:
#   The system is out of physical RAM or swap space
#   The process is running with CompressedOops enabled, and the Java Heap may be blocking the growth of the native heap
# Possible solutions:
#   Reduce memory load on the system
#   Increase physical memory or swap space
#   Check if swap backing store is full
#   Decrease Java heap size (-Xmx/-Xms)
#   Decrease number of Java threads
#   Decrease Java thread stack sizes (-Xss)
#   Set larger code cache with -XX:ReservedCodeCacheSize=
#   JVM is running with Unscaled Compressed Oops mode in which the Java heap is
#     placed in the first 4GB address space. The Java Heap base address is the
#     maximum limit for the native heap growth. Please use -XX:HeapBaseMinAddress
#     to set the Java Heap base and to place the Java Heap above 4GB virtual address.
# This output file may be truncated or incomplete.
#
#  Out of Memory Error (arena.cpp:184), pid=18428, tid=19616
#
# JRE version: OpenJDK Runtime Environment Corretto-19.0.2.7.1 (19.0.2+7) (build 19.0.2+7-FR)
# Java VM: OpenJDK 64-Bit Server VM Corretto-19.0.2.7.1 (19.0.2+7-FR, mixed mode, sharing, tiered, compressed oops, compressed class ptrs, g1 gc, windows-amd64)
# No core dump will be written. Minidumps are not enabled by default on client versions of Windows
#

---------------  S U M M A R Y ------------

Command Line: -javaagent:C:\Program Files\JetBrains\IntelliJ IDEA Community Edition 2024.1.4\lib\idea_rt.jar=60255:C:\Program Files\JetBrains\IntelliJ IDEA Community Edition 2024.1.4\bin -Dfile.encoding=UTF-8 -Dsun.stdout.encoding=UTF-8 -Dsun.stderr.encoding=UTF-8 com.example.WSM.WsmApplication

Host: 11th Gen Intel(R) Core(TM) i5-1135G7 @ 2.40GHz, 8 cores, 7G,  Windows 11 , 64 bit Build 22621 (10.0.22621.4830)
Time: Sun Sep  7 20:37:55 2025 Afr. centrale Ouest elapsed time: 178.717974 seconds (0d 0h 2m 58s)

---------------  T H R E A D  ---------------

Current thread (0x000002070c8b51a0):  JavaThread "C2 CompilerThread1" daemon [_thread_in_native, id=19616, stack(0x0000007a52800000,0x0000007a52900000)]


Current CompileTask:
C2: 178718 9118       4       org.springframework.web.servlet.mvc.method.RequestMappingInfo::getMatchingCondition (182 bytes)

Stack: [0x0000007a52800000,0x0000007a52900000]
Native frames: (J=compiled Java code, j=interpreted, Vv=VM code, C=native code)
V  [jvm.dll+0x6d034a]
V  [jvm.dll+0x880f10]
V  [jvm.dll+0x88289e]
V  [jvm.dll+0x882f43]
V  [jvm.dll+0x27b4bb]
V  [jvm.dll+0xdd792]
V  [jvm.dll+0xddb25]
V  [jvm.dll+0x3b4a5b]
V  [jvm.dll+0x37c86a]
V  [jvm.dll+0x37bc5a]
V  [jvm.dll+0x2470ef]
V  [jvm.dll+0x2465a7]
V  [jvm.dll+0x1d4bb7]
V  [jvm.dll+0x25558a]
V  [jvm.dll+0x2538d7]
V  [jvm.dll+0x8342bd]
V  [jvm.dll+0x82e2fa]
V  [jvm.dll+0x6cf0d3]
C  [ucrtbase.dll+0x29333]
C  [KERNEL32.DLL+0x1259d]
C  [ntdll.dll+0x5af38]


---------------  P R O C E S S  ---------------

Threads class SMR info:
_java_thread_list=0x000002070c8e68e0, length=35, elements={
0x0000020706c15f90, 0x0000020706c16d20, 0x0000020706c17a00, 0x0000020706c195d0,
0x0000020706c1a1e0, 0x0000020706c1b1d0, 0x0000020706c1f030, 0x0000020706c219c0,
0x0000020706c1b720, 0x0000020706c1a730, 0x0000020706c1ac80, 0x0000020706c1bc70,
0x0000020706c1cc60, 0x000002070b066d80, 0x000002070b066830, 0x000002070b067d70,
0x000002070b063db0, 0x000002070b064300, 0x000002070b061880, 0x000002070b061dd0,
0x000002070b068810, 0x000002070b064850, 0x000002070b0662e0, 0x000002070b068d60,
0x000002070b0672d0, 0x000002070b062dc0, 0x000002070b065d90, 0x000002070b0692b0,
0x000002070b067820, 0x000002070b064da0, 0x000002070b062320, 0x000002070b062870,
0x000002070b065840, 0x000002070b063310, 0x000002070c8b51a0
}

Java Threads: ( => current thread )
  0x0000020706c15f90 JavaThread "Reference Handler" daemon [_thread_blocked, id=23084, stack(0x0000007a53000000,0x0000007a53100000)]
  0x0000020706c16d20 JavaThread "Finalizer" daemon [_thread_blocked, id=20640, stack(0x0000007a53100000,0x0000007a53200000)]
  0x0000020706c17a00 JavaThread "Signal Dispatcher" daemon [_thread_blocked, id=680, stack(0x0000007a53200000,0x0000007a53300000)]
  0x0000020706c195d0 JavaThread "Attach Listener" daemon [_thread_blocked, id=9900, stack(0x0000007a53300000,0x0000007a53400000)]
  0x0000020706c1a1e0 JavaThread "Service Thread" daemon [_thread_blocked, id=22868, stack(0x0000007a53400000,0x0000007a53500000)]
  0x0000020706c1b1d0 JavaThread "Monitor Deflation Thread" daemon [_thread_blocked, id=8800, stack(0x0000007a53500000,0x0000007a53600000)]
  0x0000020706c1f030 JavaThread "C2 CompilerThread0" daemon [_thread_in_native, id=12256, stack(0x0000007a53600000,0x0000007a53700000)]
  0x0000020706c219c0 JavaThread "C1 CompilerThread0" daemon [_thread_blocked, id=5236, stack(0x0000007a53700000,0x0000007a53800000)]
  0x0000020706c1b720 JavaThread "Sweeper thread" daemon [_thread_blocked, id=5512, stack(0x0000007a53800000,0x0000007a53900000)]
  0x0000020706c1a730 JavaThread "Common-Cleaner" daemon [_thread_blocked, id=18228, stack(0x0000007a53900000,0x0000007a53a00000)]
  0x0000020706c1ac80 JavaThread "Monitor Ctrl-Break" daemon [_thread_in_native, id=6892, stack(0x0000007a53a00000,0x0000007a53b00000)]
  0x0000020706c1bc70 JavaThread "Notification Thread" daemon [_thread_blocked, id=22184, stack(0x0000007a53b00000,0x0000007a53c00000)]
  0x0000020706c1cc60 JavaThread "Catalina-utility-1" [_thread_blocked, id=16864, stack(0x0000007a54600000,0x0000007a54700000)]
  0x000002070b066d80 JavaThread "Catalina-utility-2" [_thread_blocked, id=23252, stack(0x0000007a54800000,0x0000007a54900000)]
  0x000002070b066830 JavaThread "container-0" [_thread_blocked, id=23412, stack(0x0000007a54900000,0x0000007a54a00000)]
  0x000002070b067d70 JavaThread "BufferPoolPruner-1-thread-1" daemon [_thread_blocked, id=17908, stack(0x0000007a54a00000,0x0000007a54b00000)]
  0x000002070b063db0 JavaThread "cluster-ClusterId{value='68bdde7b1def3978d52e0e9f', description='null'}-localhost:27017" daemon [_thread_in_native, id=4376, stack(0x0000007a54b00000,0x0000007a54c00000)]
  0x000002070b064300 JavaThread "Live Reload Server" daemon [_thread_in_native, id=23432, stack(0x0000007a54e00000,0x0000007a54f00000)]
  0x000002070b061880 JavaThread "File Watcher" daemon [_thread_blocked, id=10496, stack(0x0000007a54f00000,0x0000007a55000000)]
  0x000002070b061dd0 JavaThread "http-nio-8080-exec-1" daemon [_thread_blocked, id=3100, stack(0x0000007a55000000,0x0000007a55100000)]
  0x000002070b068810 JavaThread "http-nio-8080-exec-2" daemon [_thread_in_Java, id=4284, stack(0x0000007a55100000,0x0000007a55200000)]
  0x000002070b064850 JavaThread "http-nio-8080-exec-3" daemon [_thread_in_native, id=14416, stack(0x0000007a55200000,0x0000007a55300000)]
  0x000002070b0662e0 JavaThread "http-nio-8080-exec-4" daemon [_thread_in_native, id=9200, stack(0x0000007a55300000,0x0000007a55400000)]
  0x000002070b068d60 JavaThread "http-nio-8080-exec-5" daemon [_thread_blocked, id=10292, stack(0x0000007a55400000,0x0000007a55500000)]
  0x000002070b0672d0 JavaThread "http-nio-8080-exec-6" daemon [_thread_blocked, id=15656, stack(0x0000007a55500000,0x0000007a55600000)]
  0x000002070b062dc0 JavaThread "http-nio-8080-exec-7" daemon [_thread_in_Java, id=14492, stack(0x0000007a55600000,0x0000007a55700000)]
  0x000002070b065d90 JavaThread "http-nio-8080-exec-8" daemon [_thread_in_native, id=8692, stack(0x0000007a55700000,0x0000007a55800000)]
  0x000002070b0692b0 JavaThread "http-nio-8080-exec-9" daemon [_thread_in_Java, id=20928, stack(0x0000007a55800000,0x0000007a55900000)]
  0x000002070b067820 JavaThread "http-nio-8080-exec-10" daemon [_thread_blocked, id=13300, stack(0x0000007a55900000,0x0000007a55a00000)]
  0x000002070b064da0 JavaThread "http-nio-8080-Poller" daemon [_thread_in_native, id=6268, stack(0x0000007a55a00000,0x0000007a55b00000)]
  0x000002070b062320 JavaThread "http-nio-8080-Acceptor" daemon [_thread_in_native, id=9252, stack(0x0000007a55b00000,0x0000007a55c00000)]
  0x000002070b062870 JavaThread "DestroyJavaVM" [_thread_blocked, id=18740, stack(0x0000007a52900000,0x0000007a52a00000)]
  0x000002070b065840 JavaThread "cluster-rtt-ClusterId{value='68bdde7b1def3978d52e0e9f', description='null'}-localhost:27017" daemon [_thread_blocked, id=10256, stack(0x0000007a52600000,0x0000007a52700000)]
  0x000002070b063310 JavaThread "MaintenanceTimer-2-thread-1" daemon [_thread_blocked, id=23248, stack(0x0000007a52700000,0x0000007a52800000)]
=>0x000002070c8b51a0 JavaThread "C2 CompilerThread1" daemon [_thread_in_native, id=19616, stack(0x0000007a52800000,0x0000007a52900000)]

Other Threads:
  0x0000020706bf8ea0 VMThread "VM Thread" [stack: 0x0000007a52f00000,0x0000007a53000000] [id=19324]
  0x000002070b4eb040 WatcherThread "VM Periodic Task Thread" [stack: 0x0000007a53c00000,0x0000007a53d00000] [id=11304]
  0x000002076835afc0 WorkerThread "GC Thread#0" [stack: 0x0000007a52a00000,0x0000007a52b00000] [id=8256]
  0x000002070b962190 WorkerThread "GC Thread#1" [stack: 0x0000007a53f00000,0x0000007a54000000] [id=19876]
  0x000002070be08bf0 WorkerThread "GC Thread#2" [stack: 0x0000007a54000000,0x0000007a54100000] [id=12716]
  0x000002070be09cd0 WorkerThread "GC Thread#3" [stack: 0x0000007a54100000,0x0000007a54200000] [id=2516]
  0x000002070be09190 WorkerThread "GC Thread#4" [stack: 0x0000007a54200000,0x0000007a54300000] [id=11292]
  0x000002070be09a00 WorkerThread "GC Thread#5" [stack: 0x0000007a54300000,0x0000007a54400000] [id=18588]
  0x000002070be09460 WorkerThread "GC Thread#6" [stack: 0x0000007a54400000,0x0000007a54500000] [id=14808]
  0x000002070be09fa0 WorkerThread "GC Thread#7" [stack: 0x0000007a54500000,0x0000007a54600000] [id=13772]
  0x000002076836c6f0 ConcurrentGCThread "G1 Main Marker" [stack: 0x0000007a52b00000,0x0000007a52c00000] [id=5636]
  0x000002076836dbd0 WorkerThread "G1 Conc#0" [stack: 0x0000007a52c00000,0x0000007a52d00000] [id=15832]
  0x000002070bfcdd40 WorkerThread "G1 Conc#1" [stack: 0x0000007a54700000,0x0000007a54800000] [id=2468]
  0x0000020706ab2160 ConcurrentGCThread "G1 Refine#0" [stack: 0x0000007a52d00000,0x0000007a52e00000] [id=17196]
  0x0000020706ab4ac0 ConcurrentGCThread "G1 Service" [stack: 0x0000007a52e00000,0x0000007a52f00000] [id=18440]

Threads with active compile tasks:
C2 CompilerThread0   178870 9123       4       org.apache.coyote.http11.Http11InputBuffer::parseRequestLine (1473 bytes)
C1 CompilerThread0   178870 9162       3       org.springframework.data.mongodb.MongoDatabaseUtils::doGetMongoDatabase (112 bytes)
C2 CompilerThread1   178870 9118       4       org.springframework.web.servlet.mvc.method.RequestMappingInfo::getMatchingCondition (182 bytes)

VM state: not at safepoint (normal execution)

VM Mutex/Monitor currently owned by a thread: None

Heap address: 0x0000000084200000, size: 1982 MB, Compressed Oops mode: 32-bit

CDS archive(s) mapped at: [0x0000000800000000-0x0000000800c40000-0x0000000800c40000), size 12845056, SharedBaseAddress: 0x0000000800000000, ArchiveRelocationMode: 0.
Compressed class space mapped at: 0x0000000801000000-0x0000000841000000, reserved size: 1073741824
Narrow klass base: 0x0000000800000000, Narrow klass shift: 0, Narrow klass range: 0x100000000

GC Precious Log:
 CardTable entry size: 512
 Card Set container configuration: InlinePtr #cards 5 size 8 Array Of Cards #cards 12 size 40 Howl #buckets 4 coarsen threshold 1843 Howl Bitmap #cards 512 size 80 coarsen threshold 460 Card regions per heap region 1 cards per card region 2048
 CPUs: 8 total, 8 available
 Memory: 7926M
 Large Page Support: Disabled
 NUMA Support: Disabled
 Compressed Oops: Enabled (32-bit)
 Heap Region Size: 1M
 Heap Min Capacity: 8M
 Heap Initial Capacity: 124M
 Heap Max Capacity: 1982M
 Pre-touch: Disabled
 Parallel Workers: 8
 Concurrent Workers: 2
 Concurrent Refinement Workers: 8
 Periodic GC: Disabled

Heap:
 garbage-first heap   total 51200K, used 35287K [0x0000000084200000, 0x0000000100000000)
  region size 1024K, 12 young (12288K), 1 survivors (1024K)
 Metaspace       used 49805K, committed 50432K, reserved 1114112K
  class space    used 6189K, committed 6464K, reserved 1048576K

Heap Regions: E=young(eden), S=young(survivor), O=old, HS=humongous(starts), HC=humongous(continues), CS=collection set, F=free, OA=open archive, CA=closed archive, TAMS=top-at-mark-start (previous, next)
|   0|0x0000000084200000, 0x0000000084300000, 0x0000000084300000|100%| O|  |TAMS 0x0000000084300000, 0x0000000084200000| Untracked 
|   1|0x0000000084300000, 0x0000000084400000, 0x0000000084400000|100%| O|  |TAMS 0x0000000084400000, 0x0000000084300000| Untracked 
|   2|0x0000000084400000, 0x0000000084500000, 0x0000000084500000|100%| O|  |TAMS 0x0000000084500000, 0x0000000084400000| Untracked 
|   3|0x0000000084500000, 0x0000000084600000, 0x0000000084600000|100%| O|  |TAMS 0x0000000084600000, 0x0000000084500000| Untracked 
|   4|0x0000000084600000, 0x0000000084700000, 0x0000000084700000|100%| O|  |TAMS 0x0000000084700000, 0x0000000084600000| Untracked 
|   5|0x0000000084700000, 0x0000000084800000, 0x0000000084800000|100%| O|  |TAMS 0x0000000084800000, 0x0000000084700000| Untracked 
|   6|0x0000000084800000, 0x0000000084900000, 0x0000000084900000|100%| O|  |TAMS 0x0000000084900000, 0x0000000084800000| Untracked 
|   7|0x0000000084900000, 0x0000000084a00000, 0x0000000084a00000|100%| O|  |TAMS 0x0000000084a00000, 0x0000000084900000| Untracked 
|   8|0x0000000084a00000, 0x0000000084b00000, 0x0000000084b00000|100%| O|  |TAMS 0x0000000084b00000, 0x0000000084a00000| Untracked 
|   9|0x0000000084b00000, 0x0000000084c00000, 0x0000000084c00000|100%| O|  |TAMS 0x0000000084c00000, 0x0000000084b00000| Untracked 
|  10|0x0000000084c00000, 0x0000000084d00000, 0x0000000084d00000|100%| O|  |TAMS 0x0000000084d00000, 0x0000000084c00000| Untracked 
|  11|0x0000000084d00000, 0x0000000084e00000, 0x0000000084e00000|100%| O|  |TAMS 0x0000000084e00000, 0x0000000084d00000| Untracked 
|  12|0x0000000084e00000, 0x0000000084f00000, 0x0000000084f00000|100%| O|  |TAMS 0x0000000084f00000, 0x0000000084e00000| Untracked 
|  13|0x0000000084f00000, 0x0000000085000000, 0x0000000085000000|100%| O|  |TAMS 0x0000000085000000, 0x0000000084f00000| Untracked 
|  14|0x0000000085000000, 0x0000000085100000, 0x0000000085100000|100%| O|  |TAMS 0x0000000085100000, 0x0000000085000000| Untracked 
|  15|0x0000000085100000, 0x0000000085100000, 0x0000000085200000|  0%| F|  |TAMS 0x0000000085100000, 0x0000000085100000| Untracked 
|  16|0x0000000085200000, 0x0000000085300000, 0x0000000085300000|100%| O|  |TAMS 0x0000000085300000, 0x0000000085200000| Untracked 
|  17|0x0000000085300000, 0x0000000085400000, 0x0000000085400000|100%| O|  |TAMS 0x0000000085400000, 0x0000000085300000| Untracked 
|  18|0x0000000085400000, 0x0000000085500000, 0x0000000085500000|100%| O|  |TAMS 0x0000000085500000, 0x0000000085400000| Untracked 
|  19|0x0000000085500000, 0x0000000085600000, 0x0000000085600000|100%| O|  |TAMS 0x0000000085600000, 0x0000000085500000| Untracked 
|  20|0x0000000085600000, 0x0000000085700000, 0x0000000085700000|100%| O|  |TAMS 0x0000000085700000, 0x0000000085600000| Untracked 
|  21|0x0000000085700000, 0x0000000085700000, 0x0000000085800000|  0%| F|  |TAMS 0x0000000085700000, 0x0000000085700000| Untracked 
|  22|0x0000000085800000, 0x0000000085900000, 0x0000000085900000|100%| O|  |TAMS 0x0000000085900000, 0x0000000085800000| Untracked 
|  23|0x0000000085900000, 0x0000000085a00000, 0x0000000085a00000|100%| O|  |TAMS 0x0000000085a00000, 0x0000000085900000| Untracked 
|  24|0x0000000085a00000, 0x0000000085b00000, 0x0000000085b00000|100%| O|  |TAMS 0x0000000085b00000, 0x0000000085a00000| Untracked 
|  25|0x0000000085b00000, 0x0000000085be9800, 0x0000000085c00000| 91%| O|  |TAMS 0x0000000085b1e800, 0x0000000085b00000| Untracked 
|  26|0x0000000085c00000, 0x0000000085c00000, 0x0000000085d00000|  0%| F|  |TAMS 0x0000000085c00000, 0x0000000085c00000| Untracked 
|  27|0x0000000085d00000, 0x0000000085d00000, 0x0000000085e00000|  0%| F|  |TAMS 0x0000000085d00000, 0x0000000085d00000| Untracked 
|  28|0x0000000085e00000, 0x0000000085e00000, 0x0000000085f00000|  0%| F|  |TAMS 0x0000000085e00000, 0x0000000085e00000| Untracked 
|  29|0x0000000085f00000, 0x0000000085f00000, 0x0000000086000000|  0%| F|  |TAMS 0x0000000085f00000, 0x0000000085f00000| Untracked 
|  30|0x0000000086000000, 0x0000000086000000, 0x0000000086100000|  0%| F|  |TAMS 0x0000000086000000, 0x0000000086000000| Untracked 
|  31|0x0000000086100000, 0x0000000086100000, 0x0000000086200000|  0%| F|  |TAMS 0x0000000086100000, 0x0000000086100000| Untracked 
|  32|0x0000000086200000, 0x0000000086200000, 0x0000000086300000|  0%| F|  |TAMS 0x0000000086200000, 0x0000000086200000| Untracked 
|  33|0x0000000086300000, 0x0000000086300000, 0x0000000086400000|  0%| F|  |TAMS 0x0000000086300000, 0x0000000086300000| Untracked 
|  34|0x0000000086400000, 0x0000000086400000, 0x0000000086500000|  0%| F|  |TAMS 0x0000000086400000, 0x0000000086400000| Untracked 
|  35|0x0000000086500000, 0x0000000086500000, 0x0000000086600000|  0%| F|  |TAMS 0x0000000086500000, 0x0000000086500000| Untracked 
|  36|0x0000000086600000, 0x0000000086600000, 0x0000000086700000|  0%| F|  |TAMS 0x0000000086600000, 0x0000000086600000| Untracked 
|  37|0x0000000086700000, 0x0000000086700000, 0x0000000086800000|  0%| F|  |TAMS 0x0000000086700000, 0x0000000086700000| Untracked 
|  38|0x0000000086800000, 0x0000000086892370, 0x0000000086900000| 57%| E|  |TAMS 0x0000000086800000, 0x0000000086800000| Complete 
|  39|0x0000000086900000, 0x0000000086a00000, 0x0000000086a00000|100%| E|CS|TAMS 0x0000000086900000, 0x0000000086900000| Complete 
|  40|0x0000000086a00000, 0x0000000086b00000, 0x0000000086b00000|100%| E|CS|TAMS 0x0000000086a00000, 0x0000000086a00000| Complete 
|  41|0x0000000086b00000, 0x0000000086c00000, 0x0000000086c00000|100%| E|CS|TAMS 0x0000000086b00000, 0x0000000086b00000| Complete 
|  66|0x0000000088400000, 0x0000000088500000, 0x0000000088500000|100%| E|CS|TAMS 0x0000000088400000, 0x0000000088400000| Complete 
|  67|0x0000000088500000, 0x0000000088600000, 0x0000000088600000|100%| E|CS|TAMS 0x0000000088500000, 0x0000000088500000| Complete 
|  68|0x0000000088600000, 0x0000000088700000, 0x0000000088700000|100%| E|CS|TAMS 0x0000000088600000, 0x0000000088600000| Complete 
|  69|0x0000000088700000, 0x0000000088800000, 0x0000000088800000|100%| E|CS|TAMS 0x0000000088700000, 0x0000000088700000| Complete 
|  70|0x0000000088800000, 0x0000000088900000, 0x0000000088900000|100%| E|CS|TAMS 0x0000000088800000, 0x0000000088800000| Complete 
|  71|0x0000000088900000, 0x0000000088a00000, 0x0000000088a00000|100%| E|CS|TAMS 0x0000000088900000, 0x0000000088900000| Complete 
|  72|0x0000000088a00000, 0x0000000088a8c668, 0x0000000088b00000| 54%| S|CS|TAMS 0x0000000088a00000, 0x0000000088a00000| Complete 
| 123|0x000000008bd00000, 0x000000008be00000, 0x000000008be00000|100%| E|CS|TAMS 0x000000008bd00000, 0x000000008bd00000| Complete 

Card table byte_map: [0x000002077fbf0000,0x000002077ffd0000] _byte_map_base: 0x000002077f7cf000

Marking Bits (Prev, Next): (CMBitMap*) 0x000002076835c600, (CMBitMap*) 0x000002076835c640
 Prev Bits: [0x00000207003e0000, 0x00000207022d8000)
 Next Bits: [0x00000207022e0000, 0x00000207041d8000)

Polling page: 0x00000207662d0000

Metaspace:

Usage:
  Non-class:     42.59 MB used.
      Class:      6.04 MB used.
       Both:     48.64 MB used.

Virtual space:
  Non-class space:       64.00 MB reserved,      42.94 MB ( 67%) committed,  1 nodes.
      Class space:        1.00 GB reserved,       6.31 MB ( <1%) committed,  1 nodes.
             Both:        1.06 GB reserved,      49.25 MB (  5%) committed. 

Chunk freelists:
   Non-Class:  849.00 KB
       Class:  1.70 MB
        Both:  2.53 MB

MaxMetaspaceSize: unlimited
CompressedClassSpaceSize: 1.00 GB
Initial GC threshold: 21.00 MB
Current GC threshold: 80.63 MB
CDS: on
MetaspaceReclaimPolicy: balanced
 - commit_granule_bytes: 65536.
 - commit_granule_words: 8192.
 - virtual_space_node_default_size: 8388608.
 - enlarge_chunks_in_place: 1.
 - new_chunks_are_fully_committed: 0.
 - uncommit_free_chunks: 1.
 - use_allocation_guard: 0.


Internal statistics:

num_allocs_failed_limit: 8.
num_arena_births: 932.
num_arena_deaths: 18.
num_vsnodes_births: 2.
num_vsnodes_deaths: 0.
num_space_committed: 788.
num_space_uncommitted: 0.
num_chunks_returned_to_freelist: 34.
num_chunks_taken_from_freelist: 2792.
num_chunk_merges: 15.
num_chunk_splits: 1939.
num_chunks_enlarged: 1500.
num_inconsistent_stats: 0.

CodeHeap 'non-profiled nmethods': size=120000Kb used=4593Kb max_used=4593Kb free=115406Kb
 bounds [0x0000020777fa0000, 0x0000020778420000, 0x000002077f4d0000]
CodeHeap 'profiled nmethods': size=120000Kb used=17214Kb max_used=17214Kb free=102785Kb
 bounds [0x00000207704d0000, 0x00000207715a0000, 0x0000020777a00000]
CodeHeap 'non-nmethods': size=5760Kb used=1400Kb max_used=1446Kb free=4359Kb
 bounds [0x0000020777a00000, 0x0000020777c70000, 0x0000020777fa0000]
 total_blobs=8979 nmethods=8357 adapters=531
 compilation: enabled
              stopped_count=0, restarted_count=0
 full_count=0

Compilation events (20 events):
Event: 178.645 Thread 0x0000020706c219c0 nmethod 9111 0x000002077155a590 code [0x000002077155a820, 0x000002077155b5f8]
Event: 178.645 Thread 0x0000020706c219c0 9116   !   3       org.apache.coyote.http11.Http11Processor::service (1243 bytes)
Event: 178.658 Thread 0x000002070c8b51a0 9118       4       org.springframework.web.servlet.mvc.method.RequestMappingInfo::getMatchingCondition (182 bytes)
Event: 178.665 Thread 0x0000020706c219c0 nmethod 9116 0x000002077155ba90 code [0x000002077155c560, 0x0000020771564ba8]
Event: 178.665 Thread 0x0000020706c219c0 9117       3       org.apache.coyote.AbstractProtocol$RecycledProcessors::push (76 bytes)
Event: 178.666 Thread 0x0000020706c219c0 nmethod 9117 0x0000020771567610 code [0x0000020771567800, 0x0000020771567c28]
Event: 178.666 Thread 0x0000020706c219c0 9115       3       java.util.concurrent.LinkedBlockingQueue::dequeue (32 bytes)
Event: 178.667 Thread 0x0000020706c219c0 nmethod 9115 0x0000020771567e10 code [0x0000020771567fc0, 0x00000207715681b8]
Event: 178.667 Thread 0x0000020706c219c0 9108   !   3       org.apache.tomcat.util.threads.ThreadPoolExecutor::execute (84 bytes)
Event: 178.668 Thread 0x0000020706c219c0 nmethod 9108 0x0000020771568290 code [0x00000207715684e0, 0x0000020771568d88]
Event: 178.668 Thread 0x0000020706c219c0 9109       3       org.apache.tomcat.util.threads.ThreadPoolExecutor::executeInternal (132 bytes)
Event: 178.670 Thread 0x0000020706c219c0 nmethod 9109 0x0000020771569090 code [0x0000020771569360, 0x000002077156a148]
Event: 178.671 Thread 0x0000020706c219c0 9110       3       org.apache.tomcat.util.threads.TaskQueue::offer (9 bytes)
Event: 178.671 Thread 0x0000020706c219c0 nmethod 9110 0x000002077156a610 code [0x000002077156a7c0, 0x000002077156aa08]
Event: 178.671 Thread 0x0000020706c219c0 9112       3       org.apache.tomcat.util.threads.ThreadPoolExecutor::getSubmittedCount (8 bytes)
Event: 178.671 Thread 0x0000020706c219c0 nmethod 9112 0x000002077156ab10 code [0x000002077156aca0, 0x000002077156add8]
Event: 178.671 Thread 0x0000020706c219c0 9113   !   3       java.util.concurrent.LinkedBlockingQueue::offer (131 bytes)
Event: 178.675 Thread 0x0000020706c219c0 nmethod 9113 0x000002077156ae90 code [0x000002077156b260, 0x000002077156cfd8]
Event: 178.675 Thread 0x0000020706c219c0 9114       3       java.util.concurrent.LinkedBlockingQueue::enqueue (14 bytes)
Event: 178.676 Thread 0x0000020706c219c0 nmethod 9114 0x000002077156da90 code [0x000002077156dc40, 0x000002077156de18]

GC Heap History (20 events):
Event: 30.610 GC heap before
{Heap before GC invocations=11 (full 0):
 garbage-first heap   total 51200K, used 22786K [0x0000000084200000, 0x0000000100000000)
  region size 1024K, 4 young (4096K), 3 survivors (3072K)
 Metaspace       used 38253K, committed 38784K, reserved 1114112K
  class space    used 4892K, committed 5120K, reserved 1048576K
}
Event: 30.618 GC heap after
{Heap after GC invocations=12 (full 0):
 garbage-first heap   total 51200K, used 21789K [0x0000000084200000, 0x0000000100000000)
  region size 1024K, 1 young (1024K), 1 survivors (1024K)
 Metaspace       used 38253K, committed 38784K, reserved 1114112K
  class space    used 4892K, committed 5120K, reserved 1048576K
}
Event: 87.334 GC heap before
{Heap before GC invocations=12 (full 0):
 garbage-first heap   total 51200K, used 39197K [0x0000000084200000, 0x0000000100000000)
  region size 1024K, 18 young (18432K), 1 survivors (1024K)
 Metaspace       used 41045K, committed 41664K, reserved 1114112K
  class space    used 5271K, committed 5568K, reserved 1048576K
}
Event: 87.342 GC heap after
{Heap after GC invocations=13 (full 0):
 garbage-first heap   total 51200K, used 23018K [0x0000000084200000, 0x0000000100000000)
  region size 1024K, 2 young (2048K), 2 survivors (2048K)
 Metaspace       used 41045K, committed 41664K, reserved 1114112K
  class space    used 5271K, committed 5568K, reserved 1048576K
}
Event: 118.100 GC heap before
{Heap before GC invocations=13 (full 0):
 garbage-first heap   total 51200K, used 38378K [0x0000000084200000, 0x0000000100000000)
  region size 1024K, 18 young (18432K), 2 survivors (2048K)
 Metaspace       used 43688K, committed 44288K, reserved 1114112K
  class space    used 5678K, committed 5952K, reserved 1048576K
}
Event: 118.109 GC heap after
{Heap after GC invocations=14 (full 0):
 garbage-first heap   total 51200K, used 24130K [0x0000000084200000, 0x0000000100000000)
  region size 1024K, 3 young (3072K), 3 survivors (3072K)
 Metaspace       used 43688K, committed 44288K, reserved 1114112K
  class space    used 5678K, committed 5952K, reserved 1048576K
}
Event: 150.674 GC heap before
{Heap before GC invocations=14 (full 0):
 garbage-first heap   total 51200K, used 40514K [0x0000000084200000, 0x0000000100000000)
  region size 1024K, 19 young (19456K), 3 survivors (3072K)
 Metaspace       used 46373K, committed 46976K, reserved 1114112K
  class space    used 6049K, committed 6336K, reserved 1048576K
}
Event: 150.682 GC heap after
{Heap after GC invocations=15 (full 0):
 garbage-first heap   total 51200K, used 25320K [0x0000000084200000, 0x0000000100000000)
  region size 1024K, 3 young (3072K), 3 survivors (3072K)
 Metaspace       used 46373K, committed 46976K, reserved 1114112K
  class space    used 6049K, committed 6336K, reserved 1048576K
}
Event: 151.738 GC heap before
{Heap before GC invocations=15 (full 0):
 garbage-first heap   total 51200K, used 40680K [0x0000000084200000, 0x0000000100000000)
  region size 1024K, 18 young (18432K), 3 survivors (3072K)
 Metaspace       used 47046K, committed 47680K, reserved 1114112K
  class space    used 6053K, committed 6336K, reserved 1048576K
}
Event: 151.743 GC heap after
{Heap after GC invocations=16 (full 0):
 garbage-first heap   total 51200K, used 25423K [0x0000000084200000, 0x0000000100000000)
  region size 1024K, 2 young (2048K), 2 survivors (2048K)
 Metaspace       used 47046K, committed 47680K, reserved 1114112K
  class space    used 6053K, committed 6336K, reserved 1048576K
}
Event: 168.191 GC heap before
{Heap before GC invocations=17 (full 0):
 garbage-first heap   total 51200K, used 39759K [0x0000000084200000, 0x0000000100000000)
  region size 1024K, 17 young (17408K), 2 survivors (2048K)
 Metaspace       used 48510K, committed 49152K, reserved 1114112K
  class space    used 6185K, committed 6464K, reserved 1048576K
}
Event: 168.196 GC heap after
{Heap after GC invocations=18 (full 0):
 garbage-first heap   total 51200K, used 25604K [0x0000000084200000, 0x0000000100000000)
  region size 1024K, 2 young (2048K), 2 survivors (2048K)
 Metaspace       used 48510K, committed 49152K, reserved 1114112K
  class space    used 6185K, committed 6464K, reserved 1048576K
}
Event: 168.228 GC heap before
{Heap before GC invocations=18 (full 0):
 garbage-first heap   total 51200K, used 26628K [0x0000000084200000, 0x0000000100000000)
  region size 1024K, 3 young (3072K), 2 survivors (2048K)
 Metaspace       used 48537K, committed 49216K, reserved 1114112K
  class space    used 6185K, committed 6464K, reserved 1048576K
}
Event: 168.233 GC heap after
{Heap after GC invocations=19 (full 0):
 garbage-first heap   total 51200K, used 25241K [0x0000000084200000, 0x0000000100000000)
  region size 1024K, 1 young (1024K), 1 survivors (1024K)
 Metaspace       used 48537K, committed 49216K, reserved 1114112K
  class space    used 6185K, committed 6464K, reserved 1048576K
}
Event: 169.143 GC heap before
{Heap before GC invocations=19 (full 0):
 garbage-first heap   total 51200K, used 40601K [0x0000000084200000, 0x0000000100000000)
  region size 1024K, 16 young (16384K), 1 survivors (1024K)
 Metaspace       used 48894K, committed 49536K, reserved 1114112K
  class space    used 6185K, committed 6464K, reserved 1048576K
}
Event: 169.146 GC heap after
{Heap after GC invocations=20 (full 0):
 garbage-first heap   total 51200K, used 25193K [0x0000000084200000, 0x0000000100000000)
  region size 1024K, 1 young (1024K), 1 survivors (1024K)
 Metaspace       used 48894K, committed 49536K, reserved 1114112K
  class space    used 6185K, committed 6464K, reserved 1048576K
}
Event: 178.436 GC heap before
{Heap before GC invocations=21 (full 0):
 garbage-first heap   total 51200K, used 41577K [0x0000000084200000, 0x0000000100000000)
  region size 1024K, 17 young (17408K), 1 survivors (1024K)
 Metaspace       used 49741K, committed 50368K, reserved 1114112K
  class space    used 6189K, committed 6464K, reserved 1048576K
}
Event: 178.440 GC heap after
{Heap after GC invocations=22 (full 0):
 garbage-first heap   total 51200K, used 25255K [0x0000000084200000, 0x0000000100000000)
  region size 1024K, 1 young (1024K), 1 survivors (1024K)
 Metaspace       used 49741K, committed 50368K, reserved 1114112K
  class space    used 6189K, committed 6464K, reserved 1048576K
}
Event: 178.487 GC heap before
{Heap before GC invocations=22 (full 0):
 garbage-first heap   total 51200K, used 26279K [0x0000000084200000, 0x0000000100000000)
  region size 1024K, 2 young (2048K), 1 survivors (1024K)
 Metaspace       used 49741K, committed 50368K, reserved 1114112K
  class space    used 6189K, committed 6464K, reserved 1048576K
}
Event: 178.492 GC heap after
{Heap after GC invocations=23 (full 0):
 garbage-first heap   total 51200K, used 25047K [0x0000000084200000, 0x0000000100000000)
  region size 1024K, 1 young (1024K), 1 survivors (1024K)
 Metaspace       used 49741K, committed 50368K, reserved 1114112K
  class space    used 6189K, committed 6464K, reserved 1048576K
}

Dll operation events (14 events):
Event: 0.034 Loaded shared library C:\Users\Ritej\.jdks\corretto-19.0.2\bin\java.dll
Event: 0.065 Loaded shared library C:\Users\Ritej\.jdks\corretto-19.0.2\bin\jsvml.dll
Event: 0.499 Loaded shared library C:\Users\Ritej\.jdks\corretto-19.0.2\bin\zip.dll
Event: 0.517 Loaded shared library C:\Users\Ritej\.jdks\corretto-19.0.2\bin\instrument.dll
Event: 0.554 Loaded shared library C:\Users\Ritej\.jdks\corretto-19.0.2\bin\net.dll
Event: 0.577 Loaded shared library C:\Users\Ritej\.jdks\corretto-19.0.2\bin\nio.dll
Event: 0.649 Loaded shared library C:\Users\Ritej\.jdks\corretto-19.0.2\bin\zip.dll
Event: 2.039 Loaded shared library C:\Users\Ritej\.jdks\corretto-19.0.2\bin\jimage.dll
Event: 15.367 Loaded shared library C:\Program Files\JetBrains\IntelliJ IDEA Community Edition 2024.1.4\bin\breakgen64.dll
Event: 15.416 Loaded shared library C:\Users\Ritej\.jdks\corretto-19.0.2\bin\extnet.dll
Event: 16.429 Loaded shared library C:\Users\Ritej\.jdks\corretto-19.0.2\bin\management.dll
Event: 16.441 Loaded shared library C:\Users\Ritej\.jdks\corretto-19.0.2\bin\management_ext.dll
Event: 19.762 Loaded shared library C:\Users\Ritej\.jdks\corretto-19.0.2\bin\sunmscapi.dll
Event: 150.234 Loaded shared library C:\Users\Ritej\.jdks\corretto-19.0.2\bin\verify.dll

Deoptimization events (20 events):
Event: 167.782 Thread 0x000002070b0692b0 Uncommon trap: trap_request=0xffffff45 fr.pc=0x00000207782dd124 relative=0x00000000000003c4
Event: 167.782 Thread 0x000002070b0692b0 Uncommon trap: reason=unstable_if action=reinterpret pc=0x00000207782dd124 method=org.springframework.web.util.pattern.LiteralPathElement.matches(ILorg/springframework/web/util/pattern/PathPattern$MatchingContext;)Z @ 129 c2
Event: 167.782 Thread 0x000002070b0692b0 DEOPT PACKING pc=0x00000207782dd124 sp=0x0000007a558fd360
Event: 167.782 Thread 0x000002070b0692b0 DEOPT UNPACKING pc=0x0000020777a6a5a3 sp=0x0000007a558fd300 mode 2
Event: 177.783 Thread 0x000002070b0672d0 Uncommon trap: trap_request=0xffffff45 fr.pc=0x0000020778378ab0 relative=0x00000000000007d0
Event: 177.783 Thread 0x000002070b0672d0 Uncommon trap: reason=unstable_if action=reinterpret pc=0x0000020778378ab0 method=org.springframework.web.bind.annotation.RequestMethod.resolve(Ljava/lang/String;)Lorg/springframework/web/bind/annotation/RequestMethod; @ 14 c2
Event: 177.783 Thread 0x000002070b0672d0 DEOPT PACKING pc=0x0000020778378ab0 sp=0x0000007a555fd7a0
Event: 177.783 Thread 0x000002070b0672d0 DEOPT UNPACKING pc=0x0000020777a6a5a3 sp=0x0000007a555fd6e8 mode 2
Event: 177.783 Thread 0x000002070b0672d0 Uncommon trap: trap_request=0xffffff45 fr.pc=0x0000020778377e20 relative=0x00000000000001e0
Event: 177.783 Thread 0x000002070b0672d0 Uncommon trap: reason=unstable_if action=reinterpret pc=0x0000020778377e20 method=org.springframework.web.bind.annotation.RequestMethod.resolve(Ljava/lang/String;)Lorg/springframework/web/bind/annotation/RequestMethod; @ 14 c2
Event: 177.783 Thread 0x000002070b0672d0 DEOPT PACKING pc=0x0000020778377e20 sp=0x0000007a555fd750
Event: 177.783 Thread 0x000002070b0672d0 DEOPT UNPACKING pc=0x0000020777a6a5a3 sp=0x0000007a555fd6e0 mode 2
Event: 177.787 Thread 0x000002070b062dc0 Uncommon trap: trap_request=0xffffff45 fr.pc=0x00000207783a6534 relative=0x0000000000003514
Event: 177.788 Thread 0x000002070b062dc0 Uncommon trap: reason=unstable_if action=reinterpret pc=0x00000207783a6534 method=org.springframework.web.bind.annotation.RequestMethod.resolve(Ljava/lang/String;)Lorg/springframework/web/bind/annotation/RequestMethod; @ 14 c2
Event: 177.788 Thread 0x000002070b062dc0 DEOPT PACKING pc=0x00000207783a6534 sp=0x0000007a556fd380
Event: 177.788 Thread 0x000002070b062dc0 DEOPT UNPACKING pc=0x0000020777a6a5a3 sp=0x0000007a556fd248 mode 2
Event: 177.788 Thread 0x000002070b062dc0 Uncommon trap: trap_request=0xffffff45 fr.pc=0x00000207783ab3d0 relative=0x0000000000000cf0
Event: 177.788 Thread 0x000002070b062dc0 Uncommon trap: reason=unstable_if action=reinterpret pc=0x00000207783ab3d0 method=org.springframework.web.bind.annotation.RequestMethod.resolve(Ljava/lang/String;)Lorg/springframework/web/bind/annotation/RequestMethod; @ 14 c2
Event: 177.788 Thread 0x000002070b062dc0 DEOPT PACKING pc=0x00000207783ab3d0 sp=0x0000007a556fd350
Event: 177.788 Thread 0x000002070b062dc0 DEOPT UNPACKING pc=0x0000020777a6a5a3 sp=0x0000007a556fd230 mode 2

Classes loaded (20 events):
Event: 147.567 Loading class java/net/Socket$SocketOutputStream
Event: 147.568 Loading class java/net/Socket$SocketOutputStream done
Event: 147.568 Loading class sun/nio/ch/NioSocketImpl$2
Event: 147.569 Loading class sun/nio/ch/NioSocketImpl$2 done
Event: 147.631 Loading class java/util/function/LongBinaryOperator
Event: 147.632 Loading class java/util/function/LongBinaryOperator done
Event: 150.150 Loading class java/util/concurrent/atomic/Striped64$Cell
Event: 150.151 Loading class java/util/concurrent/atomic/Striped64$Cell done
Event: 150.313 Loading class org/w3c/dom/Node
Event: 150.314 Loading class org/w3c/dom/Node done
Event: 150.314 Loading class org/w3c/dom/Document
Event: 150.314 Loading class org/w3c/dom/Document done
Event: 157.659 Loading class java/util/concurrent/ConcurrentLinkedDeque$CLDSpliterator
Event: 157.660 Loading class java/util/concurrent/ConcurrentLinkedDeque$CLDSpliterator done
Event: 167.581 Loading class java/io/PushbackInputStream
Event: 167.582 Loading class java/io/PushbackInputStream done
Event: 167.707 Loading class java/util/concurrent/ConcurrentHashMap$TreeBin
Event: 167.707 Loading class java/util/concurrent/ConcurrentHashMap$TreeBin done
Event: 177.813 Loading class java/util/concurrent/ConcurrentHashMap$EntrySpliterator
Event: 177.814 Loading class java/util/concurrent/ConcurrentHashMap$EntrySpliterator done

Classes unloaded (9 events):
Event: 169.214 Thread 0x0000020706bf8ea0 Unloading class 0x0000000801625000 'java/lang/invoke/LambdaForm$DMH+0x0000000801625000'
Event: 169.214 Thread 0x0000020706bf8ea0 Unloading class 0x0000000801625400 'java/lang/invoke/LambdaForm$DMH+0x0000000801625400'
Event: 169.214 Thread 0x0000020706bf8ea0 Unloading class 0x0000000801624c00 'java/lang/invoke/LambdaForm$DMH+0x0000000801624c00'
Event: 169.214 Thread 0x0000020706bf8ea0 Unloading class 0x0000000801624400 'java/lang/invoke/LambdaForm$DMH+0x0000000801624400'
Event: 169.214 Thread 0x0000020706bf8ea0 Unloading class 0x0000000801624800 'java/lang/invoke/LambdaForm$DMH+0x0000000801624800'
Event: 169.214 Thread 0x0000020706bf8ea0 Unloading class 0x00000008015f0800 'java/lang/invoke/LambdaForm$DMH+0x00000008015f0800'
Event: 169.214 Thread 0x0000020706bf8ea0 Unloading class 0x00000008015f0400 'java/lang/invoke/LambdaForm$DMH+0x00000008015f0400'
Event: 169.214 Thread 0x0000020706bf8ea0 Unloading class 0x00000008015b0800 'java/lang/invoke/LambdaForm$DMH+0x00000008015b0800'
Event: 169.214 Thread 0x0000020706bf8ea0 Unloading class 0x00000008015b0000 'java/lang/invoke/LambdaForm$DMH+0x00000008015b0000'

Classes redefined (0 events):
No events

Internal exceptions (20 events):
Event: 117.033 Thread 0x000002070b063db0 Exception <a 'java/net/ConnectException'{0x000000008677f870}: Connection refused: no further information> (0x000000008677f870) 
thrown [s\src\hotspot\share\prims\jni.cpp, line 536]
Event: 117.538 Thread 0x000002070b063db0 Exception <a 'java/net/ConnectException'{0x00000000867819b8}: Connection refused: no further information> (0x00000000867819b8) 
thrown [s\src\hotspot\share\prims\jni.cpp, line 536]
Event: 127.554 Thread 0x000002070b063db0 Exception <a 'java/net/ConnectException'{0x00000000889d4cc8}: Connection refused: no further information> (0x00000000889d4cc8) 
thrown [s\src\hotspot\share\prims\jni.cpp, line 536]
Event: 137.559 Thread 0x000002070b063db0 Exception <a 'java/net/ConnectException'{0x00000000889d6bf8}: Connection refused: no further information> (0x00000000889d6bf8) 
thrown [s\src\hotspot\share\prims\jni.cpp, line 536]
Event: 147.645 Thread 0x000002070b063db0 Exception <a 'java/lang/NoSuchMethodError'{0x000000008877ef88}: 'void java.lang.invoke.DirectMethodHandle$Holder.invokeStatic(java.lang.Object, java.lang.Object, long)'> (0x000000008877ef88) 
thrown [s\src\hotspot\share\interpreter\linkResolver.cpp, line 774]
Event: 150.140 Thread 0x000002070b068d60 Exception <a 'java/lang/NoSuchMethodError'{0x00000000885594e0}: 'long java.lang.invoke.DirectMethodHandle$Holder.invokeStatic(java.lang.Object, long)'> (0x00000000885594e0) 
thrown [s\src\hotspot\share\interpreter\linkResolver.cpp, line 774]
Event: 150.140 Thread 0x000002070b0672d0 Exception <a 'java/lang/NoSuchMethodError'{0x0000000088572e48}: 'long java.lang.invoke.DirectMethodHandle$Holder.invokeStatic(java.lang.Object, long)'> (0x0000000088572e48) 
thrown [s\src\hotspot\share\interpreter\linkResolver.cpp, line 774]
Event: 150.140 Thread 0x000002070b0662e0 Exception <a 'java/lang/NoSuchMethodError'{0x000000008856a128}: 'long java.lang.invoke.DirectMethodHandle$Holder.invokeStatic(java.lang.Object, long)'> (0x000000008856a128) 
thrown [s\src\hotspot\share\interpreter\linkResolver.cpp, line 774]
Event: 150.249 Thread 0x000002070b0672d0 Exception <a 'java/lang/NoSuchMethodError'{0x0000000086b089e8}: 'void java.lang.invoke.Invokers$Holder.invoke_MT(java.lang.Object, java.lang.Object, java.lang.Object, java.lang.Object)'> (0x0000000086b089e8) 
thrown [s\src\hotspot\share\interpreter\linkResolver.cpp, line 774]
Event: 150.261 Thread 0x000002070b068d60 Implicit null exception at 0x00000207780fd534 to 0x00000207780fd5a0
Event: 150.264 Thread 0x000002070b068d60 Exception <a 'java/lang/NoSuchMethodError'{0x0000000086b78be8}: 'double java.lang.invoke.DelegatingMethodHandle$Holder.reinvoke_L(java.lang.Object, java.lang.Object, int)'> (0x0000000086b78be8) 
thrown [s\src\hotspot\share\interpreter\linkResolver.cpp, line 774]
Event: 150.269 Thread 0x000002070b068d60 Exception <a 'java/lang/NoSuchMethodError'{0x0000000086b9d5c8}: 'void java.lang.invoke.DelegatingMethodHandle$Holder.reinvoke_L(java.lang.Object, java.lang.Object, double)'> (0x0000000086b9d5c8) 
thrown [s\src\hotspot\share\interpreter\linkResolver.cpp, line 774]
Event: 150.354 Thread 0x000002070b068d60 Exception <a 'java/lang/NoSuchMethodError'{0x0000000086a9bad8}: 'double java.lang.invoke.DirectMethodHandle$Holder.invokeVirtual(java.lang.Object, java.lang.Object)'> (0x0000000086a9bad8) 
thrown [s\src\hotspot\share\interpreter\linkResolver.cpp, line 774]
Event: 150.355 Thread 0x000002070b068d60 Exception <a 'java/lang/NoSuchMethodError'{0x0000000086a9fcd0}: 'double java.lang.invoke.DelegatingMethodHandle$Holder.reinvoke_L(java.lang.Object, java.lang.Object)'> (0x0000000086a9fcd0) 
thrown [s\src\hotspot\share\interpreter\linkResolver.cpp, line 774]
Event: 150.562 Thread 0x000002070b062dc0 Exception <a 'java/lang/NoSuchMethodError'{0x000000008665e758}: 'java.lang.Object java.lang.invoke.DirectMethodHandle$Holder.invokeInterface(java.lang.Object, java.lang.Object, int)'> (0x000000008665e758) 
thrown [s\src\hotspot\share\interpreter\linkResolver.cpp, line 774]
Event: 150.562 Thread 0x000002070b064850 Exception <a 'java/lang/NoSuchMethodError'{0x0000000086675710}: 'java.lang.Object java.lang.invoke.DirectMethodHandle$Holder.invokeInterface(java.lang.Object, java.lang.Object, int)'> (0x0000000086675710) 
thrown [s\src\hotspot\share\interpreter\linkResolver.cpp, line 774]
Event: 150.562 Thread 0x000002070b065d90 Exception <a 'java/lang/NoSuchMethodError'{0x0000000086689050}: 'java.lang.Object java.lang.invoke.DirectMethodHandle$Holder.invokeInterface(java.lang.Object, java.lang.Object, int)'> (0x0000000086689050) 
thrown [s\src\hotspot\share\interpreter\linkResolver.cpp, line 774]
Event: 150.563 Thread 0x000002070b067820 Exception <a 'java/lang/NoSuchMethodError'{0x00000000866a1f78}: 'java.lang.Object java.lang.invoke.DirectMethodHandle$Holder.invokeInterface(java.lang.Object, java.lang.Object, int)'> (0x00000000866a1f78) 
thrown [s\src\hotspot\share\interpreter\linkResolver.cpp, line 774]
Event: 150.563 Thread 0x000002070b0692b0 Exception <a 'java/lang/NoSuchMethodError'{0x0000000086668ca8}: 'java.lang.Object java.lang.invoke.DirectMethodHandle$Holder.invokeInterface(java.lang.Object, java.lang.Object, int)'> (0x0000000086668ca8) 
thrown [s\src\hotspot\share\interpreter\linkResolver.cpp, line 774]
Event: 150.563 Thread 0x000002070b061dd0 Exception <a 'java/lang/NoSuchMethodError'{0x000000008668fa60}: 'java.lang.Object java.lang.invoke.DirectMethodHandle$Holder.invokeInterface(java.lang.Object, java.lang.Object, int)'> (0x000000008668fa60) 
thrown [s\src\hotspot\share\interpreter\linkResolver.cpp, line 774]

VM Operations (20 events):
Event: 168.190 Executing VM operation: G1CollectForAllocation
Event: 168.199 Executing VM operation: G1CollectForAllocation done
Event: 168.227 Executing VM operation: G1CollectForAllocation
Event: 168.242 Executing VM operation: G1CollectForAllocation done
Event: 169.120 Executing VM operation: ICBufferFull
Event: 169.128 Executing VM operation: ICBufferFull done
Event: 169.142 Executing VM operation: G1CollectForAllocation
Event: 169.162 Executing VM operation: G1CollectForAllocation done
Event: 169.214 Executing VM operation: G1PauseRemark
Event: 169.230 Executing VM operation: G1PauseRemark done
Event: 169.286 Executing VM operation: G1PauseCleanup
Event: 169.289 Executing VM operation: G1PauseCleanup done
Event: 170.291 Executing VM operation: Cleanup
Event: 170.291 Executing VM operation: Cleanup done
Event: 178.354 Executing VM operation: ICBufferFull
Event: 178.355 Executing VM operation: ICBufferFull done
Event: 178.435 Executing VM operation: G1CollectForAllocation
Event: 178.449 Executing VM operation: G1CollectForAllocation done
Event: 178.487 Executing VM operation: G1CollectForAllocation
Event: 178.501 Executing VM operation: G1CollectForAllocation done

Events (20 events):
Event: 32.431 Thread 0x0000020706c1b720 flushing nmethod 0x0000020770e94d10
Event: 32.431 Thread 0x0000020706c1b720 flushing nmethod 0x0000020770ec6110
Event: 32.431 Thread 0x0000020706c1b720 flushing nmethod 0x0000020770eee510
Event: 32.432 Thread 0x0000020706c1b720 flushing nmethod 0x0000020770f75690
Event: 32.432 Thread 0x0000020706c1b720 flushing nmethod 0x0000020770f75c90
Event: 33.177 Thread 0x000002070d3de050 Thread exited: 0x000002070d3de050
Event: 87.480 Thread 0x000002070bc43200 Thread added: 0x000002070bc43200
Event: 88.532 Thread 0x000002070bc43200 Thread exited: 0x000002070bc43200
Event: 147.636 Thread 0x000002070b065840 Thread added: 0x000002070b065840
Event: 147.642 Thread 0x000002070b063310 Thread added: 0x000002070b063310
Event: 150.190 Thread 0x000002070e2171c0 Thread added: 0x000002070e2171c0
Event: 150.592 Thread 0x000002070bc43200 Thread added: 0x000002070bc43200
Event: 155.143 Thread 0x000002070bc43200 Thread exited: 0x000002070bc43200
Event: 155.143 Thread 0x000002070e2171c0 Thread exited: 0x000002070e2171c0
Event: 167.800 Thread 0x000002070e2171c0 Thread added: 0x000002070e2171c0
Event: 167.800 Thread 0x000002070c8b51a0 Thread added: 0x000002070c8b51a0
Event: 168.159 Thread 0x0000020706c1b720 flushing nmethod 0x0000020770b7af10
Event: 169.996 Thread 0x000002070c8b51a0 Thread exited: 0x000002070c8b51a0
Event: 169.996 Thread 0x000002070e2171c0 Thread exited: 0x000002070e2171c0
Event: 177.856 Thread 0x000002070c8b51a0 Thread added: 0x000002070c8b51a0


Dynamic libraries:
0x00007ff72fb80000 - 0x00007ff72fb8d000 	C:\Users\Ritej\.jdks\corretto-19.0.2\bin\java.exe
0x00007fff218f0000 - 0x00007fff21b07000 	C:\WINDOWS\SYSTEM32\ntdll.dll
0x00007ffee30c0000 - 0x00007ffee30e0000 	C:\Program Files\Avast Software\Avast\aswhook.dll
0x00007fff1fc90000 - 0x00007fff1fd54000 	C:\WINDOWS\System32\KERNEL32.DLL
0x00007fff1efa0000 - 0x00007fff1f370000 	C:\WINDOWS\System32\KERNELBASE.dll
0x00007fff1ec60000 - 0x00007fff1ed71000 	C:\WINDOWS\System32\ucrtbase.dll
0x00007fff0a9c0000 - 0x00007fff0a9d5000 	C:\Users\Ritej\.jdks\corretto-19.0.2\bin\VCRUNTIME140.dll
0x00007fff152f0000 - 0x00007fff15307000 	C:\Users\Ritej\.jdks\corretto-19.0.2\bin\jli.dll
0x00007fff212d0000 - 0x00007fff2147e000 	C:\WINDOWS\System32\USER32.dll
0x00007fff1ed80000 - 0x00007fff1eda6000 	C:\WINDOWS\System32\win32u.dll
0x00007fff1f9e0000 - 0x00007fff1fa09000 	C:\WINDOWS\System32\GDI32.dll
0x00007fff1f370000 - 0x00007fff1f48b000 	C:\WINDOWS\System32\gdi32full.dll
0x00007fff1f490000 - 0x00007fff1f52a000 	C:\WINDOWS\System32\msvcp_win.dll
0x00007fff07450000 - 0x00007fff076e2000 	C:\WINDOWS\WinSxS\amd64_microsoft.windows.common-controls_6595b64144ccf1df_6.0.22621.4830_none_270fe7d773858e80\COMCTL32.dll
0x00007fff1f7f0000 - 0x00007fff1f897000 	C:\WINDOWS\System32\msvcrt.dll
0x00007fff205f0000 - 0x00007fff20621000 	C:\WINDOWS\System32\IMM32.DLL
0x00007fff04970000 - 0x00007fff04a0b000 	C:\Users\Ritej\.jdks\corretto-19.0.2\bin\msvcp140.dll
0x00007ffea9ec0000 - 0x00007ffeaab99000 	C:\Users\Ritej\.jdks\corretto-19.0.2\bin\server\jvm.dll
0x00007fff1f8a0000 - 0x00007fff1f951000 	C:\WINDOWS\System32\ADVAPI32.dll
0x00007fff20bc0000 - 0x00007fff20c67000 	C:\WINDOWS\System32\sechost.dll
0x00007fff1f5b0000 - 0x00007fff1f5d8000 	C:\WINDOWS\System32\bcrypt.dll
0x00007fff21480000 - 0x00007fff21594000 	C:\WINDOWS\System32\RPCRT4.dll
0x00007fff17760000 - 0x00007fff17794000 	C:\WINDOWS\SYSTEM32\WINMM.dll
0x00007fff167a0000 - 0x00007fff167aa000 	C:\WINDOWS\SYSTEM32\VERSION.dll
0x00007fff025a0000 - 0x00007fff025a9000 	C:\WINDOWS\SYSTEM32\WSOCK32.dll
0x00007fff1f660000 - 0x00007fff1f6d1000 	C:\WINDOWS\System32\WS2_32.dll
0x00007fff1dba0000 - 0x00007fff1dbb8000 	C:\WINDOWS\SYSTEM32\kernel.appcore.dll
0x00007fff173d0000 - 0x00007fff173da000 	C:\Users\Ritej\.jdks\corretto-19.0.2\bin\jimage.dll
0x00007fff1c200000 - 0x00007fff1c432000 	C:\WINDOWS\SYSTEM32\DBGHELP.DLL
0x00007fff20ec0000 - 0x00007fff21250000 	C:\WINDOWS\System32\combase.dll
0x00007fff21770000 - 0x00007fff21847000 	C:\WINDOWS\System32\OLEAUT32.dll
0x00007fff0a7b0000 - 0x00007fff0a7e2000 	C:\WINDOWS\SYSTEM32\dbgcore.DLL
0x00007fff1edb0000 - 0x00007fff1ee2b000 	C:\WINDOWS\System32\bcryptPrimitives.dll
0x00007fff174c0000 - 0x00007fff174ce000 	C:\Users\Ritej\.jdks\corretto-19.0.2\bin\instrument.dll
0x00007fff05940000 - 0x00007fff05966000 	C:\Users\Ritej\.jdks\corretto-19.0.2\bin\java.dll
0x00007fff028e0000 - 0x00007fff029b6000 	C:\Users\Ritej\.jdks\corretto-19.0.2\bin\jsvml.dll
0x00007fff1fd70000 - 0x00007fff205e8000 	C:\WINDOWS\System32\SHELL32.dll
0x00007fff1caa0000 - 0x00007fff1d3b0000 	C:\WINDOWS\SYSTEM32\windows.storage.dll
0x00007fff1c960000 - 0x00007fff1ca9f000 	C:\WINDOWS\SYSTEM32\wintypes.dll
0x00007fff1f6e0000 - 0x00007fff1f7ea000 	C:\WINDOWS\System32\SHCORE.dll
0x00007fff21850000 - 0x00007fff218ae000 	C:\WINDOWS\System32\shlwapi.dll
0x00007fff1ead0000 - 0x00007fff1eafb000 	C:\WINDOWS\SYSTEM32\profapi.dll
0x00007fff0a280000 - 0x00007fff0a298000 	C:\Users\Ritej\.jdks\corretto-19.0.2\bin\zip.dll
0x00007fff0a7f0000 - 0x00007fff0a803000 	C:\Users\Ritej\.jdks\corretto-19.0.2\bin\net.dll
0x00007fff1a270000 - 0x00007fff1a39c000 	C:\WINDOWS\SYSTEM32\WINHTTP.dll
0x00007fff1e010000 - 0x00007fff1e07a000 	C:\WINDOWS\system32\mswsock.dll
0x00007fff0a2e0000 - 0x00007fff0a2f5000 	C:\Users\Ritej\.jdks\corretto-19.0.2\bin\nio.dll
0x00007fff09b00000 - 0x00007fff09b1a000 	C:\Program Files\JetBrains\IntelliJ IDEA Community Edition 2024.1.4\bin\breakgen64.dll
0x00007fff0a9a0000 - 0x00007fff0a9a8000 	C:\Users\Ritej\.jdks\corretto-19.0.2\bin\extnet.dll
0x00007fff16ce0000 - 0x00007fff16ce9000 	C:\Users\Ritej\.jdks\corretto-19.0.2\bin\management.dll
0x00007fff15490000 - 0x00007fff1549b000 	C:\Users\Ritej\.jdks\corretto-19.0.2\bin\management_ext.dll
0x00007fff1fd60000 - 0x00007fff1fd68000 	C:\WINDOWS\System32\PSAPI.DLL
0x00007fff15480000 - 0x00007fff1548e000 	C:\Users\Ritej\.jdks\corretto-19.0.2\bin\sunmscapi.dll
0x00007fff1ee30000 - 0x00007fff1ef96000 	C:\WINDOWS\System32\CRYPT32.dll
0x00007fff1e450000 - 0x00007fff1e47d000 	C:\WINDOWS\SYSTEM32\ncrypt.dll
0x00007fff1e410000 - 0x00007fff1e447000 	C:\WINDOWS\SYSTEM32\NTASN1.dll
0x00007fff1e360000 - 0x00007fff1e37b000 	C:\WINDOWS\SYSTEM32\CRYPTSP.dll
0x00007fff1db00000 - 0x00007fff1db35000 	C:\WINDOWS\system32\rsaenh.dll
0x00007fff1e0b0000 - 0x00007fff1e0d8000 	C:\WINDOWS\SYSTEM32\USERENV.dll
0x00007fff1e340000 - 0x00007fff1e34c000 	C:\WINDOWS\SYSTEM32\CRYPTBASE.dll
0x00007fff1d610000 - 0x00007fff1d63d000 	C:\WINDOWS\SYSTEM32\IPHLPAPI.DLL
0x00007fff20630000 - 0x00007fff20639000 	C:\WINDOWS\System32\NSI.dll
0x00007fff1a250000 - 0x00007fff1a269000 	C:\WINDOWS\SYSTEM32\dhcpcsvc6.DLL
0x00007fff1a230000 - 0x00007fff1a24f000 	C:\WINDOWS\SYSTEM32\dhcpcsvc.DLL
0x00007fff1d680000 - 0x00007fff1d782000 	C:\WINDOWS\SYSTEM32\DNSAPI.dll
0x00007fff17270000 - 0x00007fff1727a000 	C:\Windows\System32\rasadhlp.dll
0x00007fff16930000 - 0x00007fff169b3000 	C:\WINDOWS\System32\fwpuclnt.dll
0x00007ffee3190000 - 0x00007ffee3198000 	C:\WINDOWS\system32\wshunix.dll
0x00007fff095d0000 - 0x00007fff095e0000 	C:\Users\Ritej\.jdks\corretto-19.0.2\bin\verify.dll

dbghelp: loaded successfully - version: 4.0.5 - missing functions: none
symbol engine: initialized successfully - sym options: 0x614 - pdb path: .;C:\Users\Ritej\.jdks\corretto-19.0.2\bin;C:\WINDOWS\SYSTEM32;C:\Program Files\Avast Software\Avast;C:\WINDOWS\WinSxS\amd64_microsoft.windows.common-controls_6595b64144ccf1df_6.0.22621.4830_none_270fe7d773858e80;C:\Users\Ritej\.jdks\corretto-19.0.2\bin\server;C:\Program Files\JetBrains\IntelliJ IDEA Community Edition 2024.1.4\bin

VM Arguments:
jvm_args: -javaagent:C:\Program Files\JetBrains\IntelliJ IDEA Community Edition 2024.1.4\lib\idea_rt.jar=60255:C:\Program Files\JetBrains\IntelliJ IDEA Community Edition 2024.1.4\bin -Dfile.encoding=UTF-8 -Dsun.stdout.encoding=UTF-8 -Dsun.stderr.encoding=UTF-8 
java_command: com.example.WSM.WsmApplication
java_class_path (initial): C:\Users\Ritej\Downloads\Ritej-main\WSM Project\WSM\target\classes;C:\Users\Ritej\.m2\repository\org\apache\poi\poi\5.2.3\poi-5.2.3.jar;C:\Users\Ritej\.m2\repository\commons-codec\commons-codec\1.18.0\commons-codec-1.18.0.jar;C:\Users\Ritej\.m2\repository\org\apache\commons\commons-collections4\4.4\commons-collections4-4.4.jar;C:\Users\Ritej\.m2\repository\org\apache\commons\commons-math3\3.6.1\commons-math3-3.6.1.jar;C:\Users\Ritej\.m2\repository\com\zaxxer\SparseBitSet\1.2\SparseBitSet-1.2.jar;C:\Users\Ritej\.m2\repository\org\apache\logging\log4j\log4j-api\2.24.3\log4j-api-2.24.3.jar;C:\Users\Ritej\.m2\repository\org\apache\poi\poi-ooxml\5.2.3\poi-ooxml-5.2.3.jar;C:\Users\Ritej\.m2\repository\org\apache\poi\poi-ooxml-lite\5.2.3\poi-ooxml-lite-5.2.3.jar;C:\Users\Ritej\.m2\repository\org\apache\xmlbeans\xmlbeans\5.1.1\xmlbeans-5.1.1.jar;C:\Users\Ritej\.m2\repository\org\apache\commons\commons-compress\1.21\commons-compress-1.21.jar;C:\Users\Ritej\.m2\repository\com\github\virtuald\curvesapi\1.07\curvesapi-1.07.jar;C:\Users\Ritej\.m2\repository\io\jsonwebtoken\jjwt-api\0.11.5\jjwt-api-0.11.5.jar;C:\Users\Ritej\.m2\repository\io\jsonwebtoken\jjwt-impl\0.11.5\jjwt-impl-0.11.5.jar;C:\Users\Ritej\.m2\repository\io\jsonwebtoken\jjwt-jackson\0.11.5\jjwt-jackson-0.11.5.jar;C:\Users\Ritej\.m2\repository\com\fasterxml\jackson\core\jackson-databind\2.19.2\jackson-databind-2.19.2.jar;C:\Users\Ritej\.m2\repository\com\fasterxml\jackson\core\jackson-annotations\2.19.2\jackson-annotations-2.19.2.jar;C:\Users\Ritej\.m2\repository\com\fasterxml\jackson\core\jackson-core\2.19.2\jackson-core-2.19.2.jar;C:\Users\Ritej\.m2\repository\org\springframework\boot\spring-boot-starter-data-mongodb\3.5.4\spring-boot-starter-data-mongodb-3.5.4.jar;C:\Users\Ritej\.m2\repository\org\springframework\boot\spring-boot-starter\3.5.4\spring-boot-starter-3.5.4.jar;C:\Users\Ritej\.m2\repository\org\springframework\boot\spring-boot-starter-logging\3.5.4\spring-boot-starter-logging-3.5.4.jar;C:\Users\Ritej\.m2\repository\ch\qos\logback\logback-classic\1.5.18\logback-classic-1.5.18.jar;C:\Users\Ritej\.m2\repository\ch\qos\logback\logback-core\1.5.18\logback-core-1.5.18.jar;C:\Users\Ritej\.m2\repository\org\apache\logging\log4j\log4j-to-slf4j\2.24.3\log4j-to-slf4j-2.24.3.jar;C:\Users\Ritej\.m2\repository\org\slf4j\jul-to-slf4j\2.0.17\jul-to-slf4j-2.0.17.jar;C:\Users\Ritej\.m2\repository\jakarta\annotation\jakarta.annotation-api\2.1.1\jakarta.annotation-api-2.1.1.jar;C:\Users\Ritej\.m2\repository\org\yaml\snakeyaml\2.4\snakeyaml-2.4.jar;C:\Users\Ritej\.m2\repository\org\mongodb\mongodb-driver-sync\5.5.1\mongodb-driver-sync-5.5.1.jar;C:\Users\Ritej\.m2\repository\org\mongodb\bson\5.5.1\bson-5.5.1.jar;C:\Users\Ritej\.m2\repository\org\mongodb\mongodb-driver-core\5.5.1\mongodb-driver-core-5.5.1.jar;C:\Users\Ritej\.m2\repository\org\mongodb\bson-record-codec\5.5.1\bson-record-codec-5.5.1.jar;C:\Users\Ritej\.m2\repository\org\springframework\data\spring-data-mongodb\4.5.2\spring-data-mongodb-4.5.2.jar;C:\Users\Ritej\.m2\repository\org\springframework\spring-tx\6.2.9\spring-tx-6.2.9.jar;C:\Users\Ritej\.m2\repository\org\springframework\spring-context\6.2.9\spring-context-6.2.9.jar;C:\Users\Ritej\.m2\repository\org\springframework\spring-beans\6.2.9\spring-beans-6.2.9.jar;C:\Users\Ritej\.m2\repository\org\springframework\spring-expression\6.2.9\spring-expression-6.2.9.jar;C:\Users\Ritej\.m2\repository\org\springframework\data\spring-data-commons\3.5.2\spring-data-commons-3.5.2.jar;C:\Users\Ritej\.m2\repository\org\slf4j\slf4j-api\2.0.17\slf4j-api-2.0.17.jar;C:\Users\Ritej\.m2\repository\org\springframework\boot\spring-boot-starter-security\3.2.0\spring-boot-starter-security-3.2.0.jar;C:\Users\Ritej\.m2\repository\org\springframework\spring-aop\6.2.9\spring-aop-6.2.9.jar;C:\Users\Ritej\.m2\repository\org\springframework\security\spring-security-config\6.5.2\spring-security-config-6.5.2.jar;C:\Users\Ritej\.m2\repository\org\springframework\security\spring-security-core\6.5.2\spring-security-core-6.5.2.jar;C:\Users\Ritej\.m2\repository\org\springframework\security\spring-security-crypto\6.5.2\spring-security-crypto-6.5.2.jar;C:\Users\Ritej\.m2\repository\org\springframework\security\spring-security-web\6.5.2\spring-security-web-6.5.2.jar;C:\Users\Ritej\.m2\repository\org\springframework\boot\spring-boot-starter-web\3.5.4\spring-boot-starter-web-3.5.4.jar;C:\Users\Ritej\.m2\repository\org\springframework\boot\spring-boot-starter-json\3.5.4\spring-boot-starter-json-3.5.4.jar;C:\Users\Ritej\.m2\repository\com\fasterxml\jackson\datatype\jackson-datatype-jdk8\2.19.2\jackson-datatype-jdk8-2.19.2.jar;C:\Users\Ritej\.m2\repository\com\fasterxml\jackson\datatype\jackson-datatype-jsr310\2.19.2\jackson-datatype-jsr310-2.19.2.jar;C:\Users\Ritej\.m2\repository\com\fasterxml\jackson\module\jackson-module-parameter-names\2.19.2\jackson-module-parameter-names-2.19.2.jar;C:\Users\Ritej\.m2\repository\org\springframework\boot\spring-boot-starter-tomcat\3.5.4\spring-boot-starter-tomcat-3.5.4.jar;C:\Users\Ritej\.m2\repository\org\apache\tomcat\embed\tomcat-embed-core\10.1.43\tomcat-embed-core-10.1.43.jar;C:\Users\Ritej\.m2\repository\org\apache\tomcat\embed\tomcat-embed-el\10.1.43\tomcat-embed-el-10.1.43.jar;C:\Users\Ritej\.m2\repository\org\apache\tomcat\embed\tomcat-embed-websocket\10.1.43\tomcat-embed-websocket-10.1.43.jar;C:\Users\Ritej\.m2\repository\org\springframework\spring-web\6.2.9\spring-web-6.2.9.jar;C:\Users\Ritej\.m2\repository\io\micrometer\micrometer-observation\1.15.2\micrometer-observation-1.15.2.jar;C:\Users\Ritej\.m2\repository\io\micrometer\micrometer-commons\1.15.2\micrometer-commons-1.15.2.jar;C:\Users\Ritej\.m2\repository\org\springframework\spring-webmvc\6.2.9\spring-webmvc-6.2.9.jar;C:\Users\Ritej\.m2\repository\org\springframework\boot\spring-boot-devtools\3.5.4\spring-boot-devtools-3.5.4.jar;C:\Users\Ritej\.m2\repository\org\springframework\boot\spring-boot\3.5.4\spring-boot-3.5.4.jar;C:\Users\Ritej\.m2\repository\org\springframework\boot\spring-boot-autoconfigure\3.5.4\spring-boot-autoconfigure-3.5.4.jar;C:\Users\Ritej\.m2\repository\commons-io\commons-io\2.11.0\commons-io-2.11.0.jar;C:\Users\Ritej\.m2\repository\org\springframework\spring-core\6.2.9\spring-core-6.2.9.jar;C:\Users\Ritej\.m2\repository\org\springframework\spring-jcl\6.2.9\spring-jcl-6.2.9.jar
Launcher Type: SUN_STANDARD

[Global flags]
     intx CICompilerCount                          = 4                                         {product} {ergonomic}
     uint ConcGCThreads                            = 2                                         {product} {ergonomic}
     uint G1ConcRefinementThreads                  = 8                                         {product} {ergonomic}
   size_t G1HeapRegionSize                         = 1048576                                   {product} {ergonomic}
    uintx GCDrainStackTargetSize                   = 64                                        {product} {ergonomic}
   size_t InitialHeapSize                          = 130023424                                 {product} {ergonomic}
   size_t MarkStackSize                            = 4194304                                   {product} {ergonomic}
   size_t MaxHeapSize                              = 2078277632                                {product} {ergonomic}
   size_t MaxNewSize                               = 1246756864                                {product} {ergonomic}
   size_t MinHeapDeltaBytes                        = 1048576                                   {product} {ergonomic}
   size_t MinHeapSize                              = 8388608                                   {product} {ergonomic}
    uintx NonNMethodCodeHeapSize                   = 5839372                                {pd product} {ergonomic}
    uintx NonProfiledCodeHeapSize                  = 122909434                              {pd product} {ergonomic}
    uintx ProfiledCodeHeapSize                     = 122909434                              {pd product} {ergonomic}
    uintx ReservedCodeCacheSize                    = 251658240                              {pd product} {ergonomic}
     bool SegmentedCodeCache                       = true                                      {product} {ergonomic}
   size_t SoftMaxHeapSize                          = 2078277632                             {manageable} {ergonomic}
     bool UseCompressedClassPointers               = true                           {product lp64_product} {ergonomic}
     bool UseCompressedOops                        = true                           {product lp64_product} {ergonomic}
     bool UseG1GC                                  = true                                      {product} {ergonomic}
     bool UseLargePagesIndividualAllocation        = false                                  {pd product} {ergonomic}

Logging:
Log output configuration:
 #0: stdout all=warning uptime,level,tags foldmultilines=false
 #1: stderr all=off uptime,level,tags foldmultilines=false

Environment Variables:
JAVA_HOME=C:\Program Files\Java\jdk-17
PATH=C:\Program Files\MongoDB\Server\7.0\bin;C:\oraclexe\app\oracle\product\11.2.0\server\bin;"C:\xampp\php;C:\xampp\php;C:\Program Files\Common Files\Oracle\Java\javapath";C:\WINDOWS\system32;C:\WINDOWS;C:\WINDOWS\System32\Wbem;C:\WINDOWS\System32\WindowsPowerShell\v1.0\;C:\WINDOWS\System32\OpenSSH\;C:\ProgramData\chocolatey\bin;C:\Program Files\Java\jdk-17\bin;C:\Program Files\Docker\Docker\resources\bin;C:\Users\Ritej\AppData\Roaming\nvm;C:\Program Files\nodejs;C:\Users\Ritej\AppData\Local\Microsoft\WindowsApps\python.exe;C:\Users\Ritej\AppData\Local\Programs\Python\Launcher\;C:\Program Files\MongoDB\Server\7.0\bin;C:\Users\Ritej\AppData\Local\Microsoft\WindowsApps;C:\Users\Ritej\AppData\Local\JetBrains\PyCharm 2023.1\bin;;C:\Program Files\JetBrains\PyCharm Community Edition 2022.2.3\bin;;C:\Users\Ritej\AppData\Local\Programs\Microsoft VS Code\bin;C:\Users\Ritej\AppData\Roaming\npm;C:\Program Files\JetBrains\IntelliJ IDEA Community Edition 2024.1.4\bin;;C:\Users\Ritej\Desktop\jdk-19_windows-x64_bin\bin;C:\Users\Ritej\AppData\Local\JetBrains\IntelliJ IDEA 2024.1.4\bin;;C:\Users\Ritej\AppData\Roaming\nvm;C:\Program Files\nodejs;C:\Program Files\apache-maven-3.9.9\bin;C:\Users\Ritej\AppData\Local\Microsoft\WindowsApps\python.exe;
USERNAME=Ritej
OS=Windows_NT
PROCESSOR_IDENTIFIER=Intel64 Family 6 Model 140 Stepping 1, GenuineIntel
TMP=C:\Users\Ritej\AppData\Local\Temp
TEMP=C:\Users\Ritej\AppData\Local\Temp



---------------  S Y S T E M  ---------------

OS:
 Windows 11 , 64 bit Build 22621 (10.0.22621.4830)
OS uptime: 1 days 23:33 hours
Hyper-V role detected

CPU: total 8 (initial active 8) (4 cores per cpu, 2 threads per core) family 6 model 140 stepping 1 microcode 0xb8, cx8, cmov, fxsr, ht, mmx, 3dnowpref, sse, sse2, sse3, ssse3, sse4.1, sse4.2, popcnt, lzcnt, tsc, tscinvbit, avx, avx2, aes, erms, clmul, bmi1, bmi2, adx, avx512f, avx512dq, avx512cd, avx512bw, avx512vl, sha, fma, vzeroupper, avx512_vpopcntdq, avx512_vpclmulqdq, avx512_vaes, avx512_vnni, clflush, clflushopt, clwb, avx512_vbmi2, avx512_vbmi, hv, rdtscp, rdpid, fsrm, gfni, avx512_bitalg

Memory: 4k page, system-wide physical 7926M (457M free)
TotalPageFile size 13159M (AvailPageFile size 2M)
current process WorkingSet (physical memory assigned to process): 206M, peak: 236M
current process commit charge ("private bytes"): 243M, peak: 276M

vm_info: OpenJDK 64-Bit Server VM (19.0.2+7-FR) for windows-amd64 JRE (19.0.2+7-FR), built on Jan 13 2023 22:53:32 by "Administrator" with MS VC++ 15.9 (VS2017)

END.
