#
# There is insufficient memory for the Java Runtime Environment to continue.
# Native memory allocation (malloc) failed to allocate 32744 bytes for Chunk::new
# Possible reasons:
#   The system is out of physical RAM or swap space
#   The process is running with CompressedOops enabled, and the Java Heap may be blocking the growth of the native heap
# Possible solutions:
#   Reduce memory load on the system
#   Increase physical memory or swap space
#   Check if swap backing store is full
#   Decrease Java heap size (-Xmx/-Xms)
#   Decrease number of Java threads
#   Decrease Java thread stack sizes (-Xss)
#   Set larger code cache with -XX:ReservedCodeCacheSize=
#   JVM is running with Unscaled Compressed Oops mode in which the Java heap is
#     placed in the first 4GB address space. The Java Heap base address is the
#     maximum limit for the native heap growth. Please use -XX:HeapBaseMinAddress
#     to set the Java Heap base and to place the Java Heap above 4GB virtual address.
# This output file may be truncated or incomplete.
#
#  Out of Memory Error (arena.cpp:184), pid=21088, tid=17024
#
# JRE version: OpenJDK Runtime Environment Corretto-19.0.2.7.1 (19.0.2+7) (build 19.0.2+7-FR)
# Java VM: OpenJDK 64-Bit Server VM Corretto-19.0.2.7.1 (19.0.2+7-FR, mixed mode, sharing, tiered, compressed oops, compressed class ptrs, g1 gc, windows-amd64)
# No core dump will be written. Minidumps are not enabled by default on client versions of Windows
#

---------------  S U M M A R Y ------------

Command Line: -javaagent:C:\Program Files\JetBrains\IntelliJ IDEA Community Edition 2024.1.4\lib\idea_rt.jar=63185:C:\Program Files\JetBrains\IntelliJ IDEA Community Edition 2024.1.4\bin -Dfile.encoding=UTF-8 -Dsun.stdout.encoding=UTF-8 -Dsun.stderr.encoding=UTF-8 com.example.WSM.WsmApplication

Host: 11th Gen Intel(R) Core(TM) i5-1135G7 @ 2.40GHz, 8 cores, 7G,  Windows 11 , 64 bit Build 22621 (10.0.22621.4830)
Time: Sat Sep  6 00:12:06 2025 Afr. centrale Ouest elapsed time: 859.793294 seconds (0d 0h 14m 19s)

---------------  T H R E A D  ---------------

Current thread (0x0000017d5b6b0910):  JavaThread "C2 CompilerThread0" daemon [_thread_in_native, id=17024, stack(0x0000007cf6600000,0x0000007cf6700000)]


Current CompileTask:
C2: 859793 9328       4       org.springframework.web.servlet.handler.AbstractHandlerMethodMapping::addMatchingMappings (79 bytes)

Stack: [0x0000007cf6600000,0x0000007cf6700000]
Native frames: (J=compiled Java code, j=interpreted, Vv=VM code, C=native code)
V  [jvm.dll+0x6d034a]
V  [jvm.dll+0x880f10]
V  [jvm.dll+0x88289e]
V  [jvm.dll+0x882f43]
V  [jvm.dll+0x27b4bb]
V  [jvm.dll+0xdd792]
V  [jvm.dll+0xddb25]
V  [jvm.dll+0x65d4fd]
V  [jvm.dll+0x65d68b]
V  [jvm.dll+0x663277]
V  [jvm.dll+0x6641c7]
V  [jvm.dll+0x6626a1]
V  [jvm.dll+0x246f86]
V  [jvm.dll+0x2465a7]
V  [jvm.dll+0x1d4bb7]
V  [jvm.dll+0x25558a]
V  [jvm.dll+0x2538d7]
V  [jvm.dll+0x8342bd]
V  [jvm.dll+0x82e2fa]
V  [jvm.dll+0x6cf0d3]
C  [ucrtbase.dll+0x29333]
C  [KERNEL32.DLL+0x1259d]
C  [ntdll.dll+0x5af38]


---------------  P R O C E S S  ---------------

Threads class SMR info:
_java_thread_list=0x0000017d63191de0, length=35, elements={
0x0000017d5b6a59c0, 0x0000017d5b6a6ac0, 0x0000017d5b6a7c20, 0x0000017d5b6a9330,
0x0000017d5b6a9960, 0x0000017d5b6a9f90, 0x0000017d5b6b0910, 0x0000017d5b6b2730,
0x0000017d5b6c0c80, 0x0000017d5fa0dc50, 0x0000017d5fdbc890, 0x0000017d5fd3d020,
0x0000017d617a3590, 0x0000017d61351ae0, 0x0000017d618b63f0, 0x0000017d60a899c0,
0x0000017d60a8a460, 0x0000017d60a8af00, 0x0000017d60a8a9b0, 0x0000017d60a8b9a0,
0x0000017d60a889d0, 0x0000017d60a88f20, 0x0000017d60a89470, 0x0000017d60a89f10,
0x0000017d60a8b450, 0x0000017d60a88480, 0x0000017d62e69c10, 0x0000017d62e67c30,
0x0000017d62e641c0, 0x0000017d62e676e0, 0x0000017d62e666f0, 0x0000017d62e68180,
0x0000017d62e686d0, 0x0000017d62e6ac00, 0x0000017d62c53720
}

Java Threads: ( => current thread )
  0x0000017d5b6a59c0 JavaThread "Reference Handler" daemon [_thread_blocked, id=5608, stack(0x0000007cf6000000,0x0000007cf6100000)]
  0x0000017d5b6a6ac0 JavaThread "Finalizer" daemon [_thread_blocked, id=11300, stack(0x0000007cf6100000,0x0000007cf6200000)]
  0x0000017d5b6a7c20 JavaThread "Signal Dispatcher" daemon [_thread_blocked, id=18980, stack(0x0000007cf6200000,0x0000007cf6300000)]
  0x0000017d5b6a9330 JavaThread "Attach Listener" daemon [_thread_blocked, id=9008, stack(0x0000007cf6300000,0x0000007cf6400000)]
  0x0000017d5b6a9960 JavaThread "Service Thread" daemon [_thread_blocked, id=5544, stack(0x0000007cf6400000,0x0000007cf6500000)]
  0x0000017d5b6a9f90 JavaThread "Monitor Deflation Thread" daemon [_thread_blocked, id=18372, stack(0x0000007cf6500000,0x0000007cf6600000)]
=>0x0000017d5b6b0910 JavaThread "C2 CompilerThread0" daemon [_thread_in_native, id=17024, stack(0x0000007cf6600000,0x0000007cf6700000)]
  0x0000017d5b6b2730 JavaThread "C1 CompilerThread0" daemon [_thread_blocked, id=15220, stack(0x0000007cf6700000,0x0000007cf6800000)]
  0x0000017d5b6c0c80 JavaThread "Sweeper thread" daemon [_thread_blocked, id=7448, stack(0x0000007cf6800000,0x0000007cf6900000)]
  0x0000017d5fa0dc50 JavaThread "Common-Cleaner" daemon [_thread_blocked, id=15020, stack(0x0000007cf6900000,0x0000007cf6a00000)]
  0x0000017d5fdbc890 JavaThread "Monitor Ctrl-Break" daemon [_thread_in_native, id=20636, stack(0x0000007cf6a00000,0x0000007cf6b00000)]
  0x0000017d5fd3d020 JavaThread "Notification Thread" daemon [_thread_blocked, id=20632, stack(0x0000007cf6b00000,0x0000007cf6c00000)]
  0x0000017d617a3590 JavaThread "Catalina-utility-1" [_thread_blocked, id=17952, stack(0x0000007cf7800000,0x0000007cf7900000)]
  0x0000017d61351ae0 JavaThread "Catalina-utility-2" [_thread_blocked, id=20016, stack(0x0000007cf7900000,0x0000007cf7a00000)]
  0x0000017d618b63f0 JavaThread "container-0" [_thread_blocked, id=21828, stack(0x0000007cf7a00000,0x0000007cf7b00000)]
  0x0000017d60a899c0 JavaThread "BufferPoolPruner-1-thread-1" daemon [_thread_blocked, id=11740, stack(0x0000007cf7b00000,0x0000007cf7c00000)]
  0x0000017d60a8a460 JavaThread "cluster-ClusterId{value='68bb6af189b547df568c417b', description='null'}-localhost:27017" daemon [_thread_in_native, id=17948, stack(0x0000007cf7c00000,0x0000007cf7d00000)]
  0x0000017d60a8af00 JavaThread "cluster-rtt-ClusterId{value='68bb6af189b547df568c417b', description='null'}-localhost:27017" daemon [_thread_blocked, id=12688, stack(0x0000007cf7e00000,0x0000007cf7f00000)]
  0x0000017d60a8a9b0 JavaThread "MaintenanceTimer-2-thread-1" daemon [_thread_blocked, id=10568, stack(0x0000007cf7f00000,0x0000007cf8000000)]
  0x0000017d60a8b9a0 JavaThread "Live Reload Server" daemon [_thread_in_native, id=11480, stack(0x0000007cf8100000,0x0000007cf8200000)]
  0x0000017d60a889d0 JavaThread "File Watcher" daemon [_thread_blocked, id=18292, stack(0x0000007cf8000000,0x0000007cf8100000)]
  0x0000017d60a88f20 JavaThread "http-nio-8080-exec-1" daemon [_thread_blocked, id=20624, stack(0x0000007cf8200000,0x0000007cf8300000)]
  0x0000017d60a89470 JavaThread "http-nio-8080-exec-2" daemon [_thread_in_native, id=8572, stack(0x0000007cf8300000,0x0000007cf8400000)]
  0x0000017d60a89f10 JavaThread "http-nio-8080-exec-3" daemon [_thread_in_Java, id=14896, stack(0x0000007cf8400000,0x0000007cf8500000)]
  0x0000017d60a8b450 JavaThread "http-nio-8080-exec-4" daemon [_thread_in_native, id=22296, stack(0x0000007cf8500000,0x0000007cf8600000)]
  0x0000017d60a88480 JavaThread "http-nio-8080-exec-5" daemon [_thread_blocked, id=11824, stack(0x0000007cf8600000,0x0000007cf8700000)]
  0x0000017d62e69c10 JavaThread "http-nio-8080-exec-6" daemon [_thread_blocked, id=12916, stack(0x0000007cf8700000,0x0000007cf8800000)]
  0x0000017d62e67c30 JavaThread "http-nio-8080-exec-7" daemon [_thread_in_native, id=14440, stack(0x0000007cf8800000,0x0000007cf8900000)]
  0x0000017d62e641c0 JavaThread "http-nio-8080-exec-8" daemon [_thread_blocked, id=19316, stack(0x0000007cf8900000,0x0000007cf8a00000)]
  0x0000017d62e676e0 JavaThread "http-nio-8080-exec-9" daemon [_thread_in_native, id=14760, stack(0x0000007cf8a00000,0x0000007cf8b00000)]
  0x0000017d62e666f0 JavaThread "http-nio-8080-exec-10" daemon [_thread_blocked, id=14472, stack(0x0000007cf8b00000,0x0000007cf8c00000)]
  0x0000017d62e68180 JavaThread "http-nio-8080-Poller" daemon [_thread_in_native, id=17188, stack(0x0000007cf8c00000,0x0000007cf8d00000)]
  0x0000017d62e686d0 JavaThread "http-nio-8080-Acceptor" daemon [_thread_in_native, id=12080, stack(0x0000007cf8d00000,0x0000007cf8e00000)]
  0x0000017d62e6ac00 JavaThread "DestroyJavaVM" [_thread_blocked, id=10256, stack(0x0000007cf5900000,0x0000007cf5a00000)]
  0x0000017d62c53720 JavaThread "C2 CompilerThread1" daemon [_thread_in_native, id=8972, stack(0x0000007cf5600000,0x0000007cf5700000)]

Other Threads:
  0x0000017d5b68e850 VMThread "VM Thread" [stack: 0x0000007cf5f00000,0x0000007cf6000000] [id=17588]
  0x0000017d5fdbc330 WatcherThread "VM Periodic Task Thread" [stack: 0x0000007cf6c00000,0x0000007cf6d00000] [id=15664]
  0x0000017d3ce2a540 WorkerThread "GC Thread#0" [stack: 0x0000007cf5a00000,0x0000007cf5b00000] [id=1484]
  0x0000017d604ebf10 WorkerThread "GC Thread#1" [stack: 0x0000007cf6f00000,0x0000007cf7000000] [id=12656]
  0x0000017d60503860 WorkerThread "GC Thread#2" [stack: 0x0000007cf7000000,0x0000007cf7100000] [id=11616]
  0x0000017d60506c60 WorkerThread "GC Thread#3" [stack: 0x0000007cf7100000,0x0000007cf7200000] [id=15892]
  0x0000017d605387d0 WorkerThread "GC Thread#4" [stack: 0x0000007cf7200000,0x0000007cf7300000] [id=9316]
  0x0000017d60539310 WorkerThread "GC Thread#5" [stack: 0x0000007cf7300000,0x0000007cf7400000] [id=15528]
  0x0000017d605398b0 WorkerThread "GC Thread#6" [stack: 0x0000007cf7400000,0x0000007cf7500000] [id=17804]
  0x0000017d60538500 WorkerThread "GC Thread#7" [stack: 0x0000007cf7500000,0x0000007cf7600000] [id=9012]
  0x0000017d3ce3aed0 ConcurrentGCThread "G1 Main Marker" [stack: 0x0000007cf5b00000,0x0000007cf5c00000] [id=13992]
  0x0000017d3ce3d150 WorkerThread "G1 Conc#0" [stack: 0x0000007cf5c00000,0x0000007cf5d00000] [id=15060]
  0x0000017d60539e50 WorkerThread "G1 Conc#1" [stack: 0x0000007cf7700000,0x0000007cf7800000] [id=2652]
  0x0000017d5b542160 ConcurrentGCThread "G1 Refine#0" [stack: 0x0000007cf5d00000,0x0000007cf5e00000] [id=2744]
  0x0000017d5b5447d0 ConcurrentGCThread "G1 Service" [stack: 0x0000007cf5e00000,0x0000007cf5f00000] [id=8200]

Threads with active compile tasks:
C2 CompilerThread0   859939 9328       4       org.springframework.web.servlet.handler.AbstractHandlerMethodMapping::addMatchingMappings (79 bytes)
C2 CompilerThread1   859939 9327   !   4       org.springframework.http.server.ServletServerHttpRequest::getHeaders (283 bytes)

VM state: not at safepoint (normal execution)

VM Mutex/Monitor currently owned by a thread: None

Heap address: 0x0000000084200000, size: 1982 MB, Compressed Oops mode: 32-bit

CDS archive(s) mapped at: [0x0000000800000000-0x0000000800c40000-0x0000000800c40000), size 12845056, SharedBaseAddress: 0x0000000800000000, ArchiveRelocationMode: 0.
Compressed class space mapped at: 0x0000000801000000-0x0000000841000000, reserved size: 1073741824
Narrow klass base: 0x0000000800000000, Narrow klass shift: 0, Narrow klass range: 0x100000000

GC Precious Log:
 CardTable entry size: 512
 Card Set container configuration: InlinePtr #cards 5 size 8 Array Of Cards #cards 12 size 40 Howl #buckets 4 coarsen threshold 1843 Howl Bitmap #cards 512 size 80 coarsen threshold 460 Card regions per heap region 1 cards per card region 2048
 CPUs: 8 total, 8 available
 Memory: 7926M
 Large Page Support: Disabled
 NUMA Support: Disabled
 Compressed Oops: Enabled (32-bit)
 Heap Region Size: 1M
 Heap Min Capacity: 8M
 Heap Initial Capacity: 124M
 Heap Max Capacity: 1982M
 Pre-touch: Disabled
 Parallel Workers: 8
 Concurrent Workers: 2
 Concurrent Refinement Workers: 8
 Periodic GC: Disabled

Heap:
 garbage-first heap   total 96256K, used 48790K [0x0000000084200000, 0x0000000100000000)
  region size 1024K, 28 young (28672K), 4 survivors (4096K)
 Metaspace       used 49273K, committed 49920K, reserved 1114112K
  class space    used 5996K, committed 6272K, reserved 1048576K

Heap Regions: E=young(eden), S=young(survivor), O=old, HS=humongous(starts), HC=humongous(continues), CS=collection set, F=free, OA=open archive, CA=closed archive, TAMS=top-at-mark-start (previous, next)
|   0|0x0000000084200000, 0x0000000084300000, 0x0000000084300000|100%| O|  |TAMS 0x0000000084300000, 0x0000000084200000| Untracked 
|   1|0x0000000084300000, 0x0000000084400000, 0x0000000084400000|100%| O|  |TAMS 0x0000000084400000, 0x0000000084300000| Untracked 
|   2|0x0000000084400000, 0x0000000084500000, 0x0000000084500000|100%| O|  |TAMS 0x0000000084500000, 0x0000000084400000| Untracked 
|   3|0x0000000084500000, 0x0000000084600000, 0x0000000084600000|100%| O|  |TAMS 0x0000000084600000, 0x0000000084500000| Untracked 
|   4|0x0000000084600000, 0x0000000084700000, 0x0000000084700000|100%| O|  |TAMS 0x0000000084700000, 0x0000000084600000| Untracked 
|   5|0x0000000084700000, 0x0000000084800000, 0x0000000084800000|100%| O|  |TAMS 0x0000000084800000, 0x0000000084700000| Untracked 
|   6|0x0000000084800000, 0x0000000084900000, 0x0000000084900000|100%| O|  |TAMS 0x0000000084900000, 0x0000000084800000| Untracked 
|   7|0x0000000084900000, 0x0000000084a00000, 0x0000000084a00000|100%| O|  |TAMS 0x0000000084a00000, 0x0000000084900000| Untracked 
|   8|0x0000000084a00000, 0x0000000084b00000, 0x0000000084b00000|100%| O|  |TAMS 0x0000000084b00000, 0x0000000084a00000| Untracked 
|   9|0x0000000084b00000, 0x0000000084c00000, 0x0000000084c00000|100%| O|  |TAMS 0x0000000084c00000, 0x0000000084b00000| Untracked 
|  10|0x0000000084c00000, 0x0000000084d00000, 0x0000000084d00000|100%| O|  |TAMS 0x0000000084d00000, 0x0000000084c00000| Untracked 
|  11|0x0000000084d00000, 0x0000000084e00000, 0x0000000084e00000|100%| O|  |TAMS 0x0000000084e00000, 0x0000000084d00000| Untracked 
|  12|0x0000000084e00000, 0x0000000084f00000, 0x0000000084f00000|100%| O|  |TAMS 0x0000000084f00000, 0x0000000084e00000| Untracked 
|  13|0x0000000084f00000, 0x0000000085000000, 0x0000000085000000|100%| O|  |TAMS 0x0000000085000000, 0x0000000084f00000| Untracked 
|  14|0x0000000085000000, 0x0000000085100000, 0x0000000085100000|100%| O|  |TAMS 0x0000000085100000, 0x0000000085000000| Untracked 
|  15|0x0000000085100000, 0x0000000085100000, 0x0000000085200000|  0%| F|  |TAMS 0x0000000085100000, 0x0000000085100000| Untracked 
|  16|0x0000000085200000, 0x0000000085300000, 0x0000000085300000|100%| O|  |TAMS 0x00000000852ec600, 0x0000000085200000| Untracked 
|  17|0x0000000085300000, 0x0000000085400000, 0x0000000085400000|100%| O|  |TAMS 0x0000000085300000, 0x0000000085300000| Untracked 
|  18|0x0000000085400000, 0x0000000085500000, 0x0000000085500000|100%| O|  |TAMS 0x0000000085400000, 0x0000000085400000| Untracked 
|  19|0x0000000085500000, 0x0000000085600000, 0x0000000085600000|100%| O|  |TAMS 0x0000000085500000, 0x0000000085500000| Untracked 
|  20|0x0000000085600000, 0x0000000085700000, 0x0000000085700000|100%| O|  |TAMS 0x0000000085600000, 0x0000000085600000| Untracked 
|  21|0x0000000085700000, 0x00000000857c8800, 0x0000000085800000| 78%| O|  |TAMS 0x0000000085700000, 0x0000000085700000| Untracked 
|  22|0x0000000085800000, 0x0000000085800000, 0x0000000085900000|  0%| F|  |TAMS 0x0000000085800000, 0x0000000085800000| Untracked 
|  23|0x0000000085900000, 0x0000000085900000, 0x0000000085a00000|  0%| F|  |TAMS 0x0000000085900000, 0x0000000085900000| Untracked 
|  24|0x0000000085a00000, 0x0000000085a00000, 0x0000000085b00000|  0%| F|  |TAMS 0x0000000085a00000, 0x0000000085a00000| Untracked 
|  25|0x0000000085b00000, 0x0000000085b00000, 0x0000000085c00000|  0%| F|  |TAMS 0x0000000085b00000, 0x0000000085b00000| Untracked 
|  26|0x0000000085c00000, 0x0000000085c00000, 0x0000000085d00000|  0%| F|  |TAMS 0x0000000085c00000, 0x0000000085c00000| Untracked 
|  27|0x0000000085d00000, 0x0000000085d00000, 0x0000000085e00000|  0%| F|  |TAMS 0x0000000085d00000, 0x0000000085d00000| Untracked 
|  28|0x0000000085e00000, 0x0000000085e00000, 0x0000000085f00000|  0%| F|  |TAMS 0x0000000085e00000, 0x0000000085e00000| Untracked 
|  29|0x0000000085f00000, 0x0000000085f00000, 0x0000000086000000|  0%| F|  |TAMS 0x0000000085f00000, 0x0000000085f00000| Untracked 
|  30|0x0000000086000000, 0x0000000086000000, 0x0000000086100000|  0%| F|  |TAMS 0x0000000086000000, 0x0000000086000000| Untracked 
|  31|0x0000000086100000, 0x0000000086100000, 0x0000000086200000|  0%| F|  |TAMS 0x0000000086100000, 0x0000000086100000| Untracked 
|  32|0x0000000086200000, 0x0000000086200000, 0x0000000086300000|  0%| F|  |TAMS 0x0000000086200000, 0x0000000086200000| Untracked 
|  33|0x0000000086300000, 0x0000000086300000, 0x0000000086400000|  0%| F|  |TAMS 0x0000000086300000, 0x0000000086300000| Untracked 
|  34|0x0000000086400000, 0x0000000086400000, 0x0000000086500000|  0%| F|  |TAMS 0x0000000086400000, 0x0000000086400000| Untracked 
|  35|0x0000000086500000, 0x0000000086500000, 0x0000000086600000|  0%| F|  |TAMS 0x0000000086500000, 0x0000000086500000| Untracked 
|  36|0x0000000086600000, 0x0000000086600000, 0x0000000086700000|  0%| F|  |TAMS 0x0000000086600000, 0x0000000086600000| Untracked 
|  37|0x0000000086700000, 0x0000000086700000, 0x0000000086800000|  0%| F|  |TAMS 0x0000000086700000, 0x0000000086700000| Untracked 
|  38|0x0000000086800000, 0x0000000086800000, 0x0000000086900000|  0%| F|  |TAMS 0x0000000086800000, 0x0000000086800000| Untracked 
|  39|0x0000000086900000, 0x00000000869dd1f8, 0x0000000086a00000| 86%| S|CS|TAMS 0x0000000086900000, 0x0000000086900000| Complete 
|  40|0x0000000086a00000, 0x0000000086b00000, 0x0000000086b00000|100%| S|CS|TAMS 0x0000000086a00000, 0x0000000086a00000| Complete 
|  41|0x0000000086b00000, 0x0000000086c00000, 0x0000000086c00000|100%| S|CS|TAMS 0x0000000086b00000, 0x0000000086b00000| Complete 
|  42|0x0000000086c00000, 0x0000000086c00000, 0x0000000086d00000|  0%| F|  |TAMS 0x0000000086c00000, 0x0000000086c00000| Untracked 
|  43|0x0000000086d00000, 0x0000000086d00000, 0x0000000086e00000|  0%| F|  |TAMS 0x0000000086d00000, 0x0000000086d00000| Untracked 
|  44|0x0000000086e00000, 0x0000000086e00000, 0x0000000086f00000|  0%| F|  |TAMS 0x0000000086e00000, 0x0000000086e00000| Untracked 
|  45|0x0000000086f00000, 0x0000000086f00000, 0x0000000087000000|  0%| F|  |TAMS 0x0000000086f00000, 0x0000000086f00000| Untracked 
|  46|0x0000000087000000, 0x0000000087100000, 0x0000000087100000|100%| S|CS|TAMS 0x0000000087000000, 0x0000000087000000| Complete 
|  47|0x0000000087100000, 0x0000000087100000, 0x0000000087200000|  0%| F|  |TAMS 0x0000000087100000, 0x0000000087100000| Untracked 
|  48|0x0000000087200000, 0x0000000087200000, 0x0000000087300000|  0%| F|  |TAMS 0x0000000087200000, 0x0000000087200000| Untracked 
|  49|0x0000000087300000, 0x0000000087300000, 0x0000000087400000|  0%| F|  |TAMS 0x0000000087300000, 0x0000000087300000| Untracked 
|  50|0x0000000087400000, 0x0000000087400000, 0x0000000087500000|  0%| F|  |TAMS 0x0000000087400000, 0x0000000087400000| Untracked 
|  51|0x0000000087500000, 0x0000000087500000, 0x0000000087600000|  0%| F|  |TAMS 0x0000000087500000, 0x0000000087500000| Untracked 
|  52|0x0000000087600000, 0x0000000087600000, 0x0000000087700000|  0%| F|  |TAMS 0x0000000087600000, 0x0000000087600000| Untracked 
|  53|0x0000000087700000, 0x0000000087700000, 0x0000000087800000|  0%| F|  |TAMS 0x0000000087700000, 0x0000000087700000| Untracked 
|  54|0x0000000087800000, 0x0000000087800000, 0x0000000087900000|  0%| F|  |TAMS 0x0000000087800000, 0x0000000087800000| Untracked 
|  55|0x0000000087900000, 0x0000000087900000, 0x0000000087a00000|  0%| F|  |TAMS 0x0000000087900000, 0x0000000087900000| Untracked 
|  56|0x0000000087a00000, 0x0000000087a00000, 0x0000000087b00000|  0%| F|  |TAMS 0x0000000087a00000, 0x0000000087a00000| Untracked 
|  57|0x0000000087b00000, 0x0000000087b00000, 0x0000000087c00000|  0%| F|  |TAMS 0x0000000087b00000, 0x0000000087b00000| Untracked 
|  58|0x0000000087c00000, 0x0000000087c00000, 0x0000000087d00000|  0%| F|  |TAMS 0x0000000087c00000, 0x0000000087c00000| Untracked 
|  59|0x0000000087d00000, 0x0000000087d00000, 0x0000000087e00000|  0%| F|  |TAMS 0x0000000087d00000, 0x0000000087d00000| Untracked 
|  60|0x0000000087e00000, 0x0000000087e00000, 0x0000000087f00000|  0%| F|  |TAMS 0x0000000087e00000, 0x0000000087e00000| Untracked 
|  61|0x0000000087f00000, 0x0000000087f00000, 0x0000000088000000|  0%| F|  |TAMS 0x0000000087f00000, 0x0000000087f00000| Untracked 
|  62|0x0000000088000000, 0x0000000088000000, 0x0000000088100000|  0%| F|  |TAMS 0x0000000088000000, 0x0000000088000000| Untracked 
|  63|0x0000000088100000, 0x0000000088100000, 0x0000000088200000|  0%| F|  |TAMS 0x0000000088100000, 0x0000000088100000| Untracked 
|  64|0x0000000088200000, 0x0000000088200000, 0x0000000088300000|  0%| F|  |TAMS 0x0000000088200000, 0x0000000088200000| Untracked 
|  65|0x0000000088300000, 0x0000000088300000, 0x0000000088400000|  0%| F|  |TAMS 0x0000000088300000, 0x0000000088300000| Untracked 
|  66|0x0000000088400000, 0x0000000088400000, 0x0000000088500000|  0%| F|  |TAMS 0x0000000088400000, 0x0000000088400000| Untracked 
|  67|0x0000000088500000, 0x0000000088500000, 0x0000000088600000|  0%| F|  |TAMS 0x0000000088500000, 0x0000000088500000| Untracked 
|  68|0x0000000088600000, 0x0000000088600000, 0x0000000088700000|  0%| F|  |TAMS 0x0000000088600000, 0x0000000088600000| Untracked 
|  69|0x0000000088700000, 0x0000000088700000, 0x0000000088800000|  0%| F|  |TAMS 0x0000000088700000, 0x0000000088700000| Untracked 
|  70|0x0000000088800000, 0x00000000888c6d48, 0x0000000088900000| 77%| E|  |TAMS 0x0000000088800000, 0x0000000088800000| Complete 
|  71|0x0000000088900000, 0x0000000088a00000, 0x0000000088a00000|100%| E|CS|TAMS 0x0000000088900000, 0x0000000088900000| Complete 
|  72|0x0000000088a00000, 0x0000000088b00000, 0x0000000088b00000|100%| E|CS|TAMS 0x0000000088a00000, 0x0000000088a00000| Complete 
|  73|0x0000000088b00000, 0x0000000088c00000, 0x0000000088c00000|100%| E|CS|TAMS 0x0000000088b00000, 0x0000000088b00000| Complete 
|  74|0x0000000088c00000, 0x0000000088d00000, 0x0000000088d00000|100%| E|CS|TAMS 0x0000000088c00000, 0x0000000088c00000| Complete 
|  75|0x0000000088d00000, 0x0000000088e00000, 0x0000000088e00000|100%| E|CS|TAMS 0x0000000088d00000, 0x0000000088d00000| Complete 
|  76|0x0000000088e00000, 0x0000000088f00000, 0x0000000088f00000|100%| E|CS|TAMS 0x0000000088e00000, 0x0000000088e00000| Complete 
|  77|0x0000000088f00000, 0x0000000089000000, 0x0000000089000000|100%| E|CS|TAMS 0x0000000088f00000, 0x0000000088f00000| Complete 
|  78|0x0000000089000000, 0x0000000089100000, 0x0000000089100000|100%| E|CS|TAMS 0x0000000089000000, 0x0000000089000000| Complete 
|  79|0x0000000089100000, 0x0000000089200000, 0x0000000089200000|100%| E|CS|TAMS 0x0000000089100000, 0x0000000089100000| Complete 
|  80|0x0000000089200000, 0x0000000089300000, 0x0000000089300000|100%| E|CS|TAMS 0x0000000089200000, 0x0000000089200000| Complete 
|  81|0x0000000089300000, 0x0000000089400000, 0x0000000089400000|100%| E|CS|TAMS 0x0000000089300000, 0x0000000089300000| Complete 
|  82|0x0000000089400000, 0x0000000089500000, 0x0000000089500000|100%| E|CS|TAMS 0x0000000089400000, 0x0000000089400000| Complete 
|  83|0x0000000089500000, 0x0000000089600000, 0x0000000089600000|100%| E|CS|TAMS 0x0000000089500000, 0x0000000089500000| Complete 
|  84|0x0000000089600000, 0x0000000089700000, 0x0000000089700000|100%| E|CS|TAMS 0x0000000089600000, 0x0000000089600000| Complete 
|  85|0x0000000089700000, 0x0000000089800000, 0x0000000089800000|100%| E|CS|TAMS 0x0000000089700000, 0x0000000089700000| Complete 
|  86|0x0000000089800000, 0x0000000089900000, 0x0000000089900000|100%| E|CS|TAMS 0x0000000089800000, 0x0000000089800000| Complete 
|  87|0x0000000089900000, 0x0000000089a00000, 0x0000000089a00000|100%| E|CS|TAMS 0x0000000089900000, 0x0000000089900000| Complete 
|  88|0x0000000089a00000, 0x0000000089b00000, 0x0000000089b00000|100%| E|CS|TAMS 0x0000000089a00000, 0x0000000089a00000| Complete 
|  89|0x0000000089b00000, 0x0000000089c00000, 0x0000000089c00000|100%| E|CS|TAMS 0x0000000089b00000, 0x0000000089b00000| Complete 
|  90|0x0000000089c00000, 0x0000000089d00000, 0x0000000089d00000|100%| E|CS|TAMS 0x0000000089c00000, 0x0000000089c00000| Complete 
|  91|0x0000000089d00000, 0x0000000089e00000, 0x0000000089e00000|100%| E|CS|TAMS 0x0000000089d00000, 0x0000000089d00000| Complete 
|  92|0x0000000089e00000, 0x0000000089f00000, 0x0000000089f00000|100%| E|CS|TAMS 0x0000000089e00000, 0x0000000089e00000| Complete 
| 123|0x000000008bd00000, 0x000000008be00000, 0x000000008be00000|100%| E|CS|TAMS 0x000000008bd00000, 0x000000008bd00000| Complete 

Card table byte_map: [0x0000017d546b0000,0x0000017d54a90000] _byte_map_base: 0x0000017d5428f000

Marking Bits (Prev, Next): (CMBitMap*) 0x0000017d3ce2ab70, (CMBitMap*) 0x0000017d3ce2abb0
 Prev Bits: [0x0000017d54e70000, 0x0000017d56d68000)
 Next Bits: [0x0000017d56d70000, 0x0000017d58c68000)

Polling page: 0x0000017d3adb0000

Metaspace:

Usage:
  Non-class:     42.26 MB used.
      Class:      5.86 MB used.
       Both:     48.12 MB used.

Virtual space:
  Non-class space:       64.00 MB reserved,      42.63 MB ( 67%) committed,  1 nodes.
      Class space:        1.00 GB reserved,       6.13 MB ( <1%) committed,  1 nodes.
             Both:        1.06 GB reserved,      48.75 MB (  4%) committed. 

Chunk freelists:
   Non-Class:  672.00 KB
       Class:  1.88 MB
        Both:  2.53 MB

MaxMetaspaceSize: unlimited
CompressedClassSpaceSize: 1.00 GB
Initial GC threshold: 21.00 MB
Current GC threshold: 58.88 MB
CDS: on
MetaspaceReclaimPolicy: balanced
 - commit_granule_bytes: 65536.
 - commit_granule_words: 8192.
 - virtual_space_node_default_size: 8388608.
 - enlarge_chunks_in_place: 1.
 - new_chunks_are_fully_committed: 0.
 - uncommit_free_chunks: 1.
 - use_allocation_guard: 0.


Internal statistics:

num_allocs_failed_limit: 6.
num_arena_births: 930.
num_arena_deaths: 0.
num_vsnodes_births: 2.
num_vsnodes_deaths: 0.
num_space_committed: 780.
num_space_uncommitted: 0.
num_chunks_returned_to_freelist: 6.
num_chunks_taken_from_freelist: 2776.
num_chunk_merges: 6.
num_chunk_splits: 1923.
num_chunks_enlarged: 1482.
num_inconsistent_stats: 0.

CodeHeap 'non-profiled nmethods': size=120000Kb used=4674Kb max_used=4674Kb free=115325Kb
 bounds [0x0000017d4ca70000, 0x0000017d4cf10000, 0x0000017d53fa0000]
CodeHeap 'profiled nmethods': size=120000Kb used=18171Kb max_used=18171Kb free=101828Kb
 bounds [0x0000017d44fa0000, 0x0000017d46170000, 0x0000017d4c4d0000]
CodeHeap 'non-nmethods': size=5760Kb used=1398Kb max_used=1445Kb free=4361Kb
 bounds [0x0000017d4c4d0000, 0x0000017d4c740000, 0x0000017d4ca70000]
 total_blobs=9134 nmethods=8513 adapters=530
 compilation: enabled
              stopped_count=0, restarted_count=0
 full_count=0

Compilation events (20 events):
Event: 859.639 Thread 0x0000017d5b6b2730 nmethod 9304 0x0000017d46157990 code [0x0000017d46157b40, 0x0000017d46157d48]
Event: 859.639 Thread 0x0000017d5b6b2730 9301       3       org.springframework.data.mongodb.repository.query.MongoQueryCreator::<init> (29 bytes)
Event: 859.641 Thread 0x0000017d5b6b2730 nmethod 9301 0x0000017d46157e10 code [0x0000017d46158060, 0x0000017d46158aa8]
Event: 859.686 Thread 0x0000017d5b6b0910 nmethod 9257 0x0000017d4cef6c10 code [0x0000017d4cef70a0, 0x0000017d4cef92b8]
Event: 859.687 Thread 0x0000017d5b6b0910 9258       4       org.apache.tomcat.util.http.MimeHeaders::setValue (102 bytes)
Event: 859.707 Thread 0x0000017d62c53720 9295       4       org.springframework.http.MediaType::isMoreSpecific (53 bytes)
Event: 859.723 Thread 0x0000017d5b6b0910 nmethod 9258 0x0000017d4cefc290 code [0x0000017d4cefc480, 0x0000017d4cefce30]
Event: 859.723 Thread 0x0000017d5b6b0910 9296       4       org.springframework.util.MimeType::isMoreSpecific (138 bytes)
Event: 859.731 Thread 0x0000017d62c53720 nmethod 9295 0x0000017d4cefd490 code [0x0000017d4cefd660, 0x0000017d4cefe0b8]
Event: 859.731 Thread 0x0000017d62c53720 9323   !   4       org.springframework.context.event.SimpleApplicationEventMulticaster::invokeListener (38 bytes)
Event: 859.738 Thread 0x0000017d5b6b0910 nmethod 9296 0x0000017d4cefe690 code [0x0000017d4cefe860, 0x0000017d4ceff278]
Event: 859.738 Thread 0x0000017d5b6b0910 9325       4       java.util.concurrent.atomic.AtomicLong::incrementAndGet (14 bytes)
Event: 859.739 Thread 0x0000017d5b6b0910 nmethod 9325 0x0000017d4ceff790 code [0x0000017d4ceff900, 0x0000017d4ceff998]
Event: 859.739 Thread 0x0000017d5b6b0910 9324       4       java.lang.String::isBlank (17 bytes)
Event: 859.740 Thread 0x0000017d62c53720 nmethod 9323 0x0000017d4ceffa90 code [0x0000017d4ceffc40, 0x0000017d4ceffe78]
Event: 859.745 Thread 0x0000017d62c53720 9326       4       org.springframework.util.Assert::isTrue (14 bytes)
Event: 859.746 Thread 0x0000017d5b6b0910 nmethod 9324 0x0000017d4cf00210 code [0x0000017d4cf003a0, 0x0000017d4cf00558]
Event: 859.746 Thread 0x0000017d62c53720 nmethod 9326 0x0000017d4cf00710 code [0x0000017d4cf00880, 0x0000017d4cf008f8]
Event: 859.747 Thread 0x0000017d62c53720 9327   !   4       org.springframework.http.server.ServletServerHttpRequest::getHeaders (283 bytes)
Event: 859.751 Thread 0x0000017d5b6b0910 9328       4       org.springframework.web.servlet.handler.AbstractHandlerMethodMapping::addMatchingMappings (79 bytes)

GC Heap History (20 events):
Event: 6.346 GC heap before
{Heap before GC invocations=4 (full 0):
 garbage-first heap   total 51200K, used 36890K [0x0000000084200000, 0x0000000100000000)
  region size 1024K, 30 young (30720K), 7 survivors (7168K)
 Metaspace       used 25415K, committed 25920K, reserved 1114112K
  class space    used 3119K, committed 3328K, reserved 1048576K
}
Event: 6.356 GC heap after
{Heap after GC invocations=5 (full 0):
 garbage-first heap   total 51200K, used 15501K [0x0000000084200000, 0x0000000100000000)
  region size 1024K, 3 young (3072K), 3 survivors (3072K)
 Metaspace       used 25415K, committed 25920K, reserved 1114112K
  class space    used 3119K, committed 3328K, reserved 1048576K
}
Event: 6.384 GC heap before
{Heap before GC invocations=5 (full 0):
 garbage-first heap   total 51200K, used 16525K [0x0000000084200000, 0x0000000100000000)
  region size 1024K, 4 young (4096K), 3 survivors (3072K)
 Metaspace       used 25552K, committed 26048K, reserved 1114112K
  class space    used 3152K, committed 3392K, reserved 1048576K
}
Event: 6.389 GC heap after
{Heap after GC invocations=6 (full 0):
 garbage-first heap   total 51200K, used 15934K [0x0000000084200000, 0x0000000100000000)
  region size 1024K, 1 young (1024K), 1 survivors (1024K)
 Metaspace       used 25552K, committed 26048K, reserved 1114112K
  class space    used 3152K, committed 3392K, reserved 1048576K
}
Event: 7.257 GC heap before
{Heap before GC invocations=6 (full 0):
 garbage-first heap   total 51200K, used 34366K [0x0000000084200000, 0x0000000100000000)
  region size 1024K, 20 young (20480K), 1 survivors (1024K)
 Metaspace       used 29779K, committed 30272K, reserved 1114112K
  class space    used 3682K, committed 3904K, reserved 1048576K
}
Event: 7.261 GC heap after
{Heap after GC invocations=7 (full 0):
 garbage-first heap   total 51200K, used 17386K [0x0000000084200000, 0x0000000100000000)
  region size 1024K, 2 young (2048K), 2 survivors (2048K)
 Metaspace       used 29779K, committed 30272K, reserved 1114112K
  class space    used 3682K, committed 3904K, reserved 1048576K
}
Event: 7.993 GC heap before
{Heap before GC invocations=7 (full 0):
 garbage-first heap   total 51200K, used 35818K [0x0000000084200000, 0x0000000100000000)
  region size 1024K, 21 young (21504K), 2 survivors (2048K)
 Metaspace       used 34286K, committed 34880K, reserved 1114112K
  class space    used 4332K, committed 4608K, reserved 1048576K
}
Event: 7.998 GC heap after
{Heap after GC invocations=8 (full 0):
 garbage-first heap   total 51200K, used 19129K [0x0000000084200000, 0x0000000100000000)
  region size 1024K, 2 young (2048K), 2 survivors (2048K)
 Metaspace       used 34286K, committed 34880K, reserved 1114112K
  class space    used 4332K, committed 4608K, reserved 1048576K
}
Event: 8.210 GC heap before
{Heap before GC invocations=8 (full 0):
 garbage-first heap   total 51200K, used 24249K [0x0000000084200000, 0x0000000100000000)
  region size 1024K, 8 young (8192K), 2 survivors (2048K)
 Metaspace       used 35500K, committed 35968K, reserved 1114112K
  class space    used 4519K, committed 4736K, reserved 1048576K
}
Event: 8.214 GC heap after
{Heap after GC invocations=9 (full 0):
 garbage-first heap   total 51200K, used 19834K [0x0000000084200000, 0x0000000100000000)
  region size 1024K, 1 young (1024K), 1 survivors (1024K)
 Metaspace       used 35500K, committed 35968K, reserved 1114112K
  class space    used 4519K, committed 4736K, reserved 1048576K
}
Event: 8.964 GC heap before
{Heap before GC invocations=10 (full 0):
 garbage-first heap   total 51200K, used 38266K [0x0000000084200000, 0x0000000100000000)
  region size 1024K, 19 young (19456K), 1 survivors (1024K)
 Metaspace       used 38140K, committed 38656K, reserved 1114112K
  class space    used 4869K, committed 5120K, reserved 1048576K
}
Event: 8.969 GC heap after
{Heap after GC invocations=11 (full 0):
 garbage-first heap   total 51200K, used 21891K [0x0000000084200000, 0x0000000100000000)
  region size 1024K, 3 young (3072K), 3 survivors (3072K)
 Metaspace       used 38140K, committed 38656K, reserved 1114112K
  class space    used 4869K, committed 5120K, reserved 1048576K
}
Event: 8.992 GC heap before
{Heap before GC invocations=11 (full 0):
 garbage-first heap   total 51200K, used 22915K [0x0000000084200000, 0x0000000100000000)
  region size 1024K, 4 young (4096K), 3 survivors (3072K)
 Metaspace       used 38298K, committed 38848K, reserved 1114112K
  class space    used 4887K, committed 5120K, reserved 1048576K
}
Event: 8.995 GC heap after
{Heap after GC invocations=12 (full 0):
 garbage-first heap   total 51200K, used 21678K [0x0000000084200000, 0x0000000100000000)
  region size 1024K, 1 young (1024K), 1 survivors (1024K)
 Metaspace       used 38298K, committed 38848K, reserved 1114112K
  class space    used 4887K, committed 5120K, reserved 1048576K
}
Event: 37.452 GC heap before
{Heap before GC invocations=12 (full 0):
 garbage-first heap   total 51200K, used 38062K [0x0000000084200000, 0x0000000100000000)
  region size 1024K, 17 young (17408K), 1 survivors (1024K)
 Metaspace       used 40936K, committed 41536K, reserved 1114112K
  class space    used 5263K, committed 5568K, reserved 1048576K
}
Event: 37.460 GC heap after
{Heap after GC invocations=13 (full 0):
 garbage-first heap   total 96256K, used 22769K [0x0000000084200000, 0x0000000100000000)
  region size 1024K, 2 young (2048K), 2 survivors (2048K)
 Metaspace       used 40936K, committed 41536K, reserved 1114112K
  class space    used 5263K, committed 5568K, reserved 1048576K
}
Event: 355.609 GC heap before
{Heap before GC invocations=13 (full 0):
 garbage-first heap   total 96256K, used 70897K [0x0000000084200000, 0x0000000100000000)
  region size 1024K, 50 young (51200K), 2 survivors (2048K)
 Metaspace       used 46941K, committed 47616K, reserved 1114112K
  class space    used 5918K, committed 6208K, reserved 1048576K
}
Event: 355.628 GC heap after
{Heap after GC invocations=14 (full 0):
 garbage-first heap   total 96256K, used 25042K [0x0000000084200000, 0x0000000100000000)
  region size 1024K, 4 young (4096K), 4 survivors (4096K)
 Metaspace       used 46941K, committed 47616K, reserved 1114112K
  class space    used 5918K, committed 6208K, reserved 1048576K
}
Event: 511.382 GC heap before
{Heap before GC invocations=14 (full 0):
 garbage-first heap   total 96256K, used 72146K [0x0000000084200000, 0x0000000100000000)
  region size 1024K, 51 young (52224K), 4 survivors (4096K)
 Metaspace       used 48845K, committed 49472K, reserved 1114112K
  class space    used 5996K, committed 6272K, reserved 1048576K
}
Event: 511.405 GC heap after
{Heap after GC invocations=15 (full 0):
 garbage-first heap   total 96256K, used 25238K [0x0000000084200000, 0x0000000100000000)
  region size 1024K, 4 young (4096K), 4 survivors (4096K)
 Metaspace       used 48845K, committed 49472K, reserved 1114112K
  class space    used 5996K, committed 6272K, reserved 1048576K
}

Dll operation events (14 events):
Event: 0.033 Loaded shared library C:\Users\Ritej\.jdks\corretto-19.0.2\bin\java.dll
Event: 0.076 Loaded shared library C:\Users\Ritej\.jdks\corretto-19.0.2\bin\jsvml.dll
Event: 0.469 Loaded shared library C:\Users\Ritej\.jdks\corretto-19.0.2\bin\zip.dll
Event: 0.481 Loaded shared library C:\Users\Ritej\.jdks\corretto-19.0.2\bin\instrument.dll
Event: 0.497 Loaded shared library C:\Users\Ritej\.jdks\corretto-19.0.2\bin\net.dll
Event: 0.501 Loaded shared library C:\Users\Ritej\.jdks\corretto-19.0.2\bin\nio.dll
Event: 0.517 Loaded shared library C:\Users\Ritej\.jdks\corretto-19.0.2\bin\zip.dll
Event: 0.981 Loaded shared library C:\Program Files\JetBrains\IntelliJ IDEA Community Edition 2024.1.4\bin\breakgen64.dll
Event: 1.044 Loaded shared library C:\Users\Ritej\.jdks\corretto-19.0.2\bin\extnet.dll
Event: 1.179 Loaded shared library C:\Users\Ritej\.jdks\corretto-19.0.2\bin\jimage.dll
Event: 2.195 Loaded shared library C:\Users\Ritej\.jdks\corretto-19.0.2\bin\management.dll
Event: 2.204 Loaded shared library C:\Users\Ritej\.jdks\corretto-19.0.2\bin\management_ext.dll
Event: 4.071 Loaded shared library C:\Users\Ritej\.jdks\corretto-19.0.2\bin\sunmscapi.dll
Event: 352.735 Loaded shared library C:\Users\Ritej\.jdks\corretto-19.0.2\bin\verify.dll

Deoptimization events (20 events):
Event: 377.755 Thread 0x0000017d60a89470 Uncommon trap: trap_request=0xffffff45 fr.pc=0x0000017d4cd93cf4 relative=0x0000000000000cb4
Event: 377.755 Thread 0x0000017d60a89470 Uncommon trap: reason=unstable_if action=reinterpret pc=0x0000017d4cd93cf4 method=java.util.concurrent.ConcurrentHashMap.addCount(JI)V @ 34 c2
Event: 377.755 Thread 0x0000017d60a89470 DEOPT PACKING pc=0x0000017d4cd93cf4 sp=0x0000007cf83f4370
Event: 377.755 Thread 0x0000017d60a89470 DEOPT UNPACKING pc=0x0000017d4c53a5a3 sp=0x0000007cf83f4240 mode 2
Event: 377.755 Thread 0x0000017d60a88480 Uncommon trap: trap_request=0xffffff45 fr.pc=0x0000017d4cbcfb64 relative=0x00000000000001a4
Event: 377.755 Thread 0x0000017d60a88480 Uncommon trap: reason=unstable_if action=reinterpret pc=0x0000017d4cbcfb64 method=java.util.concurrent.ConcurrentHashMap.addCount(JI)V @ 7 c2
Event: 377.756 Thread 0x0000017d60a88480 DEOPT PACKING pc=0x0000017d4cbcfb64 sp=0x0000007cf86f70f0
Event: 377.756 Thread 0x0000017d60a88480 DEOPT UNPACKING pc=0x0000017d4c53a5a3 sp=0x0000007cf86f7050 mode 2
Event: 377.774 Thread 0x0000017d60a89470 Uncommon trap: trap_request=0xffffff45 fr.pc=0x0000017d4cdf25b4 relative=0x0000000000001334
Event: 377.774 Thread 0x0000017d60a89470 Uncommon trap: reason=unstable_if action=reinterpret pc=0x0000017d4cdf25b4 method=org.bson.io.ByteBufferBsonInput.readString(I)Ljava/lang/String; @ 2 c2
Event: 377.774 Thread 0x0000017d60a89470 DEOPT PACKING pc=0x0000017d4cdf25b4 sp=0x0000007cf83f83a0
Event: 377.774 Thread 0x0000017d60a89470 DEOPT UNPACKING pc=0x0000017d4c53a5a3 sp=0x0000007cf83f8280 mode 2
Event: 377.774 Thread 0x0000017d60a89470 Uncommon trap: trap_request=0xffffff45 fr.pc=0x0000017d4cbe1344 relative=0x00000000000003a4
Event: 377.774 Thread 0x0000017d60a89470 Uncommon trap: reason=unstable_if action=reinterpret pc=0x0000017d4cbe1344 method=org.bson.io.ByteBufferBsonInput.readString(I)Ljava/lang/String; @ 2 c2
Event: 377.774 Thread 0x0000017d60a89470 DEOPT PACKING pc=0x0000017d4cbe1344 sp=0x0000007cf83f8380
Event: 377.775 Thread 0x0000017d60a89470 DEOPT UNPACKING pc=0x0000017d4c53a5a3 sp=0x0000007cf83f8318 mode 2
Event: 380.338 Thread 0x0000017d62e666f0 Uncommon trap: trap_request=0xffffff45 fr.pc=0x0000017d4cdb1560 relative=0x0000000000000e60
Event: 380.338 Thread 0x0000017d62e666f0 Uncommon trap: reason=unstable_if action=reinterpret pc=0x0000017d4cdb1560 method=org.springframework.web.util.pattern.LiteralPathElement.matches(ILorg/springframework/web/util/pattern/PathPattern$MatchingContext;)Z @ 129 c2
Event: 380.338 Thread 0x0000017d62e666f0 DEOPT PACKING pc=0x0000017d4cdb1560 sp=0x0000007cf8bfd2d0
Event: 380.338 Thread 0x0000017d62e666f0 DEOPT UNPACKING pc=0x0000017d4c53a5a3 sp=0x0000007cf8bfd1e8 mode 2

Classes loaded (20 events):
Event: 351.535 Loading class java/util/OptionalDouble
Event: 351.536 Loading class java/util/OptionalDouble done
Event: 351.580 Loading class org/w3c/dom/Node
Event: 351.581 Loading class org/w3c/dom/Node done
Event: 351.581 Loading class org/w3c/dom/Document
Event: 351.582 Loading class org/w3c/dom/Document done
Event: 352.140 Loading class java/util/TreeMap$KeySpliterator
Event: 352.141 Loading class java/util/TreeMap$KeySpliterator done
Event: 352.182 Loading class java/util/AbstractMap$SimpleEntry
Event: 352.183 Loading class java/util/AbstractMap$SimpleEntry done
Event: 352.572 Loading class java/util/concurrent/atomic/Striped64$Cell
Event: 352.573 Loading class java/util/concurrent/atomic/Striped64$Cell done
Event: 353.455 Loading class java/util/concurrent/locks/ReentrantReadWriteLock$Sync$HoldCounter
Event: 353.456 Loading class java/util/concurrent/locks/ReentrantReadWriteLock$Sync$HoldCounter done
Event: 353.508 Loading class java/util/stream/LongStream
Event: 353.509 Loading class java/util/stream/LongStream done
Event: 353.509 Loading class java/util/stream/DoubleStream
Event: 353.511 Loading class java/util/stream/DoubleStream done
Event: 377.683 Loading class java/util/concurrent/ConcurrentHashMap$TreeBin
Event: 377.684 Loading class java/util/concurrent/ConcurrentHashMap$TreeBin done

Classes unloaded (0 events):
No events

Classes redefined (0 events):
No events

Internal exceptions (20 events):
Event: 67.351 Thread 0x0000017d60a899c0 Exception <a 'java/lang/NoSuchMethodError'{0x0000000089e49e50}: 'java.lang.Object java.lang.invoke.Invokers$Holder.linkToTargetMethod(java.lang.Object, long, java.lang.Object)'> (0x0000000089e49e50) 
thrown [s\src\hotspot\share\interpreter\linkResolver.cpp, line 774]
Event: 349.973 Thread 0x0000017d62e686d0 Exception <a 'java/lang/NoSuchMethodError'{0x00000000894ce578}: 'java.lang.Object java.lang.invoke.DirectMethodHandle$Holder.invokeStatic(java.lang.Object, java.lang.Object, java.lang.Object, int, int)'> (0x00000000894ce578) 
thrown [s\src\hotspot\share\interpreter\linkResolver.cpp, line 774]
Event: 349.995 Thread 0x0000017d62e686d0 Exception <a 'java/lang/NoSuchMethodError'{0x00000000894d2018}: 'java.lang.Object java.lang.invoke.DirectMethodHandle$Holder.invokeStaticInit(java.lang.Object, java.lang.Object, java.lang.Object, int, int)'> (0x00000000894d2018) 
thrown [s\src\hotspot\share\interpreter\linkResolver.cpp, line 774]
Event: 350.502 Thread 0x0000017d60a88f20 Exception <a 'java/lang/NoSuchMethodError'{0x000000008923e580}: 'java.lang.Object java.lang.invoke.DirectMethodHandle$Holder.invokeSpecial(java.lang.Object, java.lang.Object, java.lang.Object, java.lang.Object, java.lang.Object, long)'> (0x000000008923e580) 
thrown [s\src\hotspot\share\interpreter\linkResolver.cpp, line 774]
Event: 350.503 Thread 0x0000017d60a88f20 Exception <a 'java/lang/NoSuchMethodError'{0x0000000089241fd0}: 'java.lang.Object java.lang.invoke.Invokers$Holder.linkToTargetMethod(java.lang.Object, java.lang.Object, java.lang.Object, long, java.lang.Object)'> (0x0000000089241fd0) 
thrown [s\src\hotspot\share\interpreter\linkResolver.cpp, line 774]
Event: 352.292 Thread 0x0000017d60a89470 Exception <a 'java/lang/NoSuchMethodError'{0x000000008898bd68}: 'java.lang.Object java.lang.invoke.DirectMethodHandle$Holder.invokeInterface(java.lang.Object, java.lang.Object, int)'> (0x000000008898bd68) 
thrown [s\src\hotspot\share\interpreter\linkResolver.cpp, line 774]
Event: 352.558 Thread 0x0000017d60a89f10 Exception <a 'java/lang/NoSuchMethodError'{0x00000000887b6e08}: 'long java.lang.invoke.DirectMethodHandle$Holder.invokeStatic(java.lang.Object, long)'> (0x00000000887b6e08) 
thrown [s\src\hotspot\share\interpreter\linkResolver.cpp, line 774]
Event: 352.559 Thread 0x0000017d60a89470 Exception <a 'java/lang/NoSuchMethodError'{0x00000000887cc8a8}: 'long java.lang.invoke.DirectMethodHandle$Holder.invokeStatic(java.lang.Object, long)'> (0x00000000887cc8a8) 
thrown [s\src\hotspot\share\interpreter\linkResolver.cpp, line 774]
Event: 352.742 Thread 0x0000017d60a89f10 Exception <a 'java/lang/NoSuchMethodError'{0x000000008851c688}: 'void java.lang.invoke.Invokers$Holder.invoke_MT(java.lang.Object, java.lang.Object, java.lang.Object, java.lang.Object)'> (0x000000008851c688) 
thrown [s\src\hotspot\share\interpreter\linkResolver.cpp, line 774]
Event: 352.742 Thread 0x0000017d60a89470 Exception <a 'java/lang/NoSuchMethodError'{0x00000000886ac9d0}: 'void java.lang.invoke.Invokers$Holder.invoke_MT(java.lang.Object, java.lang.Object, java.lang.Object, java.lang.Object)'> (0x00000000886ac9d0) 
thrown [s\src\hotspot\share\interpreter\linkResolver.cpp, line 774]
Event: 353.450 Thread 0x0000017d60a89f10 Exception <a 'java/lang/NoSuchMethodError'{0x00000000884c4320}: 'java.lang.Object java.lang.invoke.DirectMethodHandle$Holder.invokeInterface(java.lang.Object, java.lang.Object, java.lang.Object, java.lang.Object)'> (0x00000000884c4320) 
thrown [s\src\hotspot\share\interpreter\linkResolver.cpp, line 774]
Event: 353.718 Thread 0x0000017d60a88480 Implicit null exception at 0x0000017d4cbb65b4 to 0x0000017d4cbb6620
Event: 353.718 Thread 0x0000017d60a88480 Implicit null exception at 0x0000017d4cce48cb to 0x0000017d4cce4ac4
Event: 353.723 Thread 0x0000017d60a88480 Exception <a 'java/lang/NoSuchMethodError'{0x000000008814dd90}: 'double java.lang.invoke.DelegatingMethodHandle$Holder.reinvoke_L(java.lang.Object, java.lang.Object, int)'> (0x000000008814dd90) 
thrown [s\src\hotspot\share\interpreter\linkResolver.cpp, line 774]
Event: 353.739 Thread 0x0000017d60a88480 Exception <a 'java/lang/NoSuchMethodError'{0x0000000088192a60}: 'void java.lang.invoke.DelegatingMethodHandle$Holder.reinvoke_L(java.lang.Object, java.lang.Object, double)'> (0x0000000088192a60) 
thrown [s\src\hotspot\share\interpreter\linkResolver.cpp, line 774]
Event: 353.808 Thread 0x0000017d60a88480 Exception <a 'java/lang/NoSuchMethodError'{0x0000000088040640}: 'double java.lang.invoke.DirectMethodHandle$Holder.invokeVirtual(java.lang.Object, java.lang.Object)'> (0x0000000088040640) 
thrown [s\src\hotspot\share\interpreter\linkResolver.cpp, line 774]
Event: 353.809 Thread 0x0000017d60a88480 Exception <a 'java/lang/NoSuchMethodError'{0x000000008804e468}: 'double java.lang.invoke.DelegatingMethodHandle$Holder.reinvoke_L(java.lang.Object, java.lang.Object)'> (0x000000008804e468) 
thrown [s\src\hotspot\share\interpreter\linkResolver.cpp, line 774]
Event: 377.628 Thread 0x0000017d60a88480 Exception <a 'java/lang/NoSuchMethodError'{0x0000000089531a98}: 'void java.lang.invoke.DirectMethodHandle$Holder.invokeVirtual(java.lang.Object, java.lang.Object, double)'> (0x0000000089531a98) 
thrown [s\src\hotspot\share\interpreter\linkResolver.cpp, line 774]
Event: 377.628 Thread 0x0000017d60a89470 Exception <a 'java/lang/NoSuchMethodError'{0x00000000896c6688}: 'void java.lang.invoke.DirectMethodHandle$Holder.invokeVirtual(java.lang.Object, java.lang.Object, double)'> (0x00000000896c6688) 
thrown [s\src\hotspot\share\interpreter\linkResolver.cpp, line 774]
Event: 490.744 Thread 0x0000017d60a89f10 Exception <a 'java/io/IOException'{0x00000000888a58b0}> (0x00000000888a58b0) 
thrown [s\src\hotspot\share\prims\jni.cpp, line 517]

VM Operations (20 events):
Event: 506.247 Executing VM operation: Cleanup
Event: 506.248 Executing VM operation: Cleanup done
Event: 508.264 Executing VM operation: Cleanup
Event: 508.264 Executing VM operation: Cleanup done
Event: 511.381 Executing VM operation: G1CollectForAllocation
Event: 511.406 Executing VM operation: G1CollectForAllocation done
Event: 512.412 Executing VM operation: Cleanup
Event: 512.412 Executing VM operation: Cleanup done
Event: 557.846 Executing VM operation: Cleanup
Event: 557.847 Executing VM operation: Cleanup done
Event: 578.031 Executing VM operation: Cleanup
Event: 578.031 Executing VM operation: Cleanup done
Event: 588.114 Executing VM operation: Cleanup
Event: 588.115 Executing VM operation: Cleanup done
Event: 658.736 Executing VM operation: Cleanup
Event: 658.737 Executing VM operation: Cleanup done
Event: 667.822 Executing VM operation: Cleanup
Event: 667.822 Executing VM operation: Cleanup done
Event: 859.750 Executing VM operation: Cleanup
Event: 859.763 Executing VM operation: Cleanup done

Events (20 events):
Event: 9.836 Thread 0x0000017d604dd040 Thread exited: 0x0000017d604dd040
Event: 9.841 Thread 0x0000017d6021ded0 Thread exited: 0x0000017d6021ded0
Event: 9.842 Thread 0x0000017d3cdcd130 Thread exited: 0x0000017d3cdcd130
Event: 9.842 Thread 0x0000017d62e6ac00 Thread added: 0x0000017d62e6ac00
Event: 10.757 Thread 0x0000017d62d1d030 Thread exited: 0x0000017d62d1d030
Event: 353.156 Thread 0x0000017d6000adf0 Thread added: 0x0000017d6000adf0
Event: 353.455 Thread 0x0000017d6000adf0 Thread exited: 0x0000017d6000adf0
Event: 353.842 Thread 0x0000017d6000adf0 Thread added: 0x0000017d6000adf0
Event: 357.693 Thread 0x0000017d6000adf0 Thread exited: 0x0000017d6000adf0
Event: 377.766 Thread 0x0000017d60c7c710 Thread added: 0x0000017d60c7c710
Event: 380.338 Thread 0x0000017d60c7c710 Thread exited: 0x0000017d60c7c710
Event: 489.943 Thread 0x0000017d5b6c0c80 flushing nmethod 0x0000017d4ccfad10
Event: 489.964 Thread 0x0000017d5b6c0c80 flushing nmethod 0x0000017d4542de90
Event: 495.013 Thread 0x0000017d60fc84f0 Thread added: 0x0000017d60fc84f0
Event: 495.037 Thread 0x0000017d5fa8e6a0 Thread added: 0x0000017d5fa8e6a0
Event: 501.929 Thread 0x0000017d5fa8e6a0 Thread exited: 0x0000017d5fa8e6a0
Event: 502.007 Thread 0x0000017d60fc84f0 Thread exited: 0x0000017d60fc84f0
Event: 859.282 Thread 0x0000017d60fc84f0 Thread added: 0x0000017d60fc84f0
Event: 859.506 Thread 0x0000017d60fc84f0 Thread exited: 0x0000017d60fc84f0
Event: 859.687 Thread 0x0000017d62c53720 Thread added: 0x0000017d62c53720


Dynamic libraries:
0x00007ff654530000 - 0x00007ff65453d000 	C:\Users\Ritej\.jdks\corretto-19.0.2\bin\java.exe
0x00007fff218f0000 - 0x00007fff21b07000 	C:\WINDOWS\SYSTEM32\ntdll.dll
0x00007ffee30c0000 - 0x00007ffee30e0000 	C:\Program Files\Avast Software\Avast\aswhook.dll
0x00007fff1fc90000 - 0x00007fff1fd54000 	C:\WINDOWS\System32\KERNEL32.DLL
0x00007fff1efa0000 - 0x00007fff1f370000 	C:\WINDOWS\System32\KERNELBASE.dll
0x00007fff1ec60000 - 0x00007fff1ed71000 	C:\WINDOWS\System32\ucrtbase.dll
0x00007ffef94c0000 - 0x00007ffef94d7000 	C:\Users\Ritej\.jdks\corretto-19.0.2\bin\jli.dll
0x00007fff029d0000 - 0x00007fff029e5000 	C:\Users\Ritej\.jdks\corretto-19.0.2\bin\VCRUNTIME140.dll
0x00007fff212d0000 - 0x00007fff2147e000 	C:\WINDOWS\System32\USER32.dll
0x00007fff1ed80000 - 0x00007fff1eda6000 	C:\WINDOWS\System32\win32u.dll
0x00007fff1f9e0000 - 0x00007fff1fa09000 	C:\WINDOWS\System32\GDI32.dll
0x00007fff1f370000 - 0x00007fff1f48b000 	C:\WINDOWS\System32\gdi32full.dll
0x00007fff1f490000 - 0x00007fff1f52a000 	C:\WINDOWS\System32\msvcp_win.dll
0x00007fff07450000 - 0x00007fff076e2000 	C:\WINDOWS\WinSxS\amd64_microsoft.windows.common-controls_6595b64144ccf1df_6.0.22621.4830_none_270fe7d773858e80\COMCTL32.dll
0x00007fff1f7f0000 - 0x00007fff1f897000 	C:\WINDOWS\System32\msvcrt.dll
0x00007fff205f0000 - 0x00007fff20621000 	C:\WINDOWS\System32\IMM32.DLL
0x00007ffebf8e0000 - 0x00007ffebf97b000 	C:\Users\Ritej\.jdks\corretto-19.0.2\bin\msvcp140.dll
0x00007ffe82120000 - 0x00007ffe82df9000 	C:\Users\Ritej\.jdks\corretto-19.0.2\bin\server\jvm.dll
0x00007fff1f8a0000 - 0x00007fff1f951000 	C:\WINDOWS\System32\ADVAPI32.dll
0x00007fff20bc0000 - 0x00007fff20c67000 	C:\WINDOWS\System32\sechost.dll
0x00007fff1f5b0000 - 0x00007fff1f5d8000 	C:\WINDOWS\System32\bcrypt.dll
0x00007fff21480000 - 0x00007fff21594000 	C:\WINDOWS\System32\RPCRT4.dll
0x00007fff025a0000 - 0x00007fff025a9000 	C:\WINDOWS\SYSTEM32\WSOCK32.dll
0x00007fff1f660000 - 0x00007fff1f6d1000 	C:\WINDOWS\System32\WS2_32.dll
0x00007fff167a0000 - 0x00007fff167aa000 	C:\WINDOWS\SYSTEM32\VERSION.dll
0x00007fff17760000 - 0x00007fff17794000 	C:\WINDOWS\SYSTEM32\WINMM.dll
0x00007fff1dba0000 - 0x00007fff1dbb8000 	C:\WINDOWS\SYSTEM32\kernel.appcore.dll
0x00007fff06d10000 - 0x00007fff06d1a000 	C:\Users\Ritej\.jdks\corretto-19.0.2\bin\jimage.dll
0x00007fff1c200000 - 0x00007fff1c432000 	C:\WINDOWS\SYSTEM32\DBGHELP.DLL
0x00007fff20ec0000 - 0x00007fff21250000 	C:\WINDOWS\System32\combase.dll
0x00007fff21770000 - 0x00007fff21847000 	C:\WINDOWS\System32\OLEAUT32.dll
0x00007fff0a7b0000 - 0x00007fff0a7e2000 	C:\WINDOWS\SYSTEM32\dbgcore.DLL
0x00007fff1edb0000 - 0x00007fff1ee2b000 	C:\WINDOWS\System32\bcryptPrimitives.dll
0x00007fff035e0000 - 0x00007fff035ee000 	C:\Users\Ritej\.jdks\corretto-19.0.2\bin\instrument.dll
0x00007ffeeb380000 - 0x00007ffeeb3a6000 	C:\Users\Ritej\.jdks\corretto-19.0.2\bin\java.dll
0x00007ffebed40000 - 0x00007ffebee16000 	C:\Users\Ritej\.jdks\corretto-19.0.2\bin\jsvml.dll
0x00007fff1fd70000 - 0x00007fff205e8000 	C:\WINDOWS\System32\SHELL32.dll
0x00007fff1caa0000 - 0x00007fff1d3b0000 	C:\WINDOWS\SYSTEM32\windows.storage.dll
0x00007fff1c960000 - 0x00007fff1ca9f000 	C:\WINDOWS\SYSTEM32\wintypes.dll
0x00007fff1f6e0000 - 0x00007fff1f7ea000 	C:\WINDOWS\System32\SHCORE.dll
0x00007fff21850000 - 0x00007fff218ae000 	C:\WINDOWS\System32\shlwapi.dll
0x00007fff1ead0000 - 0x00007fff1eafb000 	C:\WINDOWS\SYSTEM32\profapi.dll
0x00007ffeeb240000 - 0x00007ffeeb258000 	C:\Users\Ritej\.jdks\corretto-19.0.2\bin\zip.dll
0x00007ffef6cf0000 - 0x00007ffef6d03000 	C:\Users\Ritej\.jdks\corretto-19.0.2\bin\net.dll
0x00007fff1a270000 - 0x00007fff1a39c000 	C:\WINDOWS\SYSTEM32\WINHTTP.dll
0x00007fff1e010000 - 0x00007fff1e07a000 	C:\WINDOWS\system32\mswsock.dll
0x00007ffeec5d0000 - 0x00007ffeec5e5000 	C:\Users\Ritej\.jdks\corretto-19.0.2\bin\nio.dll
0x00007ffeeb220000 - 0x00007ffeeb23a000 	C:\Program Files\JetBrains\IntelliJ IDEA Community Edition 2024.1.4\bin\breakgen64.dll
0x00007fff02480000 - 0x00007fff02488000 	C:\Users\Ritej\.jdks\corretto-19.0.2\bin\extnet.dll
0x00007fff057a0000 - 0x00007fff057a9000 	C:\Users\Ritej\.jdks\corretto-19.0.2\bin\management.dll
0x00007fff056d0000 - 0x00007fff056db000 	C:\Users\Ritej\.jdks\corretto-19.0.2\bin\management_ext.dll
0x00007fff1fd60000 - 0x00007fff1fd68000 	C:\WINDOWS\System32\PSAPI.DLL
0x00007fff054f0000 - 0x00007fff054fe000 	C:\Users\Ritej\.jdks\corretto-19.0.2\bin\sunmscapi.dll
0x00007fff1ee30000 - 0x00007fff1ef96000 	C:\WINDOWS\System32\CRYPT32.dll
0x00007fff1e450000 - 0x00007fff1e47d000 	C:\WINDOWS\SYSTEM32\ncrypt.dll
0x00007fff1e410000 - 0x00007fff1e447000 	C:\WINDOWS\SYSTEM32\NTASN1.dll
0x00007fff1e360000 - 0x00007fff1e37b000 	C:\WINDOWS\SYSTEM32\CRYPTSP.dll
0x00007fff1db00000 - 0x00007fff1db35000 	C:\WINDOWS\system32\rsaenh.dll
0x00007fff1e0b0000 - 0x00007fff1e0d8000 	C:\WINDOWS\SYSTEM32\USERENV.dll
0x00007fff1e340000 - 0x00007fff1e34c000 	C:\WINDOWS\SYSTEM32\CRYPTBASE.dll
0x00007fff1d610000 - 0x00007fff1d63d000 	C:\WINDOWS\SYSTEM32\IPHLPAPI.DLL
0x00007fff20630000 - 0x00007fff20639000 	C:\WINDOWS\System32\NSI.dll
0x00007fff1a250000 - 0x00007fff1a269000 	C:\WINDOWS\SYSTEM32\dhcpcsvc6.DLL
0x00007fff1a230000 - 0x00007fff1a24f000 	C:\WINDOWS\SYSTEM32\dhcpcsvc.DLL
0x00007fff1d680000 - 0x00007fff1d782000 	C:\WINDOWS\SYSTEM32\DNSAPI.dll
0x00007fff17270000 - 0x00007fff1727a000 	C:\Windows\System32\rasadhlp.dll
0x00007fff16930000 - 0x00007fff169b3000 	C:\WINDOWS\System32\fwpuclnt.dll
0x00007fff0a890000 - 0x00007fff0a898000 	C:\WINDOWS\system32\wshunix.dll
0x00007fff09640000 - 0x00007fff09650000 	C:\Users\Ritej\.jdks\corretto-19.0.2\bin\verify.dll

dbghelp: loaded successfully - version: 4.0.5 - missing functions: none
symbol engine: initialized successfully - sym options: 0x614 - pdb path: .;C:\Users\Ritej\.jdks\corretto-19.0.2\bin;C:\WINDOWS\SYSTEM32;C:\Program Files\Avast Software\Avast;C:\WINDOWS\WinSxS\amd64_microsoft.windows.common-controls_6595b64144ccf1df_6.0.22621.4830_none_270fe7d773858e80;C:\Users\Ritej\.jdks\corretto-19.0.2\bin\server;C:\Program Files\JetBrains\IntelliJ IDEA Community Edition 2024.1.4\bin

VM Arguments:
jvm_args: -javaagent:C:\Program Files\JetBrains\IntelliJ IDEA Community Edition 2024.1.4\lib\idea_rt.jar=63185:C:\Program Files\JetBrains\IntelliJ IDEA Community Edition 2024.1.4\bin -Dfile.encoding=UTF-8 -Dsun.stdout.encoding=UTF-8 -Dsun.stderr.encoding=UTF-8 
java_command: com.example.WSM.WsmApplication
java_class_path (initial): C:\Users\Ritej\Downloads\Ritej-main\WSM Project\WSM\target\classes;C:\Users\Ritej\.m2\repository\org\apache\poi\poi\5.2.3\poi-5.2.3.jar;C:\Users\Ritej\.m2\repository\commons-codec\commons-codec\1.18.0\commons-codec-1.18.0.jar;C:\Users\Ritej\.m2\repository\org\apache\commons\commons-collections4\4.4\commons-collections4-4.4.jar;C:\Users\Ritej\.m2\repository\org\apache\commons\commons-math3\3.6.1\commons-math3-3.6.1.jar;C:\Users\Ritej\.m2\repository\com\zaxxer\SparseBitSet\1.2\SparseBitSet-1.2.jar;C:\Users\Ritej\.m2\repository\org\apache\logging\log4j\log4j-api\2.24.3\log4j-api-2.24.3.jar;C:\Users\Ritej\.m2\repository\org\apache\poi\poi-ooxml\5.2.3\poi-ooxml-5.2.3.jar;C:\Users\Ritej\.m2\repository\org\apache\poi\poi-ooxml-lite\5.2.3\poi-ooxml-lite-5.2.3.jar;C:\Users\Ritej\.m2\repository\org\apache\xmlbeans\xmlbeans\5.1.1\xmlbeans-5.1.1.jar;C:\Users\Ritej\.m2\repository\org\apache\commons\commons-compress\1.21\commons-compress-1.21.jar;C:\Users\Ritej\.m2\repository\com\github\virtuald\curvesapi\1.07\curvesapi-1.07.jar;C:\Users\Ritej\.m2\repository\io\jsonwebtoken\jjwt-api\0.11.5\jjwt-api-0.11.5.jar;C:\Users\Ritej\.m2\repository\io\jsonwebtoken\jjwt-impl\0.11.5\jjwt-impl-0.11.5.jar;C:\Users\Ritej\.m2\repository\io\jsonwebtoken\jjwt-jackson\0.11.5\jjwt-jackson-0.11.5.jar;C:\Users\Ritej\.m2\repository\com\fasterxml\jackson\core\jackson-databind\2.19.2\jackson-databind-2.19.2.jar;C:\Users\Ritej\.m2\repository\com\fasterxml\jackson\core\jackson-annotations\2.19.2\jackson-annotations-2.19.2.jar;C:\Users\Ritej\.m2\repository\com\fasterxml\jackson\core\jackson-core\2.19.2\jackson-core-2.19.2.jar;C:\Users\Ritej\.m2\repository\org\springframework\boot\spring-boot-starter-data-mongodb\3.5.4\spring-boot-starter-data-mongodb-3.5.4.jar;C:\Users\Ritej\.m2\repository\org\springframework\boot\spring-boot-starter\3.5.4\spring-boot-starter-3.5.4.jar;C:\Users\Ritej\.m2\repository\org\springframework\boot\spring-boot-starter-logging\3.5.4\spring-boot-starter-logging-3.5.4.jar;C:\Users\Ritej\.m2\repository\ch\qos\logback\logback-classic\1.5.18\logback-classic-1.5.18.jar;C:\Users\Ritej\.m2\repository\ch\qos\logback\logback-core\1.5.18\logback-core-1.5.18.jar;C:\Users\Ritej\.m2\repository\org\apache\logging\log4j\log4j-to-slf4j\2.24.3\log4j-to-slf4j-2.24.3.jar;C:\Users\Ritej\.m2\repository\org\slf4j\jul-to-slf4j\2.0.17\jul-to-slf4j-2.0.17.jar;C:\Users\Ritej\.m2\repository\jakarta\annotation\jakarta.annotation-api\2.1.1\jakarta.annotation-api-2.1.1.jar;C:\Users\Ritej\.m2\repository\org\yaml\snakeyaml\2.4\snakeyaml-2.4.jar;C:\Users\Ritej\.m2\repository\org\mongodb\mongodb-driver-sync\5.5.1\mongodb-driver-sync-5.5.1.jar;C:\Users\Ritej\.m2\repository\org\mongodb\bson\5.5.1\bson-5.5.1.jar;C:\Users\Ritej\.m2\repository\org\mongodb\mongodb-driver-core\5.5.1\mongodb-driver-core-5.5.1.jar;C:\Users\Ritej\.m2\repository\org\mongodb\bson-record-codec\5.5.1\bson-record-codec-5.5.1.jar;C:\Users\Ritej\.m2\repository\org\springframework\data\spring-data-mongodb\4.5.2\spring-data-mongodb-4.5.2.jar;C:\Users\Ritej\.m2\repository\org\springframework\spring-tx\6.2.9\spring-tx-6.2.9.jar;C:\Users\Ritej\.m2\repository\org\springframework\spring-context\6.2.9\spring-context-6.2.9.jar;C:\Users\Ritej\.m2\repository\org\springframework\spring-beans\6.2.9\spring-beans-6.2.9.jar;C:\Users\Ritej\.m2\repository\org\springframework\spring-expression\6.2.9\spring-expression-6.2.9.jar;C:\Users\Ritej\.m2\repository\org\springframework\data\spring-data-commons\3.5.2\spring-data-commons-3.5.2.jar;C:\Users\Ritej\.m2\repository\org\slf4j\slf4j-api\2.0.17\slf4j-api-2.0.17.jar;C:\Users\Ritej\.m2\repository\org\springframework\boot\spring-boot-starter-security\3.2.0\spring-boot-starter-security-3.2.0.jar;C:\Users\Ritej\.m2\repository\org\springframework\spring-aop\6.2.9\spring-aop-6.2.9.jar;C:\Users\Ritej\.m2\repository\org\springframework\security\spring-security-config\6.5.2\spring-security-config-6.5.2.jar;C:\Users\Ritej\.m2\repository\org\springframework\security\spring-security-core\6.5.2\spring-security-core-6.5.2.jar;C:\Users\Ritej\.m2\repository\org\springframework\security\spring-security-crypto\6.5.2\spring-security-crypto-6.5.2.jar;C:\Users\Ritej\.m2\repository\org\springframework\security\spring-security-web\6.5.2\spring-security-web-6.5.2.jar;C:\Users\Ritej\.m2\repository\org\springframework\boot\spring-boot-starter-web\3.5.4\spring-boot-starter-web-3.5.4.jar;C:\Users\Ritej\.m2\repository\org\springframework\boot\spring-boot-starter-json\3.5.4\spring-boot-starter-json-3.5.4.jar;C:\Users\Ritej\.m2\repository\com\fasterxml\jackson\datatype\jackson-datatype-jdk8\2.19.2\jackson-datatype-jdk8-2.19.2.jar;C:\Users\Ritej\.m2\repository\com\fasterxml\jackson\datatype\jackson-datatype-jsr310\2.19.2\jackson-datatype-jsr310-2.19.2.jar;C:\Users\Ritej\.m2\repository\com\fasterxml\jackson\module\jackson-module-parameter-names\2.19.2\jackson-module-parameter-names-2.19.2.jar;C:\Users\Ritej\.m2\repository\org\springframework\boot\spring-boot-starter-tomcat\3.5.4\spring-boot-starter-tomcat-3.5.4.jar;C:\Users\Ritej\.m2\repository\org\apache\tomcat\embed\tomcat-embed-core\10.1.43\tomcat-embed-core-10.1.43.jar;C:\Users\Ritej\.m2\repository\org\apache\tomcat\embed\tomcat-embed-el\10.1.43\tomcat-embed-el-10.1.43.jar;C:\Users\Ritej\.m2\repository\org\apache\tomcat\embed\tomcat-embed-websocket\10.1.43\tomcat-embed-websocket-10.1.43.jar;C:\Users\Ritej\.m2\repository\org\springframework\spring-web\6.2.9\spring-web-6.2.9.jar;C:\Users\Ritej\.m2\repository\io\micrometer\micrometer-observation\1.15.2\micrometer-observation-1.15.2.jar;C:\Users\Ritej\.m2\repository\io\micrometer\micrometer-commons\1.15.2\micrometer-commons-1.15.2.jar;C:\Users\Ritej\.m2\repository\org\springframework\spring-webmvc\6.2.9\spring-webmvc-6.2.9.jar;C:\Users\Ritej\.m2\repository\org\springframework\boot\spring-boot-devtools\3.5.4\spring-boot-devtools-3.5.4.jar;C:\Users\Ritej\.m2\repository\org\springframework\boot\spring-boot\3.5.4\spring-boot-3.5.4.jar;C:\Users\Ritej\.m2\repository\org\springframework\boot\spring-boot-autoconfigure\3.5.4\spring-boot-autoconfigure-3.5.4.jar;C:\Users\Ritej\.m2\repository\commons-io\commons-io\2.11.0\commons-io-2.11.0.jar;C:\Users\Ritej\.m2\repository\org\springframework\spring-core\6.2.9\spring-core-6.2.9.jar;C:\Users\Ritej\.m2\repository\org\springframework\spring-jcl\6.2.9\spring-jcl-6.2.9.jar
Launcher Type: SUN_STANDARD

[Global flags]
     intx CICompilerCount                          = 4                                         {product} {ergonomic}
     uint ConcGCThreads                            = 2                                         {product} {ergonomic}
     uint G1ConcRefinementThreads                  = 8                                         {product} {ergonomic}
   size_t G1HeapRegionSize                         = 1048576                                   {product} {ergonomic}
    uintx GCDrainStackTargetSize                   = 64                                        {product} {ergonomic}
   size_t InitialHeapSize                          = 130023424                                 {product} {ergonomic}
   size_t MarkStackSize                            = 4194304                                   {product} {ergonomic}
   size_t MaxHeapSize                              = 2078277632                                {product} {ergonomic}
   size_t MaxNewSize                               = 1246756864                                {product} {ergonomic}
   size_t MinHeapDeltaBytes                        = 1048576                                   {product} {ergonomic}
   size_t MinHeapSize                              = 8388608                                   {product} {ergonomic}
    uintx NonNMethodCodeHeapSize                   = 5839372                                {pd product} {ergonomic}
    uintx NonProfiledCodeHeapSize                  = 122909434                              {pd product} {ergonomic}
    uintx ProfiledCodeHeapSize                     = 122909434                              {pd product} {ergonomic}
    uintx ReservedCodeCacheSize                    = 251658240                              {pd product} {ergonomic}
     bool SegmentedCodeCache                       = true                                      {product} {ergonomic}
   size_t SoftMaxHeapSize                          = 2078277632                             {manageable} {ergonomic}
     bool UseCompressedClassPointers               = true                           {product lp64_product} {ergonomic}
     bool UseCompressedOops                        = true                           {product lp64_product} {ergonomic}
     bool UseG1GC                                  = true                                      {product} {ergonomic}
     bool UseLargePagesIndividualAllocation        = false                                  {pd product} {ergonomic}

Logging:
Log output configuration:
 #0: stdout all=warning uptime,level,tags foldmultilines=false
 #1: stderr all=off uptime,level,tags foldmultilines=false

Environment Variables:
JAVA_HOME=C:\Program Files\Java\jdk-17
PATH=C:\Program Files\MongoDB\Server\7.0\bin;C:\oraclexe\app\oracle\product\11.2.0\server\bin;"C:\xampp\php;C:\xampp\php;C:\Program Files\Common Files\Oracle\Java\javapath";C:\WINDOWS\system32;C:\WINDOWS;C:\WINDOWS\System32\Wbem;C:\WINDOWS\System32\WindowsPowerShell\v1.0\;C:\WINDOWS\System32\OpenSSH\;C:\ProgramData\chocolatey\bin;C:\Program Files\Java\jdk-17\bin;C:\Program Files\Docker\Docker\resources\bin;C:\Users\Ritej\AppData\Roaming\nvm;C:\Program Files\nodejs;C:\Users\Ritej\AppData\Local\Microsoft\WindowsApps\python.exe;C:\Users\Ritej\AppData\Local\Programs\Python\Launcher\;C:\Program Files\MongoDB\Server\7.0\bin;C:\Users\Ritej\AppData\Local\Microsoft\WindowsApps;C:\Users\Ritej\AppData\Local\JetBrains\PyCharm 2023.1\bin;;C:\Program Files\JetBrains\PyCharm Community Edition 2022.2.3\bin;;C:\Users\Ritej\AppData\Local\Programs\Microsoft VS Code\bin;C:\Users\Ritej\AppData\Roaming\npm;C:\Program Files\JetBrains\IntelliJ IDEA Community Edition 2024.1.4\bin;;C:\Users\Ritej\Desktop\jdk-19_windows-x64_bin\bin;C:\Users\Ritej\AppData\Local\JetBrains\IntelliJ IDEA 2024.1.4\bin;;C:\Users\Ritej\AppData\Roaming\nvm;C:\Program Files\nodejs;C:\Program Files\apache-maven-3.9.9\bin;C:\Users\Ritej\AppData\Local\Microsoft\WindowsApps\python.exe;
USERNAME=Ritej
OS=Windows_NT
PROCESSOR_IDENTIFIER=Intel64 Family 6 Model 140 Stepping 1, GenuineIntel
TMP=C:\Users\Ritej\AppData\Local\Temp
TEMP=C:\Users\Ritej\AppData\Local\Temp



---------------  S Y S T E M  ---------------

OS:
 Windows 11 , 64 bit Build 22621 (10.0.22621.4830)
OS uptime: 0 days 3:07 hours
Hyper-V role detected

CPU: total 8 (initial active 8) (4 cores per cpu, 2 threads per core) family 6 model 140 stepping 1 microcode 0xb8, cx8, cmov, fxsr, ht, mmx, 3dnowpref, sse, sse2, sse3, ssse3, sse4.1, sse4.2, popcnt, lzcnt, tsc, tscinvbit, avx, avx2, aes, erms, clmul, bmi1, bmi2, adx, avx512f, avx512dq, avx512cd, avx512bw, avx512vl, sha, fma, vzeroupper, avx512_vpopcntdq, avx512_vpclmulqdq, avx512_vaes, avx512_vnni, clflush, clflushopt, clwb, avx512_vbmi2, avx512_vbmi, hv, rdtscp, rdpid, fsrm, gfni, avx512_bitalg

Memory: 4k page, system-wide physical 7926M (463M free)
TotalPageFile size 14749M (AvailPageFile size 0M)
current process WorkingSet (physical memory assigned to process): 107M, peak: 210M
current process commit charge ("private bytes"): 287M, peak: 294M

vm_info: OpenJDK 64-Bit Server VM (19.0.2+7-FR) for windows-amd64 JRE (19.0.2+7-FR), built on Jan 13 2023 22:53:32 by "Administrator" with MS VC++ 15.9 (VS2017)

END.
