#
# There is insufficient memory for the Java Runtime Environment to continue.
# Native memory allocation (malloc) failed to allocate 423296 bytes for Chunk::new
# Possible reasons:
#   The system is out of physical RAM or swap space
#   The process is running with CompressedOops enabled, and the Java Heap may be blocking the growth of the native heap
# Possible solutions:
#   Reduce memory load on the system
#   Increase physical memory or swap space
#   Check if swap backing store is full
#   Decrease Java heap size (-Xmx/-Xms)
#   Decrease number of Java threads
#   Decrease Java thread stack sizes (-Xss)
#   Set larger code cache with -XX:ReservedCodeCacheSize=
#   JVM is running with Unscaled Compressed Oops mode in which the Java heap is
#     placed in the first 4GB address space. The Java Heap base address is the
#     maximum limit for the native heap growth. Please use -XX:HeapBaseMinAddress
#     to set the Java Heap base and to place the Java Heap above 4GB virtual address.
# This output file may be truncated or incomplete.
#
#  Out of Memory Error (arena.cpp:184), pid=10360, tid=25164
#
# JRE version: OpenJDK Runtime Environment Corretto-19.0.2.7.1 (19.0.2+7) (build 19.0.2+7-FR)
# Java VM: OpenJDK 64-Bit Server VM Corretto-19.0.2.7.1 (19.0.2+7-FR, mixed mode, sharing, tiered, compressed oops, compressed class ptrs, g1 gc, windows-amd64)
# No core dump will be written. Minidumps are not enabled by default on client versions of Windows
#

---------------  S U M M A R Y ------------

Command Line: -javaagent:C:\Program Files\JetBrains\IntelliJ IDEA Community Edition 2024.1.4\lib\idea_rt.jar=57742:C:\Program Files\JetBrains\IntelliJ IDEA Community Edition 2024.1.4\bin -Dfile.encoding=UTF-8 -Dsun.stdout.encoding=UTF-8 -Dsun.stderr.encoding=UTF-8 com.example.WSM.WsmApplication

Host: 11th Gen Intel(R) Core(TM) i5-1135G7 @ 2.40GHz, 8 cores, 7G,  Windows 11 , 64 bit Build 22621 (10.0.22621.4830)
Time: Wed Aug 27 22:22:23 2025 Afr. centrale Ouest elapsed time: 18.821533 seconds (0d 0h 0m 18s)

---------------  T H R E A D  ---------------

Current thread (0x000001cd7bbfbb80):  JavaThread "C2 CompilerThread0" daemon [_thread_in_native, id=25164, stack(0x000000a35a700000,0x000000a35a800000)]


Current CompileTask:
C2:  18821 5878       4       org.apache.coyote.http11.Http11InputBuffer::parseHeader (1001 bytes)

Stack: [0x000000a35a700000,0x000000a35a800000]
Native frames: (J=compiled Java code, j=interpreted, Vv=VM code, C=native code)
V  [jvm.dll+0x6d034a]
V  [jvm.dll+0x880f10]
V  [jvm.dll+0x88289e]
V  [jvm.dll+0x882f43]
V  [jvm.dll+0x27b4bb]
V  [jvm.dll+0xdd792]
V  [jvm.dll+0xddb25]
V  [jvm.dll+0x3b4a5b]
V  [jvm.dll+0x37c86a]
V  [jvm.dll+0x37bc5a]
V  [jvm.dll+0x2470ef]
V  [jvm.dll+0x2465a7]
V  [jvm.dll+0x1d4bb7]
V  [jvm.dll+0x25558a]
V  [jvm.dll+0x2538d7]
V  [jvm.dll+0x8342bd]
V  [jvm.dll+0x82e2fa]
V  [jvm.dll+0x6cf0d3]
C  [ucrtbase.dll+0x29333]
C  [KERNEL32.DLL+0x1259d]
C  [ntdll.dll+0x5af38]


---------------  P R O C E S S  ---------------

Threads class SMR info:
_java_thread_list=0x000001cd148fdf80, length=35, elements={
0x000001cd7bbe8910, 0x000001cd7bbe9500, 0x000001cd7bbed3b0, 0x000001cd7bbeede0,
0x000001cd7bbeffa0, 0x000001cd7bbf4660, 0x000001cd7bbfbb80, 0x000001cd7bbfe8b0,
0x000001cd1315bdd0, 0x000001cd1315c320, 0x000001cd1315c870, 0x000001cd1315b880,
0x000001cd14cf3030, 0x000001cd14cf5010, 0x000001cd14cf5560, 0x000001cd14cf4020,
0x000001cd14cf6550, 0x000001cd14cf7540, 0x000001cd14cf4ac0, 0x000001cd14cf3580,
0x000001cd14cf6000, 0x000001cd14cf6aa0, 0x000001cd14cf7a90, 0x000001cd14cf3ad0,
0x000001cd14cf1050, 0x000001cd14cf7fe0, 0x000001cd14cf1af0, 0x000001cd14cf8530,
0x000001cd14cf8a80, 0x000001cd14cf2590, 0x000001cd14cf4570, 0x000001cd14cf2040,
0x000001cd14cf2ae0, 0x000001cd1315e850, 0x000001cd14608520
}

Java Threads: ( => current thread )
  0x000001cd7bbe8910 JavaThread "Reference Handler" daemon [_thread_blocked, id=28356, stack(0x000000a35a100000,0x000000a35a200000)]
  0x000001cd7bbe9500 JavaThread "Finalizer" daemon [_thread_blocked, id=23184, stack(0x000000a35a200000,0x000000a35a300000)]
  0x000001cd7bbed3b0 JavaThread "Signal Dispatcher" daemon [_thread_blocked, id=27104, stack(0x000000a35a300000,0x000000a35a400000)]
  0x000001cd7bbeede0 JavaThread "Attach Listener" daemon [_thread_blocked, id=9488, stack(0x000000a35a400000,0x000000a35a500000)]
  0x000001cd7bbeffa0 JavaThread "Service Thread" daemon [_thread_blocked, id=20060, stack(0x000000a35a500000,0x000000a35a600000)]
  0x000001cd7bbf4660 JavaThread "Monitor Deflation Thread" daemon [_thread_blocked, id=22764, stack(0x000000a35a600000,0x000000a35a700000)]
=>0x000001cd7bbfbb80 JavaThread "C2 CompilerThread0" daemon [_thread_in_native, id=25164, stack(0x000000a35a700000,0x000000a35a800000)]
  0x000001cd7bbfe8b0 JavaThread "C1 CompilerThread0" daemon [_thread_blocked, id=2760, stack(0x000000a35a800000,0x000000a35a900000)]
  0x000001cd1315bdd0 JavaThread "Sweeper thread" daemon [_thread_blocked, id=9936, stack(0x000000a35a900000,0x000000a35aa00000)]
  0x000001cd1315c320 JavaThread "Common-Cleaner" daemon [_thread_blocked, id=5580, stack(0x000000a35aa00000,0x000000a35ab00000)]
  0x000001cd1315c870 JavaThread "Monitor Ctrl-Break" daemon [_thread_in_native, id=18700, stack(0x000000a35ab00000,0x000000a35ac00000)]
  0x000001cd1315b880 JavaThread "Notification Thread" daemon [_thread_blocked, id=12772, stack(0x000000a35ac00000,0x000000a35ad00000)]
  0x000001cd14cf3030 JavaThread "Catalina-utility-1" [_thread_blocked, id=2308, stack(0x000000a35b900000,0x000000a35ba00000)]
  0x000001cd14cf5010 JavaThread "Catalina-utility-2" [_thread_blocked, id=3780, stack(0x000000a35ba00000,0x000000a35bb00000)]
  0x000001cd14cf5560 JavaThread "container-0" [_thread_blocked, id=18836, stack(0x000000a35bb00000,0x000000a35bc00000)]
  0x000001cd14cf4020 JavaThread "BufferPoolPruner-1-thread-1" daemon [_thread_blocked, id=15404, stack(0x000000a35bc00000,0x000000a35bd00000)]
  0x000001cd14cf6550 JavaThread "cluster-ClusterId{value='68af770063dc0fbaa42aac80', description='null'}-localhost:27017" daemon [_thread_in_native, id=3636, stack(0x000000a35bd00000,0x000000a35be00000)]
  0x000001cd14cf7540 JavaThread "cluster-rtt-ClusterId{value='68af770063dc0fbaa42aac80', description='null'}-localhost:27017" daemon [_thread_blocked, id=14388, stack(0x000000a35bf00000,0x000000a35c000000)]
  0x000001cd14cf4ac0 JavaThread "MaintenanceTimer-2-thread-1" daemon [_thread_blocked, id=4196, stack(0x000000a35c000000,0x000000a35c100000)]
  0x000001cd14cf3580 JavaThread "Live Reload Server" daemon [_thread_in_native, id=13460, stack(0x000000a35c200000,0x000000a35c300000)]
  0x000001cd14cf6000 JavaThread "File Watcher" daemon [_thread_blocked, id=11508, stack(0x000000a35c100000,0x000000a35c200000)]
  0x000001cd14cf6aa0 JavaThread "http-nio-8080-exec-1" daemon [_thread_blocked, id=8504, stack(0x000000a35c300000,0x000000a35c400000)]
  0x000001cd14cf7a90 JavaThread "http-nio-8080-exec-2" daemon [_thread_blocked, id=25820, stack(0x000000a35c400000,0x000000a35c500000)]
  0x000001cd14cf3ad0 JavaThread "http-nio-8080-exec-3" daemon [_thread_in_Java, id=8076, stack(0x000000a35c500000,0x000000a35c600000)]
  0x000001cd14cf1050 JavaThread "http-nio-8080-exec-4" daemon [_thread_blocked, id=9840, stack(0x000000a35c600000,0x000000a35c700000)]
  0x000001cd14cf7fe0 JavaThread "http-nio-8080-exec-5" daemon [_thread_blocked, id=26076, stack(0x000000a35c700000,0x000000a35c800000)]
  0x000001cd14cf1af0 JavaThread "http-nio-8080-exec-6" daemon [_thread_blocked, id=23748, stack(0x000000a35c800000,0x000000a35c900000)]
  0x000001cd14cf8530 JavaThread "http-nio-8080-exec-7" daemon [_thread_blocked, id=10932, stack(0x000000a35c900000,0x000000a35ca00000)]
  0x000001cd14cf8a80 JavaThread "http-nio-8080-exec-8" daemon [_thread_blocked, id=8536, stack(0x000000a35ca00000,0x000000a35cb00000)]
  0x000001cd14cf2590 JavaThread "http-nio-8080-exec-9" daemon [_thread_in_Java, id=27204, stack(0x000000a35cb00000,0x000000a35cc00000)]
  0x000001cd14cf4570 JavaThread "http-nio-8080-exec-10" daemon [_thread_in_Java, id=10364, stack(0x000000a35cc00000,0x000000a35cd00000)]
  0x000001cd14cf2040 JavaThread "http-nio-8080-Poller" daemon [_thread_in_native, id=284, stack(0x000000a35cd00000,0x000000a35ce00000)]
  0x000001cd14cf2ae0 JavaThread "http-nio-8080-Acceptor" daemon [_thread_in_native, id=9440, stack(0x000000a35ce00000,0x000000a35cf00000)]
  0x000001cd1315e850 JavaThread "DestroyJavaVM" [_thread_blocked, id=13488, stack(0x000000a359a00000,0x000000a359b00000)]
  0x000001cd14608520 JavaThread "C2 CompilerThread1" daemon [_thread_in_native, id=9132, stack(0x000000a35ae00000,0x000000a35af00000)]

Other Threads:
  0x000001cd7bbccb30 VMThread "VM Thread" [stack: 0x000000a35a000000,0x000000a35a100000] [id=27076]
  0x000001cd134f1010 WatcherThread "VM Periodic Task Thread" [stack: 0x000000a35ad00000,0x000000a35ae00000] [id=1912]
  0x000001cd6c66c490 WorkerThread "GC Thread#0" [stack: 0x000000a359b00000,0x000000a359c00000] [id=24832]
  0x000001cd13870760 WorkerThread "GC Thread#1" [stack: 0x000000a35b000000,0x000000a35b100000] [id=3628]
  0x000001cd1395f590 WorkerThread "GC Thread#2" [stack: 0x000000a35b100000,0x000000a35b200000] [id=11316]
  0x000001cd13d89170 WorkerThread "GC Thread#3" [stack: 0x000000a35b200000,0x000000a35b300000] [id=23244]
  0x000001cd13d898c0 WorkerThread "GC Thread#4" [stack: 0x000000a35b300000,0x000000a35b400000] [id=1704]
  0x000001cd13cdaa20 WorkerThread "GC Thread#5" [stack: 0x000000a35b400000,0x000000a35b500000] [id=2820]
  0x000001cd13cd90d0 WorkerThread "GC Thread#6" [stack: 0x000000a35b600000,0x000000a35b700000] [id=26176]
  0x000001cd13cd9ee0 WorkerThread "GC Thread#7" [stack: 0x000000a35b700000,0x000000a35b800000] [id=11136]
  0x000001cd6c67dd60 ConcurrentGCThread "G1 Main Marker" [stack: 0x000000a359c00000,0x000000a359d00000] [id=17756]
  0x000001cd6c67efd0 WorkerThread "G1 Conc#0" [stack: 0x000000a359d00000,0x000000a359e00000] [id=26232]
  0x000001cd13cd93a0 WorkerThread "G1 Conc#1" [stack: 0x000000a35b800000,0x000000a35b900000] [id=22736]
  0x000001cd7ba863f0 ConcurrentGCThread "G1 Refine#0" [stack: 0x000000a359e00000,0x000000a359f00000] [id=26932]
  0x000001cd7ba86e40 ConcurrentGCThread "G1 Service" [stack: 0x000000a359f00000,0x000000a35a000000] [id=16600]

Threads with active compile tasks:
C2 CompilerThread0    18893 5878       4       org.apache.coyote.http11.Http11InputBuffer::parseHeader (1001 bytes)
C1 CompilerThread0    18893 6035       3       org.springframework.web.servlet.HandlerInterceptor::afterCompletion (1 bytes)
C2 CompilerThread1    18893 5884       4       org.bson.BsonBinaryReader::readBsonType (349 bytes)

VM state: not at safepoint (normal execution)

VM Mutex/Monitor currently owned by a thread: None

Heap address: 0x0000000084200000, size: 1982 MB, Compressed Oops mode: 32-bit

CDS archive(s) mapped at: [0x0000000800000000-0x0000000800c40000-0x0000000800c40000), size 12845056, SharedBaseAddress: 0x0000000800000000, ArchiveRelocationMode: 0.
Compressed class space mapped at: 0x0000000801000000-0x0000000841000000, reserved size: 1073741824
Narrow klass base: 0x0000000800000000, Narrow klass shift: 0, Narrow klass range: 0x100000000

GC Precious Log:
 CardTable entry size: 512
 Card Set container configuration: InlinePtr #cards 5 size 8 Array Of Cards #cards 12 size 40 Howl #buckets 4 coarsen threshold 1843 Howl Bitmap #cards 512 size 80 coarsen threshold 460 Card regions per heap region 1 cards per card region 2048
 CPUs: 8 total, 8 available
 Memory: 7926M
 Large Page Support: Disabled
 NUMA Support: Disabled
 Compressed Oops: Enabled (32-bit)
 Heap Region Size: 1M
 Heap Min Capacity: 8M
 Heap Initial Capacity: 124M
 Heap Max Capacity: 1982M
 Pre-touch: Disabled
 Parallel Workers: 8
 Concurrent Workers: 2
 Concurrent Refinement Workers: 8
 Periodic GC: Disabled

Heap:
 garbage-first heap   total 93184K, used 29250K [0x0000000084200000, 0x0000000100000000)
  region size 1024K, 9 young (9216K), 2 survivors (2048K)
 Metaspace       used 43033K, committed 43648K, reserved 1114112K
  class space    used 5469K, committed 5760K, reserved 1048576K

Heap Regions: E=young(eden), S=young(survivor), O=old, HS=humongous(starts), HC=humongous(continues), CS=collection set, F=free, OA=open archive, CA=closed archive, TAMS=top-at-mark-start (previous, next)
|   0|0x0000000084200000, 0x0000000084300000, 0x0000000084300000|100%| O|  |TAMS 0x0000000084300000, 0x0000000084200000| Untracked 
|   1|0x0000000084300000, 0x0000000084400000, 0x0000000084400000|100%| O|  |TAMS 0x0000000084400000, 0x0000000084300000| Untracked 
|   2|0x0000000084400000, 0x0000000084500000, 0x0000000084500000|100%| O|  |TAMS 0x0000000084500000, 0x0000000084400000| Untracked 
|   3|0x0000000084500000, 0x0000000084600000, 0x0000000084600000|100%| O|  |TAMS 0x0000000084600000, 0x0000000084500000| Untracked 
|   4|0x0000000084600000, 0x0000000084700000, 0x0000000084700000|100%| O|  |TAMS 0x0000000084700000, 0x0000000084600000| Untracked 
|   5|0x0000000084700000, 0x0000000084800000, 0x0000000084800000|100%| O|  |TAMS 0x0000000084800000, 0x0000000084700000| Untracked 
|   6|0x0000000084800000, 0x0000000084900000, 0x0000000084900000|100%| O|  |TAMS 0x0000000084800000, 0x0000000084800000| Untracked 
|   7|0x0000000084900000, 0x0000000084a00000, 0x0000000084a00000|100%| O|  |TAMS 0x0000000084a00000, 0x0000000084900000| Untracked 
|   8|0x0000000084a00000, 0x0000000084b00000, 0x0000000084b00000|100%| O|  |TAMS 0x0000000084b00000, 0x0000000084a00000| Untracked 
|   9|0x0000000084b00000, 0x0000000084c00000, 0x0000000084c00000|100%| O|  |TAMS 0x0000000084c00000, 0x0000000084b00000| Untracked 
|  10|0x0000000084c00000, 0x0000000084d00000, 0x0000000084d00000|100%| O|  |TAMS 0x0000000084d00000, 0x0000000084c00000| Untracked 
|  11|0x0000000084d00000, 0x0000000084e00000, 0x0000000084e00000|100%| O|  |TAMS 0x0000000084e00000, 0x0000000084d00000| Untracked 
|  12|0x0000000084e00000, 0x0000000084f00000, 0x0000000084f00000|100%| O|  |TAMS 0x0000000084f00000, 0x0000000084e00000| Untracked 
|  13|0x0000000084f00000, 0x0000000085000000, 0x0000000085000000|100%| O|  |TAMS 0x0000000085000000, 0x0000000084f00000| Untracked 
|  14|0x0000000085000000, 0x0000000085100000, 0x0000000085100000|100%| O|  |TAMS 0x0000000085100000, 0x0000000085000000| Untracked 
|  15|0x0000000085100000, 0x0000000085100000, 0x0000000085200000|  0%| F|  |TAMS 0x0000000085100000, 0x0000000085100000| Untracked 
|  16|0x0000000085200000, 0x0000000085300000, 0x0000000085300000|100%| O|  |TAMS 0x0000000085296c00, 0x0000000085200000| Untracked 
|  17|0x0000000085300000, 0x0000000085400000, 0x0000000085400000|100%| O|  |TAMS 0x0000000085300000, 0x0000000085300000| Untracked 
|  18|0x0000000085400000, 0x0000000085500000, 0x0000000085500000|100%| O|  |TAMS 0x0000000085400000, 0x0000000085400000| Untracked 
|  19|0x0000000085500000, 0x0000000085600000, 0x0000000085600000|100%| O|  |TAMS 0x0000000085500000, 0x0000000085500000| Untracked 
|  20|0x0000000085600000, 0x0000000085700000, 0x0000000085700000|100%| O|  |TAMS 0x0000000085600000, 0x0000000085600000| Untracked 
|  21|0x0000000085700000, 0x00000000857c9a00, 0x0000000085800000| 78%| O|  |TAMS 0x0000000085700000, 0x0000000085700000| Untracked 
|  22|0x0000000085800000, 0x0000000085800000, 0x0000000085900000|  0%| F|  |TAMS 0x0000000085800000, 0x0000000085800000| Untracked 
|  23|0x0000000085900000, 0x0000000085900000, 0x0000000085a00000|  0%| F|  |TAMS 0x0000000085900000, 0x0000000085900000| Untracked 
|  24|0x0000000085a00000, 0x0000000085a00000, 0x0000000085b00000|  0%| F|  |TAMS 0x0000000085a00000, 0x0000000085a00000| Untracked 
|  25|0x0000000085b00000, 0x0000000085b00000, 0x0000000085c00000|  0%| F|  |TAMS 0x0000000085b00000, 0x0000000085b00000| Untracked 
|  26|0x0000000085c00000, 0x0000000085c00000, 0x0000000085d00000|  0%| F|  |TAMS 0x0000000085c00000, 0x0000000085c00000| Untracked 
|  27|0x0000000085d00000, 0x0000000085d00000, 0x0000000085e00000|  0%| F|  |TAMS 0x0000000085d00000, 0x0000000085d00000| Untracked 
|  28|0x0000000085e00000, 0x0000000085e00000, 0x0000000085f00000|  0%| F|  |TAMS 0x0000000085e00000, 0x0000000085e00000| Untracked 
|  29|0x0000000085f00000, 0x0000000085f00000, 0x0000000086000000|  0%| F|  |TAMS 0x0000000085f00000, 0x0000000085f00000| Untracked 
|  30|0x0000000086000000, 0x00000000860c7040, 0x0000000086100000| 77%| S|CS|TAMS 0x0000000086000000, 0x0000000086000000| Complete 
|  31|0x0000000086100000, 0x0000000086200000, 0x0000000086200000|100%| S|CS|TAMS 0x0000000086100000, 0x0000000086100000| Complete 
|  32|0x0000000086200000, 0x0000000086200000, 0x0000000086300000|  0%| F|  |TAMS 0x0000000086200000, 0x0000000086200000| Untracked 
|  33|0x0000000086300000, 0x0000000086300000, 0x0000000086400000|  0%| F|  |TAMS 0x0000000086300000, 0x0000000086300000| Untracked 
|  34|0x0000000086400000, 0x0000000086400000, 0x0000000086500000|  0%| F|  |TAMS 0x0000000086400000, 0x0000000086400000| Untracked 
|  35|0x0000000086500000, 0x0000000086500000, 0x0000000086600000|  0%| F|  |TAMS 0x0000000086500000, 0x0000000086500000| Untracked 
|  36|0x0000000086600000, 0x0000000086600000, 0x0000000086700000|  0%| F|  |TAMS 0x0000000086600000, 0x0000000086600000| Untracked 
|  37|0x0000000086700000, 0x0000000086700000, 0x0000000086800000|  0%| F|  |TAMS 0x0000000086700000, 0x0000000086700000| Untracked 
|  38|0x0000000086800000, 0x0000000086800000, 0x0000000086900000|  0%| F|  |TAMS 0x0000000086800000, 0x0000000086800000| Untracked 
|  39|0x0000000086900000, 0x0000000086900000, 0x0000000086a00000|  0%| F|  |TAMS 0x0000000086900000, 0x0000000086900000| Untracked 
|  40|0x0000000086a00000, 0x0000000086a00000, 0x0000000086b00000|  0%| F|  |TAMS 0x0000000086a00000, 0x0000000086a00000| Untracked 
|  41|0x0000000086b00000, 0x0000000086b00000, 0x0000000086c00000|  0%| F|  |TAMS 0x0000000086b00000, 0x0000000086b00000| Untracked 
|  42|0x0000000086c00000, 0x0000000086c00000, 0x0000000086d00000|  0%| F|  |TAMS 0x0000000086c00000, 0x0000000086c00000| Untracked 
|  43|0x0000000086d00000, 0x0000000086d00000, 0x0000000086e00000|  0%| F|  |TAMS 0x0000000086d00000, 0x0000000086d00000| Untracked 
|  44|0x0000000086e00000, 0x0000000086e00000, 0x0000000086f00000|  0%| F|  |TAMS 0x0000000086e00000, 0x0000000086e00000| Untracked 
|  45|0x0000000086f00000, 0x0000000086f00000, 0x0000000087000000|  0%| F|  |TAMS 0x0000000086f00000, 0x0000000086f00000| Untracked 
|  46|0x0000000087000000, 0x0000000087000000, 0x0000000087100000|  0%| F|  |TAMS 0x0000000087000000, 0x0000000087000000| Untracked 
|  47|0x0000000087100000, 0x0000000087100000, 0x0000000087200000|  0%| F|  |TAMS 0x0000000087100000, 0x0000000087100000| Untracked 
|  48|0x0000000087200000, 0x0000000087200000, 0x0000000087300000|  0%| F|  |TAMS 0x0000000087200000, 0x0000000087200000| Untracked 
|  49|0x0000000087300000, 0x0000000087300000, 0x0000000087400000|  0%| F|  |TAMS 0x0000000087300000, 0x0000000087300000| Untracked 
|  50|0x0000000087400000, 0x0000000087400000, 0x0000000087500000|  0%| F|  |TAMS 0x0000000087400000, 0x0000000087400000| Untracked 
|  51|0x0000000087500000, 0x0000000087500000, 0x0000000087600000|  0%| F|  |TAMS 0x0000000087500000, 0x0000000087500000| Untracked 
|  52|0x0000000087600000, 0x0000000087600000, 0x0000000087700000|  0%| F|  |TAMS 0x0000000087600000, 0x0000000087600000| Untracked 
|  53|0x0000000087700000, 0x0000000087700000, 0x0000000087800000|  0%| F|  |TAMS 0x0000000087700000, 0x0000000087700000| Untracked 
|  54|0x0000000087800000, 0x0000000087800000, 0x0000000087900000|  0%| F|  |TAMS 0x0000000087800000, 0x0000000087800000| Untracked 
|  55|0x0000000087900000, 0x0000000087900000, 0x0000000087a00000|  0%| F|  |TAMS 0x0000000087900000, 0x0000000087900000| Untracked 
|  56|0x0000000087a00000, 0x0000000087a00000, 0x0000000087b00000|  0%| F|  |TAMS 0x0000000087a00000, 0x0000000087a00000| Untracked 
|  57|0x0000000087b00000, 0x0000000087b00000, 0x0000000087c00000|  0%| F|  |TAMS 0x0000000087b00000, 0x0000000087b00000| Untracked 
|  58|0x0000000087c00000, 0x0000000087c00000, 0x0000000087d00000|  0%| F|  |TAMS 0x0000000087c00000, 0x0000000087c00000| Untracked 
|  59|0x0000000087d00000, 0x0000000087d00000, 0x0000000087e00000|  0%| F|  |TAMS 0x0000000087d00000, 0x0000000087d00000| Untracked 
|  60|0x0000000087e00000, 0x0000000087e00000, 0x0000000087f00000|  0%| F|  |TAMS 0x0000000087e00000, 0x0000000087e00000| Untracked 
|  61|0x0000000087f00000, 0x0000000087f00000, 0x0000000088000000|  0%| F|  |TAMS 0x0000000087f00000, 0x0000000087f00000| Untracked 
|  62|0x0000000088000000, 0x0000000088000000, 0x0000000088100000|  0%| F|  |TAMS 0x0000000088000000, 0x0000000088000000| Untracked 
|  63|0x0000000088100000, 0x0000000088100000, 0x0000000088200000|  0%| F|  |TAMS 0x0000000088100000, 0x0000000088100000| Untracked 
|  64|0x0000000088200000, 0x0000000088200000, 0x0000000088300000|  0%| F|  |TAMS 0x0000000088200000, 0x0000000088200000| Untracked 
|  65|0x0000000088300000, 0x0000000088300000, 0x0000000088400000|  0%| F|  |TAMS 0x0000000088300000, 0x0000000088300000| Untracked 
|  66|0x0000000088400000, 0x0000000088400000, 0x0000000088500000|  0%| F|  |TAMS 0x0000000088400000, 0x0000000088400000| Untracked 
|  67|0x0000000088500000, 0x0000000088500000, 0x0000000088600000|  0%| F|  |TAMS 0x0000000088500000, 0x0000000088500000| Untracked 
|  68|0x0000000088600000, 0x0000000088600000, 0x0000000088700000|  0%| F|  |TAMS 0x0000000088600000, 0x0000000088600000| Untracked 
|  69|0x0000000088700000, 0x0000000088700000, 0x0000000088800000|  0%| F|  |TAMS 0x0000000088700000, 0x0000000088700000| Untracked 
|  70|0x0000000088800000, 0x0000000088800000, 0x0000000088900000|  0%| F|  |TAMS 0x0000000088800000, 0x0000000088800000| Untracked 
|  71|0x0000000088900000, 0x0000000088900000, 0x0000000088a00000|  0%| F|  |TAMS 0x0000000088900000, 0x0000000088900000| Untracked 
|  72|0x0000000088a00000, 0x0000000088a00000, 0x0000000088b00000|  0%| F|  |TAMS 0x0000000088a00000, 0x0000000088a00000| Untracked 
|  73|0x0000000088b00000, 0x0000000088b00000, 0x0000000088c00000|  0%| F|  |TAMS 0x0000000088b00000, 0x0000000088b00000| Untracked 
|  74|0x0000000088c00000, 0x0000000088c00000, 0x0000000088d00000|  0%| F|  |TAMS 0x0000000088c00000, 0x0000000088c00000| Untracked 
|  75|0x0000000088d00000, 0x0000000088d00000, 0x0000000088e00000|  0%| F|  |TAMS 0x0000000088d00000, 0x0000000088d00000| Untracked 
|  76|0x0000000088e00000, 0x0000000088e00000, 0x0000000088f00000|  0%| F|  |TAMS 0x0000000088e00000, 0x0000000088e00000| Untracked 
|  77|0x0000000088f00000, 0x0000000088f00000, 0x0000000089000000|  0%| F|  |TAMS 0x0000000088f00000, 0x0000000088f00000| Untracked 
|  78|0x0000000089000000, 0x0000000089000000, 0x0000000089100000|  0%| F|  |TAMS 0x0000000089000000, 0x0000000089000000| Untracked 
|  79|0x0000000089100000, 0x0000000089100000, 0x0000000089200000|  0%| F|  |TAMS 0x0000000089100000, 0x0000000089100000| Untracked 
|  80|0x0000000089200000, 0x0000000089200000, 0x0000000089300000|  0%| F|  |TAMS 0x0000000089200000, 0x0000000089200000| Untracked 
|  81|0x0000000089300000, 0x0000000089300000, 0x0000000089400000|  0%| F|  |TAMS 0x0000000089300000, 0x0000000089300000| Untracked 
|  82|0x0000000089400000, 0x0000000089400000, 0x0000000089500000|  0%| F|  |TAMS 0x0000000089400000, 0x0000000089400000| Untracked 
|  83|0x0000000089500000, 0x0000000089500000, 0x0000000089600000|  0%| F|  |TAMS 0x0000000089500000, 0x0000000089500000| Untracked 
|  84|0x0000000089600000, 0x0000000089693590, 0x0000000089700000| 57%| E|  |TAMS 0x0000000089600000, 0x0000000089600000| Complete 
|  85|0x0000000089700000, 0x0000000089800000, 0x0000000089800000|100%| E|CS|TAMS 0x0000000089700000, 0x0000000089700000| Complete 
|  86|0x0000000089800000, 0x0000000089900000, 0x0000000089900000|100%| E|CS|TAMS 0x0000000089800000, 0x0000000089800000| Complete 
|  87|0x0000000089900000, 0x0000000089a00000, 0x0000000089a00000|100%| E|CS|TAMS 0x0000000089900000, 0x0000000089900000| Complete 
|  88|0x0000000089a00000, 0x0000000089b00000, 0x0000000089b00000|100%| E|CS|TAMS 0x0000000089a00000, 0x0000000089a00000| Complete 
|  89|0x0000000089b00000, 0x0000000089c00000, 0x0000000089c00000|100%| E|CS|TAMS 0x0000000089b00000, 0x0000000089b00000| Complete 
| 123|0x000000008bd00000, 0x000000008be00000, 0x000000008be00000|100%| E|CS|TAMS 0x000000008bd00000, 0x000000008bd00000| Complete 

Card table byte_map: [0x000001cd74ef0000,0x000001cd752d0000] _byte_map_base: 0x000001cd74acf000

Marking Bits (Prev, Next): (CMBitMap*) 0x000001cd6c66dad0, (CMBitMap*) 0x000001cd6c66db10
 Prev Bits: [0x000001cd756b0000, 0x000001cd775a8000)
 Next Bits: [0x000001cd775b0000, 0x000001cd794a8000)

Polling page: 0x000001cd6a5b0000

Metaspace:

Usage:
  Non-class:     36.69 MB used.
      Class:      5.34 MB used.
       Both:     42.03 MB used.

Virtual space:
  Non-class space:       64.00 MB reserved,      37.00 MB ( 58%) committed,  1 nodes.
      Class space:        1.00 GB reserved,       5.63 MB ( <1%) committed,  1 nodes.
             Both:        1.06 GB reserved,      42.63 MB (  4%) committed. 

Chunk freelists:
   Non-Class:  2.69 MB
       Class:  2.40 MB
        Both:  5.09 MB

MaxMetaspaceSize: unlimited
CompressedClassSpaceSize: 1.00 GB
Initial GC threshold: 21.00 MB
Current GC threshold: 58.75 MB
CDS: on
MetaspaceReclaimPolicy: balanced
 - commit_granule_bytes: 65536.
 - commit_granule_words: 8192.
 - virtual_space_node_default_size: 8388608.
 - enlarge_chunks_in_place: 1.
 - new_chunks_are_fully_committed: 0.
 - uncommit_free_chunks: 1.
 - use_allocation_guard: 0.


Internal statistics:

num_allocs_failed_limit: 6.
num_arena_births: 852.
num_arena_deaths: 0.
num_vsnodes_births: 2.
num_vsnodes_deaths: 0.
num_space_committed: 682.
num_space_uncommitted: 0.
num_chunks_returned_to_freelist: 6.
num_chunks_taken_from_freelist: 2389.
num_chunk_merges: 6.
num_chunk_splits: 1687.
num_chunks_enlarged: 1317.
num_inconsistent_stats: 0.

CodeHeap 'non-profiled nmethods': size=120000Kb used=2583Kb max_used=2776Kb free=117416Kb
 bounds [0x000001cd07ad0000, 0x000001cd07d90000, 0x000001cd0f000000]
CodeHeap 'profiled nmethods': size=120000Kb used=10032Kb max_used=10860Kb free=109967Kb
 bounds [0x000001cd00000000, 0x000001cd00aa0000, 0x000001cd07530000]
CodeHeap 'non-nmethods': size=5760Kb used=1371Kb max_used=1430Kb free=4388Kb
 bounds [0x000001cd07530000, 0x000001cd077a0000, 0x000001cd07ad0000]
 total_blobs=5806 nmethods=5215 adapters=501
 compilation: enabled
              stopped_count=0, restarted_count=0
 full_count=0

Compilation events (20 events):
Event: 18.803 Thread 0x000001cd7bbfe8b0 nmethod 5899 0x000001cd07c7d290 code [0x000001cd07c7d420, 0x000001cd07c7d4d8]
Event: 18.803 Thread 0x000001cd7bbfe8b0 5900       1       org.springframework.data.projection.EntityProjection::isProjection (5 bytes)
Event: 18.803 Thread 0x000001cd7bbfe8b0 nmethod 5900 0x000001cd07c7cf90 code [0x000001cd07c7d120, 0x000001cd07c7d1f8]
Event: 18.803 Thread 0x000001cd7bbfe8b0 5901       3       java.util.regex.Pattern::escape (1327 bytes)
Event: 18.808 Thread 0x000001cd7bbfe8b0 nmethod 5901 0x000001cd00695510 code [0x000001cd00696080, 0x000001cd0069d368]
Event: 18.808 Thread 0x000001cd7bbfe8b0 5904       3       java.util.concurrent.ConcurrentLinkedDeque::last (65 bytes)
Event: 18.809 Thread 0x000001cd7bbfe8b0 nmethod 5904 0x000001cd0007b990 code [0x000001cd0007bc40, 0x000001cd0007ca78]
Event: 18.809 Thread 0x000001cd7bbfe8b0 5905       3       org.springframework.util.ConcurrentLruCache$EvictionQueue::linkLast (33 bytes)
Event: 18.809 Thread 0x000001cd7bbfe8b0 nmethod 5905 0x000001cd0007b390 code [0x000001cd0007b540, 0x000001cd0007b878]
Event: 18.809 Thread 0x000001cd7bbfe8b0 5906       3       java.nio.ByteBuffer::put (124 bytes)
Event: 18.810 Thread 0x000001cd7bbfe8b0 nmethod 5906 0x000001cd0015c010 code [0x000001cd0015c240, 0x000001cd0015cac8]
Event: 18.810 Thread 0x000001cd7bbfe8b0 5903       3       org.bson.codecs.EncoderContext$Builder::<init> (5 bytes)
Event: 18.810 Thread 0x000001cd7bbfe8b0 nmethod 5903 0x000001cd0007ad10 code [0x000001cd0007aec0, 0x000001cd0007b018]
Event: 18.811 Thread 0x000001cd7bbfe8b0 5907       3       java.nio.channels.spi.AbstractSelector::isOpen (13 bytes)
Event: 18.811 Thread 0x000001cd7bbfe8b0 nmethod 5907 0x000001cd000b8d90 code [0x000001cd000b8f20, 0x000001cd000b9098]
Event: 18.811 Thread 0x000001cd7bbfe8b0 5908       3       java.util.Comparator$$Lambda$1229/0x0000000801367418::compare (16 bytes)
Event: 18.812 Thread 0x000001cd7bbfe8b0 nmethod 5908 0x000001cd000c8a10 code [0x000001cd000c8be0, 0x000001cd000c9058]
Event: 18.812 Thread 0x000001cd7bbfe8b0 5909   !   3       org.apache.tomcat.util.http.parser.HttpParser::isNumeric (9 bytes)
Event: 18.812 Thread 0x000001cd7bbfe8b0 nmethod 5909 0x000001cd000c8610 code [0x000001cd000c87c0, 0x000001cd000c8938]
Event: 18.815 Thread 0x000001cd7bbfe8b0 5911   !   3       org.springframework.http.server.ServletServerHttpRequest::getHeaders (283 bytes)

GC Heap History (20 events):
Event: 2.011 GC heap before
{Heap before GC invocations=1 (full 0):
 garbage-first heap   total 126976K, used 35403K [0x0000000084200000, 0x0000000100000000)
  region size 1024K, 32 young (32768K), 3 survivors (3072K)
 Metaspace       used 13136K, committed 13504K, reserved 1114112K
  class space    used 1549K, committed 1728K, reserved 1048576K
}
Event: 2.018 GC heap after
{Heap after GC invocations=2 (full 0):
 garbage-first heap   total 126976K, used 9569K [0x0000000084200000, 0x0000000100000000)
  region size 1024K, 3 young (3072K), 3 survivors (3072K)
 Metaspace       used 13136K, committed 13504K, reserved 1114112K
  class space    used 1549K, committed 1728K, reserved 1048576K
}
Event: 3.097 GC heap before
{Heap before GC invocations=2 (full 0):
 garbage-first heap   total 126976K, used 54625K [0x0000000084200000, 0x0000000100000000)
  region size 1024K, 49 young (50176K), 3 survivors (3072K)
 Metaspace       used 21124K, committed 21504K, reserved 1114112K
  class space    used 2548K, committed 2752K, reserved 1048576K
}
Event: 3.105 GC heap after
{Heap after GC invocations=3 (full 0):
 garbage-first heap   total 126976K, used 13297K [0x0000000084200000, 0x0000000100000000)
  region size 1024K, 7 young (7168K), 7 survivors (7168K)
 Metaspace       used 21124K, committed 21504K, reserved 1114112K
  class space    used 2548K, committed 2752K, reserved 1048576K
}
Event: 3.802 GC heap before
{Heap before GC invocations=4 (full 0):
 garbage-first heap   total 51200K, used 36849K [0x0000000084200000, 0x0000000100000000)
  region size 1024K, 30 young (30720K), 7 survivors (7168K)
 Metaspace       used 25754K, committed 26240K, reserved 1114112K
  class space    used 3194K, committed 3392K, reserved 1048576K
}
Event: 3.810 GC heap after
{Heap after GC invocations=5 (full 0):
 garbage-first heap   total 51200K, used 15698K [0x0000000084200000, 0x0000000100000000)
  region size 1024K, 3 young (3072K), 3 survivors (3072K)
 Metaspace       used 25754K, committed 26240K, reserved 1114112K
  class space    used 3194K, committed 3392K, reserved 1048576K
}
Event: 3.838 GC heap before
{Heap before GC invocations=5 (full 0):
 garbage-first heap   total 51200K, used 16722K [0x0000000084200000, 0x0000000100000000)
  region size 1024K, 4 young (4096K), 3 survivors (3072K)
 Metaspace       used 25969K, committed 26368K, reserved 1114112K
  class space    used 3217K, committed 3392K, reserved 1048576K
}
Event: 3.841 GC heap after
{Heap after GC invocations=6 (full 0):
 garbage-first heap   total 51200K, used 16293K [0x0000000084200000, 0x0000000100000000)
  region size 1024K, 1 young (1024K), 1 survivors (1024K)
 Metaspace       used 25969K, committed 26368K, reserved 1114112K
  class space    used 3217K, committed 3392K, reserved 1048576K
}
Event: 4.360 GC heap before
{Heap before GC invocations=6 (full 0):
 garbage-first heap   total 51200K, used 33701K [0x0000000084200000, 0x0000000100000000)
  region size 1024K, 19 young (19456K), 1 survivors (1024K)
 Metaspace       used 30126K, committed 30656K, reserved 1114112K
  class space    used 3721K, committed 3968K, reserved 1048576K
}
Event: 4.364 GC heap after
{Heap after GC invocations=7 (full 0):
 garbage-first heap   total 51200K, used 17180K [0x0000000084200000, 0x0000000100000000)
  region size 1024K, 2 young (2048K), 2 survivors (2048K)
 Metaspace       used 30126K, committed 30656K, reserved 1114112K
  class space    used 3721K, committed 3968K, reserved 1048576K
}
Event: 4.847 GC heap before
{Heap before GC invocations=7 (full 0):
 garbage-first heap   total 51200K, used 34588K [0x0000000084200000, 0x0000000100000000)
  region size 1024K, 20 young (20480K), 2 survivors (2048K)
 Metaspace       used 34144K, committed 34688K, reserved 1114112K
  class space    used 4357K, committed 4608K, reserved 1048576K
}
Event: 4.850 GC heap after
{Heap after GC invocations=8 (full 0):
 garbage-first heap   total 51200K, used 19035K [0x0000000084200000, 0x0000000100000000)
  region size 1024K, 3 young (3072K), 3 survivors (3072K)
 Metaspace       used 34144K, committed 34688K, reserved 1114112K
  class space    used 4357K, committed 4608K, reserved 1048576K
}
Event: 5.043 GC heap before
{Heap before GC invocations=8 (full 0):
 garbage-first heap   total 51200K, used 26203K [0x0000000084200000, 0x0000000100000000)
  region size 1024K, 11 young (11264K), 3 survivors (3072K)
 Metaspace       used 35431K, committed 35968K, reserved 1114112K
  class space    used 4526K, committed 4800K, reserved 1048576K
}
Event: 5.047 GC heap after
{Heap after GC invocations=9 (full 0):
 garbage-first heap   total 51200K, used 20168K [0x0000000084200000, 0x0000000100000000)
  region size 1024K, 2 young (2048K), 2 survivors (2048K)
 Metaspace       used 35431K, committed 35968K, reserved 1114112K
  class space    used 4526K, committed 4800K, reserved 1048576K
}
Event: 17.986 GC heap before
{Heap before GC invocations=10 (full 0):
 garbage-first heap   total 51200K, used 36552K [0x0000000084200000, 0x0000000100000000)
  region size 1024K, 19 young (19456K), 2 survivors (2048K)
 Metaspace       used 38482K, committed 39104K, reserved 1114112K
  class space    used 4943K, committed 5248K, reserved 1048576K
}
Event: 17.989 GC heap after
{Heap after GC invocations=11 (full 0):
 garbage-first heap   total 51200K, used 21748K [0x0000000084200000, 0x0000000100000000)
  region size 1024K, 3 young (3072K), 3 survivors (3072K)
 Metaspace       used 38482K, committed 39104K, reserved 1114112K
  class space    used 4943K, committed 5248K, reserved 1048576K
}
Event: 18.010 GC heap before
{Heap before GC invocations=11 (full 0):
 garbage-first heap   total 51200K, used 22772K [0x0000000084200000, 0x0000000100000000)
  region size 1024K, 4 young (4096K), 3 survivors (3072K)
 Metaspace       used 38815K, committed 39424K, reserved 1114112K
  class space    used 4973K, committed 5248K, reserved 1048576K
}
Event: 18.014 GC heap after
{Heap after GC invocations=12 (full 0):
 garbage-first heap   total 51200K, used 21734K [0x0000000084200000, 0x0000000100000000)
  region size 1024K, 1 young (1024K), 1 survivors (1024K)
 Metaspace       used 38815K, committed 39424K, reserved 1114112K
  class space    used 4973K, committed 5248K, reserved 1048576K
}
Event: 18.564 GC heap before
{Heap before GC invocations=12 (full 0):
 garbage-first heap   total 51200K, used 38118K [0x0000000084200000, 0x0000000100000000)
  region size 1024K, 18 young (18432K), 1 survivors (1024K)
 Metaspace       used 42541K, committed 43200K, reserved 1114112K
  class space    used 5469K, committed 5760K, reserved 1048576K
}
Event: 18.567 GC heap after
{Heap after GC invocations=13 (full 0):
 garbage-first heap   total 93184K, used 23106K [0x0000000084200000, 0x0000000100000000)
  region size 1024K, 2 young (2048K), 2 survivors (2048K)
 Metaspace       used 42541K, committed 43200K, reserved 1114112K
  class space    used 5469K, committed 5760K, reserved 1048576K
}

Dll operation events (14 events):
Event: 0.019 Loaded shared library C:\Users\Ritej\.jdks\corretto-19.0.2\bin\java.dll
Event: 0.037 Loaded shared library C:\Users\Ritej\.jdks\corretto-19.0.2\bin\jsvml.dll
Event: 0.181 Loaded shared library C:\Users\Ritej\.jdks\corretto-19.0.2\bin\zip.dll
Event: 0.187 Loaded shared library C:\Users\Ritej\.jdks\corretto-19.0.2\bin\instrument.dll
Event: 0.197 Loaded shared library C:\Users\Ritej\.jdks\corretto-19.0.2\bin\net.dll
Event: 0.201 Loaded shared library C:\Users\Ritej\.jdks\corretto-19.0.2\bin\nio.dll
Event: 0.209 Loaded shared library C:\Users\Ritej\.jdks\corretto-19.0.2\bin\zip.dll
Event: 0.353 Loaded shared library C:\Program Files\JetBrains\IntelliJ IDEA Community Edition 2024.1.4\bin\breakgen64.dll
Event: 0.371 Loaded shared library C:\Users\Ritej\.jdks\corretto-19.0.2\bin\extnet.dll
Event: 0.428 Loaded shared library C:\Users\Ritej\.jdks\corretto-19.0.2\bin\jimage.dll
Event: 0.751 Loaded shared library C:\Users\Ritej\.jdks\corretto-19.0.2\bin\management.dll
Event: 0.758 Loaded shared library C:\Users\Ritej\.jdks\corretto-19.0.2\bin\management_ext.dll
Event: 2.306 Loaded shared library C:\Users\Ritej\.jdks\corretto-19.0.2\bin\sunmscapi.dll
Event: 18.298 Loaded shared library C:\Users\Ritej\.jdks\corretto-19.0.2\bin\verify.dll

Deoptimization events (20 events):
Event: 18.457 Thread 0x000001cd14cf3ad0 Uncommon trap: trap_request=0xffffff54 fr.pc=0x000001cd07b8764c relative=0x0000000000003d6c
Event: 18.457 Thread 0x000001cd14cf3ad0 Uncommon trap: reason=speculate_null_assert action=make_not_entrant pc=0x000001cd07b8764c method=java.lang.invoke.MethodType$ConcurrentWeakInternSet.add(Ljava/lang/Object;)Ljava/lang/Object; @ 47 c2
Event: 18.457 Thread 0x000001cd14cf3ad0 DEOPT PACKING pc=0x000001cd07b8764c sp=0x000000a35c5fbc00
Event: 18.457 Thread 0x000001cd14cf3ad0 DEOPT UNPACKING pc=0x000001cd0759a5a3 sp=0x000000a35c5fbba8 mode 2
Event: 18.461 Thread 0x000001cd14cf1af0 Uncommon trap: trap_request=0xffffffde fr.pc=0x000001cd07c31844 relative=0x0000000000000e04
Event: 18.461 Thread 0x000001cd14cf7fe0 Uncommon trap: trap_request=0xffffffde fr.pc=0x000001cd07c31844 relative=0x0000000000000e04
Event: 18.461 Thread 0x000001cd14cf7a90 Uncommon trap: trap_request=0xffffffde fr.pc=0x000001cd07c31844 relative=0x0000000000000e04
Event: 18.461 Thread 0x000001cd14cf1af0 Uncommon trap: reason=class_check action=maybe_recompile pc=0x000001cd07c31844 method=java.util.concurrent.ConcurrentHashMap.putVal(Ljava/lang/Object;Ljava/lang/Object;Z)Ljava/lang/Object; @ 159 c2
Event: 18.461 Thread 0x000001cd14cf7fe0 Uncommon trap: reason=class_check action=maybe_recompile pc=0x000001cd07c31844 method=java.util.concurrent.ConcurrentHashMap.putVal(Ljava/lang/Object;Ljava/lang/Object;Z)Ljava/lang/Object; @ 159 c2
Event: 18.461 Thread 0x000001cd14cf7a90 Uncommon trap: reason=class_check action=maybe_recompile pc=0x000001cd07c31844 method=java.util.concurrent.ConcurrentHashMap.putVal(Ljava/lang/Object;Ljava/lang/Object;Z)Ljava/lang/Object; @ 159 c2
Event: 18.461 Thread 0x000001cd14cf1af0 DEOPT PACKING pc=0x000001cd07c31844 sp=0x000000a35c8fc0d0
Event: 18.461 Thread 0x000001cd14cf7fe0 DEOPT PACKING pc=0x000001cd07c31844 sp=0x000000a35c7fc560
Event: 18.461 Thread 0x000001cd14cf1af0 DEOPT UNPACKING pc=0x000001cd0759a5a3 sp=0x000000a35c8fc050 mode 2
Event: 18.461 Thread 0x000001cd14cf7fe0 DEOPT UNPACKING pc=0x000001cd0759a5a3 sp=0x000000a35c7fc4e0 mode 2
Event: 18.461 Thread 0x000001cd14cf7a90 DEOPT PACKING pc=0x000001cd07c31844 sp=0x000000a35c4fbf80
Event: 18.461 Thread 0x000001cd14cf7a90 DEOPT UNPACKING pc=0x000001cd0759a5a3 sp=0x000000a35c4fbf00 mode 2
Event: 18.481 Thread 0x000001cd14cf7fe0 Uncommon trap: trap_request=0xffffff45 fr.pc=0x000001cd07c99800 relative=0x00000000000003a0
Event: 18.481 Thread 0x000001cd14cf7fe0 Uncommon trap: reason=unstable_if action=reinterpret pc=0x000001cd07c99800 method=java.lang.reflect.Executable.declaredAnnotations()Ljava/util/Map; @ 19 c2
Event: 18.482 Thread 0x000001cd14cf7fe0 DEOPT PACKING pc=0x000001cd07c99800 sp=0x000000a35c7fbf00
Event: 18.482 Thread 0x000001cd14cf7fe0 DEOPT UNPACKING pc=0x000001cd0759a5a3 sp=0x000000a35c7fbea8 mode 2

Classes loaded (20 events):
Event: 18.332 Loading class java/lang/foreign/Addressable done
Event: 18.332 Loading class java/lang/foreign/MemorySegment done
Event: 18.347 Loading class java/util/OptionalLong
Event: 18.347 Loading class java/util/OptionalLong done
Event: 18.347 Loading class java/util/OptionalDouble
Event: 18.348 Loading class java/util/OptionalDouble done
Event: 18.353 Loading class java/util/AbstractMap$SimpleEntry
Event: 18.353 Loading class java/util/AbstractMap$SimpleEntry done
Event: 18.368 Loading class java/util/stream/LongStream
Event: 18.368 Loading class java/util/stream/LongStream done
Event: 18.368 Loading class java/util/stream/DoubleStream
Event: 18.369 Loading class java/util/stream/DoubleStream done
Event: 18.384 Loading class org/w3c/dom/Node
Event: 18.385 Loading class org/w3c/dom/Node done
Event: 18.385 Loading class org/w3c/dom/Document
Event: 18.385 Loading class org/w3c/dom/Document done
Event: 18.441 Loading class java/util/concurrent/locks/ReentrantReadWriteLock$Sync$HoldCounter
Event: 18.442 Loading class java/util/concurrent/locks/ReentrantReadWriteLock$Sync$HoldCounter done
Event: 18.513 Loading class java/util/concurrent/atomic/Striped64$Cell
Event: 18.513 Loading class java/util/concurrent/atomic/Striped64$Cell done

Classes unloaded (0 events):
No events

Classes redefined (0 events):
No events

Internal exceptions (20 events):
Event: 4.960 Thread 0x000001cd1315cdc0 Exception <a 'java/lang/NoSuchMethodError'{0x00000000889ea8a0}: 'java.lang.Object java.lang.invoke.DirectMethodHandle$Holder.newInvokeSpecial(java.lang.Object, java.lang.Object, java.lang.Object, java.lang.Object, java.lang.Object, java.lang.Object, java.lang.Object, java.lang.Object)'> (0x00000000889ea8a0) 
thrown [s\src\hotspot\share\interpreter\linkResolver.cpp, line 774]
Event: 5.133 Thread 0x000001cd1315cdc0 Exception <a 'java/lang/NoSuchMethodError'{0x0000000088be3328}: 'java.lang.Object java.lang.invoke.DirectMethodHandle$Holder.invokeSpecial(java.lang.Object, java.lang.Object, int, java.lang.Object, java.lang.Object)'> (0x0000000088be3328) 
thrown [s\src\hotspot\share\interpreter\linkResolver.cpp, line 774]
Event: 5.133 Thread 0x000001cd1315cdc0 Exception <a 'java/lang/NoSuchMethodError'{0x0000000088be7298}: 'java.lang.Object java.lang.invoke.DelegatingMethodHandle$Holder.delegate(java.lang.Object, int, java.lang.Object, java.lang.Object)'> (0x0000000088be7298) 
thrown [s\src\hotspot\share\interpreter\linkResolver.cpp, line 774]
Event: 5.135 Thread 0x000001cd1315cdc0 Exception <a 'java/lang/NoSuchMethodError'{0x0000000088bf7768}: 'int java.lang.invoke.Invokers$Holder.linkToTargetMethod(java.lang.Object, java.lang.Object, java.lang.Object)'> (0x0000000088bf7768) 
thrown [s\src\hotspot\share\interpreter\linkResolver.cpp, line 774]
Event: 5.155 Thread 0x000001cd1315cdc0 Exception <a 'sun/nio/fs/WindowsException'{0x0000000088a6bb58}> (0x0000000088a6bb58) 
thrown [s\src\hotspot\share\prims\jni.cpp, line 517]
Event: 5.197 Thread 0x000001cd1315cdc0 Exception <a 'java/lang/IncompatibleClassChangeError'{0x00000000888559c0}: Found class java.lang.Object, but interface was expected> (0x00000000888559c0) 
thrown [s\src\hotspot\share\interpreter\linkResolver.cpp, line 841]
Event: 5.346 Thread 0x000001cd1315cdc0 Exception <a 'java/lang/NoSuchMethodError'{0x0000000086997dc0}: 'int java.lang.invoke.DirectMethodHandle$Holder.invokeStaticInit(java.lang.Object, java.lang.Object, java.lang.Object, java.lang.Object)'> (0x0000000086997dc0) 
thrown [s\src\hotspot\share\interpreter\linkResolver.cpp, line 774]
Event: 5.595 Thread 0x000001cd1315cdc0 Exception <a 'java/lang/NoSuchMethodError'{0x00000000865943f0}: 'java.lang.Object java.lang.invoke.DirectMethodHandle$Holder.newInvokeSpecial(java.lang.Object, java.lang.Object, int, java.lang.Object, java.lang.Object)'> (0x00000000865943f0) 
thrown [s\src\hotspot\share\interpreter\linkResolver.cpp, line 774]
Event: 17.901 Thread 0x000001cd14cf2ae0 Exception <a 'java/lang/NoSuchMethodError'{0x000000008626a1d0}: 'java.lang.Object java.lang.invoke.DirectMethodHandle$Holder.invokeStatic(java.lang.Object, java.lang.Object, java.lang.Object, int, int)'> (0x000000008626a1d0) 
thrown [s\src\hotspot\share\interpreter\linkResolver.cpp, line 774]
Event: 17.901 Thread 0x000001cd14cf2ae0 Exception <a 'java/lang/NoSuchMethodError'{0x000000008626da30}: 'java.lang.Object java.lang.invoke.DirectMethodHandle$Holder.invokeStaticInit(java.lang.Object, java.lang.Object, java.lang.Object, int, int)'> (0x000000008626da30) 
thrown [s\src\hotspot\share\interpreter\linkResolver.cpp, line 774]
Event: 17.978 Thread 0x000001cd14cf6aa0 Exception <a 'java/lang/NoSuchMethodError'{0x00000000861d5490}: 'java.lang.Object java.lang.invoke.DirectMethodHandle$Holder.invokeSpecial(java.lang.Object, java.lang.Object, java.lang.Object, java.lang.Object, java.lang.Object, long)'> (0x00000000861d5490) 
thrown [s\src\hotspot\share\interpreter\linkResolver.cpp, line 774]
Event: 17.978 Thread 0x000001cd14cf6aa0 Exception <a 'java/lang/NoSuchMethodError'{0x00000000861d8ee0}: 'java.lang.Object java.lang.invoke.Invokers$Holder.linkToTargetMethod(java.lang.Object, java.lang.Object, java.lang.Object, long, java.lang.Object)'> (0x00000000861d8ee0) 
thrown [s\src\hotspot\share\interpreter\linkResolver.cpp, line 774]
Event: 18.228 Thread 0x000001cd14cf6aa0 Exception <a 'java/lang/NoSuchMethodError'{0x00000000887e5640}: 'long java.lang.invoke.DirectMethodHandle$Holder.invokeStatic(java.lang.Object, long)'> (0x00000000887e5640) 
thrown [s\src\hotspot\share\interpreter\linkResolver.cpp, line 774]
Event: 18.301 Thread 0x000001cd14cf6aa0 Exception <a 'java/lang/NoSuchMethodError'{0x0000000086bc34f0}: 'void java.lang.invoke.Invokers$Holder.invoke_MT(java.lang.Object, java.lang.Object, java.lang.Object, java.lang.Object)'> (0x0000000086bc34f0) 
thrown [s\src\hotspot\share\interpreter\linkResolver.cpp, line 774]
Event: 18.503 Thread 0x000001cd14cf1050 Exception <a 'java/lang/NoSuchMethodError'{0x00000000864f6620}: 'java.lang.Object java.lang.invoke.DirectMethodHandle$Holder.invokeInterface(java.lang.Object, java.lang.Object, int)'> (0x00000000864f6620) 
thrown [s\src\hotspot\share\interpreter\linkResolver.cpp, line 774]
Event: 18.503 Thread 0x000001cd14cf3ad0 Exception <a 'java/lang/NoSuchMethodError'{0x00000000864f9b00}: 'java.lang.Object java.lang.invoke.DirectMethodHandle$Holder.invokeInterface(java.lang.Object, java.lang.Object, int)'> (0x00000000864f9b00) 
thrown [s\src\hotspot\share\interpreter\linkResolver.cpp, line 774]
Event: 18.503 Thread 0x000001cd14cf1af0 Exception <a 'java/lang/NoSuchMethodError'{0x00000000864f1ad0}: 'java.lang.Object java.lang.invoke.DirectMethodHandle$Holder.invokeInterface(java.lang.Object, java.lang.Object, int)'> (0x00000000864f1ad0) 
thrown [s\src\hotspot\share\interpreter\linkResolver.cpp, line 774]
Event: 18.503 Thread 0x000001cd14cf7a90 Exception <a 'java/lang/NoSuchMethodError'{0x00000000864f4c38}: 'java.lang.Object java.lang.invoke.DirectMethodHandle$Holder.invokeInterface(java.lang.Object, java.lang.Object, int)'> (0x00000000864f4c38) 
thrown [s\src\hotspot\share\interpreter\linkResolver.cpp, line 774]
Event: 18.503 Thread 0x000001cd14cf8530 Exception <a 'java/lang/NoSuchMethodError'{0x00000000864f82f0}: 'java.lang.Object java.lang.invoke.DirectMethodHandle$Holder.invokeInterface(java.lang.Object, java.lang.Object, int)'> (0x00000000864f82f0) 
thrown [s\src\hotspot\share\interpreter\linkResolver.cpp, line 774]
Event: 18.503 Thread 0x000001cd14cf7fe0 Exception <a 'java/lang/NoSuchMethodError'{0x00000000864eedc0}: 'java.lang.Object java.lang.invoke.DirectMethodHandle$Holder.invokeInterface(java.lang.Object, java.lang.Object, int)'> (0x00000000864eedc0) 
thrown [s\src\hotspot\share\interpreter\linkResolver.cpp, line 774]

VM Operations (20 events):
Event: 18.010 Executing VM operation: G1CollectForAllocation
Event: 18.014 Executing VM operation: G1CollectForAllocation done
Event: 18.259 Executing VM operation: HandshakeAllThreads
Event: 18.259 Executing VM operation: HandshakeAllThreads done
Event: 18.340 Executing VM operation: HandshakeAllThreads
Event: 18.341 Executing VM operation: HandshakeAllThreads done
Event: 18.373 Executing VM operation: HandshakeAllThreads
Event: 18.373 Executing VM operation: HandshakeAllThreads done
Event: 18.373 Executing VM operation: HandshakeAllThreads
Event: 18.373 Executing VM operation: HandshakeAllThreads done
Event: 18.417 Executing VM operation: HandshakeAllThreads
Event: 18.418 Executing VM operation: HandshakeAllThreads done
Event: 18.425 Executing VM operation: ICBufferFull
Event: 18.426 Executing VM operation: ICBufferFull done
Event: 18.431 Executing VM operation: HandshakeAllThreads
Event: 18.431 Executing VM operation: HandshakeAllThreads done
Event: 18.486 Executing VM operation: HandshakeAllThreads
Event: 18.486 Executing VM operation: HandshakeAllThreads done
Event: 18.564 Executing VM operation: G1CollectForAllocation
Event: 18.567 Executing VM operation: G1CollectForAllocation done

Events (20 events):
Event: 18.439 Thread 0x000001cd1315bdd0 flushing nmethod 0x000001cd00893d10
Event: 18.439 Thread 0x000001cd1315bdd0 flushing nmethod 0x000001cd00894a10
Event: 18.439 Thread 0x000001cd1315bdd0 flushing nmethod 0x000001cd00895490
Event: 18.439 Thread 0x000001cd1315bdd0 flushing nmethod 0x000001cd00898410
Event: 18.439 Thread 0x000001cd1315bdd0 flushing nmethod 0x000001cd0089a410
Event: 18.439 Thread 0x000001cd1315bdd0 flushing nmethod 0x000001cd0089aa10
Event: 18.439 Thread 0x000001cd1315bdd0 flushing nmethod 0x000001cd008a1810
Event: 18.439 Thread 0x000001cd1315bdd0 flushing nmethod 0x000001cd008bbf10
Event: 18.439 Thread 0x000001cd1315bdd0 flushing nmethod 0x000001cd008ca010
Event: 18.439 Thread 0x000001cd1315bdd0 flushing nmethod 0x000001cd008fe110
Event: 18.439 Thread 0x000001cd1315bdd0 flushing nmethod 0x000001cd008fe710
Event: 18.440 Thread 0x000001cd1315bdd0 flushing nmethod 0x000001cd00917190
Event: 18.440 Thread 0x000001cd1315bdd0 flushing nmethod 0x000001cd00926c90
Event: 18.440 Thread 0x000001cd1315bdd0 flushing nmethod 0x000001cd0092f410
Event: 18.440 Thread 0x000001cd1315bdd0 flushing nmethod 0x000001cd00933910
Event: 18.440 Thread 0x000001cd1315bdd0 flushing nmethod 0x000001cd00954a90
Event: 18.440 Thread 0x000001cd1315bdd0 flushing nmethod 0x000001cd00964110
Event: 18.440 Thread 0x000001cd1315bdd0 flushing nmethod 0x000001cd009da310
Event: 18.440 Thread 0x000001cd1315bdd0 flushing nmethod 0x000001cd009da910
Event: 18.440 Thread 0x000001cd1315bdd0 flushing nmethod 0x000001cd00a0ff10


Dynamic libraries:
0x00007ff6b29f0000 - 0x00007ff6b29fd000 	C:\Users\Ritej\.jdks\corretto-19.0.2\bin\java.exe
0x00007ffc8c9f0000 - 0x00007ffc8cc07000 	C:\WINDOWS\SYSTEM32\ntdll.dll
0x00007ffc55690000 - 0x00007ffc556b0000 	C:\Program Files\Avast Software\Avast\aswhook.dll
0x00007ffc8b8f0000 - 0x00007ffc8b9b4000 	C:\WINDOWS\System32\KERNEL32.DLL
0x00007ffc89eb0000 - 0x00007ffc8a280000 	C:\WINDOWS\System32\KERNELBASE.dll
0x00007ffc8a3f0000 - 0x00007ffc8a501000 	C:\WINDOWS\System32\ucrtbase.dll
0x00007ffc83e40000 - 0x00007ffc83e55000 	C:\Users\Ritej\.jdks\corretto-19.0.2\bin\VCRUNTIME140.dll
0x00007ffc83e80000 - 0x00007ffc83e97000 	C:\Users\Ritej\.jdks\corretto-19.0.2\bin\jli.dll
0x00007ffc8bc80000 - 0x00007ffc8be2e000 	C:\WINDOWS\System32\USER32.dll
0x00007ffc89e00000 - 0x00007ffc89e26000 	C:\WINDOWS\System32\win32u.dll
0x00007ffc8b8c0000 - 0x00007ffc8b8e9000 	C:\WINDOWS\System32\GDI32.dll
0x00007ffc8a510000 - 0x00007ffc8a62b000 	C:\WINDOWS\System32\gdi32full.dll
0x00007ffc690f0000 - 0x00007ffc69382000 	C:\WINDOWS\WinSxS\amd64_microsoft.windows.common-controls_6595b64144ccf1df_6.0.22621.4830_none_270fe7d773858e80\COMCTL32.dll
0x00007ffc89d60000 - 0x00007ffc89dfa000 	C:\WINDOWS\System32\msvcp_win.dll
0x00007ffc8b600000 - 0x00007ffc8b6a7000 	C:\WINDOWS\System32\msvcrt.dll
0x00007ffc8c8f0000 - 0x00007ffc8c921000 	C:\WINDOWS\System32\IMM32.DLL
0x00007ffc5c9e0000 - 0x00007ffc5ca7b000 	C:\Users\Ritej\.jdks\corretto-19.0.2\bin\msvcp140.dll
0x00007ffc30ee0000 - 0x00007ffc31bb9000 	C:\Users\Ritej\.jdks\corretto-19.0.2\bin\server\jvm.dll
0x00007ffc8a7b0000 - 0x00007ffc8a861000 	C:\WINDOWS\System32\ADVAPI32.dll
0x00007ffc8c4b0000 - 0x00007ffc8c557000 	C:\WINDOWS\System32\sechost.dll
0x00007ffc8a6b0000 - 0x00007ffc8a6d8000 	C:\WINDOWS\System32\bcrypt.dll
0x00007ffc8a8c0000 - 0x00007ffc8a9d4000 	C:\WINDOWS\System32\RPCRT4.dll
0x00007ffc831f0000 - 0x00007ffc83224000 	C:\WINDOWS\SYSTEM32\WINMM.dll
0x00007ffc718b0000 - 0x00007ffc718b9000 	C:\WINDOWS\SYSTEM32\WSOCK32.dll
0x00007ffc82600000 - 0x00007ffc8260a000 	C:\WINDOWS\SYSTEM32\VERSION.dll
0x00007ffc8c930000 - 0x00007ffc8c9a1000 	C:\WINDOWS\System32\WS2_32.dll
0x00007ffc88ca0000 - 0x00007ffc88cb8000 	C:\WINDOWS\SYSTEM32\kernel.appcore.dll
0x00007ffc869b0000 - 0x00007ffc869ba000 	C:\Users\Ritej\.jdks\corretto-19.0.2\bin\jimage.dll
0x00007ffc874a0000 - 0x00007ffc876d2000 	C:\WINDOWS\SYSTEM32\DBGHELP.DLL
0x00007ffc8c560000 - 0x00007ffc8c8f0000 	C:\WINDOWS\System32\combase.dll
0x00007ffc8b7e0000 - 0x00007ffc8b8b7000 	C:\WINDOWS\System32\OLEAUT32.dll
0x00007ffc76f50000 - 0x00007ffc76f82000 	C:\WINDOWS\SYSTEM32\dbgcore.DLL
0x00007ffc89e30000 - 0x00007ffc89eab000 	C:\WINDOWS\System32\bcryptPrimitives.dll
0x00007ffc85810000 - 0x00007ffc8581e000 	C:\Users\Ritej\.jdks\corretto-19.0.2\bin\instrument.dll
0x00007ffc72b00000 - 0x00007ffc72b26000 	C:\Users\Ritej\.jdks\corretto-19.0.2\bin\java.dll
0x00007ffc5c900000 - 0x00007ffc5c9d6000 	C:\Users\Ritej\.jdks\corretto-19.0.2\bin\jsvml.dll
0x00007ffc8ad80000 - 0x00007ffc8b5f8000 	C:\WINDOWS\System32\SHELL32.dll
0x00007ffc87ba0000 - 0x00007ffc884b0000 	C:\WINDOWS\SYSTEM32\windows.storage.dll
0x00007ffc87a60000 - 0x00007ffc87b9f000 	C:\WINDOWS\SYSTEM32\wintypes.dll
0x00007ffc8b6d0000 - 0x00007ffc8b7da000 	C:\WINDOWS\System32\SHCORE.dll
0x00007ffc8acb0000 - 0x00007ffc8ad0e000 	C:\WINDOWS\System32\shlwapi.dll
0x00007ffc89bd0000 - 0x00007ffc89bfb000 	C:\WINDOWS\SYSTEM32\profapi.dll
0x00007ffc721f0000 - 0x00007ffc72208000 	C:\Users\Ritej\.jdks\corretto-19.0.2\bin\zip.dll
0x00007ffc74460000 - 0x00007ffc74473000 	C:\Users\Ritej\.jdks\corretto-19.0.2\bin\net.dll
0x00007ffc85fa0000 - 0x00007ffc860cc000 	C:\WINDOWS\SYSTEM32\WINHTTP.dll
0x00007ffc89110000 - 0x00007ffc8917a000 	C:\WINDOWS\system32\mswsock.dll
0x00007ffc722b0000 - 0x00007ffc722c5000 	C:\Users\Ritej\.jdks\corretto-19.0.2\bin\nio.dll
0x00007ffc71cf0000 - 0x00007ffc71d0a000 	C:\Program Files\JetBrains\IntelliJ IDEA Community Edition 2024.1.4\bin\breakgen64.dll
0x00007ffc80a60000 - 0x00007ffc80a68000 	C:\Users\Ritej\.jdks\corretto-19.0.2\bin\extnet.dll
0x00007ffc85250000 - 0x00007ffc85259000 	C:\Users\Ritej\.jdks\corretto-19.0.2\bin\management.dll
0x00007ffc83e30000 - 0x00007ffc83e3b000 	C:\Users\Ritej\.jdks\corretto-19.0.2\bin\management_ext.dll
0x00007ffc8a7a0000 - 0x00007ffc8a7a8000 	C:\WINDOWS\System32\PSAPI.DLL
0x00007ffc83bd0000 - 0x00007ffc83bde000 	C:\Users\Ritej\.jdks\corretto-19.0.2\bin\sunmscapi.dll
0x00007ffc8a280000 - 0x00007ffc8a3e6000 	C:\WINDOWS\System32\CRYPT32.dll
0x00007ffc89550000 - 0x00007ffc8957d000 	C:\WINDOWS\SYSTEM32\ncrypt.dll
0x00007ffc89510000 - 0x00007ffc89547000 	C:\WINDOWS\SYSTEM32\NTASN1.dll
0x00007ffc89460000 - 0x00007ffc8947b000 	C:\WINDOWS\SYSTEM32\CRYPTSP.dll
0x00007ffc88c00000 - 0x00007ffc88c35000 	C:\WINDOWS\system32\rsaenh.dll
0x00007ffc891b0000 - 0x00007ffc891d8000 	C:\WINDOWS\SYSTEM32\USERENV.dll
0x00007ffc89440000 - 0x00007ffc8944c000 	C:\WINDOWS\SYSTEM32\CRYPTBASE.dll
0x00007ffc88700000 - 0x00007ffc8872d000 	C:\WINDOWS\SYSTEM32\IPHLPAPI.DLL
0x00007ffc8a6e0000 - 0x00007ffc8a6e9000 	C:\WINDOWS\System32\NSI.dll
0x00007ffc85eb0000 - 0x00007ffc85ec9000 	C:\WINDOWS\SYSTEM32\dhcpcsvc6.DLL
0x00007ffc85e90000 - 0x00007ffc85eaf000 	C:\WINDOWS\SYSTEM32\dhcpcsvc.DLL
0x00007ffc88730000 - 0x00007ffc88832000 	C:\WINDOWS\SYSTEM32\DNSAPI.dll
0x00007ffc81550000 - 0x00007ffc8155a000 	C:\Windows\System32\rasadhlp.dll
0x00007ffc830e0000 - 0x00007ffc83163000 	C:\WINDOWS\System32\fwpuclnt.dll
0x00007ffc538a0000 - 0x00007ffc538a8000 	C:\WINDOWS\system32\wshunix.dll
0x00007ffc7d720000 - 0x00007ffc7d730000 	C:\Users\Ritej\.jdks\corretto-19.0.2\bin\verify.dll

dbghelp: loaded successfully - version: 4.0.5 - missing functions: none
symbol engine: initialized successfully - sym options: 0x614 - pdb path: .;C:\Users\Ritej\.jdks\corretto-19.0.2\bin;C:\WINDOWS\SYSTEM32;C:\Program Files\Avast Software\Avast;C:\WINDOWS\WinSxS\amd64_microsoft.windows.common-controls_6595b64144ccf1df_6.0.22621.4830_none_270fe7d773858e80;C:\Users\Ritej\.jdks\corretto-19.0.2\bin\server;C:\Program Files\JetBrains\IntelliJ IDEA Community Edition 2024.1.4\bin

VM Arguments:
jvm_args: -javaagent:C:\Program Files\JetBrains\IntelliJ IDEA Community Edition 2024.1.4\lib\idea_rt.jar=57742:C:\Program Files\JetBrains\IntelliJ IDEA Community Edition 2024.1.4\bin -Dfile.encoding=UTF-8 -Dsun.stdout.encoding=UTF-8 -Dsun.stderr.encoding=UTF-8 
java_command: com.example.WSM.WsmApplication
java_class_path (initial): C:\Users\Ritej\Downloads\Ritej-main\WSM Project\WSM\target\classes;C:\Users\Ritej\.m2\repository\org\apache\poi\poi\5.2.3\poi-5.2.3.jar;C:\Users\Ritej\.m2\repository\commons-codec\commons-codec\1.18.0\commons-codec-1.18.0.jar;C:\Users\Ritej\.m2\repository\org\apache\commons\commons-collections4\4.4\commons-collections4-4.4.jar;C:\Users\Ritej\.m2\repository\org\apache\commons\commons-math3\3.6.1\commons-math3-3.6.1.jar;C:\Users\Ritej\.m2\repository\commons-io\commons-io\2.11.0\commons-io-2.11.0.jar;C:\Users\Ritej\.m2\repository\com\zaxxer\SparseBitSet\1.2\SparseBitSet-1.2.jar;C:\Users\Ritej\.m2\repository\org\apache\logging\log4j\log4j-api\2.24.3\log4j-api-2.24.3.jar;C:\Users\Ritej\.m2\repository\org\apache\poi\poi-ooxml\5.2.3\poi-ooxml-5.2.3.jar;C:\Users\Ritej\.m2\repository\org\apache\poi\poi-ooxml-lite\5.2.3\poi-ooxml-lite-5.2.3.jar;C:\Users\Ritej\.m2\repository\org\apache\xmlbeans\xmlbeans\5.1.1\xmlbeans-5.1.1.jar;C:\Users\Ritej\.m2\repository\org\apache\commons\commons-compress\1.21\commons-compress-1.21.jar;C:\Users\Ritej\.m2\repository\com\github\virtuald\curvesapi\1.07\curvesapi-1.07.jar;C:\Users\Ritej\.m2\repository\org\springframework\boot\spring-boot-starter-data-mongodb\3.5.4\spring-boot-starter-data-mongodb-3.5.4.jar;C:\Users\Ritej\.m2\repository\org\springframework\boot\spring-boot-starter\3.5.4\spring-boot-starter-3.5.4.jar;C:\Users\Ritej\.m2\repository\org\springframework\boot\spring-boot-starter-logging\3.5.4\spring-boot-starter-logging-3.5.4.jar;C:\Users\Ritej\.m2\repository\ch\qos\logback\logback-classic\1.5.18\logback-classic-1.5.18.jar;C:\Users\Ritej\.m2\repository\ch\qos\logback\logback-core\1.5.18\logback-core-1.5.18.jar;C:\Users\Ritej\.m2\repository\org\apache\logging\log4j\log4j-to-slf4j\2.24.3\log4j-to-slf4j-2.24.3.jar;C:\Users\Ritej\.m2\repository\org\slf4j\jul-to-slf4j\2.0.17\jul-to-slf4j-2.0.17.jar;C:\Users\Ritej\.m2\repository\jakarta\annotation\jakarta.annotation-api\2.1.1\jakarta.annotation-api-2.1.1.jar;C:\Users\Ritej\.m2\repository\org\yaml\snakeyaml\2.4\snakeyaml-2.4.jar;C:\Users\Ritej\.m2\repository\org\mongodb\mongodb-driver-sync\5.5.1\mongodb-driver-sync-5.5.1.jar;C:\Users\Ritej\.m2\repository\org\mongodb\bson\5.5.1\bson-5.5.1.jar;C:\Users\Ritej\.m2\repository\org\mongodb\mongodb-driver-core\5.5.1\mongodb-driver-core-5.5.1.jar;C:\Users\Ritej\.m2\repository\org\mongodb\bson-record-codec\5.5.1\bson-record-codec-5.5.1.jar;C:\Users\Ritej\.m2\repository\org\springframework\data\spring-data-mongodb\4.5.2\spring-data-mongodb-4.5.2.jar;C:\Users\Ritej\.m2\repository\org\springframework\spring-tx\6.2.9\spring-tx-6.2.9.jar;C:\Users\Ritej\.m2\repository\org\springframework\spring-context\6.2.9\spring-context-6.2.9.jar;C:\Users\Ritej\.m2\repository\org\springframework\spring-beans\6.2.9\spring-beans-6.2.9.jar;C:\Users\Ritej\.m2\repository\org\springframework\spring-expression\6.2.9\spring-expression-6.2.9.jar;C:\Users\Ritej\.m2\repository\org\springframework\data\spring-data-commons\3.5.2\spring-data-commons-3.5.2.jar;C:\Users\Ritej\.m2\repository\org\slf4j\slf4j-api\2.0.17\slf4j-api-2.0.17.jar;C:\Users\Ritej\.m2\repository\org\springframework\boot\spring-boot-starter-security\3.2.0\spring-boot-starter-security-3.2.0.jar;C:\Users\Ritej\.m2\repository\org\springframework\spring-aop\6.2.9\spring-aop-6.2.9.jar;C:\Users\Ritej\.m2\repository\org\springframework\security\spring-security-config\6.5.2\spring-security-config-6.5.2.jar;C:\Users\Ritej\.m2\repository\org\springframework\security\spring-security-core\6.5.2\spring-security-core-6.5.2.jar;C:\Users\Ritej\.m2\repository\org\springframework\security\spring-security-crypto\6.5.2\spring-security-crypto-6.5.2.jar;C:\Users\Ritej\.m2\repository\org\springframework\security\spring-security-web\6.5.2\spring-security-web-6.5.2.jar;C:\Users\Ritej\.m2\repository\org\springframework\boot\spring-boot-starter-web\3.5.4\spring-boot-starter-web-3.5.4.jar;C:\Users\Ritej\.m2\repository\org\springframework\boot\spring-boot-starter-json\3.5.4\spring-boot-starter-json-3.5.4.jar;C:\Users\Ritej\.m2\repository\com\fasterxml\jackson\core\jackson-databind\2.19.2\jackson-databind-2.19.2.jar;C:\Users\Ritej\.m2\repository\com\fasterxml\jackson\core\jackson-annotations\2.19.2\jackson-annotations-2.19.2.jar;C:\Users\Ritej\.m2\repository\com\fasterxml\jackson\core\jackson-core\2.19.2\jackson-core-2.19.2.jar;C:\Users\Ritej\.m2\repository\com\fasterxml\jackson\datatype\jackson-datatype-jdk8\2.19.2\jackson-datatype-jdk8-2.19.2.jar;C:\Users\Ritej\.m2\repository\com\fasterxml\jackson\datatype\jackson-datatype-jsr310\2.19.2\jackson-datatype-jsr310-2.19.2.jar;C:\Users\Ritej\.m2\repository\com\fasterxml\jackson\module\jackson-module-parameter-names\2.19.2\jackson-module-parameter-names-2.19.2.jar;C:\Users\Ritej\.m2\repository\org\springframework\boot\spring-boot-starter-tomcat\3.5.4\spring-boot-starter-tomcat-3.5.4.jar;C:\Users\Ritej\.m2\repository\org\apache\tomcat\embed\tomcat-embed-core\10.1.43\tomcat-embed-core-10.1.43.jar;C:\Users\Ritej\.m2\repository\org\apache\tomcat\embed\tomcat-embed-el\10.1.43\tomcat-embed-el-10.1.43.jar;C:\Users\Ritej\.m2\repository\org\apache\tomcat\embed\tomcat-embed-websocket\10.1.43\tomcat-embed-websocket-10.1.43.jar;C:\Users\Ritej\.m2\repository\org\springframework\spring-web\6.2.9\spring-web-6.2.9.jar;C:\Users\Ritej\.m2\repository\io\micrometer\micrometer-observation\1.15.2\micrometer-observation-1.15.2.jar;C:\Users\Ritej\.m2\repository\io\micrometer\micrometer-commons\1.15.2\micrometer-commons-1.15.2.jar;C:\Users\Ritej\.m2\repository\org\springframework\spring-webmvc\6.2.9\spring-webmvc-6.2.9.jar;C:\Users\Ritej\.m2\repository\org\springframework\boot\spring-boot-devtools\3.5.4\spring-boot-devtools-3.5.4.jar;C:\Users\Ritej\.m2\repository\org\springframework\boot\spring-boot\3.5.4\spring-boot-3.5.4.jar;C:\Users\Ritej\.m2\repository\org\springframework\boot\spring-boot-autoconfigure\3.5.4\spring-boot-autoconfigure-3.5.4.jar;C:\Users\Ritej\.m2\repository\org\projectlombok\lombok\1.18.38\lombok-1.18.38.jar;C:\Users\Ritej\.m2\repository\org\springframework\spring-core\6.2.9\spring-core-6.2.9.jar;C:\Users\Ritej\.m2\repository\org\springframework\spring-jcl\6.2.9\spring-jcl-6.2.9.jar
Launcher Type: SUN_STANDARD

[Global flags]
     intx CICompilerCount                          = 4                                         {product} {ergonomic}
     uint ConcGCThreads                            = 2                                         {product} {ergonomic}
     uint G1ConcRefinementThreads                  = 8                                         {product} {ergonomic}
   size_t G1HeapRegionSize                         = 1048576                                   {product} {ergonomic}
    uintx GCDrainStackTargetSize                   = 64                                        {product} {ergonomic}
   size_t InitialHeapSize                          = 130023424                                 {product} {ergonomic}
   size_t MarkStackSize                            = 4194304                                   {product} {ergonomic}
   size_t MaxHeapSize                              = 2078277632                                {product} {ergonomic}
   size_t MaxNewSize                               = 1246756864                                {product} {ergonomic}
   size_t MinHeapDeltaBytes                        = 1048576                                   {product} {ergonomic}
   size_t MinHeapSize                              = 8388608                                   {product} {ergonomic}
    uintx NonNMethodCodeHeapSize                   = 5839372                                {pd product} {ergonomic}
    uintx NonProfiledCodeHeapSize                  = 122909434                              {pd product} {ergonomic}
    uintx ProfiledCodeHeapSize                     = 122909434                              {pd product} {ergonomic}
    uintx ReservedCodeCacheSize                    = 251658240                              {pd product} {ergonomic}
     bool SegmentedCodeCache                       = true                                      {product} {ergonomic}
   size_t SoftMaxHeapSize                          = 2078277632                             {manageable} {ergonomic}
     bool UseCompressedClassPointers               = true                           {product lp64_product} {ergonomic}
     bool UseCompressedOops                        = true                           {product lp64_product} {ergonomic}
     bool UseG1GC                                  = true                                      {product} {ergonomic}
     bool UseLargePagesIndividualAllocation        = false                                  {pd product} {ergonomic}

Logging:
Log output configuration:
 #0: stdout all=warning uptime,level,tags foldmultilines=false
 #1: stderr all=off uptime,level,tags foldmultilines=false

Environment Variables:
JAVA_HOME=C:\Program Files\Java\jdk-17
PATH=C:\Program Files\MongoDB\Server\7.0\bin;C:\oraclexe\app\oracle\product\11.2.0\server\bin;"C:\xampp\php;C:\xampp\php;C:\Program Files\Common Files\Oracle\Java\javapath";C:\WINDOWS\system32;C:\WINDOWS;C:\WINDOWS\System32\Wbem;C:\WINDOWS\System32\WindowsPowerShell\v1.0\;C:\WINDOWS\System32\OpenSSH\;C:\ProgramData\chocolatey\bin;C:\Program Files\Java\jdk-17\bin;C:\Program Files\Docker\Docker\resources\bin;C:\Users\Ritej\AppData\Roaming\nvm;C:\Program Files\nodejs;C:\Program Files\Git\cmd;C:\Users\Ritej\AppData\Local\Microsoft\WindowsApps\python.exe;C:\Users\Ritej\AppData\Local\Programs\Python\Launcher\;C:\Program Files\MongoDB\Server\7.0\bin;C:\Users\Ritej\AppData\Local\Microsoft\WindowsApps;C:\Users\Ritej\AppData\Local\JetBrains\PyCharm 2023.1\bin;;C:\Program Files\JetBrains\PyCharm Community Edition 2022.2.3\bin;;C:\Users\Ritej\AppData\Local\Programs\Microsoft VS Code\bin;C:\Users\Ritej\AppData\Roaming\npm;C:\Program Files\JetBrains\IntelliJ IDEA Community Edition 2024.1.4\bin;;C:\Users\Ritej\Desktop\jdk-19_windows-x64_bin\bin;C:\Users\Ritej\AppData\Local\JetBrains\IntelliJ IDEA 2024.1.4\bin;;C:\Users\Ritej\AppData\Roaming\nvm;C:\Program Files\nodejs;C:\Program Files\apache-maven-3.9.9\bin;C:\Users\Ritej\AppData\Local\Microsoft\WindowsApps\python.exe;
USERNAME=Ritej
OS=Windows_NT
PROCESSOR_IDENTIFIER=Intel64 Family 6 Model 140 Stepping 1, GenuineIntel
TMP=C:\Users\Ritej\AppData\Local\Temp
TEMP=C:\Users\Ritej\AppData\Local\Temp



---------------  S Y S T E M  ---------------

OS:
 Windows 11 , 64 bit Build 22621 (10.0.22621.4830)
OS uptime: 25 days 13:37 hours
Hyper-V role detected

CPU: total 8 (initial active 8) (4 cores per cpu, 2 threads per core) family 6 model 140 stepping 1 microcode 0xb8, cx8, cmov, fxsr, ht, mmx, 3dnowpref, sse, sse2, sse3, ssse3, sse4.1, sse4.2, popcnt, lzcnt, tsc, tscinvbit, avx, avx2, aes, erms, clmul, bmi1, bmi2, adx, avx512f, avx512dq, avx512cd, avx512bw, avx512vl, sha, fma, vzeroupper, avx512_vpopcntdq, avx512_vpclmulqdq, avx512_vaes, avx512_vnni, clflush, clflushopt, clwb, avx512_vbmi2, avx512_vbmi, hv, rdtscp, rdpid, fsrm, gfni, avx512_bitalg

Memory: 4k page, system-wide physical 7926M (411M free)
TotalPageFile size 20426M (AvailPageFile size 0M)
current process WorkingSet (physical memory assigned to process): 205M, peak: 208M
current process commit charge ("private bytes"): 279M, peak: 285M

vm_info: OpenJDK 64-Bit Server VM (19.0.2+7-FR) for windows-amd64 JRE (19.0.2+7-FR), built on Jan 13 2023 22:53:32 by "Administrator" with MS VC++ 15.9 (VS2017)

END.
