#
# There is insufficient memory for the Java Runtime Environment to continue.
# Native memory allocation (malloc) failed to allocate 218080 bytes for Chunk::new
# Possible reasons:
#   The system is out of physical RAM or swap space
#   The process is running with CompressedOops enabled, and the Java Heap may be blocking the growth of the native heap
# Possible solutions:
#   Reduce memory load on the system
#   Increase physical memory or swap space
#   Check if swap backing store is full
#   Decrease Java heap size (-Xmx/-Xms)
#   Decrease number of Java threads
#   Decrease Java thread stack sizes (-Xss)
#   Set larger code cache with -XX:ReservedCodeCacheSize=
#   JVM is running with Unscaled Compressed Oops mode in which the Java heap is
#     placed in the first 4GB address space. The Java Heap base address is the
#     maximum limit for the native heap growth. Please use -XX:HeapBaseMinAddress
#     to set the Java Heap base and to place the Java Heap above 4GB virtual address.
# This output file may be truncated or incomplete.
#
#  Out of Memory Error (arena.cpp:184), pid=15140, tid=5148
#
# JRE version: OpenJDK Runtime Environment Corretto-19.0.2.7.1 (19.0.2+7) (build 19.0.2+7-FR)
# Java VM: OpenJDK 64-Bit Server VM Corretto-19.0.2.7.1 (19.0.2+7-FR, mixed mode, sharing, tiered, compressed oops, compressed class ptrs, g1 gc, windows-amd64)
# No core dump will be written. Minidumps are not enabled by default on client versions of Windows
#

---------------  S U M M A R Y ------------

Command Line: -javaagent:C:\Program Files\JetBrains\IntelliJ IDEA Community Edition 2024.1.4\lib\idea_rt.jar=58949:C:\Program Files\JetBrains\IntelliJ IDEA Community Edition 2024.1.4\bin -Dfile.encoding=UTF-8 -Dsun.stdout.encoding=UTF-8 -Dsun.stderr.encoding=UTF-8 com.example.WSM.WsmApplication

Host: 11th Gen Intel(R) Core(TM) i5-1135G7 @ 2.40GHz, 8 cores, 7G,  Windows 11 , 64 bit Build 22621 (10.0.22621.4830)
Time: Sat Aug 23 18:39:43 2025 Afr. centrale Ouest elapsed time: 111.919420 seconds (0d 0h 1m 51s)

---------------  T H R E A D  ---------------

Current thread (0x000001c6aaa5d6f0):  JavaThread "C2 CompilerThread0" daemon [_thread_in_native, id=5148, stack(0x000000061de00000,0x000000061df00000)]


Current CompileTask:
C2: 111919 9118       4       com.mongodb.internal.connection.CommandProtocolImpl::<init> (112 bytes)

Stack: [0x000000061de00000,0x000000061df00000]
Native frames: (J=compiled Java code, j=interpreted, Vv=VM code, C=native code)
V  [jvm.dll+0x6d034a]
V  [jvm.dll+0x880f10]
V  [jvm.dll+0x88289e]
V  [jvm.dll+0x882f43]
V  [jvm.dll+0x27b4bb]
V  [jvm.dll+0xdd792]
V  [jvm.dll+0xddb25]
V  [jvm.dll+0x3b4a5b]
V  [jvm.dll+0x37c86a]
V  [jvm.dll+0x37bc5a]
V  [jvm.dll+0x2470ef]
V  [jvm.dll+0x2465a7]
V  [jvm.dll+0x1d4bb7]
V  [jvm.dll+0x25558a]
V  [jvm.dll+0x2538d7]
V  [jvm.dll+0x8342bd]
V  [jvm.dll+0x82e2fa]
V  [jvm.dll+0x6cf0d3]
C  [ucrtbase.dll+0x29333]
C  [KERNEL32.DLL+0x1259d]
C  [ntdll.dll+0x5af38]


---------------  P R O C E S S  ---------------

Threads class SMR info:
_java_thread_list=0x000001c6b202a350, length=34, elements={
0x000001c6aaa496d0, 0x000001c6aaa4a0f0, 0x000001c6aaa4cb20, 0x000001c6aaa4dfd0,
0x000001c6aaa4e9f0, 0x000001c6aaa53430, 0x000001c6aaa5d6f0, 0x000001c6aaa5a370,
0x000001c6af0130d0, 0x000001c6af013620, 0x000001c6af014610, 0x000001c6af012b80,
0x000001c6af0140c0, 0x000001c6af014b60, 0x000001c6af0150b0, 0x000001c6af015600,
0x000001c6b0390650, 0x000001c6b038d680, 0x000001c6b038e120, 0x000001c6b038bbf0,
0x000001c6b038a6b0, 0x000001c6b03896c0, 0x000001c6b0390ba0, 0x000001c6b038fbb0,
0x000001c6b038d130, 0x000001c6b038f660, 0x000001c6b038e670, 0x000001c6b038c140,
0x000001c6b038dbd0, 0x000001c6b0390100, 0x000001c6b0389c10, 0x000001c6b03910f0,
0x000001c6b038ebc0, 0x000001c6b038a160
}

Java Threads: ( => current thread )
  0x000001c6aaa496d0 JavaThread "Reference Handler" daemon [_thread_blocked, id=7068, stack(0x000000061d800000,0x000000061d900000)]
  0x000001c6aaa4a0f0 JavaThread "Finalizer" daemon [_thread_blocked, id=24192, stack(0x000000061d900000,0x000000061da00000)]
  0x000001c6aaa4cb20 JavaThread "Signal Dispatcher" daemon [_thread_blocked, id=25156, stack(0x000000061da00000,0x000000061db00000)]
  0x000001c6aaa4dfd0 JavaThread "Attach Listener" daemon [_thread_blocked, id=1424, stack(0x000000061db00000,0x000000061dc00000)]
  0x000001c6aaa4e9f0 JavaThread "Service Thread" daemon [_thread_blocked, id=27616, stack(0x000000061dc00000,0x000000061dd00000)]
  0x000001c6aaa53430 JavaThread "Monitor Deflation Thread" daemon [_thread_blocked, id=3720, stack(0x000000061dd00000,0x000000061de00000)]
=>0x000001c6aaa5d6f0 JavaThread "C2 CompilerThread0" daemon [_thread_in_native, id=5148, stack(0x000000061de00000,0x000000061df00000)]
  0x000001c6aaa5a370 JavaThread "C1 CompilerThread0" daemon [_thread_blocked, id=1288, stack(0x000000061df00000,0x000000061e000000)]
  0x000001c6af0130d0 JavaThread "Sweeper thread" daemon [_thread_blocked, id=25920, stack(0x000000061e000000,0x000000061e100000)]
  0x000001c6af013620 JavaThread "Common-Cleaner" daemon [_thread_blocked, id=13984, stack(0x000000061e100000,0x000000061e200000)]
  0x000001c6af014610 JavaThread "Monitor Ctrl-Break" daemon [_thread_in_native, id=21288, stack(0x000000061e200000,0x000000061e300000)]
  0x000001c6af012b80 JavaThread "Notification Thread" daemon [_thread_blocked, id=14800, stack(0x000000061e300000,0x000000061e400000)]
  0x000001c6af0140c0 JavaThread "Catalina-utility-1" [_thread_blocked, id=27264, stack(0x000000061f000000,0x000000061f100000)]
  0x000001c6af014b60 JavaThread "Catalina-utility-2" [_thread_blocked, id=6808, stack(0x000000061f100000,0x000000061f200000)]
  0x000001c6af0150b0 JavaThread "container-0" [_thread_blocked, id=15048, stack(0x000000061f200000,0x000000061f300000)]
  0x000001c6af015600 JavaThread "BufferPoolPruner-1-thread-1" daemon [_thread_blocked, id=25088, stack(0x000000061f300000,0x000000061f400000)]
  0x000001c6b0390650 JavaThread "cluster-ClusterId{value='68a9fc752e49f5310f611e7d', description='null'}-localhost:27017" daemon [_thread_in_native, id=11780, stack(0x000000061f400000,0x000000061f500000)]
  0x000001c6b038d680 JavaThread "cluster-rtt-ClusterId{value='68a9fc752e49f5310f611e7d', description='null'}-localhost:27017" daemon [_thread_blocked, id=19020, stack(0x000000061f600000,0x000000061f700000)]
  0x000001c6b038e120 JavaThread "MaintenanceTimer-2-thread-1" daemon [_thread_blocked, id=11140, stack(0x000000061f700000,0x000000061f800000)]
  0x000001c6b038bbf0 JavaThread "Live Reload Server" daemon [_thread_in_native, id=17592, stack(0x000000061f900000,0x000000061fa00000)]
  0x000001c6b038a6b0 JavaThread "File Watcher" daemon [_thread_blocked, id=20112, stack(0x000000061f800000,0x000000061f900000)]
  0x000001c6b03896c0 JavaThread "http-nio-8080-exec-1" daemon [_thread_in_Java, id=11112, stack(0x000000061fa00000,0x000000061fb00000)]
  0x000001c6b0390ba0 JavaThread "http-nio-8080-exec-2" daemon [_thread_blocked, id=19312, stack(0x000000061fb00000,0x000000061fc00000)]
  0x000001c6b038fbb0 JavaThread "http-nio-8080-exec-3" daemon [_thread_blocked, id=6116, stack(0x000000061fc00000,0x000000061fd00000)]
  0x000001c6b038d130 JavaThread "http-nio-8080-exec-4" daemon [_thread_blocked, id=27412, stack(0x000000061fd00000,0x000000061fe00000)]
  0x000001c6b038f660 JavaThread "http-nio-8080-exec-5" daemon [_thread_blocked, id=8020, stack(0x000000061fe00000,0x000000061ff00000)]
  0x000001c6b038e670 JavaThread "http-nio-8080-exec-6" daemon [_thread_blocked, id=23676, stack(0x000000061ff00000,0x0000000620000000)]
  0x000001c6b038c140 JavaThread "http-nio-8080-exec-7" daemon [_thread_blocked, id=8072, stack(0x0000000620000000,0x0000000620100000)]
  0x000001c6b038dbd0 JavaThread "http-nio-8080-exec-8" daemon [_thread_blocked, id=24376, stack(0x0000000620100000,0x0000000620200000)]
  0x000001c6b0390100 JavaThread "http-nio-8080-exec-9" daemon [_thread_blocked, id=8176, stack(0x0000000620200000,0x0000000620300000)]
  0x000001c6b0389c10 JavaThread "http-nio-8080-exec-10" daemon [_thread_blocked, id=17636, stack(0x0000000620300000,0x0000000620400000)]
  0x000001c6b03910f0 JavaThread "http-nio-8080-Poller" daemon [_thread_in_native, id=7840, stack(0x0000000620400000,0x0000000620500000)]
  0x000001c6b038ebc0 JavaThread "http-nio-8080-Acceptor" daemon [_thread_in_native, id=21780, stack(0x0000000620500000,0x0000000620600000)]
  0x000001c6b038a160 JavaThread "DestroyJavaVM" [_thread_blocked, id=27088, stack(0x000000061d100000,0x000000061d200000)]

Other Threads:
  0x000001c6aaa2f970 VMThread "VM Thread" [stack: 0x000000061d700000,0x000000061d800000] [id=26436]
  0x000001c6af44ada0 WatcherThread "VM Periodic Task Thread" [stack: 0x000000061e400000,0x000000061e500000] [id=25100]
  0x000001c68c4c9860 WorkerThread "GC Thread#0" [stack: 0x000000061d200000,0x000000061d300000] [id=27392]
  0x000001c6afb27a60 WorkerThread "GC Thread#1" [stack: 0x000000061e700000,0x000000061e800000] [id=27404]
  0x000001c6afb7e3a0 WorkerThread "GC Thread#2" [stack: 0x000000061e800000,0x000000061e900000] [id=25672]
  0x000001c6afb7e670 WorkerThread "GC Thread#3" [stack: 0x000000061e900000,0x000000061ea00000] [id=7160]
  0x000001c6afb9d700 WorkerThread "GC Thread#4" [stack: 0x000000061ea00000,0x000000061eb00000] [id=19824]
  0x000001c6afb9ce90 WorkerThread "GC Thread#5" [stack: 0x000000061eb00000,0x000000061ec00000] [id=6964]
  0x000001c6afb9c350 WorkerThread "GC Thread#6" [stack: 0x000000061ec00000,0x000000061ed00000] [id=16312]
  0x000001c6afb9cbc0 WorkerThread "GC Thread#7" [stack: 0x000000061ed00000,0x000000061ee00000] [id=23448]
  0x000001c68c4db010 ConcurrentGCThread "G1 Main Marker" [stack: 0x000000061d300000,0x000000061d400000] [id=10360]
  0x000001c68c4dc280 WorkerThread "G1 Conc#0" [stack: 0x000000061d400000,0x000000061d500000] [id=22216]
  0x000001c6afb9d160 WorkerThread "G1 Conc#1" [stack: 0x000000061ee00000,0x000000061ef00000] [id=19708]
  0x000001c6aa8e4430 ConcurrentGCThread "G1 Refine#0" [stack: 0x000000061d500000,0x000000061d600000] [id=1088]
  0x000001c6aa8e5d30 ConcurrentGCThread "G1 Service" [stack: 0x000000061d600000,0x000000061d700000] [id=5580]

Threads with active compile tasks:
C2 CompilerThread0   112039 9118       4       com.mongodb.internal.connection.CommandProtocolImpl::<init> (112 bytes)

VM state: not at safepoint (normal execution)

VM Mutex/Monitor currently owned by a thread: None

Heap address: 0x0000000084200000, size: 1982 MB, Compressed Oops mode: 32-bit

CDS archive(s) mapped at: [0x0000000800000000-0x0000000800c40000-0x0000000800c40000), size 12845056, SharedBaseAddress: 0x0000000800000000, ArchiveRelocationMode: 0.
Compressed class space mapped at: 0x0000000801000000-0x0000000841000000, reserved size: 1073741824
Narrow klass base: 0x0000000800000000, Narrow klass shift: 0, Narrow klass range: 0x100000000

GC Precious Log:
 CardTable entry size: 512
 Card Set container configuration: InlinePtr #cards 5 size 8 Array Of Cards #cards 12 size 40 Howl #buckets 4 coarsen threshold 1843 Howl Bitmap #cards 512 size 80 coarsen threshold 460 Card regions per heap region 1 cards per card region 2048
 CPUs: 8 total, 8 available
 Memory: 7926M
 Large Page Support: Disabled
 NUMA Support: Disabled
 Compressed Oops: Enabled (32-bit)
 Heap Region Size: 1M
 Heap Min Capacity: 8M
 Heap Initial Capacity: 124M
 Heap Max Capacity: 1982M
 Pre-touch: Disabled
 Parallel Workers: 8
 Concurrent Workers: 2
 Concurrent Refinement Workers: 8
 Periodic GC: Disabled

Heap:
 garbage-first heap   total 63488K, used 49349K [0x0000000084200000, 0x0000000100000000)
  region size 1024K, 30 young (30720K), 1 survivors (1024K)
 Metaspace       used 44821K, committed 45440K, reserved 1114112K
  class space    used 5416K, committed 5696K, reserved 1048576K

Heap Regions: E=young(eden), S=young(survivor), O=old, HS=humongous(starts), HC=humongous(continues), CS=collection set, F=free, OA=open archive, CA=closed archive, TAMS=top-at-mark-start (previous, next)
|   0|0x0000000084200000, 0x0000000084300000, 0x0000000084300000|100%| O|  |TAMS 0x0000000084300000, 0x0000000084200000| Untracked 
|   1|0x0000000084300000, 0x0000000084400000, 0x0000000084400000|100%| O|  |TAMS 0x0000000084400000, 0x0000000084300000| Untracked 
|   2|0x0000000084400000, 0x0000000084500000, 0x0000000084500000|100%| O|  |TAMS 0x0000000084500000, 0x0000000084400000| Untracked 
|   3|0x0000000084500000, 0x0000000084600000, 0x0000000084600000|100%| O|  |TAMS 0x0000000084600000, 0x0000000084500000| Untracked 
|   4|0x0000000084600000, 0x0000000084700000, 0x0000000084700000|100%| O|  |TAMS 0x0000000084700000, 0x0000000084600000| Untracked 
|   5|0x0000000084700000, 0x0000000084800000, 0x0000000084800000|100%| O|  |TAMS 0x0000000084800000, 0x0000000084700000| Untracked 
|   6|0x0000000084800000, 0x0000000084900000, 0x0000000084900000|100%| O|  |TAMS 0x0000000084900000, 0x0000000084800000| Untracked 
|   7|0x0000000084900000, 0x0000000084a00000, 0x0000000084a00000|100%| O|  |TAMS 0x0000000084a00000, 0x0000000084900000| Untracked 
|   8|0x0000000084a00000, 0x0000000084b00000, 0x0000000084b00000|100%| O|  |TAMS 0x0000000084b00000, 0x0000000084a00000| Untracked 
|   9|0x0000000084b00000, 0x0000000084c00000, 0x0000000084c00000|100%| O|  |TAMS 0x0000000084c00000, 0x0000000084b00000| Untracked 
|  10|0x0000000084c00000, 0x0000000084d00000, 0x0000000084d00000|100%| O|  |TAMS 0x0000000084d00000, 0x0000000084c00000| Untracked 
|  11|0x0000000084d00000, 0x0000000084e00000, 0x0000000084e00000|100%| O|  |TAMS 0x0000000084e00000, 0x0000000084d00000| Untracked 
|  12|0x0000000084e00000, 0x0000000084f00000, 0x0000000084f00000|100%| O|  |TAMS 0x0000000084f00000, 0x0000000084e00000| Untracked 
|  13|0x0000000084f00000, 0x0000000084f00000, 0x0000000085000000|  0%| F|  |TAMS 0x0000000084f00000, 0x0000000084f00000| Untracked 
|  14|0x0000000085000000, 0x00000000850e3a00, 0x0000000085100000| 88%| O|  |TAMS 0x0000000085000000, 0x0000000085000000| Untracked 
|  15|0x0000000085100000, 0x0000000085200000, 0x0000000085200000|100%| O|  |TAMS 0x0000000085200000, 0x0000000085100000| Untracked 
|  16|0x0000000085200000, 0x0000000085300000, 0x0000000085300000|100%| O|  |TAMS 0x0000000085300000, 0x0000000085200000| Untracked 
|  17|0x0000000085300000, 0x0000000085400000, 0x0000000085400000|100%| O|  |TAMS 0x0000000085400000, 0x0000000085300000| Untracked 
|  18|0x0000000085400000, 0x0000000085500000, 0x0000000085500000|100%| O|  |TAMS 0x0000000085500000, 0x0000000085400000| Untracked 
|  19|0x0000000085500000, 0x0000000085600000, 0x0000000085600000|100%| O|  |TAMS 0x0000000085600000, 0x0000000085500000| Untracked 
|  20|0x0000000085600000, 0x0000000085700000, 0x0000000085700000|100%| O|  |TAMS 0x0000000085639e00, 0x0000000085600000| Untracked 
|  21|0x0000000085700000, 0x0000000085700000, 0x0000000085800000|  0%| F|  |TAMS 0x0000000085700000, 0x0000000085700000| Untracked 
|  22|0x0000000085800000, 0x0000000085800000, 0x0000000085900000|  0%| F|  |TAMS 0x0000000085800000, 0x0000000085800000| Untracked 
|  23|0x0000000085900000, 0x0000000085900000, 0x0000000085a00000|  0%| F|  |TAMS 0x0000000085900000, 0x0000000085900000| Untracked 
|  24|0x0000000085a00000, 0x0000000085a00000, 0x0000000085b00000|  0%| F|  |TAMS 0x0000000085a00000, 0x0000000085a00000| Untracked 
|  25|0x0000000085b00000, 0x0000000085b00000, 0x0000000085c00000|  0%| F|  |TAMS 0x0000000085b00000, 0x0000000085b00000| Untracked 
|  26|0x0000000085c00000, 0x0000000085c00000, 0x0000000085d00000|  0%| F|  |TAMS 0x0000000085c00000, 0x0000000085c00000| Untracked 
|  27|0x0000000085d00000, 0x0000000085d00000, 0x0000000085e00000|  0%| F|  |TAMS 0x0000000085d00000, 0x0000000085d00000| Untracked 
|  28|0x0000000085e00000, 0x0000000085e00000, 0x0000000085f00000|  0%| F|  |TAMS 0x0000000085e00000, 0x0000000085e00000| Untracked 
|  29|0x0000000085f00000, 0x0000000085f4db00, 0x0000000086000000| 30%| S|CS|TAMS 0x0000000085f00000, 0x0000000085f00000| Complete 
|  30|0x0000000086000000, 0x0000000086000000, 0x0000000086100000|  0%| F|  |TAMS 0x0000000086000000, 0x0000000086000000| Untracked 
|  31|0x0000000086100000, 0x0000000086100000, 0x0000000086200000|  0%| F|  |TAMS 0x0000000086100000, 0x0000000086100000| Untracked 
|  32|0x0000000086200000, 0x0000000086200000, 0x0000000086300000|  0%| F|  |TAMS 0x0000000086200000, 0x0000000086200000| Untracked 
|  33|0x0000000086300000, 0x000000008634f088, 0x0000000086400000| 30%| E|  |TAMS 0x0000000086300000, 0x0000000086300000| Complete 
|  34|0x0000000086400000, 0x0000000086500000, 0x0000000086500000|100%| E|CS|TAMS 0x0000000086400000, 0x0000000086400000| Complete 
|  35|0x0000000086500000, 0x0000000086600000, 0x0000000086600000|100%| E|CS|TAMS 0x0000000086500000, 0x0000000086500000| Complete 
|  36|0x0000000086600000, 0x0000000086700000, 0x0000000086700000|100%| E|CS|TAMS 0x0000000086600000, 0x0000000086600000| Complete 
|  37|0x0000000086700000, 0x0000000086800000, 0x0000000086800000|100%| E|CS|TAMS 0x0000000086700000, 0x0000000086700000| Complete 
|  38|0x0000000086800000, 0x0000000086900000, 0x0000000086900000|100%| E|CS|TAMS 0x0000000086800000, 0x0000000086800000| Complete 
|  39|0x0000000086900000, 0x0000000086a00000, 0x0000000086a00000|100%| E|CS|TAMS 0x0000000086900000, 0x0000000086900000| Complete 
|  40|0x0000000086a00000, 0x0000000086b00000, 0x0000000086b00000|100%| E|CS|TAMS 0x0000000086a00000, 0x0000000086a00000| Complete 
|  41|0x0000000086b00000, 0x0000000086c00000, 0x0000000086c00000|100%| E|CS|TAMS 0x0000000086b00000, 0x0000000086b00000| Complete 
|  42|0x0000000086c00000, 0x0000000086d00000, 0x0000000086d00000|100%| E|CS|TAMS 0x0000000086c00000, 0x0000000086c00000| Complete 
|  43|0x0000000086d00000, 0x0000000086e00000, 0x0000000086e00000|100%| E|CS|TAMS 0x0000000086d00000, 0x0000000086d00000| Complete 
|  44|0x0000000086e00000, 0x0000000086f00000, 0x0000000086f00000|100%| E|CS|TAMS 0x0000000086e00000, 0x0000000086e00000| Complete 
|  45|0x0000000086f00000, 0x0000000087000000, 0x0000000087000000|100%| E|CS|TAMS 0x0000000086f00000, 0x0000000086f00000| Complete 
|  46|0x0000000087000000, 0x0000000087100000, 0x0000000087100000|100%| E|CS|TAMS 0x0000000087000000, 0x0000000087000000| Complete 
|  47|0x0000000087100000, 0x0000000087200000, 0x0000000087200000|100%| E|CS|TAMS 0x0000000087100000, 0x0000000087100000| Complete 
|  48|0x0000000087200000, 0x0000000087300000, 0x0000000087300000|100%| E|CS|TAMS 0x0000000087200000, 0x0000000087200000| Complete 
|  49|0x0000000087300000, 0x0000000087400000, 0x0000000087400000|100%| E|CS|TAMS 0x0000000087300000, 0x0000000087300000| Complete 
|  50|0x0000000087400000, 0x0000000087500000, 0x0000000087500000|100%| E|CS|TAMS 0x0000000087400000, 0x0000000087400000| Complete 
|  51|0x0000000087500000, 0x0000000087600000, 0x0000000087600000|100%| E|CS|TAMS 0x0000000087500000, 0x0000000087500000| Complete 
|  52|0x0000000087600000, 0x0000000087700000, 0x0000000087700000|100%| E|CS|TAMS 0x0000000087600000, 0x0000000087600000| Complete 
|  53|0x0000000087700000, 0x0000000087800000, 0x0000000087800000|100%| E|CS|TAMS 0x0000000087700000, 0x0000000087700000| Complete 
|  54|0x0000000087800000, 0x0000000087900000, 0x0000000087900000|100%| E|CS|TAMS 0x0000000087800000, 0x0000000087800000| Complete 
|  73|0x0000000088b00000, 0x0000000088c00000, 0x0000000088c00000|100%| E|CS|TAMS 0x0000000088b00000, 0x0000000088b00000| Complete 
|  74|0x0000000088c00000, 0x0000000088d00000, 0x0000000088d00000|100%| E|CS|TAMS 0x0000000088c00000, 0x0000000088c00000| Complete 
|  75|0x0000000088d00000, 0x0000000088e00000, 0x0000000088e00000|100%| E|CS|TAMS 0x0000000088d00000, 0x0000000088d00000| Complete 
|  76|0x0000000088e00000, 0x0000000088f00000, 0x0000000088f00000|100%| E|CS|TAMS 0x0000000088e00000, 0x0000000088e00000| Complete 
|  77|0x0000000088f00000, 0x0000000089000000, 0x0000000089000000|100%| E|CS|TAMS 0x0000000088f00000, 0x0000000088f00000| Complete 
|  78|0x0000000089000000, 0x0000000089100000, 0x0000000089100000|100%| E|CS|TAMS 0x0000000089000000, 0x0000000089000000| Complete 
| 123|0x000000008bd00000, 0x000000008be00000, 0x000000008be00000|100%| E|CS|TAMS 0x000000008bd00000, 0x000000008bd00000| Complete 

Card table byte_map: [0x000001c6a3d50000,0x000001c6a4130000] _byte_map_base: 0x000001c6a392f000

Marking Bits (Prev, Next): (CMBitMap*) 0x000001c68c4cacf0, (CMBitMap*) 0x000001c68c4cacb0
 Prev Bits: [0x000001c6a6410000, 0x000001c6a8308000)
 Next Bits: [0x000001c6a4510000, 0x000001c6a6408000)

Polling page: 0x000001c68a410000

Metaspace:

Usage:
  Non-class:     38.48 MB used.
      Class:      5.29 MB used.
       Both:     43.77 MB used.

Virtual space:
  Non-class space:       64.00 MB reserved,      38.81 MB ( 61%) committed,  1 nodes.
      Class space:        1.00 GB reserved,       5.56 MB ( <1%) committed,  1 nodes.
             Both:        1.06 GB reserved,      44.38 MB (  4%) committed. 

Chunk freelists:
   Non-Class:  1.13 MB
       Class:  2.45 MB
        Both:  3.57 MB

MaxMetaspaceSize: unlimited
CompressedClassSpaceSize: 1.00 GB
Initial GC threshold: 21.00 MB
Current GC threshold: 69.63 MB
CDS: on
MetaspaceReclaimPolicy: balanced
 - commit_granule_bytes: 65536.
 - commit_granule_words: 8192.
 - virtual_space_node_default_size: 8388608.
 - enlarge_chunks_in_place: 1.
 - new_chunks_are_fully_committed: 0.
 - uncommit_free_chunks: 1.
 - use_allocation_guard: 0.


Internal statistics:

num_allocs_failed_limit: 6.
num_arena_births: 864.
num_arena_deaths: 0.
num_vsnodes_births: 2.
num_vsnodes_deaths: 0.
num_space_committed: 710.
num_space_uncommitted: 0.
num_chunks_returned_to_freelist: 6.
num_chunks_taken_from_freelist: 2496.
num_chunk_merges: 6.
num_chunk_splits: 1733.
num_chunks_enlarged: 1356.
num_inconsistent_stats: 0.

CodeHeap 'non-profiled nmethods': size=120000Kb used=5045Kb max_used=5045Kb free=114954Kb
 bounds [0x000001c69c110000, 0x000001c69c600000, 0x000001c6a3640000]
CodeHeap 'profiled nmethods': size=120000Kb used=17626Kb max_used=17626Kb free=102373Kb
 bounds [0x000001c694640000, 0x000001c695780000, 0x000001c69bb70000]
CodeHeap 'non-nmethods': size=5760Kb used=1373Kb max_used=1418Kb free=4386Kb
 bounds [0x000001c69bb70000, 0x000001c69bde0000, 0x000001c69c110000]
 total_blobs=8834 nmethods=8243 adapters=501
 compilation: enabled
              stopped_count=0, restarted_count=0
 full_count=0

Compilation events (20 events):
Event: 111.491 Thread 0x000001c6af0807b0 nmethod 9105 0x000001c69c5f2690 code [0x000001c69c5f2820, 0x000001c69c5f2df8]
Event: 111.495 Thread 0x000001c6af0807b0 9109       4       org.springframework.web.accept.ContentNegotiationManager::resolveMediaTypes (61 bytes)
Event: 111.495 Thread 0x000001c6aaa5d6f0 9110       4       org.apache.tomcat.util.buf.ByteChunk::allocate (49 bytes)
Event: 111.502 Thread 0x000001c6aaa5d6f0 nmethod 9110 0x000001c69c5f2f90 code [0x000001c69c5f3120, 0x000001c69c5f33b8]
Event: 111.502 Thread 0x000001c6aaa5d6f0 9111       4       org.bson.codecs.StringCodec::encode (11 bytes)
Event: 111.533 Thread 0x000001c6aaa5d6f0 nmethod 9111 0x000001c69c5f3490 code [0x000001c69c5f36c0, 0x000001c69c5f3eb8]
Event: 111.637 Thread 0x000001c6aaa5d6f0 9112       4       org.apache.tomcat.util.http.MimeHeaders::recycle (31 bytes)
Event: 111.645 Thread 0x000001c6aaa5d6f0 nmethod 9112 0x000001c69c5f4790 code [0x000001c69c5f4920, 0x000001c69c5f4cd8]
Event: 111.647 Thread 0x000001c6aaa5d6f0 9113       4       org.apache.coyote.http11.Http11Processor::statusDropsConnection (62 bytes)
Event: 111.648 Thread 0x000001c6aaa5d6f0 nmethod 9113 0x000001c69c5f4e90 code [0x000001c69c5f5020, 0x000001c69c5f5138]
Event: 111.685 Thread 0x000001c6af0807b0 nmethod 9109 0x000001c69c5f5290 code [0x000001c69c5f5600, 0x000001c69c5f7c60]
Event: 111.728 Thread 0x000001c6aaa5d6f0 9114       4       org.bson.codecs.BsonDocumentCodec::decode (7 bytes)
Event: 111.738 Thread 0x000001c6aaa5d6f0 nmethod 9114 0x000001c69c5faf90 code [0x000001c69c5fb120, 0x000001c69c5fb1c8]
Event: 111.754 Thread 0x000001c6af0807b0 9115       4       java.nio.HeapByteBuffer::duplicate (36 bytes)
Event: 111.758 Thread 0x000001c6aaa5d6f0 9116       4       org.springframework.boot.logging.logback.EnclosedInSquareBracketsConverter::resolveFromFirstOption (43 bytes)
Event: 111.764 Thread 0x000001c6af0807b0 nmethod 9115 0x000001c69c5fb290 code [0x000001c69c5fb420, 0x000001c69c5fb858]
Event: 111.790 Thread 0x000001c6aaa5d6f0 nmethod 9116 0x000001c69c5fbc10 code [0x000001c69c5fbe40, 0x000001c69c5fc780]
Event: 111.896 Thread 0x000001c6aaa5d6f0 9117       4       com.mongodb.internal.connection.DefaultConnectionPool::fromPreviousGeneration (59 bytes)
Event: 111.900 Thread 0x000001c6aaa5d6f0 nmethod 9117 0x000001c69c5fd090 code [0x000001c69c5fd220, 0x000001c69c5fd358]
Event: 111.900 Thread 0x000001c6aaa5d6f0 9118       4       com.mongodb.internal.connection.CommandProtocolImpl::<init> (112 bytes)

GC Heap History (20 events):
Event: 12.931 GC heap before
{Heap before GC invocations=10 (full 0):
 garbage-first heap   total 45056K, used 34170K [0x0000000084200000, 0x0000000100000000)
  region size 1024K, 17 young (17408K), 2 survivors (2048K)
 Metaspace       used 38195K, committed 38784K, reserved 1114112K
  class space    used 4910K, committed 5184K, reserved 1048576K
}
Event: 12.934 GC heap after
{Heap after GC invocations=11 (full 0):
 garbage-first heap   total 45056K, used 20186K [0x0000000084200000, 0x0000000100000000)
  region size 1024K, 3 young (3072K), 3 survivors (3072K)
 Metaspace       used 38195K, committed 38784K, reserved 1114112K
  class space    used 4910K, committed 5184K, reserved 1048576K
}
Event: 12.991 GC heap before
{Heap before GC invocations=11 (full 0):
 garbage-first heap   total 45056K, used 21210K [0x0000000084200000, 0x0000000100000000)
  region size 1024K, 4 young (4096K), 3 survivors (3072K)
 Metaspace       used 38492K, committed 39104K, reserved 1114112K
  class space    used 4951K, committed 5248K, reserved 1048576K
}
Event: 12.995 GC heap after
{Heap after GC invocations=12 (full 0):
 garbage-first heap   total 45056K, used 20103K [0x0000000084200000, 0x0000000100000000)
  region size 1024K, 1 young (1024K), 1 survivors (1024K)
 Metaspace       used 38492K, committed 39104K, reserved 1114112K
  class space    used 4951K, committed 5248K, reserved 1048576K
}
Event: 13.574 GC heap before
{Heap before GC invocations=12 (full 0):
 garbage-first heap   total 45056K, used 32391K [0x0000000084200000, 0x0000000100000000)
  region size 1024K, 14 young (14336K), 1 survivors (1024K)
 Metaspace       used 42054K, committed 42688K, reserved 1114112K
  class space    used 5390K, committed 5696K, reserved 1048576K
}
Event: 13.578 GC heap after
{Heap after GC invocations=13 (full 0):
 garbage-first heap   total 63488K, used 20760K [0x0000000084200000, 0x0000000100000000)
  region size 1024K, 2 young (2048K), 2 survivors (2048K)
 Metaspace       used 42054K, committed 42688K, reserved 1114112K
  class space    used 5390K, committed 5696K, reserved 1048576K
}
Event: 17.528 GC heap before
{Heap before GC invocations=14 (full 0):
 garbage-first heap   total 63488K, used 46360K [0x0000000084200000, 0x0000000100000000)
  region size 1024K, 27 young (27648K), 2 survivors (2048K)
 Metaspace       used 43371K, committed 44032K, reserved 1114112K
  class space    used 5408K, committed 5696K, reserved 1048576K
}
Event: 17.532 GC heap after
{Heap after GC invocations=15 (full 0):
 garbage-first heap   total 63488K, used 20853K [0x0000000084200000, 0x0000000100000000)
  region size 1024K, 2 young (2048K), 2 survivors (2048K)
 Metaspace       used 43371K, committed 44032K, reserved 1114112K
  class space    used 5408K, committed 5696K, reserved 1048576K
}
Event: 17.621 GC heap before
{Heap before GC invocations=15 (full 0):
 garbage-first heap   total 63488K, used 21877K [0x0000000084200000, 0x0000000100000000)
  region size 1024K, 3 young (3072K), 2 survivors (2048K)
 Metaspace       used 43397K, committed 44032K, reserved 1114112K
  class space    used 5408K, committed 5696K, reserved 1048576K
}
Event: 17.626 GC heap after
{Heap after GC invocations=16 (full 0):
 garbage-first heap   total 63488K, used 20560K [0x0000000084200000, 0x0000000100000000)
  region size 1024K, 1 young (1024K), 1 survivors (1024K)
 Metaspace       used 43397K, committed 44032K, reserved 1114112K
  class space    used 5408K, committed 5696K, reserved 1048576K
}
Event: 20.651 GC heap before
{Heap before GC invocations=16 (full 0):
 garbage-first heap   total 63488K, used 48208K [0x0000000084200000, 0x0000000100000000)
  region size 1024K, 28 young (28672K), 1 survivors (1024K)
 Metaspace       used 44386K, committed 45056K, reserved 1114112K
  class space    used 5408K, committed 5696K, reserved 1048576K
}
Event: 20.654 GC heap after
{Heap after GC invocations=17 (full 0):
 garbage-first heap   total 63488K, used 20541K [0x0000000084200000, 0x0000000100000000)
  region size 1024K, 1 young (1024K), 1 survivors (1024K)
 Metaspace       used 44386K, committed 45056K, reserved 1114112K
  class space    used 5408K, committed 5696K, reserved 1048576K
}
Event: 23.987 GC heap before
{Heap before GC invocations=17 (full 0):
 garbage-first heap   total 63488K, used 49213K [0x0000000084200000, 0x0000000100000000)
  region size 1024K, 29 young (29696K), 1 survivors (1024K)
 Metaspace       used 44452K, committed 45120K, reserved 1114112K
  class space    used 5408K, committed 5696K, reserved 1048576K
}
Event: 23.991 GC heap after
{Heap after GC invocations=18 (full 0):
 garbage-first heap   total 63488K, used 20547K [0x0000000084200000, 0x0000000100000000)
  region size 1024K, 1 young (1024K), 1 survivors (1024K)
 Metaspace       used 44452K, committed 45120K, reserved 1114112K
  class space    used 5408K, committed 5696K, reserved 1048576K
}
Event: 101.885 GC heap before
{Heap before GC invocations=18 (full 0):
 garbage-first heap   total 63488K, used 50243K [0x0000000084200000, 0x0000000100000000)
  region size 1024K, 30 young (30720K), 1 survivors (1024K)
 Metaspace       used 44614K, committed 45184K, reserved 1114112K
  class space    used 5414K, committed 5696K, reserved 1048576K
}
Event: 101.889 GC heap after
{Heap after GC invocations=19 (full 0):
 garbage-first heap   total 63488K, used 20624K [0x0000000084200000, 0x0000000100000000)
  region size 1024K, 1 young (1024K), 1 survivors (1024K)
 Metaspace       used 44614K, committed 45184K, reserved 1114112K
  class space    used 5414K, committed 5696K, reserved 1048576K
}
Event: 105.274 GC heap before
{Heap before GC invocations=19 (full 0):
 garbage-first heap   total 63488K, used 51344K [0x0000000084200000, 0x0000000100000000)
  region size 1024K, 31 young (31744K), 1 survivors (1024K)
 Metaspace       used 44701K, committed 45312K, reserved 1114112K
  class space    used 5414K, committed 5696K, reserved 1048576K
}
Event: 105.277 GC heap after
{Heap after GC invocations=20 (full 0):
 garbage-first heap   total 63488K, used 20656K [0x0000000084200000, 0x0000000100000000)
  region size 1024K, 1 young (1024K), 1 survivors (1024K)
 Metaspace       used 44701K, committed 45312K, reserved 1114112K
  class space    used 5414K, committed 5696K, reserved 1048576K
}
Event: 108.798 GC heap before
{Heap before GC invocations=20 (full 0):
 garbage-first heap   total 63488K, used 52400K [0x0000000084200000, 0x0000000100000000)
  region size 1024K, 32 young (32768K), 1 survivors (1024K)
 Metaspace       used 44789K, committed 45440K, reserved 1114112K
  class space    used 5416K, committed 5696K, reserved 1048576K
}
Event: 108.801 GC heap after
{Heap after GC invocations=21 (full 0):
 garbage-first heap   total 63488K, used 20677K [0x0000000084200000, 0x0000000100000000)
  region size 1024K, 1 young (1024K), 1 survivors (1024K)
 Metaspace       used 44789K, committed 45440K, reserved 1114112K
  class space    used 5416K, committed 5696K, reserved 1048576K
}

Dll operation events (14 events):
Event: 0.029 Loaded shared library C:\Users\Ritej\.jdks\corretto-19.0.2\bin\java.dll
Event: 0.050 Loaded shared library C:\Users\Ritej\.jdks\corretto-19.0.2\bin\jsvml.dll
Event: 0.303 Loaded shared library C:\Users\Ritej\.jdks\corretto-19.0.2\bin\zip.dll
Event: 0.310 Loaded shared library C:\Users\Ritej\.jdks\corretto-19.0.2\bin\instrument.dll
Event: 0.328 Loaded shared library C:\Users\Ritej\.jdks\corretto-19.0.2\bin\net.dll
Event: 0.333 Loaded shared library C:\Users\Ritej\.jdks\corretto-19.0.2\bin\nio.dll
Event: 0.344 Loaded shared library C:\Users\Ritej\.jdks\corretto-19.0.2\bin\zip.dll
Event: 0.556 Loaded shared library C:\Program Files\JetBrains\IntelliJ IDEA Community Edition 2024.1.4\bin\breakgen64.dll
Event: 0.578 Loaded shared library C:\Users\Ritej\.jdks\corretto-19.0.2\bin\extnet.dll
Event: 0.647 Loaded shared library C:\Users\Ritej\.jdks\corretto-19.0.2\bin\jimage.dll
Event: 1.055 Loaded shared library C:\Users\Ritej\.jdks\corretto-19.0.2\bin\management.dll
Event: 1.061 Loaded shared library C:\Users\Ritej\.jdks\corretto-19.0.2\bin\management_ext.dll
Event: 2.692 Loaded shared library C:\Users\Ritej\.jdks\corretto-19.0.2\bin\sunmscapi.dll
Event: 13.275 Loaded shared library C:\Users\Ritej\.jdks\corretto-19.0.2\bin\verify.dll

Deoptimization events (20 events):
Event: 101.104 Thread 0x000001c6b038d130 Uncommon trap: trap_request=0xffffff45 fr.pc=0x000001c69c4afcac relative=0x000000000000028c
Event: 101.104 Thread 0x000001c6b038d130 Uncommon trap: reason=unstable_if action=reinterpret pc=0x000001c69c4afcac method=org.apache.coyote.AbstractProcessor.action(Lorg/apache/coyote/ActionCode;Ljava/lang/Object;)V @ 8 c2
Event: 101.105 Thread 0x000001c6b038d130 DEOPT PACKING pc=0x000001c69c4afcac sp=0x000000061fdfc7b0
Event: 101.105 Thread 0x000001c6b038d130 DEOPT UNPACKING pc=0x000001c69bbda5a3 sp=0x000000061fdfc748 mode 2
Event: 101.106 Thread 0x000001c6b038d130 Uncommon trap: trap_request=0xffffff45 fr.pc=0x000001c69c47a448 relative=0x0000000000000228
Event: 101.106 Thread 0x000001c6b038d130 Uncommon trap: reason=unstable_if action=reinterpret pc=0x000001c69c47a448 method=java.util.HashMap.clear()V @ 23 c2
Event: 101.106 Thread 0x000001c6b038d130 DEOPT PACKING pc=0x000001c69c47a448 sp=0x000000061fdfe870
Event: 101.106 Thread 0x000001c6b038d130 DEOPT UNPACKING pc=0x000001c69bbda5a3 sp=0x000000061fdfe818 mode 2
Event: 103.823 Thread 0x000001c6b038fbb0 DEOPT PACKING pc=0x000001c69522f118 sp=0x000000061fcfe730
Event: 103.823 Thread 0x000001c6b038fbb0 DEOPT UNPACKING pc=0x000001c69bbdb0e3 sp=0x000000061fcfdb50 mode 0
Event: 104.590 Thread 0x000001c6b038e670 DEOPT PACKING pc=0x000001c69547e965 sp=0x000000061fffe480
Event: 104.590 Thread 0x000001c6b038e670 DEOPT UNPACKING pc=0x000001c69bbdb0e3 sp=0x000000061fffd8a8 mode 0
Event: 106.021 Thread 0x000001c6b038d680 Uncommon trap: trap_request=0xffffff45 fr.pc=0x000001c69c526460 relative=0x0000000000000140
Event: 106.021 Thread 0x000001c6b038d680 Uncommon trap: reason=unstable_if action=reinterpret pc=0x000001c69c526460 method=java.util.concurrent.ConcurrentLinkedDeque.updateTail()V @ 9 c2
Event: 106.021 Thread 0x000001c6b038d680 DEOPT PACKING pc=0x000001c69c526460 sp=0x000000061f6ff000
Event: 106.021 Thread 0x000001c6b038d680 DEOPT UNPACKING pc=0x000001c69bbda5a3 sp=0x000000061f6fefa0 mode 2
Event: 106.041 Thread 0x000001c6b038e670 DEOPT PACKING pc=0x000001c694b04750 sp=0x000000061fffe3a0
Event: 106.041 Thread 0x000001c6b038e670 DEOPT UNPACKING pc=0x000001c69bbdb0e3 sp=0x000000061fffd818 mode 0
Event: 110.806 Thread 0x000001c6b038c140 DEOPT PACKING pc=0x000001c6952abfd2 sp=0x00000006200fea00
Event: 110.806 Thread 0x000001c6b038c140 DEOPT UNPACKING pc=0x000001c69bbdb0e3 sp=0x00000006200fdec8 mode 0

Classes loaded (20 events):
Event: 13.113 Loading class java/util/TreeMap$KeySpliterator
Event: 13.114 Loading class java/util/TreeMap$KeySpliterator done
Event: 13.368 Loading class java/util/OptionalLong
Event: 13.368 Loading class java/util/OptionalLong done
Event: 13.368 Loading class java/util/OptionalDouble
Event: 13.369 Loading class java/util/OptionalDouble done
Event: 13.379 Loading class java/util/AbstractMap$SimpleEntry
Event: 13.379 Loading class java/util/AbstractMap$SimpleEntry done
Event: 13.416 Loading class java/util/stream/LongStream
Event: 13.416 Loading class java/util/stream/LongStream done
Event: 13.416 Loading class java/util/stream/DoubleStream
Event: 13.417 Loading class java/util/stream/DoubleStream done
Event: 13.443 Loading class org/w3c/dom/Node
Event: 13.444 Loading class org/w3c/dom/Node done
Event: 13.444 Loading class org/w3c/dom/Document
Event: 13.444 Loading class org/w3c/dom/Document done
Event: 15.930 Loading class java/util/concurrent/ConcurrentLinkedDeque$CLDSpliterator
Event: 15.931 Loading class java/util/concurrent/ConcurrentLinkedDeque$CLDSpliterator done
Event: 26.851 Loading class sun/util/locale/LocaleExtensions
Event: 26.852 Loading class sun/util/locale/LocaleExtensions done

Classes unloaded (0 events):
No events

Classes redefined (0 events):
No events

Internal exceptions (20 events):
Event: 6.655 Thread 0x000001c6af0120e0 Exception <a 'java/lang/NoSuchMethodError'{0x0000000088c388c8}: 'void java.lang.invoke.Invokers$Holder.invokeExact_MT(java.lang.Object, java.lang.Object, java.lang.Object, java.lang.Object)'> (0x0000000088c388c8) 
thrown [s\src\hotspot\share\interpreter\linkResolver.cpp, line 774]
Event: 6.719 Thread 0x000001c6af0120e0 Implicit null exception at 0x000001c69c330b4b to 0x000001c69c330d44
Event: 6.760 Thread 0x000001c6af0120e0 Implicit null exception at 0x000001c69c314e4c to 0x000001c69c314ed5
Event: 6.765 Thread 0x000001c6af0120e0 Exception <a 'java/lang/NoSuchMethodError'{0x00000000866ae658}: 'java.lang.Object java.lang.invoke.DirectMethodHandle$Holder.newInvokeSpecial(java.lang.Object, java.lang.Object, java.lang.Object, java.lang.Object, java.lang.Object, java.lang.Object, java.lang.Object, java.lang.Object)'> (0x00000000866ae658) 
thrown [s\src\hotspot\share\interpreter\linkResolver.cpp, line 774]
Event: 7.038 Thread 0x000001c6af0120e0 Exception <a 'java/lang/NoSuchMethodError'{0x0000000088f4b968}: 'java.lang.Object java.lang.invoke.DirectMethodHandle$Holder.invokeSpecial(java.lang.Object, java.lang.Object, int, java.lang.Object, java.lang.Object)'> (0x0000000088f4b968) 
thrown [s\src\hotspot\share\interpreter\linkResolver.cpp, line 774]
Event: 7.038 Thread 0x000001c6af0120e0 Exception <a 'java/lang/NoSuchMethodError'{0x0000000088f4f8d8}: 'java.lang.Object java.lang.invoke.DelegatingMethodHandle$Holder.delegate(java.lang.Object, int, java.lang.Object, java.lang.Object)'> (0x0000000088f4f8d8) 
thrown [s\src\hotspot\share\interpreter\linkResolver.cpp, line 774]
Event: 7.040 Thread 0x000001c6af0120e0 Exception <a 'java/lang/NoSuchMethodError'{0x0000000088f5fda8}: 'int java.lang.invoke.Invokers$Holder.linkToTargetMethod(java.lang.Object, java.lang.Object, java.lang.Object)'> (0x0000000088f5fda8) 
thrown [s\src\hotspot\share\interpreter\linkResolver.cpp, line 774]
Event: 7.059 Thread 0x000001c6af0120e0 Exception <a 'sun/nio/fs/WindowsException'{0x0000000088fd1f28}> (0x0000000088fd1f28) 
thrown [s\src\hotspot\share\prims\jni.cpp, line 517]
Event: 7.108 Thread 0x000001c6af0120e0 Exception <a 'java/lang/IncompatibleClassChangeError'{0x0000000088db32e8}: Found class java.lang.Object, but interface was expected> (0x0000000088db32e8) 
thrown [s\src\hotspot\share\interpreter\linkResolver.cpp, line 841]
Event: 7.216 Thread 0x000001c6af0120e0 Exception <a 'java/lang/NoSuchMethodError'{0x00000000866e1a20}: 'int java.lang.invoke.DirectMethodHandle$Holder.invokeStaticInit(java.lang.Object, java.lang.Object, java.lang.Object, java.lang.Object)'> (0x00000000866e1a20) 
thrown [s\src\hotspot\share\interpreter\linkResolver.cpp, line 774]
Event: 7.390 Thread 0x000001c6af0120e0 Exception <a 'java/lang/NoSuchMethodError'{0x00000000860f5058}: 'java.lang.Object java.lang.invoke.DirectMethodHandle$Holder.newInvokeSpecial(java.lang.Object, java.lang.Object, int, java.lang.Object, java.lang.Object)'> (0x00000000860f5058) 
thrown [s\src\hotspot\share\interpreter\linkResolver.cpp, line 774]
Event: 12.870 Thread 0x000001c6b038ebc0 Exception <a 'java/lang/NoSuchMethodError'{0x0000000085d34930}: 'java.lang.Object java.lang.invoke.DirectMethodHandle$Holder.invokeStatic(java.lang.Object, java.lang.Object, java.lang.Object, int, int)'> (0x0000000085d34930) 
thrown [s\src\hotspot\share\interpreter\linkResolver.cpp, line 774]
Event: 12.871 Thread 0x000001c6b038ebc0 Exception <a 'java/lang/NoSuchMethodError'{0x0000000085d38190}: 'java.lang.Object java.lang.invoke.DirectMethodHandle$Holder.invokeStaticInit(java.lang.Object, java.lang.Object, java.lang.Object, int, int)'> (0x0000000085d38190) 
thrown [s\src\hotspot\share\interpreter\linkResolver.cpp, line 774]
Event: 12.960 Thread 0x000001c6b03896c0 Exception <a 'java/lang/NoSuchMethodError'{0x000000008bd88bf8}: 'java.lang.Object java.lang.invoke.DirectMethodHandle$Holder.invokeSpecial(java.lang.Object, java.lang.Object, java.lang.Object, java.lang.Object, java.lang.Object, long)'> (0x000000008bd88bf8) 
thrown [s\src\hotspot\share\interpreter\linkResolver.cpp, line 774]
Event: 12.961 Thread 0x000001c6b03896c0 Exception <a 'java/lang/NoSuchMethodError'{0x000000008bd8c888}: 'java.lang.Object java.lang.invoke.Invokers$Holder.linkToTargetMethod(java.lang.Object, java.lang.Object, java.lang.Object, long, java.lang.Object)'> (0x000000008bd8c888) 
thrown [s\src\hotspot\share\interpreter\linkResolver.cpp, line 774]
Event: 13.207 Thread 0x000001c6b03896c0 Exception <a 'java/lang/NoSuchMethodError'{0x0000000086675140}: 'long java.lang.invoke.DirectMethodHandle$Holder.invokeStatic(java.lang.Object, long)'> (0x0000000086675140) 
thrown [s\src\hotspot\share\interpreter\linkResolver.cpp, line 774]
Event: 13.278 Thread 0x000001c6b03896c0 Exception <a 'java/lang/NoSuchMethodError'{0x000000008644ee20}: 'void java.lang.invoke.Invokers$Holder.invoke_MT(java.lang.Object, java.lang.Object, java.lang.Object, java.lang.Object)'> (0x000000008644ee20) 
thrown [s\src\hotspot\share\interpreter\linkResolver.cpp, line 774]
Event: 13.595 Thread 0x000001c6b0390ba0 Exception <a 'java/lang/NoSuchMethodError'{0x000000008bd49ed8}: 'java.lang.Object java.lang.invoke.DirectMethodHandle$Holder.invokeInterface(java.lang.Object, java.lang.Object, int)'> (0x000000008bd49ed8) 
thrown [s\src\hotspot\share\interpreter\linkResolver.cpp, line 774]
Event: 65.589 Thread 0x000001c6af015600 Exception <a 'java/lang/NoSuchMethodError'{0x000000008680a6e8}: 'java.lang.Object java.lang.invoke.DirectMethodHandle$Holder.newInvokeSpecial(java.lang.Object, java.lang.Object, long)'> (0x000000008680a6e8) 
thrown [s\src\hotspot\share\interpreter\linkResolver.cpp, line 774]
Event: 65.589 Thread 0x000001c6af015600 Exception <a 'java/lang/NoSuchMethodError'{0x000000008680de90}: 'java.lang.Object java.lang.invoke.Invokers$Holder.linkToTargetMethod(java.lang.Object, long, java.lang.Object)'> (0x000000008680de90) 
thrown [s\src\hotspot\share\interpreter\linkResolver.cpp, line 774]

VM Operations (20 events):
Event: 103.900 Executing VM operation: Cleanup
Event: 103.900 Executing VM operation: Cleanup done
Event: 104.912 Executing VM operation: Cleanup
Event: 104.913 Executing VM operation: Cleanup done
Event: 105.274 Executing VM operation: G1CollectForAllocation
Event: 105.278 Executing VM operation: G1CollectForAllocation done
Event: 106.285 Executing VM operation: Cleanup
Event: 106.285 Executing VM operation: Cleanup done
Event: 107.292 Executing VM operation: Cleanup
Event: 107.292 Executing VM operation: Cleanup done
Event: 108.306 Executing VM operation: Cleanup
Event: 108.306 Executing VM operation: Cleanup done
Event: 108.798 Executing VM operation: G1CollectForAllocation
Event: 108.801 Executing VM operation: G1CollectForAllocation done
Event: 109.816 Executing VM operation: Cleanup
Event: 109.816 Executing VM operation: Cleanup done
Event: 110.824 Executing VM operation: Cleanup
Event: 110.824 Executing VM operation: Cleanup done
Event: 111.837 Executing VM operation: Cleanup
Event: 111.837 Executing VM operation: Cleanup done

Events (20 events):
Event: 25.972 Thread 0x000001c6af0130d0 flushing nmethod 0x000001c695076a10
Event: 25.973 Thread 0x000001c6af0130d0 flushing nmethod 0x000001c695083890
Event: 25.973 Thread 0x000001c6af0130d0 flushing nmethod 0x000001c695088210
Event: 25.973 Thread 0x000001c6af0130d0 flushing nmethod 0x000001c695088a90
Event: 25.973 Thread 0x000001c6af0130d0 flushing nmethod 0x000001c69508a810
Event: 25.973 Thread 0x000001c6af0130d0 flushing nmethod 0x000001c695095010
Event: 25.973 Thread 0x000001c6af0130d0 flushing nmethod 0x000001c6950a4d10
Event: 25.973 Thread 0x000001c6af0130d0 flushing nmethod 0x000001c6950a5510
Event: 25.973 Thread 0x000001c6af0130d0 flushing nmethod 0x000001c6950be210
Event: 25.973 Thread 0x000001c6af0130d0 flushing nmethod 0x000001c6950be690
Event: 103.207 Thread 0x000001c6af07e0c0 Thread added: 0x000001c6af07e0c0
Event: 104.694 Thread 0x000001c6af07e0c0 Thread exited: 0x000001c6af07e0c0
Event: 105.073 Thread 0x000001c6af07ca80 Thread added: 0x000001c6af07ca80
Event: 105.661 Thread 0x000001c6af07ca80 Thread exited: 0x000001c6af07ca80
Event: 107.546 Thread 0x000001c6af07d010 Thread added: 0x000001c6af07d010
Event: 107.879 Thread 0x000001c6af07d010 Thread exited: 0x000001c6af07d010
Event: 109.893 Thread 0x000001c6af07d010 Thread added: 0x000001c6af07d010
Event: 110.197 Thread 0x000001c6af07d010 Thread exited: 0x000001c6af07d010
Event: 111.326 Thread 0x000001c6af0807b0 Thread added: 0x000001c6af0807b0
Event: 111.896 Thread 0x000001c6af0807b0 Thread exited: 0x000001c6af0807b0


Dynamic libraries:
0x00007ff6a0270000 - 0x00007ff6a027d000 	C:\Users\Ritej\.jdks\corretto-19.0.2\bin\java.exe
0x00007ffc8c9f0000 - 0x00007ffc8cc07000 	C:\WINDOWS\SYSTEM32\ntdll.dll
0x00007ffc55690000 - 0x00007ffc556b0000 	C:\Program Files\Avast Software\Avast\aswhook.dll
0x00007ffc8b8f0000 - 0x00007ffc8b9b4000 	C:\WINDOWS\System32\KERNEL32.DLL
0x00007ffc89eb0000 - 0x00007ffc8a280000 	C:\WINDOWS\System32\KERNELBASE.dll
0x00007ffc8a3f0000 - 0x00007ffc8a501000 	C:\WINDOWS\System32\ucrtbase.dll
0x00007ffc72540000 - 0x00007ffc72557000 	C:\Users\Ritej\.jdks\corretto-19.0.2\bin\jli.dll
0x00007ffc723d0000 - 0x00007ffc723e5000 	C:\Users\Ritej\.jdks\corretto-19.0.2\bin\VCRUNTIME140.dll
0x00007ffc8bc80000 - 0x00007ffc8be2e000 	C:\WINDOWS\System32\USER32.dll
0x00007ffc89e00000 - 0x00007ffc89e26000 	C:\WINDOWS\System32\win32u.dll
0x00007ffc8b8c0000 - 0x00007ffc8b8e9000 	C:\WINDOWS\System32\GDI32.dll
0x00007ffc8a510000 - 0x00007ffc8a62b000 	C:\WINDOWS\System32\gdi32full.dll
0x00007ffc690f0000 - 0x00007ffc69382000 	C:\WINDOWS\WinSxS\amd64_microsoft.windows.common-controls_6595b64144ccf1df_6.0.22621.4830_none_270fe7d773858e80\COMCTL32.dll
0x00007ffc89d60000 - 0x00007ffc89dfa000 	C:\WINDOWS\System32\msvcp_win.dll
0x00007ffc8b600000 - 0x00007ffc8b6a7000 	C:\WINDOWS\System32\msvcrt.dll
0x00007ffc8c8f0000 - 0x00007ffc8c921000 	C:\WINDOWS\System32\IMM32.DLL
0x00007ffc58d70000 - 0x00007ffc58e0b000 	C:\Users\Ritej\.jdks\corretto-19.0.2\bin\msvcp140.dll
0x00007ffc263f0000 - 0x00007ffc270c9000 	C:\Users\Ritej\.jdks\corretto-19.0.2\bin\server\jvm.dll
0x00007ffc8a7b0000 - 0x00007ffc8a861000 	C:\WINDOWS\System32\ADVAPI32.dll
0x00007ffc8c4b0000 - 0x00007ffc8c557000 	C:\WINDOWS\System32\sechost.dll
0x00007ffc8a6b0000 - 0x00007ffc8a6d8000 	C:\WINDOWS\System32\bcrypt.dll
0x00007ffc8a8c0000 - 0x00007ffc8a9d4000 	C:\WINDOWS\System32\RPCRT4.dll
0x00007ffc82600000 - 0x00007ffc8260a000 	C:\WINDOWS\SYSTEM32\VERSION.dll
0x00007ffc718b0000 - 0x00007ffc718b9000 	C:\WINDOWS\SYSTEM32\WSOCK32.dll
0x00007ffc831f0000 - 0x00007ffc83224000 	C:\WINDOWS\SYSTEM32\WINMM.dll
0x00007ffc8c930000 - 0x00007ffc8c9a1000 	C:\WINDOWS\System32\WS2_32.dll
0x00007ffc88ca0000 - 0x00007ffc88cb8000 	C:\WINDOWS\SYSTEM32\kernel.appcore.dll
0x00007ffc728e0000 - 0x00007ffc728ea000 	C:\Users\Ritej\.jdks\corretto-19.0.2\bin\jimage.dll
0x00007ffc874a0000 - 0x00007ffc876d2000 	C:\WINDOWS\SYSTEM32\DBGHELP.DLL
0x00007ffc8c560000 - 0x00007ffc8c8f0000 	C:\WINDOWS\System32\combase.dll
0x00007ffc8b7e0000 - 0x00007ffc8b8b7000 	C:\WINDOWS\System32\OLEAUT32.dll
0x00007ffc76f50000 - 0x00007ffc76f82000 	C:\WINDOWS\SYSTEM32\dbgcore.DLL
0x00007ffc89e30000 - 0x00007ffc89eab000 	C:\WINDOWS\System32\bcryptPrimitives.dll
0x00007ffc726f0000 - 0x00007ffc726fe000 	C:\Users\Ritej\.jdks\corretto-19.0.2\bin\instrument.dll
0x00007ffc71a50000 - 0x00007ffc71a76000 	C:\Users\Ritej\.jdks\corretto-19.0.2\bin\java.dll
0x00007ffc58c90000 - 0x00007ffc58d66000 	C:\Users\Ritej\.jdks\corretto-19.0.2\bin\jsvml.dll
0x00007ffc8ad80000 - 0x00007ffc8b5f8000 	C:\WINDOWS\System32\SHELL32.dll
0x00007ffc87ba0000 - 0x00007ffc884b0000 	C:\WINDOWS\SYSTEM32\windows.storage.dll
0x00007ffc87a60000 - 0x00007ffc87b9f000 	C:\WINDOWS\SYSTEM32\wintypes.dll
0x00007ffc8b6d0000 - 0x00007ffc8b7da000 	C:\WINDOWS\System32\SHCORE.dll
0x00007ffc8acb0000 - 0x00007ffc8ad0e000 	C:\WINDOWS\System32\shlwapi.dll
0x00007ffc89bd0000 - 0x00007ffc89bfb000 	C:\WINDOWS\SYSTEM32\profapi.dll
0x00007ffc69390000 - 0x00007ffc693a8000 	C:\Users\Ritej\.jdks\corretto-19.0.2\bin\zip.dll
0x00007ffc71d30000 - 0x00007ffc71d43000 	C:\Users\Ritej\.jdks\corretto-19.0.2\bin\net.dll
0x00007ffc85fa0000 - 0x00007ffc860cc000 	C:\WINDOWS\SYSTEM32\WINHTTP.dll
0x00007ffc89110000 - 0x00007ffc8917a000 	C:\WINDOWS\system32\mswsock.dll
0x00007ffc70cf0000 - 0x00007ffc70d05000 	C:\Users\Ritej\.jdks\corretto-19.0.2\bin\nio.dll
0x00007ffc67d90000 - 0x00007ffc67daa000 	C:\Program Files\JetBrains\IntelliJ IDEA Community Edition 2024.1.4\bin\breakgen64.dll
0x00007ffc69810000 - 0x00007ffc69818000 	C:\Users\Ritej\.jdks\corretto-19.0.2\bin\extnet.dll
0x00007ffc72530000 - 0x00007ffc72539000 	C:\Users\Ritej\.jdks\corretto-19.0.2\bin\management.dll
0x00007ffc723c0000 - 0x00007ffc723cb000 	C:\Users\Ritej\.jdks\corretto-19.0.2\bin\management_ext.dll
0x00007ffc8a7a0000 - 0x00007ffc8a7a8000 	C:\WINDOWS\System32\PSAPI.DLL
0x00007ffc698c0000 - 0x00007ffc698ce000 	C:\Users\Ritej\.jdks\corretto-19.0.2\bin\sunmscapi.dll
0x00007ffc8a280000 - 0x00007ffc8a3e6000 	C:\WINDOWS\System32\CRYPT32.dll
0x00007ffc89550000 - 0x00007ffc8957d000 	C:\WINDOWS\SYSTEM32\ncrypt.dll
0x00007ffc89510000 - 0x00007ffc89547000 	C:\WINDOWS\SYSTEM32\NTASN1.dll
0x00007ffc89460000 - 0x00007ffc8947b000 	C:\WINDOWS\SYSTEM32\CRYPTSP.dll
0x00007ffc88c00000 - 0x00007ffc88c35000 	C:\WINDOWS\system32\rsaenh.dll
0x00007ffc891b0000 - 0x00007ffc891d8000 	C:\WINDOWS\SYSTEM32\USERENV.dll
0x00007ffc89440000 - 0x00007ffc8944c000 	C:\WINDOWS\SYSTEM32\CRYPTBASE.dll
0x00007ffc88700000 - 0x00007ffc8872d000 	C:\WINDOWS\SYSTEM32\IPHLPAPI.DLL
0x00007ffc8a6e0000 - 0x00007ffc8a6e9000 	C:\WINDOWS\System32\NSI.dll
0x00007ffc85eb0000 - 0x00007ffc85ec9000 	C:\WINDOWS\SYSTEM32\dhcpcsvc6.DLL
0x00007ffc85e90000 - 0x00007ffc85eaf000 	C:\WINDOWS\SYSTEM32\dhcpcsvc.DLL
0x00007ffc88730000 - 0x00007ffc88832000 	C:\WINDOWS\SYSTEM32\DNSAPI.dll
0x00007ffc81550000 - 0x00007ffc8155a000 	C:\Windows\System32\rasadhlp.dll
0x00007ffc830e0000 - 0x00007ffc83163000 	C:\WINDOWS\System32\fwpuclnt.dll
0x00007ffc59ff0000 - 0x00007ffc59ff8000 	C:\WINDOWS\system32\wshunix.dll
0x00007ffc67d70000 - 0x00007ffc67d80000 	C:\Users\Ritej\.jdks\corretto-19.0.2\bin\verify.dll

dbghelp: loaded successfully - version: 4.0.5 - missing functions: none
symbol engine: initialized successfully - sym options: 0x614 - pdb path: .;C:\Users\Ritej\.jdks\corretto-19.0.2\bin;C:\WINDOWS\SYSTEM32;C:\Program Files\Avast Software\Avast;C:\WINDOWS\WinSxS\amd64_microsoft.windows.common-controls_6595b64144ccf1df_6.0.22621.4830_none_270fe7d773858e80;C:\Users\Ritej\.jdks\corretto-19.0.2\bin\server;C:\Program Files\JetBrains\IntelliJ IDEA Community Edition 2024.1.4\bin

VM Arguments:
jvm_args: -javaagent:C:\Program Files\JetBrains\IntelliJ IDEA Community Edition 2024.1.4\lib\idea_rt.jar=58949:C:\Program Files\JetBrains\IntelliJ IDEA Community Edition 2024.1.4\bin -Dfile.encoding=UTF-8 -Dsun.stdout.encoding=UTF-8 -Dsun.stderr.encoding=UTF-8 
java_command: com.example.WSM.WsmApplication
java_class_path (initial): C:\Users\Ritej\Downloads\Ritej-main\WSM Project\WSM\target\classes;C:\Users\Ritej\.m2\repository\org\springframework\boot\spring-boot-starter-data-mongodb\3.5.4\spring-boot-starter-data-mongodb-3.5.4.jar;C:\Users\Ritej\.m2\repository\org\springframework\boot\spring-boot-starter\3.5.4\spring-boot-starter-3.5.4.jar;C:\Users\Ritej\.m2\repository\org\springframework\boot\spring-boot-starter-logging\3.5.4\spring-boot-starter-logging-3.5.4.jar;C:\Users\Ritej\.m2\repository\ch\qos\logback\logback-classic\1.5.18\logback-classic-1.5.18.jar;C:\Users\Ritej\.m2\repository\ch\qos\logback\logback-core\1.5.18\logback-core-1.5.18.jar;C:\Users\Ritej\.m2\repository\org\apache\logging\log4j\log4j-to-slf4j\2.24.3\log4j-to-slf4j-2.24.3.jar;C:\Users\Ritej\.m2\repository\org\apache\logging\log4j\log4j-api\2.24.3\log4j-api-2.24.3.jar;C:\Users\Ritej\.m2\repository\org\slf4j\jul-to-slf4j\2.0.17\jul-to-slf4j-2.0.17.jar;C:\Users\Ritej\.m2\repository\jakarta\annotation\jakarta.annotation-api\2.1.1\jakarta.annotation-api-2.1.1.jar;C:\Users\Ritej\.m2\repository\org\yaml\snakeyaml\2.4\snakeyaml-2.4.jar;C:\Users\Ritej\.m2\repository\org\mongodb\mongodb-driver-sync\5.5.1\mongodb-driver-sync-5.5.1.jar;C:\Users\Ritej\.m2\repository\org\mongodb\bson\5.5.1\bson-5.5.1.jar;C:\Users\Ritej\.m2\repository\org\mongodb\mongodb-driver-core\5.5.1\mongodb-driver-core-5.5.1.jar;C:\Users\Ritej\.m2\repository\org\mongodb\bson-record-codec\5.5.1\bson-record-codec-5.5.1.jar;C:\Users\Ritej\.m2\repository\org\springframework\data\spring-data-mongodb\4.5.2\spring-data-mongodb-4.5.2.jar;C:\Users\Ritej\.m2\repository\org\springframework\spring-tx\6.2.9\spring-tx-6.2.9.jar;C:\Users\Ritej\.m2\repository\org\springframework\spring-context\6.2.9\spring-context-6.2.9.jar;C:\Users\Ritej\.m2\repository\org\springframework\spring-beans\6.2.9\spring-beans-6.2.9.jar;C:\Users\Ritej\.m2\repository\org\springframework\spring-expression\6.2.9\spring-expression-6.2.9.jar;C:\Users\Ritej\.m2\repository\org\springframework\data\spring-data-commons\3.5.2\spring-data-commons-3.5.2.jar;C:\Users\Ritej\.m2\repository\org\slf4j\slf4j-api\2.0.17\slf4j-api-2.0.17.jar;C:\Users\Ritej\.m2\repository\org\springframework\boot\spring-boot-starter-security\3.2.0\spring-boot-starter-security-3.2.0.jar;C:\Users\Ritej\.m2\repository\org\springframework\spring-aop\6.2.9\spring-aop-6.2.9.jar;C:\Users\Ritej\.m2\repository\org\springframework\security\spring-security-config\6.5.2\spring-security-config-6.5.2.jar;C:\Users\Ritej\.m2\repository\org\springframework\security\spring-security-core\6.5.2\spring-security-core-6.5.2.jar;C:\Users\Ritej\.m2\repository\org\springframework\security\spring-security-crypto\6.5.2\spring-security-crypto-6.5.2.jar;C:\Users\Ritej\.m2\repository\org\springframework\security\spring-security-web\6.5.2\spring-security-web-6.5.2.jar;C:\Users\Ritej\.m2\repository\org\springframework\boot\spring-boot-starter-web\3.5.4\spring-boot-starter-web-3.5.4.jar;C:\Users\Ritej\.m2\repository\org\springframework\boot\spring-boot-starter-json\3.5.4\spring-boot-starter-json-3.5.4.jar;C:\Users\Ritej\.m2\repository\com\fasterxml\jackson\core\jackson-databind\2.19.2\jackson-databind-2.19.2.jar;C:\Users\Ritej\.m2\repository\com\fasterxml\jackson\core\jackson-annotations\2.19.2\jackson-annotations-2.19.2.jar;C:\Users\Ritej\.m2\repository\com\fasterxml\jackson\core\jackson-core\2.19.2\jackson-core-2.19.2.jar;C:\Users\Ritej\.m2\repository\com\fasterxml\jackson\datatype\jackson-datatype-jdk8\2.19.2\jackson-datatype-jdk8-2.19.2.jar;C:\Users\Ritej\.m2\repository\com\fasterxml\jackson\datatype\jackson-datatype-jsr310\2.19.2\jackson-datatype-jsr310-2.19.2.jar;C:\Users\Ritej\.m2\repository\com\fasterxml\jackson\module\jackson-module-parameter-names\2.19.2\jackson-module-parameter-names-2.19.2.jar;C:\Users\Ritej\.m2\repository\org\springframework\boot\spring-boot-starter-tomcat\3.5.4\spring-boot-starter-tomcat-3.5.4.jar;C:\Users\Ritej\.m2\repository\org\apache\tomcat\embed\tomcat-embed-core\10.1.43\tomcat-embed-core-10.1.43.jar;C:\Users\Ritej\.m2\repository\org\apache\tomcat\embed\tomcat-embed-el\10.1.43\tomcat-embed-el-10.1.43.jar;C:\Users\Ritej\.m2\repository\org\apache\tomcat\embed\tomcat-embed-websocket\10.1.43\tomcat-embed-websocket-10.1.43.jar;C:\Users\Ritej\.m2\repository\org\springframework\spring-web\6.2.9\spring-web-6.2.9.jar;C:\Users\Ritej\.m2\repository\io\micrometer\micrometer-observation\1.15.2\micrometer-observation-1.15.2.jar;C:\Users\Ritej\.m2\repository\io\micrometer\micrometer-commons\1.15.2\micrometer-commons-1.15.2.jar;C:\Users\Ritej\.m2\repository\org\springframework\spring-webmvc\6.2.9\spring-webmvc-6.2.9.jar;C:\Users\Ritej\.m2\repository\org\springframework\boot\spring-boot-devtools\3.5.4\spring-boot-devtools-3.5.4.jar;C:\Users\Ritej\.m2\repository\org\springframework\boot\spring-boot\3.5.4\spring-boot-3.5.4.jar;C:\Users\Ritej\.m2\repository\org\springframework\boot\spring-boot-autoconfigure\3.5.4\spring-boot-autoconfigure-3.5.4.jar;C:\Users\Ritej\.m2\repository\org\projectlombok\lombok\1.18.38\lombok-1.18.38.jar;C:\Users\Ritej\.m2\repository\org\springframework\spring-core\6.2.9\spring-core-6.2.9.jar;C:\Users\Ritej\.m2\repository\org\springframework\spring-jcl\6.2.9\spring-jcl-6.2.9.jar
Launcher Type: SUN_STANDARD

[Global flags]
     intx CICompilerCount                          = 4                                         {product} {ergonomic}
     uint ConcGCThreads                            = 2                                         {product} {ergonomic}
     uint G1ConcRefinementThreads                  = 8                                         {product} {ergonomic}
   size_t G1HeapRegionSize                         = 1048576                                   {product} {ergonomic}
    uintx GCDrainStackTargetSize                   = 64                                        {product} {ergonomic}
   size_t InitialHeapSize                          = 130023424                                 {product} {ergonomic}
   size_t MarkStackSize                            = 4194304                                   {product} {ergonomic}
   size_t MaxHeapSize                              = 2078277632                                {product} {ergonomic}
   size_t MaxNewSize                               = 1246756864                                {product} {ergonomic}
   size_t MinHeapDeltaBytes                        = 1048576                                   {product} {ergonomic}
   size_t MinHeapSize                              = 8388608                                   {product} {ergonomic}
    uintx NonNMethodCodeHeapSize                   = 5839372                                {pd product} {ergonomic}
    uintx NonProfiledCodeHeapSize                  = 122909434                              {pd product} {ergonomic}
    uintx ProfiledCodeHeapSize                     = 122909434                              {pd product} {ergonomic}
    uintx ReservedCodeCacheSize                    = 251658240                              {pd product} {ergonomic}
     bool SegmentedCodeCache                       = true                                      {product} {ergonomic}
   size_t SoftMaxHeapSize                          = 2078277632                             {manageable} {ergonomic}
     bool UseCompressedClassPointers               = true                           {product lp64_product} {ergonomic}
     bool UseCompressedOops                        = true                           {product lp64_product} {ergonomic}
     bool UseG1GC                                  = true                                      {product} {ergonomic}
     bool UseLargePagesIndividualAllocation        = false                                  {pd product} {ergonomic}

Logging:
Log output configuration:
 #0: stdout all=warning uptime,level,tags foldmultilines=false
 #1: stderr all=off uptime,level,tags foldmultilines=false

Environment Variables:
JAVA_HOME=C:\Program Files\Java\jdk-17
PATH=C:\Program Files\MongoDB\Server\7.0\bin;C:\oraclexe\app\oracle\product\11.2.0\server\bin;"C:\xampp\php;C:\xampp\php;C:\Program Files\Common Files\Oracle\Java\javapath";C:\WINDOWS\system32;C:\WINDOWS;C:\WINDOWS\System32\Wbem;C:\WINDOWS\System32\WindowsPowerShell\v1.0\;C:\WINDOWS\System32\OpenSSH\;C:\ProgramData\chocolatey\bin;C:\Program Files\Java\jdk-17\bin;C:\Program Files\Docker\Docker\resources\bin;C:\Users\Ritej\AppData\Roaming\nvm;C:\Program Files\nodejs;C:\Program Files\Git\cmd;C:\Users\Ritej\AppData\Local\Microsoft\WindowsApps\python.exe;C:\Users\Ritej\AppData\Local\Programs\Python\Launcher\;C:\Program Files\MongoDB\Server\7.0\bin;C:\Users\Ritej\AppData\Local\Microsoft\WindowsApps;C:\Users\Ritej\AppData\Local\JetBrains\PyCharm 2023.1\bin;;C:\Program Files\JetBrains\PyCharm Community Edition 2022.2.3\bin;;C:\Users\Ritej\AppData\Local\Programs\Microsoft VS Code\bin;C:\Users\Ritej\AppData\Roaming\npm;C:\Program Files\JetBrains\IntelliJ IDEA Community Edition 2024.1.4\bin;;C:\Users\Ritej\Desktop\jdk-19_windows-x64_bin\bin;C:\Users\Ritej\AppData\Local\JetBrains\IntelliJ IDEA 2024.1.4\bin;;C:\Users\Ritej\AppData\Roaming\nvm;C:\Program Files\nodejs;C:\Program Files\apache-maven-3.9.9\bin;C:\Users\Ritej\AppData\Local\Microsoft\WindowsApps\python.exe;
USERNAME=Ritej
OS=Windows_NT
PROCESSOR_IDENTIFIER=Intel64 Family 6 Model 140 Stepping 1, GenuineIntel
TMP=C:\Users\Ritej\AppData\Local\Temp
TEMP=C:\Users\Ritej\AppData\Local\Temp



---------------  S Y S T E M  ---------------

OS:
 Windows 11 , 64 bit Build 22621 (10.0.22621.4830)
OS uptime: 21 days 9:54 hours
Hyper-V role detected

CPU: total 8 (initial active 8) (4 cores per cpu, 2 threads per core) family 6 model 140 stepping 1 microcode 0xb8, cx8, cmov, fxsr, ht, mmx, 3dnowpref, sse, sse2, sse3, ssse3, sse4.1, sse4.2, popcnt, lzcnt, tsc, tscinvbit, avx, avx2, aes, erms, clmul, bmi1, bmi2, adx, avx512f, avx512dq, avx512cd, avx512bw, avx512vl, sha, fma, vzeroupper, avx512_vpopcntdq, avx512_vpclmulqdq, avx512_vaes, avx512_vnni, clflush, clflushopt, clwb, avx512_vbmi2, avx512_vbmi, hv, rdtscp, rdpid, fsrm, gfni, avx512_bitalg

Memory: 4k page, system-wide physical 7926M (461M free)
TotalPageFile size 20426M (AvailPageFile size 5M)
current process WorkingSet (physical memory assigned to process): 199M, peak: 220M
current process commit charge ("private bytes"): 240M, peak: 279M

vm_info: OpenJDK 64-Bit Server VM (19.0.2+7-FR) for windows-amd64 JRE (19.0.2+7-FR), built on Jan 13 2023 22:53:32 by "Administrator" with MS VC++ 15.9 (VS2017)

END.
