#
# There is insufficient memory for the Java Runtime Environment to continue.
# Native memory allocation (malloc) failed to allocate 267360 bytes for Chunk::new
# Possible reasons:
#   The system is out of physical RAM or swap space
#   The process is running with CompressedOops enabled, and the Java Heap may be blocking the growth of the native heap
# Possible solutions:
#   Reduce memory load on the system
#   Increase physical memory or swap space
#   Check if swap backing store is full
#   Decrease Java heap size (-Xmx/-Xms)
#   Decrease number of Java threads
#   Decrease Java thread stack sizes (-Xss)
#   Set larger code cache with -XX:ReservedCodeCacheSize=
#   JVM is running with Unscaled Compressed Oops mode in which the Java heap is
#     placed in the first 4GB address space. The Java Heap base address is the
#     maximum limit for the native heap growth. Please use -XX:HeapBaseMinAddress
#     to set the Java Heap base and to place the Java Heap above 4GB virtual address.
# This output file may be truncated or incomplete.
#
#  Out of Memory Error (arena.cpp:184), pid=17988, tid=7380
#
# JRE version: OpenJDK Runtime Environment Corretto-19.0.2.7.1 (19.0.2+7) (build 19.0.2+7-FR)
# Java VM: OpenJDK 64-Bit Server VM Corretto-19.0.2.7.1 (19.0.2+7-FR, mixed mode, sharing, tiered, compressed oops, compressed class ptrs, g1 gc, windows-amd64)
# No core dump will be written. Minidumps are not enabled by default on client versions of Windows
#

---------------  S U M M A R Y ------------

Command Line: -javaagent:C:\Program Files\JetBrains\IntelliJ IDEA Community Edition 2024.1.4\lib\idea_rt.jar=51676:C:\Program Files\JetBrains\IntelliJ IDEA Community Edition 2024.1.4\bin -Dfile.encoding=UTF-8 -Dsun.stdout.encoding=UTF-8 -Dsun.stderr.encoding=UTF-8 com.example.WSM.WsmApplication

Host: 11th Gen Intel(R) Core(TM) i5-1135G7 @ 2.40GHz, 8 cores, 7G,  Windows 11 , 64 bit Build 22621 (10.0.22621.4830)
Time: Sat Sep  6 00:18:15 2025 Afr. centrale Ouest elapsed time: 315.059221 seconds (0d 0h 5m 15s)

---------------  T H R E A D  ---------------

Current thread (0x0000025363422640):  JavaThread "C2 CompilerThread0" daemon [_thread_in_native, id=7380, stack(0x000000cce8700000,0x000000cce8800000)]


Current CompileTask:
C2: 315059 8632       4       com.fasterxml.jackson.databind.ser.BeanPropertyWriter::serializeAsField (233 bytes)

Stack: [0x000000cce8700000,0x000000cce8800000]
Native frames: (J=compiled Java code, j=interpreted, Vv=VM code, C=native code)
V  [jvm.dll+0x6d034a]
V  [jvm.dll+0x880f10]
V  [jvm.dll+0x88289e]
V  [jvm.dll+0x882f43]
V  [jvm.dll+0x27b4bb]
V  [jvm.dll+0xdd792]
V  [jvm.dll+0xddb25]
V  [jvm.dll+0x3b4a5b]
V  [jvm.dll+0x1eba22]
V  [jvm.dll+0x2471d3]
V  [jvm.dll+0x2465a7]
V  [jvm.dll+0x1d4bb7]
V  [jvm.dll+0x25558a]
V  [jvm.dll+0x2538d7]
V  [jvm.dll+0x8342bd]
V  [jvm.dll+0x82e2fa]
V  [jvm.dll+0x6cf0d3]
C  [ucrtbase.dll+0x29333]
C  [KERNEL32.DLL+0x1259d]
C  [ntdll.dll+0x5af38]


---------------  P R O C E S S  ---------------

Threads class SMR info:
_java_thread_list=0x0000025363ddb5e0, length=35, elements={
0x000002535ee3dcf0, 0x000002535ee3e710, 0x000002535ee426f0, 0x000002535ee43520,
0x000002535ee45f50, 0x000002535ee483f0, 0x0000025363422640, 0x000002536342b7e0,
0x000002536342d160, 0x00000253635270a0, 0x00000253636f3c40, 0x00000253636f4580,
0x000002536663fa70, 0x0000025365ea4c50, 0x0000025364c78810, 0x0000025364c3d520,
0x0000025364c3ffa0, 0x0000025364c3e510, 0x0000025364c3dfc0, 0x0000025364c3fa50,
0x0000025364c40a40, 0x0000025364c3da70, 0x0000025364c3ea60, 0x0000025364c3efb0,
0x0000025364c3f500, 0x0000025365205b00, 0x00000253652055b0, 0x0000025365209ac0,
0x0000025365208ad0, 0x000002536520aab0, 0x000002536520a560, 0x0000025365206050,
0x0000025365209020, 0x00000253652065a0, 0x000002536411b1c0
}

Java Threads: ( => current thread )
  0x000002535ee3dcf0 JavaThread "Reference Handler" daemon [_thread_blocked, id=21192, stack(0x000000cce8100000,0x000000cce8200000)]
  0x000002535ee3e710 JavaThread "Finalizer" daemon [_thread_blocked, id=21320, stack(0x000000cce8200000,0x000000cce8300000)]
  0x000002535ee426f0 JavaThread "Signal Dispatcher" daemon [_thread_blocked, id=22096, stack(0x000000cce8300000,0x000000cce8400000)]
  0x000002535ee43520 JavaThread "Attach Listener" daemon [_thread_blocked, id=15184, stack(0x000000cce8400000,0x000000cce8500000)]
  0x000002535ee45f50 JavaThread "Service Thread" daemon [_thread_blocked, id=18272, stack(0x000000cce8500000,0x000000cce8600000)]
  0x000002535ee483f0 JavaThread "Monitor Deflation Thread" daemon [_thread_blocked, id=11648, stack(0x000000cce8600000,0x000000cce8700000)]
=>0x0000025363422640 JavaThread "C2 CompilerThread0" daemon [_thread_in_native, id=7380, stack(0x000000cce8700000,0x000000cce8800000)]
  0x000002536342b7e0 JavaThread "C1 CompilerThread0" daemon [_thread_blocked, id=15096, stack(0x000000cce8800000,0x000000cce8900000)]
  0x000002536342d160 JavaThread "Sweeper thread" daemon [_thread_blocked, id=14680, stack(0x000000cce8900000,0x000000cce8a00000)]
  0x00000253635270a0 JavaThread "Common-Cleaner" daemon [_thread_blocked, id=11404, stack(0x000000cce8a00000,0x000000cce8b00000)]
  0x00000253636f3c40 JavaThread "Monitor Ctrl-Break" daemon [_thread_in_native, id=21032, stack(0x000000cce8b00000,0x000000cce8c00000)]
  0x00000253636f4580 JavaThread "Notification Thread" daemon [_thread_blocked, id=4928, stack(0x000000cce8c00000,0x000000cce8d00000)]
  0x000002536663fa70 JavaThread "Catalina-utility-1" [_thread_blocked, id=11736, stack(0x000000cce9900000,0x000000cce9a00000)]
  0x0000025365ea4c50 JavaThread "Catalina-utility-2" [_thread_blocked, id=15512, stack(0x000000cce9a00000,0x000000cce9b00000)]
  0x0000025364c78810 JavaThread "container-0" [_thread_blocked, id=15860, stack(0x000000cce9b00000,0x000000cce9c00000)]
  0x0000025364c3d520 JavaThread "BufferPoolPruner-1-thread-1" daemon [_thread_blocked, id=17636, stack(0x000000cce9c00000,0x000000cce9d00000)]
  0x0000025364c3ffa0 JavaThread "cluster-ClusterId{value='68bb6e83ecf0e6b91f3b00b6', description='null'}-localhost:27017" daemon [_thread_in_native, id=18440, stack(0x000000cce9d00000,0x000000cce9e00000)]
  0x0000025364c3e510 JavaThread "cluster-rtt-ClusterId{value='68bb6e83ecf0e6b91f3b00b6', description='null'}-localhost:27017" daemon [_thread_blocked, id=21468, stack(0x000000cce9f00000,0x000000ccea000000)]
  0x0000025364c3dfc0 JavaThread "MaintenanceTimer-2-thread-1" daemon [_thread_blocked, id=4676, stack(0x000000ccea000000,0x000000ccea100000)]
  0x0000025364c3fa50 JavaThread "Live Reload Server" daemon [_thread_in_native, id=14068, stack(0x000000ccea200000,0x000000ccea300000)]
  0x0000025364c40a40 JavaThread "File Watcher" daemon [_thread_blocked, id=3792, stack(0x000000ccea100000,0x000000ccea200000)]
  0x0000025364c3da70 JavaThread "http-nio-8080-exec-1" daemon [_thread_blocked, id=10944, stack(0x000000ccea300000,0x000000ccea400000)]
  0x0000025364c3ea60 JavaThread "http-nio-8080-exec-2" daemon [_thread_blocked, id=5360, stack(0x000000ccea400000,0x000000ccea500000)]
  0x0000025364c3efb0 JavaThread "http-nio-8080-exec-3" daemon [_thread_blocked, id=6552, stack(0x000000ccea500000,0x000000ccea600000)]
  0x0000025364c3f500 JavaThread "http-nio-8080-exec-4" daemon [_thread_blocked, id=1512, stack(0x000000ccea600000,0x000000ccea700000)]
  0x0000025365205b00 JavaThread "http-nio-8080-exec-5" daemon [_thread_blocked, id=13376, stack(0x000000ccea700000,0x000000ccea800000)]
  0x00000253652055b0 JavaThread "http-nio-8080-exec-6" daemon [_thread_blocked, id=976, stack(0x000000ccea800000,0x000000ccea900000)]
  0x0000025365209ac0 JavaThread "http-nio-8080-exec-7" daemon [_thread_blocked, id=12364, stack(0x000000ccea900000,0x000000cceaa00000)]
  0x0000025365208ad0 JavaThread "http-nio-8080-exec-8" daemon [_thread_blocked, id=19648, stack(0x000000cceaa00000,0x000000cceab00000)]
  0x000002536520aab0 JavaThread "http-nio-8080-exec-9" daemon [_thread_blocked, id=12972, stack(0x000000cceab00000,0x000000cceac00000)]
  0x000002536520a560 JavaThread "http-nio-8080-exec-10" daemon [_thread_in_Java, id=6488, stack(0x000000cceac00000,0x000000ccead00000)]
  0x0000025365206050 JavaThread "http-nio-8080-Poller" daemon [_thread_in_native, id=18544, stack(0x000000ccead00000,0x000000cceae00000)]
  0x0000025365209020 JavaThread "http-nio-8080-Acceptor" daemon [_thread_in_native, id=8876, stack(0x000000cceae00000,0x000000cceaf00000)]
  0x00000253652065a0 JavaThread "DestroyJavaVM" [_thread_blocked, id=18400, stack(0x000000cce7a00000,0x000000cce7b00000)]
  0x000002536411b1c0 JavaThread "C2 CompilerThread1" daemon [_thread_blocked, id=14364, stack(0x000000cce7700000,0x000000cce7800000)]

Other Threads:
  0x000002535ee27ec0 VMThread "VM Thread" [stack: 0x000000cce8000000,0x000000cce8100000] [id=20176]
  0x00000253637b7e80 WatcherThread "VM Periodic Task Thread" [stack: 0x000000cce8d00000,0x000000cce8e00000] [id=2796]
  0x000002534079a3b0 WorkerThread "GC Thread#0" [stack: 0x000000cce7b00000,0x000000cce7c00000] [id=18252]
  0x0000025364007310 WorkerThread "GC Thread#1" [stack: 0x000000cce9000000,0x000000cce9100000] [id=20824]
  0x0000025363fdb500 WorkerThread "GC Thread#2" [stack: 0x000000cce9100000,0x000000cce9200000] [id=2452]
  0x0000025364035ed0 WorkerThread "GC Thread#3" [stack: 0x000000cce9200000,0x000000cce9300000] [id=12728]
  0x00000253640361a0 WorkerThread "GC Thread#4" [stack: 0x000000cce9300000,0x000000cce9400000] [id=8276]
  0x0000025364036470 WorkerThread "GC Thread#5" [stack: 0x000000cce9400000,0x000000cce9500000] [id=20196]
  0x0000025364035930 WorkerThread "GC Thread#6" [stack: 0x000000cce9500000,0x000000cce9600000] [id=10304]
  0x0000025364036740 WorkerThread "GC Thread#7" [stack: 0x000000cce9600000,0x000000cce9700000] [id=6452]
  0x00000253407abd50 ConcurrentGCThread "G1 Main Marker" [stack: 0x000000cce7c00000,0x000000cce7d00000] [id=19716]
  0x00000253407acfd0 WorkerThread "G1 Conc#0" [stack: 0x000000cce7d00000,0x000000cce7e00000] [id=19672]
  0x0000025364035c00 WorkerThread "G1 Conc#1" [stack: 0x000000cce9700000,0x000000cce9800000] [id=11132]
  0x00000253407ee380 ConcurrentGCThread "G1 Refine#0" [stack: 0x000000cce7e00000,0x000000cce7f00000] [id=22004]
  0x000002535ecdb030 ConcurrentGCThread "G1 Service" [stack: 0x000000cce7f00000,0x000000cce8000000] [id=11644]

Threads with active compile tasks:
C2 CompilerThread0   315134 8632       4       com.fasterxml.jackson.databind.ser.BeanPropertyWriter::serializeAsField (233 bytes)

VM state: not at safepoint (normal execution)

VM Mutex/Monitor currently owned by a thread: None

Heap address: 0x0000000084200000, size: 1982 MB, Compressed Oops mode: 32-bit

CDS archive(s) mapped at: [0x0000000800000000-0x0000000800c40000-0x0000000800c40000), size 12845056, SharedBaseAddress: 0x0000000800000000, ArchiveRelocationMode: 0.
Compressed class space mapped at: 0x0000000801000000-0x0000000841000000, reserved size: 1073741824
Narrow klass base: 0x0000000800000000, Narrow klass shift: 0, Narrow klass range: 0x100000000

GC Precious Log:
 CardTable entry size: 512
 Card Set container configuration: InlinePtr #cards 5 size 8 Array Of Cards #cards 12 size 40 Howl #buckets 4 coarsen threshold 1843 Howl Bitmap #cards 512 size 80 coarsen threshold 460 Card regions per heap region 1 cards per card region 2048
 CPUs: 8 total, 8 available
 Memory: 7926M
 Large Page Support: Disabled
 NUMA Support: Disabled
 Compressed Oops: Enabled (32-bit)
 Heap Region Size: 1M
 Heap Min Capacity: 8M
 Heap Initial Capacity: 124M
 Heap Max Capacity: 1982M
 Pre-touch: Disabled
 Parallel Workers: 8
 Concurrent Workers: 2
 Concurrent Refinement Workers: 8
 Periodic GC: Disabled

Heap:
 garbage-first heap   total 84992K, used 25403K [0x0000000084200000, 0x0000000100000000)
  region size 1024K, 4 young (4096K), 3 survivors (3072K)
 Metaspace       used 48662K, committed 49344K, reserved 1114112K
  class space    used 6113K, committed 6400K, reserved 1048576K

Heap Regions: E=young(eden), S=young(survivor), O=old, HS=humongous(starts), HC=humongous(continues), CS=collection set, F=free, OA=open archive, CA=closed archive, TAMS=top-at-mark-start (previous, next)
|   0|0x0000000084200000, 0x0000000084300000, 0x0000000084300000|100%| O|  |TAMS 0x0000000084300000, 0x0000000084200000| Untracked 
|   1|0x0000000084300000, 0x0000000084400000, 0x0000000084400000|100%| O|  |TAMS 0x0000000084400000, 0x0000000084300000| Untracked 
|   2|0x0000000084400000, 0x0000000084500000, 0x0000000084500000|100%| O|  |TAMS 0x0000000084500000, 0x0000000084400000| Untracked 
|   3|0x0000000084500000, 0x0000000084600000, 0x0000000084600000|100%| O|  |TAMS 0x0000000084600000, 0x0000000084500000| Untracked 
|   4|0x0000000084600000, 0x0000000084700000, 0x0000000084700000|100%| O|  |TAMS 0x0000000084700000, 0x0000000084600000| Untracked 
|   5|0x0000000084700000, 0x0000000084800000, 0x0000000084800000|100%| O|  |TAMS 0x0000000084800000, 0x0000000084700000| Untracked 
|   6|0x0000000084800000, 0x0000000084900000, 0x0000000084900000|100%| O|  |TAMS 0x00000000848fc800, 0x0000000084800000| Untracked 
|   7|0x0000000084900000, 0x0000000084a00000, 0x0000000084a00000|100%| O|  |TAMS 0x0000000084a00000, 0x0000000084900000| Untracked 
|   8|0x0000000084a00000, 0x0000000084b00000, 0x0000000084b00000|100%| O|  |TAMS 0x0000000084b00000, 0x0000000084a00000| Untracked 
|   9|0x0000000084b00000, 0x0000000084c00000, 0x0000000084c00000|100%| O|  |TAMS 0x0000000084c00000, 0x0000000084b00000| Untracked 
|  10|0x0000000084c00000, 0x0000000084d00000, 0x0000000084d00000|100%| O|  |TAMS 0x0000000084d00000, 0x0000000084c00000| Untracked 
|  11|0x0000000084d00000, 0x0000000084e00000, 0x0000000084e00000|100%| O|  |TAMS 0x0000000084e00000, 0x0000000084d00000| Untracked 
|  12|0x0000000084e00000, 0x0000000084f00000, 0x0000000084f00000|100%| O|  |TAMS 0x0000000084f00000, 0x0000000084e00000| Untracked 
|  13|0x0000000084f00000, 0x0000000085000000, 0x0000000085000000|100%| O|  |TAMS 0x0000000085000000, 0x0000000084f00000| Untracked 
|  14|0x0000000085000000, 0x0000000085100000, 0x0000000085100000|100%| O|  |TAMS 0x0000000085100000, 0x0000000085000000| Untracked 
|  15|0x0000000085100000, 0x0000000085161200, 0x0000000085200000| 37%| O|  |TAMS 0x0000000085100000, 0x0000000085100000| Untracked 
|  16|0x0000000085200000, 0x0000000085300000, 0x0000000085300000|100%| O|  |TAMS 0x0000000085300000, 0x0000000085200000| Untracked 
|  17|0x0000000085300000, 0x0000000085400000, 0x0000000085400000|100%| O|  |TAMS 0x0000000085300000, 0x0000000085300000| Untracked 
|  18|0x0000000085400000, 0x0000000085500000, 0x0000000085500000|100%| O|  |TAMS 0x0000000085400000, 0x0000000085400000| Untracked 
|  19|0x0000000085500000, 0x0000000085600000, 0x0000000085600000|100%| O|  |TAMS 0x0000000085500000, 0x0000000085500000| Untracked 
|  20|0x0000000085600000, 0x0000000085700000, 0x0000000085700000|100%| O|  |TAMS 0x0000000085600000, 0x0000000085600000| Untracked 
|  21|0x0000000085700000, 0x0000000085800000, 0x0000000085800000|100%| O|  |TAMS 0x0000000085700000, 0x0000000085700000| Untracked 
|  22|0x0000000085800000, 0x0000000085900000, 0x0000000085900000|100%| O|  |TAMS 0x0000000085800000, 0x0000000085800000| Untracked 
|  23|0x0000000085900000, 0x0000000085900000, 0x0000000085a00000|  0%| F|  |TAMS 0x0000000085900000, 0x0000000085900000| Untracked 
|  24|0x0000000085a00000, 0x0000000085a00000, 0x0000000085b00000|  0%| F|  |TAMS 0x0000000085a00000, 0x0000000085a00000| Untracked 
|  25|0x0000000085b00000, 0x0000000085b00000, 0x0000000085c00000|  0%| F|  |TAMS 0x0000000085b00000, 0x0000000085b00000| Untracked 
|  26|0x0000000085c00000, 0x0000000085c00000, 0x0000000085d00000|  0%| F|  |TAMS 0x0000000085c00000, 0x0000000085c00000| Untracked 
|  27|0x0000000085d00000, 0x0000000085d00000, 0x0000000085e00000|  0%| F|  |TAMS 0x0000000085d00000, 0x0000000085d00000| Untracked 
|  28|0x0000000085e00000, 0x0000000085e00000, 0x0000000085f00000|  0%| F|  |TAMS 0x0000000085e00000, 0x0000000085e00000| Untracked 
|  29|0x0000000085f00000, 0x0000000085f00000, 0x0000000086000000|  0%| F|  |TAMS 0x0000000085f00000, 0x0000000085f00000| Untracked 
|  30|0x0000000086000000, 0x0000000086000000, 0x0000000086100000|  0%| F|  |TAMS 0x0000000086000000, 0x0000000086000000| Untracked 
|  31|0x0000000086100000, 0x0000000086100000, 0x0000000086200000|  0%| F|  |TAMS 0x0000000086100000, 0x0000000086100000| Untracked 
|  32|0x0000000086200000, 0x0000000086200000, 0x0000000086300000|  0%| F|  |TAMS 0x0000000086200000, 0x0000000086200000| Untracked 
|  33|0x0000000086300000, 0x0000000086300000, 0x0000000086400000|  0%| F|  |TAMS 0x0000000086300000, 0x0000000086300000| Untracked 
|  34|0x0000000086400000, 0x0000000086400000, 0x0000000086500000|  0%| F|  |TAMS 0x0000000086400000, 0x0000000086400000| Untracked 
|  35|0x0000000086500000, 0x0000000086500000, 0x0000000086600000|  0%| F|  |TAMS 0x0000000086500000, 0x0000000086500000| Untracked 
|  36|0x0000000086600000, 0x0000000086600000, 0x0000000086700000|  0%| F|  |TAMS 0x0000000086600000, 0x0000000086600000| Untracked 
|  37|0x0000000086700000, 0x0000000086700000, 0x0000000086800000|  0%| F|  |TAMS 0x0000000086700000, 0x0000000086700000| Untracked 
|  38|0x0000000086800000, 0x000000008686dd40, 0x0000000086900000| 42%| S|CS|TAMS 0x0000000086800000, 0x0000000086800000| Complete 
|  39|0x0000000086900000, 0x0000000086a00000, 0x0000000086a00000|100%| S|CS|TAMS 0x0000000086900000, 0x0000000086900000| Complete 
|  40|0x0000000086a00000, 0x0000000086a00000, 0x0000000086b00000|  0%| F|  |TAMS 0x0000000086a00000, 0x0000000086a00000| Untracked 
|  41|0x0000000086b00000, 0x0000000086b00000, 0x0000000086c00000|  0%| F|  |TAMS 0x0000000086b00000, 0x0000000086b00000| Untracked 
|  42|0x0000000086c00000, 0x0000000086c00000, 0x0000000086d00000|  0%| F|  |TAMS 0x0000000086c00000, 0x0000000086c00000| Untracked 
|  43|0x0000000086d00000, 0x0000000086d00000, 0x0000000086e00000|  0%| F|  |TAMS 0x0000000086d00000, 0x0000000086d00000| Untracked 
|  44|0x0000000086e00000, 0x0000000086f00000, 0x0000000086f00000|100%| S|CS|TAMS 0x0000000086e00000, 0x0000000086e00000| Complete 
|  45|0x0000000086f00000, 0x0000000086f00000, 0x0000000087000000|  0%| F|  |TAMS 0x0000000086f00000, 0x0000000086f00000| Untracked 
|  46|0x0000000087000000, 0x0000000087000000, 0x0000000087100000|  0%| F|  |TAMS 0x0000000087000000, 0x0000000087000000| Untracked 
|  47|0x0000000087100000, 0x0000000087100000, 0x0000000087200000|  0%| F|  |TAMS 0x0000000087100000, 0x0000000087100000| Untracked 
|  48|0x0000000087200000, 0x0000000087200000, 0x0000000087300000|  0%| F|  |TAMS 0x0000000087200000, 0x0000000087200000| Untracked 
|  49|0x0000000087300000, 0x0000000087300000, 0x0000000087400000|  0%| F|  |TAMS 0x0000000087300000, 0x0000000087300000| Untracked 
|  50|0x0000000087400000, 0x0000000087400000, 0x0000000087500000|  0%| F|  |TAMS 0x0000000087400000, 0x0000000087400000| Untracked 
|  51|0x0000000087500000, 0x0000000087500000, 0x0000000087600000|  0%| F|  |TAMS 0x0000000087500000, 0x0000000087500000| Untracked 
|  52|0x0000000087600000, 0x0000000087600000, 0x0000000087700000|  0%| F|  |TAMS 0x0000000087600000, 0x0000000087600000| Untracked 
|  53|0x0000000087700000, 0x0000000087700000, 0x0000000087800000|  0%| F|  |TAMS 0x0000000087700000, 0x0000000087700000| Untracked 
|  54|0x0000000087800000, 0x0000000087800000, 0x0000000087900000|  0%| F|  |TAMS 0x0000000087800000, 0x0000000087800000| Untracked 
|  55|0x0000000087900000, 0x0000000087900000, 0x0000000087a00000|  0%| F|  |TAMS 0x0000000087900000, 0x0000000087900000| Untracked 
|  56|0x0000000087a00000, 0x0000000087a00000, 0x0000000087b00000|  0%| F|  |TAMS 0x0000000087a00000, 0x0000000087a00000| Untracked 
|  57|0x0000000087b00000, 0x0000000087b00000, 0x0000000087c00000|  0%| F|  |TAMS 0x0000000087b00000, 0x0000000087b00000| Untracked 
|  58|0x0000000087c00000, 0x0000000087c00000, 0x0000000087d00000|  0%| F|  |TAMS 0x0000000087c00000, 0x0000000087c00000| Untracked 
|  59|0x0000000087d00000, 0x0000000087d00000, 0x0000000087e00000|  0%| F|  |TAMS 0x0000000087d00000, 0x0000000087d00000| Untracked 
|  60|0x0000000087e00000, 0x0000000087e00000, 0x0000000087f00000|  0%| F|  |TAMS 0x0000000087e00000, 0x0000000087e00000| Untracked 
|  61|0x0000000087f00000, 0x0000000087f00000, 0x0000000088000000|  0%| F|  |TAMS 0x0000000087f00000, 0x0000000087f00000| Untracked 
|  62|0x0000000088000000, 0x0000000088000000, 0x0000000088100000|  0%| F|  |TAMS 0x0000000088000000, 0x0000000088000000| Untracked 
|  63|0x0000000088100000, 0x0000000088100000, 0x0000000088200000|  0%| F|  |TAMS 0x0000000088100000, 0x0000000088100000| Untracked 
|  64|0x0000000088200000, 0x0000000088200000, 0x0000000088300000|  0%| F|  |TAMS 0x0000000088200000, 0x0000000088200000| Untracked 
|  65|0x0000000088300000, 0x0000000088300000, 0x0000000088400000|  0%| F|  |TAMS 0x0000000088300000, 0x0000000088300000| Untracked 
|  66|0x0000000088400000, 0x0000000088400000, 0x0000000088500000|  0%| F|  |TAMS 0x0000000088400000, 0x0000000088400000| Untracked 
|  67|0x0000000088500000, 0x0000000088500000, 0x0000000088600000|  0%| F|  |TAMS 0x0000000088500000, 0x0000000088500000| Untracked 
|  68|0x0000000088600000, 0x0000000088600000, 0x0000000088700000|  0%| F|  |TAMS 0x0000000088600000, 0x0000000088600000| Untracked 
|  69|0x0000000088700000, 0x0000000088700000, 0x0000000088800000|  0%| F|  |TAMS 0x0000000088700000, 0x0000000088700000| Untracked 
|  70|0x0000000088800000, 0x0000000088800000, 0x0000000088900000|  0%| F|  |TAMS 0x0000000088800000, 0x0000000088800000| Untracked 
|  71|0x0000000088900000, 0x0000000088900000, 0x0000000088a00000|  0%| F|  |TAMS 0x0000000088900000, 0x0000000088900000| Untracked 
|  72|0x0000000088a00000, 0x0000000088a00000, 0x0000000088b00000|  0%| F|  |TAMS 0x0000000088a00000, 0x0000000088a00000| Untracked 
|  73|0x0000000088b00000, 0x0000000088b00000, 0x0000000088c00000|  0%| F|  |TAMS 0x0000000088b00000, 0x0000000088b00000| Untracked 
|  74|0x0000000088c00000, 0x0000000088c00000, 0x0000000088d00000|  0%| F|  |TAMS 0x0000000088c00000, 0x0000000088c00000| Untracked 
|  75|0x0000000088d00000, 0x0000000088d00000, 0x0000000088e00000|  0%| F|  |TAMS 0x0000000088d00000, 0x0000000088d00000| Untracked 
|  76|0x0000000088e00000, 0x0000000088e00000, 0x0000000088f00000|  0%| F|  |TAMS 0x0000000088e00000, 0x0000000088e00000| Untracked 
|  77|0x0000000088f00000, 0x0000000088f00000, 0x0000000089000000|  0%| F|  |TAMS 0x0000000088f00000, 0x0000000088f00000| Untracked 
|  78|0x0000000089000000, 0x0000000089000000, 0x0000000089100000|  0%| F|  |TAMS 0x0000000089000000, 0x0000000089000000| Untracked 
|  79|0x0000000089100000, 0x0000000089100000, 0x0000000089200000|  0%| F|  |TAMS 0x0000000089100000, 0x0000000089100000| Untracked 
|  80|0x0000000089200000, 0x0000000089200000, 0x0000000089300000|  0%| F|  |TAMS 0x0000000089200000, 0x0000000089200000| Untracked 
|  81|0x0000000089300000, 0x0000000089300000, 0x0000000089400000|  0%| F|  |TAMS 0x0000000089300000, 0x0000000089300000| Untracked 
| 123|0x000000008bd00000, 0x000000008bdf30c8, 0x000000008be00000| 94%| E|  |TAMS 0x000000008bd00000, 0x000000008bd00000| Complete 

Card table byte_map: [0x0000025358020000,0x0000025358400000] _byte_map_base: 0x0000025357bff000

Marking Bits (Prev, Next): (CMBitMap*) 0x000002534079b9f0, (CMBitMap*) 0x000002534079ba30
 Prev Bits: [0x00000253587e0000, 0x000002535a6d8000)
 Next Bits: [0x000002535a6e0000, 0x000002535c5d8000)

Polling page: 0x000002533e6b0000

Metaspace:

Usage:
  Non-class:     41.55 MB used.
      Class:      5.97 MB used.
       Both:     47.52 MB used.

Virtual space:
  Non-class space:       64.00 MB reserved,      41.94 MB ( 66%) committed,  1 nodes.
      Class space:        1.00 GB reserved,       6.25 MB ( <1%) committed,  1 nodes.
             Both:        1.06 GB reserved,      48.19 MB (  4%) committed. 

Chunk freelists:
   Non-Class:  1.92 MB
       Class:  1.77 MB
        Both:  3.69 MB

MaxMetaspaceSize: unlimited
CompressedClassSpaceSize: 1.00 GB
Initial GC threshold: 21.00 MB
Current GC threshold: 58.88 MB
CDS: on
MetaspaceReclaimPolicy: balanced
 - commit_granule_bytes: 65536.
 - commit_granule_words: 8192.
 - virtual_space_node_default_size: 8388608.
 - enlarge_chunks_in_place: 1.
 - new_chunks_are_fully_committed: 0.
 - uncommit_free_chunks: 1.
 - use_allocation_guard: 0.


Internal statistics:

num_allocs_failed_limit: 6.
num_arena_births: 932.
num_arena_deaths: 0.
num_vsnodes_births: 2.
num_vsnodes_deaths: 0.
num_space_committed: 771.
num_space_uncommitted: 0.
num_chunks_returned_to_freelist: 6.
num_chunks_taken_from_freelist: 2704.
num_chunk_merges: 6.
num_chunk_splits: 1904.
num_chunks_enlarged: 1484.
num_inconsistent_stats: 0.

CodeHeap 'non-profiled nmethods': size=120000Kb used=4287Kb max_used=4287Kb free=115712Kb
 bounds [0x00000253503e0000, 0x0000025350810000, 0x0000025357910000]
CodeHeap 'profiled nmethods': size=120000Kb used=16320Kb max_used=16320Kb free=103679Kb
 bounds [0x0000025348910000, 0x0000025349910000, 0x000002534fe40000]
CodeHeap 'non-nmethods': size=5760Kb used=1399Kb max_used=1444Kb free=4361Kb
 bounds [0x000002534fe40000, 0x00000253500b0000, 0x00000253503e0000]
 total_blobs=8552 nmethods=7931 adapters=530
 compilation: disabled (not enough contiguous free space left)
              stopped_count=1, restarted_count=0
 full_count=1

Compilation events (20 events):
Event: 315.044 Thread 0x000002536342b7e0 nmethod 8707 0x00000253498f2f90 code [0x00000253498f3380, 0x00000253498f5038]
Event: 315.044 Thread 0x000002536342b7e0 8703       3       org.springframework.security.web.authentication.AnonymousAuthenticationFilter::defaultWithAnonymous (118 bytes)
Event: 315.046 Thread 0x000002536342b7e0 nmethod 8703 0x00000253498f5990 code [0x00000253498f5ca0, 0x00000253498f6eb8]
Event: 315.046 Thread 0x000002536342b7e0 8704       3       org.springframework.security.web.authentication.AnonymousAuthenticationFilter::createAuthentication (36 bytes)
Event: 315.046 Thread 0x000002536411b1c0 nmethod 8695 0x000002535080f090 code [0x000002535080f240, 0x000002535080f758]
Event: 315.046 Thread 0x000002536411b1c0 8696       4       com.fasterxml.jackson.core.json.JsonWriteContext::writeFieldName (56 bytes)
Event: 315.047 Thread 0x000002536342b7e0 nmethod 8704 0x00000253498f7510 code [0x00000253498f77c0, 0x00000253498f86a8]
Event: 315.047 Thread 0x000002536342b7e0 8705       3       org.springframework.security.web.access.ExceptionTranslationFilter::doFilter (14 bytes)
Event: 315.047 Thread 0x000002536342b7e0 nmethod 8705 0x00000253498f8b90 code [0x00000253498f8d40, 0x00000253498f90a8]
Event: 315.047 Thread 0x000002536342b7e0 8706   !   3       org.springframework.security.web.access.intercept.AuthorizationFilter::doFilter (179 bytes)
Event: 315.048 Thread 0x000002536411b1c0 nmethod 8696 0x000002535080fb10 code [0x000002535080fca0, 0x000002535080fe58]
Event: 315.051 Thread 0x000002536342b7e0 nmethod 8706 0x00000253498f9190 code [0x00000253498f97e0, 0x00000253498fce98]
Event: 315.051 Thread 0x000002536411b1c0 8715       4       java.util.LinkedHashMap::entrySet (27 bytes)
Event: 315.051 Thread 0x000002536342b7e0 8714       3       jakarta.servlet.ServletResponseWrapper::<init> (30 bytes)
Event: 315.052 Thread 0x000002536342b7e0 nmethod 8714 0x00000253498fe110 code [0x00000253498fe300, 0x00000253498fe758]
Event: 315.052 Thread 0x000002536342b7e0 8712       3       org.springframework.web.servlet.handler.HandlerMappingIntrospector$$Lambda$1435/0x000000080157d708::<init> (20 bytes)
Event: 315.052 Thread 0x000002536342b7e0 nmethod 8712 0x00000253498fe910 code [0x00000253498feac0, 0x00000253498fed38]
Event: 315.052 Thread 0x000002536342b7e0 8708       3       org.springframework.web.context.request.async.StandardServletAsyncWebRequest::setTimeout (23 bytes)
Event: 315.053 Thread 0x000002536342b7e0 nmethod 8708 0x00000253498fee10 code [0x00000253498ff000, 0x00000253498ff518]
Event: 315.053 Thread 0x000002536342b7e0 8709       3       com.mongodb.internal.operation.CommandBatchCursor::toCommandCursorResult (47 bytes)

GC Heap History (20 events):
Event: 4.632 GC heap before
{Heap before GC invocations=2 (full 0):
 garbage-first heap   total 126976K, used 57712K [0x0000000084200000, 0x0000000100000000)
  region size 1024K, 52 young (53248K), 3 survivors (3072K)
 Metaspace       used 21124K, committed 21504K, reserved 1114112K
  class space    used 2554K, committed 2752K, reserved 1048576K
}
Event: 4.639 GC heap after
{Heap after GC invocations=3 (full 0):
 garbage-first heap   total 126976K, used 13380K [0x0000000084200000, 0x0000000100000000)
  region size 1024K, 7 young (7168K), 7 survivors (7168K)
 Metaspace       used 21124K, committed 21504K, reserved 1114112K
  class space    used 2554K, committed 2752K, reserved 1048576K
}
Event: 5.772 GC heap before
{Heap before GC invocations=4 (full 0):
 garbage-first heap   total 51200K, used 36932K [0x0000000084200000, 0x0000000100000000)
  region size 1024K, 30 young (30720K), 7 survivors (7168K)
 Metaspace       used 25474K, committed 25984K, reserved 1114112K
  class space    used 3133K, committed 3392K, reserved 1048576K
}
Event: 5.781 GC heap after
{Heap after GC invocations=5 (full 0):
 garbage-first heap   total 51200K, used 15696K [0x0000000084200000, 0x0000000100000000)
  region size 1024K, 3 young (3072K), 3 survivors (3072K)
 Metaspace       used 25474K, committed 25984K, reserved 1114112K
  class space    used 3133K, committed 3392K, reserved 1048576K
}
Event: 5.831 GC heap before
{Heap before GC invocations=5 (full 0):
 garbage-first heap   total 51200K, used 16720K [0x0000000084200000, 0x0000000100000000)
  region size 1024K, 4 young (4096K), 3 survivors (3072K)
 Metaspace       used 25622K, committed 26112K, reserved 1114112K
  class space    used 3170K, committed 3392K, reserved 1048576K
}
Event: 5.835 GC heap after
{Heap after GC invocations=6 (full 0):
 garbage-first heap   total 51200K, used 16093K [0x0000000084200000, 0x0000000100000000)
  region size 1024K, 1 young (1024K), 1 survivors (1024K)
 Metaspace       used 25622K, committed 26112K, reserved 1114112K
  class space    used 3170K, committed 3392K, reserved 1048576K
}
Event: 6.735 GC heap before
{Heap before GC invocations=6 (full 0):
 garbage-first heap   total 51200K, used 33501K [0x0000000084200000, 0x0000000100000000)
  region size 1024K, 19 young (19456K), 1 survivors (1024K)
 Metaspace       used 29571K, committed 30080K, reserved 1114112K
  class space    used 3652K, committed 3904K, reserved 1048576K
}
Event: 6.739 GC heap after
{Heap after GC invocations=7 (full 0):
 garbage-first heap   total 51200K, used 17448K [0x0000000084200000, 0x0000000100000000)
  region size 1024K, 2 young (2048K), 2 survivors (2048K)
 Metaspace       used 29571K, committed 30080K, reserved 1114112K
  class space    used 3652K, committed 3904K, reserved 1048576K
}
Event: 7.635 GC heap before
{Heap before GC invocations=7 (full 0):
 garbage-first heap   total 51200K, used 35880K [0x0000000084200000, 0x0000000100000000)
  region size 1024K, 20 young (20480K), 2 survivors (2048K)
 Metaspace       used 33997K, committed 34560K, reserved 1114112K
  class space    used 4301K, committed 4544K, reserved 1048576K
}
Event: 7.640 GC heap after
{Heap after GC invocations=8 (full 0):
 garbage-first heap   total 51200K, used 19035K [0x0000000084200000, 0x0000000100000000)
  region size 1024K, 2 young (2048K), 2 survivors (2048K)
 Metaspace       used 33997K, committed 34560K, reserved 1114112K
  class space    used 4301K, committed 4544K, reserved 1048576K
}
Event: 7.855 GC heap before
{Heap before GC invocations=8 (full 0):
 garbage-first heap   total 51200K, used 26203K [0x0000000084200000, 0x0000000100000000)
  region size 1024K, 10 young (10240K), 2 survivors (2048K)
 Metaspace       used 35472K, committed 35968K, reserved 1114112K
  class space    used 4518K, committed 4736K, reserved 1048576K
}
Event: 7.860 GC heap after
{Heap after GC invocations=9 (full 0):
 garbage-first heap   total 51200K, used 19954K [0x0000000084200000, 0x0000000100000000)
  region size 1024K, 1 young (1024K), 1 survivors (1024K)
 Metaspace       used 35472K, committed 35968K, reserved 1114112K
  class space    used 4518K, committed 4736K, reserved 1048576K
}
Event: 9.023 GC heap before
{Heap before GC invocations=10 (full 0):
 garbage-first heap   total 51200K, used 38386K [0x0000000084200000, 0x0000000100000000)
  region size 1024K, 19 young (19456K), 1 survivors (1024K)
 Metaspace       used 38104K, committed 38656K, reserved 1114112K
  class space    used 4872K, committed 5120K, reserved 1048576K
}
Event: 9.028 GC heap after
{Heap after GC invocations=11 (full 0):
 garbage-first heap   total 51200K, used 22024K [0x0000000084200000, 0x0000000100000000)
  region size 1024K, 3 young (3072K), 3 survivors (3072K)
 Metaspace       used 38104K, committed 38656K, reserved 1114112K
  class space    used 4872K, committed 5120K, reserved 1048576K
}
Event: 9.075 GC heap before
{Heap before GC invocations=11 (full 0):
 garbage-first heap   total 51200K, used 23048K [0x0000000084200000, 0x0000000100000000)
  region size 1024K, 4 young (4096K), 3 survivors (3072K)
 Metaspace       used 38278K, committed 38848K, reserved 1114112K
  class space    used 4892K, committed 5120K, reserved 1048576K
}
Event: 9.080 GC heap after
{Heap after GC invocations=12 (full 0):
 garbage-first heap   total 51200K, used 21880K [0x0000000084200000, 0x0000000100000000)
  region size 1024K, 1 young (1024K), 1 survivors (1024K)
 Metaspace       used 38278K, committed 38848K, reserved 1114112K
  class space    used 4892K, committed 5120K, reserved 1048576K
}
Event: 36.405 GC heap before
{Heap before GC invocations=12 (full 0):
 garbage-first heap   total 51200K, used 37240K [0x0000000084200000, 0x0000000100000000)
  region size 1024K, 17 young (17408K), 1 survivors (1024K)
 Metaspace       used 40856K, committed 41472K, reserved 1114112K
  class space    used 5264K, committed 5568K, reserved 1048576K
}
Event: 36.414 GC heap after
{Heap after GC invocations=13 (full 0):
 garbage-first heap   total 84992K, used 22994K [0x0000000084200000, 0x0000000100000000)
  region size 1024K, 2 young (2048K), 2 survivors (2048K)
 Metaspace       used 40856K, committed 41472K, reserved 1114112K
  class space    used 5264K, committed 5568K, reserved 1048576K
}
Event: 138.196 GC heap before
{Heap before GC invocations=13 (full 0):
 garbage-first heap   total 84992K, used 62930K [0x0000000084200000, 0x0000000100000000)
  region size 1024K, 41 young (41984K), 2 survivors (2048K)
 Metaspace       used 46400K, committed 47040K, reserved 1114112K
  class space    used 5963K, committed 6272K, reserved 1048576K
}
Event: 138.205 GC heap after
{Heap after GC invocations=14 (full 0):
 garbage-first heap   total 84992K, used 25123K [0x0000000084200000, 0x0000000100000000)
  region size 1024K, 4 young (4096K), 4 survivors (4096K)
 Metaspace       used 46400K, committed 47040K, reserved 1114112K
  class space    used 5963K, committed 6272K, reserved 1048576K
}

Dll operation events (14 events):
Event: 0.021 Loaded shared library C:\Users\Ritej\.jdks\corretto-19.0.2\bin\java.dll
Event: 0.044 Loaded shared library C:\Users\Ritej\.jdks\corretto-19.0.2\bin\jsvml.dll
Event: 0.289 Loaded shared library C:\Users\Ritej\.jdks\corretto-19.0.2\bin\zip.dll
Event: 0.298 Loaded shared library C:\Users\Ritej\.jdks\corretto-19.0.2\bin\instrument.dll
Event: 0.310 Loaded shared library C:\Users\Ritej\.jdks\corretto-19.0.2\bin\net.dll
Event: 0.314 Loaded shared library C:\Users\Ritej\.jdks\corretto-19.0.2\bin\nio.dll
Event: 0.327 Loaded shared library C:\Users\Ritej\.jdks\corretto-19.0.2\bin\zip.dll
Event: 0.582 Loaded shared library C:\Program Files\JetBrains\IntelliJ IDEA Community Edition 2024.1.4\bin\breakgen64.dll
Event: 0.609 Loaded shared library C:\Users\Ritej\.jdks\corretto-19.0.2\bin\extnet.dll
Event: 0.666 Loaded shared library C:\Users\Ritej\.jdks\corretto-19.0.2\bin\jimage.dll
Event: 1.357 Loaded shared library C:\Users\Ritej\.jdks\corretto-19.0.2\bin\management.dll
Event: 1.364 Loaded shared library C:\Users\Ritej\.jdks\corretto-19.0.2\bin\management_ext.dll
Event: 3.178 Loaded shared library C:\Users\Ritej\.jdks\corretto-19.0.2\bin\sunmscapi.dll
Event: 136.800 Loaded shared library C:\Users\Ritej\.jdks\corretto-19.0.2\bin\verify.dll

Deoptimization events (20 events):
Event: 153.437 Thread 0x0000025365205b00 Uncommon trap: trap_request=0xffffffde fr.pc=0x0000025350707fac relative=0x000000000000272c
Event: 153.437 Thread 0x0000025365205b00 Uncommon trap: reason=class_check action=maybe_recompile pc=0x0000025350707fac method=org.bson.internal.ProvidersCodecRegistry.lambda$get$0(Lorg/bson/internal/ChildCodecRegistry;Lorg/bson/internal/CodecCache$CodecCacheKey;)Lorg/bson/codecs/Codec; @ 25 c2
Event: 153.437 Thread 0x0000025365205b00 DEOPT PACKING pc=0x0000025350707fac sp=0x000000ccea7f7620
Event: 153.437 Thread 0x0000025365205b00 DEOPT UNPACKING pc=0x000002534feaa5a3 sp=0x000000ccea7f74a0 mode 2
Event: 153.437 Thread 0x0000025365205b00 Uncommon trap: trap_request=0xffffffde fr.pc=0x00000253506fcd58 relative=0x0000000000002658
Event: 153.437 Thread 0x0000025365205b00 Uncommon trap: reason=class_check action=maybe_recompile pc=0x00000253506fcd58 method=org.bson.internal.ProvidersCodecRegistry.lambda$get$0(Lorg/bson/internal/ChildCodecRegistry;Lorg/bson/internal/CodecCache$CodecCacheKey;)Lorg/bson/codecs/Codec; @ 25 c2
Event: 153.437 Thread 0x0000025365205b00 DEOPT PACKING pc=0x00000253506fcd58 sp=0x000000ccea7f70d0
Event: 153.437 Thread 0x0000025365205b00 DEOPT UNPACKING pc=0x000002534feaa5a3 sp=0x000000ccea7f6fc8 mode 2
Event: 153.454 Thread 0x0000025364c3ea60 Uncommon trap: trap_request=0xffffff45 fr.pc=0x00000253506c7de8 relative=0x0000000000001368
Event: 153.454 Thread 0x0000025364c3ea60 Uncommon trap: reason=unstable_if action=reinterpret pc=0x00000253506c7de8 method=org.bson.io.ByteBufferBsonInput.readString(I)Ljava/lang/String; @ 2 c2
Event: 153.454 Thread 0x0000025364c3ea60 DEOPT PACKING pc=0x00000253506c7de8 sp=0x000000ccea4f8220
Event: 153.454 Thread 0x0000025364c3ea60 DEOPT UNPACKING pc=0x000002534feaa5a3 sp=0x000000ccea4f8100 mode 2
Event: 153.454 Thread 0x0000025364c3ea60 Uncommon trap: trap_request=0xffffff45 fr.pc=0x00000253506c4634 relative=0x0000000000000394
Event: 153.454 Thread 0x0000025364c3ea60 Uncommon trap: reason=unstable_if action=reinterpret pc=0x00000253506c4634 method=org.bson.io.ByteBufferBsonInput.readString(I)Ljava/lang/String; @ 2 c2
Event: 153.455 Thread 0x0000025364c3ea60 DEOPT PACKING pc=0x00000253506c4634 sp=0x000000ccea4f8150
Event: 153.455 Thread 0x0000025364c3ea60 DEOPT UNPACKING pc=0x000002534feaa5a3 sp=0x000000ccea4f80f8 mode 2
Event: 313.533 Thread 0x000002536520a560 Uncommon trap: trap_request=0xffffff45 fr.pc=0x00000253506f6ae4 relative=0x0000000000000e64
Event: 313.533 Thread 0x000002536520a560 Uncommon trap: reason=unstable_if action=reinterpret pc=0x00000253506f6ae4 method=org.springframework.web.util.pattern.LiteralPathElement.matches(ILorg/springframework/web/util/pattern/PathPattern$MatchingContext;)Z @ 129 c2
Event: 313.533 Thread 0x000002536520a560 DEOPT PACKING pc=0x00000253506f6ae4 sp=0x000000cceacfcf90
Event: 313.533 Thread 0x000002536520a560 DEOPT UNPACKING pc=0x000002534feaa5a3 sp=0x000000cceacfcea8 mode 2

Classes loaded (20 events):
Event: 136.718 Loading class java/util/concurrent/atomic/Striped64$Cell
Event: 136.719 Loading class java/util/concurrent/atomic/Striped64$Cell done
Event: 136.866 Loading class java/util/OptionalLong
Event: 136.866 Loading class java/util/OptionalLong done
Event: 136.867 Loading class java/util/OptionalDouble
Event: 136.867 Loading class java/util/OptionalDouble done
Event: 136.882 Loading class java/util/AbstractMap$SimpleEntry
Event: 136.883 Loading class java/util/AbstractMap$SimpleEntry done
Event: 136.937 Loading class java/util/stream/LongStream
Event: 136.938 Loading class java/util/stream/LongStream done
Event: 136.938 Loading class java/util/stream/DoubleStream
Event: 136.939 Loading class java/util/stream/DoubleStream done
Event: 136.984 Loading class org/w3c/dom/Node
Event: 136.985 Loading class org/w3c/dom/Node done
Event: 136.985 Loading class org/w3c/dom/Document
Event: 136.985 Loading class org/w3c/dom/Document done
Event: 153.326 Loading class java/io/PushbackInputStream
Event: 153.326 Loading class java/io/PushbackInputStream done
Event: 153.413 Loading class java/util/concurrent/ConcurrentHashMap$TreeBin
Event: 153.414 Loading class java/util/concurrent/ConcurrentHashMap$TreeBin done

Classes unloaded (0 events):
No events

Classes redefined (0 events):
No events

Internal exceptions (20 events):
Event: 135.850 Thread 0x0000025365209020 Exception <a 'java/lang/NoSuchMethodError'{0x0000000089026de0}: 'java.lang.Object java.lang.invoke.DirectMethodHandle$Holder.invokeStaticInit(java.lang.Object, java.lang.Object, java.lang.Object, int, int)'> (0x0000000089026de0) 
thrown [s\src\hotspot\share\interpreter\linkResolver.cpp, line 774]
Event: 135.977 Thread 0x0000025364c3ea60 Exception <a 'java/lang/NoSuchMethodError'{0x0000000088fcb930}: 'java.lang.Object java.lang.invoke.DirectMethodHandle$Holder.invokeSpecial(java.lang.Object, java.lang.Object, java.lang.Object, java.lang.Object, java.lang.Object, long)'> (0x0000000088fcb930) 
thrown [s\src\hotspot\share\interpreter\linkResolver.cpp, line 774]
Event: 135.977 Thread 0x0000025364c3ea60 Exception <a 'java/lang/NoSuchMethodError'{0x0000000088fcf380}: 'java.lang.Object java.lang.invoke.Invokers$Holder.linkToTargetMethod(java.lang.Object, java.lang.Object, java.lang.Object, long, java.lang.Object)'> (0x0000000088fcf380) 
thrown [s\src\hotspot\share\interpreter\linkResolver.cpp, line 774]
Event: 136.734 Thread 0x0000025364c3efb0 Exception <a 'java/lang/NoSuchMethodError'{0x0000000088529f80}: 'long java.lang.invoke.DirectMethodHandle$Holder.invokeStatic(java.lang.Object, long)'> (0x0000000088529f80) 
thrown [s\src\hotspot\share\interpreter\linkResolver.cpp, line 774]
Event: 136.734 Thread 0x0000025364c3da70 Exception <a 'java/lang/NoSuchMethodError'{0x00000000885399d0}: 'long java.lang.invoke.DirectMethodHandle$Holder.invokeStatic(java.lang.Object, long)'> (0x00000000885399d0) 
thrown [s\src\hotspot\share\interpreter\linkResolver.cpp, line 774]
Event: 136.734 Thread 0x0000025364c3ea60 Exception <a 'java/lang/NoSuchMethodError'{0x000000008854b7f0}: 'long java.lang.invoke.DirectMethodHandle$Holder.invokeStatic(java.lang.Object, long)'> (0x000000008854b7f0) 
thrown [s\src\hotspot\share\interpreter\linkResolver.cpp, line 774]
Event: 136.803 Thread 0x0000025364c3ea60 Exception <a 'java/lang/NoSuchMethodError'{0x000000008831b140}: 'void java.lang.invoke.Invokers$Holder.invoke_MT(java.lang.Object, java.lang.Object, java.lang.Object, java.lang.Object)'> (0x000000008831b140) 
thrown [s\src\hotspot\share\interpreter\linkResolver.cpp, line 774]
Event: 136.814 Thread 0x0000025364c3da70 Implicit null exception at 0x0000025350526bb4 to 0x0000025350526c20
Event: 136.817 Thread 0x0000025364c3da70 Exception <a 'java/lang/NoSuchMethodError'{0x00000000883532c8}: 'double java.lang.invoke.DelegatingMethodHandle$Holder.reinvoke_L(java.lang.Object, java.lang.Object, int)'> (0x00000000883532c8) 
thrown [s\src\hotspot\share\interpreter\linkResolver.cpp, line 774]
Event: 136.818 Thread 0x0000025364c3da70 Exception <a 'java/lang/NoSuchMethodError'{0x000000008836b1e8}: 'void java.lang.invoke.DelegatingMethodHandle$Holder.reinvoke_L(java.lang.Object, java.lang.Object, double)'> (0x000000008836b1e8) 
thrown [s\src\hotspot\share\interpreter\linkResolver.cpp, line 774]
Event: 137.021 Thread 0x0000025364c3da70 Exception <a 'java/lang/NoSuchMethodError'{0x00000000880d1bb0}: 'double java.lang.invoke.DirectMethodHandle$Holder.invokeVirtual(java.lang.Object, java.lang.Object)'> (0x00000000880d1bb0) 
thrown [s\src\hotspot\share\interpreter\linkResolver.cpp, line 774]
Event: 137.022 Thread 0x0000025364c3da70 Exception <a 'java/lang/NoSuchMethodError'{0x00000000880d5da8}: 'double java.lang.invoke.DelegatingMethodHandle$Holder.reinvoke_L(java.lang.Object, java.lang.Object)'> (0x00000000880d5da8) 
thrown [s\src\hotspot\share\interpreter\linkResolver.cpp, line 774]
Event: 137.265 Thread 0x0000025365208ad0 Exception <a 'java/lang/NoSuchMethodError'{0x0000000087c800d0}: 'java.lang.Object java.lang.invoke.DirectMethodHandle$Holder.invokeInterface(java.lang.Object, java.lang.Object, int)'> (0x0000000087c800d0) 
thrown [s\src\hotspot\share\interpreter\linkResolver.cpp, line 774]
Event: 137.265 Thread 0x0000025365205b00 Exception <a 'java/lang/NoSuchMethodError'{0x0000000087cbbcb0}: 'java.lang.Object java.lang.invoke.DirectMethodHandle$Holder.invokeInterface(java.lang.Object, java.lang.Object, int)'> (0x0000000087cbbcb0) 
thrown [s\src\hotspot\share\interpreter\linkResolver.cpp, line 774]
Event: 137.266 Thread 0x0000025364c3f500 Exception <a 'java/lang/NoSuchMethodError'{0x0000000087ca3818}: 'java.lang.Object java.lang.invoke.DirectMethodHandle$Holder.invokeInterface(java.lang.Object, java.lang.Object, int)'> (0x0000000087ca3818) 
thrown [s\src\hotspot\share\interpreter\linkResolver.cpp, line 774]
Event: 137.266 Thread 0x000002536520aab0 Exception <a 'java/lang/NoSuchMethodError'{0x0000000087c87c48}: 'java.lang.Object java.lang.invoke.DirectMethodHandle$Holder.invokeInterface(java.lang.Object, java.lang.Object, int)'> (0x0000000087c87c48) 
thrown [s\src\hotspot\share\interpreter\linkResolver.cpp, line 774]
Event: 137.266 Thread 0x00000253652055b0 Exception <a 'java/lang/NoSuchMethodError'{0x0000000087cc8780}: 'java.lang.Object java.lang.invoke.DirectMethodHandle$Holder.invokeInterface(java.lang.Object, java.lang.Object, int)'> (0x0000000087cc8780) 
thrown [s\src\hotspot\share\interpreter\linkResolver.cpp, line 774]
Event: 137.266 Thread 0x0000025365209ac0 Exception <a 'java/lang/NoSuchMethodError'{0x0000000087c97c40}: 'java.lang.Object java.lang.invoke.DirectMethodHandle$Holder.invokeInterface(java.lang.Object, java.lang.Object, int)'> (0x0000000087c97c40) 
thrown [s\src\hotspot\share\interpreter\linkResolver.cpp, line 774]
Event: 153.384 Thread 0x0000025364c3ea60 Exception <a 'java/lang/NoSuchMethodError'{0x00000000889563b0}: 'void java.lang.invoke.DirectMethodHandle$Holder.invokeVirtual(java.lang.Object, java.lang.Object, double)'> (0x00000000889563b0) 
thrown [s\src\hotspot\share\interpreter\linkResolver.cpp, line 774]
Event: 153.384 Thread 0x0000025365205b00 Exception <a 'java/lang/NoSuchMethodError'{0x0000000088bbfad0}: 'void java.lang.invoke.DirectMethodHandle$Holder.invokeVirtual(java.lang.Object, java.lang.Object, double)'> (0x0000000088bbfad0) 
thrown [s\src\hotspot\share\interpreter\linkResolver.cpp, line 774]

VM Operations (20 events):
Event: 197.735 Executing VM operation: Cleanup
Event: 197.736 Executing VM operation: Cleanup done
Event: 217.944 Executing VM operation: Cleanup
Event: 217.944 Executing VM operation: Cleanup done
Event: 228.025 Executing VM operation: Cleanup
Event: 228.025 Executing VM operation: Cleanup done
Event: 238.120 Executing VM operation: Cleanup
Event: 238.120 Executing VM operation: Cleanup done
Event: 267.383 Executing VM operation: Cleanup
Event: 267.383 Executing VM operation: Cleanup done
Event: 307.706 Executing VM operation: Cleanup
Event: 307.706 Executing VM operation: Cleanup done
Event: 313.664 Executing VM operation: HandshakeAllThreads
Event: 313.665 Executing VM operation: HandshakeAllThreads done
Event: 313.665 Executing VM operation: Cleanup
Event: 313.665 Executing VM operation: Cleanup done
Event: 313.991 Executing VM operation: ICBufferFull
Event: 313.991 Executing VM operation: ICBufferFull done
Event: 314.628 Executing VM operation: ICBufferFull
Event: 314.628 Executing VM operation: ICBufferFull done

Events (20 events):
Event: 9.854 Thread 0x0000025365208ad0 Thread added: 0x0000025365208ad0
Event: 9.855 Thread 0x000002536520aab0 Thread added: 0x000002536520aab0
Event: 9.856 Thread 0x000002536520a560 Thread added: 0x000002536520a560
Event: 9.885 Thread 0x0000025365206050 Thread added: 0x0000025365206050
Event: 9.891 Thread 0x0000025365209020 Thread added: 0x0000025365209020
Event: 9.926 Thread 0x0000025363f38140 Thread exited: 0x0000025363f38140
Event: 9.934 Thread 0x0000025363f36d00 Thread exited: 0x0000025363f36d00
Event: 9.935 Thread 0x000002534073cfa0 Thread exited: 0x000002534073cfa0
Event: 9.935 Thread 0x00000253652065a0 Thread added: 0x00000253652065a0
Event: 10.838 Thread 0x00000253641195f0 Thread exited: 0x00000253641195f0
Event: 136.122 Thread 0x00000253641195f0 Thread added: 0x00000253641195f0
Event: 136.886 Thread 0x000002536411a110 Thread added: 0x000002536411a110
Event: 139.897 Thread 0x000002536411a110 Thread exited: 0x000002536411a110
Event: 140.683 Thread 0x00000253641195f0 Thread exited: 0x00000253641195f0
Event: 153.465 Thread 0x000002536411c800 Thread added: 0x000002536411c800
Event: 157.176 Thread 0x000002536411c800 Thread exited: 0x000002536411c800
Event: 313.563 Thread 0x00000253641195f0 Thread added: 0x00000253641195f0
Event: 313.667 Thread 0x000002536342d160 flushing nmethod 0x0000025350586290
Event: 313.886 Thread 0x00000253641195f0 Thread exited: 0x00000253641195f0
Event: 313.938 Thread 0x000002536411b1c0 Thread added: 0x000002536411b1c0


Dynamic libraries:
0x00007ff654530000 - 0x00007ff65453d000 	C:\Users\Ritej\.jdks\corretto-19.0.2\bin\java.exe
0x00007fff218f0000 - 0x00007fff21b07000 	C:\WINDOWS\SYSTEM32\ntdll.dll
0x00007ffee30c0000 - 0x00007ffee30e0000 	C:\Program Files\Avast Software\Avast\aswhook.dll
0x00007fff1fc90000 - 0x00007fff1fd54000 	C:\WINDOWS\System32\KERNEL32.DLL
0x00007fff1efa0000 - 0x00007fff1f370000 	C:\WINDOWS\System32\KERNELBASE.dll
0x00007fff1ec60000 - 0x00007fff1ed71000 	C:\WINDOWS\System32\ucrtbase.dll
0x00007fff02fb0000 - 0x00007fff02fc7000 	C:\Users\Ritej\.jdks\corretto-19.0.2\bin\jli.dll
0x00007fff03110000 - 0x00007fff03125000 	C:\Users\Ritej\.jdks\corretto-19.0.2\bin\VCRUNTIME140.dll
0x00007fff212d0000 - 0x00007fff2147e000 	C:\WINDOWS\System32\USER32.dll
0x00007fff1ed80000 - 0x00007fff1eda6000 	C:\WINDOWS\System32\win32u.dll
0x00007fff1f9e0000 - 0x00007fff1fa09000 	C:\WINDOWS\System32\GDI32.dll
0x00007fff1f370000 - 0x00007fff1f48b000 	C:\WINDOWS\System32\gdi32full.dll
0x00007fff07450000 - 0x00007fff076e2000 	C:\WINDOWS\WinSxS\amd64_microsoft.windows.common-controls_6595b64144ccf1df_6.0.22621.4830_none_270fe7d773858e80\COMCTL32.dll
0x00007fff1f490000 - 0x00007fff1f52a000 	C:\WINDOWS\System32\msvcp_win.dll
0x00007fff1f7f0000 - 0x00007fff1f897000 	C:\WINDOWS\System32\msvcrt.dll
0x00007fff205f0000 - 0x00007fff20621000 	C:\WINDOWS\System32\IMM32.DLL
0x00007ffeea5a0000 - 0x00007ffeea63b000 	C:\Users\Ritej\.jdks\corretto-19.0.2\bin\msvcp140.dll
0x00007ffeaafd0000 - 0x00007ffeabca9000 	C:\Users\Ritej\.jdks\corretto-19.0.2\bin\server\jvm.dll
0x00007fff1f8a0000 - 0x00007fff1f951000 	C:\WINDOWS\System32\ADVAPI32.dll
0x00007fff20bc0000 - 0x00007fff20c67000 	C:\WINDOWS\System32\sechost.dll
0x00007fff1f5b0000 - 0x00007fff1f5d8000 	C:\WINDOWS\System32\bcrypt.dll
0x00007fff21480000 - 0x00007fff21594000 	C:\WINDOWS\System32\RPCRT4.dll
0x00007fff17760000 - 0x00007fff17794000 	C:\WINDOWS\SYSTEM32\WINMM.dll
0x00007fff025a0000 - 0x00007fff025a9000 	C:\WINDOWS\SYSTEM32\WSOCK32.dll
0x00007fff167a0000 - 0x00007fff167aa000 	C:\WINDOWS\SYSTEM32\VERSION.dll
0x00007fff1f660000 - 0x00007fff1f6d1000 	C:\WINDOWS\System32\WS2_32.dll
0x00007fff1dba0000 - 0x00007fff1dbb8000 	C:\WINDOWS\SYSTEM32\kernel.appcore.dll
0x00007fff095e0000 - 0x00007fff095ea000 	C:\Users\Ritej\.jdks\corretto-19.0.2\bin\jimage.dll
0x00007fff1c200000 - 0x00007fff1c432000 	C:\WINDOWS\SYSTEM32\DBGHELP.DLL
0x00007fff20ec0000 - 0x00007fff21250000 	C:\WINDOWS\System32\combase.dll
0x00007fff21770000 - 0x00007fff21847000 	C:\WINDOWS\System32\OLEAUT32.dll
0x00007fff0a7b0000 - 0x00007fff0a7e2000 	C:\WINDOWS\SYSTEM32\dbgcore.DLL
0x00007fff1edb0000 - 0x00007fff1ee2b000 	C:\WINDOWS\System32\bcryptPrimitives.dll
0x00007fff095c0000 - 0x00007fff095ce000 	C:\Users\Ritej\.jdks\corretto-19.0.2\bin\instrument.dll
0x00007fff02880000 - 0x00007fff028a6000 	C:\Users\Ritej\.jdks\corretto-19.0.2\bin\java.dll
0x00007ffec8410000 - 0x00007ffec84e6000 	C:\Users\Ritej\.jdks\corretto-19.0.2\bin\jsvml.dll
0x00007fff1fd70000 - 0x00007fff205e8000 	C:\WINDOWS\System32\SHELL32.dll
0x00007fff1caa0000 - 0x00007fff1d3b0000 	C:\WINDOWS\SYSTEM32\windows.storage.dll
0x00007fff1c960000 - 0x00007fff1ca9f000 	C:\WINDOWS\SYSTEM32\wintypes.dll
0x00007fff1f6e0000 - 0x00007fff1f7ea000 	C:\WINDOWS\System32\SHCORE.dll
0x00007fff21850000 - 0x00007fff218ae000 	C:\WINDOWS\System32\shlwapi.dll
0x00007fff1ead0000 - 0x00007fff1eafb000 	C:\WINDOWS\SYSTEM32\profapi.dll
0x00007fff02840000 - 0x00007fff02858000 	C:\Users\Ritej\.jdks\corretto-19.0.2\bin\zip.dll
0x00007fff02a40000 - 0x00007fff02a53000 	C:\Users\Ritej\.jdks\corretto-19.0.2\bin\net.dll
0x00007fff1a270000 - 0x00007fff1a39c000 	C:\WINDOWS\SYSTEM32\WINHTTP.dll
0x00007fff1e010000 - 0x00007fff1e07a000 	C:\WINDOWS\system32\mswsock.dll
0x00007fff02860000 - 0x00007fff02875000 	C:\Users\Ritej\.jdks\corretto-19.0.2\bin\nio.dll
0x00007ffef94c0000 - 0x00007ffef94da000 	C:\Program Files\JetBrains\IntelliJ IDEA Community Edition 2024.1.4\bin\breakgen64.dll
0x00007fff056d0000 - 0x00007fff056d8000 	C:\Users\Ritej\.jdks\corretto-19.0.2\bin\extnet.dll
0x00007fff08580000 - 0x00007fff08589000 	C:\Users\Ritej\.jdks\corretto-19.0.2\bin\management.dll
0x00007fff05e90000 - 0x00007fff05e9b000 	C:\Users\Ritej\.jdks\corretto-19.0.2\bin\management_ext.dll
0x00007fff1fd60000 - 0x00007fff1fd68000 	C:\WINDOWS\System32\PSAPI.DLL
0x00007fff057a0000 - 0x00007fff057ae000 	C:\Users\Ritej\.jdks\corretto-19.0.2\bin\sunmscapi.dll
0x00007fff1ee30000 - 0x00007fff1ef96000 	C:\WINDOWS\System32\CRYPT32.dll
0x00007fff1e450000 - 0x00007fff1e47d000 	C:\WINDOWS\SYSTEM32\ncrypt.dll
0x00007fff1e410000 - 0x00007fff1e447000 	C:\WINDOWS\SYSTEM32\NTASN1.dll
0x00007fff1e360000 - 0x00007fff1e37b000 	C:\WINDOWS\SYSTEM32\CRYPTSP.dll
0x00007fff1db00000 - 0x00007fff1db35000 	C:\WINDOWS\system32\rsaenh.dll
0x00007fff1e0b0000 - 0x00007fff1e0d8000 	C:\WINDOWS\SYSTEM32\USERENV.dll
0x00007fff1e340000 - 0x00007fff1e34c000 	C:\WINDOWS\SYSTEM32\CRYPTBASE.dll
0x00007fff1d610000 - 0x00007fff1d63d000 	C:\WINDOWS\SYSTEM32\IPHLPAPI.DLL
0x00007fff20630000 - 0x00007fff20639000 	C:\WINDOWS\System32\NSI.dll
0x00007fff1a250000 - 0x00007fff1a269000 	C:\WINDOWS\SYSTEM32\dhcpcsvc6.DLL
0x00007fff1a230000 - 0x00007fff1a24f000 	C:\WINDOWS\SYSTEM32\dhcpcsvc.DLL
0x00007fff1d680000 - 0x00007fff1d782000 	C:\WINDOWS\SYSTEM32\DNSAPI.dll
0x00007fff17270000 - 0x00007fff1727a000 	C:\Windows\System32\rasadhlp.dll
0x00007fff16930000 - 0x00007fff169b3000 	C:\WINDOWS\System32\fwpuclnt.dll
0x00007fff0a890000 - 0x00007fff0a898000 	C:\WINDOWS\system32\wshunix.dll
0x00007fff05ef0000 - 0x00007fff05f00000 	C:\Users\Ritej\.jdks\corretto-19.0.2\bin\verify.dll

dbghelp: loaded successfully - version: 4.0.5 - missing functions: none
symbol engine: initialized successfully - sym options: 0x614 - pdb path: .;C:\Users\Ritej\.jdks\corretto-19.0.2\bin;C:\WINDOWS\SYSTEM32;C:\Program Files\Avast Software\Avast;C:\WINDOWS\WinSxS\amd64_microsoft.windows.common-controls_6595b64144ccf1df_6.0.22621.4830_none_270fe7d773858e80;C:\Users\Ritej\.jdks\corretto-19.0.2\bin\server;C:\Program Files\JetBrains\IntelliJ IDEA Community Edition 2024.1.4\bin

VM Arguments:
jvm_args: -javaagent:C:\Program Files\JetBrains\IntelliJ IDEA Community Edition 2024.1.4\lib\idea_rt.jar=51676:C:\Program Files\JetBrains\IntelliJ IDEA Community Edition 2024.1.4\bin -Dfile.encoding=UTF-8 -Dsun.stdout.encoding=UTF-8 -Dsun.stderr.encoding=UTF-8 
java_command: com.example.WSM.WsmApplication
java_class_path (initial): C:\Users\Ritej\Downloads\Ritej-main\WSM Project\WSM\target\classes;C:\Users\Ritej\.m2\repository\org\apache\poi\poi\5.2.3\poi-5.2.3.jar;C:\Users\Ritej\.m2\repository\commons-codec\commons-codec\1.18.0\commons-codec-1.18.0.jar;C:\Users\Ritej\.m2\repository\org\apache\commons\commons-collections4\4.4\commons-collections4-4.4.jar;C:\Users\Ritej\.m2\repository\org\apache\commons\commons-math3\3.6.1\commons-math3-3.6.1.jar;C:\Users\Ritej\.m2\repository\com\zaxxer\SparseBitSet\1.2\SparseBitSet-1.2.jar;C:\Users\Ritej\.m2\repository\org\apache\logging\log4j\log4j-api\2.24.3\log4j-api-2.24.3.jar;C:\Users\Ritej\.m2\repository\org\apache\poi\poi-ooxml\5.2.3\poi-ooxml-5.2.3.jar;C:\Users\Ritej\.m2\repository\org\apache\poi\poi-ooxml-lite\5.2.3\poi-ooxml-lite-5.2.3.jar;C:\Users\Ritej\.m2\repository\org\apache\xmlbeans\xmlbeans\5.1.1\xmlbeans-5.1.1.jar;C:\Users\Ritej\.m2\repository\org\apache\commons\commons-compress\1.21\commons-compress-1.21.jar;C:\Users\Ritej\.m2\repository\com\github\virtuald\curvesapi\1.07\curvesapi-1.07.jar;C:\Users\Ritej\.m2\repository\io\jsonwebtoken\jjwt-api\0.11.5\jjwt-api-0.11.5.jar;C:\Users\Ritej\.m2\repository\io\jsonwebtoken\jjwt-impl\0.11.5\jjwt-impl-0.11.5.jar;C:\Users\Ritej\.m2\repository\io\jsonwebtoken\jjwt-jackson\0.11.5\jjwt-jackson-0.11.5.jar;C:\Users\Ritej\.m2\repository\com\fasterxml\jackson\core\jackson-databind\2.19.2\jackson-databind-2.19.2.jar;C:\Users\Ritej\.m2\repository\com\fasterxml\jackson\core\jackson-annotations\2.19.2\jackson-annotations-2.19.2.jar;C:\Users\Ritej\.m2\repository\com\fasterxml\jackson\core\jackson-core\2.19.2\jackson-core-2.19.2.jar;C:\Users\Ritej\.m2\repository\org\springframework\boot\spring-boot-starter-data-mongodb\3.5.4\spring-boot-starter-data-mongodb-3.5.4.jar;C:\Users\Ritej\.m2\repository\org\springframework\boot\spring-boot-starter\3.5.4\spring-boot-starter-3.5.4.jar;C:\Users\Ritej\.m2\repository\org\springframework\boot\spring-boot-starter-logging\3.5.4\spring-boot-starter-logging-3.5.4.jar;C:\Users\Ritej\.m2\repository\ch\qos\logback\logback-classic\1.5.18\logback-classic-1.5.18.jar;C:\Users\Ritej\.m2\repository\ch\qos\logback\logback-core\1.5.18\logback-core-1.5.18.jar;C:\Users\Ritej\.m2\repository\org\apache\logging\log4j\log4j-to-slf4j\2.24.3\log4j-to-slf4j-2.24.3.jar;C:\Users\Ritej\.m2\repository\org\slf4j\jul-to-slf4j\2.0.17\jul-to-slf4j-2.0.17.jar;C:\Users\Ritej\.m2\repository\jakarta\annotation\jakarta.annotation-api\2.1.1\jakarta.annotation-api-2.1.1.jar;C:\Users\Ritej\.m2\repository\org\yaml\snakeyaml\2.4\snakeyaml-2.4.jar;C:\Users\Ritej\.m2\repository\org\mongodb\mongodb-driver-sync\5.5.1\mongodb-driver-sync-5.5.1.jar;C:\Users\Ritej\.m2\repository\org\mongodb\bson\5.5.1\bson-5.5.1.jar;C:\Users\Ritej\.m2\repository\org\mongodb\mongodb-driver-core\5.5.1\mongodb-driver-core-5.5.1.jar;C:\Users\Ritej\.m2\repository\org\mongodb\bson-record-codec\5.5.1\bson-record-codec-5.5.1.jar;C:\Users\Ritej\.m2\repository\org\springframework\data\spring-data-mongodb\4.5.2\spring-data-mongodb-4.5.2.jar;C:\Users\Ritej\.m2\repository\org\springframework\spring-tx\6.2.9\spring-tx-6.2.9.jar;C:\Users\Ritej\.m2\repository\org\springframework\spring-context\6.2.9\spring-context-6.2.9.jar;C:\Users\Ritej\.m2\repository\org\springframework\spring-beans\6.2.9\spring-beans-6.2.9.jar;C:\Users\Ritej\.m2\repository\org\springframework\spring-expression\6.2.9\spring-expression-6.2.9.jar;C:\Users\Ritej\.m2\repository\org\springframework\data\spring-data-commons\3.5.2\spring-data-commons-3.5.2.jar;C:\Users\Ritej\.m2\repository\org\slf4j\slf4j-api\2.0.17\slf4j-api-2.0.17.jar;C:\Users\Ritej\.m2\repository\org\springframework\boot\spring-boot-starter-security\3.2.0\spring-boot-starter-security-3.2.0.jar;C:\Users\Ritej\.m2\repository\org\springframework\spring-aop\6.2.9\spring-aop-6.2.9.jar;C:\Users\Ritej\.m2\repository\org\springframework\security\spring-security-config\6.5.2\spring-security-config-6.5.2.jar;C:\Users\Ritej\.m2\repository\org\springframework\security\spring-security-core\6.5.2\spring-security-core-6.5.2.jar;C:\Users\Ritej\.m2\repository\org\springframework\security\spring-security-crypto\6.5.2\spring-security-crypto-6.5.2.jar;C:\Users\Ritej\.m2\repository\org\springframework\security\spring-security-web\6.5.2\spring-security-web-6.5.2.jar;C:\Users\Ritej\.m2\repository\org\springframework\boot\spring-boot-starter-web\3.5.4\spring-boot-starter-web-3.5.4.jar;C:\Users\Ritej\.m2\repository\org\springframework\boot\spring-boot-starter-json\3.5.4\spring-boot-starter-json-3.5.4.jar;C:\Users\Ritej\.m2\repository\com\fasterxml\jackson\datatype\jackson-datatype-jdk8\2.19.2\jackson-datatype-jdk8-2.19.2.jar;C:\Users\Ritej\.m2\repository\com\fasterxml\jackson\datatype\jackson-datatype-jsr310\2.19.2\jackson-datatype-jsr310-2.19.2.jar;C:\Users\Ritej\.m2\repository\com\fasterxml\jackson\module\jackson-module-parameter-names\2.19.2\jackson-module-parameter-names-2.19.2.jar;C:\Users\Ritej\.m2\repository\org\springframework\boot\spring-boot-starter-tomcat\3.5.4\spring-boot-starter-tomcat-3.5.4.jar;C:\Users\Ritej\.m2\repository\org\apache\tomcat\embed\tomcat-embed-core\10.1.43\tomcat-embed-core-10.1.43.jar;C:\Users\Ritej\.m2\repository\org\apache\tomcat\embed\tomcat-embed-el\10.1.43\tomcat-embed-el-10.1.43.jar;C:\Users\Ritej\.m2\repository\org\apache\tomcat\embed\tomcat-embed-websocket\10.1.43\tomcat-embed-websocket-10.1.43.jar;C:\Users\Ritej\.m2\repository\org\springframework\spring-web\6.2.9\spring-web-6.2.9.jar;C:\Users\Ritej\.m2\repository\io\micrometer\micrometer-observation\1.15.2\micrometer-observation-1.15.2.jar;C:\Users\Ritej\.m2\repository\io\micrometer\micrometer-commons\1.15.2\micrometer-commons-1.15.2.jar;C:\Users\Ritej\.m2\repository\org\springframework\spring-webmvc\6.2.9\spring-webmvc-6.2.9.jar;C:\Users\Ritej\.m2\repository\org\springframework\boot\spring-boot-devtools\3.5.4\spring-boot-devtools-3.5.4.jar;C:\Users\Ritej\.m2\repository\org\springframework\boot\spring-boot\3.5.4\spring-boot-3.5.4.jar;C:\Users\Ritej\.m2\repository\org\springframework\boot\spring-boot-autoconfigure\3.5.4\spring-boot-autoconfigure-3.5.4.jar;C:\Users\Ritej\.m2\repository\commons-io\commons-io\2.11.0\commons-io-2.11.0.jar;C:\Users\Ritej\.m2\repository\org\springframework\spring-core\6.2.9\spring-core-6.2.9.jar;C:\Users\Ritej\.m2\repository\org\springframework\spring-jcl\6.2.9\spring-jcl-6.2.9.jar
Launcher Type: SUN_STANDARD

[Global flags]
     intx CICompilerCount                          = 4                                         {product} {ergonomic}
     uint ConcGCThreads                            = 2                                         {product} {ergonomic}
     uint G1ConcRefinementThreads                  = 8                                         {product} {ergonomic}
   size_t G1HeapRegionSize                         = 1048576                                   {product} {ergonomic}
    uintx GCDrainStackTargetSize                   = 64                                        {product} {ergonomic}
   size_t InitialHeapSize                          = 130023424                                 {product} {ergonomic}
   size_t MarkStackSize                            = 4194304                                   {product} {ergonomic}
   size_t MaxHeapSize                              = 2078277632                                {product} {ergonomic}
   size_t MaxNewSize                               = 1246756864                                {product} {ergonomic}
   size_t MinHeapDeltaBytes                        = 1048576                                   {product} {ergonomic}
   size_t MinHeapSize                              = 8388608                                   {product} {ergonomic}
    uintx NonNMethodCodeHeapSize                   = 5839372                                {pd product} {ergonomic}
    uintx NonProfiledCodeHeapSize                  = 122909434                              {pd product} {ergonomic}
    uintx ProfiledCodeHeapSize                     = 122909434                              {pd product} {ergonomic}
    uintx ReservedCodeCacheSize                    = 251658240                              {pd product} {ergonomic}
     bool SegmentedCodeCache                       = true                                      {product} {ergonomic}
   size_t SoftMaxHeapSize                          = 2078277632                             {manageable} {ergonomic}
     bool UseCompressedClassPointers               = true                           {product lp64_product} {ergonomic}
     bool UseCompressedOops                        = true                           {product lp64_product} {ergonomic}
     bool UseG1GC                                  = true                                      {product} {ergonomic}
     bool UseLargePagesIndividualAllocation        = false                                  {pd product} {ergonomic}

Logging:
Log output configuration:
 #0: stdout all=warning uptime,level,tags foldmultilines=false
 #1: stderr all=off uptime,level,tags foldmultilines=false

Environment Variables:
JAVA_HOME=C:\Program Files\Java\jdk-17
PATH=C:\Program Files\MongoDB\Server\7.0\bin;C:\oraclexe\app\oracle\product\11.2.0\server\bin;"C:\xampp\php;C:\xampp\php;C:\Program Files\Common Files\Oracle\Java\javapath";C:\WINDOWS\system32;C:\WINDOWS;C:\WINDOWS\System32\Wbem;C:\WINDOWS\System32\WindowsPowerShell\v1.0\;C:\WINDOWS\System32\OpenSSH\;C:\ProgramData\chocolatey\bin;C:\Program Files\Java\jdk-17\bin;C:\Program Files\Docker\Docker\resources\bin;C:\Users\Ritej\AppData\Roaming\nvm;C:\Program Files\nodejs;C:\Users\Ritej\AppData\Local\Microsoft\WindowsApps\python.exe;C:\Users\Ritej\AppData\Local\Programs\Python\Launcher\;C:\Program Files\MongoDB\Server\7.0\bin;C:\Users\Ritej\AppData\Local\Microsoft\WindowsApps;C:\Users\Ritej\AppData\Local\JetBrains\PyCharm 2023.1\bin;;C:\Program Files\JetBrains\PyCharm Community Edition 2022.2.3\bin;;C:\Users\Ritej\AppData\Local\Programs\Microsoft VS Code\bin;C:\Users\Ritej\AppData\Roaming\npm;C:\Program Files\JetBrains\IntelliJ IDEA Community Edition 2024.1.4\bin;;C:\Users\Ritej\Desktop\jdk-19_windows-x64_bin\bin;C:\Users\Ritej\AppData\Local\JetBrains\IntelliJ IDEA 2024.1.4\bin;;C:\Users\Ritej\AppData\Roaming\nvm;C:\Program Files\nodejs;C:\Program Files\apache-maven-3.9.9\bin;C:\Users\Ritej\AppData\Local\Microsoft\WindowsApps\python.exe;
USERNAME=Ritej
OS=Windows_NT
PROCESSOR_IDENTIFIER=Intel64 Family 6 Model 140 Stepping 1, GenuineIntel
TMP=C:\Users\Ritej\AppData\Local\Temp
TEMP=C:\Users\Ritej\AppData\Local\Temp



---------------  S Y S T E M  ---------------

OS:
 Windows 11 , 64 bit Build 22621 (10.0.22621.4830)
OS uptime: 0 days 3:13 hours
Hyper-V role detected

CPU: total 8 (initial active 8) (4 cores per cpu, 2 threads per core) family 6 model 140 stepping 1 microcode 0xb8, cx8, cmov, fxsr, ht, mmx, 3dnowpref, sse, sse2, sse3, ssse3, sse4.1, sse4.2, popcnt, lzcnt, tsc, tscinvbit, avx, avx2, aes, erms, clmul, bmi1, bmi2, adx, avx512f, avx512dq, avx512cd, avx512bw, avx512vl, sha, fma, vzeroupper, avx512_vpopcntdq, avx512_vpclmulqdq, avx512_vaes, avx512_vnni, clflush, clflushopt, clwb, avx512_vbmi2, avx512_vbmi, hv, rdtscp, rdpid, fsrm, gfni, avx512_bitalg

Memory: 4k page, system-wide physical 7926M (494M free)
TotalPageFile size 14749M (AvailPageFile size 2M)
current process WorkingSet (physical memory assigned to process): 215M, peak: 265M
current process commit charge ("private bytes"): 271M, peak: 306M

vm_info: OpenJDK 64-Bit Server VM (19.0.2+7-FR) for windows-amd64 JRE (19.0.2+7-FR), built on Jan 13 2023 22:53:32 by "Administrator" with MS VC++ 15.9 (VS2017)

END.
