#
# There is insufficient memory for the Java Runtime Environment to continue.
# Native memory allocation (malloc) failed to allocate 984560 bytes for Chunk::new
# Possible reasons:
#   The system is out of physical RAM or swap space
#   The process is running with CompressedOops enabled, and the Java Heap may be blocking the growth of the native heap
# Possible solutions:
#   Reduce memory load on the system
#   Increase physical memory or swap space
#   Check if swap backing store is full
#   Decrease Java heap size (-Xmx/-Xms)
#   Decrease number of Java threads
#   Decrease Java thread stack sizes (-Xss)
#   Set larger code cache with -XX:ReservedCodeCacheSize=
#   JVM is running with Unscaled Compressed Oops mode in which the Java heap is
#     placed in the first 4GB address space. The Java Heap base address is the
#     maximum limit for the native heap growth. Please use -XX:HeapBaseMinAddress
#     to set the Java Heap base and to place the Java Heap above 4GB virtual address.
# This output file may be truncated or incomplete.
#
#  Out of Memory Error (arena.cpp:184), pid=21792, tid=21224
#
# JRE version: OpenJDK Runtime Environment Corretto-19.0.2.7.1 (19.0.2+7) (build 19.0.2+7-FR)
# Java VM: OpenJDK 64-Bit Server VM Corretto-19.0.2.7.1 (19.0.2+7-FR, mixed mode, sharing, tiered, compressed oops, compressed class ptrs, g1 gc, windows-amd64)
# No core dump will be written. Minidumps are not enabled by default on client versions of Windows
#

---------------  S U M M A R Y ------------

Command Line: -javaagent:C:\Program Files\JetBrains\IntelliJ IDEA Community Edition 2024.1.4\lib\idea_rt.jar=64947:C:\Program Files\JetBrains\IntelliJ IDEA Community Edition 2024.1.4\bin -Dfile.encoding=UTF-8 -Dsun.stdout.encoding=UTF-8 -Dsun.stderr.encoding=UTF-8 com.example.WSM.WsmApplication

Host: 11th Gen Intel(R) Core(TM) i5-1135G7 @ 2.40GHz, 8 cores, 7G,  Windows 11 , 64 bit Build 22621 (10.0.22621.4830)
Time: Fri Aug 29 21:22:24 2025 Afr. centrale Ouest elapsed time: 418.950533 seconds (0d 0h 6m 58s)

---------------  T H R E A D  ---------------

Current thread (0x000001bc67c69b00):  JavaThread "C2 CompilerThread0" daemon [_thread_in_native, id=21224, stack(0x000000603f900000,0x000000603fa00000)]


Current CompileTask:
C2: 418950 8574       4       ch.qos.logback.core.pattern.CompositeConverter::convert (43 bytes)

Stack: [0x000000603f900000,0x000000603fa00000]
Native frames: (J=compiled Java code, j=interpreted, Vv=VM code, C=native code)
V  [jvm.dll+0x6d034a]
V  [jvm.dll+0x880f10]
V  [jvm.dll+0x88289e]
V  [jvm.dll+0x882f43]
V  [jvm.dll+0x27b4bb]
V  [jvm.dll+0xdd792]
V  [jvm.dll+0xddb25]
V  [jvm.dll+0x3b4a5b]
V  [jvm.dll+0x37c86a]
V  [jvm.dll+0x37bc5a]
V  [jvm.dll+0x2470ef]
V  [jvm.dll+0x2465a7]
V  [jvm.dll+0x1d4bb7]
V  [jvm.dll+0x25558a]
V  [jvm.dll+0x2538d7]
V  [jvm.dll+0x8342bd]
V  [jvm.dll+0x82e2fa]
V  [jvm.dll+0x6cf0d3]
C  [ucrtbase.dll+0x29333]
C  [KERNEL32.DLL+0x1259d]
C  [ntdll.dll+0x5af38]


---------------  P R O C E S S  ---------------

Threads class SMR info:
_java_thread_list=0x000001bc6e168370, length=36, elements={
0x000001bc67c65d20, 0x000001bc67c66610, 0x000001bc67c66f00, 0x000001bc67c68540,
0x000001bc67c68b70, 0x000001bc67c691a0, 0x000001bc67c69b00, 0x000001bc67c6b090,
0x000001bc67c73640, 0x000001bc67c3abb0, 0x000001bc6c82be50, 0x000001bc6c6c3160,
0x000001bc6eab9e30, 0x000001bc6ebb6f10, 0x000001bc6e2b1df0, 0x000001bc6db90590,
0x000001bc6db8e060, 0x000001bc6db90ae0, 0x000001bc6db8eb00, 0x000001bc6db91580,
0x000001bc6db8e5b0, 0x000001bc6db8f050, 0x000001bc6db8f5a0, 0x000001bc6db8faf0,
0x000001bc6db90040, 0x000001bc6fef3780, 0x000001bc6fef3cd0, 0x000001bc6fef8730,
0x000001bc6fef5210, 0x000001bc6fef2790, 0x000001bc6fef4220, 0x000001bc6fef4770,
0x000001bc6fef4cc0, 0x000001bc6fef6200, 0x000001bc6dbf9630, 0x000001bc6dbf9bc0
}

Java Threads: ( => current thread )
  0x000001bc67c65d20 JavaThread "Reference Handler" daemon [_thread_blocked, id=5320, stack(0x000000603f300000,0x000000603f400000)]
  0x000001bc67c66610 JavaThread "Finalizer" daemon [_thread_blocked, id=6576, stack(0x000000603f400000,0x000000603f500000)]
  0x000001bc67c66f00 JavaThread "Signal Dispatcher" daemon [_thread_blocked, id=3684, stack(0x000000603f500000,0x000000603f600000)]
  0x000001bc67c68540 JavaThread "Attach Listener" daemon [_thread_blocked, id=26648, stack(0x000000603f600000,0x000000603f700000)]
  0x000001bc67c68b70 JavaThread "Service Thread" daemon [_thread_in_vm, id=6016, stack(0x000000603f700000,0x000000603f800000)]
  0x000001bc67c691a0 JavaThread "Monitor Deflation Thread" daemon [_thread_blocked, id=9212, stack(0x000000603f800000,0x000000603f900000)]
=>0x000001bc67c69b00 JavaThread "C2 CompilerThread0" daemon [_thread_in_native, id=21224, stack(0x000000603f900000,0x000000603fa00000)]
  0x000001bc67c6b090 JavaThread "C1 CompilerThread0" daemon [_thread_blocked, id=27656, stack(0x000000603fa00000,0x000000603fb00000)]
  0x000001bc67c73640 JavaThread "Sweeper thread" daemon [_thread_blocked, id=2640, stack(0x000000603fb00000,0x000000603fc00000)]
  0x000001bc67c3abb0 JavaThread "Common-Cleaner" daemon [_thread_blocked, id=10664, stack(0x000000603fc00000,0x000000603fd00000)]
  0x000001bc6c82be50 JavaThread "Monitor Ctrl-Break" daemon [_thread_in_native, id=18336, stack(0x000000603fe00000,0x000000603ff00000)]
  0x000001bc6c6c3160 JavaThread "Notification Thread" daemon [_thread_blocked, id=18968, stack(0x000000603ff00000,0x0000006040000000)]
  0x000001bc6eab9e30 JavaThread "Catalina-utility-1" [_thread_blocked, id=26320, stack(0x0000006040b00000,0x0000006040c00000)]
  0x000001bc6ebb6f10 JavaThread "Catalina-utility-2" [_thread_blocked, id=19524, stack(0x0000006040c00000,0x0000006040d00000)]
  0x000001bc6e2b1df0 JavaThread "container-0" [_thread_blocked, id=17172, stack(0x0000006040d00000,0x0000006040e00000)]
  0x000001bc6db90590 JavaThread "BufferPoolPruner-1-thread-1" daemon [_thread_blocked, id=9964, stack(0x0000006040e00000,0x0000006040f00000)]
  0x000001bc6db8e060 JavaThread "cluster-ClusterId{value='68b20a627e2ce35283ad626c', description='null'}-localhost:27017" daemon [_thread_in_native, id=4040, stack(0x0000006040f00000,0x0000006041000000)]
  0x000001bc6db90ae0 JavaThread "cluster-rtt-ClusterId{value='68b20a627e2ce35283ad626c', description='null'}-localhost:27017" daemon [_thread_blocked, id=10856, stack(0x0000006041100000,0x0000006041200000)]
  0x000001bc6db8eb00 JavaThread "MaintenanceTimer-2-thread-1" daemon [_thread_blocked, id=9316, stack(0x0000006041200000,0x0000006041300000)]
  0x000001bc6db91580 JavaThread "Live Reload Server" daemon [_thread_in_native, id=5260, stack(0x0000006041400000,0x0000006041500000)]
  0x000001bc6db8e5b0 JavaThread "File Watcher" daemon [_thread_blocked, id=25944, stack(0x0000006041300000,0x0000006041400000)]
  0x000001bc6db8f050 JavaThread "http-nio-8080-exec-1" daemon [_thread_blocked, id=17944, stack(0x0000006041500000,0x0000006041600000)]
  0x000001bc6db8f5a0 JavaThread "http-nio-8080-exec-2" daemon [_thread_blocked, id=7640, stack(0x0000006041600000,0x0000006041700000)]
  0x000001bc6db8faf0 JavaThread "http-nio-8080-exec-3" daemon [_thread_blocked, id=25608, stack(0x0000006041700000,0x0000006041800000)]
  0x000001bc6db90040 JavaThread "http-nio-8080-exec-4" daemon [_thread_blocked, id=1404, stack(0x0000006041800000,0x0000006041900000)]
  0x000001bc6fef3780 JavaThread "http-nio-8080-exec-5" daemon [_thread_blocked, id=14864, stack(0x0000006041900000,0x0000006041a00000)]
  0x000001bc6fef3cd0 JavaThread "http-nio-8080-exec-6" daemon [_thread_blocked, id=7480, stack(0x0000006041a00000,0x0000006041b00000)]
  0x000001bc6fef8730 JavaThread "http-nio-8080-exec-7" daemon [_thread_blocked, id=16312, stack(0x0000006041b00000,0x0000006041c00000)]
  0x000001bc6fef5210 JavaThread "http-nio-8080-exec-8" daemon [_thread_blocked, id=7484, stack(0x0000006041c00000,0x0000006041d00000)]
  0x000001bc6fef2790 JavaThread "http-nio-8080-exec-9" daemon [_thread_blocked, id=10740, stack(0x0000006041d00000,0x0000006041e00000)]
  0x000001bc6fef4220 JavaThread "http-nio-8080-exec-10" daemon [_thread_blocked, id=22916, stack(0x0000006041e00000,0x0000006041f00000)]
  0x000001bc6fef4770 JavaThread "http-nio-8080-Poller" daemon [_thread_in_native, id=21272, stack(0x0000006041f00000,0x0000006042000000)]
  0x000001bc6fef4cc0 JavaThread "http-nio-8080-Acceptor" daemon [_thread_in_native, id=18488, stack(0x0000006042000000,0x0000006042100000)]
  0x000001bc6fef6200 JavaThread "DestroyJavaVM" [_thread_blocked, id=12628, stack(0x000000603ec00000,0x000000603ed00000)]
  0x000001bc6dbf9630 JavaThread "C2 CompilerThread1" daemon [_thread_in_native, id=16008, stack(0x000000603e900000,0x000000603ea00000)]
  0x000001bc6dbf9bc0 JavaThread "C2 CompilerThread2" daemon [_thread_blocked, id=22052, stack(0x000000603ea00000,0x000000603eb00000)]

Other Threads:
  0x000001bc67c4cd90 VMThread "VM Thread" [stack: 0x000000603f200000,0x000000603f300000] [id=9356]
  0x000001bc6c82b8f0 WatcherThread "VM Periodic Task Thread" [stack: 0x0000006040000000,0x0000006040100000] [id=21196]
  0x000001bc4784bcf0 WorkerThread "GC Thread#0" [stack: 0x000000603ed00000,0x000000603ee00000] [id=17520]
  0x000001bc6d060110 WorkerThread "GC Thread#1" [stack: 0x0000006040300000,0x0000006040400000] [id=21296]
  0x000001bc6d0252e0 WorkerThread "GC Thread#2" [stack: 0x0000006040400000,0x0000006040500000] [id=21240]
  0x000001bc6d0255b0 WorkerThread "GC Thread#3" [stack: 0x0000006040500000,0x0000006040600000] [id=19004]
  0x000001bc6d04a4e0 WorkerThread "GC Thread#4" [stack: 0x0000006040600000,0x0000006040700000] [id=15464]
  0x000001bc6d049c70 WorkerThread "GC Thread#5" [stack: 0x0000006040700000,0x0000006040800000] [id=8172]
  0x000001bc6d04a210 WorkerThread "GC Thread#6" [stack: 0x0000006040800000,0x0000006040900000] [id=16696]
  0x000001bc6d0499a0 WorkerThread "GC Thread#7" [stack: 0x0000006040900000,0x0000006040a00000] [id=18932]
  0x000001bc4785c5b0 ConcurrentGCThread "G1 Main Marker" [stack: 0x000000603ee00000,0x000000603ef00000] [id=27364]
  0x000001bc4785e830 WorkerThread "G1 Conc#0" [stack: 0x000000603ef00000,0x000000603f000000] [id=28108]
  0x000001bc6d0496d0 WorkerThread "G1 Conc#1" [stack: 0x0000006040a00000,0x0000006040b00000] [id=12788]
  0x000001bc4789e210 ConcurrentGCThread "G1 Refine#0" [stack: 0x000000603f000000,0x000000603f100000] [id=25144]
  0x000001bc67aff430 ConcurrentGCThread "G1 Service" [stack: 0x000000603f100000,0x000000603f200000] [id=24624]

Threads with active compile tasks:
C2 CompilerThread0   419290 8574       4       ch.qos.logback.core.pattern.CompositeConverter::convert (43 bytes)
C2 CompilerThread1   419291 8667       4       org.apache.coyote.http11.Http11InputBuffer::parseRequestLine (1473 bytes)

VM state: not at safepoint (normal execution)

VM Mutex/Monitor currently owned by a thread: None

Heap address: 0x0000000084200000, size: 1982 MB, Compressed Oops mode: 32-bit

CDS archive(s) mapped at: [0x0000000800000000-0x0000000800c40000-0x0000000800c40000), size 12845056, SharedBaseAddress: 0x0000000800000000, ArchiveRelocationMode: 0.
Compressed class space mapped at: 0x0000000801000000-0x0000000841000000, reserved size: 1073741824
Narrow klass base: 0x0000000800000000, Narrow klass shift: 0, Narrow klass range: 0x100000000

GC Precious Log:
 CardTable entry size: 512
 Card Set container configuration: InlinePtr #cards 5 size 8 Array Of Cards #cards 12 size 40 Howl #buckets 4 coarsen threshold 1843 Howl Bitmap #cards 512 size 80 coarsen threshold 460 Card regions per heap region 1 cards per card region 2048
 CPUs: 8 total, 8 available
 Memory: 7926M
 Large Page Support: Disabled
 NUMA Support: Disabled
 Compressed Oops: Enabled (32-bit)
 Heap Region Size: 1M
 Heap Min Capacity: 8M
 Heap Initial Capacity: 124M
 Heap Max Capacity: 1982M
 Pre-touch: Disabled
 Parallel Workers: 8
 Concurrent Workers: 2
 Concurrent Refinement Workers: 8
 Periodic GC: Disabled

Heap:
 garbage-first heap   total 51200K, used 24165K [0x0000000084200000, 0x0000000100000000)
  region size 1024K, 3 young (3072K), 1 survivors (1024K)
 Metaspace       used 46395K, committed 47040K, reserved 1114112K
  class space    used 5618K, committed 5952K, reserved 1048576K

Heap Regions: E=young(eden), S=young(survivor), O=old, HS=humongous(starts), HC=humongous(continues), CS=collection set, F=free, OA=open archive, CA=closed archive, TAMS=top-at-mark-start (previous, next)
|   0|0x0000000084200000, 0x0000000084300000, 0x0000000084300000|100%| O|  |TAMS 0x0000000084300000, 0x0000000084200000| Untracked 
|   1|0x0000000084300000, 0x0000000084400000, 0x0000000084400000|100%| O|  |TAMS 0x0000000084400000, 0x0000000084300000| Untracked 
|   2|0x0000000084400000, 0x0000000084500000, 0x0000000084500000|100%| O|  |TAMS 0x0000000084500000, 0x0000000084400000| Untracked 
|   3|0x0000000084500000, 0x0000000084600000, 0x0000000084600000|100%| O|  |TAMS 0x0000000084600000, 0x0000000084500000| Untracked 
|   4|0x0000000084600000, 0x0000000084700000, 0x0000000084700000|100%| O|  |TAMS 0x0000000084700000, 0x0000000084600000| Untracked 
|   5|0x0000000084700000, 0x0000000084800000, 0x0000000084800000|100%| O|  |TAMS 0x0000000084800000, 0x0000000084700000| Untracked 
|   6|0x0000000084800000, 0x0000000084900000, 0x0000000084900000|100%| O|  |TAMS 0x0000000084900000, 0x0000000084800000| Untracked 
|   7|0x0000000084900000, 0x0000000084a00000, 0x0000000084a00000|100%| O|  |TAMS 0x0000000084a00000, 0x0000000084900000| Untracked 
|   8|0x0000000084a00000, 0x0000000084b00000, 0x0000000084b00000|100%| O|  |TAMS 0x0000000084b00000, 0x0000000084a00000| Untracked 
|   9|0x0000000084b00000, 0x0000000084c00000, 0x0000000084c00000|100%| O|  |TAMS 0x0000000084c00000, 0x0000000084b00000| Complete 
|  10|0x0000000084c00000, 0x0000000084d00000, 0x0000000084d00000|100%| O|  |TAMS 0x0000000084d00000, 0x0000000084c00000| Untracked 
|  11|0x0000000084d00000, 0x0000000084e00000, 0x0000000084e00000|100%| O|  |TAMS 0x0000000084e00000, 0x0000000084d00000| Untracked 
|  12|0x0000000084e00000, 0x0000000084f00000, 0x0000000084f00000|100%| O|  |TAMS 0x0000000084f00000, 0x0000000084e00000| Untracked 
|  13|0x0000000084f00000, 0x0000000085000000, 0x0000000085000000|100%| O|  |TAMS 0x0000000085000000, 0x0000000084f00000| Untracked 
|  14|0x0000000085000000, 0x0000000085100000, 0x0000000085100000|100%| O|  |TAMS 0x0000000085100000, 0x0000000085000000| Untracked 
|  15|0x0000000085100000, 0x0000000085100000, 0x0000000085200000|  0%| F|  |TAMS 0x0000000085100000, 0x0000000085100000| Untracked 
|  16|0x0000000085200000, 0x0000000085300000, 0x0000000085300000|100%| O|  |TAMS 0x0000000085300000, 0x0000000085200000| Untracked 
|  17|0x0000000085300000, 0x0000000085400000, 0x0000000085400000|100%| O|  |TAMS 0x0000000085400000, 0x0000000085300000| Untracked 
|  18|0x0000000085400000, 0x0000000085500000, 0x0000000085500000|100%| O|  |TAMS 0x0000000085500000, 0x0000000085400000| Untracked 
|  19|0x0000000085500000, 0x0000000085600000, 0x0000000085600000|100%| O|  |TAMS 0x0000000085600000, 0x0000000085500000| Untracked 
|  20|0x0000000085600000, 0x0000000085700000, 0x0000000085700000|100%| O|  |TAMS 0x0000000085700000, 0x0000000085600000| Untracked 
|  21|0x0000000085700000, 0x0000000085800000, 0x0000000085800000|100%| O|  |TAMS 0x0000000085800000, 0x0000000085700000| Untracked 
|  22|0x0000000085800000, 0x0000000085900000, 0x0000000085900000|100%| O|  |TAMS 0x0000000085900000, 0x0000000085800000| Untracked 
|  23|0x0000000085900000, 0x0000000085945400, 0x0000000085a00000| 27%| O|  |TAMS 0x0000000085945400, 0x0000000085900000| Untracked 
|  24|0x0000000085a00000, 0x0000000085a00000, 0x0000000085b00000|  0%| F|  |TAMS 0x0000000085a00000, 0x0000000085a00000| Untracked 
|  25|0x0000000085b00000, 0x0000000085b00000, 0x0000000085c00000|  0%| F|  |TAMS 0x0000000085b00000, 0x0000000085b00000| Untracked 
|  26|0x0000000085c00000, 0x0000000085c00000, 0x0000000085d00000|  0%| F|  |TAMS 0x0000000085c00000, 0x0000000085c00000| Untracked 
|  27|0x0000000085d00000, 0x0000000085d00000, 0x0000000085e00000|  0%| F|  |TAMS 0x0000000085d00000, 0x0000000085d00000| Untracked 
|  28|0x0000000085e00000, 0x0000000085e00000, 0x0000000085f00000|  0%| F|  |TAMS 0x0000000085e00000, 0x0000000085e00000| Untracked 
|  29|0x0000000085f00000, 0x0000000085f00000, 0x0000000086000000|  0%| F|  |TAMS 0x0000000085f00000, 0x0000000085f00000| Untracked 
|  30|0x0000000086000000, 0x0000000086054070, 0x0000000086100000| 32%| S|CS|TAMS 0x0000000086000000, 0x0000000086000000| Complete 
|  31|0x0000000086100000, 0x0000000086100000, 0x0000000086200000|  0%| F|  |TAMS 0x0000000086100000, 0x0000000086100000| Untracked 
|  32|0x0000000086200000, 0x0000000086200000, 0x0000000086300000|  0%| F|  |TAMS 0x0000000086200000, 0x0000000086200000| Untracked 
|  33|0x0000000086300000, 0x0000000086300000, 0x0000000086400000|  0%| F|  |TAMS 0x0000000086300000, 0x0000000086300000| Untracked 
|  34|0x0000000086400000, 0x0000000086400000, 0x0000000086500000|  0%| F|  |TAMS 0x0000000086400000, 0x0000000086400000| Untracked 
|  35|0x0000000086500000, 0x0000000086500000, 0x0000000086600000|  0%| F|  |TAMS 0x0000000086500000, 0x0000000086500000| Untracked 
|  36|0x0000000086600000, 0x0000000086600000, 0x0000000086700000|  0%| F|  |TAMS 0x0000000086600000, 0x0000000086600000| Untracked 
|  37|0x0000000086700000, 0x0000000086700000, 0x0000000086800000|  0%| F|  |TAMS 0x0000000086700000, 0x0000000086700000| Untracked 
|  38|0x0000000086800000, 0x0000000086800000, 0x0000000086900000|  0%| F|  |TAMS 0x0000000086800000, 0x0000000086800000| Untracked 
|  39|0x0000000086900000, 0x0000000086900000, 0x0000000086a00000|  0%| F|  |TAMS 0x0000000086900000, 0x0000000086900000| Untracked 
|  40|0x0000000086a00000, 0x0000000086a00000, 0x0000000086b00000|  0%| F|  |TAMS 0x0000000086a00000, 0x0000000086a00000| Untracked 
|  41|0x0000000086b00000, 0x0000000086b00000, 0x0000000086c00000|  0%| F|  |TAMS 0x0000000086b00000, 0x0000000086b00000| Untracked 
|  67|0x0000000088500000, 0x0000000088500000, 0x0000000088600000|  0%| F|  |TAMS 0x0000000088500000, 0x0000000088500000| Untracked 
|  68|0x0000000088600000, 0x0000000088600000, 0x0000000088700000|  0%| F|  |TAMS 0x0000000088600000, 0x0000000088600000| Untracked 
|  69|0x0000000088700000, 0x0000000088700000, 0x0000000088800000|  0%| F|  |TAMS 0x0000000088700000, 0x0000000088700000| Untracked 
|  70|0x0000000088800000, 0x0000000088800000, 0x0000000088900000|  0%| F|  |TAMS 0x0000000088800000, 0x0000000088800000| Untracked 
|  71|0x0000000088900000, 0x0000000088900000, 0x0000000088a00000|  0%| F|  |TAMS 0x0000000088900000, 0x0000000088900000| Untracked 
|  72|0x0000000088a00000, 0x0000000088a00000, 0x0000000088b00000|  0%| F|  |TAMS 0x0000000088a00000, 0x0000000088a00000| Untracked 
|  73|0x0000000088b00000, 0x0000000088bcdd28, 0x0000000088c00000| 80%| E|  |TAMS 0x0000000088b00000, 0x0000000088b00000| Complete 
| 123|0x000000008bd00000, 0x000000008be00000, 0x000000008be00000|100%| E|CS|TAMS 0x000000008bd00000, 0x000000008bd00000| Complete 

Card table byte_map: [0x000001bc61000000,0x000001bc613e0000] _byte_map_base: 0x000001bc60bdf000

Marking Bits (Prev, Next): (CMBitMap*) 0x000001bc4784c320, (CMBitMap*) 0x000001bc4784c360
 Prev Bits: [0x000001bc617c0000, 0x000001bc636b8000)
 Next Bits: [0x000001bc636c0000, 0x000001bc655b8000)

Polling page: 0x000001bc478a0000

Metaspace:

Usage:
  Non-class:     39.82 MB used.
      Class:      5.49 MB used.
       Both:     45.31 MB used.

Virtual space:
  Non-class space:       64.00 MB reserved,      40.13 MB ( 63%) committed,  1 nodes.
      Class space:        1.00 GB reserved,       5.81 MB ( <1%) committed,  1 nodes.
             Both:        1.06 GB reserved,      45.94 MB (  4%) committed. 

Chunk freelists:
   Non-Class:  3.89 MB
       Class:  2.24 MB
        Both:  6.13 MB

MaxMetaspaceSize: unlimited
CompressedClassSpaceSize: 1.00 GB
Initial GC threshold: 21.00 MB
Current GC threshold: 76.56 MB
CDS: on
MetaspaceReclaimPolicy: balanced
 - commit_granule_bytes: 65536.
 - commit_granule_words: 8192.
 - virtual_space_node_default_size: 8388608.
 - enlarge_chunks_in_place: 1.
 - new_chunks_are_fully_committed: 0.
 - uncommit_free_chunks: 1.
 - use_allocation_guard: 0.


Internal statistics:

num_allocs_failed_limit: 6.
num_arena_births: 886.
num_arena_deaths: 2.
num_vsnodes_births: 2.
num_vsnodes_deaths: 0.
num_space_committed: 735.
num_space_uncommitted: 0.
num_chunks_returned_to_freelist: 8.
num_chunks_taken_from_freelist: 2630.
num_chunk_merges: 6.
num_chunk_splits: 1826.
num_chunks_enlarged: 1387.
num_inconsistent_stats: 0.

CodeHeap 'non-profiled nmethods': size=120000Kb used=3914Kb max_used=3914Kb free=116085Kb
 bounds [0x000001bc58c80000, 0x000001bc59060000, 0x000001bc601b0000]
CodeHeap 'profiled nmethods': size=120000Kb used=16800Kb max_used=16800Kb free=103199Kb
 bounds [0x000001bc511b0000, 0x000001bc52220000, 0x000001bc586e0000]
CodeHeap 'non-nmethods': size=5760Kb used=1392Kb max_used=1432Kb free=4367Kb
 bounds [0x000001bc586e0000, 0x000001bc58950000, 0x000001bc58c80000]
 total_blobs=8448 nmethods=7831 adapters=527
 compilation: enabled
              stopped_count=0, restarted_count=0
 full_count=0

Compilation events (20 events):
Event: 418.887 Thread 0x000001bc67c6b090 8643   !   3       org.apache.tomcat.util.collections.ConcurrentCache::get (63 bytes)
Event: 418.888 Thread 0x000001bc67c6b090 nmethod 8643 0x000001bc52211590 code [0x000001bc52211780, 0x000001bc52211ca8]
Event: 418.888 Thread 0x000001bc67c6b090 8644       3       com.fasterxml.jackson.core.json.JsonWriteContext::<init> (43 bytes)
Event: 418.889 Thread 0x000001bc67c6b090 nmethod 8644 0x000001bc52211e90 code [0x000001bc52212040, 0x000001bc52212338]
Event: 418.889 Thread 0x000001bc67c6b090 8645       3       org.springframework.util.TypeUtils::isAssignable (318 bytes)
Event: 418.890 Thread 0x000001bc6dbf9630 nmethod 8658 0x000001bc59043690 code [0x000001bc59043820, 0x000001bc59043928]
Event: 418.890 Thread 0x000001bc6dbf9630 8660       4       com.mongodb.assertions.Assertions::isTrue (32 bytes)
Event: 418.891 Thread 0x000001bc6dbf9630 nmethod 8660 0x000001bc59043a90 code [0x000001bc59043c00, 0x000001bc59043c78]
Event: 418.891 Thread 0x000001bc6dbf9630 8659       4       org.springframework.data.mongodb.core.convert.QueryMapper$MetadataBackedField::getProperty (25 bytes)
Event: 418.893 Thread 0x000001bc67c6b090 nmethod 8645 0x000001bc52212490 code [0x000001bc52212920, 0x000001bc522156b8]
Event: 418.893 Thread 0x000001bc67c6b090 8646       3       com.fasterxml.jackson.databind.ObjectWriter::<init> (48 bytes)
Event: 418.894 Thread 0x000001bc6dbf9630 nmethod 8659 0x000001bc59043d90 code [0x000001bc59043f20, 0x000001bc59043fb8]
Event: 418.894 Thread 0x000001bc6dbf9630 8614       4       org.springframework.util.MimeType::isCompatibleWith (176 bytes)
Event: 418.895 Thread 0x000001bc67c6b090 nmethod 8646 0x000001bc52215d10 code [0x000001bc52215ee0, 0x000001bc52216298]
Event: 418.895 Thread 0x000001bc67c6b090 8654       3       com.fasterxml.jackson.databind.ser.DefaultSerializerProvider::serializeValue (101 bytes)
Event: 418.898 Thread 0x000001bc67c6b090 nmethod 8654 0x000001bc52216390 code [0x000001bc522165e0, 0x000001bc52216fd8]
Event: 418.898 Thread 0x000001bc67c6b090 8653       3       org.springframework.core.annotation.AnnotatedMethod::getReturnValueType (10 bytes)
Event: 418.899 Thread 0x000001bc67c6b090 nmethod 8653 0x000001bc52217310 code [0x000001bc52217500, 0x000001bc52217a08]
Event: 418.899 Thread 0x000001bc67c6b090 8657       3       org.springframework.core.annotation.AnnotatedMethod$ReturnValueMethodParameter::<init> (28 bytes)
Event: 418.900 Thread 0x000001bc67c6b090 nmethod 8657 0x000001bc52217c10 code [0x000001bc52217de0, 0x000001bc52218228]

GC Heap History (20 events):
Event: 5.864 GC heap before
{Heap before GC invocations=7 (full 0):
 garbage-first heap   total 51200K, used 34668K [0x0000000084200000, 0x0000000100000000)
  region size 1024K, 20 young (20480K), 2 survivors (2048K)
 Metaspace       used 33968K, committed 34560K, reserved 1114112K
  class space    used 4338K, committed 4608K, reserved 1048576K
}
Event: 5.868 GC heap after
{Heap after GC invocations=8 (full 0):
 garbage-first heap   total 51200K, used 19206K [0x0000000084200000, 0x0000000100000000)
  region size 1024K, 3 young (3072K), 3 survivors (3072K)
 Metaspace       used 33968K, committed 34560K, reserved 1114112K
  class space    used 4338K, committed 4608K, reserved 1048576K
}
Event: 6.214 GC heap before
{Heap before GC invocations=8 (full 0):
 garbage-first heap   total 51200K, used 27398K [0x0000000084200000, 0x0000000100000000)
  region size 1024K, 12 young (12288K), 3 survivors (3072K)
 Metaspace       used 35425K, committed 35968K, reserved 1114112K
  class space    used 4526K, committed 4800K, reserved 1048576K
}
Event: 6.219 GC heap after
{Heap after GC invocations=9 (full 0):
 garbage-first heap   total 51200K, used 20322K [0x0000000084200000, 0x0000000100000000)
  region size 1024K, 2 young (2048K), 2 survivors (2048K)
 Metaspace       used 35425K, committed 35968K, reserved 1114112K
  class space    used 4526K, committed 4800K, reserved 1048576K
}
Event: 18.370 GC heap before
{Heap before GC invocations=10 (full 0):
 garbage-first heap   total 51200K, used 36706K [0x0000000084200000, 0x0000000100000000)
  region size 1024K, 19 young (19456K), 2 survivors (2048K)
 Metaspace       used 38400K, committed 39040K, reserved 1114112K
  class space    used 4923K, committed 5248K, reserved 1048576K
}
Event: 18.374 GC heap after
{Heap after GC invocations=11 (full 0):
 garbage-first heap   total 51200K, used 21880K [0x0000000084200000, 0x0000000100000000)
  region size 1024K, 3 young (3072K), 3 survivors (3072K)
 Metaspace       used 38400K, committed 39040K, reserved 1114112K
  class space    used 4923K, committed 5248K, reserved 1048576K
}
Event: 18.441 GC heap before
{Heap before GC invocations=11 (full 0):
 garbage-first heap   total 51200K, used 22904K [0x0000000084200000, 0x0000000100000000)
  region size 1024K, 4 young (4096K), 3 survivors (3072K)
 Metaspace       used 38686K, committed 39296K, reserved 1114112K
  class space    used 4962K, committed 5248K, reserved 1048576K
}
Event: 18.447 GC heap after
{Heap after GC invocations=12 (full 0):
 garbage-first heap   total 51200K, used 21761K [0x0000000084200000, 0x0000000100000000)
  region size 1024K, 1 young (1024K), 1 survivors (1024K)
 Metaspace       used 38686K, committed 39296K, reserved 1114112K
  class space    used 4962K, committed 5248K, reserved 1048576K
}
Event: 38.625 GC heap before
{Heap before GC invocations=12 (full 0):
 garbage-first heap   total 51200K, used 38145K [0x0000000084200000, 0x0000000100000000)
  region size 1024K, 18 young (18432K), 1 survivors (1024K)
 Metaspace       used 42906K, committed 43584K, reserved 1114112K
  class space    used 5485K, committed 5824K, reserved 1048576K
}
Event: 38.629 GC heap after
{Heap after GC invocations=13 (full 0):
 garbage-first heap   total 51200K, used 22906K [0x0000000084200000, 0x0000000100000000)
  region size 1024K, 2 young (2048K), 2 survivors (2048K)
 Metaspace       used 42906K, committed 43584K, reserved 1114112K
  class space    used 5485K, committed 5824K, reserved 1048576K
}
Event: 39.477 GC heap before
{Heap before GC invocations=13 (full 0):
 garbage-first heap   total 51200K, used 39290K [0x0000000084200000, 0x0000000100000000)
  region size 1024K, 18 young (18432K), 2 survivors (2048K)
 Metaspace       used 43901K, committed 44480K, reserved 1114112K
  class space    used 5544K, committed 5824K, reserved 1048576K
}
Event: 39.480 GC heap after
{Heap after GC invocations=14 (full 0):
 garbage-first heap   total 51200K, used 23430K [0x0000000084200000, 0x0000000100000000)
  region size 1024K, 3 young (3072K), 3 survivors (3072K)
 Metaspace       used 43901K, committed 44480K, reserved 1114112K
  class space    used 5544K, committed 5824K, reserved 1048576K
}
Event: 232.511 GC heap before
{Heap before GC invocations=14 (full 0):
 garbage-first heap   total 51200K, used 38790K [0x0000000084200000, 0x0000000100000000)
  region size 1024K, 19 young (19456K), 3 survivors (3072K)
 Metaspace       used 45014K, committed 45760K, reserved 1114112K
  class space    used 5617K, committed 5952K, reserved 1048576K
}
Event: 232.545 GC heap after
{Heap after GC invocations=15 (full 0):
 garbage-first heap   total 51200K, used 23559K [0x0000000084200000, 0x0000000100000000)
  region size 1024K, 1 young (1024K), 1 survivors (1024K)
 Metaspace       used 45014K, committed 45760K, reserved 1114112K
  class space    used 5617K, committed 5952K, reserved 1048576K
}
Event: 247.363 GC heap before
{Heap before GC invocations=15 (full 0):
 garbage-first heap   total 51200K, used 40967K [0x0000000084200000, 0x0000000100000000)
  region size 1024K, 18 young (18432K), 1 survivors (1024K)
 Metaspace       used 45458K, committed 46144K, reserved 1114112K
  class space    used 5618K, committed 5952K, reserved 1048576K
}
Event: 247.370 GC heap after
{Heap after GC invocations=16 (full 0):
 garbage-first heap   total 51200K, used 23561K [0x0000000084200000, 0x0000000100000000)
  region size 1024K, 1 young (1024K), 1 survivors (1024K)
 Metaspace       used 45458K, committed 46144K, reserved 1114112K
  class space    used 5618K, committed 5952K, reserved 1048576K
}
Event: 417.735 GC heap before
{Heap before GC invocations=17 (full 0):
 garbage-first heap   total 51200K, used 40969K [0x0000000084200000, 0x0000000100000000)
  region size 1024K, 18 young (18432K), 1 survivors (1024K)
 Metaspace       used 46280K, committed 46912K, reserved 1114112K
  class space    used 5618K, committed 5952K, reserved 1048576K
}
Event: 417.748 GC heap after
{Heap after GC invocations=18 (full 0):
 garbage-first heap   total 51200K, used 23503K [0x0000000084200000, 0x0000000100000000)
  region size 1024K, 1 young (1024K), 1 survivors (1024K)
 Metaspace       used 46280K, committed 46912K, reserved 1114112K
  class space    used 5618K, committed 5952K, reserved 1048576K
}
Event: 417.914 GC heap before
{Heap before GC invocations=18 (full 0):
 garbage-first heap   total 51200K, used 24527K [0x0000000084200000, 0x0000000100000000)
  region size 1024K, 2 young (2048K), 1 survivors (1024K)
 Metaspace       used 46302K, committed 46976K, reserved 1114112K
  class space    used 5618K, committed 5952K, reserved 1048576K
}
Event: 417.950 GC heap after
{Heap after GC invocations=19 (full 0):
 garbage-first heap   total 51200K, used 23130K [0x0000000084200000, 0x0000000100000000)
  region size 1024K, 1 young (1024K), 1 survivors (1024K)
 Metaspace       used 46302K, committed 46976K, reserved 1114112K
  class space    used 5618K, committed 5952K, reserved 1048576K
}

Dll operation events (14 events):
Event: 0.029 Loaded shared library C:\Users\Ritej\.jdks\corretto-19.0.2\bin\java.dll
Event: 0.059 Loaded shared library C:\Users\Ritej\.jdks\corretto-19.0.2\bin\jsvml.dll
Event: 0.312 Loaded shared library C:\Users\Ritej\.jdks\corretto-19.0.2\bin\zip.dll
Event: 0.319 Loaded shared library C:\Users\Ritej\.jdks\corretto-19.0.2\bin\instrument.dll
Event: 0.333 Loaded shared library C:\Users\Ritej\.jdks\corretto-19.0.2\bin\net.dll
Event: 0.337 Loaded shared library C:\Users\Ritej\.jdks\corretto-19.0.2\bin\nio.dll
Event: 0.346 Loaded shared library C:\Users\Ritej\.jdks\corretto-19.0.2\bin\zip.dll
Event: 0.463 Loaded shared library C:\Program Files\JetBrains\IntelliJ IDEA Community Edition 2024.1.4\bin\breakgen64.dll
Event: 0.482 Loaded shared library C:\Users\Ritej\.jdks\corretto-19.0.2\bin\extnet.dll
Event: 0.536 Loaded shared library C:\Users\Ritej\.jdks\corretto-19.0.2\bin\jimage.dll
Event: 0.937 Loaded shared library C:\Users\Ritej\.jdks\corretto-19.0.2\bin\management.dll
Event: 0.946 Loaded shared library C:\Users\Ritej\.jdks\corretto-19.0.2\bin\management_ext.dll
Event: 2.737 Loaded shared library C:\Users\Ritej\.jdks\corretto-19.0.2\bin\sunmscapi.dll
Event: 18.786 Loaded shared library C:\Users\Ritej\.jdks\corretto-19.0.2\bin\verify.dll

Deoptimization events (20 events):
Event: 38.672 Thread 0x000001bc6fef5210 Uncommon trap: trap_request=0xffffff45 fr.pc=0x000001bc58d5f008 relative=0x00000000000001c8
Event: 38.672 Thread 0x000001bc6fef5210 Uncommon trap: reason=unstable_if action=reinterpret pc=0x000001bc58d5f008 method=java.util.concurrent.ConcurrentHashMap.addCount(JI)V @ 34 c2
Event: 38.672 Thread 0x000001bc6fef5210 DEOPT PACKING pc=0x000001bc58d5f008 sp=0x0000006041cfad90
Event: 38.672 Thread 0x000001bc6fef5210 DEOPT UNPACKING pc=0x000001bc5874a5a3 sp=0x0000006041cfacd0 mode 2
Event: 38.672 Thread 0x000001bc6fef3780 Uncommon trap: trap_request=0xffffff45 fr.pc=0x000001bc58cd4c80 relative=0x0000000000000060
Event: 38.673 Thread 0x000001bc6fef3780 Uncommon trap: reason=unstable_if action=reinterpret pc=0x000001bc58cd4c80 method=java.util.concurrent.ConcurrentHashMap.sumCount()J @ 11 c2
Event: 38.673 Thread 0x000001bc6fef3780 DEOPT PACKING pc=0x000001bc58cd4c80 sp=0x00000060419fae10
Event: 38.673 Thread 0x000001bc6fef3780 DEOPT UNPACKING pc=0x000001bc5874a5a3 sp=0x00000060419fad78 mode 2
Event: 63.060 Thread 0x000001bc6fef3780 Uncommon trap: trap_request=0xffffff45 fr.pc=0x000001bc58d8a2f4 relative=0x00000000000002b4
Event: 63.060 Thread 0x000001bc6fef3780 Uncommon trap: reason=unstable_if action=reinterpret pc=0x000001bc58d8a2f4 method=org.springframework.web.cors.CorsUtils.isPreFlightRequest(Ljakarta/servlet/http/HttpServletRequest;)Z @ 12 c2
Event: 63.060 Thread 0x000001bc6fef3780 DEOPT PACKING pc=0x000001bc58d8a2f4 sp=0x00000060419fd240
Event: 63.060 Thread 0x000001bc6fef3780 DEOPT UNPACKING pc=0x000001bc5874a5a3 sp=0x00000060419fd208 mode 2
Event: 63.060 Thread 0x000001bc6fef3780 Uncommon trap: trap_request=0xffffff45 fr.pc=0x000001bc58f84838 relative=0x0000000000000c58
Event: 63.060 Thread 0x000001bc6fef3780 Uncommon trap: reason=unstable_if action=reinterpret pc=0x000001bc58f84838 method=org.springframework.web.util.pattern.LiteralPathElement.matches(ILorg/springframework/web/util/pattern/PathPattern$MatchingContext;)Z @ 81 c2
Event: 63.060 Thread 0x000001bc6fef3780 DEOPT PACKING pc=0x000001bc58f84838 sp=0x00000060419fd080
Event: 63.060 Thread 0x000001bc6fef3780 DEOPT UNPACKING pc=0x000001bc5874a5a3 sp=0x00000060419fcfa0 mode 2
Event: 231.764 Thread 0x000001bc6db90040 Uncommon trap: trap_request=0xffffff45 fr.pc=0x000001bc58f7595c relative=0x0000000000000bdc
Event: 231.764 Thread 0x000001bc6db90040 Uncommon trap: reason=unstable_if action=reinterpret pc=0x000001bc58f7595c method=org.apache.coyote.http11.Http11OutputBuffer.write(Lorg/apache/tomcat/util/buf/MessageBytes;)V @ 5 c2
Event: 231.764 Thread 0x000001bc6db90040 DEOPT PACKING pc=0x000001bc58f7595c sp=0x00000060418fe860
Event: 231.765 Thread 0x000001bc6db90040 DEOPT UNPACKING pc=0x000001bc5874a5a3 sp=0x00000060418fe810 mode 2

Classes loaded (20 events):
Event: 18.647 Loading class java/util/AbstractMap$SimpleEntry
Event: 18.648 Loading class java/util/AbstractMap$SimpleEntry done
Event: 18.841 Loading class java/util/concurrent/ConcurrentHashMap$TreeBin
Event: 18.842 Loading class java/util/concurrent/ConcurrentHashMap$TreeBin done
Event: 18.878 Loading class java/util/concurrent/ConcurrentHashMap$EntrySpliterator
Event: 18.878 Loading class java/util/concurrent/ConcurrentHashMap$EntrySpliterator done
Event: 18.902 Loading class java/util/stream/LongStream
Event: 18.902 Loading class java/util/stream/LongStream done
Event: 18.902 Loading class java/util/stream/DoubleStream
Event: 18.902 Loading class java/util/stream/DoubleStream done
Event: 18.921 Loading class org/w3c/dom/Node
Event: 18.921 Loading class org/w3c/dom/Node done
Event: 18.922 Loading class org/w3c/dom/Document
Event: 18.922 Loading class org/w3c/dom/Document done
Event: 38.633 Loading class java/util/concurrent/locks/ReentrantReadWriteLock$Sync$HoldCounter
Event: 38.633 Loading class java/util/concurrent/locks/ReentrantReadWriteLock$Sync$HoldCounter done
Event: 38.796 Loading class java/util/concurrent/atomic/Striped64$Cell
Event: 38.796 Loading class java/util/concurrent/atomic/Striped64$Cell done
Event: 63.067 Loading class java/util/ArrayList$SubList$2
Event: 63.068 Loading class java/util/ArrayList$SubList$2 done

Classes unloaded (0 events):
No events

Classes redefined (0 events):
No events

Internal exceptions (20 events):
Event: 6.322 Thread 0x000001bc6ce5ff40 Exception <a 'java/lang/NoSuchMethodError'{0x00000000889199e8}: 'java.lang.Object java.lang.invoke.DirectMethodHandle$Holder.invokeSpecial(java.lang.Object, java.lang.Object, int, java.lang.Object, java.lang.Object)'> (0x00000000889199e8) 
thrown [s\src\hotspot\share\interpreter\linkResolver.cpp, line 774]
Event: 6.323 Thread 0x000001bc6ce5ff40 Exception <a 'java/lang/NoSuchMethodError'{0x000000008891d958}: 'java.lang.Object java.lang.invoke.DelegatingMethodHandle$Holder.delegate(java.lang.Object, int, java.lang.Object, java.lang.Object)'> (0x000000008891d958) 
thrown [s\src\hotspot\share\interpreter\linkResolver.cpp, line 774]
Event: 6.327 Thread 0x000001bc6ce5ff40 Exception <a 'java/lang/NoSuchMethodError'{0x000000008892de28}: 'int java.lang.invoke.Invokers$Holder.linkToTargetMethod(java.lang.Object, java.lang.Object, java.lang.Object)'> (0x000000008892de28) 
thrown [s\src\hotspot\share\interpreter\linkResolver.cpp, line 774]
Event: 6.351 Thread 0x000001bc6ce5ff40 Exception <a 'sun/nio/fs/WindowsException'{0x000000008899e3f8}> (0x000000008899e3f8) 
thrown [s\src\hotspot\share\prims\jni.cpp, line 517]
Event: 6.419 Thread 0x000001bc6ce5ff40 Exception <a 'java/lang/IncompatibleClassChangeError'{0x0000000088795aa0}: Found class java.lang.Object, but interface was expected> (0x0000000088795aa0) 
thrown [s\src\hotspot\share\interpreter\linkResolver.cpp, line 841]
Event: 6.535 Thread 0x000001bc6ce5ff40 Exception <a 'java/lang/NoSuchMethodError'{0x0000000086bdb708}: 'int java.lang.invoke.DirectMethodHandle$Holder.invokeStaticInit(java.lang.Object, java.lang.Object, java.lang.Object, java.lang.Object)'> (0x0000000086bdb708) 
thrown [s\src\hotspot\share\interpreter\linkResolver.cpp, line 774]
Event: 6.746 Thread 0x000001bc6ce5ff40 Exception <a 'java/lang/NoSuchMethodError'{0x00000000865e2b58}: 'java.lang.Object java.lang.invoke.DirectMethodHandle$Holder.newInvokeSpecial(java.lang.Object, java.lang.Object, int, java.lang.Object, java.lang.Object)'> (0x00000000865e2b58) 
thrown [s\src\hotspot\share\interpreter\linkResolver.cpp, line 774]
Event: 18.319 Thread 0x000001bc6fef4cc0 Exception <a 'java/lang/NoSuchMethodError'{0x0000000086108228}: 'java.lang.Object java.lang.invoke.DirectMethodHandle$Holder.invokeStatic(java.lang.Object, java.lang.Object, java.lang.Object, int, int)'> (0x0000000086108228) 
thrown [s\src\hotspot\share\interpreter\linkResolver.cpp, line 774]
Event: 18.319 Thread 0x000001bc6fef4cc0 Exception <a 'java/lang/NoSuchMethodError'{0x000000008610ba88}: 'java.lang.Object java.lang.invoke.DirectMethodHandle$Holder.invokeStaticInit(java.lang.Object, java.lang.Object, java.lang.Object, int, int)'> (0x000000008610ba88) 
thrown [s\src\hotspot\share\interpreter\linkResolver.cpp, line 774]
Event: 18.395 Thread 0x000001bc6db8f050 Exception <a 'java/lang/NoSuchMethodError'{0x000000008bd72830}: 'java.lang.Object java.lang.invoke.DirectMethodHandle$Holder.invokeSpecial(java.lang.Object, java.lang.Object, java.lang.Object, java.lang.Object, java.lang.Object, long)'> (0x000000008bd72830) 
thrown [s\src\hotspot\share\interpreter\linkResolver.cpp, line 774]
Event: 18.395 Thread 0x000001bc6db8f050 Exception <a 'java/lang/NoSuchMethodError'{0x000000008bd76280}: 'java.lang.Object java.lang.invoke.Invokers$Holder.linkToTargetMethod(java.lang.Object, java.lang.Object, java.lang.Object, long, java.lang.Object)'> (0x000000008bd76280) 
thrown [s\src\hotspot\share\interpreter\linkResolver.cpp, line 774]
Event: 18.729 Thread 0x000001bc6db8f5a0 Exception <a 'java/lang/NoSuchMethodError'{0x0000000086a03848}: 'long java.lang.invoke.DirectMethodHandle$Holder.invokeStatic(java.lang.Object, long)'> (0x0000000086a03848) 
thrown [s\src\hotspot\share\interpreter\linkResolver.cpp, line 774]
Event: 18.789 Thread 0x000001bc6db8f5a0 Exception <a 'java/lang/NoSuchMethodError'{0x00000000869e85b8}: 'void java.lang.invoke.Invokers$Holder.invoke_MT(java.lang.Object, java.lang.Object, java.lang.Object, java.lang.Object)'> (0x00000000869e85b8) 
thrown [s\src\hotspot\share\interpreter\linkResolver.cpp, line 774]
Event: 18.838 Thread 0x000001bc6db8f5a0 Exception <a 'java/lang/NoSuchMethodError'{0x00000000868bfe40}: 'double java.lang.invoke.DelegatingMethodHandle$Holder.reinvoke_L(java.lang.Object, java.lang.Object)'> (0x00000000868bfe40) 
thrown [s\src\hotspot\share\interpreter\linkResolver.cpp, line 774]
Event: 18.841 Thread 0x000001bc6db8f5a0 Implicit null exception at 0x000001bc58d9583d to 0x000001bc58d95902
Event: 38.680 Thread 0x000001bc6fef3780 Exception <a 'java/lang/NoSuchMethodError'{0x0000000088b88528}: 'java.lang.Object java.lang.invoke.DirectMethodHandle$Holder.invokeInterface(java.lang.Object, java.lang.Object, int)'> (0x0000000088b88528) 
thrown [s\src\hotspot\share\interpreter\linkResolver.cpp, line 774]
Event: 38.681 Thread 0x000001bc6db90040 Exception <a 'java/lang/NoSuchMethodError'{0x0000000088b85d38}: 'java.lang.Object java.lang.invoke.DirectMethodHandle$Holder.invokeInterface(java.lang.Object, java.lang.Object, int)'> (0x0000000088b85d38) 
thrown [s\src\hotspot\share\interpreter\linkResolver.cpp, line 774]
Event: 63.066 Thread 0x000001bc6fef3780 Exception <a 'java/lang/NoSuchMethodError'{0x0000000088854960}: 'java.lang.Object java.lang.invoke.DirectMethodHandle$Holder.invokeStatic(java.lang.Object, int, int)'> (0x0000000088854960) 
thrown [s\src\hotspot\share\interpreter\linkResolver.cpp, line 774]
Event: 65.055 Thread 0x000001bc6db90590 Exception <a 'java/lang/NoSuchMethodError'{0x00000000888905f0}: 'java.lang.Object java.lang.invoke.DirectMethodHandle$Holder.newInvokeSpecial(java.lang.Object, java.lang.Object, long)'> (0x00000000888905f0) 
thrown [s\src\hotspot\share\interpreter\linkResolver.cpp, line 774]
Event: 65.056 Thread 0x000001bc6db90590 Exception <a 'java/lang/NoSuchMethodError'{0x0000000088893d98}: 'java.lang.Object java.lang.invoke.Invokers$Holder.linkToTargetMethod(java.lang.Object, long, java.lang.Object)'> (0x0000000088893d98) 
thrown [s\src\hotspot\share\interpreter\linkResolver.cpp, line 774]

VM Operations (20 events):
Event: 311.146 Executing VM operation: Cleanup
Event: 311.146 Executing VM operation: Cleanup done
Event: 325.292 Executing VM operation: Cleanup
Event: 325.292 Executing VM operation: Cleanup done
Event: 345.492 Executing VM operation: Cleanup
Event: 345.493 Executing VM operation: Cleanup done
Event: 355.610 Executing VM operation: Cleanup
Event: 355.610 Executing VM operation: Cleanup done
Event: 365.697 Executing VM operation: Cleanup
Event: 365.697 Executing VM operation: Cleanup done
Event: 406.147 Executing VM operation: Cleanup
Event: 406.147 Executing VM operation: Cleanup done
Event: 417.734 Executing VM operation: G1CollectForAllocation
Event: 417.748 Executing VM operation: G1CollectForAllocation done
Event: 417.914 Executing VM operation: G1CollectForAllocation
Event: 417.953 Executing VM operation: G1CollectForAllocation done
Event: 418.873 Executing VM operation: ICBufferFull
Event: 418.874 Executing VM operation: ICBufferFull done
Event: 418.874 Executing VM operation: ICBufferFull
Event: 418.874 Executing VM operation: ICBufferFull done

Events (20 events):
Event: 18.893 Thread 0x000001bc67c73640 flushing nmethod 0x000001bc51a39590
Event: 18.893 Thread 0x000001bc67c73640 flushing nmethod 0x000001bc51a41110
Event: 18.893 Thread 0x000001bc67c73640 flushing nmethod 0x000001bc51a7fb90
Event: 18.893 Thread 0x000001bc67c73640 flushing nmethod 0x000001bc51a8bf10
Event: 18.893 Thread 0x000001bc67c73640 flushing nmethod 0x000001bc51ab9310
Event: 18.893 Thread 0x000001bc67c73640 flushing nmethod 0x000001bc51ac1f10
Event: 18.893 Thread 0x000001bc67c73640 flushing nmethod 0x000001bc51ad4690
Event: 18.893 Thread 0x000001bc67c73640 flushing nmethod 0x000001bc51ad7290
Event: 18.893 Thread 0x000001bc67c73640 flushing nmethod 0x000001bc51afc890
Event: 18.893 Thread 0x000001bc67c73640 flushing nmethod 0x000001bc51b03490
Event: 18.893 Thread 0x000001bc67c73640 flushing nmethod 0x000001bc51b08a10
Event: 18.893 Thread 0x000001bc67c73640 flushing nmethod 0x000001bc51b3da90
Event: 18.893 Thread 0x000001bc67c73640 flushing nmethod 0x000001bc51b7b310
Event: 18.893 Thread 0x000001bc67c73640 flushing nmethod 0x000001bc51b7b910
Event: 38.895 Thread 0x000001bc6dbf9bc0 Thread added: 0x000001bc6dbf9bc0
Event: 41.821 Thread 0x000001bc6dbf9bc0 Thread exited: 0x000001bc6dbf9bc0
Event: 417.752 Thread 0x000001bc6dbf9bc0 Thread added: 0x000001bc6dbf9bc0
Event: 418.713 Thread 0x000001bc6dbf9bc0 Thread exited: 0x000001bc6dbf9bc0
Event: 418.755 Thread 0x000001bc6dbf9630 Thread added: 0x000001bc6dbf9630
Event: 418.756 Thread 0x000001bc6dbf9bc0 Thread added: 0x000001bc6dbf9bc0


Dynamic libraries:
0x00007ff6f0be0000 - 0x00007ff6f0bed000 	C:\Users\Ritej\.jdks\corretto-19.0.2\bin\java.exe
0x00007ffc8c9f0000 - 0x00007ffc8cc07000 	C:\WINDOWS\SYSTEM32\ntdll.dll
0x00007ffc55690000 - 0x00007ffc556b0000 	C:\Program Files\Avast Software\Avast\aswhook.dll
0x00007ffc8b8f0000 - 0x00007ffc8b9b4000 	C:\WINDOWS\System32\KERNEL32.DLL
0x00007ffc89eb0000 - 0x00007ffc8a280000 	C:\WINDOWS\System32\KERNELBASE.dll
0x00007ffc8a3f0000 - 0x00007ffc8a501000 	C:\WINDOWS\System32\ucrtbase.dll
0x00007ffc82ac0000 - 0x00007ffc82ad5000 	C:\Users\Ritej\.jdks\corretto-19.0.2\bin\VCRUNTIME140.dll
0x00007ffc83c50000 - 0x00007ffc83c67000 	C:\Users\Ritej\.jdks\corretto-19.0.2\bin\jli.dll
0x00007ffc8bc80000 - 0x00007ffc8be2e000 	C:\WINDOWS\System32\USER32.dll
0x00007ffc89e00000 - 0x00007ffc89e26000 	C:\WINDOWS\System32\win32u.dll
0x00007ffc8b8c0000 - 0x00007ffc8b8e9000 	C:\WINDOWS\System32\GDI32.dll
0x00007ffc690f0000 - 0x00007ffc69382000 	C:\WINDOWS\WinSxS\amd64_microsoft.windows.common-controls_6595b64144ccf1df_6.0.22621.4830_none_270fe7d773858e80\COMCTL32.dll
0x00007ffc8a510000 - 0x00007ffc8a62b000 	C:\WINDOWS\System32\gdi32full.dll
0x00007ffc8b600000 - 0x00007ffc8b6a7000 	C:\WINDOWS\System32\msvcrt.dll
0x00007ffc89d60000 - 0x00007ffc89dfa000 	C:\WINDOWS\System32\msvcp_win.dll
0x00007ffc8c8f0000 - 0x00007ffc8c921000 	C:\WINDOWS\System32\IMM32.DLL
0x00007ffc5f8d0000 - 0x00007ffc5f96b000 	C:\Users\Ritej\.jdks\corretto-19.0.2\bin\msvcp140.dll
0x00007ffc1c100000 - 0x00007ffc1cdd9000 	C:\Users\Ritej\.jdks\corretto-19.0.2\bin\server\jvm.dll
0x00007ffc8a7b0000 - 0x00007ffc8a861000 	C:\WINDOWS\System32\ADVAPI32.dll
0x00007ffc8c4b0000 - 0x00007ffc8c557000 	C:\WINDOWS\System32\sechost.dll
0x00007ffc8a6b0000 - 0x00007ffc8a6d8000 	C:\WINDOWS\System32\bcrypt.dll
0x00007ffc8a8c0000 - 0x00007ffc8a9d4000 	C:\WINDOWS\System32\RPCRT4.dll
0x00007ffc831f0000 - 0x00007ffc83224000 	C:\WINDOWS\SYSTEM32\WINMM.dll
0x00007ffc82600000 - 0x00007ffc8260a000 	C:\WINDOWS\SYSTEM32\VERSION.dll
0x00007ffc718b0000 - 0x00007ffc718b9000 	C:\WINDOWS\SYSTEM32\WSOCK32.dll
0x00007ffc8c930000 - 0x00007ffc8c9a1000 	C:\WINDOWS\System32\WS2_32.dll
0x00007ffc88ca0000 - 0x00007ffc88cb8000 	C:\WINDOWS\SYSTEM32\kernel.appcore.dll
0x00007ffc869b0000 - 0x00007ffc869ba000 	C:\Users\Ritej\.jdks\corretto-19.0.2\bin\jimage.dll
0x00007ffc874a0000 - 0x00007ffc876d2000 	C:\WINDOWS\SYSTEM32\DBGHELP.DLL
0x00007ffc8c560000 - 0x00007ffc8c8f0000 	C:\WINDOWS\System32\combase.dll
0x00007ffc8b7e0000 - 0x00007ffc8b8b7000 	C:\WINDOWS\System32\OLEAUT32.dll
0x00007ffc76f50000 - 0x00007ffc76f82000 	C:\WINDOWS\SYSTEM32\dbgcore.DLL
0x00007ffc89e30000 - 0x00007ffc89eab000 	C:\WINDOWS\System32\bcryptPrimitives.dll
0x00007ffc85830000 - 0x00007ffc8583e000 	C:\Users\Ritej\.jdks\corretto-19.0.2\bin\instrument.dll
0x00007ffc76d10000 - 0x00007ffc76d36000 	C:\Users\Ritej\.jdks\corretto-19.0.2\bin\java.dll
0x00007ffc57730000 - 0x00007ffc57806000 	C:\Users\Ritej\.jdks\corretto-19.0.2\bin\jsvml.dll
0x00007ffc8ad80000 - 0x00007ffc8b5f8000 	C:\WINDOWS\System32\SHELL32.dll
0x00007ffc87ba0000 - 0x00007ffc884b0000 	C:\WINDOWS\SYSTEM32\windows.storage.dll
0x00007ffc87a60000 - 0x00007ffc87b9f000 	C:\WINDOWS\SYSTEM32\wintypes.dll
0x00007ffc8b6d0000 - 0x00007ffc8b7da000 	C:\WINDOWS\System32\SHCORE.dll
0x00007ffc8acb0000 - 0x00007ffc8ad0e000 	C:\WINDOWS\System32\shlwapi.dll
0x00007ffc89bd0000 - 0x00007ffc89bfb000 	C:\WINDOWS\SYSTEM32\profapi.dll
0x00007ffc75350000 - 0x00007ffc75368000 	C:\Users\Ritej\.jdks\corretto-19.0.2\bin\zip.dll
0x00007ffc75870000 - 0x00007ffc75883000 	C:\Users\Ritej\.jdks\corretto-19.0.2\bin\net.dll
0x00007ffc85fa0000 - 0x00007ffc860cc000 	C:\WINDOWS\SYSTEM32\WINHTTP.dll
0x00007ffc89110000 - 0x00007ffc8917a000 	C:\WINDOWS\system32\mswsock.dll
0x00007ffc75850000 - 0x00007ffc75865000 	C:\Users\Ritej\.jdks\corretto-19.0.2\bin\nio.dll
0x00007ffc74df0000 - 0x00007ffc74e0a000 	C:\Program Files\JetBrains\IntelliJ IDEA Community Edition 2024.1.4\bin\breakgen64.dll
0x00007ffc7def0000 - 0x00007ffc7def8000 	C:\Users\Ritej\.jdks\corretto-19.0.2\bin\extnet.dll
0x00007ffc85810000 - 0x00007ffc85819000 	C:\Users\Ritej\.jdks\corretto-19.0.2\bin\management.dll
0x00007ffc84ee0000 - 0x00007ffc84eeb000 	C:\Users\Ritej\.jdks\corretto-19.0.2\bin\management_ext.dll
0x00007ffc8a7a0000 - 0x00007ffc8a7a8000 	C:\WINDOWS\System32\PSAPI.DLL
0x00007ffc74de0000 - 0x00007ffc74dee000 	C:\Users\Ritej\.jdks\corretto-19.0.2\bin\sunmscapi.dll
0x00007ffc8a280000 - 0x00007ffc8a3e6000 	C:\WINDOWS\System32\CRYPT32.dll
0x00007ffc89550000 - 0x00007ffc8957d000 	C:\WINDOWS\SYSTEM32\ncrypt.dll
0x00007ffc89510000 - 0x00007ffc89547000 	C:\WINDOWS\SYSTEM32\NTASN1.dll
0x00007ffc89460000 - 0x00007ffc8947b000 	C:\WINDOWS\SYSTEM32\CRYPTSP.dll
0x00007ffc88c00000 - 0x00007ffc88c35000 	C:\WINDOWS\system32\rsaenh.dll
0x00007ffc891b0000 - 0x00007ffc891d8000 	C:\WINDOWS\SYSTEM32\USERENV.dll
0x00007ffc89440000 - 0x00007ffc8944c000 	C:\WINDOWS\SYSTEM32\CRYPTBASE.dll
0x00007ffc88700000 - 0x00007ffc8872d000 	C:\WINDOWS\SYSTEM32\IPHLPAPI.DLL
0x00007ffc8a6e0000 - 0x00007ffc8a6e9000 	C:\WINDOWS\System32\NSI.dll
0x00007ffc85eb0000 - 0x00007ffc85ec9000 	C:\WINDOWS\SYSTEM32\dhcpcsvc6.DLL
0x00007ffc85e90000 - 0x00007ffc85eaf000 	C:\WINDOWS\SYSTEM32\dhcpcsvc.DLL
0x00007ffc88730000 - 0x00007ffc88832000 	C:\WINDOWS\SYSTEM32\DNSAPI.dll
0x00007ffc81550000 - 0x00007ffc8155a000 	C:\Windows\System32\rasadhlp.dll
0x00007ffc830e0000 - 0x00007ffc83163000 	C:\WINDOWS\System32\fwpuclnt.dll
0x00007ffc71b40000 - 0x00007ffc71b48000 	C:\WINDOWS\system32\wshunix.dll
0x00007ffc72930000 - 0x00007ffc72940000 	C:\Users\Ritej\.jdks\corretto-19.0.2\bin\verify.dll

dbghelp: loaded successfully - version: 4.0.5 - missing functions: none
symbol engine: initialized successfully - sym options: 0x614 - pdb path: .;C:\Users\Ritej\.jdks\corretto-19.0.2\bin;C:\WINDOWS\SYSTEM32;C:\Program Files\Avast Software\Avast;C:\WINDOWS\WinSxS\amd64_microsoft.windows.common-controls_6595b64144ccf1df_6.0.22621.4830_none_270fe7d773858e80;C:\Users\Ritej\.jdks\corretto-19.0.2\bin\server;C:\Program Files\JetBrains\IntelliJ IDEA Community Edition 2024.1.4\bin

VM Arguments:
jvm_args: -javaagent:C:\Program Files\JetBrains\IntelliJ IDEA Community Edition 2024.1.4\lib\idea_rt.jar=64947:C:\Program Files\JetBrains\IntelliJ IDEA Community Edition 2024.1.4\bin -Dfile.encoding=UTF-8 -Dsun.stdout.encoding=UTF-8 -Dsun.stderr.encoding=UTF-8 
java_command: com.example.WSM.WsmApplication
java_class_path (initial): C:\Users\Ritej\Downloads\Ritej-main\WSM Project\WSM\target\classes;C:\Users\Ritej\.m2\repository\org\apache\poi\poi\5.2.3\poi-5.2.3.jar;C:\Users\Ritej\.m2\repository\commons-codec\commons-codec\1.18.0\commons-codec-1.18.0.jar;C:\Users\Ritej\.m2\repository\org\apache\commons\commons-collections4\4.4\commons-collections4-4.4.jar;C:\Users\Ritej\.m2\repository\org\apache\commons\commons-math3\3.6.1\commons-math3-3.6.1.jar;C:\Users\Ritej\.m2\repository\commons-io\commons-io\2.11.0\commons-io-2.11.0.jar;C:\Users\Ritej\.m2\repository\com\zaxxer\SparseBitSet\1.2\SparseBitSet-1.2.jar;C:\Users\Ritej\.m2\repository\org\apache\logging\log4j\log4j-api\2.24.3\log4j-api-2.24.3.jar;C:\Users\Ritej\.m2\repository\org\apache\poi\poi-ooxml\5.2.3\poi-ooxml-5.2.3.jar;C:\Users\Ritej\.m2\repository\org\apache\poi\poi-ooxml-lite\5.2.3\poi-ooxml-lite-5.2.3.jar;C:\Users\Ritej\.m2\repository\org\apache\xmlbeans\xmlbeans\5.1.1\xmlbeans-5.1.1.jar;C:\Users\Ritej\.m2\repository\org\apache\commons\commons-compress\1.21\commons-compress-1.21.jar;C:\Users\Ritej\.m2\repository\com\github\virtuald\curvesapi\1.07\curvesapi-1.07.jar;C:\Users\Ritej\.m2\repository\org\springframework\boot\spring-boot-starter-data-mongodb\3.5.4\spring-boot-starter-data-mongodb-3.5.4.jar;C:\Users\Ritej\.m2\repository\org\springframework\boot\spring-boot-starter\3.5.4\spring-boot-starter-3.5.4.jar;C:\Users\Ritej\.m2\repository\org\springframework\boot\spring-boot-starter-logging\3.5.4\spring-boot-starter-logging-3.5.4.jar;C:\Users\Ritej\.m2\repository\ch\qos\logback\logback-classic\1.5.18\logback-classic-1.5.18.jar;C:\Users\Ritej\.m2\repository\ch\qos\logback\logback-core\1.5.18\logback-core-1.5.18.jar;C:\Users\Ritej\.m2\repository\org\apache\logging\log4j\log4j-to-slf4j\2.24.3\log4j-to-slf4j-2.24.3.jar;C:\Users\Ritej\.m2\repository\org\slf4j\jul-to-slf4j\2.0.17\jul-to-slf4j-2.0.17.jar;C:\Users\Ritej\.m2\repository\jakarta\annotation\jakarta.annotation-api\2.1.1\jakarta.annotation-api-2.1.1.jar;C:\Users\Ritej\.m2\repository\org\yaml\snakeyaml\2.4\snakeyaml-2.4.jar;C:\Users\Ritej\.m2\repository\org\mongodb\mongodb-driver-sync\5.5.1\mongodb-driver-sync-5.5.1.jar;C:\Users\Ritej\.m2\repository\org\mongodb\bson\5.5.1\bson-5.5.1.jar;C:\Users\Ritej\.m2\repository\org\mongodb\mongodb-driver-core\5.5.1\mongodb-driver-core-5.5.1.jar;C:\Users\Ritej\.m2\repository\org\mongodb\bson-record-codec\5.5.1\bson-record-codec-5.5.1.jar;C:\Users\Ritej\.m2\repository\org\springframework\data\spring-data-mongodb\4.5.2\spring-data-mongodb-4.5.2.jar;C:\Users\Ritej\.m2\repository\org\springframework\spring-tx\6.2.9\spring-tx-6.2.9.jar;C:\Users\Ritej\.m2\repository\org\springframework\spring-context\6.2.9\spring-context-6.2.9.jar;C:\Users\Ritej\.m2\repository\org\springframework\spring-beans\6.2.9\spring-beans-6.2.9.jar;C:\Users\Ritej\.m2\repository\org\springframework\spring-expression\6.2.9\spring-expression-6.2.9.jar;C:\Users\Ritej\.m2\repository\org\springframework\data\spring-data-commons\3.5.2\spring-data-commons-3.5.2.jar;C:\Users\Ritej\.m2\repository\org\slf4j\slf4j-api\2.0.17\slf4j-api-2.0.17.jar;C:\Users\Ritej\.m2\repository\org\springframework\boot\spring-boot-starter-security\3.2.0\spring-boot-starter-security-3.2.0.jar;C:\Users\Ritej\.m2\repository\org\springframework\spring-aop\6.2.9\spring-aop-6.2.9.jar;C:\Users\Ritej\.m2\repository\org\springframework\security\spring-security-config\6.5.2\spring-security-config-6.5.2.jar;C:\Users\Ritej\.m2\repository\org\springframework\security\spring-security-core\6.5.2\spring-security-core-6.5.2.jar;C:\Users\Ritej\.m2\repository\org\springframework\security\spring-security-crypto\6.5.2\spring-security-crypto-6.5.2.jar;C:\Users\Ritej\.m2\repository\org\springframework\security\spring-security-web\6.5.2\spring-security-web-6.5.2.jar;C:\Users\Ritej\.m2\repository\org\springframework\boot\spring-boot-starter-web\3.5.4\spring-boot-starter-web-3.5.4.jar;C:\Users\Ritej\.m2\repository\org\springframework\boot\spring-boot-starter-json\3.5.4\spring-boot-starter-json-3.5.4.jar;C:\Users\Ritej\.m2\repository\com\fasterxml\jackson\core\jackson-databind\2.19.2\jackson-databind-2.19.2.jar;C:\Users\Ritej\.m2\repository\com\fasterxml\jackson\core\jackson-annotations\2.19.2\jackson-annotations-2.19.2.jar;C:\Users\Ritej\.m2\repository\com\fasterxml\jackson\core\jackson-core\2.19.2\jackson-core-2.19.2.jar;C:\Users\Ritej\.m2\repository\com\fasterxml\jackson\datatype\jackson-datatype-jdk8\2.19.2\jackson-datatype-jdk8-2.19.2.jar;C:\Users\Ritej\.m2\repository\com\fasterxml\jackson\datatype\jackson-datatype-jsr310\2.19.2\jackson-datatype-jsr310-2.19.2.jar;C:\Users\Ritej\.m2\repository\com\fasterxml\jackson\module\jackson-module-parameter-names\2.19.2\jackson-module-parameter-names-2.19.2.jar;C:\Users\Ritej\.m2\repository\org\springframework\boot\spring-boot-starter-tomcat\3.5.4\spring-boot-starter-tomcat-3.5.4.jar;C:\Users\Ritej\.m2\repository\org\apache\tomcat\embed\tomcat-embed-core\10.1.43\tomcat-embed-core-10.1.43.jar;C:\Users\Ritej\.m2\repository\org\apache\tomcat\embed\tomcat-embed-el\10.1.43\tomcat-embed-el-10.1.43.jar;C:\Users\Ritej\.m2\repository\org\apache\tomcat\embed\tomcat-embed-websocket\10.1.43\tomcat-embed-websocket-10.1.43.jar;C:\Users\Ritej\.m2\repository\org\springframework\spring-web\6.2.9\spring-web-6.2.9.jar;C:\Users\Ritej\.m2\repository\io\micrometer\micrometer-observation\1.15.2\micrometer-observation-1.15.2.jar;C:\Users\Ritej\.m2\repository\io\micrometer\micrometer-commons\1.15.2\micrometer-commons-1.15.2.jar;C:\Users\Ritej\.m2\repository\org\springframework\spring-webmvc\6.2.9\spring-webmvc-6.2.9.jar;C:\Users\Ritej\.m2\repository\org\springframework\boot\spring-boot-devtools\3.5.4\spring-boot-devtools-3.5.4.jar;C:\Users\Ritej\.m2\repository\org\springframework\boot\spring-boot\3.5.4\spring-boot-3.5.4.jar;C:\Users\Ritej\.m2\repository\org\springframework\boot\spring-boot-autoconfigure\3.5.4\spring-boot-autoconfigure-3.5.4.jar;C:\Users\Ritej\.m2\repository\org\projectlombok\lombok\1.18.38\lombok-1.18.38.jar;C:\Users\Ritej\.m2\repository\org\springframework\spring-core\6.2.9\spring-core-6.2.9.jar;C:\Users\Ritej\.m2\repository\org\springframework\spring-jcl\6.2.9\spring-jcl-6.2.9.jar
Launcher Type: SUN_STANDARD

[Global flags]
     intx CICompilerCount                          = 4                                         {product} {ergonomic}
     uint ConcGCThreads                            = 2                                         {product} {ergonomic}
     uint G1ConcRefinementThreads                  = 8                                         {product} {ergonomic}
   size_t G1HeapRegionSize                         = 1048576                                   {product} {ergonomic}
    uintx GCDrainStackTargetSize                   = 64                                        {product} {ergonomic}
   size_t InitialHeapSize                          = 130023424                                 {product} {ergonomic}
   size_t MarkStackSize                            = 4194304                                   {product} {ergonomic}
   size_t MaxHeapSize                              = 2078277632                                {product} {ergonomic}
   size_t MaxNewSize                               = 1246756864                                {product} {ergonomic}
   size_t MinHeapDeltaBytes                        = 1048576                                   {product} {ergonomic}
   size_t MinHeapSize                              = 8388608                                   {product} {ergonomic}
    uintx NonNMethodCodeHeapSize                   = 5839372                                {pd product} {ergonomic}
    uintx NonProfiledCodeHeapSize                  = 122909434                              {pd product} {ergonomic}
    uintx ProfiledCodeHeapSize                     = 122909434                              {pd product} {ergonomic}
    uintx ReservedCodeCacheSize                    = 251658240                              {pd product} {ergonomic}
     bool SegmentedCodeCache                       = true                                      {product} {ergonomic}
   size_t SoftMaxHeapSize                          = 2078277632                             {manageable} {ergonomic}
     bool UseCompressedClassPointers               = true                           {product lp64_product} {ergonomic}
     bool UseCompressedOops                        = true                           {product lp64_product} {ergonomic}
     bool UseG1GC                                  = true                                      {product} {ergonomic}
     bool UseLargePagesIndividualAllocation        = false                                  {pd product} {ergonomic}

Logging:
Log output configuration:
 #0: stdout all=warning uptime,level,tags foldmultilines=false
 #1: stderr all=off uptime,level,tags foldmultilines=false

Environment Variables:
JAVA_HOME=C:\Program Files\Java\jdk-17
PATH=C:\Program Files\MongoDB\Server\7.0\bin;C:\oraclexe\app\oracle\product\11.2.0\server\bin;"C:\xampp\php;C:\xampp\php;C:\Program Files\Common Files\Oracle\Java\javapath";C:\WINDOWS\system32;C:\WINDOWS;C:\WINDOWS\System32\Wbem;C:\WINDOWS\System32\WindowsPowerShell\v1.0\;C:\WINDOWS\System32\OpenSSH\;C:\ProgramData\chocolatey\bin;C:\Program Files\Java\jdk-17\bin;C:\Program Files\Docker\Docker\resources\bin;C:\Users\Ritej\AppData\Roaming\nvm;C:\Program Files\nodejs;C:\Program Files\Git\cmd;C:\Users\Ritej\AppData\Local\Microsoft\WindowsApps\python.exe;C:\Users\Ritej\AppData\Local\Programs\Python\Launcher\;C:\Program Files\MongoDB\Server\7.0\bin;C:\Users\Ritej\AppData\Local\Microsoft\WindowsApps;C:\Users\Ritej\AppData\Local\JetBrains\PyCharm 2023.1\bin;;C:\Program Files\JetBrains\PyCharm Community Edition 2022.2.3\bin;;C:\Users\Ritej\AppData\Local\Programs\Microsoft VS Code\bin;C:\Users\Ritej\AppData\Roaming\npm;C:\Program Files\JetBrains\IntelliJ IDEA Community Edition 2024.1.4\bin;;C:\Users\Ritej\Desktop\jdk-19_windows-x64_bin\bin;C:\Users\Ritej\AppData\Local\JetBrains\IntelliJ IDEA 2024.1.4\bin;;C:\Users\Ritej\AppData\Roaming\nvm;C:\Program Files\nodejs;C:\Program Files\apache-maven-3.9.9\bin;C:\Users\Ritej\AppData\Local\Microsoft\WindowsApps\python.exe;
USERNAME=Ritej
OS=Windows_NT
PROCESSOR_IDENTIFIER=Intel64 Family 6 Model 140 Stepping 1, GenuineIntel
TMP=C:\Users\Ritej\AppData\Local\Temp
TEMP=C:\Users\Ritej\AppData\Local\Temp



---------------  S Y S T E M  ---------------

OS:
 Windows 11 , 64 bit Build 22621 (10.0.22621.4830)
OS uptime: 27 days 12:37 hours
Hyper-V role detected

CPU: total 8 (initial active 8) (4 cores per cpu, 2 threads per core) family 6 model 140 stepping 1 microcode 0xb8, cx8, cmov, fxsr, ht, mmx, 3dnowpref, sse, sse2, sse3, ssse3, sse4.1, sse4.2, popcnt, lzcnt, tsc, tscinvbit, avx, avx2, aes, erms, clmul, bmi1, bmi2, adx, avx512f, avx512dq, avx512cd, avx512bw, avx512vl, sha, fma, vzeroupper, avx512_vpopcntdq, avx512_vpclmulqdq, avx512_vaes, avx512_vnni, clflush, clflushopt, clwb, avx512_vbmi2, avx512_vbmi, hv, rdtscp, rdpid, fsrm, gfni, avx512_bitalg

Memory: 4k page, system-wide physical 7926M (651M free)
TotalPageFile size 20426M (AvailPageFile size 9M)
current process WorkingSet (physical memory assigned to process): 167M, peak: 201M
current process commit charge ("private bytes"): 240M, peak: 266M

vm_info: OpenJDK 64-Bit Server VM (19.0.2+7-FR) for windows-amd64 JRE (19.0.2+7-FR), built on Jan 13 2023 22:53:32 by "Administrator" with MS VC++ 15.9 (VS2017)

END.
