#
# There is insufficient memory for the Java Runtime Environment to continue.
# Native memory allocation (malloc) failed to allocate 614480 bytes for Chunk::new
# Possible reasons:
#   The system is out of physical RAM or swap space
#   The process is running with CompressedOops enabled, and the Java Heap may be blocking the growth of the native heap
# Possible solutions:
#   Reduce memory load on the system
#   Increase physical memory or swap space
#   Check if swap backing store is full
#   Decrease Java heap size (-Xmx/-Xms)
#   Decrease number of Java threads
#   Decrease Java thread stack sizes (-Xss)
#   Set larger code cache with -XX:ReservedCodeCacheSize=
#   JVM is running with Unscaled Compressed Oops mode in which the Java heap is
#     placed in the first 4GB address space. The Java Heap base address is the
#     maximum limit for the native heap growth. Please use -XX:HeapBaseMinAddress
#     to set the Java Heap base and to place the Java Heap above 4GB virtual address.
# This output file may be truncated or incomplete.
#
#  Out of Memory Error (arena.cpp:184), pid=2368, tid=16284
#
# JRE version: OpenJDK Runtime Environment Corretto-19.0.2.7.1 (19.0.2+7) (build 19.0.2+7-FR)
# Java VM: OpenJDK 64-Bit Server VM Corretto-19.0.2.7.1 (19.0.2+7-FR, mixed mode, sharing, tiered, compressed oops, compressed class ptrs, g1 gc, windows-amd64)
# No core dump will be written. Minidumps are not enabled by default on client versions of Windows
#

---------------  S U M M A R Y ------------

Command Line: -javaagent:C:\Program Files\JetBrains\IntelliJ IDEA Community Edition 2024.1.4\lib\idea_rt.jar=58406:C:\Program Files\JetBrains\IntelliJ IDEA Community Edition 2024.1.4\bin -Dfile.encoding=UTF-8 -Dsun.stdout.encoding=UTF-8 -Dsun.stderr.encoding=UTF-8 com.example.WSM.WsmApplication

Host: 11th Gen Intel(R) Core(TM) i5-1135G7 @ 2.40GHz, 8 cores, 7G,  Windows 11 , 64 bit Build 22621 (10.0.22621.4830)
Time: Fri Sep  5 22:08:09 2025 Afr. centrale Ouest elapsed time: 13.302633 seconds (0d 0h 0m 13s)

---------------  T H R E A D  ---------------

Current thread (0x0000021f6660d290):  JavaThread "C2 CompilerThread0" daemon [_thread_in_native, id=16284, stack(0x0000007536900000,0x0000007536a00000)]


Current CompileTask:
C2:  13302 5058       4       jdk.internal.loader.BuiltinClassLoader::defineClass (121 bytes)

Stack: [0x0000007536900000,0x0000007536a00000]
Native frames: (J=compiled Java code, j=interpreted, Vv=VM code, C=native code)
V  [jvm.dll+0x6d034a]
V  [jvm.dll+0x880f10]
V  [jvm.dll+0x88289e]
V  [jvm.dll+0x882f43]
V  [jvm.dll+0x27b4bb]
V  [jvm.dll+0xdd792]
V  [jvm.dll+0xddb25]
V  [jvm.dll+0x66405b]
V  [jvm.dll+0x6626a1]
V  [jvm.dll+0x246f86]
V  [jvm.dll+0x2465a7]
V  [jvm.dll+0x1d4bb7]
V  [jvm.dll+0x25558a]
V  [jvm.dll+0x2538d7]
V  [jvm.dll+0x8342bd]
V  [jvm.dll+0x82e2fa]
V  [jvm.dll+0x6cf0d3]
C  [ucrtbase.dll+0x29333]
C  [KERNEL32.DLL+0x1259d]
C  [ntdll.dll+0x5af38]


---------------  P R O C E S S  ---------------

Threads class SMR info:
_java_thread_list=0x0000021f6c35f0e0, length=35, elements={
0x0000021f665f7ef0, 0x0000021f665f8bd0, 0x0000021f665fbc20, 0x0000021f665fd650,
0x0000021f665fe070, 0x0000021f66600aa0, 0x0000021f6660d290, 0x0000021f6ac280a0,
0x0000021f6ac2ba80, 0x0000021f6ac2ca70, 0x0000021f6ac2c520, 0x0000021f6ac2bfd0,
0x0000021f6ac2dfb0, 0x0000021f6ac2ea50, 0x0000021f6ac2efa0, 0x0000021f6d82b540,
0x0000021f6d828ac0, 0x0000021f6d829010, 0x0000021f6d8255a0, 0x0000021f6d82ba90,
0x0000021f6d825af0, 0x0000021f6d827030, 0x0000021f6d82aaa0, 0x0000021f6d827ad0,
0x0000021f6d82aff0, 0x0000021f6d824060, 0x0000021f6d829560, 0x0000021f6d826ae0,
0x0000021f6d826040, 0x0000021f6d829ab0, 0x0000021f6d8245b0, 0x0000021f6d828020,
0x0000021f6d824b00, 0x0000021f6d825050, 0x0000021f6b975100
}

Java Threads: ( => current thread )
  0x0000021f665f7ef0 JavaThread "Reference Handler" daemon [_thread_blocked, id=6344, stack(0x0000007536300000,0x0000007536400000)]
  0x0000021f665f8bd0 JavaThread "Finalizer" daemon [_thread_blocked, id=2652, stack(0x0000007536400000,0x0000007536500000)]
  0x0000021f665fbc20 JavaThread "Signal Dispatcher" daemon [_thread_blocked, id=18928, stack(0x0000007536500000,0x0000007536600000)]
  0x0000021f665fd650 JavaThread "Attach Listener" daemon [_thread_blocked, id=1916, stack(0x0000007536600000,0x0000007536700000)]
  0x0000021f665fe070 JavaThread "Service Thread" daemon [_thread_blocked, id=17948, stack(0x0000007536700000,0x0000007536800000)]
  0x0000021f66600aa0 JavaThread "Monitor Deflation Thread" daemon [_thread_blocked, id=12612, stack(0x0000007536800000,0x0000007536900000)]
=>0x0000021f6660d290 JavaThread "C2 CompilerThread0" daemon [_thread_in_native, id=16284, stack(0x0000007536900000,0x0000007536a00000)]
  0x0000021f6ac280a0 JavaThread "C1 CompilerThread0" daemon [_thread_in_native, id=15964, stack(0x0000007536a00000,0x0000007536b00000)]
  0x0000021f6ac2ba80 JavaThread "Sweeper thread" daemon [_thread_blocked, id=4244, stack(0x0000007536b00000,0x0000007536c00000)]
  0x0000021f6ac2ca70 JavaThread "Common-Cleaner" daemon [_thread_blocked, id=16844, stack(0x0000007536c00000,0x0000007536d00000)]
  0x0000021f6ac2c520 JavaThread "Monitor Ctrl-Break" daemon [_thread_in_native, id=7844, stack(0x0000007536d00000,0x0000007536e00000)]
  0x0000021f6ac2bfd0 JavaThread "Notification Thread" daemon [_thread_blocked, id=4648, stack(0x0000007536e00000,0x0000007536f00000)]
  0x0000021f6ac2dfb0 JavaThread "Catalina-utility-1" [_thread_blocked, id=11752, stack(0x0000007537b00000,0x0000007537c00000)]
  0x0000021f6ac2ea50 JavaThread "Catalina-utility-2" [_thread_blocked, id=9540, stack(0x0000007537c00000,0x0000007537d00000)]
  0x0000021f6ac2efa0 JavaThread "container-0" [_thread_blocked, id=17548, stack(0x0000007537d00000,0x0000007537e00000)]
  0x0000021f6d82b540 JavaThread "BufferPoolPruner-1-thread-1" daemon [_thread_blocked, id=8088, stack(0x0000007537e00000,0x0000007537f00000)]
  0x0000021f6d828ac0 JavaThread "cluster-ClusterId{value='68bb512f1e4e8b2dd30f11da', description='null'}-localhost:27017" daemon [_thread_in_native, id=10724, stack(0x0000007537f00000,0x0000007538000000)]
  0x0000021f6d829010 JavaThread "cluster-rtt-ClusterId{value='68bb512f1e4e8b2dd30f11da', description='null'}-localhost:27017" daemon [_thread_blocked, id=16988, stack(0x0000007538100000,0x0000007538200000)]
  0x0000021f6d8255a0 JavaThread "MaintenanceTimer-2-thread-1" daemon [_thread_blocked, id=15144, stack(0x0000007538200000,0x0000007538300000)]
  0x0000021f6d82ba90 JavaThread "Live Reload Server" daemon [_thread_in_native, id=17776, stack(0x0000007538400000,0x0000007538500000)]
  0x0000021f6d825af0 JavaThread "File Watcher" daemon [_thread_blocked, id=15000, stack(0x0000007538300000,0x0000007538400000)]
  0x0000021f6d827030 JavaThread "http-nio-8080-exec-1" daemon [_thread_in_vm, id=13044, stack(0x0000007538500000,0x0000007538600000)]
  0x0000021f6d82aaa0 JavaThread "http-nio-8080-exec-2" daemon [_thread_blocked, id=13968, stack(0x0000007538600000,0x0000007538700000)]
  0x0000021f6d827ad0 JavaThread "http-nio-8080-exec-3" daemon [_thread_blocked, id=9020, stack(0x0000007538700000,0x0000007538800000)]
  0x0000021f6d82aff0 JavaThread "http-nio-8080-exec-4" daemon [_thread_blocked, id=17200, stack(0x0000007538800000,0x0000007538900000)]
  0x0000021f6d824060 JavaThread "http-nio-8080-exec-5" daemon [_thread_blocked, id=14992, stack(0x0000007538900000,0x0000007538a00000)]
  0x0000021f6d829560 JavaThread "http-nio-8080-exec-6" daemon [_thread_blocked, id=3332, stack(0x0000007538a00000,0x0000007538b00000)]
  0x0000021f6d826ae0 JavaThread "http-nio-8080-exec-7" daemon [_thread_blocked, id=18016, stack(0x0000007538b00000,0x0000007538c00000)]
  0x0000021f6d826040 JavaThread "http-nio-8080-exec-8" daemon [_thread_blocked, id=2428, stack(0x0000007538c00000,0x0000007538d00000)]
  0x0000021f6d829ab0 JavaThread "http-nio-8080-exec-9" daemon [_thread_blocked, id=19316, stack(0x0000007538d00000,0x0000007538e00000)]
  0x0000021f6d8245b0 JavaThread "http-nio-8080-exec-10" daemon [_thread_blocked, id=17552, stack(0x0000007538e00000,0x0000007538f00000)]
  0x0000021f6d828020 JavaThread "http-nio-8080-Poller" daemon [_thread_in_native, id=11572, stack(0x0000007538f00000,0x0000007539000000)]
  0x0000021f6d824b00 JavaThread "http-nio-8080-Acceptor" daemon [_thread_in_native, id=1156, stack(0x0000007539000000,0x0000007539100000)]
  0x0000021f6d825050 JavaThread "DestroyJavaVM" [_thread_blocked, id=14508, stack(0x0000007535c00000,0x0000007535d00000)]
  0x0000021f6b975100 JavaThread "C2 CompilerThread1" daemon [_thread_in_native, id=15744, stack(0x0000007537000000,0x0000007537100000)]

Other Threads:
  0x0000021f665dcaf0 VMThread "VM Thread" [stack: 0x0000007536200000,0x0000007536300000] [id=12980]
  0x0000021f6afccc70 WatcherThread "VM Periodic Task Thread" [stack: 0x0000007536f00000,0x0000007537000000] [id=6972]
  0x0000021f4818ae60 WorkerThread "GC Thread#0" [stack: 0x0000007535d00000,0x0000007535e00000] [id=5088]
  0x0000021f6b7d1440 WorkerThread "GC Thread#1" [stack: 0x0000007537300000,0x0000007537400000] [id=18864]
  0x0000021f6b7d1710 WorkerThread "GC Thread#2" [stack: 0x0000007537400000,0x0000007537500000] [id=15720]
  0x0000021f6b7d1e60 WorkerThread "GC Thread#3" [stack: 0x0000007537500000,0x0000007537600000] [id=6064]
  0x0000021f6b81e980 WorkerThread "GC Thread#4" [stack: 0x0000007537600000,0x0000007537700000] [id=10700]
  0x0000021f6b81ef20 WorkerThread "GC Thread#5" [stack: 0x0000007537700000,0x0000007537800000] [id=11156]
  0x0000021f6b81f4c0 WorkerThread "GC Thread#6" [stack: 0x0000007537800000,0x0000007537900000] [id=6124]
  0x0000021f6b81fa60 WorkerThread "GC Thread#7" [stack: 0x0000007537a00000,0x0000007537b00000] [id=5404]
  0x0000021f4819c800 ConcurrentGCThread "G1 Main Marker" [stack: 0x0000007535e00000,0x0000007535f00000] [id=10452]
  0x0000021f4819da70 WorkerThread "G1 Conc#0" [stack: 0x0000007535f00000,0x0000007536000000] [id=8756]
  0x0000021f6b81e3e0 WorkerThread "G1 Conc#1" [stack: 0x0000007537900000,0x0000007537a00000] [id=5380]
  0x0000021f481dea10 ConcurrentGCThread "G1 Refine#0" [stack: 0x0000007536000000,0x0000007536100000] [id=10184]
  0x0000021f66493640 ConcurrentGCThread "G1 Service" [stack: 0x0000007536100000,0x0000007536200000] [id=11680]

Threads with active compile tasks:
C2 CompilerThread0    13351 5058       4       jdk.internal.loader.BuiltinClassLoader::defineClass (121 bytes)
C1 CompilerThread0    13352 5106   !   3       java.io.StringReader::read (52 bytes)
C2 CompilerThread1    13352 5095 %     4       java.util.Properties$LineReader::readLine @ 293 (584 bytes)

VM state: not at safepoint (normal execution)

VM Mutex/Monitor currently owned by a thread:  ([mutex/lock_event])
[0x0000021f48125c90] Metaspace_lock - owner thread: 0x0000021f6d827030

Heap address: 0x0000000084200000, size: 1982 MB, Compressed Oops mode: 32-bit

CDS archive(s) mapped at: [0x0000000800000000-0x0000000800c40000-0x0000000800c40000), size 12845056, SharedBaseAddress: 0x0000000800000000, ArchiveRelocationMode: 0.
Compressed class space mapped at: 0x0000000801000000-0x0000000841000000, reserved size: 1073741824
Narrow klass base: 0x0000000800000000, Narrow klass shift: 0, Narrow klass range: 0x100000000

GC Precious Log:
 CardTable entry size: 512
 Card Set container configuration: InlinePtr #cards 5 size 8 Array Of Cards #cards 12 size 40 Howl #buckets 4 coarsen threshold 1843 Howl Bitmap #cards 512 size 80 coarsen threshold 460 Card regions per heap region 1 cards per card region 2048
 CPUs: 8 total, 8 available
 Memory: 7926M
 Large Page Support: Disabled
 NUMA Support: Disabled
 Compressed Oops: Enabled (32-bit)
 Heap Region Size: 1M
 Heap Min Capacity: 8M
 Heap Initial Capacity: 124M
 Heap Max Capacity: 1982M
 Pre-touch: Disabled
 Parallel Workers: 8
 Concurrent Workers: 2
 Concurrent Refinement Workers: 8
 Periodic GC: Disabled

Heap:
 garbage-first heap   total 102400K, used 24054K [0x0000000084200000, 0x0000000100000000)
  region size 1024K, 5 young (5120K), 2 survivors (2048K)
 Metaspace       used 42148K, committed 42688K, reserved 1114112K
  class space    used 5421K, committed 5696K, reserved 1048576K

Heap Regions: E=young(eden), S=young(survivor), O=old, HS=humongous(starts), HC=humongous(continues), CS=collection set, F=free, OA=open archive, CA=closed archive, TAMS=top-at-mark-start (previous, next)
|   0|0x0000000084200000, 0x0000000084300000, 0x0000000084300000|100%| O|  |TAMS 0x0000000084300000, 0x0000000084200000| Untracked 
|   1|0x0000000084300000, 0x0000000084400000, 0x0000000084400000|100%| O|  |TAMS 0x0000000084400000, 0x0000000084300000| Untracked 
|   2|0x0000000084400000, 0x0000000084500000, 0x0000000084500000|100%| O|  |TAMS 0x0000000084500000, 0x0000000084400000| Untracked 
|   3|0x0000000084500000, 0x0000000084600000, 0x0000000084600000|100%| O|  |TAMS 0x0000000084600000, 0x0000000084500000| Untracked 
|   4|0x0000000084600000, 0x0000000084700000, 0x0000000084700000|100%| O|  |TAMS 0x0000000084700000, 0x0000000084600000| Untracked 
|   5|0x0000000084700000, 0x0000000084800000, 0x0000000084800000|100%| O|  |TAMS 0x0000000084800000, 0x0000000084700000| Untracked 
|   6|0x0000000084800000, 0x0000000084900000, 0x0000000084900000|100%| O|  |TAMS 0x0000000084900000, 0x0000000084800000| Untracked 
|   7|0x0000000084900000, 0x0000000084a00000, 0x0000000084a00000|100%| O|  |TAMS 0x0000000084a00000, 0x0000000084900000| Untracked 
|   8|0x0000000084a00000, 0x0000000084b00000, 0x0000000084b00000|100%| O|  |TAMS 0x0000000084b00000, 0x0000000084a00000| Untracked 
|   9|0x0000000084b00000, 0x0000000084c00000, 0x0000000084c00000|100%| O|  |TAMS 0x0000000084c00000, 0x0000000084b00000| Untracked 
|  10|0x0000000084c00000, 0x0000000084d00000, 0x0000000084d00000|100%| O|  |TAMS 0x0000000084d00000, 0x0000000084c00000| Untracked 
|  11|0x0000000084d00000, 0x0000000084e00000, 0x0000000084e00000|100%| O|  |TAMS 0x0000000084e00000, 0x0000000084d00000| Untracked 
|  12|0x0000000084e00000, 0x0000000084f00000, 0x0000000084f00000|100%| O|  |TAMS 0x0000000084f00000, 0x0000000084e00000| Untracked 
|  13|0x0000000084f00000, 0x0000000085000000, 0x0000000085000000|100%| O|  |TAMS 0x0000000085000000, 0x0000000084f00000| Untracked 
|  14|0x0000000085000000, 0x0000000085100000, 0x0000000085100000|100%| O|  |TAMS 0x0000000085100000, 0x0000000085000000| Untracked 
|  15|0x0000000085100000, 0x0000000085100000, 0x0000000085200000|  0%| F|  |TAMS 0x0000000085100000, 0x0000000085100000| Untracked 
|  16|0x0000000085200000, 0x0000000085300000, 0x0000000085300000|100%| O|  |TAMS 0x00000000852d4400, 0x0000000085200000| Untracked 
|  17|0x0000000085300000, 0x0000000085400000, 0x0000000085400000|100%| O|  |TAMS 0x0000000085300000, 0x0000000085300000| Untracked 
|  18|0x0000000085400000, 0x0000000085500000, 0x0000000085500000|100%| O|  |TAMS 0x0000000085400000, 0x0000000085400000| Untracked 
|  19|0x0000000085500000, 0x0000000085600000, 0x0000000085600000|100%| O|  |TAMS 0x0000000085500000, 0x0000000085500000| Untracked 
|  20|0x0000000085600000, 0x0000000085700000, 0x0000000085700000|100%| O|  |TAMS 0x0000000085600000, 0x0000000085600000| Untracked 
|  21|0x0000000085700000, 0x00000000857cac00, 0x0000000085800000| 79%| O|  |TAMS 0x0000000085700000, 0x0000000085700000| Untracked 
|  22|0x0000000085800000, 0x0000000085800000, 0x0000000085900000|  0%| F|  |TAMS 0x0000000085800000, 0x0000000085800000| Untracked 
|  23|0x0000000085900000, 0x0000000085900000, 0x0000000085a00000|  0%| F|  |TAMS 0x0000000085900000, 0x0000000085900000| Untracked 
|  24|0x0000000085a00000, 0x0000000085a00000, 0x0000000085b00000|  0%| F|  |TAMS 0x0000000085a00000, 0x0000000085a00000| Untracked 
|  25|0x0000000085b00000, 0x0000000085b00000, 0x0000000085c00000|  0%| F|  |TAMS 0x0000000085b00000, 0x0000000085b00000| Untracked 
|  26|0x0000000085c00000, 0x0000000085c00000, 0x0000000085d00000|  0%| F|  |TAMS 0x0000000085c00000, 0x0000000085c00000| Untracked 
|  27|0x0000000085d00000, 0x0000000085d00000, 0x0000000085e00000|  0%| F|  |TAMS 0x0000000085d00000, 0x0000000085d00000| Untracked 
|  28|0x0000000085e00000, 0x0000000085e00000, 0x0000000085f00000|  0%| F|  |TAMS 0x0000000085e00000, 0x0000000085e00000| Untracked 
|  29|0x0000000085f00000, 0x0000000085f00000, 0x0000000086000000|  0%| F|  |TAMS 0x0000000085f00000, 0x0000000085f00000| Untracked 
|  30|0x0000000086000000, 0x00000000860b2fd0, 0x0000000086100000| 69%| S|CS|TAMS 0x0000000086000000, 0x0000000086000000| Complete 
|  31|0x0000000086100000, 0x0000000086200000, 0x0000000086200000|100%| S|CS|TAMS 0x0000000086100000, 0x0000000086100000| Complete 
|  32|0x0000000086200000, 0x0000000086200000, 0x0000000086300000|  0%| F|  |TAMS 0x0000000086200000, 0x0000000086200000| Untracked 
|  33|0x0000000086300000, 0x0000000086300000, 0x0000000086400000|  0%| F|  |TAMS 0x0000000086300000, 0x0000000086300000| Untracked 
|  34|0x0000000086400000, 0x0000000086400000, 0x0000000086500000|  0%| F|  |TAMS 0x0000000086400000, 0x0000000086400000| Untracked 
|  35|0x0000000086500000, 0x0000000086500000, 0x0000000086600000|  0%| F|  |TAMS 0x0000000086500000, 0x0000000086500000| Untracked 
|  36|0x0000000086600000, 0x0000000086600000, 0x0000000086700000|  0%| F|  |TAMS 0x0000000086600000, 0x0000000086600000| Untracked 
|  37|0x0000000086700000, 0x0000000086700000, 0x0000000086800000|  0%| F|  |TAMS 0x0000000086700000, 0x0000000086700000| Untracked 
|  38|0x0000000086800000, 0x0000000086800000, 0x0000000086900000|  0%| F|  |TAMS 0x0000000086800000, 0x0000000086800000| Untracked 
|  39|0x0000000086900000, 0x0000000086900000, 0x0000000086a00000|  0%| F|  |TAMS 0x0000000086900000, 0x0000000086900000| Untracked 
|  40|0x0000000086a00000, 0x0000000086a00000, 0x0000000086b00000|  0%| F|  |TAMS 0x0000000086a00000, 0x0000000086a00000| Untracked 
|  41|0x0000000086b00000, 0x0000000086b00000, 0x0000000086c00000|  0%| F|  |TAMS 0x0000000086b00000, 0x0000000086b00000| Untracked 
|  42|0x0000000086c00000, 0x0000000086c00000, 0x0000000086d00000|  0%| F|  |TAMS 0x0000000086c00000, 0x0000000086c00000| Untracked 
|  43|0x0000000086d00000, 0x0000000086d00000, 0x0000000086e00000|  0%| F|  |TAMS 0x0000000086d00000, 0x0000000086d00000| Untracked 
|  44|0x0000000086e00000, 0x0000000086e00000, 0x0000000086f00000|  0%| F|  |TAMS 0x0000000086e00000, 0x0000000086e00000| Untracked 
|  45|0x0000000086f00000, 0x0000000086f00000, 0x0000000087000000|  0%| F|  |TAMS 0x0000000086f00000, 0x0000000086f00000| Untracked 
|  46|0x0000000087000000, 0x0000000087000000, 0x0000000087100000|  0%| F|  |TAMS 0x0000000087000000, 0x0000000087000000| Untracked 
|  47|0x0000000087100000, 0x0000000087100000, 0x0000000087200000|  0%| F|  |TAMS 0x0000000087100000, 0x0000000087100000| Untracked 
|  48|0x0000000087200000, 0x0000000087200000, 0x0000000087300000|  0%| F|  |TAMS 0x0000000087200000, 0x0000000087200000| Untracked 
|  49|0x0000000087300000, 0x0000000087300000, 0x0000000087400000|  0%| F|  |TAMS 0x0000000087300000, 0x0000000087300000| Untracked 
|  50|0x0000000087400000, 0x0000000087400000, 0x0000000087500000|  0%| F|  |TAMS 0x0000000087400000, 0x0000000087400000| Untracked 
|  51|0x0000000087500000, 0x0000000087500000, 0x0000000087600000|  0%| F|  |TAMS 0x0000000087500000, 0x0000000087500000| Untracked 
|  52|0x0000000087600000, 0x0000000087600000, 0x0000000087700000|  0%| F|  |TAMS 0x0000000087600000, 0x0000000087600000| Untracked 
|  53|0x0000000087700000, 0x0000000087700000, 0x0000000087800000|  0%| F|  |TAMS 0x0000000087700000, 0x0000000087700000| Untracked 
|  54|0x0000000087800000, 0x0000000087800000, 0x0000000087900000|  0%| F|  |TAMS 0x0000000087800000, 0x0000000087800000| Untracked 
|  55|0x0000000087900000, 0x0000000087900000, 0x0000000087a00000|  0%| F|  |TAMS 0x0000000087900000, 0x0000000087900000| Untracked 
|  56|0x0000000087a00000, 0x0000000087a00000, 0x0000000087b00000|  0%| F|  |TAMS 0x0000000087a00000, 0x0000000087a00000| Untracked 
|  57|0x0000000087b00000, 0x0000000087b00000, 0x0000000087c00000|  0%| F|  |TAMS 0x0000000087b00000, 0x0000000087b00000| Untracked 
|  58|0x0000000087c00000, 0x0000000087c00000, 0x0000000087d00000|  0%| F|  |TAMS 0x0000000087c00000, 0x0000000087c00000| Untracked 
|  59|0x0000000087d00000, 0x0000000087d00000, 0x0000000087e00000|  0%| F|  |TAMS 0x0000000087d00000, 0x0000000087d00000| Untracked 
|  60|0x0000000087e00000, 0x0000000087e00000, 0x0000000087f00000|  0%| F|  |TAMS 0x0000000087e00000, 0x0000000087e00000| Untracked 
|  61|0x0000000087f00000, 0x0000000087f00000, 0x0000000088000000|  0%| F|  |TAMS 0x0000000087f00000, 0x0000000087f00000| Untracked 
|  62|0x0000000088000000, 0x0000000088000000, 0x0000000088100000|  0%| F|  |TAMS 0x0000000088000000, 0x0000000088000000| Untracked 
|  63|0x0000000088100000, 0x0000000088100000, 0x0000000088200000|  0%| F|  |TAMS 0x0000000088100000, 0x0000000088100000| Untracked 
|  64|0x0000000088200000, 0x0000000088200000, 0x0000000088300000|  0%| F|  |TAMS 0x0000000088200000, 0x0000000088200000| Untracked 
|  65|0x0000000088300000, 0x0000000088300000, 0x0000000088400000|  0%| F|  |TAMS 0x0000000088300000, 0x0000000088300000| Untracked 
|  66|0x0000000088400000, 0x0000000088400000, 0x0000000088500000|  0%| F|  |TAMS 0x0000000088400000, 0x0000000088400000| Untracked 
|  67|0x0000000088500000, 0x0000000088500000, 0x0000000088600000|  0%| F|  |TAMS 0x0000000088500000, 0x0000000088500000| Untracked 
|  68|0x0000000088600000, 0x0000000088600000, 0x0000000088700000|  0%| F|  |TAMS 0x0000000088600000, 0x0000000088600000| Untracked 
|  69|0x0000000088700000, 0x0000000088700000, 0x0000000088800000|  0%| F|  |TAMS 0x0000000088700000, 0x0000000088700000| Untracked 
|  70|0x0000000088800000, 0x0000000088800000, 0x0000000088900000|  0%| F|  |TAMS 0x0000000088800000, 0x0000000088800000| Untracked 
|  71|0x0000000088900000, 0x0000000088900000, 0x0000000088a00000|  0%| F|  |TAMS 0x0000000088900000, 0x0000000088900000| Untracked 
|  72|0x0000000088a00000, 0x0000000088a00000, 0x0000000088b00000|  0%| F|  |TAMS 0x0000000088a00000, 0x0000000088a00000| Untracked 
|  73|0x0000000088b00000, 0x0000000088b00000, 0x0000000088c00000|  0%| F|  |TAMS 0x0000000088b00000, 0x0000000088b00000| Untracked 
|  74|0x0000000088c00000, 0x0000000088c00000, 0x0000000088d00000|  0%| F|  |TAMS 0x0000000088c00000, 0x0000000088c00000| Untracked 
|  75|0x0000000088d00000, 0x0000000088d00000, 0x0000000088e00000|  0%| F|  |TAMS 0x0000000088d00000, 0x0000000088d00000| Untracked 
|  76|0x0000000088e00000, 0x0000000088e00000, 0x0000000088f00000|  0%| F|  |TAMS 0x0000000088e00000, 0x0000000088e00000| Untracked 
|  77|0x0000000088f00000, 0x0000000088f00000, 0x0000000089000000|  0%| F|  |TAMS 0x0000000088f00000, 0x0000000088f00000| Untracked 
|  78|0x0000000089000000, 0x0000000089000000, 0x0000000089100000|  0%| F|  |TAMS 0x0000000089000000, 0x0000000089000000| Untracked 
|  79|0x0000000089100000, 0x0000000089100000, 0x0000000089200000|  0%| F|  |TAMS 0x0000000089100000, 0x0000000089100000| Untracked 
|  80|0x0000000089200000, 0x0000000089200000, 0x0000000089300000|  0%| F|  |TAMS 0x0000000089200000, 0x0000000089200000| Untracked 
|  81|0x0000000089300000, 0x0000000089300000, 0x0000000089400000|  0%| F|  |TAMS 0x0000000089300000, 0x0000000089300000| Untracked 
|  82|0x0000000089400000, 0x0000000089400000, 0x0000000089500000|  0%| F|  |TAMS 0x0000000089400000, 0x0000000089400000| Untracked 
|  83|0x0000000089500000, 0x0000000089500000, 0x0000000089600000|  0%| F|  |TAMS 0x0000000089500000, 0x0000000089500000| Untracked 
|  84|0x0000000089600000, 0x0000000089600000, 0x0000000089700000|  0%| F|  |TAMS 0x0000000089600000, 0x0000000089600000| Untracked 
|  85|0x0000000089700000, 0x0000000089700000, 0x0000000089800000|  0%| F|  |TAMS 0x0000000089700000, 0x0000000089700000| Untracked 
|  86|0x0000000089800000, 0x0000000089800000, 0x0000000089900000|  0%| F|  |TAMS 0x0000000089800000, 0x0000000089800000| Untracked 
|  87|0x0000000089900000, 0x0000000089900000, 0x0000000089a00000|  0%| F|  |TAMS 0x0000000089900000, 0x0000000089900000| Untracked 
|  88|0x0000000089a00000, 0x0000000089a00000, 0x0000000089b00000|  0%| F|  |TAMS 0x0000000089a00000, 0x0000000089a00000| Untracked 
|  89|0x0000000089b00000, 0x0000000089b00000, 0x0000000089c00000|  0%| F|  |TAMS 0x0000000089b00000, 0x0000000089b00000| Untracked 
|  90|0x0000000089c00000, 0x0000000089c00000, 0x0000000089d00000|  0%| F|  |TAMS 0x0000000089c00000, 0x0000000089c00000| Untracked 
|  91|0x0000000089d00000, 0x0000000089d00000, 0x0000000089e00000|  0%| F|  |TAMS 0x0000000089d00000, 0x0000000089d00000| Untracked 
|  92|0x0000000089e00000, 0x0000000089e00000, 0x0000000089f00000|  0%| F|  |TAMS 0x0000000089e00000, 0x0000000089e00000| Untracked 
|  93|0x0000000089f00000, 0x0000000089f00000, 0x000000008a000000|  0%| F|  |TAMS 0x0000000089f00000, 0x0000000089f00000| Untracked 
|  94|0x000000008a000000, 0x000000008a000000, 0x000000008a100000|  0%| F|  |TAMS 0x000000008a000000, 0x000000008a000000| Untracked 
|  95|0x000000008a100000, 0x000000008a100000, 0x000000008a200000|  0%| F|  |TAMS 0x000000008a100000, 0x000000008a100000| Untracked 
|  96|0x000000008a200000, 0x000000008a200000, 0x000000008a300000|  0%| F|  |TAMS 0x000000008a200000, 0x000000008a200000| Untracked 
|  97|0x000000008a300000, 0x000000008a3fc6c0, 0x000000008a400000| 98%| E|  |TAMS 0x000000008a300000, 0x000000008a300000| Complete 
|  98|0x000000008a400000, 0x000000008a500000, 0x000000008a500000|100%| E|CS|TAMS 0x000000008a400000, 0x000000008a400000| Complete 
| 123|0x000000008bd00000, 0x000000008be00000, 0x000000008be00000|100%| E|  |TAMS 0x000000008bd00000, 0x000000008bd00000| Complete 

Card table byte_map: [0x0000021f5fa10000,0x0000021f5fdf0000] _byte_map_base: 0x0000021f5f5ef000

Marking Bits (Prev, Next): (CMBitMap*) 0x0000021f4818c4a0, (CMBitMap*) 0x0000021f4818c4e0
 Prev Bits: [0x0000021f601d0000, 0x0000021f620c8000)
 Next Bits: [0x0000021f620d0000, 0x0000021f63fc8000)

Polling page: 0x0000021f460e0000

Metaspace:

Usage:
  Non-class:     35.87 MB used.
      Class:      5.29 MB used.
       Both:     41.16 MB used.

Virtual space:
  Non-class space:       64.00 MB reserved,      36.13 MB ( 56%) committed,  1 nodes.
      Class space:        1.00 GB reserved,       5.56 MB ( <1%) committed,  1 nodes.
             Both:        1.06 GB reserved,      41.69 MB (  4%) committed. 

Chunk freelists:
   Non-Class:  3.05 MB
       Class:  2.47 MB
        Both:  5.52 MB

MaxMetaspaceSize: unlimited
CompressedClassSpaceSize: 1.00 GB
Initial GC threshold: 21.00 MB
Current GC threshold: 58.75 MB
CDS: on
MetaspaceReclaimPolicy: balanced
 - commit_granule_bytes: 65536.
 - commit_granule_words: 8192.
 - virtual_space_node_default_size: 8388608.
 - enlarge_chunks_in_place: 1.
 - new_chunks_are_fully_committed: 0.
 - uncommit_free_chunks: 1.
 - use_allocation_guard: 0.


Internal statistics:

num_allocs_failed_limit: 6.
num_arena_births: 804.
num_arena_deaths: 0.
num_vsnodes_births: 2.
num_vsnodes_deaths: 0.
num_space_committed: 667.
num_space_uncommitted: 0.
num_chunks_returned_to_freelist: 6.
num_chunks_taken_from_freelist: 2310.
num_chunk_merges: 6.
num_chunk_splits: 1620.
num_chunks_enlarged: 1269.
num_inconsistent_stats: 0.

CodeHeap 'non-profiled nmethods': size=120000Kb used=2299Kb max_used=2837Kb free=117701Kb
 bounds [0x0000021f57dd0000, 0x0000021f580a0000, 0x0000021f5f300000]
CodeHeap 'profiled nmethods': size=120000Kb used=8563Kb max_used=10768Kb free=111436Kb
 bounds [0x0000021f50300000, 0x0000021f50d90000, 0x0000021f57830000]
CodeHeap 'non-nmethods': size=5760Kb used=1358Kb max_used=1432Kb free=4401Kb
 bounds [0x0000021f57830000, 0x0000021f57aa0000, 0x0000021f57dd0000]
 total_blobs=4894 nmethods=4319 adapters=485
 compilation: enabled
              stopped_count=0, restarted_count=0
 full_count=0

Compilation events (20 events):
Event: 13.228 Thread 0x0000021f6ac280a0 nmethod 5092 0x0000021f5035c110 code [0x0000021f5035c2a0, 0x0000021f5035c3b8]
Event: 13.252 Thread 0x0000021f6ac280a0 5093       3       org.apache.tomcat.util.buf.ByteChunk::equalsIgnoreCase (76 bytes)
Event: 13.253 Thread 0x0000021f6ac280a0 nmethod 5093 0x0000021f50375b90 code [0x0000021f50375de0, 0x0000021f503767b8]
Event: 13.253 Thread 0x0000021f6ac280a0 5094       3       org.apache.tomcat.util.buf.MessageBytes::equalsIgnoreCase (78 bytes)
Event: 13.254 Thread 0x0000021f6ac280a0 nmethod 5094 0x0000021f50924d90 code [0x0000021f50924f80, 0x0000021f50925308]
Event: 13.263 Thread 0x0000021f6ac280a0 5096       3       java.util.ResourceBundle$KeyElementReference::<init> (12 bytes)
Event: 13.263 Thread 0x0000021f6ac280a0 nmethod 5096 0x0000021f503b1990 code [0x0000021f503b1b60, 0x0000021f503b1ef8]
Event: 13.275 Thread 0x0000021f6b975100 5095 %     4       java.util.Properties$LineReader::readLine @ 293 (584 bytes)
Event: 13.280 Thread 0x0000021f6ac280a0 5097       3       java.lang.invoke.LambdaFormEditor::filterArgumentsForm (74 bytes)
Event: 13.281 Thread 0x0000021f6ac280a0 nmethod 5097 0x0000021f504ddd90 code [0x0000021f504ddf60, 0x0000021f504de1f8]
Event: 13.281 Thread 0x0000021f6ac280a0 5098       3       java.util.Formatter::ensureOpen (16 bytes)
Event: 13.282 Thread 0x0000021f6ac280a0 nmethod 5098 0x0000021f503c3b10 code [0x0000021f503c3cc0, 0x0000021f503c3e88]
Event: 13.282 Thread 0x0000021f6ac280a0 5099       3       java.lang.invoke.MethodHandles::filterArgumentChecks (44 bytes)
Event: 13.282 Thread 0x0000021f6ac280a0 nmethod 5099 0x0000021f50585510 code [0x0000021f505856e0, 0x0000021f50585ae8]
Event: 13.285 Thread 0x0000021f6ac280a0 5102       1       java.time.format.DateTimeFormatter::getDecimalStyle (5 bytes)
Event: 13.285 Thread 0x0000021f6ac280a0 nmethod 5102 0x0000021f57df4d90 code [0x0000021f57df4f20, 0x0000021f57df4fd8]
Event: 13.285 Thread 0x0000021f6ac280a0 5103       1       java.time.format.DecimalStyle::getZeroDigit (5 bytes)
Event: 13.286 Thread 0x0000021f6ac280a0 nmethod 5103 0x0000021f57e31410 code [0x0000021f57e315a0, 0x0000021f57e31678]
Event: 13.288 Thread 0x0000021f6ac280a0 5104       3       java.util.logging.LogManager$LoggerContext::getGlobalLogger (6 bytes)
Event: 13.288 Thread 0x0000021f6ac280a0 nmethod 5104 0x0000021f50399e90 code [0x0000021f5039a020, 0x0000021f5039a138]

GC Heap History (20 events):
Event: 1.481 GC heap before
{Heap before GC invocations=1 (full 0):
 garbage-first heap   total 126976K, used 35460K [0x0000000084200000, 0x0000000100000000)
  region size 1024K, 32 young (32768K), 3 survivors (3072K)
 Metaspace       used 13161K, committed 13504K, reserved 1114112K
  class space    used 1550K, committed 1728K, reserved 1048576K
}
Event: 1.486 GC heap after
{Heap after GC invocations=2 (full 0):
 garbage-first heap   total 126976K, used 9576K [0x0000000084200000, 0x0000000100000000)
  region size 1024K, 3 young (3072K), 3 survivors (3072K)
 Metaspace       used 13161K, committed 13504K, reserved 1114112K
  class space    used 1550K, committed 1728K, reserved 1048576K
}
Event: 2.536 GC heap before
{Heap before GC invocations=2 (full 0):
 garbage-first heap   total 126976K, used 55656K [0x0000000084200000, 0x0000000100000000)
  region size 1024K, 50 young (51200K), 3 survivors (3072K)
 Metaspace       used 21142K, committed 21504K, reserved 1114112K
  class space    used 2554K, committed 2752K, reserved 1048576K
}
Event: 2.544 GC heap after
{Heap after GC invocations=3 (full 0):
 garbage-first heap   total 126976K, used 13315K [0x0000000084200000, 0x0000000100000000)
  region size 1024K, 7 young (7168K), 7 survivors (7168K)
 Metaspace       used 21142K, committed 21504K, reserved 1114112K
  class space    used 2554K, committed 2752K, reserved 1048576K
}
Event: 3.191 GC heap before
{Heap before GC invocations=4 (full 0):
 garbage-first heap   total 51200K, used 36867K [0x0000000084200000, 0x0000000100000000)
  region size 1024K, 30 young (30720K), 7 survivors (7168K)
 Metaspace       used 25402K, committed 25792K, reserved 1114112K
  class space    used 3119K, committed 3264K, reserved 1048576K
}
Event: 3.199 GC heap after
{Heap after GC invocations=5 (full 0):
 garbage-first heap   total 51200K, used 15442K [0x0000000084200000, 0x0000000100000000)
  region size 1024K, 3 young (3072K), 3 survivors (3072K)
 Metaspace       used 25402K, committed 25792K, reserved 1114112K
  class space    used 3119K, committed 3264K, reserved 1048576K
}
Event: 3.218 GC heap before
{Heap before GC invocations=5 (full 0):
 garbage-first heap   total 51200K, used 16466K [0x0000000084200000, 0x0000000100000000)
  region size 1024K, 4 young (4096K), 3 survivors (3072K)
 Metaspace       used 25540K, committed 26048K, reserved 1114112K
  class space    used 3150K, committed 3392K, reserved 1048576K
}
Event: 3.222 GC heap after
{Heap after GC invocations=6 (full 0):
 garbage-first heap   total 51200K, used 15841K [0x0000000084200000, 0x0000000100000000)
  region size 1024K, 1 young (1024K), 1 survivors (1024K)
 Metaspace       used 25540K, committed 26048K, reserved 1114112K
  class space    used 3150K, committed 3392K, reserved 1048576K
}
Event: 3.797 GC heap before
{Heap before GC invocations=6 (full 0):
 garbage-first heap   total 51200K, used 34273K [0x0000000084200000, 0x0000000100000000)
  region size 1024K, 20 young (20480K), 1 survivors (1024K)
 Metaspace       used 29754K, committed 30208K, reserved 1114112K
  class space    used 3678K, committed 3904K, reserved 1048576K
}
Event: 3.801 GC heap after
{Heap after GC invocations=7 (full 0):
 garbage-first heap   total 51200K, used 17305K [0x0000000084200000, 0x0000000100000000)
  region size 1024K, 2 young (2048K), 2 survivors (2048K)
 Metaspace       used 29754K, committed 30208K, reserved 1114112K
  class space    used 3678K, committed 3904K, reserved 1048576K
}
Event: 4.214 GC heap before
{Heap before GC invocations=7 (full 0):
 garbage-first heap   total 51200K, used 35737K [0x0000000084200000, 0x0000000100000000)
  region size 1024K, 21 young (21504K), 2 survivors (2048K)
 Metaspace       used 34304K, committed 34816K, reserved 1114112K
  class space    used 4328K, committed 4608K, reserved 1048576K
}
Event: 4.218 GC heap after
{Heap after GC invocations=8 (full 0):
 garbage-first heap   total 51200K, used 19113K [0x0000000084200000, 0x0000000100000000)
  region size 1024K, 2 young (2048K), 2 survivors (2048K)
 Metaspace       used 34304K, committed 34816K, reserved 1114112K
  class space    used 4328K, committed 4608K, reserved 1048576K
}
Event: 4.329 GC heap before
{Heap before GC invocations=8 (full 0):
 garbage-first heap   total 51200K, used 24233K [0x0000000084200000, 0x0000000100000000)
  region size 1024K, 8 young (8192K), 2 survivors (2048K)
 Metaspace       used 35521K, committed 35968K, reserved 1114112K
  class space    used 4515K, committed 4736K, reserved 1048576K
}
Event: 4.332 GC heap after
{Heap after GC invocations=9 (full 0):
 garbage-first heap   total 51200K, used 19873K [0x0000000084200000, 0x0000000100000000)
  region size 1024K, 1 young (1024K), 1 survivors (1024K)
 Metaspace       used 35521K, committed 35968K, reserved 1114112K
  class space    used 4515K, committed 4736K, reserved 1048576K
}
Event: 4.801 GC heap before
{Heap before GC invocations=10 (full 0):
 garbage-first heap   total 51200K, used 38305K [0x0000000084200000, 0x0000000100000000)
  region size 1024K, 19 young (19456K), 1 survivors (1024K)
 Metaspace       used 38110K, committed 38656K, reserved 1114112K
  class space    used 4868K, committed 5120K, reserved 1048576K
}
Event: 4.804 GC heap after
{Heap after GC invocations=11 (full 0):
 garbage-first heap   total 51200K, used 21873K [0x0000000084200000, 0x0000000100000000)
  region size 1024K, 3 young (3072K), 3 survivors (3072K)
 Metaspace       used 38110K, committed 38656K, reserved 1114112K
  class space    used 4868K, committed 5120K, reserved 1048576K
}
Event: 4.825 GC heap before
{Heap before GC invocations=11 (full 0):
 garbage-first heap   total 51200K, used 22897K [0x0000000084200000, 0x0000000100000000)
  region size 1024K, 4 young (4096K), 3 survivors (3072K)
 Metaspace       used 38281K, committed 38848K, reserved 1114112K
  class space    used 4888K, committed 5120K, reserved 1048576K
}
Event: 4.830 GC heap after
{Heap after GC invocations=12 (full 0):
 garbage-first heap   total 51200K, used 21572K [0x0000000084200000, 0x0000000100000000)
  region size 1024K, 1 young (1024K), 1 survivors (1024K)
 Metaspace       used 38281K, committed 38848K, reserved 1114112K
  class space    used 4888K, committed 5120K, reserved 1048576K
}
Event: 13.216 GC heap before
{Heap before GC invocations=12 (full 0):
 garbage-first heap   total 51200K, used 37956K [0x0000000084200000, 0x0000000100000000)
  region size 1024K, 18 young (18432K), 1 survivors (1024K)
 Metaspace       used 41394K, committed 41984K, reserved 1114112K
  class space    used 5318K, committed 5568K, reserved 1048576K
}
Event: 13.219 GC heap after
{Heap after GC invocations=13 (full 0):
 garbage-first heap   total 102400K, used 23030K [0x0000000084200000, 0x0000000100000000)
  region size 1024K, 2 young (2048K), 2 survivors (2048K)
 Metaspace       used 41394K, committed 41984K, reserved 1114112K
  class space    used 5318K, committed 5568K, reserved 1048576K
}

Dll operation events (13 events):
Event: 0.017 Loaded shared library C:\Users\Ritej\.jdks\corretto-19.0.2\bin\java.dll
Event: 0.033 Loaded shared library C:\Users\Ritej\.jdks\corretto-19.0.2\bin\jsvml.dll
Event: 0.178 Loaded shared library C:\Users\Ritej\.jdks\corretto-19.0.2\bin\zip.dll
Event: 0.183 Loaded shared library C:\Users\Ritej\.jdks\corretto-19.0.2\bin\instrument.dll
Event: 0.194 Loaded shared library C:\Users\Ritej\.jdks\corretto-19.0.2\bin\net.dll
Event: 0.198 Loaded shared library C:\Users\Ritej\.jdks\corretto-19.0.2\bin\nio.dll
Event: 0.207 Loaded shared library C:\Users\Ritej\.jdks\corretto-19.0.2\bin\zip.dll
Event: 0.389 Loaded shared library C:\Program Files\JetBrains\IntelliJ IDEA Community Edition 2024.1.4\bin\breakgen64.dll
Event: 0.404 Loaded shared library C:\Users\Ritej\.jdks\corretto-19.0.2\bin\extnet.dll
Event: 0.455 Loaded shared library C:\Users\Ritej\.jdks\corretto-19.0.2\bin\jimage.dll
Event: 0.745 Loaded shared library C:\Users\Ritej\.jdks\corretto-19.0.2\bin\management.dll
Event: 0.750 Loaded shared library C:\Users\Ritej\.jdks\corretto-19.0.2\bin\management_ext.dll
Event: 1.746 Loaded shared library C:\Users\Ritej\.jdks\corretto-19.0.2\bin\sunmscapi.dll

Deoptimization events (20 events):
Event: 5.306 Thread 0x0000021f6ac2cfc0 DEOPT PACKING pc=0x0000021f58048034 sp=0x00000075372fe560
Event: 5.306 Thread 0x0000021f6ac2cfc0 DEOPT UNPACKING pc=0x0000021f5789a5a3 sp=0x00000075372fe578 mode 2
Event: 5.306 Thread 0x0000021f6ac2cfc0 Uncommon trap: trap_request=0xffffffde fr.pc=0x0000021f58048034 relative=0x00000000000040b4
Event: 5.306 Thread 0x0000021f6ac2cfc0 Uncommon trap: reason=class_check action=maybe_recompile pc=0x0000021f58048034 method=org.springframework.core.ResolvableType.resolveType()Lorg/springframework/core/ResolvableType; @ 44 c2
Event: 5.306 Thread 0x0000021f6ac2cfc0 DEOPT PACKING pc=0x0000021f58048034 sp=0x00000075372fe560
Event: 5.306 Thread 0x0000021f6ac2cfc0 DEOPT UNPACKING pc=0x0000021f5789a5a3 sp=0x00000075372fe578 mode 2
Event: 5.306 Thread 0x0000021f6ac2cfc0 Uncommon trap: trap_request=0xffffffde fr.pc=0x0000021f58048034 relative=0x00000000000040b4
Event: 5.306 Thread 0x0000021f6ac2cfc0 Uncommon trap: reason=class_check action=maybe_recompile pc=0x0000021f58048034 method=org.springframework.core.ResolvableType.resolveType()Lorg/springframework/core/ResolvableType; @ 44 c2
Event: 5.306 Thread 0x0000021f6ac2cfc0 DEOPT PACKING pc=0x0000021f58048034 sp=0x00000075372fe4a0
Event: 5.306 Thread 0x0000021f6ac2cfc0 DEOPT UNPACKING pc=0x0000021f5789a5a3 sp=0x00000075372fe4b8 mode 2
Event: 12.497 Thread 0x0000021f6d825af0 DEOPT PACKING pc=0x0000021f50b3a9c5 sp=0x00000075383fef60
Event: 12.497 Thread 0x0000021f6d825af0 DEOPT UNPACKING pc=0x0000021f5789b0e3 sp=0x00000075383fe428 mode 0
Event: 13.169 Thread 0x0000021f6d827ad0 Uncommon trap: trap_request=0xffffff45 fr.pc=0x0000021f57e8cce4 relative=0x0000000000000ca4
Event: 13.169 Thread 0x0000021f6d827030 Uncommon trap: trap_request=0xffffff45 fr.pc=0x0000021f57e8cce4 relative=0x0000000000000ca4
Event: 13.169 Thread 0x0000021f6d827ad0 Uncommon trap: reason=unstable_if action=reinterpret pc=0x0000021f57e8cce4 method=java.util.concurrent.ConcurrentHashMap.putVal(Ljava/lang/Object;Ljava/lang/Object;Z)Ljava/lang/Object; @ 97 c2
Event: 13.169 Thread 0x0000021f6d827ad0 DEOPT PACKING pc=0x0000021f57e8cce4 sp=0x00000075387fd3f0
Event: 13.169 Thread 0x0000021f6d827ad0 DEOPT UNPACKING pc=0x0000021f5789a5a3 sp=0x00000075387fd378 mode 2
Event: 13.169 Thread 0x0000021f6d827030 Uncommon trap: reason=unstable_if action=reinterpret pc=0x0000021f57e8cce4 method=java.util.concurrent.ConcurrentHashMap.putVal(Ljava/lang/Object;Ljava/lang/Object;Z)Ljava/lang/Object; @ 97 c2
Event: 13.169 Thread 0x0000021f6d827030 DEOPT PACKING pc=0x0000021f57e8cce4 sp=0x00000075385fd030
Event: 13.169 Thread 0x0000021f6d827030 DEOPT UNPACKING pc=0x0000021f5789a5a3 sp=0x00000075385fcfb8 mode 2

Classes loaded (20 events):
Event: 13.144 Loading class sun/nio/ch/SocketChannelImpl$DefaultOptionsHolder
Event: 13.144 Loading class sun/nio/ch/SocketChannelImpl$DefaultOptionsHolder done
Event: 13.145 Loading class sun/nio/ch/SelectionKeyImpl
Event: 13.146 Loading class java/nio/channels/spi/AbstractSelectionKey
Event: 13.146 Loading class java/nio/channels/SelectionKey
Event: 13.146 Loading class java/nio/channels/SelectionKey done
Event: 13.146 Loading class java/nio/channels/spi/AbstractSelectionKey done
Event: 13.146 Loading class sun/nio/ch/SelectionKeyImpl done
Event: 13.147 Loading class java/lang/invoke/ConstantBootstraps
Event: 13.147 Loading class java/lang/invoke/ConstantBootstraps done
Event: 13.227 Loading class sun/nio/cs/ThreadLocalCoders
Event: 13.227 Loading class sun/nio/cs/ThreadLocalCoders done
Event: 13.227 Loading class sun/nio/cs/ThreadLocalCoders$1
Event: 13.227 Loading class sun/nio/cs/ThreadLocalCoders$Cache
Event: 13.227 Loading class sun/nio/cs/ThreadLocalCoders$Cache done
Event: 13.227 Loading class sun/nio/cs/ThreadLocalCoders$1 done
Event: 13.227 Loading class sun/nio/cs/ThreadLocalCoders$2
Event: 13.227 Loading class sun/nio/cs/ThreadLocalCoders$2 done
Event: 13.252 Loading class java/util/concurrent/locks/ReentrantReadWriteLock$Sync$HoldCounter
Event: 13.253 Loading class java/util/concurrent/locks/ReentrantReadWriteLock$Sync$HoldCounter done

Classes unloaded (0 events):
No events

Classes redefined (0 events):
No events

Internal exceptions (20 events):
Event: 4.013 Thread 0x0000021f6ac2cfc0 Exception <a 'java/lang/IncompatibleClassChangeError'{0x000000008683d9c0}: Found class java.lang.Object, but interface was expected> (0x000000008683d9c0) 
thrown [s\src\hotspot\share\interpreter\linkResolver.cpp, line 841]
Event: 4.018 Thread 0x0000021f6ac2cfc0 Exception <a 'java/lang/NoSuchMethodError'{0x0000000086894288}: 'java.lang.Object java.lang.invoke.DirectMethodHandle$Holder.newInvokeSpecial(java.lang.Object, java.lang.Object, java.lang.Object, int, int)'> (0x0000000086894288) 
thrown [s\src\hotspot\share\interpreter\linkResolver.cpp, line 774]
Event: 4.034 Thread 0x0000021f6ac2cfc0 Exception <a 'sun/nio/fs/WindowsException'{0x0000000086775128}> (0x0000000086775128) 
thrown [s\src\hotspot\share\prims\jni.cpp, line 517]
Event: 4.039 Thread 0x0000021f6ac2cfc0 Exception <a 'java/lang/IncompatibleClassChangeError'{0x00000000867a6f40}: Found class java.lang.Object, but interface was expected> (0x00000000867a6f40) 
thrown [s\src\hotspot\share\interpreter\linkResolver.cpp, line 841]
Event: 4.083 Thread 0x0000021f6ac2cfc0 Exception <a 'java/lang/IncompatibleClassChangeError'{0x000000008653fe88}: Found class java.lang.Object, but interface was expected> (0x000000008653fe88) 
thrown [s\src\hotspot\share\interpreter\linkResolver.cpp, line 841]
Event: 4.239 Thread 0x0000021f6ac2cfc0 Exception <a 'java/lang/NoSuchMethodError'{0x000000008bddf680}: 'long java.lang.invoke.DirectMethodHandle$Holder.invokeVirtual(java.lang.Object, java.lang.Object, java.lang.Object, java.lang.Object, java.lang.Object, java.lang.Object)'> (0x000000008bddf680) 
thrown [s\src\hotspot\share\interpreter\linkResolver.cpp, line 774]
Event: 4.300 Thread 0x0000021f6ac2cfc0 Exception <a 'java/lang/IncompatibleClassChangeError'{0x0000000088863c88}: Found class java.lang.Object, but interface was expected> (0x0000000088863c88) 
thrown [s\src\hotspot\share\interpreter\linkResolver.cpp, line 841]
Event: 4.367 Thread 0x0000021f6ac2cfc0 Exception <a 'java/lang/NoSuchMethodError'{0x0000000088b16cd0}: 'java.lang.Object java.lang.invoke.DirectMethodHandle$Holder.invokeStatic(java.lang.Object, java.lang.Object, int, java.lang.Object)'> (0x0000000088b16cd0) 
thrown [s\src\hotspot\share\interpreter\linkResolver.cpp, line 774]
Event: 4.368 Thread 0x0000021f6ac2cfc0 Exception <a 'java/lang/NoSuchMethodError'{0x0000000088b1e138}: 'java.lang.Object java.lang.invoke.DirectMethodHandle$Holder.newInvokeSpecial(java.lang.Object, java.lang.Object, int)'> (0x0000000088b1e138) 
thrown [s\src\hotspot\share\interpreter\linkResolver.cpp, line 774]
Event: 4.381 Thread 0x0000021f6ac2cfc0 Exception <a 'java/lang/NoSuchMethodError'{0x0000000088bd0270}: 'void java.lang.invoke.Invokers$Holder.invokeExact_MT(java.lang.Object, java.lang.Object, java.lang.Object, java.lang.Object)'> (0x0000000088bd0270) 
thrown [s\src\hotspot\share\interpreter\linkResolver.cpp, line 774]
Event: 4.506 Thread 0x0000021f6ac2cfc0 Implicit null exception at 0x0000021f5801784b to 0x0000021f58017a44
Event: 4.516 Thread 0x0000021f6ac2cfc0 Exception <a 'java/lang/NoSuchMethodError'{0x0000000086b87c78}: 'java.lang.Object java.lang.invoke.DirectMethodHandle$Holder.newInvokeSpecial(java.lang.Object, java.lang.Object, java.lang.Object, java.lang.Object, java.lang.Object, java.lang.Object, java.lang.Object, java.lang.Object)'> (0x0000000086b87c78) 
thrown [s\src\hotspot\share\interpreter\linkResolver.cpp, line 774]
Event: 4.685 Thread 0x0000021f6ac2cfc0 Exception <a 'sun/nio/fs/WindowsException'{0x00000000865cac68}> (0x00000000865cac68) 
thrown [s\src\hotspot\share\prims\jni.cpp, line 517]
Event: 4.738 Thread 0x0000021f6ac2cfc0 Exception <a 'java/lang/IncompatibleClassChangeError'{0x00000000863e0a38}: Found class java.lang.Object, but interface was expected> (0x00000000863e0a38) 
thrown [s\src\hotspot\share\interpreter\linkResolver.cpp, line 841]
Event: 5.088 Thread 0x0000021f6ac2cfc0 Exception <a 'java/lang/NoSuchMethodError'{0x0000000086ad79d0}: 'int java.lang.invoke.DirectMethodHandle$Holder.invokeStaticInit(java.lang.Object, java.lang.Object, java.lang.Object, java.lang.Object)'> (0x0000000086ad79d0) 
thrown [s\src\hotspot\share\interpreter\linkResolver.cpp, line 774]
Event: 5.255 Thread 0x0000021f6ac2cfc0 Exception <a 'java/lang/NoSuchMethodError'{0x00000000866ed3c8}: 'java.lang.Object java.lang.invoke.DirectMethodHandle$Holder.newInvokeSpecial(java.lang.Object, java.lang.Object, int, java.lang.Object, java.lang.Object)'> (0x00000000866ed3c8) 
thrown [s\src\hotspot\share\interpreter\linkResolver.cpp, line 774]
Event: 13.137 Thread 0x0000021f6d824b00 Exception <a 'java/lang/NoSuchMethodError'{0x00000000863ae9a8}: 'java.lang.Object java.lang.invoke.DirectMethodHandle$Holder.invokeStatic(java.lang.Object, java.lang.Object, java.lang.Object, int, int)'> (0x00000000863ae9a8) 
thrown [s\src\hotspot\share\interpreter\linkResolver.cpp, line 774]
Event: 13.138 Thread 0x0000021f6d824b00 Exception <a 'java/lang/NoSuchMethodError'{0x00000000863b2208}: 'java.lang.Object java.lang.invoke.DirectMethodHandle$Holder.invokeStaticInit(java.lang.Object, java.lang.Object, java.lang.Object, int, int)'> (0x00000000863b2208) 
thrown [s\src\hotspot\share\interpreter\linkResolver.cpp, line 774]
Event: 13.220 Thread 0x0000021f6d82aaa0 Exception <a 'java/lang/NoSuchMethodError'{0x000000008bd055a0}: 'java.lang.Object java.lang.invoke.DirectMethodHandle$Holder.invokeSpecial(java.lang.Object, java.lang.Object, java.lang.Object, java.lang.Object, java.lang.Object, long)'> (0x000000008bd055a0) 
thrown [s\src\hotspot\share\interpreter\linkResolver.cpp, line 774]
Event: 13.220 Thread 0x0000021f6d82aaa0 Exception <a 'java/lang/NoSuchMethodError'{0x000000008bd08ff0}: 'java.lang.Object java.lang.invoke.Invokers$Holder.linkToTargetMethod(java.lang.Object, java.lang.Object, java.lang.Object, long, java.lang.Object)'> (0x000000008bd08ff0) 
thrown [s\src\hotspot\share\interpreter\linkResolver.cpp, line 774]

VM Operations (20 events):
Event: 5.062 Executing VM operation: HandshakeAllThreads
Event: 5.062 Executing VM operation: HandshakeAllThreads done
Event: 5.253 Executing VM operation: HandshakeAllThreads
Event: 5.253 Executing VM operation: HandshakeAllThreads done
Event: 5.254 Executing VM operation: HandshakeAllThreads
Event: 5.254 Executing VM operation: HandshakeAllThreads done
Event: 5.263 Executing VM operation: HandshakeAllThreads
Event: 5.264 Executing VM operation: HandshakeAllThreads done
Event: 5.284 Executing VM operation: HandshakeAllThreads
Event: 5.284 Executing VM operation: HandshakeAllThreads done
Event: 6.292 Executing VM operation: Cleanup
Event: 6.293 Executing VM operation: Cleanup done
Event: 10.342 Executing VM operation: Cleanup
Event: 10.342 Executing VM operation: Cleanup done
Event: 12.358 Executing VM operation: Cleanup
Event: 12.359 Executing VM operation: Cleanup done
Event: 13.216 Executing VM operation: G1CollectForAllocation
Event: 13.219 Executing VM operation: G1CollectForAllocation done
Event: 13.246 Executing VM operation: HandshakeAllThreads
Event: 13.246 Executing VM operation: HandshakeAllThreads done

Events (20 events):
Event: 5.289 Thread 0x0000021f6ac2ba80 flushing nmethod 0x0000021f50bd2210
Event: 5.289 Thread 0x0000021f6ac2ba80 flushing nmethod 0x0000021f50bd5790
Event: 5.289 Thread 0x0000021f6ac2ba80 flushing nmethod 0x0000021f50bd6490
Event: 5.289 Thread 0x0000021f6ac2ba80 flushing nmethod 0x0000021f50bd7290
Event: 5.289 Thread 0x0000021f6ac2ba80 flushing nmethod 0x0000021f50bd9b90
Event: 5.289 Thread 0x0000021f6ac2ba80 flushing nmethod 0x0000021f50bdb810
Event: 5.289 Thread 0x0000021f6ac2ba80 flushing nmethod 0x0000021f50c0d490
Event: 5.289 Thread 0x0000021f6ac2ba80 flushing nmethod 0x0000021f50c41890
Event: 5.289 Thread 0x0000021f6ac2ba80 flushing nmethod 0x0000021f50c5b510
Event: 5.289 Thread 0x0000021f6ac2ba80 flushing nmethod 0x0000021f50c7c690
Event: 5.289 Thread 0x0000021f6ac2ba80 flushing nmethod 0x0000021f50c91690
Event: 5.290 Thread 0x0000021f6ac2ba80 flushing nmethod 0x0000021f50cbbe90
Event: 5.290 Thread 0x0000021f6ac2ba80 flushing nmethod 0x0000021f50d0a790
Event: 5.291 Thread 0x0000021f6d824b00 Thread added: 0x0000021f6d824b00
Event: 5.310 Thread 0x0000021f6ac2cfc0 Thread exited: 0x0000021f6ac2cfc0
Event: 5.312 Thread 0x0000021f6ac2da60 Thread exited: 0x0000021f6ac2da60
Event: 5.313 Thread 0x0000021f4812d260 Thread exited: 0x0000021f4812d260
Event: 5.313 Thread 0x0000021f6d825050 Thread added: 0x0000021f6d825050
Event: 6.278 Thread 0x0000021f6b2116e0 Thread exited: 0x0000021f6b2116e0
Event: 13.265 Thread 0x0000021f6b975100 Thread added: 0x0000021f6b975100


Dynamic libraries:
0x00007ff707470000 - 0x00007ff70747d000 	C:\Users\Ritej\.jdks\corretto-19.0.2\bin\java.exe
0x00007fff218f0000 - 0x00007fff21b07000 	C:\WINDOWS\SYSTEM32\ntdll.dll
0x00007ffee30c0000 - 0x00007ffee30e0000 	C:\Program Files\Avast Software\Avast\aswhook.dll
0x00007fff1fc90000 - 0x00007fff1fd54000 	C:\WINDOWS\System32\KERNEL32.DLL
0x00007fff1efa0000 - 0x00007fff1f370000 	C:\WINDOWS\System32\KERNELBASE.dll
0x00007fff1ec60000 - 0x00007fff1ed71000 	C:\WINDOWS\System32\ucrtbase.dll
0x00007fff06b70000 - 0x00007fff06b87000 	C:\Users\Ritej\.jdks\corretto-19.0.2\bin\jli.dll
0x00007fff16cf0000 - 0x00007fff16d05000 	C:\Users\Ritej\.jdks\corretto-19.0.2\bin\VCRUNTIME140.dll
0x00007fff212d0000 - 0x00007fff2147e000 	C:\WINDOWS\System32\USER32.dll
0x00007fff1ed80000 - 0x00007fff1eda6000 	C:\WINDOWS\System32\win32u.dll
0x00007fff1f9e0000 - 0x00007fff1fa09000 	C:\WINDOWS\System32\GDI32.dll
0x00007fff07450000 - 0x00007fff076e2000 	C:\WINDOWS\WinSxS\amd64_microsoft.windows.common-controls_6595b64144ccf1df_6.0.22621.4830_none_270fe7d773858e80\COMCTL32.dll
0x00007fff1f370000 - 0x00007fff1f48b000 	C:\WINDOWS\System32\gdi32full.dll
0x00007fff1f7f0000 - 0x00007fff1f897000 	C:\WINDOWS\System32\msvcrt.dll
0x00007fff1f490000 - 0x00007fff1f52a000 	C:\WINDOWS\System32\msvcp_win.dll
0x00007fff205f0000 - 0x00007fff20621000 	C:\WINDOWS\System32\IMM32.DLL
0x00007fff030f0000 - 0x00007fff0318b000 	C:\Users\Ritej\.jdks\corretto-19.0.2\bin\msvcp140.dll
0x00007ffebe880000 - 0x00007ffebf559000 	C:\Users\Ritej\.jdks\corretto-19.0.2\bin\server\jvm.dll
0x00007fff1f8a0000 - 0x00007fff1f951000 	C:\WINDOWS\System32\ADVAPI32.dll
0x00007fff20bc0000 - 0x00007fff20c67000 	C:\WINDOWS\System32\sechost.dll
0x00007fff1f5b0000 - 0x00007fff1f5d8000 	C:\WINDOWS\System32\bcrypt.dll
0x00007fff21480000 - 0x00007fff21594000 	C:\WINDOWS\System32\RPCRT4.dll
0x00007fff167a0000 - 0x00007fff167aa000 	C:\WINDOWS\SYSTEM32\VERSION.dll
0x00007fff025a0000 - 0x00007fff025a9000 	C:\WINDOWS\SYSTEM32\WSOCK32.dll
0x00007fff17760000 - 0x00007fff17794000 	C:\WINDOWS\SYSTEM32\WINMM.dll
0x00007fff1f660000 - 0x00007fff1f6d1000 	C:\WINDOWS\System32\WS2_32.dll
0x00007fff1dba0000 - 0x00007fff1dbb8000 	C:\WINDOWS\SYSTEM32\kernel.appcore.dll
0x00007fff16d40000 - 0x00007fff16d4a000 	C:\Users\Ritej\.jdks\corretto-19.0.2\bin\jimage.dll
0x00007fff1c200000 - 0x00007fff1c432000 	C:\WINDOWS\SYSTEM32\DBGHELP.DLL
0x00007fff20ec0000 - 0x00007fff21250000 	C:\WINDOWS\System32\combase.dll
0x00007fff21770000 - 0x00007fff21847000 	C:\WINDOWS\System32\OLEAUT32.dll
0x00007fff0a7b0000 - 0x00007fff0a7e2000 	C:\WINDOWS\SYSTEM32\dbgcore.DLL
0x00007fff1edb0000 - 0x00007fff1ee2b000 	C:\WINDOWS\System32\bcryptPrimitives.dll
0x00007fff05ba0000 - 0x00007fff05bae000 	C:\Users\Ritej\.jdks\corretto-19.0.2\bin\instrument.dll
0x00007fff05c40000 - 0x00007fff05c66000 	C:\Users\Ritej\.jdks\corretto-19.0.2\bin\java.dll
0x00007ffedb5d0000 - 0x00007ffedb6a6000 	C:\Users\Ritej\.jdks\corretto-19.0.2\bin\jsvml.dll
0x00007fff1fd70000 - 0x00007fff205e8000 	C:\WINDOWS\System32\SHELL32.dll
0x00007fff1caa0000 - 0x00007fff1d3b0000 	C:\WINDOWS\SYSTEM32\windows.storage.dll
0x00007fff1c960000 - 0x00007fff1ca9f000 	C:\WINDOWS\SYSTEM32\wintypes.dll
0x00007fff1f6e0000 - 0x00007fff1f7ea000 	C:\WINDOWS\System32\SHCORE.dll
0x00007fff21850000 - 0x00007fff218ae000 	C:\WINDOWS\System32\shlwapi.dll
0x00007fff1ead0000 - 0x00007fff1eafb000 	C:\WINDOWS\SYSTEM32\profapi.dll
0x00007fff05be0000 - 0x00007fff05bf8000 	C:\Users\Ritej\.jdks\corretto-19.0.2\bin\zip.dll
0x00007fff05c20000 - 0x00007fff05c33000 	C:\Users\Ritej\.jdks\corretto-19.0.2\bin\net.dll
0x00007fff1a270000 - 0x00007fff1a39c000 	C:\WINDOWS\SYSTEM32\WINHTTP.dll
0x00007fff1e010000 - 0x00007fff1e07a000 	C:\WINDOWS\system32\mswsock.dll
0x00007fff05c00000 - 0x00007fff05c15000 	C:\Users\Ritej\.jdks\corretto-19.0.2\bin\nio.dll
0x00007fff030d0000 - 0x00007fff030ea000 	C:\Program Files\JetBrains\IntelliJ IDEA Community Edition 2024.1.4\bin\breakgen64.dll
0x00007fff05b80000 - 0x00007fff05b88000 	C:\Users\Ritej\.jdks\corretto-19.0.2\bin\extnet.dll
0x00007fff0a800000 - 0x00007fff0a809000 	C:\Users\Ritej\.jdks\corretto-19.0.2\bin\management.dll
0x00007fff06d10000 - 0x00007fff06d1b000 	C:\Users\Ritej\.jdks\corretto-19.0.2\bin\management_ext.dll
0x00007fff1fd60000 - 0x00007fff1fd68000 	C:\WINDOWS\System32\PSAPI.DLL
0x00007fff05b90000 - 0x00007fff05b9e000 	C:\Users\Ritej\.jdks\corretto-19.0.2\bin\sunmscapi.dll
0x00007fff1ee30000 - 0x00007fff1ef96000 	C:\WINDOWS\System32\CRYPT32.dll
0x00007fff1e450000 - 0x00007fff1e47d000 	C:\WINDOWS\SYSTEM32\ncrypt.dll
0x00007fff1e410000 - 0x00007fff1e447000 	C:\WINDOWS\SYSTEM32\NTASN1.dll
0x00007fff1e360000 - 0x00007fff1e37b000 	C:\WINDOWS\SYSTEM32\CRYPTSP.dll
0x00007fff1db00000 - 0x00007fff1db35000 	C:\WINDOWS\system32\rsaenh.dll
0x00007fff1e0b0000 - 0x00007fff1e0d8000 	C:\WINDOWS\SYSTEM32\USERENV.dll
0x00007fff1e340000 - 0x00007fff1e34c000 	C:\WINDOWS\SYSTEM32\CRYPTBASE.dll
0x00007fff1d610000 - 0x00007fff1d63d000 	C:\WINDOWS\SYSTEM32\IPHLPAPI.DLL
0x00007fff20630000 - 0x00007fff20639000 	C:\WINDOWS\System32\NSI.dll
0x00007fff1a250000 - 0x00007fff1a269000 	C:\WINDOWS\SYSTEM32\dhcpcsvc6.DLL
0x00007fff1a230000 - 0x00007fff1a24f000 	C:\WINDOWS\SYSTEM32\dhcpcsvc.DLL
0x00007fff1d680000 - 0x00007fff1d782000 	C:\WINDOWS\SYSTEM32\DNSAPI.dll
0x00007fff17270000 - 0x00007fff1727a000 	C:\Windows\System32\rasadhlp.dll
0x00007fff16930000 - 0x00007fff169b3000 	C:\WINDOWS\System32\fwpuclnt.dll
0x00007ffea9b80000 - 0x00007ffea9b88000 	C:\WINDOWS\system32\wshunix.dll

dbghelp: loaded successfully - version: 4.0.5 - missing functions: none
symbol engine: initialized successfully - sym options: 0x614 - pdb path: .;C:\Users\Ritej\.jdks\corretto-19.0.2\bin;C:\WINDOWS\SYSTEM32;C:\Program Files\Avast Software\Avast;C:\WINDOWS\WinSxS\amd64_microsoft.windows.common-controls_6595b64144ccf1df_6.0.22621.4830_none_270fe7d773858e80;C:\Users\Ritej\.jdks\corretto-19.0.2\bin\server;C:\Program Files\JetBrains\IntelliJ IDEA Community Edition 2024.1.4\bin

VM Arguments:
jvm_args: -javaagent:C:\Program Files\JetBrains\IntelliJ IDEA Community Edition 2024.1.4\lib\idea_rt.jar=58406:C:\Program Files\JetBrains\IntelliJ IDEA Community Edition 2024.1.4\bin -Dfile.encoding=UTF-8 -Dsun.stdout.encoding=UTF-8 -Dsun.stderr.encoding=UTF-8 
java_command: com.example.WSM.WsmApplication
java_class_path (initial): C:\Users\Ritej\Downloads\Ritej-main\WSM Project\WSM\target\classes;C:\Users\Ritej\.m2\repository\org\apache\poi\poi\5.2.3\poi-5.2.3.jar;C:\Users\Ritej\.m2\repository\commons-codec\commons-codec\1.18.0\commons-codec-1.18.0.jar;C:\Users\Ritej\.m2\repository\org\apache\commons\commons-collections4\4.4\commons-collections4-4.4.jar;C:\Users\Ritej\.m2\repository\org\apache\commons\commons-math3\3.6.1\commons-math3-3.6.1.jar;C:\Users\Ritej\.m2\repository\com\zaxxer\SparseBitSet\1.2\SparseBitSet-1.2.jar;C:\Users\Ritej\.m2\repository\org\apache\logging\log4j\log4j-api\2.24.3\log4j-api-2.24.3.jar;C:\Users\Ritej\.m2\repository\org\apache\poi\poi-ooxml\5.2.3\poi-ooxml-5.2.3.jar;C:\Users\Ritej\.m2\repository\org\apache\poi\poi-ooxml-lite\5.2.3\poi-ooxml-lite-5.2.3.jar;C:\Users\Ritej\.m2\repository\org\apache\xmlbeans\xmlbeans\5.1.1\xmlbeans-5.1.1.jar;C:\Users\Ritej\.m2\repository\org\apache\commons\commons-compress\1.21\commons-compress-1.21.jar;C:\Users\Ritej\.m2\repository\com\github\virtuald\curvesapi\1.07\curvesapi-1.07.jar;C:\Users\Ritej\.m2\repository\io\jsonwebtoken\jjwt-api\0.11.5\jjwt-api-0.11.5.jar;C:\Users\Ritej\.m2\repository\io\jsonwebtoken\jjwt-impl\0.11.5\jjwt-impl-0.11.5.jar;C:\Users\Ritej\.m2\repository\io\jsonwebtoken\jjwt-jackson\0.11.5\jjwt-jackson-0.11.5.jar;C:\Users\Ritej\.m2\repository\com\fasterxml\jackson\core\jackson-databind\2.19.2\jackson-databind-2.19.2.jar;C:\Users\Ritej\.m2\repository\com\fasterxml\jackson\core\jackson-annotations\2.19.2\jackson-annotations-2.19.2.jar;C:\Users\Ritej\.m2\repository\com\fasterxml\jackson\core\jackson-core\2.19.2\jackson-core-2.19.2.jar;C:\Users\Ritej\.m2\repository\org\springframework\boot\spring-boot-starter-data-mongodb\3.5.4\spring-boot-starter-data-mongodb-3.5.4.jar;C:\Users\Ritej\.m2\repository\org\springframework\boot\spring-boot-starter\3.5.4\spring-boot-starter-3.5.4.jar;C:\Users\Ritej\.m2\repository\org\springframework\boot\spring-boot-starter-logging\3.5.4\spring-boot-starter-logging-3.5.4.jar;C:\Users\Ritej\.m2\repository\ch\qos\logback\logback-classic\1.5.18\logback-classic-1.5.18.jar;C:\Users\Ritej\.m2\repository\ch\qos\logback\logback-core\1.5.18\logback-core-1.5.18.jar;C:\Users\Ritej\.m2\repository\org\apache\logging\log4j\log4j-to-slf4j\2.24.3\log4j-to-slf4j-2.24.3.jar;C:\Users\Ritej\.m2\repository\org\slf4j\jul-to-slf4j\2.0.17\jul-to-slf4j-2.0.17.jar;C:\Users\Ritej\.m2\repository\jakarta\annotation\jakarta.annotation-api\2.1.1\jakarta.annotation-api-2.1.1.jar;C:\Users\Ritej\.m2\repository\org\yaml\snakeyaml\2.4\snakeyaml-2.4.jar;C:\Users\Ritej\.m2\repository\org\mongodb\mongodb-driver-sync\5.5.1\mongodb-driver-sync-5.5.1.jar;C:\Users\Ritej\.m2\repository\org\mongodb\bson\5.5.1\bson-5.5.1.jar;C:\Users\Ritej\.m2\repository\org\mongodb\mongodb-driver-core\5.5.1\mongodb-driver-core-5.5.1.jar;C:\Users\Ritej\.m2\repository\org\mongodb\bson-record-codec\5.5.1\bson-record-codec-5.5.1.jar;C:\Users\Ritej\.m2\repository\org\springframework\data\spring-data-mongodb\4.5.2\spring-data-mongodb-4.5.2.jar;C:\Users\Ritej\.m2\repository\org\springframework\spring-tx\6.2.9\spring-tx-6.2.9.jar;C:\Users\Ritej\.m2\repository\org\springframework\spring-context\6.2.9\spring-context-6.2.9.jar;C:\Users\Ritej\.m2\repository\org\springframework\spring-beans\6.2.9\spring-beans-6.2.9.jar;C:\Users\Ritej\.m2\repository\org\springframework\spring-expression\6.2.9\spring-expression-6.2.9.jar;C:\Users\Ritej\.m2\repository\org\springframework\data\spring-data-commons\3.5.2\spring-data-commons-3.5.2.jar;C:\Users\Ritej\.m2\repository\org\slf4j\slf4j-api\2.0.17\slf4j-api-2.0.17.jar;C:\Users\Ritej\.m2\repository\org\springframework\boot\spring-boot-starter-security\3.2.0\spring-boot-starter-security-3.2.0.jar;C:\Users\Ritej\.m2\repository\org\springframework\spring-aop\6.2.9\spring-aop-6.2.9.jar;C:\Users\Ritej\.m2\repository\org\springframework\security\spring-security-config\6.5.2\spring-security-config-6.5.2.jar;C:\Users\Ritej\.m2\repository\org\springframework\security\spring-security-core\6.5.2\spring-security-core-6.5.2.jar;C:\Users\Ritej\.m2\repository\org\springframework\security\spring-security-crypto\6.5.2\spring-security-crypto-6.5.2.jar;C:\Users\Ritej\.m2\repository\org\springframework\security\spring-security-web\6.5.2\spring-security-web-6.5.2.jar;C:\Users\Ritej\.m2\repository\org\springframework\boot\spring-boot-starter-web\3.5.4\spring-boot-starter-web-3.5.4.jar;C:\Users\Ritej\.m2\repository\org\springframework\boot\spring-boot-starter-json\3.5.4\spring-boot-starter-json-3.5.4.jar;C:\Users\Ritej\.m2\repository\com\fasterxml\jackson\datatype\jackson-datatype-jdk8\2.19.2\jackson-datatype-jdk8-2.19.2.jar;C:\Users\Ritej\.m2\repository\com\fasterxml\jackson\datatype\jackson-datatype-jsr310\2.19.2\jackson-datatype-jsr310-2.19.2.jar;C:\Users\Ritej\.m2\repository\com\fasterxml\jackson\module\jackson-module-parameter-names\2.19.2\jackson-module-parameter-names-2.19.2.jar;C:\Users\Ritej\.m2\repository\org\springframework\boot\spring-boot-starter-tomcat\3.5.4\spring-boot-starter-tomcat-3.5.4.jar;C:\Users\Ritej\.m2\repository\org\apache\tomcat\embed\tomcat-embed-core\10.1.43\tomcat-embed-core-10.1.43.jar;C:\Users\Ritej\.m2\repository\org\apache\tomcat\embed\tomcat-embed-el\10.1.43\tomcat-embed-el-10.1.43.jar;C:\Users\Ritej\.m2\repository\org\apache\tomcat\embed\tomcat-embed-websocket\10.1.43\tomcat-embed-websocket-10.1.43.jar;C:\Users\Ritej\.m2\repository\org\springframework\spring-web\6.2.9\spring-web-6.2.9.jar;C:\Users\Ritej\.m2\repository\io\micrometer\micrometer-observation\1.15.2\micrometer-observation-1.15.2.jar;C:\Users\Ritej\.m2\repository\io\micrometer\micrometer-commons\1.15.2\micrometer-commons-1.15.2.jar;C:\Users\Ritej\.m2\repository\org\springframework\spring-webmvc\6.2.9\spring-webmvc-6.2.9.jar;C:\Users\Ritej\.m2\repository\org\springframework\boot\spring-boot-devtools\3.5.4\spring-boot-devtools-3.5.4.jar;C:\Users\Ritej\.m2\repository\org\springframework\boot\spring-boot\3.5.4\spring-boot-3.5.4.jar;C:\Users\Ritej\.m2\repository\org\springframework\boot\spring-boot-autoconfigure\3.5.4\spring-boot-autoconfigure-3.5.4.jar;C:\Users\Ritej\.m2\repository\commons-io\commons-io\2.11.0\commons-io-2.11.0.jar;C:\Users\Ritej\.m2\repository\org\springframework\spring-core\6.2.9\spring-core-6.2.9.jar;C:\Users\Ritej\.m2\repository\org\springframework\spring-jcl\6.2.9\spring-jcl-6.2.9.jar
Launcher Type: SUN_STANDARD

[Global flags]
     intx CICompilerCount                          = 4                                         {product} {ergonomic}
     uint ConcGCThreads                            = 2                                         {product} {ergonomic}
     uint G1ConcRefinementThreads                  = 8                                         {product} {ergonomic}
   size_t G1HeapRegionSize                         = 1048576                                   {product} {ergonomic}
    uintx GCDrainStackTargetSize                   = 64                                        {product} {ergonomic}
   size_t InitialHeapSize                          = 130023424                                 {product} {ergonomic}
   size_t MarkStackSize                            = 4194304                                   {product} {ergonomic}
   size_t MaxHeapSize                              = 2078277632                                {product} {ergonomic}
   size_t MaxNewSize                               = 1246756864                                {product} {ergonomic}
   size_t MinHeapDeltaBytes                        = 1048576                                   {product} {ergonomic}
   size_t MinHeapSize                              = 8388608                                   {product} {ergonomic}
    uintx NonNMethodCodeHeapSize                   = 5839372                                {pd product} {ergonomic}
    uintx NonProfiledCodeHeapSize                  = 122909434                              {pd product} {ergonomic}
    uintx ProfiledCodeHeapSize                     = 122909434                              {pd product} {ergonomic}
    uintx ReservedCodeCacheSize                    = 251658240                              {pd product} {ergonomic}
     bool SegmentedCodeCache                       = true                                      {product} {ergonomic}
   size_t SoftMaxHeapSize                          = 2078277632                             {manageable} {ergonomic}
     bool UseCompressedClassPointers               = true                           {product lp64_product} {ergonomic}
     bool UseCompressedOops                        = true                           {product lp64_product} {ergonomic}
     bool UseG1GC                                  = true                                      {product} {ergonomic}
     bool UseLargePagesIndividualAllocation        = false                                  {pd product} {ergonomic}

Logging:
Log output configuration:
 #0: stdout all=warning uptime,level,tags foldmultilines=false
 #1: stderr all=off uptime,level,tags foldmultilines=false

Environment Variables:
JAVA_HOME=C:\Program Files\Java\jdk-17
PATH=C:\Program Files\MongoDB\Server\7.0\bin;C:\oraclexe\app\oracle\product\11.2.0\server\bin;"C:\xampp\php;C:\xampp\php;C:\Program Files\Common Files\Oracle\Java\javapath";C:\WINDOWS\system32;C:\WINDOWS;C:\WINDOWS\System32\Wbem;C:\WINDOWS\System32\WindowsPowerShell\v1.0\;C:\WINDOWS\System32\OpenSSH\;C:\ProgramData\chocolatey\bin;C:\Program Files\Java\jdk-17\bin;C:\Program Files\Docker\Docker\resources\bin;C:\Users\Ritej\AppData\Roaming\nvm;C:\Program Files\nodejs;C:\Users\Ritej\AppData\Local\Microsoft\WindowsApps\python.exe;C:\Users\Ritej\AppData\Local\Programs\Python\Launcher\;C:\Program Files\MongoDB\Server\7.0\bin;C:\Users\Ritej\AppData\Local\Microsoft\WindowsApps;C:\Users\Ritej\AppData\Local\JetBrains\PyCharm 2023.1\bin;;C:\Program Files\JetBrains\PyCharm Community Edition 2022.2.3\bin;;C:\Users\Ritej\AppData\Local\Programs\Microsoft VS Code\bin;C:\Users\Ritej\AppData\Roaming\npm;C:\Program Files\JetBrains\IntelliJ IDEA Community Edition 2024.1.4\bin;;C:\Users\Ritej\Desktop\jdk-19_windows-x64_bin\bin;C:\Users\Ritej\AppData\Local\JetBrains\IntelliJ IDEA 2024.1.4\bin;;C:\Users\Ritej\AppData\Roaming\nvm;C:\Program Files\nodejs;C:\Program Files\apache-maven-3.9.9\bin;C:\Users\Ritej\AppData\Local\Microsoft\WindowsApps\python.exe;
USERNAME=Ritej
OS=Windows_NT
PROCESSOR_IDENTIFIER=Intel64 Family 6 Model 140 Stepping 1, GenuineIntel
TMP=C:\Users\Ritej\AppData\Local\Temp
TEMP=C:\Users\Ritej\AppData\Local\Temp



---------------  S Y S T E M  ---------------

OS:
 Windows 11 , 64 bit Build 22621 (10.0.22621.4830)
OS uptime: 0 days 1:03 hours
Hyper-V role detected

CPU: total 8 (initial active 8) (4 cores per cpu, 2 threads per core) family 6 model 140 stepping 1 microcode 0xb8, cx8, cmov, fxsr, ht, mmx, 3dnowpref, sse, sse2, sse3, ssse3, sse4.1, sse4.2, popcnt, lzcnt, tsc, tscinvbit, avx, avx2, aes, erms, clmul, bmi1, bmi2, adx, avx512f, avx512dq, avx512cd, avx512bw, avx512vl, sha, fma, vzeroupper, avx512_vpopcntdq, avx512_vpclmulqdq, avx512_vaes, avx512_vnni, clflush, clflushopt, clwb, avx512_vbmi2, avx512_vbmi, hv, rdtscp, rdpid, fsrm, gfni, avx512_bitalg

Memory: 4k page, system-wide physical 7926M (422M free)
TotalPageFile size 14412M (AvailPageFile size 1M)
current process WorkingSet (physical memory assigned to process): 190M, peak: 208M
current process commit charge ("private bytes"): 280M, peak: 280M

vm_info: OpenJDK 64-Bit Server VM (19.0.2+7-FR) for windows-amd64 JRE (19.0.2+7-FR), built on Jan 13 2023 22:53:32 by "Administrator" with MS VC++ 15.9 (VS2017)

END.
