#
# There is insufficient memory for the Java Runtime Environment to continue.
# Native memory allocation (malloc) failed to allocate 1041616 bytes for Chunk::new
# Possible reasons:
#   The system is out of physical RAM or swap space
#   The process is running with CompressedOops enabled, and the Java Heap may be blocking the growth of the native heap
# Possible solutions:
#   Reduce memory load on the system
#   Increase physical memory or swap space
#   Check if swap backing store is full
#   Decrease Java heap size (-Xmx/-Xms)
#   Decrease number of Java threads
#   Decrease Java thread stack sizes (-Xss)
#   Set larger code cache with -XX:ReservedCodeCacheSize=
#   JVM is running with Unscaled Compressed Oops mode in which the Java heap is
#     placed in the first 4GB address space. The Java Heap base address is the
#     maximum limit for the native heap growth. Please use -XX:HeapBaseMinAddress
#     to set the Java Heap base and to place the Java Heap above 4GB virtual address.
# This output file may be truncated or incomplete.
#
#  Out of Memory Error (arena.cpp:184), pid=15664, tid=6424
#
# JRE version: OpenJDK Runtime Environment Corretto-19.0.2.7.1 (19.0.2+7) (build 19.0.2+7-FR)
# Java VM: OpenJDK 64-Bit Server VM Corretto-19.0.2.7.1 (19.0.2+7-FR, mixed mode, sharing, tiered, compressed oops, compressed class ptrs, g1 gc, windows-amd64)
# No core dump will be written. Minidumps are not enabled by default on client versions of Windows
#

---------------  S U M M A R Y ------------

Command Line: -javaagent:C:\Program Files\JetBrains\IntelliJ IDEA Community Edition 2024.1.4\lib\idea_rt.jar=56443:C:\Program Files\JetBrains\IntelliJ IDEA Community Edition 2024.1.4\bin -Dfile.encoding=UTF-8 -Dsun.stdout.encoding=UTF-8 -Dsun.stderr.encoding=UTF-8 com.example.WSM.WsmApplication

Host: 11th Gen Intel(R) Core(TM) i5-1135G7 @ 2.40GHz, 8 cores, 7G,  Windows 11 , 64 bit Build 22621 (10.0.22621.4830)
Time: Thu Aug 28 20:57:46 2025 Afr. centrale Ouest elapsed time: 91.887422 seconds (0d 0h 1m 31s)

---------------  T H R E A D  ---------------

Current thread (0x0000022c5e7e8b30):  JavaThread "C2 CompilerThread0" daemon [_thread_in_native, id=6424, stack(0x000000a13c700000,0x000000a13c800000)]


Current CompileTask:
C2:  91888 7377       4       org.springframework.web.servlet.mvc.method.RequestMappingInfo::getMatchingCondition (182 bytes)

Stack: [0x000000a13c700000,0x000000a13c800000]
Native frames: (J=compiled Java code, j=interpreted, Vv=VM code, C=native code)
V  [jvm.dll+0x6d034a]
V  [jvm.dll+0x880f10]
V  [jvm.dll+0x88289e]
V  [jvm.dll+0x882f43]
V  [jvm.dll+0x27b4bb]
V  [jvm.dll+0xdd792]
V  [jvm.dll+0xddb25]
V  [jvm.dll+0x3b4a21]
V  [jvm.dll+0x37c86a]
V  [jvm.dll+0x37bc5a]
V  [jvm.dll+0x2470ef]
V  [jvm.dll+0x2465a7]
V  [jvm.dll+0x1d4bb7]
V  [jvm.dll+0x25558a]
V  [jvm.dll+0x2538d7]
V  [jvm.dll+0x8342bd]
V  [jvm.dll+0x82e2fa]
V  [jvm.dll+0x6cf0d3]
C  [ucrtbase.dll+0x29333]
C  [KERNEL32.DLL+0x1259d]
C  [ntdll.dll+0x5af38]


---------------  P R O C E S S  ---------------

Threads class SMR info:
_java_thread_list=0x0000022c65305b70, length=34, elements={
0x0000022c5e7e3b50, 0x0000022c5e7e4740, 0x0000022c5e7e5330, 0x0000022c5e7e6c70,
0x0000022c5e7e75a0, 0x0000022c5e7e7ed0, 0x0000022c5e7e8b30, 0x0000022c5e7efc70,
0x0000022c5e7f9040, 0x0000022c5e7b9b80, 0x0000022c630b5420, 0x0000022c630b5d60,
0x0000022c64c83360, 0x0000022c6316e3f0, 0x0000022c6316e930, 0x0000022c64271060,
0x0000022c6426f5d0, 0x0000022c6426f080, 0x0000022c6426e5e0, 0x0000022c642705c0,
0x0000022c64270070, 0x0000022c64270b10, 0x0000022c6426eb30, 0x0000022c642715b0,
0x0000022c6426e090, 0x0000022c65f2d030, 0x0000022c65f2b050, 0x0000022c65f31540,
0x0000022c65f2e020, 0x0000022c65f2a5b0, 0x0000022c65f2c590, 0x0000022c65f2f560,
0x0000022c65f2b5a0, 0x0000022c65f30ff0
}

Java Threads: ( => current thread )
  0x0000022c5e7e3b50 JavaThread "Reference Handler" daemon [_thread_blocked, id=14260, stack(0x000000a13c100000,0x000000a13c200000)]
  0x0000022c5e7e4740 JavaThread "Finalizer" daemon [_thread_blocked, id=4632, stack(0x000000a13c200000,0x000000a13c300000)]
  0x0000022c5e7e5330 JavaThread "Signal Dispatcher" daemon [_thread_blocked, id=20524, stack(0x000000a13c300000,0x000000a13c400000)]
  0x0000022c5e7e6c70 JavaThread "Attach Listener" daemon [_thread_blocked, id=20656, stack(0x000000a13c400000,0x000000a13c500000)]
  0x0000022c5e7e75a0 JavaThread "Service Thread" daemon [_thread_blocked, id=11480, stack(0x000000a13c500000,0x000000a13c600000)]
  0x0000022c5e7e7ed0 JavaThread "Monitor Deflation Thread" daemon [_thread_blocked, id=25348, stack(0x000000a13c600000,0x000000a13c700000)]
=>0x0000022c5e7e8b30 JavaThread "C2 CompilerThread0" daemon [_thread_in_native, id=6424, stack(0x000000a13c700000,0x000000a13c800000)]
  0x0000022c5e7efc70 JavaThread "C1 CompilerThread0" daemon [_thread_in_native, id=20648, stack(0x000000a13c800000,0x000000a13c900000)]
  0x0000022c5e7f9040 JavaThread "Sweeper thread" daemon [_thread_blocked, id=25328, stack(0x000000a13c900000,0x000000a13ca00000)]
  0x0000022c5e7b9b80 JavaThread "Common-Cleaner" daemon [_thread_blocked, id=18748, stack(0x000000a13ca00000,0x000000a13cb00000)]
  0x0000022c630b5420 JavaThread "Monitor Ctrl-Break" daemon [_thread_in_native, id=24692, stack(0x000000a13cb00000,0x000000a13cc00000)]
  0x0000022c630b5d60 JavaThread "Notification Thread" daemon [_thread_blocked, id=23460, stack(0x000000a13cc00000,0x000000a13cd00000)]
  0x0000022c64c83360 JavaThread "Catalina-utility-1" [_thread_blocked, id=12336, stack(0x000000a13d800000,0x000000a13d900000)]
  0x0000022c6316e3f0 JavaThread "Catalina-utility-2" [_thread_blocked, id=18528, stack(0x000000a13d900000,0x000000a13da00000)]
  0x0000022c6316e930 JavaThread "container-0" [_thread_blocked, id=26928, stack(0x000000a13da00000,0x000000a13db00000)]
  0x0000022c64271060 JavaThread "BufferPoolPruner-1-thread-1" daemon [_thread_blocked, id=27552, stack(0x000000a13db00000,0x000000a13dc00000)]
  0x0000022c6426f5d0 JavaThread "cluster-ClusterId{value='68b0b475f3590dca6b2bb3e4', description='null'}-localhost:27017" daemon [_thread_in_native, id=24116, stack(0x000000a13dc00000,0x000000a13dd00000)]
  0x0000022c6426f080 JavaThread "cluster-rtt-ClusterId{value='68b0b475f3590dca6b2bb3e4', description='null'}-localhost:27017" daemon [_thread_blocked, id=19980, stack(0x000000a13de00000,0x000000a13df00000)]
  0x0000022c6426e5e0 JavaThread "MaintenanceTimer-2-thread-1" daemon [_thread_blocked, id=11072, stack(0x000000a13df00000,0x000000a13e000000)]
  0x0000022c642705c0 JavaThread "Live Reload Server" daemon [_thread_in_native, id=20556, stack(0x000000a13e100000,0x000000a13e200000)]
  0x0000022c64270070 JavaThread "File Watcher" daemon [_thread_in_native, id=8252, stack(0x000000a13e000000,0x000000a13e100000)]
  0x0000022c64270b10 JavaThread "http-nio-8080-exec-1" daemon [_thread_blocked, id=19972, stack(0x000000a13e200000,0x000000a13e300000)]
  0x0000022c6426eb30 JavaThread "http-nio-8080-exec-2" daemon [_thread_blocked, id=9852, stack(0x000000a13e300000,0x000000a13e400000)]
  0x0000022c642715b0 JavaThread "http-nio-8080-exec-3" daemon [_thread_blocked, id=28164, stack(0x000000a13e400000,0x000000a13e500000)]
  0x0000022c6426e090 JavaThread "http-nio-8080-exec-4" daemon [_thread_blocked, id=1424, stack(0x000000a13e500000,0x000000a13e600000)]
  0x0000022c65f2d030 JavaThread "http-nio-8080-exec-5" daemon [_thread_blocked, id=2116, stack(0x000000a13e600000,0x000000a13e700000)]
  0x0000022c65f2b050 JavaThread "http-nio-8080-exec-6" daemon [_thread_blocked, id=25668, stack(0x000000a13e700000,0x000000a13e800000)]
  0x0000022c65f31540 JavaThread "http-nio-8080-exec-7" daemon [_thread_blocked, id=7464, stack(0x000000a13e800000,0x000000a13e900000)]
  0x0000022c65f2e020 JavaThread "http-nio-8080-exec-8" daemon [_thread_blocked, id=21756, stack(0x000000a13e900000,0x000000a13ea00000)]
  0x0000022c65f2a5b0 JavaThread "http-nio-8080-exec-9" daemon [_thread_in_Java, id=5356, stack(0x000000a13ea00000,0x000000a13eb00000)]
  0x0000022c65f2c590 JavaThread "http-nio-8080-exec-10" daemon [_thread_blocked, id=28632, stack(0x000000a13eb00000,0x000000a13ec00000)]
  0x0000022c65f2f560 JavaThread "http-nio-8080-Poller" daemon [_thread_in_native, id=9264, stack(0x000000a13ec00000,0x000000a13ed00000)]
  0x0000022c65f2b5a0 JavaThread "http-nio-8080-Acceptor" daemon [_thread_in_native, id=5524, stack(0x000000a13ed00000,0x000000a13ee00000)]
  0x0000022c65f30ff0 JavaThread "DestroyJavaVM" [_thread_blocked, id=19292, stack(0x000000a13ba00000,0x000000a13bb00000)]

Other Threads:
  0x0000022c5e7cc550 VMThread "VM Thread" [stack: 0x000000a13c000000,0x000000a13c100000] [id=8612]
  0x0000022c630b3090 WatcherThread "VM Periodic Task Thread" [stack: 0x000000a13cd00000,0x000000a13ce00000] [id=7480]
  0x0000022c3ff5b260 WorkerThread "GC Thread#0" [stack: 0x000000a13bb00000,0x000000a13bc00000] [id=4552]
  0x0000022c63764810 WorkerThread "GC Thread#1" [stack: 0x000000a13d000000,0x000000a13d100000] [id=21412]
  0x0000022c63764ae0 WorkerThread "GC Thread#2" [stack: 0x000000a13d100000,0x000000a13d200000] [id=25584]
  0x0000022c6377a7e0 WorkerThread "GC Thread#3" [stack: 0x000000a13d200000,0x000000a13d300000] [id=4380]
  0x0000022c6377b050 WorkerThread "GC Thread#4" [stack: 0x000000a13d300000,0x000000a13d400000] [id=12520]
  0x0000022c6377aab0 WorkerThread "GC Thread#5" [stack: 0x000000a13d400000,0x000000a13d500000] [id=24004]
  0x0000022c6377a510 WorkerThread "GC Thread#6" [stack: 0x000000a13d500000,0x000000a13d600000] [id=12864]
  0x0000022c6377ad80 WorkerThread "GC Thread#7" [stack: 0x000000a13d600000,0x000000a13d700000] [id=26812]
  0x0000022c3ff6c8a0 ConcurrentGCThread "G1 Main Marker" [stack: 0x000000a13bc00000,0x000000a13bd00000] [id=10888]
  0x0000022c3ff6d450 WorkerThread "G1 Conc#0" [stack: 0x000000a13bd00000,0x000000a13be00000] [id=14356]
  0x0000022c637f44d0 WorkerThread "G1 Conc#1" [stack: 0x000000a13d700000,0x000000a13d800000] [id=19220]
  0x0000022c3ffaeb80 ConcurrentGCThread "G1 Refine#0" [stack: 0x000000a13be00000,0x000000a13bf00000] [id=27232]
  0x0000022c5e6847c0 ConcurrentGCThread "G1 Service" [stack: 0x000000a13bf00000,0x000000a13c000000] [id=3876]

Threads with active compile tasks:
C2 CompilerThread0    92107 7377       4       org.springframework.web.servlet.mvc.method.RequestMappingInfo::getMatchingCondition (182 bytes)
C1 CompilerThread0    92107 7502   !   3       org.springframework.data.mapping.model.ClassGeneratingEntityInstantiator$EntityInstantiatorAdapter::createInstance (39 bytes)

VM state: not at safepoint (normal execution)

VM Mutex/Monitor currently owned by a thread:  ([mutex/lock_event])
[0x0000022c3fef7cd0] MethodCompileQueue_lock - owner thread: 0x0000022c5e7efc70

Heap address: 0x0000000084200000, size: 1982 MB, Compressed Oops mode: 32-bit

CDS archive(s) mapped at: [0x0000000800000000-0x0000000800c40000-0x0000000800c40000), size 12845056, SharedBaseAddress: 0x0000000800000000, ArchiveRelocationMode: 0.
Compressed class space mapped at: 0x0000000801000000-0x0000000841000000, reserved size: 1073741824
Narrow klass base: 0x0000000800000000, Narrow klass shift: 0, Narrow klass range: 0x100000000

GC Precious Log:
 CardTable entry size: 512
 Card Set container configuration: InlinePtr #cards 5 size 8 Array Of Cards #cards 12 size 40 Howl #buckets 4 coarsen threshold 1843 Howl Bitmap #cards 512 size 80 coarsen threshold 460 Card regions per heap region 1 cards per card region 2048
 CPUs: 8 total, 8 available
 Memory: 7926M
 Large Page Support: Disabled
 NUMA Support: Disabled
 Compressed Oops: Enabled (32-bit)
 Heap Region Size: 1M
 Heap Min Capacity: 8M
 Heap Initial Capacity: 124M
 Heap Max Capacity: 1982M
 Pre-touch: Disabled
 Parallel Workers: 8
 Concurrent Workers: 2
 Concurrent Refinement Workers: 8
 Periodic GC: Disabled

Heap:
 garbage-first heap   total 51200K, used 33158K [0x0000000084200000, 0x0000000100000000)
  region size 1024K, 12 young (12288K), 1 survivors (1024K)
 Metaspace       used 43761K, committed 44352K, reserved 1114112K
  class space    used 5424K, committed 5696K, reserved 1048576K

Heap Regions: E=young(eden), S=young(survivor), O=old, HS=humongous(starts), HC=humongous(continues), CS=collection set, F=free, OA=open archive, CA=closed archive, TAMS=top-at-mark-start (previous, next)
|   0|0x0000000084200000, 0x0000000084300000, 0x0000000084300000|100%| O|  |TAMS 0x0000000084300000, 0x0000000084200000| Untracked 
|   1|0x0000000084300000, 0x0000000084400000, 0x0000000084400000|100%| O|  |TAMS 0x0000000084400000, 0x0000000084300000| Untracked 
|   2|0x0000000084400000, 0x0000000084500000, 0x0000000084500000|100%| O|  |TAMS 0x0000000084500000, 0x0000000084400000| Untracked 
|   3|0x0000000084500000, 0x0000000084600000, 0x0000000084600000|100%| O|  |TAMS 0x0000000084600000, 0x0000000084500000| Untracked 
|   4|0x0000000084600000, 0x0000000084700000, 0x0000000084700000|100%| O|  |TAMS 0x0000000084700000, 0x0000000084600000| Untracked 
|   5|0x0000000084700000, 0x0000000084800000, 0x0000000084800000|100%| O|  |TAMS 0x0000000084800000, 0x0000000084700000| Untracked 
|   6|0x0000000084800000, 0x0000000084900000, 0x0000000084900000|100%| O|  |TAMS 0x0000000084866200, 0x0000000084800000| Untracked 
|   7|0x0000000084900000, 0x0000000084a00000, 0x0000000084a00000|100%| O|  |TAMS 0x0000000084a00000, 0x0000000084900000| Untracked 
|   8|0x0000000084a00000, 0x0000000084b00000, 0x0000000084b00000|100%| O|  |TAMS 0x0000000084b00000, 0x0000000084a00000| Untracked 
|   9|0x0000000084b00000, 0x0000000084c00000, 0x0000000084c00000|100%| O|  |TAMS 0x0000000084c00000, 0x0000000084b00000| Untracked 
|  10|0x0000000084c00000, 0x0000000084d00000, 0x0000000084d00000|100%| O|  |TAMS 0x0000000084d00000, 0x0000000084c00000| Untracked 
|  11|0x0000000084d00000, 0x0000000084e00000, 0x0000000084e00000|100%| O|  |TAMS 0x0000000084e00000, 0x0000000084d00000| Untracked 
|  12|0x0000000084e00000, 0x0000000084f00000, 0x0000000084f00000|100%| O|  |TAMS 0x0000000084f00000, 0x0000000084e00000| Untracked 
|  13|0x0000000084f00000, 0x0000000085000000, 0x0000000085000000|100%| O|  |TAMS 0x0000000085000000, 0x0000000084f00000| Untracked 
|  14|0x0000000085000000, 0x0000000085100000, 0x0000000085100000|100%| O|  |TAMS 0x0000000085100000, 0x0000000085000000| Untracked 
|  15|0x0000000085100000, 0x0000000085200000, 0x0000000085200000|100%| O|  |TAMS 0x0000000085100000, 0x0000000085100000| Untracked 
|  16|0x0000000085200000, 0x0000000085300000, 0x0000000085300000|100%| O|  |TAMS 0x0000000085200000, 0x0000000085200000| Untracked 
|  17|0x0000000085300000, 0x0000000085400000, 0x0000000085400000|100%| O|  |TAMS 0x0000000085300000, 0x0000000085300000| Untracked 
|  18|0x0000000085400000, 0x0000000085500000, 0x0000000085500000|100%| O|  |TAMS 0x0000000085400000, 0x0000000085400000| Untracked 
|  19|0x0000000085500000, 0x0000000085600000, 0x0000000085600000|100%| O|  |TAMS 0x0000000085500000, 0x0000000085500000| Untracked 
|  20|0x0000000085600000, 0x0000000085700000, 0x0000000085700000|100%| O|  |TAMS 0x0000000085600000, 0x0000000085600000| Untracked 
|  21|0x0000000085700000, 0x0000000085800000, 0x0000000085800000|100%| O|  |TAMS 0x0000000085700000, 0x0000000085700000| Untracked 
|  22|0x0000000085800000, 0x0000000085813800, 0x0000000085900000|  7%| O|  |TAMS 0x0000000085800000, 0x0000000085800000| Untracked 
|  23|0x0000000085900000, 0x0000000085900000, 0x0000000085a00000|  0%| F|  |TAMS 0x0000000085900000, 0x0000000085900000| Untracked 
|  24|0x0000000085a00000, 0x0000000085a00000, 0x0000000085b00000|  0%| F|  |TAMS 0x0000000085a00000, 0x0000000085a00000| Untracked 
|  25|0x0000000085b00000, 0x0000000085b00000, 0x0000000085c00000|  0%| F|  |TAMS 0x0000000085b00000, 0x0000000085b00000| Untracked 
|  26|0x0000000085c00000, 0x0000000085c00000, 0x0000000085d00000|  0%| F|  |TAMS 0x0000000085c00000, 0x0000000085c00000| Untracked 
|  27|0x0000000085d00000, 0x0000000085d00000, 0x0000000085e00000|  0%| F|  |TAMS 0x0000000085d00000, 0x0000000085d00000| Untracked 
|  28|0x0000000085e00000, 0x0000000085e00000, 0x0000000085f00000|  0%| F|  |TAMS 0x0000000085e00000, 0x0000000085e00000| Untracked 
|  29|0x0000000085f00000, 0x0000000085f00000, 0x0000000086000000|  0%| F|  |TAMS 0x0000000085f00000, 0x0000000085f00000| Untracked 
|  30|0x0000000086000000, 0x0000000086000000, 0x0000000086100000|  0%| F|  |TAMS 0x0000000086000000, 0x0000000086000000| Untracked 
|  31|0x0000000086100000, 0x0000000086100000, 0x0000000086200000|  0%| F|  |TAMS 0x0000000086100000, 0x0000000086100000| Untracked 
|  32|0x0000000086200000, 0x0000000086200000, 0x0000000086300000|  0%| F|  |TAMS 0x0000000086200000, 0x0000000086200000| Untracked 
|  33|0x0000000086300000, 0x000000008634e0a0, 0x0000000086400000| 30%| S|CS|TAMS 0x0000000086300000, 0x0000000086300000| Complete 
|  34|0x0000000086400000, 0x0000000086400000, 0x0000000086500000|  0%| F|  |TAMS 0x0000000086400000, 0x0000000086400000| Untracked 
|  35|0x0000000086500000, 0x0000000086500000, 0x0000000086600000|  0%| F|  |TAMS 0x0000000086500000, 0x0000000086500000| Untracked 
|  36|0x0000000086600000, 0x0000000086600000, 0x0000000086700000|  0%| F|  |TAMS 0x0000000086600000, 0x0000000086600000| Untracked 
|  37|0x0000000086700000, 0x0000000086700000, 0x0000000086800000|  0%| F|  |TAMS 0x0000000086700000, 0x0000000086700000| Untracked 
|  38|0x0000000086800000, 0x0000000086800000, 0x0000000086900000|  0%| F|  |TAMS 0x0000000086800000, 0x0000000086800000| Untracked 
|  39|0x0000000086900000, 0x000000008694e248, 0x0000000086a00000| 30%| E|  |TAMS 0x0000000086900000, 0x0000000086900000| Complete 
|  40|0x0000000086a00000, 0x0000000086b00000, 0x0000000086b00000|100%| E|CS|TAMS 0x0000000086a00000, 0x0000000086a00000| Complete 
|  41|0x0000000086b00000, 0x0000000086c00000, 0x0000000086c00000|100%| E|CS|TAMS 0x0000000086b00000, 0x0000000086b00000| Complete 
|  67|0x0000000088500000, 0x0000000088600000, 0x0000000088600000|100%| E|CS|TAMS 0x0000000088500000, 0x0000000088500000| Complete 
|  68|0x0000000088600000, 0x0000000088700000, 0x0000000088700000|100%| E|CS|TAMS 0x0000000088600000, 0x0000000088600000| Complete 
|  69|0x0000000088700000, 0x0000000088800000, 0x0000000088800000|100%| E|CS|TAMS 0x0000000088700000, 0x0000000088700000| Complete 
|  70|0x0000000088800000, 0x0000000088900000, 0x0000000088900000|100%| E|CS|TAMS 0x0000000088800000, 0x0000000088800000| Complete 
|  71|0x0000000088900000, 0x0000000088a00000, 0x0000000088a00000|100%| E|CS|TAMS 0x0000000088900000, 0x0000000088900000| Complete 
|  72|0x0000000088a00000, 0x0000000088b00000, 0x0000000088b00000|100%| E|CS|TAMS 0x0000000088a00000, 0x0000000088a00000| Complete 
|  73|0x0000000088b00000, 0x0000000088c00000, 0x0000000088c00000|100%| E|CS|TAMS 0x0000000088b00000, 0x0000000088b00000| Complete 
| 123|0x000000008bd00000, 0x000000008be00000, 0x000000008be00000|100%| E|CS|TAMS 0x000000008bd00000, 0x000000008bd00000| Complete 

Card table byte_map: [0x0000022c577e0000,0x0000022c57bc0000] _byte_map_base: 0x0000022c573bf000

Marking Bits (Prev, Next): (CMBitMap*) 0x0000022c3ff5c7b0, (CMBitMap*) 0x0000022c3ff5c7f0
 Prev Bits: [0x0000022c57fa0000, 0x0000022c59e98000)
 Next Bits: [0x0000022c59ea0000, 0x0000022c5bd98000)

Polling page: 0x0000022c3de20000

Metaspace:

Usage:
  Non-class:     37.44 MB used.
      Class:      5.30 MB used.
       Both:     42.74 MB used.

Virtual space:
  Non-class space:       64.00 MB reserved,      37.75 MB ( 59%) committed,  1 nodes.
      Class space:        1.00 GB reserved,       5.56 MB ( <1%) committed,  1 nodes.
             Both:        1.06 GB reserved,      43.31 MB (  4%) committed. 

Chunk freelists:
   Non-Class:  2.13 MB
       Class:  2.44 MB
        Both:  4.57 MB

MaxMetaspaceSize: unlimited
CompressedClassSpaceSize: 1.00 GB
Initial GC threshold: 21.00 MB
Current GC threshold: 59.00 MB
CDS: on
MetaspaceReclaimPolicy: balanced
 - commit_granule_bytes: 65536.
 - commit_granule_words: 8192.
 - virtual_space_node_default_size: 8388608.
 - enlarge_chunks_in_place: 1.
 - new_chunks_are_fully_committed: 0.
 - uncommit_free_chunks: 1.
 - use_allocation_guard: 0.


Internal statistics:

num_allocs_failed_limit: 6.
num_arena_births: 878.
num_arena_deaths: 0.
num_vsnodes_births: 2.
num_vsnodes_deaths: 0.
num_space_committed: 693.
num_space_uncommitted: 0.
num_chunks_returned_to_freelist: 6.
num_chunks_taken_from_freelist: 2445.
num_chunk_merges: 6.
num_chunk_splits: 1710.
num_chunks_enlarged: 1338.
num_inconsistent_stats: 0.

CodeHeap 'non-profiled nmethods': size=120000Kb used=3256Kb max_used=3256Kb free=116743Kb
 bounds [0x0000022c4fba0000, 0x0000022c4fed0000, 0x0000022c570d0000]
CodeHeap 'profiled nmethods': size=120000Kb used=13214Kb max_used=13214Kb free=106785Kb
 bounds [0x0000022c480d0000, 0x0000022c48dc0000, 0x0000022c4f600000]
CodeHeap 'non-nmethods': size=5760Kb used=1372Kb max_used=1433Kb free=4387Kb
 bounds [0x0000022c4f600000, 0x0000022c4f870000, 0x0000022c4fba0000]
 total_blobs=7290 nmethods=6697 adapters=501
 compilation: enabled
              stopped_count=0, restarted_count=0
 full_count=0

Compilation events (20 events):
Event: 91.864 Thread 0x0000022c5e7efc70 7411       3       org.bson.Document::putAll (9 bytes)
Event: 91.864 Thread 0x0000022c5e7efc70 nmethod 7411 0x0000022c48d6e710 code [0x0000022c48d6e8c0, 0x0000022c48d6ea88]
Event: 91.864 Thread 0x0000022c5e7efc70 7412       3       org.springframework.data.mongodb.core.mapping.BasicMongoPersistentEntity::getTextScoreProperty (10 bytes)
Event: 91.864 Thread 0x0000022c5e7efc70 nmethod 7412 0x0000022c48d6eb90 code [0x0000022c48d6ed40, 0x0000022c48d6f028]
Event: 91.864 Thread 0x0000022c5e7efc70 7413       3       java.util.Map::computeIfAbsent (45 bytes)
Event: 91.864 Thread 0x0000022c5e7efc70 nmethod 7413 0x0000022c48d6f110 code [0x0000022c48d6f300, 0x0000022c48d6f878]
Event: 91.865 Thread 0x0000022c5e7efc70 7414       3       org.bson.json.StrictCharacterStreamJsonWriter::writeEndObject (97 bytes)
Event: 91.865 Thread 0x0000022c5e7efc70 nmethod 7414 0x0000022c48d6fa10 code [0x0000022c48d6fc40, 0x0000022c48d702b8]
Event: 91.865 Thread 0x0000022c5e7efc70 7415   !   3       com.mongodb.internal.operation.SyncOperationHelper::withSuppliedResource (73 bytes)
Event: 91.866 Thread 0x0000022c5e7efc70 nmethod 7415 0x0000022c48d70510 code [0x0000022c48d70740, 0x0000022c48d70f28]
Event: 91.866 Thread 0x0000022c5e7efc70 7408       3       org.springframework.web.cors.CorsConfiguration::validateAllowCredentials (42 bytes)
Event: 91.866 Thread 0x0000022c5e7efc70 nmethod 7408 0x0000022c48d71310 code [0x0000022c48d714e0, 0x0000022c48d71838]
Event: 91.867 Thread 0x0000022c5e7efc70 7416       3       com.mongodb.internal.connection.DefaultServer$OperationCountTrackingConnection::getDescription (10 bytes)
Event: 91.867 Thread 0x0000022c5e7efc70 nmethod 7416 0x0000022c48d71990 code [0x0000022c48d71b40, 0x0000022c48d71d08]
Event: 91.867 Thread 0x0000022c5e7efc70 7417       3       com.mongodb.internal.operation.DocumentHelper::putIfNotNullOrEmpty (19 bytes)
Event: 91.867 Thread 0x0000022c5e7efc70 nmethod 7417 0x0000022c48d71e10 code [0x0000022c48d71fc0, 0x0000022c48d722b8]
Event: 91.868 Thread 0x0000022c5e7efc70 7418       3       org.bson.BsonDocument::isEmpty (10 bytes)
Event: 91.868 Thread 0x0000022c5e7efc70 nmethod 7418 0x0000022c48d72410 code [0x0000022c48d725c0, 0x0000022c48d72788]
Event: 91.868 Thread 0x0000022c5e7efc70 7419       3       org.bson.BsonDocumentWrapper::getUnwrapped (71 bytes)
Event: 91.869 Thread 0x0000022c5e7efc70 nmethod 7419 0x0000022c48d72890 code [0x0000022c48d72b60, 0x0000022c48d73da8]

GC Heap History (20 events):
Event: 19.149 GC heap before
{Heap before GC invocations=2 (full 0):
 garbage-first heap   total 126976K, used 55727K [0x0000000084200000, 0x0000000100000000)
  region size 1024K, 50 young (51200K), 3 survivors (3072K)
 Metaspace       used 21139K, committed 21504K, reserved 1114112K
  class space    used 2549K, committed 2752K, reserved 1048576K
}
Event: 19.157 GC heap after
{Heap after GC invocations=3 (full 0):
 garbage-first heap   total 126976K, used 13263K [0x0000000084200000, 0x0000000100000000)
  region size 1024K, 7 young (7168K), 7 survivors (7168K)
 Metaspace       used 21139K, committed 21504K, reserved 1114112K
  class space    used 2549K, committed 2752K, reserved 1048576K
}
Event: 21.402 GC heap before
{Heap before GC invocations=4 (full 0):
 garbage-first heap   total 51200K, used 36815K [0x0000000084200000, 0x0000000100000000)
  region size 1024K, 30 young (30720K), 7 survivors (7168K)
 Metaspace       used 25833K, committed 26240K, reserved 1114112K
  class space    used 3198K, committed 3392K, reserved 1048576K
}
Event: 21.412 GC heap after
{Heap after GC invocations=5 (full 0):
 garbage-first heap   total 51200K, used 15638K [0x0000000084200000, 0x0000000100000000)
  region size 1024K, 3 young (3072K), 3 survivors (3072K)
 Metaspace       used 25833K, committed 26240K, reserved 1114112K
  class space    used 3198K, committed 3392K, reserved 1048576K
}
Event: 21.555 GC heap before
{Heap before GC invocations=5 (full 0):
 garbage-first heap   total 51200K, used 16662K [0x0000000084200000, 0x0000000100000000)
  region size 1024K, 4 young (4096K), 3 survivors (3072K)
 Metaspace       used 26071K, committed 26496K, reserved 1114112K
  class space    used 3225K, committed 3392K, reserved 1048576K
}
Event: 21.561 GC heap after
{Heap after GC invocations=6 (full 0):
 garbage-first heap   total 51200K, used 15877K [0x0000000084200000, 0x0000000100000000)
  region size 1024K, 1 young (1024K), 1 survivors (1024K)
 Metaspace       used 26071K, committed 26496K, reserved 1114112K
  class space    used 3225K, committed 3392K, reserved 1048576K
}
Event: 23.120 GC heap before
{Heap before GC invocations=6 (full 0):
 garbage-first heap   total 51200K, used 33285K [0x0000000084200000, 0x0000000100000000)
  region size 1024K, 19 young (19456K), 1 survivors (1024K)
 Metaspace       used 30170K, committed 30720K, reserved 1114112K
  class space    used 3727K, committed 3968K, reserved 1048576K
}
Event: 23.125 GC heap after
{Heap after GC invocations=7 (full 0):
 garbage-first heap   total 51200K, used 16831K [0x0000000084200000, 0x0000000100000000)
  region size 1024K, 2 young (2048K), 2 survivors (2048K)
 Metaspace       used 30170K, committed 30720K, reserved 1114112K
  class space    used 3727K, committed 3968K, reserved 1048576K
}
Event: 25.405 GC heap before
{Heap before GC invocations=7 (full 0):
 garbage-first heap   total 51200K, used 35263K [0x0000000084200000, 0x0000000100000000)
  region size 1024K, 21 young (21504K), 2 survivors (2048K)
 Metaspace       used 34388K, committed 34880K, reserved 1114112K
  class space    used 4394K, committed 4608K, reserved 1048576K
}
Event: 25.410 GC heap after
{Heap after GC invocations=8 (full 0):
 garbage-first heap   total 51200K, used 18840K [0x0000000084200000, 0x0000000100000000)
  region size 1024K, 3 young (3072K), 3 survivors (3072K)
 Metaspace       used 34388K, committed 34880K, reserved 1114112K
  class space    used 4394K, committed 4608K, reserved 1048576K
}
Event: 25.982 GC heap before
{Heap before GC invocations=8 (full 0):
 garbage-first heap   total 51200K, used 26008K [0x0000000084200000, 0x0000000100000000)
  region size 1024K, 11 young (11264K), 3 survivors (3072K)
 Metaspace       used 35575K, committed 36096K, reserved 1114112K
  class space    used 4544K, committed 4800K, reserved 1048576K
}
Event: 25.990 GC heap after
{Heap after GC invocations=9 (full 0):
 garbage-first heap   total 51200K, used 20027K [0x0000000084200000, 0x0000000100000000)
  region size 1024K, 2 young (2048K), 2 survivors (2048K)
 Metaspace       used 35575K, committed 36096K, reserved 1114112K
  class space    used 4544K, committed 4800K, reserved 1048576K
}
Event: 38.567 GC heap before
{Heap before GC invocations=10 (full 0):
 garbage-first heap   total 51200K, used 36411K [0x0000000084200000, 0x0000000100000000)
  region size 1024K, 19 young (19456K), 2 survivors (2048K)
 Metaspace       used 38876K, committed 39488K, reserved 1114112K
  class space    used 4978K, committed 5248K, reserved 1048576K
}
Event: 38.575 GC heap after
{Heap after GC invocations=11 (full 0):
 garbage-first heap   total 51200K, used 21578K [0x0000000084200000, 0x0000000100000000)
  region size 1024K, 3 young (3072K), 3 survivors (3072K)
 Metaspace       used 38876K, committed 39488K, reserved 1114112K
  class space    used 4978K, committed 5248K, reserved 1048576K
}
Event: 38.760 GC heap before
{Heap before GC invocations=11 (full 0):
 garbage-first heap   total 51200K, used 22602K [0x0000000084200000, 0x0000000100000000)
  region size 1024K, 4 young (4096K), 3 survivors (3072K)
 Metaspace       used 39145K, committed 39744K, reserved 1114112K
  class space    used 5014K, committed 5312K, reserved 1048576K
}
Event: 38.766 GC heap after
{Heap after GC invocations=12 (full 0):
 garbage-first heap   total 51200K, used 21523K [0x0000000084200000, 0x0000000100000000)
  region size 1024K, 1 young (1024K), 1 survivors (1024K)
 Metaspace       used 39145K, committed 39744K, reserved 1114112K
  class space    used 5014K, committed 5312K, reserved 1048576K
}
Event: 40.756 GC heap before
{Heap before GC invocations=12 (full 0):
 garbage-first heap   total 51200K, used 36883K [0x0000000084200000, 0x0000000100000000)
  region size 1024K, 17 young (17408K), 1 survivors (1024K)
 Metaspace       used 42600K, committed 43264K, reserved 1114112K
  class space    used 5417K, committed 5696K, reserved 1048576K
}
Event: 40.761 GC heap after
{Heap after GC invocations=13 (full 0):
 garbage-first heap   total 51200K, used 22812K [0x0000000084200000, 0x0000000100000000)
  region size 1024K, 2 young (2048K), 2 survivors (2048K)
 Metaspace       used 42600K, committed 43264K, reserved 1114112K
  class space    used 5417K, committed 5696K, reserved 1048576K
}
Event: 90.642 GC heap before
{Heap before GC invocations=13 (full 0):
 garbage-first heap   total 51200K, used 39196K [0x0000000084200000, 0x0000000100000000)
  region size 1024K, 18 young (18432K), 2 survivors (2048K)
 Metaspace       used 43346K, committed 43968K, reserved 1114112K
  class space    used 5424K, committed 5696K, reserved 1048576K
}
Event: 90.648 GC heap after
{Heap after GC invocations=14 (full 0):
 garbage-first heap   total 51200K, used 22918K [0x0000000084200000, 0x0000000100000000)
  region size 1024K, 1 young (1024K), 1 survivors (1024K)
 Metaspace       used 43346K, committed 43968K, reserved 1114112K
  class space    used 5424K, committed 5696K, reserved 1048576K
}

Dll operation events (14 events):
Event: 0.050 Loaded shared library C:\Users\Ritej\.jdks\corretto-19.0.2\bin\java.dll
Event: 0.084 Loaded shared library C:\Users\Ritej\.jdks\corretto-19.0.2\bin\jsvml.dll
Event: 0.548 Loaded shared library C:\Users\Ritej\.jdks\corretto-19.0.2\bin\zip.dll
Event: 0.557 Loaded shared library C:\Users\Ritej\.jdks\corretto-19.0.2\bin\instrument.dll
Event: 0.573 Loaded shared library C:\Users\Ritej\.jdks\corretto-19.0.2\bin\net.dll
Event: 0.580 Loaded shared library C:\Users\Ritej\.jdks\corretto-19.0.2\bin\nio.dll
Event: 0.606 Loaded shared library C:\Users\Ritej\.jdks\corretto-19.0.2\bin\zip.dll
Event: 2.347 Loaded shared library C:\Users\Ritej\.jdks\corretto-19.0.2\bin\jimage.dll
Event: 12.638 Loaded shared library C:\Program Files\JetBrains\IntelliJ IDEA Community Edition 2024.1.4\bin\breakgen64.dll
Event: 12.695 Loaded shared library C:\Users\Ritej\.jdks\corretto-19.0.2\bin\extnet.dll
Event: 13.718 Loaded shared library C:\Users\Ritej\.jdks\corretto-19.0.2\bin\management.dll
Event: 13.752 Loaded shared library C:\Users\Ritej\.jdks\corretto-19.0.2\bin\management_ext.dll
Event: 17.509 Loaded shared library C:\Users\Ritej\.jdks\corretto-19.0.2\bin\sunmscapi.dll
Event: 39.481 Loaded shared library C:\Users\Ritej\.jdks\corretto-19.0.2\bin\verify.dll

Deoptimization events (20 events):
Event: 44.303 Thread 0x0000022c642715b0 Uncommon trap: trap_request=0xffffff45 fr.pc=0x0000022c4fdadb40 relative=0x0000000000000200
Event: 44.303 Thread 0x0000022c642715b0 Uncommon trap: reason=unstable_if action=reinterpret pc=0x0000022c4fdadb40 method=java.lang.invoke.MethodType.equals(Ljava/lang/Object;)Z @ 11 c2
Event: 44.303 Thread 0x0000022c642715b0 DEOPT PACKING pc=0x0000022c4fdadb40 sp=0x000000a13e4fdb60
Event: 44.303 Thread 0x0000022c642715b0 DEOPT UNPACKING pc=0x0000022c4f66a5a3 sp=0x000000a13e4fdb28 mode 2
Event: 44.303 Thread 0x0000022c642715b0 Uncommon trap: trap_request=0xffffff54 fr.pc=0x0000022c4fc4f2a8 relative=0x0000000000000de8
Event: 44.303 Thread 0x0000022c642715b0 Uncommon trap: reason=speculate_null_assert action=make_not_entrant pc=0x0000022c4fc4f2a8 method=java.lang.invoke.MethodType$ConcurrentWeakInternSet.add(Ljava/lang/Object;)Ljava/lang/Object; @ 47 c2
Event: 44.303 Thread 0x0000022c642715b0 DEOPT PACKING pc=0x0000022c4fc4f2a8 sp=0x000000a13e4fdd50
Event: 44.303 Thread 0x0000022c65f2a5b0 Uncommon trap: trap_request=0xffffffde fr.pc=0x0000022c4fc78ddc relative=0x0000000000000d9c
Event: 44.303 Thread 0x0000022c65f2a5b0 Uncommon trap: reason=class_check action=maybe_recompile pc=0x0000022c4fc78ddc method=java.util.concurrent.ConcurrentHashMap.putVal(Ljava/lang/Object;Ljava/lang/Object;Z)Ljava/lang/Object; @ 242 c2
Event: 44.303 Thread 0x0000022c65f2a5b0 DEOPT PACKING pc=0x0000022c4fc78ddc sp=0x000000a13eafe080
Event: 44.303 Thread 0x0000022c642715b0 DEOPT UNPACKING pc=0x0000022c4f66a5a3 sp=0x000000a13e4fdcf8 mode 2
Event: 44.304 Thread 0x0000022c65f2a5b0 DEOPT UNPACKING pc=0x0000022c4f66a5a3 sp=0x000000a13eafdff0 mode 2
Event: 44.304 Thread 0x0000022c65f2a5b0 Uncommon trap: trap_request=0xffffff54 fr.pc=0x0000022c4fc4f2a8 relative=0x0000000000000de8
Event: 44.304 Thread 0x0000022c65f2a5b0 Uncommon trap: reason=speculate_null_assert action=make_not_entrant pc=0x0000022c4fc4f2a8 method=java.lang.invoke.MethodType$ConcurrentWeakInternSet.add(Ljava/lang/Object;)Ljava/lang/Object; @ 47 c2
Event: 44.304 Thread 0x0000022c65f2a5b0 DEOPT PACKING pc=0x0000022c4fc4f2a8 sp=0x000000a13eafe130
Event: 44.304 Thread 0x0000022c65f2a5b0 DEOPT UNPACKING pc=0x0000022c4f66a5a3 sp=0x000000a13eafe0d8 mode 2
Event: 90.598 Thread 0x0000022c64270b10 Uncommon trap: trap_request=0xffffff45 fr.pc=0x0000022c4fe9d210 relative=0x0000000000000db0
Event: 90.599 Thread 0x0000022c64270b10 Uncommon trap: reason=unstable_if action=reinterpret pc=0x0000022c4fe9d210 method=org.springframework.web.util.pattern.LiteralPathElement.matches(ILorg/springframework/web/util/pattern/PathPattern$MatchingContext;)Z @ 129 c2
Event: 90.599 Thread 0x0000022c64270b10 DEOPT PACKING pc=0x0000022c4fe9d210 sp=0x000000a13e2fcfb0
Event: 90.599 Thread 0x0000022c64270b10 DEOPT UNPACKING pc=0x0000022c4f66a5a3 sp=0x000000a13e2fcec8 mode 2

Classes loaded (20 events):
Event: 39.272 Loading class java/lang/foreign/Addressable done
Event: 39.272 Loading class java/lang/foreign/MemorySegment done
Event: 39.676 Loading class java/util/OptionalLong
Event: 39.677 Loading class java/util/OptionalLong done
Event: 39.677 Loading class java/util/OptionalDouble
Event: 39.677 Loading class java/util/OptionalDouble done
Event: 39.699 Loading class java/util/AbstractMap$SimpleEntry
Event: 39.700 Loading class java/util/AbstractMap$SimpleEntry done
Event: 39.780 Loading class java/util/stream/LongStream
Event: 39.781 Loading class java/util/stream/LongStream done
Event: 39.781 Loading class java/util/stream/DoubleStream
Event: 39.782 Loading class java/util/stream/DoubleStream done
Event: 39.844 Loading class org/w3c/dom/Node
Event: 39.845 Loading class org/w3c/dom/Node done
Event: 39.845 Loading class org/w3c/dom/Document
Event: 39.846 Loading class org/w3c/dom/Document done
Event: 40.345 Loading class java/util/concurrent/locks/ReentrantReadWriteLock$Sync$HoldCounter
Event: 40.346 Loading class java/util/concurrent/locks/ReentrantReadWriteLock$Sync$HoldCounter done
Event: 40.733 Loading class java/util/concurrent/atomic/Striped64$Cell
Event: 40.734 Loading class java/util/concurrent/atomic/Striped64$Cell done

Classes unloaded (0 events):
No events

Classes redefined (0 events):
No events

Internal exceptions (20 events):
Event: 25.436 Thread 0x0000022c63753430 Exception <a 'java/lang/NoSuchMethodError'{0x000000008bd5aff0}: 'java.lang.Object java.lang.invoke.DirectMethodHandle$Holder.newInvokeSpecial(java.lang.Object, java.lang.Object, int)'> (0x000000008bd5aff0) 
thrown [s\src\hotspot\share\interpreter\linkResolver.cpp, line 774]
Event: 25.480 Thread 0x0000022c63753430 Exception <a 'java/lang/NoSuchMethodError'{0x0000000088b19a38}: 'void java.lang.invoke.Invokers$Holder.invokeExact_MT(java.lang.Object, java.lang.Object, java.lang.Object, java.lang.Object)'> (0x0000000088b19a38) 
thrown [s\src\hotspot\share\interpreter\linkResolver.cpp, line 774]
Event: 25.683 Thread 0x0000022c63753430 Implicit null exception at 0x0000022c4fd7a3cc to 0x0000022c4fd7a455
Event: 25.698 Thread 0x0000022c63753430 Exception <a 'java/lang/NoSuchMethodError'{0x00000000889ff700}: 'java.lang.Object java.lang.invoke.DirectMethodHandle$Holder.newInvokeSpecial(java.lang.Object, java.lang.Object, java.lang.Object, java.lang.Object, java.lang.Object, java.lang.Object, java.lang.Object, java.lang.Object)'> (0x00000000889ff700) 
thrown [s\src\hotspot\share\interpreter\linkResolver.cpp, line 774]
Event: 26.169 Thread 0x0000022c63753430 Exception <a 'java/lang/NoSuchMethodError'{0x0000000088a34ec8}: 'java.lang.Object java.lang.invoke.DirectMethodHandle$Holder.invokeSpecial(java.lang.Object, java.lang.Object, int, java.lang.Object, java.lang.Object)'> (0x0000000088a34ec8) 
thrown [s\src\hotspot\share\interpreter\linkResolver.cpp, line 774]
Event: 26.170 Thread 0x0000022c63753430 Exception <a 'java/lang/NoSuchMethodError'{0x0000000088a38e38}: 'java.lang.Object java.lang.invoke.DelegatingMethodHandle$Holder.delegate(java.lang.Object, int, java.lang.Object, java.lang.Object)'> (0x0000000088a38e38) 
thrown [s\src\hotspot\share\interpreter\linkResolver.cpp, line 774]
Event: 26.176 Thread 0x0000022c63753430 Exception <a 'java/lang/NoSuchMethodError'{0x0000000088a49308}: 'int java.lang.invoke.Invokers$Holder.linkToTargetMethod(java.lang.Object, java.lang.Object, java.lang.Object)'> (0x0000000088a49308) 
thrown [s\src\hotspot\share\interpreter\linkResolver.cpp, line 774]
Event: 26.219 Thread 0x0000022c63753430 Exception <a 'sun/nio/fs/WindowsException'{0x0000000088abe200}> (0x0000000088abe200) 
thrown [s\src\hotspot\share\prims\jni.cpp, line 517]
Event: 26.350 Thread 0x0000022c63753430 Exception <a 'java/lang/IncompatibleClassChangeError'{0x00000000888af080}: Found class java.lang.Object, but interface was expected> (0x00000000888af080) 
thrown [s\src\hotspot\share\interpreter\linkResolver.cpp, line 841]
Event: 26.727 Thread 0x0000022c63753430 Exception <a 'java/lang/NoSuchMethodError'{0x00000000885fb370}: 'int java.lang.invoke.DirectMethodHandle$Holder.invokeStaticInit(java.lang.Object, java.lang.Object, java.lang.Object, java.lang.Object)'> (0x00000000885fb370) 
thrown [s\src\hotspot\share\interpreter\linkResolver.cpp, line 774]
Event: 27.268 Thread 0x0000022c63753430 Exception <a 'java/lang/NoSuchMethodError'{0x00000000866f7820}: 'java.lang.Object java.lang.invoke.DirectMethodHandle$Holder.newInvokeSpecial(java.lang.Object, java.lang.Object, int, java.lang.Object, java.lang.Object)'> (0x00000000866f7820) 
thrown [s\src\hotspot\share\interpreter\linkResolver.cpp, line 774]
Event: 38.184 Thread 0x0000022c65f2b5a0 Exception <a 'java/lang/NoSuchMethodError'{0x0000000086369dc8}: 'java.lang.Object java.lang.invoke.DirectMethodHandle$Holder.invokeStatic(java.lang.Object, java.lang.Object, java.lang.Object, int, int)'> (0x0000000086369dc8) 
thrown [s\src\hotspot\share\interpreter\linkResolver.cpp, line 774]
Event: 38.185 Thread 0x0000022c65f2b5a0 Exception <a 'java/lang/NoSuchMethodError'{0x000000008636d5e0}: 'java.lang.Object java.lang.invoke.DirectMethodHandle$Holder.invokeStaticInit(java.lang.Object, java.lang.Object, java.lang.Object, int, int)'> (0x000000008636d5e0) 
thrown [s\src\hotspot\share\interpreter\linkResolver.cpp, line 774]
Event: 38.396 Thread 0x0000022c64270b10 Exception <a 'java/lang/NoSuchMethodError'{0x00000000862bc778}: 'java.lang.Object java.lang.invoke.DirectMethodHandle$Holder.invokeSpecial(java.lang.Object, java.lang.Object, java.lang.Object, java.lang.Object, java.lang.Object, long)'> (0x00000000862bc778) 
thrown [s\src\hotspot\share\interpreter\linkResolver.cpp, line 774]
Event: 38.396 Thread 0x0000022c64270b10 Exception <a 'java/lang/NoSuchMethodError'{0x00000000862c0180}: 'java.lang.Object java.lang.invoke.Invokers$Holder.linkToTargetMethod(java.lang.Object, java.lang.Object, java.lang.Object, long, java.lang.Object)'> (0x00000000862c0180) 
thrown [s\src\hotspot\share\interpreter\linkResolver.cpp, line 774]
Event: 39.289 Thread 0x0000022c64270b10 Exception <a 'java/lang/NoSuchMethodError'{0x00000000887cb7e0}: 'long java.lang.invoke.DirectMethodHandle$Holder.invokeStatic(java.lang.Object, long)'> (0x00000000887cb7e0) 
thrown [s\src\hotspot\share\interpreter\linkResolver.cpp, line 774]
Event: 39.488 Thread 0x0000022c64270b10 Exception <a 'java/lang/NoSuchMethodError'{0x00000000885a8b70}: 'void java.lang.invoke.Invokers$Holder.invoke_MT(java.lang.Object, java.lang.Object, java.lang.Object, java.lang.Object)'> (0x00000000885a8b70) 
thrown [s\src\hotspot\share\interpreter\linkResolver.cpp, line 774]
Event: 40.172 Thread 0x0000022c6426eb30 Exception <a 'java/lang/NoSuchMethodError'{0x00000000866128d0}: 'java.lang.Object java.lang.invoke.DirectMethodHandle$Holder.invokeInterface(java.lang.Object, java.lang.Object, int)'> (0x00000000866128d0) 
thrown [s\src\hotspot\share\interpreter\linkResolver.cpp, line 774]
Event: 82.870 Thread 0x0000022c64271060 Exception <a 'java/lang/NoSuchMethodError'{0x000000008646a038}: 'java.lang.Object java.lang.invoke.DirectMethodHandle$Holder.newInvokeSpecial(java.lang.Object, java.lang.Object, long)'> (0x000000008646a038) 
thrown [s\src\hotspot\share\interpreter\linkResolver.cpp, line 774]
Event: 82.871 Thread 0x0000022c64271060 Exception <a 'java/lang/NoSuchMethodError'{0x000000008646d798}: 'java.lang.Object java.lang.invoke.Invokers$Holder.linkToTargetMethod(java.lang.Object, long, java.lang.Object)'> (0x000000008646d798) 
thrown [s\src\hotspot\share\interpreter\linkResolver.cpp, line 774]

VM Operations (20 events):
Event: 42.887 Executing VM operation: Cleanup
Event: 42.888 Executing VM operation: Cleanup done
Event: 43.897 Executing VM operation: Cleanup
Event: 43.897 Executing VM operation: Cleanup done
Event: 44.908 Executing VM operation: Cleanup
Event: 44.908 Executing VM operation: Cleanup done
Event: 45.917 Executing VM operation: Cleanup
Event: 45.917 Executing VM operation: Cleanup done
Event: 48.946 Executing VM operation: Cleanup
Event: 48.947 Executing VM operation: Cleanup done
Event: 69.106 Executing VM operation: Cleanup
Event: 69.107 Executing VM operation: Cleanup done
Event: 80.224 Executing VM operation: Cleanup
Event: 80.224 Executing VM operation: Cleanup done
Event: 84.258 Executing VM operation: Cleanup
Event: 84.258 Executing VM operation: Cleanup done
Event: 90.642 Executing VM operation: G1CollectForAllocation
Event: 90.648 Executing VM operation: G1CollectForAllocation done
Event: 91.648 Executing VM operation: Cleanup
Event: 91.649 Executing VM operation: Cleanup done

Events (20 events):
Event: 39.909 Thread 0x0000022c5e7f9040 flushing nmethod 0x0000022c48977290
Event: 39.909 Thread 0x0000022c5e7f9040 flushing nmethod 0x0000022c48977690
Event: 39.909 Thread 0x0000022c5e7f9040 flushing nmethod 0x0000022c48978a10
Event: 39.909 Thread 0x0000022c5e7f9040 flushing nmethod 0x0000022c4897b310
Event: 39.909 Thread 0x0000022c5e7f9040 flushing nmethod 0x0000022c4897d510
Event: 39.909 Thread 0x0000022c5e7f9040 flushing nmethod 0x0000022c48980a10
Event: 39.909 Thread 0x0000022c5e7f9040 flushing nmethod 0x0000022c48988e10
Event: 39.910 Thread 0x0000022c5e7f9040 flushing nmethod 0x0000022c489c2410
Event: 39.910 Thread 0x0000022c5e7f9040 flushing nmethod 0x0000022c489df790
Event: 39.910 Thread 0x0000022c5e7f9040 flushing nmethod 0x0000022c489e4d90
Event: 39.910 Thread 0x0000022c5e7f9040 flushing nmethod 0x0000022c489ffa10
Event: 39.910 Thread 0x0000022c5e7f9040 flushing nmethod 0x0000022c48a16e10
Event: 39.910 Thread 0x0000022c5e7f9040 flushing nmethod 0x0000022c48a1a790
Event: 39.911 Thread 0x0000022c5e7f9040 flushing nmethod 0x0000022c48a41a10
Event: 39.911 Thread 0x0000022c5e7f9040 flushing nmethod 0x0000022c48a5cc10
Event: 39.911 Thread 0x0000022c5e7f9040 flushing nmethod 0x0000022c48a86410
Event: 39.911 Thread 0x0000022c5e7f9040 flushing nmethod 0x0000022c48ac0910
Event: 39.911 Thread 0x0000022c5e7f9040 flushing nmethod 0x0000022c48ac0f10
Event: 39.912 Thread 0x0000022c5e7f9040 flushing nmethod 0x0000022c48afc690
Event: 43.090 Thread 0x0000022c63353a10 Thread exited: 0x0000022c63353a10


Dynamic libraries:
0x00007ff7f5e40000 - 0x00007ff7f5e4d000 	C:\Users\Ritej\.jdks\corretto-19.0.2\bin\java.exe
0x00007ffc8c9f0000 - 0x00007ffc8cc07000 	C:\WINDOWS\SYSTEM32\ntdll.dll
0x00007ffc55690000 - 0x00007ffc556b0000 	C:\Program Files\Avast Software\Avast\aswhook.dll
0x00007ffc8b8f0000 - 0x00007ffc8b9b4000 	C:\WINDOWS\System32\KERNEL32.DLL
0x00007ffc89eb0000 - 0x00007ffc8a280000 	C:\WINDOWS\System32\KERNELBASE.dll
0x00007ffc8a3f0000 - 0x00007ffc8a501000 	C:\WINDOWS\System32\ucrtbase.dll
0x00007ffc758a0000 - 0x00007ffc758b7000 	C:\Users\Ritej\.jdks\corretto-19.0.2\bin\jli.dll
0x00007ffc74c50000 - 0x00007ffc74c65000 	C:\Users\Ritej\.jdks\corretto-19.0.2\bin\VCRUNTIME140.dll
0x00007ffc8bc80000 - 0x00007ffc8be2e000 	C:\WINDOWS\System32\USER32.dll
0x00007ffc89e00000 - 0x00007ffc89e26000 	C:\WINDOWS\System32\win32u.dll
0x00007ffc8b8c0000 - 0x00007ffc8b8e9000 	C:\WINDOWS\System32\GDI32.dll
0x00007ffc8a510000 - 0x00007ffc8a62b000 	C:\WINDOWS\System32\gdi32full.dll
0x00007ffc690f0000 - 0x00007ffc69382000 	C:\WINDOWS\WinSxS\amd64_microsoft.windows.common-controls_6595b64144ccf1df_6.0.22621.4830_none_270fe7d773858e80\COMCTL32.dll
0x00007ffc89d60000 - 0x00007ffc89dfa000 	C:\WINDOWS\System32\msvcp_win.dll
0x00007ffc8b600000 - 0x00007ffc8b6a7000 	C:\WINDOWS\System32\msvcrt.dll
0x00007ffc8c8f0000 - 0x00007ffc8c921000 	C:\WINDOWS\System32\IMM32.DLL
0x00007ffc71ac0000 - 0x00007ffc71b5b000 	C:\Users\Ritej\.jdks\corretto-19.0.2\bin\msvcp140.dll
0x00007ffc34cd0000 - 0x00007ffc359a9000 	C:\Users\Ritej\.jdks\corretto-19.0.2\bin\server\jvm.dll
0x00007ffc8a7b0000 - 0x00007ffc8a861000 	C:\WINDOWS\System32\ADVAPI32.dll
0x00007ffc8c4b0000 - 0x00007ffc8c557000 	C:\WINDOWS\System32\sechost.dll
0x00007ffc8a6b0000 - 0x00007ffc8a6d8000 	C:\WINDOWS\System32\bcrypt.dll
0x00007ffc8a8c0000 - 0x00007ffc8a9d4000 	C:\WINDOWS\System32\RPCRT4.dll
0x00007ffc831f0000 - 0x00007ffc83224000 	C:\WINDOWS\SYSTEM32\WINMM.dll
0x00007ffc718b0000 - 0x00007ffc718b9000 	C:\WINDOWS\SYSTEM32\WSOCK32.dll
0x00007ffc8c930000 - 0x00007ffc8c9a1000 	C:\WINDOWS\System32\WS2_32.dll
0x00007ffc82600000 - 0x00007ffc8260a000 	C:\WINDOWS\SYSTEM32\VERSION.dll
0x00007ffc88ca0000 - 0x00007ffc88cb8000 	C:\WINDOWS\SYSTEM32\kernel.appcore.dll
0x00007ffc85250000 - 0x00007ffc8525a000 	C:\Users\Ritej\.jdks\corretto-19.0.2\bin\jimage.dll
0x00007ffc874a0000 - 0x00007ffc876d2000 	C:\WINDOWS\SYSTEM32\DBGHELP.DLL
0x00007ffc8c560000 - 0x00007ffc8c8f0000 	C:\WINDOWS\System32\combase.dll
0x00007ffc8b7e0000 - 0x00007ffc8b8b7000 	C:\WINDOWS\System32\OLEAUT32.dll
0x00007ffc76f50000 - 0x00007ffc76f82000 	C:\WINDOWS\SYSTEM32\dbgcore.DLL
0x00007ffc89e30000 - 0x00007ffc89eab000 	C:\WINDOWS\System32\bcryptPrimitives.dll
0x00007ffc828c0000 - 0x00007ffc828ce000 	C:\Users\Ritej\.jdks\corretto-19.0.2\bin\instrument.dll
0x00007ffc72530000 - 0x00007ffc72556000 	C:\Users\Ritej\.jdks\corretto-19.0.2\bin\java.dll
0x00007ffc677c0000 - 0x00007ffc67896000 	C:\Users\Ritej\.jdks\corretto-19.0.2\bin\jsvml.dll
0x00007ffc8ad80000 - 0x00007ffc8b5f8000 	C:\WINDOWS\System32\SHELL32.dll
0x00007ffc87ba0000 - 0x00007ffc884b0000 	C:\WINDOWS\SYSTEM32\windows.storage.dll
0x00007ffc87a60000 - 0x00007ffc87b9f000 	C:\WINDOWS\SYSTEM32\wintypes.dll
0x00007ffc8b6d0000 - 0x00007ffc8b7da000 	C:\WINDOWS\System32\SHCORE.dll
0x00007ffc8acb0000 - 0x00007ffc8ad0e000 	C:\WINDOWS\System32\shlwapi.dll
0x00007ffc89bd0000 - 0x00007ffc89bfb000 	C:\WINDOWS\SYSTEM32\profapi.dll
0x00007ffc72280000 - 0x00007ffc72298000 	C:\Users\Ritej\.jdks\corretto-19.0.2\bin\zip.dll
0x00007ffc74c10000 - 0x00007ffc74c23000 	C:\Users\Ritej\.jdks\corretto-19.0.2\bin\net.dll
0x00007ffc85fa0000 - 0x00007ffc860cc000 	C:\WINDOWS\SYSTEM32\WINHTTP.dll
0x00007ffc89110000 - 0x00007ffc8917a000 	C:\WINDOWS\system32\mswsock.dll
0x00007ffc726f0000 - 0x00007ffc72705000 	C:\Users\Ritej\.jdks\corretto-19.0.2\bin\nio.dll
0x00007ffc84f40000 - 0x00007ffc84f5a000 	C:\Program Files\JetBrains\IntelliJ IDEA Community Edition 2024.1.4\bin\breakgen64.dll
0x00007ffc728e0000 - 0x00007ffc728e8000 	C:\Users\Ritej\.jdks\corretto-19.0.2\bin\extnet.dll
0x00007ffc83ed0000 - 0x00007ffc83ed9000 	C:\Users\Ritej\.jdks\corretto-19.0.2\bin\management.dll
0x00007ffc82a50000 - 0x00007ffc82a5b000 	C:\Users\Ritej\.jdks\corretto-19.0.2\bin\management_ext.dll
0x00007ffc8a7a0000 - 0x00007ffc8a7a8000 	C:\WINDOWS\System32\PSAPI.DLL
0x00007ffc80a60000 - 0x00007ffc80a6e000 	C:\Users\Ritej\.jdks\corretto-19.0.2\bin\sunmscapi.dll
0x00007ffc8a280000 - 0x00007ffc8a3e6000 	C:\WINDOWS\System32\CRYPT32.dll
0x00007ffc89550000 - 0x00007ffc8957d000 	C:\WINDOWS\SYSTEM32\ncrypt.dll
0x00007ffc89510000 - 0x00007ffc89547000 	C:\WINDOWS\SYSTEM32\NTASN1.dll
0x00007ffc89460000 - 0x00007ffc8947b000 	C:\WINDOWS\SYSTEM32\CRYPTSP.dll
0x00007ffc88c00000 - 0x00007ffc88c35000 	C:\WINDOWS\system32\rsaenh.dll
0x00007ffc891b0000 - 0x00007ffc891d8000 	C:\WINDOWS\SYSTEM32\USERENV.dll
0x00007ffc89440000 - 0x00007ffc8944c000 	C:\WINDOWS\SYSTEM32\CRYPTBASE.dll
0x00007ffc88700000 - 0x00007ffc8872d000 	C:\WINDOWS\SYSTEM32\IPHLPAPI.DLL
0x00007ffc8a6e0000 - 0x00007ffc8a6e9000 	C:\WINDOWS\System32\NSI.dll
0x00007ffc85eb0000 - 0x00007ffc85ec9000 	C:\WINDOWS\SYSTEM32\dhcpcsvc6.DLL
0x00007ffc85e90000 - 0x00007ffc85eaf000 	C:\WINDOWS\SYSTEM32\dhcpcsvc.DLL
0x00007ffc88730000 - 0x00007ffc88832000 	C:\WINDOWS\SYSTEM32\DNSAPI.dll
0x00007ffc81550000 - 0x00007ffc8155a000 	C:\Windows\System32\rasadhlp.dll
0x00007ffc830e0000 - 0x00007ffc83163000 	C:\WINDOWS\System32\fwpuclnt.dll
0x00007ffc71f00000 - 0x00007ffc71f08000 	C:\WINDOWS\system32\wshunix.dll
0x00007ffc85820000 - 0x00007ffc85830000 	C:\Users\Ritej\.jdks\corretto-19.0.2\bin\verify.dll

dbghelp: loaded successfully - version: 4.0.5 - missing functions: none
symbol engine: initialized successfully - sym options: 0x614 - pdb path: .;C:\Users\Ritej\.jdks\corretto-19.0.2\bin;C:\WINDOWS\SYSTEM32;C:\Program Files\Avast Software\Avast;C:\WINDOWS\WinSxS\amd64_microsoft.windows.common-controls_6595b64144ccf1df_6.0.22621.4830_none_270fe7d773858e80;C:\Users\Ritej\.jdks\corretto-19.0.2\bin\server;C:\Program Files\JetBrains\IntelliJ IDEA Community Edition 2024.1.4\bin

VM Arguments:
jvm_args: -javaagent:C:\Program Files\JetBrains\IntelliJ IDEA Community Edition 2024.1.4\lib\idea_rt.jar=56443:C:\Program Files\JetBrains\IntelliJ IDEA Community Edition 2024.1.4\bin -Dfile.encoding=UTF-8 -Dsun.stdout.encoding=UTF-8 -Dsun.stderr.encoding=UTF-8 
java_command: com.example.WSM.WsmApplication
java_class_path (initial): C:\Users\Ritej\Downloads\Ritej-main\WSM Project\WSM\target\classes;C:\Users\Ritej\.m2\repository\org\apache\poi\poi\5.2.3\poi-5.2.3.jar;C:\Users\Ritej\.m2\repository\commons-codec\commons-codec\1.18.0\commons-codec-1.18.0.jar;C:\Users\Ritej\.m2\repository\org\apache\commons\commons-collections4\4.4\commons-collections4-4.4.jar;C:\Users\Ritej\.m2\repository\org\apache\commons\commons-math3\3.6.1\commons-math3-3.6.1.jar;C:\Users\Ritej\.m2\repository\commons-io\commons-io\2.11.0\commons-io-2.11.0.jar;C:\Users\Ritej\.m2\repository\com\zaxxer\SparseBitSet\1.2\SparseBitSet-1.2.jar;C:\Users\Ritej\.m2\repository\org\apache\logging\log4j\log4j-api\2.24.3\log4j-api-2.24.3.jar;C:\Users\Ritej\.m2\repository\org\apache\poi\poi-ooxml\5.2.3\poi-ooxml-5.2.3.jar;C:\Users\Ritej\.m2\repository\org\apache\poi\poi-ooxml-lite\5.2.3\poi-ooxml-lite-5.2.3.jar;C:\Users\Ritej\.m2\repository\org\apache\xmlbeans\xmlbeans\5.1.1\xmlbeans-5.1.1.jar;C:\Users\Ritej\.m2\repository\org\apache\commons\commons-compress\1.21\commons-compress-1.21.jar;C:\Users\Ritej\.m2\repository\com\github\virtuald\curvesapi\1.07\curvesapi-1.07.jar;C:\Users\Ritej\.m2\repository\org\springframework\boot\spring-boot-starter-data-mongodb\3.5.4\spring-boot-starter-data-mongodb-3.5.4.jar;C:\Users\Ritej\.m2\repository\org\springframework\boot\spring-boot-starter\3.5.4\spring-boot-starter-3.5.4.jar;C:\Users\Ritej\.m2\repository\org\springframework\boot\spring-boot-starter-logging\3.5.4\spring-boot-starter-logging-3.5.4.jar;C:\Users\Ritej\.m2\repository\ch\qos\logback\logback-classic\1.5.18\logback-classic-1.5.18.jar;C:\Users\Ritej\.m2\repository\ch\qos\logback\logback-core\1.5.18\logback-core-1.5.18.jar;C:\Users\Ritej\.m2\repository\org\apache\logging\log4j\log4j-to-slf4j\2.24.3\log4j-to-slf4j-2.24.3.jar;C:\Users\Ritej\.m2\repository\org\slf4j\jul-to-slf4j\2.0.17\jul-to-slf4j-2.0.17.jar;C:\Users\Ritej\.m2\repository\jakarta\annotation\jakarta.annotation-api\2.1.1\jakarta.annotation-api-2.1.1.jar;C:\Users\Ritej\.m2\repository\org\yaml\snakeyaml\2.4\snakeyaml-2.4.jar;C:\Users\Ritej\.m2\repository\org\mongodb\mongodb-driver-sync\5.5.1\mongodb-driver-sync-5.5.1.jar;C:\Users\Ritej\.m2\repository\org\mongodb\bson\5.5.1\bson-5.5.1.jar;C:\Users\Ritej\.m2\repository\org\mongodb\mongodb-driver-core\5.5.1\mongodb-driver-core-5.5.1.jar;C:\Users\Ritej\.m2\repository\org\mongodb\bson-record-codec\5.5.1\bson-record-codec-5.5.1.jar;C:\Users\Ritej\.m2\repository\org\springframework\data\spring-data-mongodb\4.5.2\spring-data-mongodb-4.5.2.jar;C:\Users\Ritej\.m2\repository\org\springframework\spring-tx\6.2.9\spring-tx-6.2.9.jar;C:\Users\Ritej\.m2\repository\org\springframework\spring-context\6.2.9\spring-context-6.2.9.jar;C:\Users\Ritej\.m2\repository\org\springframework\spring-beans\6.2.9\spring-beans-6.2.9.jar;C:\Users\Ritej\.m2\repository\org\springframework\spring-expression\6.2.9\spring-expression-6.2.9.jar;C:\Users\Ritej\.m2\repository\org\springframework\data\spring-data-commons\3.5.2\spring-data-commons-3.5.2.jar;C:\Users\Ritej\.m2\repository\org\slf4j\slf4j-api\2.0.17\slf4j-api-2.0.17.jar;C:\Users\Ritej\.m2\repository\org\springframework\boot\spring-boot-starter-security\3.2.0\spring-boot-starter-security-3.2.0.jar;C:\Users\Ritej\.m2\repository\org\springframework\spring-aop\6.2.9\spring-aop-6.2.9.jar;C:\Users\Ritej\.m2\repository\org\springframework\security\spring-security-config\6.5.2\spring-security-config-6.5.2.jar;C:\Users\Ritej\.m2\repository\org\springframework\security\spring-security-core\6.5.2\spring-security-core-6.5.2.jar;C:\Users\Ritej\.m2\repository\org\springframework\security\spring-security-crypto\6.5.2\spring-security-crypto-6.5.2.jar;C:\Users\Ritej\.m2\repository\org\springframework\security\spring-security-web\6.5.2\spring-security-web-6.5.2.jar;C:\Users\Ritej\.m2\repository\org\springframework\boot\spring-boot-starter-web\3.5.4\spring-boot-starter-web-3.5.4.jar;C:\Users\Ritej\.m2\repository\org\springframework\boot\spring-boot-starter-json\3.5.4\spring-boot-starter-json-3.5.4.jar;C:\Users\Ritej\.m2\repository\com\fasterxml\jackson\core\jackson-databind\2.19.2\jackson-databind-2.19.2.jar;C:\Users\Ritej\.m2\repository\com\fasterxml\jackson\core\jackson-annotations\2.19.2\jackson-annotations-2.19.2.jar;C:\Users\Ritej\.m2\repository\com\fasterxml\jackson\core\jackson-core\2.19.2\jackson-core-2.19.2.jar;C:\Users\Ritej\.m2\repository\com\fasterxml\jackson\datatype\jackson-datatype-jdk8\2.19.2\jackson-datatype-jdk8-2.19.2.jar;C:\Users\Ritej\.m2\repository\com\fasterxml\jackson\datatype\jackson-datatype-jsr310\2.19.2\jackson-datatype-jsr310-2.19.2.jar;C:\Users\Ritej\.m2\repository\com\fasterxml\jackson\module\jackson-module-parameter-names\2.19.2\jackson-module-parameter-names-2.19.2.jar;C:\Users\Ritej\.m2\repository\org\springframework\boot\spring-boot-starter-tomcat\3.5.4\spring-boot-starter-tomcat-3.5.4.jar;C:\Users\Ritej\.m2\repository\org\apache\tomcat\embed\tomcat-embed-core\10.1.43\tomcat-embed-core-10.1.43.jar;C:\Users\Ritej\.m2\repository\org\apache\tomcat\embed\tomcat-embed-el\10.1.43\tomcat-embed-el-10.1.43.jar;C:\Users\Ritej\.m2\repository\org\apache\tomcat\embed\tomcat-embed-websocket\10.1.43\tomcat-embed-websocket-10.1.43.jar;C:\Users\Ritej\.m2\repository\org\springframework\spring-web\6.2.9\spring-web-6.2.9.jar;C:\Users\Ritej\.m2\repository\io\micrometer\micrometer-observation\1.15.2\micrometer-observation-1.15.2.jar;C:\Users\Ritej\.m2\repository\io\micrometer\micrometer-commons\1.15.2\micrometer-commons-1.15.2.jar;C:\Users\Ritej\.m2\repository\org\springframework\spring-webmvc\6.2.9\spring-webmvc-6.2.9.jar;C:\Users\Ritej\.m2\repository\org\springframework\boot\spring-boot-devtools\3.5.4\spring-boot-devtools-3.5.4.jar;C:\Users\Ritej\.m2\repository\org\springframework\boot\spring-boot\3.5.4\spring-boot-3.5.4.jar;C:\Users\Ritej\.m2\repository\org\springframework\boot\spring-boot-autoconfigure\3.5.4\spring-boot-autoconfigure-3.5.4.jar;C:\Users\Ritej\.m2\repository\org\projectlombok\lombok\1.18.38\lombok-1.18.38.jar;C:\Users\Ritej\.m2\repository\org\springframework\spring-core\6.2.9\spring-core-6.2.9.jar;C:\Users\Ritej\.m2\repository\org\springframework\spring-jcl\6.2.9\spring-jcl-6.2.9.jar
Launcher Type: SUN_STANDARD

[Global flags]
     intx CICompilerCount                          = 4                                         {product} {ergonomic}
     uint ConcGCThreads                            = 2                                         {product} {ergonomic}
     uint G1ConcRefinementThreads                  = 8                                         {product} {ergonomic}
   size_t G1HeapRegionSize                         = 1048576                                   {product} {ergonomic}
    uintx GCDrainStackTargetSize                   = 64                                        {product} {ergonomic}
   size_t InitialHeapSize                          = 130023424                                 {product} {ergonomic}
   size_t MarkStackSize                            = 4194304                                   {product} {ergonomic}
   size_t MaxHeapSize                              = 2078277632                                {product} {ergonomic}
   size_t MaxNewSize                               = 1246756864                                {product} {ergonomic}
   size_t MinHeapDeltaBytes                        = 1048576                                   {product} {ergonomic}
   size_t MinHeapSize                              = 8388608                                   {product} {ergonomic}
    uintx NonNMethodCodeHeapSize                   = 5839372                                {pd product} {ergonomic}
    uintx NonProfiledCodeHeapSize                  = 122909434                              {pd product} {ergonomic}
    uintx ProfiledCodeHeapSize                     = 122909434                              {pd product} {ergonomic}
    uintx ReservedCodeCacheSize                    = 251658240                              {pd product} {ergonomic}
     bool SegmentedCodeCache                       = true                                      {product} {ergonomic}
   size_t SoftMaxHeapSize                          = 2078277632                             {manageable} {ergonomic}
     bool UseCompressedClassPointers               = true                           {product lp64_product} {ergonomic}
     bool UseCompressedOops                        = true                           {product lp64_product} {ergonomic}
     bool UseG1GC                                  = true                                      {product} {ergonomic}
     bool UseLargePagesIndividualAllocation        = false                                  {pd product} {ergonomic}

Logging:
Log output configuration:
 #0: stdout all=warning uptime,level,tags foldmultilines=false
 #1: stderr all=off uptime,level,tags foldmultilines=false

Environment Variables:
JAVA_HOME=C:\Program Files\Java\jdk-17
PATH=C:\Program Files\MongoDB\Server\7.0\bin;C:\oraclexe\app\oracle\product\11.2.0\server\bin;"C:\xampp\php;C:\xampp\php;C:\Program Files\Common Files\Oracle\Java\javapath";C:\WINDOWS\system32;C:\WINDOWS;C:\WINDOWS\System32\Wbem;C:\WINDOWS\System32\WindowsPowerShell\v1.0\;C:\WINDOWS\System32\OpenSSH\;C:\ProgramData\chocolatey\bin;C:\Program Files\Java\jdk-17\bin;C:\Program Files\Docker\Docker\resources\bin;C:\Users\Ritej\AppData\Roaming\nvm;C:\Program Files\nodejs;C:\Program Files\Git\cmd;C:\Users\Ritej\AppData\Local\Microsoft\WindowsApps\python.exe;C:\Users\Ritej\AppData\Local\Programs\Python\Launcher\;C:\Program Files\MongoDB\Server\7.0\bin;C:\Users\Ritej\AppData\Local\Microsoft\WindowsApps;C:\Users\Ritej\AppData\Local\JetBrains\PyCharm 2023.1\bin;;C:\Program Files\JetBrains\PyCharm Community Edition 2022.2.3\bin;;C:\Users\Ritej\AppData\Local\Programs\Microsoft VS Code\bin;C:\Users\Ritej\AppData\Roaming\npm;C:\Program Files\JetBrains\IntelliJ IDEA Community Edition 2024.1.4\bin;;C:\Users\Ritej\Desktop\jdk-19_windows-x64_bin\bin;C:\Users\Ritej\AppData\Local\JetBrains\IntelliJ IDEA 2024.1.4\bin;;C:\Users\Ritej\AppData\Roaming\nvm;C:\Program Files\nodejs;C:\Program Files\apache-maven-3.9.9\bin;C:\Users\Ritej\AppData\Local\Microsoft\WindowsApps\python.exe;
USERNAME=Ritej
OS=Windows_NT
PROCESSOR_IDENTIFIER=Intel64 Family 6 Model 140 Stepping 1, GenuineIntel
TMP=C:\Users\Ritej\AppData\Local\Temp
TEMP=C:\Users\Ritej\AppData\Local\Temp



---------------  S Y S T E M  ---------------

OS:
 Windows 11 , 64 bit Build 22621 (10.0.22621.4830)
OS uptime: 26 days 12:12 hours
Hyper-V role detected

CPU: total 8 (initial active 8) (4 cores per cpu, 2 threads per core) family 6 model 140 stepping 1 microcode 0xb8, cx8, cmov, fxsr, ht, mmx, 3dnowpref, sse, sse2, sse3, ssse3, sse4.1, sse4.2, popcnt, lzcnt, tsc, tscinvbit, avx, avx2, aes, erms, clmul, bmi1, bmi2, adx, avx512f, avx512dq, avx512cd, avx512bw, avx512vl, sha, fma, vzeroupper, avx512_vpopcntdq, avx512_vpclmulqdq, avx512_vaes, avx512_vnni, clflush, clflushopt, clwb, avx512_vbmi2, avx512_vbmi, hv, rdtscp, rdpid, fsrm, gfni, avx512_bitalg

Memory: 4k page, system-wide physical 7926M (153M free)
TotalPageFile size 20426M (AvailPageFile size 4M)
current process WorkingSet (physical memory assigned to process): 147M, peak: 199M
current process commit charge ("private bytes"): 223M, peak: 265M

vm_info: OpenJDK 64-Bit Server VM (19.0.2+7-FR) for windows-amd64 JRE (19.0.2+7-FR), built on Jan 13 2023 22:53:32 by "Administrator" with MS VC++ 15.9 (VS2017)

END.
