#
# There is insufficient memory for the Java Runtime Environment to continue.
# Native memory allocation (malloc) failed to allocate 970832 bytes for Chunk::new
# Possible reasons:
#   The system is out of physical RAM or swap space
#   The process is running with CompressedOops enabled, and the Java Heap may be blocking the growth of the native heap
# Possible solutions:
#   Reduce memory load on the system
#   Increase physical memory or swap space
#   Check if swap backing store is full
#   Decrease Java heap size (-Xmx/-Xms)
#   Decrease number of Java threads
#   Decrease Java thread stack sizes (-Xss)
#   Set larger code cache with -XX:ReservedCodeCacheSize=
#   JVM is running with Unscaled Compressed Oops mode in which the Java heap is
#     placed in the first 4GB address space. The Java Heap base address is the
#     maximum limit for the native heap growth. Please use -XX:HeapBaseMinAddress
#     to set the Java Heap base and to place the Java Heap above 4GB virtual address.
# This output file may be truncated or incomplete.
#
#  Out of Memory Error (arena.cpp:184), pid=24312, tid=18596
#
# JRE version: OpenJDK Runtime Environment Corretto-19.0.2.7.1 (19.0.2+7) (build 19.0.2+7-FR)
# Java VM: OpenJDK 64-Bit Server VM Corretto-19.0.2.7.1 (19.0.2+7-FR, mixed mode, sharing, tiered, compressed oops, compressed class ptrs, g1 gc, windows-amd64)
# No core dump will be written. Minidumps are not enabled by default on client versions of Windows
#

---------------  S U M M A R Y ------------

Command Line: -javaagent:C:\Program Files\JetBrains\IntelliJ IDEA Community Edition 2024.1.4\lib\idea_rt.jar=54171:C:\Program Files\JetBrains\IntelliJ IDEA Community Edition 2024.1.4\bin -Dfile.encoding=UTF-8 -Dsun.stdout.encoding=UTF-8 -Dsun.stderr.encoding=UTF-8 com.example.WSM.WsmApplication

Host: 11th Gen Intel(R) Core(TM) i5-1135G7 @ 2.40GHz, 8 cores, 7G,  Windows 11 , 64 bit Build 22621 (10.0.22621.4830)
Time: Wed Aug 27 23:57:21 2025 Afr. centrale Ouest elapsed time: 1635.659833 seconds (0d 0h 27m 15s)

---------------  T H R E A D  ---------------

Current thread (0x000001fca2adef60):  JavaThread "C2 CompilerThread0" daemon [_thread_in_native, id=18596, stack(0x0000001dffc00000,0x0000001dffd00000)]


Current CompileTask:
C2:1635659 10125       4       org.bson.BsonDocumentWrapper::getUnwrapped (71 bytes)

Stack: [0x0000001dffc00000,0x0000001dffd00000]
Native frames: (J=compiled Java code, j=interpreted, Vv=VM code, C=native code)
V  [jvm.dll+0x6d034a]
V  [jvm.dll+0x880f10]
V  [jvm.dll+0x88289e]
V  [jvm.dll+0x882f43]
V  [jvm.dll+0x27b4bb]
V  [jvm.dll+0xdd792]
V  [jvm.dll+0xddb25]
V  [jvm.dll+0x3b4a5b]
V  [jvm.dll+0x37c86a]
V  [jvm.dll+0x37bc5a]
V  [jvm.dll+0x2470ef]
V  [jvm.dll+0x2465a7]
V  [jvm.dll+0x1d4bb7]
V  [jvm.dll+0x25558a]
V  [jvm.dll+0x2538d7]
V  [jvm.dll+0x8342bd]
V  [jvm.dll+0x82e2fa]
V  [jvm.dll+0x6cf0d3]
C  [ucrtbase.dll+0x29333]
C  [KERNEL32.DLL+0x1259d]
C  [ntdll.dll+0x5af38]


---------------  P R O C E S S  ---------------

Threads class SMR info:
_java_thread_list=0x000001fcaa827640, length=34, elements={
0x000001fca2ad5240, 0x000001fca2ad6b80, 0x000001fca2ada760, 0x000001fca2adb090,
0x000001fca2adb9c0, 0x000001fca2adc2f0, 0x000001fca2adef60, 0x000001fca2ae18e0,
0x000001fca6d707c0, 0x000001fca6dba110, 0x000001fca713c830, 0x000001fca713cd70,
0x000001fca8e35050, 0x000001fca866a6a0, 0x000001fca85979e0, 0x000001fca9a68e50,
0x000001fca9a66920, 0x000001fca9a66e70, 0x000001fca9a673c0, 0x000001fca9a67910,
0x000001fca9a67e60, 0x000001fca9a68900, 0x000001fca9a693a0, 0x000001fca9a698f0,
0x000001fca9a69e40, 0x000001fcaa527520, 0x000001fcaa525540, 0x000001fcaa521030,
0x000001fcaa526fd0, 0x000001fcaa520ae0, 0x000001fcaa524550, 0x000001fcaa527a70,
0x000001fcaa520590, 0x000001fcaa525fe0
}

Java Threads: ( => current thread )
  0x000001fca2ad5240 JavaThread "Reference Handler" daemon [_thread_blocked, id=3688, stack(0x0000001dff600000,0x0000001dff700000)]
  0x000001fca2ad6b80 JavaThread "Finalizer" daemon [_thread_blocked, id=24512, stack(0x0000001dff700000,0x0000001dff800000)]
  0x000001fca2ada760 JavaThread "Signal Dispatcher" daemon [_thread_blocked, id=3848, stack(0x0000001dff800000,0x0000001dff900000)]
  0x000001fca2adb090 JavaThread "Attach Listener" daemon [_thread_blocked, id=26668, stack(0x0000001dff900000,0x0000001dffa00000)]
  0x000001fca2adb9c0 JavaThread "Service Thread" daemon [_thread_blocked, id=12020, stack(0x0000001dffa00000,0x0000001dffb00000)]
  0x000001fca2adc2f0 JavaThread "Monitor Deflation Thread" daemon [_thread_blocked, id=2128, stack(0x0000001dffb00000,0x0000001dffc00000)]
=>0x000001fca2adef60 JavaThread "C2 CompilerThread0" daemon [_thread_in_native, id=18596, stack(0x0000001dffc00000,0x0000001dffd00000)]
  0x000001fca2ae18e0 JavaThread "C1 CompilerThread0" daemon [_thread_blocked, id=28384, stack(0x0000001dffd00000,0x0000001dffe00000)]
  0x000001fca6d707c0 JavaThread "Sweeper thread" daemon [_thread_blocked, id=26056, stack(0x0000001dffe00000,0x0000001dfff00000)]
  0x000001fca6dba110 JavaThread "Common-Cleaner" daemon [_thread_blocked, id=28452, stack(0x0000001dfff00000,0x0000001e00000000)]
  0x000001fca713c830 JavaThread "Monitor Ctrl-Break" daemon [_thread_in_native, id=4972, stack(0x0000001d80000000,0x0000001d80100000)]
  0x000001fca713cd70 JavaThread "Notification Thread" daemon [_thread_blocked, id=23304, stack(0x0000001d80100000,0x0000001d80200000)]
  0x000001fca8e35050 JavaThread "Catalina-utility-1" [_thread_blocked, id=160, stack(0x0000001d80d00000,0x0000001d80e00000)]
  0x000001fca866a6a0 JavaThread "Catalina-utility-2" [_thread_blocked, id=23420, stack(0x0000001d80e00000,0x0000001d80f00000)]
  0x000001fca85979e0 JavaThread "container-0" [_thread_blocked, id=10328, stack(0x0000001d80f00000,0x0000001d81000000)]
  0x000001fca9a68e50 JavaThread "BufferPoolPruner-1-thread-1" daemon [_thread_blocked, id=14876, stack(0x0000001d81000000,0x0000001d81100000)]
  0x000001fca9a66920 JavaThread "cluster-ClusterId{value='68af86f789037d9f3bf43361', description='null'}-localhost:27017" daemon [_thread_in_native, id=22644, stack(0x0000001d81200000,0x0000001d81300000)]
  0x000001fca9a66e70 JavaThread "cluster-rtt-ClusterId{value='68af86f789037d9f3bf43361', description='null'}-localhost:27017" daemon [_thread_blocked, id=27096, stack(0x0000001d81400000,0x0000001d81500000)]
  0x000001fca9a673c0 JavaThread "MaintenanceTimer-2-thread-1" daemon [_thread_blocked, id=25860, stack(0x0000001d81500000,0x0000001d81600000)]
  0x000001fca9a67910 JavaThread "Live Reload Server" daemon [_thread_in_native, id=17932, stack(0x0000001d81600000,0x0000001d81700000)]
  0x000001fca9a67e60 JavaThread "File Watcher" daemon [_thread_blocked, id=27712, stack(0x0000001d81700000,0x0000001d81800000)]
  0x000001fca9a68900 JavaThread "http-nio-8080-exec-1" daemon [_thread_blocked, id=17200, stack(0x0000001d81800000,0x0000001d81900000)]
  0x000001fca9a693a0 JavaThread "http-nio-8080-exec-2" daemon [_thread_blocked, id=24380, stack(0x0000001d81900000,0x0000001d81a00000)]
  0x000001fca9a698f0 JavaThread "http-nio-8080-exec-3" daemon [_thread_blocked, id=5408, stack(0x0000001d81a00000,0x0000001d81b00000)]
  0x000001fca9a69e40 JavaThread "http-nio-8080-exec-4" daemon [_thread_blocked, id=9384, stack(0x0000001d81b00000,0x0000001d81c00000)]
  0x000001fcaa527520 JavaThread "http-nio-8080-exec-5" daemon [_thread_blocked, id=23680, stack(0x0000001d81c00000,0x0000001d81d00000)]
  0x000001fcaa525540 JavaThread "http-nio-8080-exec-6" daemon [_thread_blocked, id=5876, stack(0x0000001d81d00000,0x0000001d81e00000)]
  0x000001fcaa521030 JavaThread "http-nio-8080-exec-7" daemon [_thread_blocked, id=17092, stack(0x0000001d81e00000,0x0000001d81f00000)]
  0x000001fcaa526fd0 JavaThread "http-nio-8080-exec-8" daemon [_thread_in_native, id=11720, stack(0x0000001d81f00000,0x0000001d82000000)]
  0x000001fcaa520ae0 JavaThread "http-nio-8080-exec-9" daemon [_thread_blocked, id=18180, stack(0x0000001d82000000,0x0000001d82100000)]
  0x000001fcaa524550 JavaThread "http-nio-8080-exec-10" daemon [_thread_blocked, id=6652, stack(0x0000001d82100000,0x0000001d82200000)]
  0x000001fcaa527a70 JavaThread "http-nio-8080-Poller" daemon [_thread_in_native, id=8064, stack(0x0000001d82200000,0x0000001d82300000)]
  0x000001fcaa520590 JavaThread "http-nio-8080-Acceptor" daemon [_thread_in_native, id=9636, stack(0x0000001d82300000,0x0000001d82400000)]
  0x000001fcaa525fe0 JavaThread "DestroyJavaVM" [_thread_blocked, id=1732, stack(0x0000001dfef00000,0x0000001dff000000)]

Other Threads:
  0x000001fca2aba580 VMThread "VM Thread" [stack: 0x0000001dff500000,0x0000001dff600000] [id=23484]
  0x000001fca713ebd0 WatcherThread "VM Periodic Task Thread" [stack: 0x0000001d80200000,0x0000001d80300000] [id=16304]
  0x000001fc8423c0f0 WorkerThread "GC Thread#0" [stack: 0x0000001dff000000,0x0000001dff100000] [id=6676]
  0x000001fca7888740 WorkerThread "GC Thread#1" [stack: 0x0000001d80500000,0x0000001d80600000] [id=16080]
  0x000001fca78870c0 WorkerThread "GC Thread#2" [stack: 0x0000001d80600000,0x0000001d80700000] [id=26308]
  0x000001fca7888470 WorkerThread "GC Thread#3" [stack: 0x0000001d80700000,0x0000001d80800000] [id=16084]
  0x000001fca7887660 WorkerThread "GC Thread#4" [stack: 0x0000001d80800000,0x0000001d80900000] [id=10784]
  0x000001fca78881a0 WorkerThread "GC Thread#5" [stack: 0x0000001d80900000,0x0000001d80a00000] [id=25072]
  0x000001fca7887390 WorkerThread "GC Thread#6" [stack: 0x0000001d80a00000,0x0000001d80b00000] [id=3636]
  0x000001fca7887c00 WorkerThread "GC Thread#7" [stack: 0x0000001d80b00000,0x0000001d80c00000] [id=12044]
  0x000001fc8424da90 ConcurrentGCThread "G1 Main Marker" [stack: 0x0000001dff100000,0x0000001dff200000] [id=18228]
  0x000001fc8424ed00 WorkerThread "G1 Conc#0" [stack: 0x0000001dff200000,0x0000001dff300000] [id=27304]
  0x000001fca8146660 WorkerThread "G1 Conc#1" [stack: 0x0000001d80c00000,0x0000001d80d00000] [id=27732]
  0x000001fca2972560 ConcurrentGCThread "G1 Refine#0" [stack: 0x0000001dff300000,0x0000001dff400000] [id=11668]
  0x000001fca2973fd0 ConcurrentGCThread "G1 Service" [stack: 0x0000001dff400000,0x0000001dff500000] [id=27532]

Threads with active compile tasks:
C2 CompilerThread0  1635792 10125       4       org.bson.BsonDocumentWrapper::getUnwrapped (71 bytes)

VM state: not at safepoint (normal execution)

VM Mutex/Monitor currently owned by a thread: None

Heap address: 0x0000000084200000, size: 1982 MB, Compressed Oops mode: 32-bit

CDS archive(s) mapped at: [0x0000000800000000-0x0000000800c40000-0x0000000800c40000), size 12845056, SharedBaseAddress: 0x0000000800000000, ArchiveRelocationMode: 0.
Compressed class space mapped at: 0x0000000801000000-0x0000000841000000, reserved size: 1073741824
Narrow klass base: 0x0000000800000000, Narrow klass shift: 0, Narrow klass range: 0x100000000

GC Precious Log:
 CardTable entry size: 512
 Card Set container configuration: InlinePtr #cards 5 size 8 Array Of Cards #cards 12 size 40 Howl #buckets 4 coarsen threshold 1843 Howl Bitmap #cards 512 size 80 coarsen threshold 460 Card regions per heap region 1 cards per card region 2048
 CPUs: 8 total, 8 available
 Memory: 7926M
 Large Page Support: Disabled
 NUMA Support: Disabled
 Compressed Oops: Enabled (32-bit)
 Heap Region Size: 1M
 Heap Min Capacity: 8M
 Heap Initial Capacity: 124M
 Heap Max Capacity: 1982M
 Pre-touch: Disabled
 Parallel Workers: 8
 Concurrent Workers: 2
 Concurrent Refinement Workers: 8
 Periodic GC: Disabled

Heap:
 garbage-first heap   total 55296K, used 36336K [0x0000000084200000, 0x0000000100000000)
  region size 1024K, 14 young (14336K), 1 survivors (1024K)
 Metaspace       used 46724K, committed 47424K, reserved 1114112K
  class space    used 5630K, committed 5952K, reserved 1048576K

Heap Regions: E=young(eden), S=young(survivor), O=old, HS=humongous(starts), HC=humongous(continues), CS=collection set, F=free, OA=open archive, CA=closed archive, TAMS=top-at-mark-start (previous, next)
|   0|0x0000000084200000, 0x0000000084300000, 0x0000000084300000|100%| O|  |TAMS 0x0000000084300000, 0x0000000084200000| Untracked 
|   1|0x0000000084300000, 0x0000000084400000, 0x0000000084400000|100%| O|  |TAMS 0x0000000084400000, 0x0000000084300000| Untracked 
|   2|0x0000000084400000, 0x0000000084500000, 0x0000000084500000|100%| O|  |TAMS 0x0000000084500000, 0x0000000084400000| Untracked 
|   3|0x0000000084500000, 0x0000000084600000, 0x0000000084600000|100%| O|  |TAMS 0x0000000084600000, 0x0000000084500000| Untracked 
|   4|0x0000000084600000, 0x0000000084700000, 0x0000000084700000|100%| O|  |TAMS 0x0000000084700000, 0x0000000084600000| Untracked 
|   5|0x0000000084700000, 0x0000000084800000, 0x0000000084800000|100%| O|  |TAMS 0x0000000084800000, 0x0000000084700000| Untracked 
|   6|0x0000000084800000, 0x0000000084900000, 0x0000000084900000|100%| O|  |TAMS 0x0000000084900000, 0x0000000084800000| Untracked 
|   7|0x0000000084900000, 0x0000000084a00000, 0x0000000084a00000|100%| O|  |TAMS 0x0000000084a00000, 0x0000000084900000| Untracked 
|   8|0x0000000084a00000, 0x0000000084b00000, 0x0000000084b00000|100%| O|  |TAMS 0x0000000084b00000, 0x0000000084a00000| Untracked 
|   9|0x0000000084b00000, 0x0000000084c00000, 0x0000000084c00000|100%| O|  |TAMS 0x0000000084c00000, 0x0000000084b00000| Untracked 
|  10|0x0000000084c00000, 0x0000000084d00000, 0x0000000084d00000|100%| O|  |TAMS 0x0000000084d00000, 0x0000000084c00000| Untracked 
|  11|0x0000000084d00000, 0x0000000084e00000, 0x0000000084e00000|100%| O|  |TAMS 0x0000000084e00000, 0x0000000084d00000| Untracked 
|  12|0x0000000084e00000, 0x0000000084f00000, 0x0000000084f00000|100%| O|  |TAMS 0x0000000084f00000, 0x0000000084e00000| Untracked 
|  13|0x0000000084f00000, 0x0000000085000000, 0x0000000085000000|100%| O|  |TAMS 0x0000000085000000, 0x0000000084f00000| Untracked 
|  14|0x0000000085000000, 0x0000000085100000, 0x0000000085100000|100%| O|  |TAMS 0x0000000085100000, 0x0000000085000000| Untracked 
|  15|0x0000000085100000, 0x0000000085200000, 0x0000000085200000|100%| O|  |TAMS 0x0000000085200000, 0x0000000085100000| Untracked 
|  16|0x0000000085200000, 0x0000000085300000, 0x0000000085300000|100%| O|  |TAMS 0x0000000085200000, 0x0000000085200000| Untracked 
|  17|0x0000000085300000, 0x0000000085400000, 0x0000000085400000|100%| O|  |TAMS 0x0000000085360200, 0x0000000085300000| Untracked 
|  18|0x0000000085400000, 0x0000000085500000, 0x0000000085500000|100%| O|  |TAMS 0x0000000085400000, 0x0000000085400000| Untracked 
|  19|0x0000000085500000, 0x0000000085600000, 0x0000000085600000|100%| O|  |TAMS 0x0000000085500000, 0x0000000085500000| Untracked 
|  20|0x0000000085600000, 0x0000000085700000, 0x0000000085700000|100%| O|  |TAMS 0x0000000085600000, 0x0000000085600000| Untracked 
|  21|0x0000000085700000, 0x0000000085800000, 0x0000000085800000|100%| O|  |TAMS 0x0000000085700000, 0x0000000085700000| Untracked 
|  22|0x0000000085800000, 0x0000000085900000, 0x0000000085900000|100%| O|  |TAMS 0x0000000085800000, 0x0000000085800000| Untracked 
|  23|0x0000000085900000, 0x000000008590e200, 0x0000000085a00000|  5%| O|  |TAMS 0x0000000085900000, 0x0000000085900000| Untracked 
|  24|0x0000000085a00000, 0x0000000085a00000, 0x0000000085b00000|  0%| F|  |TAMS 0x0000000085a00000, 0x0000000085a00000| Untracked 
|  25|0x0000000085b00000, 0x0000000085b00000, 0x0000000085c00000|  0%| F|  |TAMS 0x0000000085b00000, 0x0000000085b00000| Untracked 
|  26|0x0000000085c00000, 0x0000000085c00000, 0x0000000085d00000|  0%| F|  |TAMS 0x0000000085c00000, 0x0000000085c00000| Untracked 
|  27|0x0000000085d00000, 0x0000000085d00000, 0x0000000085e00000|  0%| F|  |TAMS 0x0000000085d00000, 0x0000000085d00000| Untracked 
|  28|0x0000000085e00000, 0x0000000085e00000, 0x0000000085f00000|  0%| F|  |TAMS 0x0000000085e00000, 0x0000000085e00000| Untracked 
|  29|0x0000000085f00000, 0x0000000085f00000, 0x0000000086000000|  0%| F|  |TAMS 0x0000000085f00000, 0x0000000085f00000| Untracked 
|  30|0x0000000086000000, 0x0000000086000000, 0x0000000086100000|  0%| F|  |TAMS 0x0000000086000000, 0x0000000086000000| Untracked 
|  31|0x0000000086100000, 0x000000008616df58, 0x0000000086200000| 42%| S|CS|TAMS 0x0000000086100000, 0x0000000086100000| Complete 
|  32|0x0000000086200000, 0x0000000086200000, 0x0000000086300000|  0%| F|  |TAMS 0x0000000086200000, 0x0000000086200000| Untracked 
|  33|0x0000000086300000, 0x0000000086300000, 0x0000000086400000|  0%| F|  |TAMS 0x0000000086300000, 0x0000000086300000| Untracked 
|  34|0x0000000086400000, 0x0000000086400000, 0x0000000086500000|  0%| F|  |TAMS 0x0000000086400000, 0x0000000086400000| Untracked 
|  35|0x0000000086500000, 0x0000000086500000, 0x0000000086600000|  0%| F|  |TAMS 0x0000000086500000, 0x0000000086500000| Untracked 
|  36|0x0000000086600000, 0x0000000086600000, 0x0000000086700000|  0%| F|  |TAMS 0x0000000086600000, 0x0000000086600000| Untracked 
|  37|0x0000000086700000, 0x0000000086700000, 0x0000000086800000|  0%| F|  |TAMS 0x0000000086700000, 0x0000000086700000| Untracked 
|  38|0x0000000086800000, 0x0000000086800000, 0x0000000086900000|  0%| F|  |TAMS 0x0000000086800000, 0x0000000086800000| Untracked 
|  39|0x0000000086900000, 0x0000000086900000, 0x0000000086a00000|  0%| F|  |TAMS 0x0000000086900000, 0x0000000086900000| Untracked 
|  40|0x0000000086a00000, 0x0000000086a00000, 0x0000000086b00000|  0%| F|  |TAMS 0x0000000086a00000, 0x0000000086a00000| Untracked 
|  41|0x0000000086b00000, 0x0000000086b8eb30, 0x0000000086c00000| 55%| E|  |TAMS 0x0000000086b00000, 0x0000000086b00000| Complete 
|  42|0x0000000086c00000, 0x0000000086d00000, 0x0000000086d00000|100%| E|CS|TAMS 0x0000000086c00000, 0x0000000086c00000| Complete 
|  43|0x0000000086d00000, 0x0000000086e00000, 0x0000000086e00000|100%| E|CS|TAMS 0x0000000086d00000, 0x0000000086d00000| Complete 
|  44|0x0000000086e00000, 0x0000000086f00000, 0x0000000086f00000|100%| E|CS|TAMS 0x0000000086e00000, 0x0000000086e00000| Complete 
|  45|0x0000000086f00000, 0x0000000087000000, 0x0000000087000000|100%| E|CS|TAMS 0x0000000086f00000, 0x0000000086f00000| Complete 
|  68|0x0000000088600000, 0x0000000088700000, 0x0000000088700000|100%| E|CS|TAMS 0x0000000088600000, 0x0000000088600000| Complete 
|  69|0x0000000088700000, 0x0000000088800000, 0x0000000088800000|100%| E|CS|TAMS 0x0000000088700000, 0x0000000088700000| Complete 
|  70|0x0000000088800000, 0x0000000088900000, 0x0000000088900000|100%| E|CS|TAMS 0x0000000088800000, 0x0000000088800000| Complete 
|  71|0x0000000088900000, 0x0000000088a00000, 0x0000000088a00000|100%| E|CS|TAMS 0x0000000088900000, 0x0000000088900000| Complete 
|  72|0x0000000088a00000, 0x0000000088b00000, 0x0000000088b00000|100%| E|CS|TAMS 0x0000000088a00000, 0x0000000088a00000| Complete 
|  73|0x0000000088b00000, 0x0000000088c00000, 0x0000000088c00000|100%| E|CS|TAMS 0x0000000088b00000, 0x0000000088b00000| Complete 
|  74|0x0000000088c00000, 0x0000000088d00000, 0x0000000088d00000|100%| E|CS|TAMS 0x0000000088c00000, 0x0000000088c00000| Complete 
| 123|0x000000008bd00000, 0x000000008be00000, 0x000000008be00000|100%| E|CS|TAMS 0x000000008bd00000, 0x000000008bd00000| Complete 

Card table byte_map: [0x000001fc9bae0000,0x000001fc9bec0000] _byte_map_base: 0x000001fc9b6bf000

Marking Bits (Prev, Next): (CMBitMap*) 0x000001fc8423d730, (CMBitMap*) 0x000001fc8423d770
 Prev Bits: [0x000001fc9c2a0000, 0x000001fc9e198000)
 Next Bits: [0x000001fc9e1a0000, 0x000001fca0098000)

Polling page: 0x000001fc83990000

Metaspace:

Usage:
  Non-class:     40.13 MB used.
      Class:      5.50 MB used.
       Both:     45.63 MB used.

Virtual space:
  Non-class space:       64.00 MB reserved,      40.50 MB ( 63%) committed,  1 nodes.
      Class space:        1.00 GB reserved,       5.81 MB ( <1%) committed,  1 nodes.
             Both:        1.06 GB reserved,      46.31 MB (  4%) committed. 

Chunk freelists:
   Non-Class:  2.66 MB
       Class:  2.23 MB
        Both:  4.89 MB

MaxMetaspaceSize: unlimited
CompressedClassSpaceSize: 1.00 GB
Initial GC threshold: 21.00 MB
Current GC threshold: 58.75 MB
CDS: on
MetaspaceReclaimPolicy: balanced
 - commit_granule_bytes: 65536.
 - commit_granule_words: 8192.
 - virtual_space_node_default_size: 8388608.
 - enlarge_chunks_in_place: 1.
 - new_chunks_are_fully_committed: 0.
 - uncommit_free_chunks: 1.
 - use_allocation_guard: 0.


Internal statistics:

num_allocs_failed_limit: 6.
num_arena_births: 898.
num_arena_deaths: 0.
num_vsnodes_births: 2.
num_vsnodes_deaths: 0.
num_space_committed: 741.
num_space_uncommitted: 0.
num_chunks_returned_to_freelist: 6.
num_chunks_taken_from_freelist: 2615.
num_chunk_merges: 6.
num_chunk_splits: 1831.
num_chunks_enlarged: 1422.
num_inconsistent_stats: 0.

CodeHeap 'non-profiled nmethods': size=120000Kb used=6722Kb max_used=6722Kb free=113278Kb
 bounds [0x000001fc93e80000, 0x000001fc94520000, 0x000001fc9b3b0000]
CodeHeap 'profiled nmethods': size=120000Kb used=16840Kb max_used=19392Kb free=103160Kb
 bounds [0x000001fc8c3b0000, 0x000001fc8d6b0000, 0x000001fc938e0000]
CodeHeap 'non-nmethods': size=5760Kb used=1397Kb max_used=1458Kb free=4362Kb
 bounds [0x000001fc938e0000, 0x000001fc93b50000, 0x000001fc93e80000]
 total_blobs=9062 nmethods=8444 adapters=526
 compilation: enabled
              stopped_count=0, restarted_count=0
 full_count=0

Compilation events (20 events):
Event: 1634.999 Thread 0x000001fca2ae18e0 nmethod 10114 0x000001fc8c4d9210 code [0x000001fc8c4d9580, 0x000001fc8c4dae28]
Event: 1634.999 Thread 0x000001fca2adef60 10117   !   4       jdk.proxy3.$Proxy73::findNomById (36 bytes)
Event: 1634.999 Thread 0x000001fca2ae18e0 10115       3       java.io.FileDescriptor::<init> (17 bytes)
Event: 1635.005 Thread 0x000001fca2ae18e0 nmethod 10115 0x000001fc8c704c90 code [0x000001fc8c704e40, 0x000001fc8c704fb8]
Event: 1635.034 Thread 0x000001fca2adef60 nmethod 10117 0x000001fc9450c910 code [0x000001fc9450cac0, 0x000001fc9450ce28]
Event: 1635.034 Thread 0x000001fca2adef60 10118       4       java.util.stream.ReduceOps$2ReducingSink::accept (39 bytes)
Event: 1635.043 Thread 0x000001fca2adef60 nmethod 10118 0x000001fc9450d010 code [0x000001fc9450d1a0, 0x000001fc9450d4d8]
Event: 1635.047 Thread 0x000001fca2adef60 10119       4       org.springframework.web.servlet.mvc.method.annotation.AbstractMessageConverterMethodProcessor::safeExtension (143 bytes)
Event: 1635.070 Thread 0x000001fca2adef60 nmethod 10119 0x000001fc9450d710 code [0x000001fc9450d8a0, 0x000001fc9450da98]
Event: 1635.116 Thread 0x000001fca2adef60 10120       4       org.springframework.http.converter.ByteArrayHttpMessageConverter::supports (12 bytes)
Event: 1635.117 Thread 0x000001fca2adef60 nmethod 10120 0x000001fc9450dd10 code [0x000001fc9450dea0, 0x000001fc9450df38]
Event: 1635.125 Thread 0x000001fca2adef60 10121       4       org.springframework.web.filter.OncePerRequestFilter::skipDispatch (39 bytes)
Event: 1635.155 Thread 0x000001fca2adef60 nmethod 10121 0x000001fc9450e010 code [0x000001fc9450e220, 0x000001fc9450e5d0]
Event: 1635.333 Thread 0x000001fca2adef60 10122       4       java.nio.ByteBuffer::allocate (20 bytes)
Event: 1635.347 Thread 0x000001fca2adef60 nmethod 10122 0x000001fc9450ea10 code [0x000001fc9450eba0, 0x000001fc9450ee58]
Event: 1635.368 Thread 0x000001fca2adef60 10123   !   4       jdk.proxy2.$Proxy47::annotationType (29 bytes)
Event: 1635.373 Thread 0x000001fca2adef60 nmethod 10123 0x000001fc9450f010 code [0x000001fc9450f1a0, 0x000001fc9450f258]
Event: 1635.379 Thread 0x000001fca2adef60 10124   !   4       java.util.concurrent.locks.AbstractQueuedSynchronizer$ConditionObject::await (183 bytes)
Event: 1635.441 Thread 0x000001fca2adef60 nmethod 10124 0x000001fc9450f310 code [0x000001fc9450f520, 0x000001fc945100d0]
Event: 1635.450 Thread 0x000001fca2adef60 10125       4       org.bson.BsonDocumentWrapper::getUnwrapped (71 bytes)

GC Heap History (20 events):
Event: 1125.384 GC heap before
{Heap before GC invocations=21 (full 0):
 garbage-first heap   total 55296K, used 45377K [0x0000000084200000, 0x0000000100000000)
  region size 1024K, 23 young (23552K), 2 survivors (2048K)
 Metaspace       used 46459K, committed 47104K, reserved 1114112K
  class space    used 5594K, committed 5888K, reserved 1048576K
}
Event: 1125.390 GC heap after
{Heap after GC invocations=22 (full 0):
 garbage-first heap   total 55296K, used 23818K [0x0000000084200000, 0x0000000100000000)
  region size 1024K, 2 young (2048K), 2 survivors (2048K)
 Metaspace       used 46459K, committed 47104K, reserved 1114112K
  class space    used 5594K, committed 5888K, reserved 1048576K
}
Event: 1291.881 GC heap before
{Heap before GC invocations=22 (full 0):
 garbage-first heap   total 55296K, used 45322K [0x0000000084200000, 0x0000000100000000)
  region size 1024K, 23 young (23552K), 2 survivors (2048K)
 Metaspace       used 46489K, committed 47104K, reserved 1114112K
  class space    used 5595K, committed 5888K, reserved 1048576K
}
Event: 1291.894 GC heap after
{Heap after GC invocations=23 (full 0):
 garbage-first heap   total 55296K, used 24003K [0x0000000084200000, 0x0000000100000000)
  region size 1024K, 2 young (2048K), 2 survivors (2048K)
 Metaspace       used 46489K, committed 47104K, reserved 1114112K
  class space    used 5595K, committed 5888K, reserved 1048576K
}
Event: 1339.675 GC heap before
{Heap before GC invocations=23 (full 0):
 garbage-first heap   total 55296K, used 45507K [0x0000000084200000, 0x0000000100000000)
  region size 1024K, 23 young (23552K), 2 survivors (2048K)
 Metaspace       used 46494K, committed 47104K, reserved 1114112K
  class space    used 5596K, committed 5888K, reserved 1048576K
}
Event: 1339.680 GC heap after
{Heap after GC invocations=24 (full 0):
 garbage-first heap   total 55296K, used 23896K [0x0000000084200000, 0x0000000100000000)
  region size 1024K, 2 young (2048K), 2 survivors (2048K)
 Metaspace       used 46494K, committed 47104K, reserved 1114112K
  class space    used 5596K, committed 5888K, reserved 1048576K
}
Event: 1349.205 GC heap before
{Heap before GC invocations=24 (full 0):
 garbage-first heap   total 55296K, used 45400K [0x0000000084200000, 0x0000000100000000)
  region size 1024K, 23 young (23552K), 2 survivors (2048K)
 Metaspace       used 46494K, committed 47104K, reserved 1114112K
  class space    used 5596K, committed 5888K, reserved 1048576K
}
Event: 1349.208 GC heap after
{Heap after GC invocations=25 (full 0):
 garbage-first heap   total 55296K, used 23877K [0x0000000084200000, 0x0000000100000000)
  region size 1024K, 2 young (2048K), 2 survivors (2048K)
 Metaspace       used 46494K, committed 47104K, reserved 1114112K
  class space    used 5596K, committed 5888K, reserved 1048576K
}
Event: 1362.011 GC heap before
{Heap before GC invocations=25 (full 0):
 garbage-first heap   total 55296K, used 45381K [0x0000000084200000, 0x0000000100000000)
  region size 1024K, 23 young (23552K), 2 survivors (2048K)
 Metaspace       used 46495K, committed 47104K, reserved 1114112K
  class space    used 5596K, committed 5888K, reserved 1048576K
}
Event: 1362.015 GC heap after
{Heap after GC invocations=26 (full 0):
 garbage-first heap   total 55296K, used 23901K [0x0000000084200000, 0x0000000100000000)
  region size 1024K, 2 young (2048K), 2 survivors (2048K)
 Metaspace       used 46495K, committed 47104K, reserved 1114112K
  class space    used 5596K, committed 5888K, reserved 1048576K
}
Event: 1395.088 GC heap before
{Heap before GC invocations=26 (full 0):
 garbage-first heap   total 55296K, used 45405K [0x0000000084200000, 0x0000000100000000)
  region size 1024K, 23 young (23552K), 2 survivors (2048K)
 Metaspace       used 46495K, committed 47104K, reserved 1114112K
  class space    used 5596K, committed 5888K, reserved 1048576K
}
Event: 1395.091 GC heap after
{Heap after GC invocations=27 (full 0):
 garbage-first heap   total 55296K, used 23907K [0x0000000084200000, 0x0000000100000000)
  region size 1024K, 2 young (2048K), 2 survivors (2048K)
 Metaspace       used 46495K, committed 47104K, reserved 1114112K
  class space    used 5596K, committed 5888K, reserved 1048576K
}
Event: 1534.949 GC heap before
{Heap before GC invocations=27 (full 0):
 garbage-first heap   total 55296K, used 45411K [0x0000000084200000, 0x0000000100000000)
  region size 1024K, 23 young (23552K), 2 survivors (2048K)
 Metaspace       used 46501K, committed 47104K, reserved 1114112K
  class space    used 5596K, committed 5888K, reserved 1048576K
}
Event: 1535.039 GC heap after
{Heap after GC invocations=28 (full 0):
 garbage-first heap   total 55296K, used 23778K [0x0000000084200000, 0x0000000100000000)
  region size 1024K, 2 young (2048K), 2 survivors (2048K)
 Metaspace       used 46501K, committed 47104K, reserved 1114112K
  class space    used 5596K, committed 5888K, reserved 1048576K
}
Event: 1545.995 GC heap before
{Heap before GC invocations=28 (full 0):
 garbage-first heap   total 55296K, used 45282K [0x0000000084200000, 0x0000000100000000)
  region size 1024K, 23 young (23552K), 2 survivors (2048K)
 Metaspace       used 46719K, committed 47424K, reserved 1114112K
  class space    used 5630K, committed 5952K, reserved 1048576K
}
Event: 1546.004 GC heap after
{Heap after GC invocations=29 (full 0):
 garbage-first heap   total 55296K, used 24071K [0x0000000084200000, 0x0000000100000000)
  region size 1024K, 1 young (1024K), 1 survivors (1024K)
 Metaspace       used 46719K, committed 47424K, reserved 1114112K
  class space    used 5630K, committed 5952K, reserved 1048576K
}
Event: 1549.128 GC heap before
{Heap before GC invocations=29 (full 0):
 garbage-first heap   total 55296K, used 47623K [0x0000000084200000, 0x0000000100000000)
  region size 1024K, 24 young (24576K), 1 survivors (1024K)
 Metaspace       used 46719K, committed 47424K, reserved 1114112K
  class space    used 5630K, committed 5952K, reserved 1048576K
}
Event: 1549.130 GC heap after
{Heap after GC invocations=30 (full 0):
 garbage-first heap   total 55296K, used 24075K [0x0000000084200000, 0x0000000100000000)
  region size 1024K, 1 young (1024K), 1 survivors (1024K)
 Metaspace       used 46719K, committed 47424K, reserved 1114112K
  class space    used 5630K, committed 5952K, reserved 1048576K
}
Event: 1556.838 GC heap before
{Heap before GC invocations=30 (full 0):
 garbage-first heap   total 55296K, used 46603K [0x0000000084200000, 0x0000000100000000)
  region size 1024K, 23 young (23552K), 1 survivors (1024K)
 Metaspace       used 46722K, committed 47424K, reserved 1114112K
  class space    used 5630K, committed 5952K, reserved 1048576K
}
Event: 1556.840 GC heap after
{Heap after GC invocations=31 (full 0):
 garbage-first heap   total 55296K, used 24048K [0x0000000084200000, 0x0000000100000000)
  region size 1024K, 1 young (1024K), 1 survivors (1024K)
 Metaspace       used 46722K, committed 47424K, reserved 1114112K
  class space    used 5630K, committed 5952K, reserved 1048576K
}

Dll operation events (14 events):
Event: 0.036 Loaded shared library C:\Users\Ritej\.jdks\corretto-19.0.2\bin\java.dll
Event: 0.071 Loaded shared library C:\Users\Ritej\.jdks\corretto-19.0.2\bin\jsvml.dll
Event: 0.359 Loaded shared library C:\Users\Ritej\.jdks\corretto-19.0.2\bin\zip.dll
Event: 0.366 Loaded shared library C:\Users\Ritej\.jdks\corretto-19.0.2\bin\instrument.dll
Event: 0.377 Loaded shared library C:\Users\Ritej\.jdks\corretto-19.0.2\bin\net.dll
Event: 0.383 Loaded shared library C:\Users\Ritej\.jdks\corretto-19.0.2\bin\nio.dll
Event: 0.395 Loaded shared library C:\Users\Ritej\.jdks\corretto-19.0.2\bin\zip.dll
Event: 0.556 Loaded shared library C:\Program Files\JetBrains\IntelliJ IDEA Community Edition 2024.1.4\bin\breakgen64.dll
Event: 0.582 Loaded shared library C:\Users\Ritej\.jdks\corretto-19.0.2\bin\extnet.dll
Event: 0.673 Loaded shared library C:\Users\Ritej\.jdks\corretto-19.0.2\bin\jimage.dll
Event: 1.276 Loaded shared library C:\Users\Ritej\.jdks\corretto-19.0.2\bin\management.dll
Event: 1.286 Loaded shared library C:\Users\Ritej\.jdks\corretto-19.0.2\bin\management_ext.dll
Event: 3.680 Loaded shared library C:\Users\Ritej\.jdks\corretto-19.0.2\bin\sunmscapi.dll
Event: 17.978 Loaded shared library C:\Users\Ritej\.jdks\corretto-19.0.2\bin\verify.dll

Deoptimization events (20 events):
Event: 1556.573 Thread 0x000001fcaa521030 Uncommon trap: trap_request=0xffffffde fr.pc=0x000001fc943fb0f4 relative=0x0000000000000934
Event: 1556.573 Thread 0x000001fcaa521030 Uncommon trap: reason=class_check action=maybe_recompile pc=0x000001fc943fb0f4 method=org.springframework.web.filter.OncePerRequestFilter.doFilter(Ljakarta/servlet/ServletRequest;Ljakarta/servlet/ServletResponse;Ljakarta/servlet/FilterChain;)V @ 1 c2
Event: 1556.573 Thread 0x000001fcaa521030 DEOPT PACKING pc=0x000001fc943fb0f4 sp=0x0000001d81efe500
Event: 1556.573 Thread 0x000001fcaa521030 DEOPT UNPACKING pc=0x000001fc9394a5a3 sp=0x0000001d81efe4e8 mode 2
Event: 1556.573 Thread 0x000001fcaa521030 Uncommon trap: trap_request=0xffffffde fr.pc=0x000001fc9424e928 relative=0x0000000000000348
Event: 1556.573 Thread 0x000001fcaa521030 Uncommon trap: reason=class_check action=maybe_recompile pc=0x000001fc9424e928 method=org.springframework.web.cors.CorsUtils.isPreFlightRequest(Ljakarta/servlet/http/HttpServletRequest;)Z @ 4 c2
Event: 1556.573 Thread 0x000001fcaa521030 DEOPT PACKING pc=0x000001fc9424e928 sp=0x0000001d81efd440
Event: 1556.578 Thread 0x000001fcaa521030 DEOPT UNPACKING pc=0x000001fc9394a5a3 sp=0x0000001d81efd398 mode 2
Event: 1556.578 Thread 0x000001fcaa521030 Uncommon trap: trap_request=0xffffffde fr.pc=0x000001fc94217960 relative=0x00000000000013e0
Event: 1556.578 Thread 0x000001fcaa521030 Uncommon trap: reason=class_check action=maybe_recompile pc=0x000001fc94217960 method=org.springframework.web.util.ServletRequestPathUtils.getParsedRequestPath(Ljakarta/servlet/ServletRequest;)Lorg/springframework/http/server/RequestPath; @ 4 c2
Event: 1556.578 Thread 0x000001fcaa521030 DEOPT PACKING pc=0x000001fc94217960 sp=0x0000001d81efd410
Event: 1556.578 Thread 0x000001fcaa521030 DEOPT UNPACKING pc=0x000001fc9394a5a3 sp=0x0000001d81efd390 mode 2
Event: 1556.578 Thread 0x000001fcaa521030 Uncommon trap: trap_request=0xffffffde fr.pc=0x000001fc94217960 relative=0x00000000000013e0
Event: 1556.578 Thread 0x000001fcaa521030 Uncommon trap: reason=class_check action=maybe_recompile pc=0x000001fc94217960 method=org.springframework.web.util.ServletRequestPathUtils.getParsedRequestPath(Ljakarta/servlet/ServletRequest;)Lorg/springframework/http/server/RequestPath; @ 4 c2
Event: 1556.578 Thread 0x000001fcaa521030 DEOPT PACKING pc=0x000001fc94217960 sp=0x0000001d81efd410
Event: 1556.578 Thread 0x000001fcaa521030 DEOPT UNPACKING pc=0x000001fc9394a5a3 sp=0x0000001d81efd390 mode 2
Event: 1556.579 Thread 0x000001fcaa521030 Uncommon trap: trap_request=0xffffffde fr.pc=0x000001fc94415fe0 relative=0x0000000000000e60
Event: 1556.579 Thread 0x000001fcaa521030 Uncommon trap: reason=class_check action=maybe_recompile pc=0x000001fc94415fe0 method=org.springframework.web.servlet.mvc.method.annotation.AbstractMessageConverterMethodProcessor.getProducibleMediaTypes(Ljakarta/servlet/http/HttpServletRequest;Ljava/lang
Event: 1556.579 Thread 0x000001fcaa521030 DEOPT PACKING pc=0x000001fc94415fe0 sp=0x0000001d81efcff0
Event: 1556.579 Thread 0x000001fcaa521030 DEOPT UNPACKING pc=0x000001fc9394a5a3 sp=0x0000001d81efd000 mode 2

Classes loaded (20 events):
Event: 1261.387 Loading class sun/util/locale/LocaleExtensions
Event: 1261.522 Loading class sun/util/locale/LocaleExtensions done
Event: 1545.762 Loading class java/util/stream/ReferencePipeline$4
Event: 1545.765 Loading class java/util/stream/ReferencePipeline$4 done
Event: 1545.765 Loading class java/util/function/IntBinaryOperator
Event: 1545.766 Loading class java/util/function/IntBinaryOperator done
Event: 1545.767 Loading class java/util/stream/ReduceOps$7
Event: 1545.768 Loading class java/util/stream/ReduceOps$7 done
Event: 1545.768 Loading class java/util/stream/ReduceOps$6ReducingSink
Event: 1545.769 Loading class java/util/stream/ReduceOps$6ReducingSink done
Event: 1545.769 Loading class java/util/stream/ReferencePipeline$4$1
Event: 1545.770 Loading class java/util/stream/ReferencePipeline$4$1 done
Event: 1545.821 Loading class java/io/PrintWriter$1
Event: 1545.822 Loading class jdk/internal/access/JavaIOPrintWriterAccess
Event: 1545.822 Loading class jdk/internal/access/JavaIOPrintWriterAccess done
Event: 1545.822 Loading class java/io/PrintWriter$1 done
Event: 1545.822 Loading class java/lang/Throwable$WrappedPrintWriter
Event: 1545.823 Loading class java/lang/Throwable$PrintStreamOrWriter
Event: 1545.823 Loading class java/lang/Throwable$PrintStreamOrWriter done
Event: 1545.823 Loading class java/lang/Throwable$WrappedPrintWriter done

Classes unloaded (0 events):
No events

Classes redefined (0 events):
No events

Internal exceptions (20 events):
Event: 11.606 Thread 0x000001fca7949580 Exception <a 'java/lang/NoSuchMethodError'{0x0000000086ea0920}: 'int java.lang.invoke.DirectMethodHandle$Holder.invokeStaticInit(java.lang.Object, java.lang.Object, java.lang.Object, java.lang.Object)'> (0x0000000086ea0920) 
thrown [s\src\hotspot\share\interpreter\linkResolver.cpp, line 774]
Event: 11.897 Thread 0x000001fca7949580 Exception <a 'java/lang/NoSuchMethodError'{0x0000000086ae2e90}: 'java.lang.Object java.lang.invoke.DirectMethodHandle$Holder.newInvokeSpecial(java.lang.Object, java.lang.Object, int, java.lang.Object, java.lang.Object)'> (0x0000000086ae2e90) 
thrown [s\src\hotspot\share\interpreter\linkResolver.cpp, line 774]
Event: 17.596 Thread 0x000001fcaa520590 Exception <a 'java/lang/NoSuchMethodError'{0x00000000867eab68}: 'java.lang.Object java.lang.invoke.DirectMethodHandle$Holder.invokeStatic(java.lang.Object, java.lang.Object, java.lang.Object, int, int)'> (0x00000000867eab68) 
thrown [s\src\hotspot\share\interpreter\linkResolver.cpp, line 774]
Event: 17.597 Thread 0x000001fcaa520590 Exception <a 'java/lang/NoSuchMethodError'{0x00000000867ee3c8}: 'java.lang.Object java.lang.invoke.DirectMethodHandle$Holder.invokeStaticInit(java.lang.Object, java.lang.Object, java.lang.Object, int, int)'> (0x00000000867ee3c8) 
thrown [s\src\hotspot\share\interpreter\linkResolver.cpp, line 774]
Event: 17.642 Thread 0x000001fca9a68900 Exception <a 'java/lang/NoSuchMethodError'{0x0000000086533588}: 'java.lang.Object java.lang.invoke.DirectMethodHandle$Holder.invokeSpecial(java.lang.Object, java.lang.Object, java.lang.Object, java.lang.Object, java.lang.Object, long)'> (0x0000000086533588) 
thrown [s\src\hotspot\share\interpreter\linkResolver.cpp, line 774]
Event: 17.643 Thread 0x000001fca9a68900 Exception <a 'java/lang/NoSuchMethodError'{0x0000000086536fd8}: 'java.lang.Object java.lang.invoke.Invokers$Holder.linkToTargetMethod(java.lang.Object, java.lang.Object, java.lang.Object, long, java.lang.Object)'> (0x0000000086536fd8) 
thrown [s\src\hotspot\share\interpreter\linkResolver.cpp, line 774]
Event: 18.090 Thread 0x000001fca9a68900 Exception <a 'java/lang/NoSuchMethodError'{0x0000000086ef97f8}: 'void java.lang.invoke.Invokers$Holder.invoke_MT(java.lang.Object, java.lang.Object, java.lang.Object, java.lang.Object)'> (0x0000000086ef97f8) 
thrown [s\src\hotspot\share\interpreter\linkResolver.cpp, line 774]
Event: 69.426 Thread 0x000001fca9a68e50 Exception <a 'java/lang/NoSuchMethodError'{0x0000000086b6ad48}: 'java.lang.Object java.lang.invoke.DirectMethodHandle$Holder.newInvokeSpecial(java.lang.Object, java.lang.Object, long)'> (0x0000000086b6ad48) 
thrown [s\src\hotspot\share\interpreter\linkResolver.cpp, line 774]
Event: 69.426 Thread 0x000001fca9a68e50 Exception <a 'java/lang/NoSuchMethodError'{0x0000000086b6e738}: 'java.lang.Object java.lang.invoke.Invokers$Holder.linkToTargetMethod(java.lang.Object, long, java.lang.Object)'> (0x0000000086b6e738) 
thrown [s\src\hotspot\share\interpreter\linkResolver.cpp, line 774]
Event: 103.553 Thread 0x000001fcaa527520 Exception <a 'java/lang/NoSuchMethodError'{0x0000000086a76b00}: 'java.lang.Object java.lang.invoke.DirectMethodHandle$Holder.newInvokeSpecial(java.lang.Object, double)'> (0x0000000086a76b00) 
thrown [s\src\hotspot\share\interpreter\linkResolver.cpp, line 774]
Event: 103.553 Thread 0x000001fcaa527520 Exception <a 'java/lang/NoSuchMethodError'{0x0000000086a7c510}: 'void java.lang.invoke.DirectMethodHandle$Holder.invokeSpecial(java.lang.Object, java.lang.Object, double)'> (0x0000000086a7c510) 
thrown [s\src\hotspot\share\interpreter\linkResolver.cpp, line 774]
Event: 103.554 Thread 0x000001fcaa527520 Exception <a 'java/lang/NoSuchMethodError'{0x0000000086a836d0}: 'java.lang.Object java.lang.invoke.DirectMethodHandle$Holder.newInvokeSpecial(java.lang.Object, java.lang.Object, double)'> (0x0000000086a836d0) 
thrown [s\src\hotspot\share\interpreter\linkResolver.cpp, line 774]
Event: 268.141 Thread 0x000001fca9a693a0 Exception <a 'java/lang/NoSuchMethodError'{0x0000000088c3a4d0}: 'long java.lang.invoke.DirectMethodHandle$Holder.invokeStatic(java.lang.Object, long)'> (0x0000000088c3a4d0) 
thrown [s\src\hotspot\share\interpreter\linkResolver.cpp, line 774]
Event: 268.309 Thread 0x000001fcaa527520 Exception <a 'java/lang/NoSuchMethodError'{0x0000000088964800}: 'java.lang.Object java.lang.invoke.DirectMethodHandle$Holder.invokeInterface(java.lang.Object, java.lang.Object, int)'> (0x0000000088964800) 
thrown [s\src\hotspot\share\interpreter\linkResolver.cpp, line 774]
Event: 268.309 Thread 0x000001fca9a698f0 Exception <a 'java/lang/NoSuchMethodError'{0x000000008895aa70}: 'java.lang.Object java.lang.invoke.DirectMethodHandle$Holder.invokeInterface(java.lang.Object, java.lang.Object, int)'> (0x000000008895aa70) 
thrown [s\src\hotspot\share\interpreter\linkResolver.cpp, line 774]
Event: 268.309 Thread 0x000001fcaa521030 Exception <a 'java/lang/NoSuchMethodError'{0x0000000088955368}: 'java.lang.Object java.lang.invoke.DirectMethodHandle$Holder.invokeInterface(java.lang.Object, java.lang.Object, int)'> (0x0000000088955368) 
thrown [s\src\hotspot\share\interpreter\linkResolver.cpp, line 774]
Event: 300.857 Thread 0x000001fca9a693a0 Exception <a 'java/lang/NoSuchMethodError'{0x0000000088a9df50}: 'java.lang.Object java.lang.invoke.DirectMethodHandle$Holder.invokeStatic(java.lang.Object, int, int)'> (0x0000000088a9df50) 
thrown [s\src\hotspot\share\interpreter\linkResolver.cpp, line 774]
Event: 1545.839 Thread 0x000001fcaa524550 Implicit null exception at 0x000001fc9441e6ff to 0x000001fc9441eab0
Event: 1545.867 Thread 0x000001fcaa524550 Implicit null exception at 0x000001fc943c10c7 to 0x000001fc943c14e4
Event: 1545.867 Thread 0x000001fcaa524550 Implicit null exception at 0x000001fc943855eb to 0x000001fc94385de0

VM Operations (20 events):
Event: 1534.945 Executing VM operation: G1CollectForAllocation
Event: 1535.039 Executing VM operation: G1CollectForAllocation done
Event: 1537.063 Executing VM operation: Cleanup
Event: 1537.063 Executing VM operation: Cleanup done
Event: 1538.074 Executing VM operation: Cleanup
Event: 1538.074 Executing VM operation: Cleanup done
Event: 1545.994 Executing VM operation: G1CollectForAllocation
Event: 1546.009 Executing VM operation: G1CollectForAllocation done
Event: 1547.011 Executing VM operation: Cleanup
Event: 1547.011 Executing VM operation: Cleanup done
Event: 1548.021 Executing VM operation: Cleanup
Event: 1548.022 Executing VM operation: Cleanup done
Event: 1549.034 Executing VM operation: Cleanup
Event: 1549.034 Executing VM operation: Cleanup done
Event: 1549.127 Executing VM operation: G1CollectForAllocation
Event: 1549.130 Executing VM operation: G1CollectForAllocation done
Event: 1556.837 Executing VM operation: G1CollectForAllocation
Event: 1556.840 Executing VM operation: G1CollectForAllocation done
Event: 1635.602 Executing VM operation: Cleanup
Event: 1635.603 Executing VM operation: Cleanup done

Events (20 events):
Event: 1339.726 Thread 0x000001fca6d707c0 flushing nmethod 0x000001fc8d17b910
Event: 1339.726 Thread 0x000001fca6d707c0 flushing nmethod 0x000001fc8d17eb90
Event: 1339.727 Thread 0x000001fca6d707c0 flushing nmethod 0x000001fc8d1ac310
Event: 1339.727 Thread 0x000001fca6d707c0 flushing nmethod 0x000001fc8d1c6810
Event: 1339.727 Thread 0x000001fca6d707c0 flushing nmethod 0x000001fc8d289e90
Event: 1339.728 Thread 0x000001fca6d707c0 flushing nmethod 0x000001fc8d2fee10
Event: 1339.728 Thread 0x000001fca6d707c0 flushing nmethod 0x000001fc8d309990
Event: 1339.728 Thread 0x000001fca6d707c0 flushing nmethod 0x000001fc8d325410
Event: 1339.728 Thread 0x000001fca6d707c0 flushing nmethod 0x000001fc8d326310
Event: 1339.728 Thread 0x000001fca6d707c0 flushing nmethod 0x000001fc8d34c510
Event: 1339.728 Thread 0x000001fca6d707c0 flushing nmethod 0x000001fc8d36e890
Event: 1339.728 Thread 0x000001fca6d707c0 flushing nmethod 0x000001fc8d3acd90
Event: 1339.728 Thread 0x000001fca6d707c0 flushing nmethod 0x000001fc8d410390
Event: 1339.729 Thread 0x000001fca6d707c0 flushing nmethod 0x000001fc8d497b90
Event: 1339.729 Thread 0x000001fca6d707c0 flushing nmethod 0x000001fc8d4b8710
Event: 1339.730 Thread 0x000001fca6d707c0 flushing nmethod 0x000001fc8d538f90
Event: 1339.731 Thread 0x000001fca6d707c0 flushing nmethod 0x000001fc8d549590
Event: 1339.731 Thread 0x000001fca6d707c0 flushing nmethod 0x000001fc8d54f610
Event: 1339.732 Thread 0x000001fca6d707c0 flushing nmethod 0x000001fc8d63a190
Event: 1339.732 Thread 0x000001fca6d707c0 flushing nmethod 0x000001fc8d65f910


Dynamic libraries:
0x00007ff7b0ef0000 - 0x00007ff7b0efd000 	C:\Users\Ritej\.jdks\corretto-19.0.2\bin\java.exe
0x00007ffc8c9f0000 - 0x00007ffc8cc07000 	C:\WINDOWS\SYSTEM32\ntdll.dll
0x00007ffc55690000 - 0x00007ffc556b0000 	C:\Program Files\Avast Software\Avast\aswhook.dll
0x00007ffc8b8f0000 - 0x00007ffc8b9b4000 	C:\WINDOWS\System32\KERNEL32.DLL
0x00007ffc89eb0000 - 0x00007ffc8a280000 	C:\WINDOWS\System32\KERNELBASE.dll
0x00007ffc8a3f0000 - 0x00007ffc8a501000 	C:\WINDOWS\System32\ucrtbase.dll
0x00007ffc72340000 - 0x00007ffc72355000 	C:\Users\Ritej\.jdks\corretto-19.0.2\bin\VCRUNTIME140.dll
0x00007ffc728d0000 - 0x00007ffc728e7000 	C:\Users\Ritej\.jdks\corretto-19.0.2\bin\jli.dll
0x00007ffc8bc80000 - 0x00007ffc8be2e000 	C:\WINDOWS\System32\USER32.dll
0x00007ffc89e00000 - 0x00007ffc89e26000 	C:\WINDOWS\System32\win32u.dll
0x00007ffc8b8c0000 - 0x00007ffc8b8e9000 	C:\WINDOWS\System32\GDI32.dll
0x00007ffc8a510000 - 0x00007ffc8a62b000 	C:\WINDOWS\System32\gdi32full.dll
0x00007ffc89d60000 - 0x00007ffc89dfa000 	C:\WINDOWS\System32\msvcp_win.dll
0x00007ffc690f0000 - 0x00007ffc69382000 	C:\WINDOWS\WinSxS\amd64_microsoft.windows.common-controls_6595b64144ccf1df_6.0.22621.4830_none_270fe7d773858e80\COMCTL32.dll
0x00007ffc8b600000 - 0x00007ffc8b6a7000 	C:\WINDOWS\System32\msvcrt.dll
0x00007ffc8c8f0000 - 0x00007ffc8c921000 	C:\WINDOWS\System32\IMM32.DLL
0x00007ffc5ae90000 - 0x00007ffc5af2b000 	C:\Users\Ritej\.jdks\corretto-19.0.2\bin\msvcp140.dll
0x00007ffbfeb00000 - 0x00007ffbff7d9000 	C:\Users\Ritej\.jdks\corretto-19.0.2\bin\server\jvm.dll
0x00007ffc8a7b0000 - 0x00007ffc8a861000 	C:\WINDOWS\System32\ADVAPI32.dll
0x00007ffc8c4b0000 - 0x00007ffc8c557000 	C:\WINDOWS\System32\sechost.dll
0x00007ffc8a6b0000 - 0x00007ffc8a6d8000 	C:\WINDOWS\System32\bcrypt.dll
0x00007ffc8a8c0000 - 0x00007ffc8a9d4000 	C:\WINDOWS\System32\RPCRT4.dll
0x00007ffc718b0000 - 0x00007ffc718b9000 	C:\WINDOWS\SYSTEM32\WSOCK32.dll
0x00007ffc8c930000 - 0x00007ffc8c9a1000 	C:\WINDOWS\System32\WS2_32.dll
0x00007ffc831f0000 - 0x00007ffc83224000 	C:\WINDOWS\SYSTEM32\WINMM.dll
0x00007ffc82600000 - 0x00007ffc8260a000 	C:\WINDOWS\SYSTEM32\VERSION.dll
0x00007ffc88ca0000 - 0x00007ffc88cb8000 	C:\WINDOWS\SYSTEM32\kernel.appcore.dll
0x00007ffc83d10000 - 0x00007ffc83d1a000 	C:\Users\Ritej\.jdks\corretto-19.0.2\bin\jimage.dll
0x00007ffc874a0000 - 0x00007ffc876d2000 	C:\WINDOWS\SYSTEM32\DBGHELP.DLL
0x00007ffc8c560000 - 0x00007ffc8c8f0000 	C:\WINDOWS\System32\combase.dll
0x00007ffc8b7e0000 - 0x00007ffc8b8b7000 	C:\WINDOWS\System32\OLEAUT32.dll
0x00007ffc76f50000 - 0x00007ffc76f82000 	C:\WINDOWS\SYSTEM32\dbgcore.DLL
0x00007ffc89e30000 - 0x00007ffc89eab000 	C:\WINDOWS\System32\bcryptPrimitives.dll
0x00007ffc74d30000 - 0x00007ffc74d3e000 	C:\Users\Ritej\.jdks\corretto-19.0.2\bin\instrument.dll
0x00007ffc722c0000 - 0x00007ffc722e6000 	C:\Users\Ritej\.jdks\corretto-19.0.2\bin\java.dll
0x00007ffc48360000 - 0x00007ffc48436000 	C:\Users\Ritej\.jdks\corretto-19.0.2\bin\jsvml.dll
0x00007ffc8ad80000 - 0x00007ffc8b5f8000 	C:\WINDOWS\System32\SHELL32.dll
0x00007ffc87ba0000 - 0x00007ffc884b0000 	C:\WINDOWS\SYSTEM32\windows.storage.dll
0x00007ffc87a60000 - 0x00007ffc87b9f000 	C:\WINDOWS\SYSTEM32\wintypes.dll
0x00007ffc8b6d0000 - 0x00007ffc8b7da000 	C:\WINDOWS\System32\SHCORE.dll
0x00007ffc8acb0000 - 0x00007ffc8ad0e000 	C:\WINDOWS\System32\shlwapi.dll
0x00007ffc89bd0000 - 0x00007ffc89bfb000 	C:\WINDOWS\SYSTEM32\profapi.dll
0x00007ffc71c50000 - 0x00007ffc71c68000 	C:\Users\Ritej\.jdks\corretto-19.0.2\bin\zip.dll
0x00007ffc72320000 - 0x00007ffc72333000 	C:\Users\Ritej\.jdks\corretto-19.0.2\bin\net.dll
0x00007ffc85fa0000 - 0x00007ffc860cc000 	C:\WINDOWS\SYSTEM32\WINHTTP.dll
0x00007ffc89110000 - 0x00007ffc8917a000 	C:\WINDOWS\system32\mswsock.dll
0x00007ffc721f0000 - 0x00007ffc72205000 	C:\Users\Ritej\.jdks\corretto-19.0.2\bin\nio.dll
0x00007ffc71c30000 - 0x00007ffc71c4a000 	C:\Program Files\JetBrains\IntelliJ IDEA Community Edition 2024.1.4\bin\breakgen64.dll
0x00007ffc721e0000 - 0x00007ffc721e8000 	C:\Users\Ritej\.jdks\corretto-19.0.2\bin\extnet.dll
0x00007ffc72b00000 - 0x00007ffc72b09000 	C:\Users\Ritej\.jdks\corretto-19.0.2\bin\management.dll
0x00007ffc72830000 - 0x00007ffc7283b000 	C:\Users\Ritej\.jdks\corretto-19.0.2\bin\management_ext.dll
0x00007ffc8a7a0000 - 0x00007ffc8a7a8000 	C:\WINDOWS\System32\PSAPI.DLL
0x00007ffc722b0000 - 0x00007ffc722be000 	C:\Users\Ritej\.jdks\corretto-19.0.2\bin\sunmscapi.dll
0x00007ffc8a280000 - 0x00007ffc8a3e6000 	C:\WINDOWS\System32\CRYPT32.dll
0x00007ffc89550000 - 0x00007ffc8957d000 	C:\WINDOWS\SYSTEM32\ncrypt.dll
0x00007ffc89510000 - 0x00007ffc89547000 	C:\WINDOWS\SYSTEM32\NTASN1.dll
0x00007ffc89460000 - 0x00007ffc8947b000 	C:\WINDOWS\SYSTEM32\CRYPTSP.dll
0x00007ffc88c00000 - 0x00007ffc88c35000 	C:\WINDOWS\system32\rsaenh.dll
0x00007ffc891b0000 - 0x00007ffc891d8000 	C:\WINDOWS\SYSTEM32\USERENV.dll
0x00007ffc89440000 - 0x00007ffc8944c000 	C:\WINDOWS\SYSTEM32\CRYPTBASE.dll
0x00007ffc88700000 - 0x00007ffc8872d000 	C:\WINDOWS\SYSTEM32\IPHLPAPI.DLL
0x00007ffc8a6e0000 - 0x00007ffc8a6e9000 	C:\WINDOWS\System32\NSI.dll
0x00007ffc85eb0000 - 0x00007ffc85ec9000 	C:\WINDOWS\SYSTEM32\dhcpcsvc6.DLL
0x00007ffc85e90000 - 0x00007ffc85eaf000 	C:\WINDOWS\SYSTEM32\dhcpcsvc.DLL
0x00007ffc88730000 - 0x00007ffc88832000 	C:\WINDOWS\SYSTEM32\DNSAPI.dll
0x00007ffc81550000 - 0x00007ffc8155a000 	C:\Windows\System32\rasadhlp.dll
0x00007ffc830e0000 - 0x00007ffc83163000 	C:\WINDOWS\System32\fwpuclnt.dll
0x00007ffc538a0000 - 0x00007ffc538a8000 	C:\WINDOWS\system32\wshunix.dll
0x00007ffc69a70000 - 0x00007ffc69a80000 	C:\Users\Ritej\.jdks\corretto-19.0.2\bin\verify.dll

dbghelp: loaded successfully - version: 4.0.5 - missing functions: none
symbol engine: initialized successfully - sym options: 0x614 - pdb path: .;C:\Users\Ritej\.jdks\corretto-19.0.2\bin;C:\WINDOWS\SYSTEM32;C:\Program Files\Avast Software\Avast;C:\WINDOWS\WinSxS\amd64_microsoft.windows.common-controls_6595b64144ccf1df_6.0.22621.4830_none_270fe7d773858e80;C:\Users\Ritej\.jdks\corretto-19.0.2\bin\server;C:\Program Files\JetBrains\IntelliJ IDEA Community Edition 2024.1.4\bin

VM Arguments:
jvm_args: -javaagent:C:\Program Files\JetBrains\IntelliJ IDEA Community Edition 2024.1.4\lib\idea_rt.jar=54171:C:\Program Files\JetBrains\IntelliJ IDEA Community Edition 2024.1.4\bin -Dfile.encoding=UTF-8 -Dsun.stdout.encoding=UTF-8 -Dsun.stderr.encoding=UTF-8 
java_command: com.example.WSM.WsmApplication
java_class_path (initial): C:\Users\Ritej\Downloads\Ritej-main\WSM Project\WSM\target\classes;C:\Users\Ritej\.m2\repository\org\apache\poi\poi\5.2.3\poi-5.2.3.jar;C:\Users\Ritej\.m2\repository\commons-codec\commons-codec\1.18.0\commons-codec-1.18.0.jar;C:\Users\Ritej\.m2\repository\org\apache\commons\commons-collections4\4.4\commons-collections4-4.4.jar;C:\Users\Ritej\.m2\repository\org\apache\commons\commons-math3\3.6.1\commons-math3-3.6.1.jar;C:\Users\Ritej\.m2\repository\commons-io\commons-io\2.11.0\commons-io-2.11.0.jar;C:\Users\Ritej\.m2\repository\com\zaxxer\SparseBitSet\1.2\SparseBitSet-1.2.jar;C:\Users\Ritej\.m2\repository\org\apache\logging\log4j\log4j-api\2.24.3\log4j-api-2.24.3.jar;C:\Users\Ritej\.m2\repository\org\apache\poi\poi-ooxml\5.2.3\poi-ooxml-5.2.3.jar;C:\Users\Ritej\.m2\repository\org\apache\poi\poi-ooxml-lite\5.2.3\poi-ooxml-lite-5.2.3.jar;C:\Users\Ritej\.m2\repository\org\apache\xmlbeans\xmlbeans\5.1.1\xmlbeans-5.1.1.jar;C:\Users\Ritej\.m2\repository\org\apache\commons\commons-compress\1.21\commons-compress-1.21.jar;C:\Users\Ritej\.m2\repository\com\github\virtuald\curvesapi\1.07\curvesapi-1.07.jar;C:\Users\Ritej\.m2\repository\org\springframework\boot\spring-boot-starter-data-mongodb\3.5.4\spring-boot-starter-data-mongodb-3.5.4.jar;C:\Users\Ritej\.m2\repository\org\springframework\boot\spring-boot-starter\3.5.4\spring-boot-starter-3.5.4.jar;C:\Users\Ritej\.m2\repository\org\springframework\boot\spring-boot-starter-logging\3.5.4\spring-boot-starter-logging-3.5.4.jar;C:\Users\Ritej\.m2\repository\ch\qos\logback\logback-classic\1.5.18\logback-classic-1.5.18.jar;C:\Users\Ritej\.m2\repository\ch\qos\logback\logback-core\1.5.18\logback-core-1.5.18.jar;C:\Users\Ritej\.m2\repository\org\apache\logging\log4j\log4j-to-slf4j\2.24.3\log4j-to-slf4j-2.24.3.jar;C:\Users\Ritej\.m2\repository\org\slf4j\jul-to-slf4j\2.0.17\jul-to-slf4j-2.0.17.jar;C:\Users\Ritej\.m2\repository\jakarta\annotation\jakarta.annotation-api\2.1.1\jakarta.annotation-api-2.1.1.jar;C:\Users\Ritej\.m2\repository\org\yaml\snakeyaml\2.4\snakeyaml-2.4.jar;C:\Users\Ritej\.m2\repository\org\mongodb\mongodb-driver-sync\5.5.1\mongodb-driver-sync-5.5.1.jar;C:\Users\Ritej\.m2\repository\org\mongodb\bson\5.5.1\bson-5.5.1.jar;C:\Users\Ritej\.m2\repository\org\mongodb\mongodb-driver-core\5.5.1\mongodb-driver-core-5.5.1.jar;C:\Users\Ritej\.m2\repository\org\mongodb\bson-record-codec\5.5.1\bson-record-codec-5.5.1.jar;C:\Users\Ritej\.m2\repository\org\springframework\data\spring-data-mongodb\4.5.2\spring-data-mongodb-4.5.2.jar;C:\Users\Ritej\.m2\repository\org\springframework\spring-tx\6.2.9\spring-tx-6.2.9.jar;C:\Users\Ritej\.m2\repository\org\springframework\spring-context\6.2.9\spring-context-6.2.9.jar;C:\Users\Ritej\.m2\repository\org\springframework\spring-beans\6.2.9\spring-beans-6.2.9.jar;C:\Users\Ritej\.m2\repository\org\springframework\spring-expression\6.2.9\spring-expression-6.2.9.jar;C:\Users\Ritej\.m2\repository\org\springframework\data\spring-data-commons\3.5.2\spring-data-commons-3.5.2.jar;C:\Users\Ritej\.m2\repository\org\slf4j\slf4j-api\2.0.17\slf4j-api-2.0.17.jar;C:\Users\Ritej\.m2\repository\org\springframework\boot\spring-boot-starter-security\3.2.0\spring-boot-starter-security-3.2.0.jar;C:\Users\Ritej\.m2\repository\org\springframework\spring-aop\6.2.9\spring-aop-6.2.9.jar;C:\Users\Ritej\.m2\repository\org\springframework\security\spring-security-config\6.5.2\spring-security-config-6.5.2.jar;C:\Users\Ritej\.m2\repository\org\springframework\security\spring-security-core\6.5.2\spring-security-core-6.5.2.jar;C:\Users\Ritej\.m2\repository\org\springframework\security\spring-security-crypto\6.5.2\spring-security-crypto-6.5.2.jar;C:\Users\Ritej\.m2\repository\org\springframework\security\spring-security-web\6.5.2\spring-security-web-6.5.2.jar;C:\Users\Ritej\.m2\repository\org\springframework\boot\spring-boot-starter-web\3.5.4\spring-boot-starter-web-3.5.4.jar;C:\Users\Ritej\.m2\repository\org\springframework\boot\spring-boot-starter-json\3.5.4\spring-boot-starter-json-3.5.4.jar;C:\Users\Ritej\.m2\repository\com\fasterxml\jackson\core\jackson-databind\2.19.2\jackson-databind-2.19.2.jar;C:\Users\Ritej\.m2\repository\com\fasterxml\jackson\core\jackson-annotations\2.19.2\jackson-annotations-2.19.2.jar;C:\Users\Ritej\.m2\repository\com\fasterxml\jackson\core\jackson-core\2.19.2\jackson-core-2.19.2.jar;C:\Users\Ritej\.m2\repository\com\fasterxml\jackson\datatype\jackson-datatype-jdk8\2.19.2\jackson-datatype-jdk8-2.19.2.jar;C:\Users\Ritej\.m2\repository\com\fasterxml\jackson\datatype\jackson-datatype-jsr310\2.19.2\jackson-datatype-jsr310-2.19.2.jar;C:\Users\Ritej\.m2\repository\com\fasterxml\jackson\module\jackson-module-parameter-names\2.19.2\jackson-module-parameter-names-2.19.2.jar;C:\Users\Ritej\.m2\repository\org\springframework\boot\spring-boot-starter-tomcat\3.5.4\spring-boot-starter-tomcat-3.5.4.jar;C:\Users\Ritej\.m2\repository\org\apache\tomcat\embed\tomcat-embed-core\10.1.43\tomcat-embed-core-10.1.43.jar;C:\Users\Ritej\.m2\repository\org\apache\tomcat\embed\tomcat-embed-el\10.1.43\tomcat-embed-el-10.1.43.jar;C:\Users\Ritej\.m2\repository\org\apache\tomcat\embed\tomcat-embed-websocket\10.1.43\tomcat-embed-websocket-10.1.43.jar;C:\Users\Ritej\.m2\repository\org\springframework\spring-web\6.2.9\spring-web-6.2.9.jar;C:\Users\Ritej\.m2\repository\io\micrometer\micrometer-observation\1.15.2\micrometer-observation-1.15.2.jar;C:\Users\Ritej\.m2\repository\io\micrometer\micrometer-commons\1.15.2\micrometer-commons-1.15.2.jar;C:\Users\Ritej\.m2\repository\org\springframework\spring-webmvc\6.2.9\spring-webmvc-6.2.9.jar;C:\Users\Ritej\.m2\repository\org\springframework\boot\spring-boot-devtools\3.5.4\spring-boot-devtools-3.5.4.jar;C:\Users\Ritej\.m2\repository\org\springframework\boot\spring-boot\3.5.4\spring-boot-3.5.4.jar;C:\Users\Ritej\.m2\repository\org\springframework\boot\spring-boot-autoconfigure\3.5.4\spring-boot-autoconfigure-3.5.4.jar;C:\Users\Ritej\.m2\repository\org\projectlombok\lombok\1.18.38\lombok-1.18.38.jar;C:\Users\Ritej\.m2\repository\org\springframework\spring-core\6.2.9\spring-core-6.2.9.jar;C:\Users\Ritej\.m2\repository\org\springframework\spring-jcl\6.2.9\spring-jcl-6.2.9.jar
Launcher Type: SUN_STANDARD

[Global flags]
     intx CICompilerCount                          = 4                                         {product} {ergonomic}
     uint ConcGCThreads                            = 2                                         {product} {ergonomic}
     uint G1ConcRefinementThreads                  = 8                                         {product} {ergonomic}
   size_t G1HeapRegionSize                         = 1048576                                   {product} {ergonomic}
    uintx GCDrainStackTargetSize                   = 64                                        {product} {ergonomic}
   size_t InitialHeapSize                          = 130023424                                 {product} {ergonomic}
   size_t MarkStackSize                            = 4194304                                   {product} {ergonomic}
   size_t MaxHeapSize                              = 2078277632                                {product} {ergonomic}
   size_t MaxNewSize                               = 1246756864                                {product} {ergonomic}
   size_t MinHeapDeltaBytes                        = 1048576                                   {product} {ergonomic}
   size_t MinHeapSize                              = 8388608                                   {product} {ergonomic}
    uintx NonNMethodCodeHeapSize                   = 5839372                                {pd product} {ergonomic}
    uintx NonProfiledCodeHeapSize                  = 122909434                              {pd product} {ergonomic}
    uintx ProfiledCodeHeapSize                     = 122909434                              {pd product} {ergonomic}
    uintx ReservedCodeCacheSize                    = 251658240                              {pd product} {ergonomic}
     bool SegmentedCodeCache                       = true                                      {product} {ergonomic}
   size_t SoftMaxHeapSize                          = 2078277632                             {manageable} {ergonomic}
     bool UseCompressedClassPointers               = true                           {product lp64_product} {ergonomic}
     bool UseCompressedOops                        = true                           {product lp64_product} {ergonomic}
     bool UseG1GC                                  = true                                      {product} {ergonomic}
     bool UseLargePagesIndividualAllocation        = false                                  {pd product} {ergonomic}

Logging:
Log output configuration:
 #0: stdout all=warning uptime,level,tags foldmultilines=false
 #1: stderr all=off uptime,level,tags foldmultilines=false

Environment Variables:
JAVA_HOME=C:\Program Files\Java\jdk-17
PATH=C:\Program Files\MongoDB\Server\7.0\bin;C:\oraclexe\app\oracle\product\11.2.0\server\bin;"C:\xampp\php;C:\xampp\php;C:\Program Files\Common Files\Oracle\Java\javapath";C:\WINDOWS\system32;C:\WINDOWS;C:\WINDOWS\System32\Wbem;C:\WINDOWS\System32\WindowsPowerShell\v1.0\;C:\WINDOWS\System32\OpenSSH\;C:\ProgramData\chocolatey\bin;C:\Program Files\Java\jdk-17\bin;C:\Program Files\Docker\Docker\resources\bin;C:\Users\Ritej\AppData\Roaming\nvm;C:\Program Files\nodejs;C:\Program Files\Git\cmd;C:\Users\Ritej\AppData\Local\Microsoft\WindowsApps\python.exe;C:\Users\Ritej\AppData\Local\Programs\Python\Launcher\;C:\Program Files\MongoDB\Server\7.0\bin;C:\Users\Ritej\AppData\Local\Microsoft\WindowsApps;C:\Users\Ritej\AppData\Local\JetBrains\PyCharm 2023.1\bin;;C:\Program Files\JetBrains\PyCharm Community Edition 2022.2.3\bin;;C:\Users\Ritej\AppData\Local\Programs\Microsoft VS Code\bin;C:\Users\Ritej\AppData\Roaming\npm;C:\Program Files\JetBrains\IntelliJ IDEA Community Edition 2024.1.4\bin;;C:\Users\Ritej\Desktop\jdk-19_windows-x64_bin\bin;C:\Users\Ritej\AppData\Local\JetBrains\IntelliJ IDEA 2024.1.4\bin;;C:\Users\Ritej\AppData\Roaming\nvm;C:\Program Files\nodejs;C:\Program Files\apache-maven-3.9.9\bin;C:\Users\Ritej\AppData\Local\Microsoft\WindowsApps\python.exe;
USERNAME=Ritej
OS=Windows_NT
PROCESSOR_IDENTIFIER=Intel64 Family 6 Model 140 Stepping 1, GenuineIntel
TMP=C:\Users\Ritej\AppData\Local\Temp
TEMP=C:\Users\Ritej\AppData\Local\Temp



---------------  S Y S T E M  ---------------

OS:
 Windows 11 , 64 bit Build 22621 (10.0.22621.4830)
OS uptime: 25 days 15:12 hours
Hyper-V role detected

CPU: total 8 (initial active 8) (4 cores per cpu, 2 threads per core) family 6 model 140 stepping 1 microcode 0xb8, cx8, cmov, fxsr, ht, mmx, 3dnowpref, sse, sse2, sse3, ssse3, sse4.1, sse4.2, popcnt, lzcnt, tsc, tscinvbit, avx, avx2, aes, erms, clmul, bmi1, bmi2, adx, avx512f, avx512dq, avx512cd, avx512bw, avx512vl, sha, fma, vzeroupper, avx512_vpopcntdq, avx512_vpclmulqdq, avx512_vaes, avx512_vnni, clflush, clflushopt, clwb, avx512_vbmi2, avx512_vbmi, hv, rdtscp, rdpid, fsrm, gfni, avx512_bitalg

Memory: 4k page, system-wide physical 7926M (183M free)
TotalPageFile size 20426M (AvailPageFile size 20M)
current process WorkingSet (physical memory assigned to process): 65M, peak: 207M
current process commit charge ("private bytes"): 257M, peak: 267M

vm_info: OpenJDK 64-Bit Server VM (19.0.2+7-FR) for windows-amd64 JRE (19.0.2+7-FR), built on Jan 13 2023 22:53:32 by "Administrator" with MS VC++ 15.9 (VS2017)

END.
