#
# There is insufficient memory for the Java Runtime Environment to continue.
# Native memory allocation (malloc) failed to allocate 1713776 bytes for Chunk::new
# Possible reasons:
#   The system is out of physical RAM or swap space
#   The process is running with CompressedOops enabled, and the Java Heap may be blocking the growth of the native heap
# Possible solutions:
#   Reduce memory load on the system
#   Increase physical memory or swap space
#   Check if swap backing store is full
#   Decrease Java heap size (-Xmx/-Xms)
#   Decrease number of Java threads
#   Decrease Java thread stack sizes (-Xss)
#   Set larger code cache with -XX:ReservedCodeCacheSize=
#   JVM is running with Unscaled Compressed Oops mode in which the Java heap is
#     placed in the first 4GB address space. The Java Heap base address is the
#     maximum limit for the native heap growth. Please use -XX:HeapBaseMinAddress
#     to set the Java Heap base and to place the Java Heap above 4GB virtual address.
# This output file may be truncated or incomplete.
#
#  Out of Memory Error (arena.cpp:184), pid=15252, tid=15444
#
# JRE version: OpenJDK Runtime Environment Corretto-19.0.2.7.1 (19.0.2+7) (build 19.0.2+7-FR)
# Java VM: OpenJDK 64-Bit Server VM Corretto-19.0.2.7.1 (19.0.2+7-FR, mixed mode, sharing, tiered, compressed oops, compressed class ptrs, g1 gc, windows-amd64)
# No core dump will be written. Minidumps are not enabled by default on client versions of Windows
#

---------------  S U M M A R Y ------------

Command Line: -javaagent:C:\Program Files\JetBrains\IntelliJ IDEA Community Edition 2024.1.4\lib\idea_rt.jar=58874:C:\Program Files\JetBrains\IntelliJ IDEA Community Edition 2024.1.4\bin -Dfile.encoding=UTF-8 -Dsun.stdout.encoding=UTF-8 -Dsun.stderr.encoding=UTF-8 com.example.WSM.WsmApplication

Host: 11th Gen Intel(R) Core(TM) i5-1135G7 @ 2.40GHz, 8 cores, 7G,  Windows 11 , 64 bit Build 22621 (10.0.22621.4830)
Time: Sat Sep  6 00:21:01 2025 Afr. centrale Ouest elapsed time: 10.146558 seconds (0d 0h 0m 10s)

---------------  T H R E A D  ---------------

Current thread (0x000001a458265930):  JavaThread "C2 CompilerThread0" daemon [_thread_in_native, id=15444, stack(0x0000000961800000,0x0000000961900000)]


Current CompileTask:
C2:  10146 6124   !   4       org.springframework.core.annotation.AnnotationsScanner::processClassHierarchy (234 bytes)

Stack: [0x0000000961800000,0x0000000961900000]
Native frames: (J=compiled Java code, j=interpreted, Vv=VM code, C=native code)
V  [jvm.dll+0x6d034a]
V  [jvm.dll+0x880f10]
V  [jvm.dll+0x88289e]
V  [jvm.dll+0x882f43]
V  [jvm.dll+0x27b4bb]
V  [jvm.dll+0xdd792]
V  [jvm.dll+0xddb25]
V  [jvm.dll+0x3b4a21]
V  [jvm.dll+0x37c86a]
V  [jvm.dll+0x37bc5a]
V  [jvm.dll+0x2470ef]
V  [jvm.dll+0x2465a7]
V  [jvm.dll+0x1d4bb7]
V  [jvm.dll+0x25558a]
V  [jvm.dll+0x2538d7]
V  [jvm.dll+0x8342bd]
V  [jvm.dll+0x82e2fa]
V  [jvm.dll+0x6cf0d3]
C  [ucrtbase.dll+0x29333]
C  [KERNEL32.DLL+0x1259d]
C  [ntdll.dll+0x5af38]


---------------  P R O C E S S  ---------------

Threads class SMR info:
_java_thread_list=0x000001a45e883ef0, length=34, elements={
0x000001a4582576f0, 0x000001a4582582e0, 0x000001a45825b5e0, 0x000001a45825d370,
0x000001a45825dd90, 0x000001a45825e7b0, 0x000001a458265930, 0x000001a45826ece0,
0x000001a458273c80, 0x000001a45822c810, 0x000001a45c799210, 0x000001a45c799750,
0x000001a45e488090, 0x000001a45e56e600, 0x000001a45e5b23a0, 0x000001a45e1ff310,
0x000001a45e200850, 0x000001a45e1ff860, 0x000001a45e1ffdb0, 0x000001a45eb1a4f0,
0x000001a45eb21f20, 0x000001a45eb1f4a0, 0x000001a45eb1c4d0, 0x000001a45eb1aa40,
0x000001a45eb1cf70, 0x000001a45eb209e0, 0x000001a45eb1da10, 0x000001a45eb1ff40,
0x000001a45eb1ba30, 0x000001a45eb21480, 0x000001a45eb1df60, 0x000001a45eb1d4c0,
0x000001a45eb1e4b0, 0x000001a45eb1ea00
}

Java Threads: ( => current thread )
  0x000001a4582576f0 JavaThread "Reference Handler" daemon [_thread_blocked, id=17052, stack(0x0000000961200000,0x0000000961300000)]
  0x000001a4582582e0 JavaThread "Finalizer" daemon [_thread_blocked, id=19708, stack(0x0000000961300000,0x0000000961400000)]
  0x000001a45825b5e0 JavaThread "Signal Dispatcher" daemon [_thread_blocked, id=20588, stack(0x0000000961400000,0x0000000961500000)]
  0x000001a45825d370 JavaThread "Attach Listener" daemon [_thread_blocked, id=1572, stack(0x0000000961500000,0x0000000961600000)]
  0x000001a45825dd90 JavaThread "Service Thread" daemon [_thread_blocked, id=732, stack(0x0000000961600000,0x0000000961700000)]
  0x000001a45825e7b0 JavaThread "Monitor Deflation Thread" daemon [_thread_blocked, id=22320, stack(0x0000000961700000,0x0000000961800000)]
=>0x000001a458265930 JavaThread "C2 CompilerThread0" daemon [_thread_in_native, id=15444, stack(0x0000000961800000,0x0000000961900000)]
  0x000001a45826ece0 JavaThread "C1 CompilerThread0" daemon [_thread_in_native, id=2236, stack(0x0000000961900000,0x0000000961a00000)]
  0x000001a458273c80 JavaThread "Sweeper thread" daemon [_thread_blocked, id=3628, stack(0x0000000961a00000,0x0000000961b00000)]
  0x000001a45822c810 JavaThread "Common-Cleaner" daemon [_thread_blocked, id=12352, stack(0x0000000961b00000,0x0000000961c00000)]
  0x000001a45c799210 JavaThread "Monitor Ctrl-Break" daemon [_thread_in_native, id=21336, stack(0x0000000961c00000,0x0000000961d00000)]
  0x000001a45c799750 JavaThread "Notification Thread" daemon [_thread_blocked, id=3872, stack(0x0000000961d00000,0x0000000961e00000)]
  0x000001a45e488090 JavaThread "Catalina-utility-1" [_thread_blocked, id=22380, stack(0x0000000962900000,0x0000000962a00000)]
  0x000001a45e56e600 JavaThread "Catalina-utility-2" [_thread_blocked, id=18476, stack(0x0000000962a00000,0x0000000962b00000)]
  0x000001a45e5b23a0 JavaThread "container-0" [_thread_blocked, id=3108, stack(0x0000000962b00000,0x0000000962c00000)]
  0x000001a45e1ff310 JavaThread "BufferPoolPruner-1-thread-1" daemon [_thread_blocked, id=18744, stack(0x0000000962c00000,0x0000000962d00000)]
  0x000001a45e200850 JavaThread "cluster-ClusterId{value='68bb705885a535f81953c13a', description='null'}-localhost:27017" daemon [_thread_in_native, id=19832, stack(0x0000000962d00000,0x0000000962e00000)]
  0x000001a45e1ff860 JavaThread "cluster-rtt-ClusterId{value='68bb705885a535f81953c13a', description='null'}-localhost:27017" daemon [_thread_blocked, id=2144, stack(0x0000000962f00000,0x0000000963000000)]
  0x000001a45e1ffdb0 JavaThread "MaintenanceTimer-2-thread-1" daemon [_thread_blocked, id=2008, stack(0x0000000963000000,0x0000000963100000)]
  0x000001a45eb1a4f0 JavaThread "Live Reload Server" daemon [_thread_in_native, id=14576, stack(0x0000000963200000,0x0000000963300000)]
  0x000001a45eb21f20 JavaThread "File Watcher" daemon [_thread_blocked, id=15408, stack(0x0000000963100000,0x0000000963200000)]
  0x000001a45eb1f4a0 JavaThread "http-nio-8080-exec-1" daemon [_thread_in_native, id=19236, stack(0x0000000963300000,0x0000000963400000)]
  0x000001a45eb1c4d0 JavaThread "http-nio-8080-exec-2" daemon [_thread_blocked, id=5608, stack(0x0000000963400000,0x0000000963500000)]
  0x000001a45eb1aa40 JavaThread "http-nio-8080-exec-3" daemon [_thread_blocked, id=21880, stack(0x0000000963500000,0x0000000963600000)]
  0x000001a45eb1cf70 JavaThread "http-nio-8080-exec-4" daemon [_thread_in_Java, id=15664, stack(0x0000000963600000,0x0000000963700000)]
  0x000001a45eb209e0 JavaThread "http-nio-8080-exec-5" daemon [_thread_in_native, id=7004, stack(0x0000000963700000,0x0000000963800000)]
  0x000001a45eb1da10 JavaThread "http-nio-8080-exec-6" daemon [_thread_blocked, id=20636, stack(0x0000000963800000,0x0000000963900000)]
  0x000001a45eb1ff40 JavaThread "http-nio-8080-exec-7" daemon [_thread_blocked, id=14664, stack(0x0000000963900000,0x0000000963a00000)]
  0x000001a45eb1ba30 JavaThread "http-nio-8080-exec-8" daemon [_thread_blocked, id=12656, stack(0x0000000963a00000,0x0000000963b00000)]
  0x000001a45eb21480 JavaThread "http-nio-8080-exec-9" daemon [_thread_blocked, id=15980, stack(0x0000000963b00000,0x0000000963c00000)]
  0x000001a45eb1df60 JavaThread "http-nio-8080-exec-10" daemon [_thread_in_native, id=11616, stack(0x0000000963c00000,0x0000000963d00000)]
  0x000001a45eb1d4c0 JavaThread "http-nio-8080-Poller" daemon [_thread_in_native, id=17692, stack(0x0000000963d00000,0x0000000963e00000)]
  0x000001a45eb1e4b0 JavaThread "http-nio-8080-Acceptor" daemon [_thread_in_native, id=20156, stack(0x0000000963e00000,0x0000000963f00000)]
  0x000001a45eb1ea00 JavaThread "DestroyJavaVM" [_thread_blocked, id=10096, stack(0x0000000960b00000,0x0000000960c00000)]

Other Threads:
  0x000001a45823e5f0 VMThread "VM Thread" [stack: 0x0000000961100000,0x0000000961200000] [id=21860]
  0x000001a45c7984a0 WatcherThread "VM Periodic Task Thread" [stack: 0x0000000961e00000,0x0000000961f00000] [id=17272]
  0x000001a4399dc6c0 WorkerThread "GC Thread#0" [stack: 0x0000000960c00000,0x0000000960d00000] [id=13136]
  0x000001a45cf65020 WorkerThread "GC Thread#1" [stack: 0x0000000962100000,0x0000000962200000] [id=7044]
  0x000001a45cf652f0 WorkerThread "GC Thread#2" [stack: 0x0000000962200000,0x0000000962300000] [id=21952]
  0x000001a45cf36820 WorkerThread "GC Thread#3" [stack: 0x0000000962300000,0x0000000962400000] [id=8500]
  0x000001a45cfb5070 WorkerThread "GC Thread#4" [stack: 0x0000000962400000,0x0000000962500000] [id=21784]
  0x000001a45cfb5e80 WorkerThread "GC Thread#5" [stack: 0x0000000962500000,0x0000000962600000] [id=21788]
  0x000001a45cfb69c0 WorkerThread "GC Thread#6" [stack: 0x0000000962700000,0x0000000962800000] [id=2532]
  0x000001a45cfb6150 WorkerThread "GC Thread#7" [stack: 0x0000000962800000,0x0000000962900000] [id=10708]
  0x000001a4399eddf0 ConcurrentGCThread "G1 Main Marker" [stack: 0x0000000960d00000,0x0000000960e00000] [id=14176]
  0x000001a4399ef2d0 WorkerThread "G1 Conc#0" [stack: 0x0000000960e00000,0x0000000960f00000] [id=20392]
  0x000001a45cfb5610 WorkerThread "G1 Conc#1" [stack: 0x0000000962600000,0x0000000962700000] [id=4904]
  0x000001a439a2e050 ConcurrentGCThread "G1 Refine#0" [stack: 0x0000000960f00000,0x0000000961000000] [id=8976]
  0x000001a439a2eb90 ConcurrentGCThread "G1 Service" [stack: 0x0000000961000000,0x0000000961100000] [id=18004]

Threads with active compile tasks:
C2 CompilerThread0    10252 6124   !   4       org.springframework.core.annotation.AnnotationsScanner::processClassHierarchy (234 bytes)
C1 CompilerThread0    10252 7031       2       org.apache.coyote.http11.Http11Processor::isUpgrade (13 bytes)

VM state: not at safepoint (normal execution)

VM Mutex/Monitor currently owned by a thread:  ([mutex/lock_event])
[0x000001a439979280] MethodData_lock - owner thread: 0x0000000000000000

Heap address: 0x0000000084200000, size: 1982 MB, Compressed Oops mode: 32-bit

CDS archive(s) mapped at: [0x0000000800000000-0x0000000800c40000-0x0000000800c40000), size 12845056, SharedBaseAddress: 0x0000000800000000, ArchiveRelocationMode: 0.
Compressed class space mapped at: 0x0000000801000000-0x0000000841000000, reserved size: 1073741824
Narrow klass base: 0x0000000800000000, Narrow klass shift: 0, Narrow klass range: 0x100000000

GC Precious Log:
 CardTable entry size: 512
 Card Set container configuration: InlinePtr #cards 5 size 8 Array Of Cards #cards 12 size 40 Howl #buckets 4 coarsen threshold 1843 Howl Bitmap #cards 512 size 80 coarsen threshold 460 Card regions per heap region 1 cards per card region 2048
 CPUs: 8 total, 8 available
 Memory: 7926M
 Large Page Support: Disabled
 NUMA Support: Disabled
 Compressed Oops: Enabled (32-bit)
 Heap Region Size: 1M
 Heap Min Capacity: 8M
 Heap Initial Capacity: 124M
 Heap Max Capacity: 1982M
 Pre-touch: Disabled
 Parallel Workers: 8
 Concurrent Workers: 2
 Concurrent Refinement Workers: 8
 Periodic GC: Disabled

Heap:
 garbage-first heap   total 82944K, used 58657K [0x0000000084200000, 0x0000000100000000)
  region size 1024K, 38 young (38912K), 2 survivors (2048K)
 Metaspace       used 46494K, committed 47168K, reserved 1114112K
  class space    used 5956K, committed 6272K, reserved 1048576K

Heap Regions: E=young(eden), S=young(survivor), O=old, HS=humongous(starts), HC=humongous(continues), CS=collection set, F=free, OA=open archive, CA=closed archive, TAMS=top-at-mark-start (previous, next)
|   0|0x0000000084200000, 0x0000000084300000, 0x0000000084300000|100%| O|  |TAMS 0x0000000084300000, 0x0000000084200000| Untracked 
|   1|0x0000000084300000, 0x0000000084400000, 0x0000000084400000|100%| O|  |TAMS 0x0000000084400000, 0x0000000084300000| Untracked 
|   2|0x0000000084400000, 0x0000000084500000, 0x0000000084500000|100%| O|  |TAMS 0x0000000084500000, 0x0000000084400000| Untracked 
|   3|0x0000000084500000, 0x0000000084600000, 0x0000000084600000|100%| O|  |TAMS 0x0000000084600000, 0x0000000084500000| Untracked 
|   4|0x0000000084600000, 0x0000000084700000, 0x0000000084700000|100%| O|  |TAMS 0x0000000084700000, 0x0000000084600000| Untracked 
|   5|0x0000000084700000, 0x0000000084800000, 0x0000000084800000|100%| O|  |TAMS 0x0000000084800000, 0x0000000084700000| Untracked 
|   6|0x0000000084800000, 0x0000000084900000, 0x0000000084900000|100%| O|  |TAMS 0x0000000084900000, 0x0000000084800000| Untracked 
|   7|0x0000000084900000, 0x0000000084a00000, 0x0000000084a00000|100%| O|  |TAMS 0x0000000084a00000, 0x0000000084900000| Untracked 
|   8|0x0000000084a00000, 0x0000000084b00000, 0x0000000084b00000|100%| O|  |TAMS 0x0000000084b00000, 0x0000000084a00000| Untracked 
|   9|0x0000000084b00000, 0x0000000084c00000, 0x0000000084c00000|100%| O|  |TAMS 0x0000000084b00000, 0x0000000084b00000| Untracked 
|  10|0x0000000084c00000, 0x0000000084d00000, 0x0000000084d00000|100%| O|  |TAMS 0x0000000084d00000, 0x0000000084c00000| Untracked 
|  11|0x0000000084d00000, 0x0000000084e00000, 0x0000000084e00000|100%| O|  |TAMS 0x0000000084e00000, 0x0000000084d00000| Untracked 
|  12|0x0000000084e00000, 0x0000000084f00000, 0x0000000084f00000|100%| O|  |TAMS 0x0000000084f00000, 0x0000000084e00000| Untracked 
|  13|0x0000000084f00000, 0x0000000085000000, 0x0000000085000000|100%| O|  |TAMS 0x0000000085000000, 0x0000000084f00000| Untracked 
|  14|0x0000000085000000, 0x0000000085100000, 0x0000000085100000|100%| O|  |TAMS 0x0000000085100000, 0x0000000085000000| Untracked 
|  15|0x0000000085100000, 0x0000000085200000, 0x0000000085200000|100%| O|  |TAMS 0x0000000085200000, 0x0000000085100000| Untracked 
|  16|0x0000000085200000, 0x0000000085200000, 0x0000000085300000|  0%| F|  |TAMS 0x0000000085200000, 0x0000000085200000| Untracked 
|  17|0x0000000085300000, 0x0000000085400000, 0x0000000085400000|100%| O|  |TAMS 0x0000000085300000, 0x0000000085300000| Untracked 
|  18|0x0000000085400000, 0x0000000085500000, 0x0000000085500000|100%| O|  |TAMS 0x0000000085400000, 0x0000000085400000| Untracked 
|  19|0x0000000085500000, 0x0000000085600000, 0x0000000085600000|100%| O|  |TAMS 0x0000000085500000, 0x0000000085500000| Untracked 
|  20|0x0000000085600000, 0x0000000085700000, 0x0000000085700000|100%| O|  |TAMS 0x0000000085600000, 0x0000000085600000| Untracked 
|  21|0x0000000085700000, 0x0000000085800000, 0x0000000085800000|100%| O|  |TAMS 0x0000000085700000, 0x0000000085700000| Untracked 
|  22|0x0000000085800000, 0x000000008584de00, 0x0000000085900000| 30%| O|  |TAMS 0x0000000085800000, 0x0000000085800000| Untracked 
|  23|0x0000000085900000, 0x0000000085900000, 0x0000000085a00000|  0%| F|  |TAMS 0x0000000085900000, 0x0000000085900000| Untracked 
|  24|0x0000000085a00000, 0x0000000085a00000, 0x0000000085b00000|  0%| F|  |TAMS 0x0000000085a00000, 0x0000000085a00000| Untracked 
|  25|0x0000000085b00000, 0x0000000085b00000, 0x0000000085c00000|  0%| F|  |TAMS 0x0000000085b00000, 0x0000000085b00000| Untracked 
|  26|0x0000000085c00000, 0x0000000085c00000, 0x0000000085d00000|  0%| F|  |TAMS 0x0000000085c00000, 0x0000000085c00000| Untracked 
|  27|0x0000000085d00000, 0x0000000085d00000, 0x0000000085e00000|  0%| F|  |TAMS 0x0000000085d00000, 0x0000000085d00000| Untracked 
|  28|0x0000000085e00000, 0x0000000085e00000, 0x0000000085f00000|  0%| F|  |TAMS 0x0000000085e00000, 0x0000000085e00000| Untracked 
|  29|0x0000000085f00000, 0x0000000085f00000, 0x0000000086000000|  0%| F|  |TAMS 0x0000000085f00000, 0x0000000085f00000| Untracked 
|  30|0x0000000086000000, 0x0000000086000000, 0x0000000086100000|  0%| F|  |TAMS 0x0000000086000000, 0x0000000086000000| Untracked 
|  31|0x0000000086100000, 0x0000000086100000, 0x0000000086200000|  0%| F|  |TAMS 0x0000000086100000, 0x0000000086100000| Untracked 
|  32|0x0000000086200000, 0x0000000086200000, 0x0000000086300000|  0%| F|  |TAMS 0x0000000086200000, 0x0000000086200000| Untracked 
|  33|0x0000000086300000, 0x00000000863fa930, 0x0000000086400000| 97%| S|CS|TAMS 0x0000000086300000, 0x0000000086300000| Complete 
|  34|0x0000000086400000, 0x0000000086500000, 0x0000000086500000|100%| S|CS|TAMS 0x0000000086400000, 0x0000000086400000| Complete 
|  35|0x0000000086500000, 0x0000000086500000, 0x0000000086600000|  0%| F|  |TAMS 0x0000000086500000, 0x0000000086500000| Untracked 
|  36|0x0000000086600000, 0x0000000086600000, 0x0000000086700000|  0%| F|  |TAMS 0x0000000086600000, 0x0000000086600000| Untracked 
|  37|0x0000000086700000, 0x0000000086700000, 0x0000000086800000|  0%| F|  |TAMS 0x0000000086700000, 0x0000000086700000| Untracked 
|  38|0x0000000086800000, 0x0000000086800000, 0x0000000086900000|  0%| F|  |TAMS 0x0000000086800000, 0x0000000086800000| Untracked 
|  39|0x0000000086900000, 0x0000000086900000, 0x0000000086a00000|  0%| F|  |TAMS 0x0000000086900000, 0x0000000086900000| Untracked 
|  40|0x0000000086a00000, 0x0000000086a00000, 0x0000000086b00000|  0%| F|  |TAMS 0x0000000086a00000, 0x0000000086a00000| Untracked 
|  41|0x0000000086b00000, 0x0000000086b00000, 0x0000000086c00000|  0%| F|  |TAMS 0x0000000086b00000, 0x0000000086b00000| Untracked 
|  42|0x0000000086c00000, 0x0000000086c00000, 0x0000000086d00000|  0%| F|  |TAMS 0x0000000086c00000, 0x0000000086c00000| Untracked 
|  43|0x0000000086d00000, 0x0000000086d00000, 0x0000000086e00000|  0%| F|  |TAMS 0x0000000086d00000, 0x0000000086d00000| Untracked 
|  44|0x0000000086e00000, 0x0000000086e00000, 0x0000000086f00000|  0%| F|  |TAMS 0x0000000086e00000, 0x0000000086e00000| Untracked 
|  45|0x0000000086f00000, 0x0000000086fb8570, 0x0000000087000000| 72%| E|  |TAMS 0x0000000086f00000, 0x0000000086f00000| Complete 
|  46|0x0000000087000000, 0x0000000087100000, 0x0000000087100000|100%| E|CS|TAMS 0x0000000087000000, 0x0000000087000000| Complete 
|  47|0x0000000087100000, 0x0000000087200000, 0x0000000087200000|100%| E|CS|TAMS 0x0000000087100000, 0x0000000087100000| Complete 
|  48|0x0000000087200000, 0x0000000087300000, 0x0000000087300000|100%| E|CS|TAMS 0x0000000087200000, 0x0000000087200000| Complete 
|  49|0x0000000087300000, 0x0000000087400000, 0x0000000087400000|100%| E|CS|TAMS 0x0000000087300000, 0x0000000087300000| Complete 
|  50|0x0000000087400000, 0x0000000087500000, 0x0000000087500000|100%| E|CS|TAMS 0x0000000087400000, 0x0000000087400000| Complete 
|  51|0x0000000087500000, 0x0000000087600000, 0x0000000087600000|100%| E|CS|TAMS 0x0000000087500000, 0x0000000087500000| Complete 
|  52|0x0000000087600000, 0x0000000087700000, 0x0000000087700000|100%| E|CS|TAMS 0x0000000087600000, 0x0000000087600000| Complete 
|  53|0x0000000087700000, 0x0000000087800000, 0x0000000087800000|100%| E|CS|TAMS 0x0000000087700000, 0x0000000087700000| Complete 
|  54|0x0000000087800000, 0x0000000087900000, 0x0000000087900000|100%| E|CS|TAMS 0x0000000087800000, 0x0000000087800000| Complete 
|  55|0x0000000087900000, 0x0000000087a00000, 0x0000000087a00000|100%| E|CS|TAMS 0x0000000087900000, 0x0000000087900000| Complete 
|  56|0x0000000087a00000, 0x0000000087b00000, 0x0000000087b00000|100%| E|CS|TAMS 0x0000000087a00000, 0x0000000087a00000| Complete 
|  57|0x0000000087b00000, 0x0000000087c00000, 0x0000000087c00000|100%| E|CS|TAMS 0x0000000087b00000, 0x0000000087b00000| Complete 
|  58|0x0000000087c00000, 0x0000000087d00000, 0x0000000087d00000|100%| E|CS|TAMS 0x0000000087c00000, 0x0000000087c00000| Complete 
|  59|0x0000000087d00000, 0x0000000087e00000, 0x0000000087e00000|100%| E|CS|TAMS 0x0000000087d00000, 0x0000000087d00000| Complete 
|  60|0x0000000087e00000, 0x0000000087f00000, 0x0000000087f00000|100%| E|CS|TAMS 0x0000000087e00000, 0x0000000087e00000| Complete 
|  61|0x0000000087f00000, 0x0000000088000000, 0x0000000088000000|100%| E|CS|TAMS 0x0000000087f00000, 0x0000000087f00000| Complete 
|  62|0x0000000088000000, 0x0000000088100000, 0x0000000088100000|100%| E|CS|TAMS 0x0000000088000000, 0x0000000088000000| Complete 
|  63|0x0000000088100000, 0x0000000088200000, 0x0000000088200000|100%| E|CS|TAMS 0x0000000088100000, 0x0000000088100000| Complete 
|  64|0x0000000088200000, 0x0000000088300000, 0x0000000088300000|100%| E|CS|TAMS 0x0000000088200000, 0x0000000088200000| Complete 
|  65|0x0000000088300000, 0x0000000088400000, 0x0000000088400000|100%| E|  |TAMS 0x0000000088300000, 0x0000000088300000| Complete 
|  66|0x0000000088400000, 0x0000000088500000, 0x0000000088500000|100%| E|CS|TAMS 0x0000000088400000, 0x0000000088400000| Complete 
|  67|0x0000000088500000, 0x0000000088600000, 0x0000000088600000|100%| E|CS|TAMS 0x0000000088500000, 0x0000000088500000| Complete 
|  68|0x0000000088600000, 0x0000000088700000, 0x0000000088700000|100%| E|CS|TAMS 0x0000000088600000, 0x0000000088600000| Complete 
|  69|0x0000000088700000, 0x0000000088800000, 0x0000000088800000|100%| E|CS|TAMS 0x0000000088700000, 0x0000000088700000| Complete 
|  70|0x0000000088800000, 0x0000000088900000, 0x0000000088900000|100%| E|CS|TAMS 0x0000000088800000, 0x0000000088800000| Complete 
|  71|0x0000000088900000, 0x0000000088a00000, 0x0000000088a00000|100%| E|CS|TAMS 0x0000000088900000, 0x0000000088900000| Complete 
|  72|0x0000000088a00000, 0x0000000088b00000, 0x0000000088b00000|100%| E|CS|TAMS 0x0000000088a00000, 0x0000000088a00000| Complete 
|  73|0x0000000088b00000, 0x0000000088c00000, 0x0000000088c00000|100%| E|CS|TAMS 0x0000000088b00000, 0x0000000088b00000| Complete 
|  74|0x0000000088c00000, 0x0000000088d00000, 0x0000000088d00000|100%| E|CS|TAMS 0x0000000088c00000, 0x0000000088c00000| Complete 
| 117|0x000000008b700000, 0x000000008b800000, 0x000000008b800000|100%| E|CS|TAMS 0x000000008b700000, 0x000000008b700000| Complete 
| 118|0x000000008b800000, 0x000000008b900000, 0x000000008b900000|100%| E|CS|TAMS 0x000000008b800000, 0x000000008b800000| Complete 
| 119|0x000000008b900000, 0x000000008ba00000, 0x000000008ba00000|100%| E|CS|TAMS 0x000000008b900000, 0x000000008b900000| Complete 
| 120|0x000000008ba00000, 0x000000008bb00000, 0x000000008bb00000|100%| E|CS|TAMS 0x000000008ba00000, 0x000000008ba00000| Complete 
| 121|0x000000008bb00000, 0x000000008bc00000, 0x000000008bc00000|100%| E|CS|TAMS 0x000000008bb00000, 0x000000008bb00000| Complete 
| 123|0x000000008bd00000, 0x000000008be00000, 0x000000008be00000|100%| E|CS|TAMS 0x000000008bd00000, 0x000000008bd00000| Complete 

Card table byte_map: [0x000001a451260000,0x000001a451640000] _byte_map_base: 0x000001a450e3f000

Marking Bits (Prev, Next): (CMBitMap*) 0x000001a4399ddd00, (CMBitMap*) 0x000001a4399ddd40
 Prev Bits: [0x000001a451a20000, 0x000001a453918000)
 Next Bits: [0x000001a453920000, 0x000001a455818000)

Polling page: 0x000001a437b00000

Metaspace:

Usage:
  Non-class:     39.60 MB used.
      Class:      5.82 MB used.
       Both:     45.42 MB used.

Virtual space:
  Non-class space:       64.00 MB reserved,      39.94 MB ( 62%) committed,  1 nodes.
      Class space:        1.00 GB reserved,       6.13 MB ( <1%) committed,  1 nodes.
             Both:        1.06 GB reserved,      46.06 MB (  4%) committed. 

Chunk freelists:
   Non-Class:  35.00 KB
       Class:  1.91 MB
        Both:  1.95 MB

MaxMetaspaceSize: unlimited
CompressedClassSpaceSize: 1.00 GB
Initial GC threshold: 21.00 MB
Current GC threshold: 58.88 MB
CDS: on
MetaspaceReclaimPolicy: balanced
 - commit_granule_bytes: 65536.
 - commit_granule_words: 8192.
 - virtual_space_node_default_size: 8388608.
 - enlarge_chunks_in_place: 1.
 - new_chunks_are_fully_committed: 0.
 - uncommit_free_chunks: 1.
 - use_allocation_guard: 0.


Internal statistics:

num_allocs_failed_limit: 8.
num_arena_births: 916.
num_arena_deaths: 0.
num_vsnodes_births: 2.
num_vsnodes_deaths: 0.
num_space_committed: 737.
num_space_uncommitted: 0.
num_chunks_returned_to_freelist: 8.
num_chunks_taken_from_freelist: 2586.
num_chunk_merges: 8.
num_chunk_splits: 1833.
num_chunks_enlarged: 1430.
num_inconsistent_stats: 0.

CodeHeap 'non-profiled nmethods': size=120000Kb used=2530Kb max_used=2792Kb free=117469Kb
 bounds [0x000001a449620000, 0x000001a4498e0000, 0x000001a450b50000]
CodeHeap 'profiled nmethods': size=120000Kb used=11370Kb max_used=12279Kb free=108629Kb
 bounds [0x000001a441b50000, 0x000001a442750000, 0x000001a449080000]
CodeHeap 'non-nmethods': size=5760Kb used=1378Kb max_used=1403Kb free=4381Kb
 bounds [0x000001a449080000, 0x000001a4492f0000, 0x000001a449620000]
 total_blobs=6776 nmethods=6180 adapters=505
 compilation: enabled
              stopped_count=0, restarted_count=0
 full_count=0

Compilation events (20 events):
Event: 10.112 Thread 0x000001a45826ece0 6845       2       java.nio.channels.spi.AbstractInterruptibleChannel::blockedOn (10 bytes)
Event: 10.112 Thread 0x000001a45826ece0 nmethod 6845 0x000001a441d49110 code [0x000001a441d492c0, 0x000001a441d49408]
Event: 10.112 Thread 0x000001a45826ece0 6846       2       java.lang.System$2::blockedOn (5 bytes)
Event: 10.113 Thread 0x000001a45826ece0 nmethod 6846 0x000001a441d48d90 code [0x000001a441d48f40, 0x000001a441d49068]
Event: 10.113 Thread 0x000001a45826ece0 6850       2       java.lang.System$2::decodeASCII (11 bytes)
Event: 10.113 Thread 0x000001a45826ece0 nmethod 6850 0x000001a441d48a10 code [0x000001a441d48bc0, 0x000001a441d48ce8]
Event: 10.113 Thread 0x000001a45826ece0 6851       2       java.lang.String::decodeASCII (46 bytes)
Event: 10.113 Thread 0x000001a45826ece0 nmethod 6851 0x000001a441d48510 code [0x000001a441d486c0, 0x000001a441d488b8]
Event: 10.113 Thread 0x000001a45826ece0 6848       1       org.springframework.data.repository.query.parser.Part::getProperty (5 bytes)
Event: 10.113 Thread 0x000001a45826ece0 nmethod 6848 0x000001a449754990 code [0x000001a449754b20, 0x000001a449754bd8]
Event: 10.115 Thread 0x000001a45826ece0 6852       2       org.springframework.beans.PropertyEditorRegistrySupport::registerDefaultEditors (6 bytes)
Event: 10.115 Thread 0x000001a45826ece0 nmethod 6852 0x000001a441f9fc90 code [0x000001a441f9fe20, 0x000001a441f9ff18]
Event: 10.115 Thread 0x000001a45826ece0 6854       2       java.util.concurrent.locks.AbstractQueuedSynchronizer$Node::clearStatus (12 bytes)
Event: 10.115 Thread 0x000001a45826ece0 nmethod 6854 0x000001a441d48190 code [0x000001a441d48340, 0x000001a441d48488]
Event: 10.115 Thread 0x000001a45826ece0 6853       2       org.springframework.core.StandardReflectionParameterNameDiscoverer::getParameterNames (9 bytes)
Event: 10.115 Thread 0x000001a45826ece0 nmethod 6853 0x000001a442349d90 code [0x000001a442349f60, 0x000001a44234a108]
Event: 10.115 Thread 0x000001a45826ece0 6855       2       sun.nio.ch.NioSocketImpl::intValue (43 bytes)
Event: 10.116 Thread 0x000001a45826ece0 nmethod 6855 0x000001a442349590 code [0x000001a442349780, 0x000001a442349b48]
Event: 10.116 Thread 0x000001a45826ece0 6859       2       org.apache.tomcat.util.net.SocketWrapperBase::writeBlocking (61 bytes)
Event: 10.116 Thread 0x000001a45826ece0 nmethod 6859 0x000001a442348e10 code [0x000001a442349000, 0x000001a4423492d8]

GC Heap History (20 events):
Event: 2.335 GC heap before
{Heap before GC invocations=1 (full 0):
 garbage-first heap   total 126976K, used 35259K [0x0000000084200000, 0x0000000100000000)
  region size 1024K, 32 young (32768K), 3 survivors (3072K)
 Metaspace       used 13178K, committed 13504K, reserved 1114112K
  class space    used 1555K, committed 1728K, reserved 1048576K
}
Event: 2.342 GC heap after
{Heap after GC invocations=2 (full 0):
 garbage-first heap   total 126976K, used 9582K [0x0000000084200000, 0x0000000100000000)
  region size 1024K, 3 young (3072K), 3 survivors (3072K)
 Metaspace       used 13178K, committed 13504K, reserved 1114112K
  class space    used 1555K, committed 1728K, reserved 1048576K
}
Event: 3.563 GC heap before
{Heap before GC invocations=2 (full 0):
 garbage-first heap   total 126976K, used 55662K [0x0000000084200000, 0x0000000100000000)
  region size 1024K, 49 young (50176K), 3 survivors (3072K)
 Metaspace       used 21036K, committed 21440K, reserved 1114112K
  class space    used 2542K, committed 2752K, reserved 1048576K
}
Event: 3.570 GC heap after
{Heap after GC invocations=3 (full 0):
 garbage-first heap   total 126976K, used 13197K [0x0000000084200000, 0x0000000100000000)
  region size 1024K, 7 young (7168K), 7 survivors (7168K)
 Metaspace       used 21036K, committed 21440K, reserved 1114112K
  class space    used 2542K, committed 2752K, reserved 1048576K
}
Event: 3.601 GC heap before
{Heap before GC invocations=3 (full 0):
 garbage-first heap   total 126976K, used 14221K [0x0000000084200000, 0x0000000100000000)
  region size 1024K, 9 young (9216K), 7 survivors (7168K)
 Metaspace       used 21123K, committed 21504K, reserved 1114112K
  class space    used 2556K, committed 2752K, reserved 1048576K
}
Event: 3.607 GC heap after
{Heap after GC invocations=4 (full 0):
 garbage-first heap   total 126976K, used 13655K [0x0000000084200000, 0x0000000100000000)
  region size 1024K, 5 young (5120K), 5 survivors (5120K)
 Metaspace       used 21123K, committed 21504K, reserved 1114112K
  class space    used 2556K, committed 2752K, reserved 1048576K
}
Event: 4.644 GC heap before
{Heap before GC invocations=5 (full 0):
 garbage-first heap   total 55296K, used 41303K [0x0000000084200000, 0x0000000100000000)
  region size 1024K, 32 young (32768K), 5 survivors (5120K)
 Metaspace       used 26263K, committed 26752K, reserved 1114112K
  class space    used 3271K, committed 3520K, reserved 1048576K
}
Event: 4.653 GC heap after
{Heap after GC invocations=6 (full 0):
 garbage-first heap   total 55296K, used 16059K [0x0000000084200000, 0x0000000100000000)
  region size 1024K, 3 young (3072K), 3 survivors (3072K)
 Metaspace       used 26263K, committed 26752K, reserved 1114112K
  class space    used 3271K, committed 3520K, reserved 1048576K
}
Event: 4.790 GC heap before
{Heap before GC invocations=6 (full 0):
 garbage-first heap   total 55296K, used 17083K [0x0000000084200000, 0x0000000100000000)
  region size 1024K, 4 young (4096K), 3 survivors (3072K)
 Metaspace       used 26648K, committed 27072K, reserved 1114112K
  class space    used 3313K, committed 3520K, reserved 1048576K
}
Event: 4.794 GC heap after
{Heap after GC invocations=7 (full 0):
 garbage-first heap   total 55296K, used 16479K [0x0000000084200000, 0x0000000100000000)
  region size 1024K, 1 young (1024K), 1 survivors (1024K)
 Metaspace       used 26648K, committed 27072K, reserved 1114112K
  class space    used 3313K, committed 3520K, reserved 1048576K
}
Event: 5.641 GC heap before
{Heap before GC invocations=7 (full 0):
 garbage-first heap   total 55296K, used 36959K [0x0000000084200000, 0x0000000100000000)
  region size 1024K, 22 young (22528K), 1 survivors (1024K)
 Metaspace       used 31321K, committed 31808K, reserved 1114112K
  class space    used 3872K, committed 4096K, reserved 1048576K
}
Event: 5.646 GC heap after
{Heap after GC invocations=8 (full 0):
 garbage-first heap   total 55296K, used 17680K [0x0000000084200000, 0x0000000100000000)
  region size 1024K, 2 young (2048K), 2 survivors (2048K)
 Metaspace       used 31321K, committed 31808K, reserved 1114112K
  class space    used 3872K, committed 4096K, reserved 1048576K
}
Event: 6.462 GC heap before
{Heap before GC invocations=8 (full 0):
 garbage-first heap   total 55296K, used 37136K [0x0000000084200000, 0x0000000100000000)
  region size 1024K, 22 young (22528K), 2 survivors (2048K)
 Metaspace       used 35500K, committed 35968K, reserved 1114112K
  class space    used 4521K, committed 4736K, reserved 1048576K
}
Event: 6.467 GC heap after
{Heap after GC invocations=9 (full 0):
 garbage-first heap   total 55296K, used 19862K [0x0000000084200000, 0x0000000100000000)
  region size 1024K, 3 young (3072K), 3 survivors (3072K)
 Metaspace       used 35500K, committed 35968K, reserved 1114112K
  class space    used 4521K, committed 4736K, reserved 1048576K
}
Event: 7.067 GC heap before
{Heap before GC invocations=10 (full 0):
 garbage-first heap   total 55296K, used 39318K [0x0000000084200000, 0x0000000100000000)
  region size 1024K, 22 young (22528K), 3 survivors (3072K)
 Metaspace       used 38303K, committed 38848K, reserved 1114112K
  class space    used 4895K, committed 5120K, reserved 1048576K
}
Event: 7.072 GC heap after
{Heap after GC invocations=11 (full 0):
 garbage-first heap   total 55296K, used 22056K [0x0000000084200000, 0x0000000100000000)
  region size 1024K, 3 young (3072K), 3 survivors (3072K)
 Metaspace       used 38303K, committed 38848K, reserved 1114112K
  class space    used 4895K, committed 5120K, reserved 1048576K
}
Event: 7.108 GC heap before
{Heap before GC invocations=11 (full 0):
 garbage-first heap   total 55296K, used 23080K [0x0000000084200000, 0x0000000100000000)
  region size 1024K, 4 young (4096K), 3 survivors (3072K)
 Metaspace       used 38517K, committed 39104K, reserved 1114112K
  class space    used 4927K, committed 5184K, reserved 1048576K
}
Event: 7.112 GC heap after
{Heap after GC invocations=12 (full 0):
 garbage-first heap   total 55296K, used 22170K [0x0000000084200000, 0x0000000100000000)
  region size 1024K, 1 young (1024K), 1 survivors (1024K)
 Metaspace       used 38517K, committed 39104K, reserved 1114112K
  class space    used 4927K, committed 5184K, reserved 1048576K
}
Event: 8.916 GC heap before
{Heap before GC invocations=12 (full 0):
 garbage-first heap   total 55296K, used 39578K [0x0000000084200000, 0x0000000100000000)
  region size 1024K, 19 young (19456K), 1 survivors (1024K)
 Metaspace       used 42050K, committed 42688K, reserved 1114112K
  class space    used 5416K, committed 5696K, reserved 1048576K
}
Event: 8.922 GC heap after
{Heap after GC invocations=13 (full 0):
 garbage-first heap   total 82944K, used 23841K [0x0000000084200000, 0x0000000100000000)
  region size 1024K, 2 young (2048K), 2 survivors (2048K)
 Metaspace       used 42050K, committed 42688K, reserved 1114112K
  class space    used 5416K, committed 5696K, reserved 1048576K
}

Dll operation events (14 events):
Event: 0.019 Loaded shared library C:\Users\Ritej\.jdks\corretto-19.0.2\bin\java.dll
Event: 0.039 Loaded shared library C:\Users\Ritej\.jdks\corretto-19.0.2\bin\jsvml.dll
Event: 0.272 Loaded shared library C:\Users\Ritej\.jdks\corretto-19.0.2\bin\zip.dll
Event: 0.278 Loaded shared library C:\Users\Ritej\.jdks\corretto-19.0.2\bin\instrument.dll
Event: 0.291 Loaded shared library C:\Users\Ritej\.jdks\corretto-19.0.2\bin\net.dll
Event: 0.295 Loaded shared library C:\Users\Ritej\.jdks\corretto-19.0.2\bin\nio.dll
Event: 0.307 Loaded shared library C:\Users\Ritej\.jdks\corretto-19.0.2\bin\zip.dll
Event: 0.538 Loaded shared library C:\Program Files\JetBrains\IntelliJ IDEA Community Edition 2024.1.4\bin\breakgen64.dll
Event: 0.559 Loaded shared library C:\Users\Ritej\.jdks\corretto-19.0.2\bin\extnet.dll
Event: 0.655 Loaded shared library C:\Users\Ritej\.jdks\corretto-19.0.2\bin\jimage.dll
Event: 1.083 Loaded shared library C:\Users\Ritej\.jdks\corretto-19.0.2\bin\management.dll
Event: 1.091 Loaded shared library C:\Users\Ritej\.jdks\corretto-19.0.2\bin\management_ext.dll
Event: 2.634 Loaded shared library C:\Users\Ritej\.jdks\corretto-19.0.2\bin\sunmscapi.dll
Event: 9.238 Loaded shared library C:\Users\Ritej\.jdks\corretto-19.0.2\bin\verify.dll

Deoptimization events (20 events):
Event: 9.514 Thread 0x000001a45eb1ff40 Uncommon trap: trap_request=0xffffff45 fr.pc=0x000001a449863ea4 relative=0x0000000000003644
Event: 9.514 Thread 0x000001a45eb1da10 Uncommon trap: trap_request=0xffffff45 fr.pc=0x000001a449863ea4 relative=0x0000000000003644
Event: 9.514 Thread 0x000001a45eb1ff40 Uncommon trap: reason=unstable_if action=reinterpret pc=0x000001a449863ea4 method=org.springframework.util.ConcurrentReferenceHashMap$1.execute(Lorg/springframework/util/ConcurrentReferenceHashMap$Reference;Lorg/springframework/util/ConcurrentReferenceHas
Event: 9.514 Thread 0x000001a45eb1da10 Uncommon trap: reason=unstable_if action=reinterpret pc=0x000001a449863ea4 method=org.springframework.util.ConcurrentReferenceHashMap$1.execute(Lorg/springframework/util/ConcurrentReferenceHashMap$Reference;Lorg/springframework/util/ConcurrentReferenceHas
Event: 9.514 Thread 0x000001a45eb1ff40 DEOPT PACKING pc=0x000001a449863ea4 sp=0x00000009639fa490
Event: 9.514 Thread 0x000001a45eb1da10 DEOPT PACKING pc=0x000001a449863ea4 sp=0x00000009638fa5c0
Event: 9.514 Thread 0x000001a45eb1ff40 DEOPT UNPACKING pc=0x000001a4490ea5a3 sp=0x00000009639fa200 mode 2
Event: 9.514 Thread 0x000001a45eb1da10 DEOPT UNPACKING pc=0x000001a4490ea5a3 sp=0x00000009638fa330 mode 2
Event: 9.514 Thread 0x000001a45eb1da10 Uncommon trap: trap_request=0xffffff45 fr.pc=0x000001a449863ea4 relative=0x0000000000003644
Event: 9.514 Thread 0x000001a45eb1da10 Uncommon trap: reason=unstable_if action=reinterpret pc=0x000001a449863ea4 method=org.springframework.util.ConcurrentReferenceHashMap$1.execute(Lorg/springframework/util/ConcurrentReferenceHashMap$Reference;Lorg/springframework/util/ConcurrentReferenceHas
Event: 9.514 Thread 0x000001a45eb1da10 DEOPT PACKING pc=0x000001a449863ea4 sp=0x00000009638fa820
Event: 9.514 Thread 0x000001a45eb1da10 DEOPT UNPACKING pc=0x000001a4490ea5a3 sp=0x00000009638fa590 mode 2
Event: 9.514 Thread 0x000001a45eb209e0 Uncommon trap: trap_request=0xffffff45 fr.pc=0x000001a449863ea4 relative=0x0000000000003644
Event: 9.514 Thread 0x000001a45eb209e0 Uncommon trap: reason=unstable_if action=reinterpret pc=0x000001a449863ea4 method=org.springframework.util.ConcurrentReferenceHashMap$1.execute(Lorg/springframework/util/ConcurrentReferenceHashMap$Reference;Lorg/springframework/util/ConcurrentReferenceHas
Event: 9.515 Thread 0x000001a45eb209e0 DEOPT PACKING pc=0x000001a449863ea4 sp=0x00000009637f9f00
Event: 9.515 Thread 0x000001a45eb209e0 DEOPT UNPACKING pc=0x000001a4490ea5a3 sp=0x00000009637f9c70 mode 2
Event: 9.515 Thread 0x000001a45eb209e0 Uncommon trap: trap_request=0xffffff45 fr.pc=0x000001a449863ea4 relative=0x0000000000003644
Event: 9.515 Thread 0x000001a45eb209e0 Uncommon trap: reason=unstable_if action=reinterpret pc=0x000001a449863ea4 method=org.springframework.util.ConcurrentReferenceHashMap$1.execute(Lorg/springframework/util/ConcurrentReferenceHashMap$Reference;Lorg/springframework/util/ConcurrentReferenceHas
Event: 9.515 Thread 0x000001a45eb209e0 DEOPT PACKING pc=0x000001a449863ea4 sp=0x00000009637fa160
Event: 9.515 Thread 0x000001a45eb209e0 DEOPT UNPACKING pc=0x000001a4490ea5a3 sp=0x00000009637f9ed0 mode 2

Classes loaded (20 events):
Event: 9.183 Loading class java/util/concurrent/atomic/Striped64$Cell
Event: 9.183 Loading class java/util/concurrent/atomic/Striped64$Cell done
Event: 9.278 Loading class java/util/OptionalLong
Event: 9.279 Loading class java/util/OptionalLong done
Event: 9.279 Loading class java/util/OptionalDouble
Event: 9.279 Loading class java/util/OptionalDouble done
Event: 9.290 Loading class java/util/AbstractMap$SimpleEntry
Event: 9.290 Loading class java/util/AbstractMap$SimpleEntry done
Event: 9.338 Loading class java/util/stream/LongStream
Event: 9.338 Loading class java/util/stream/LongStream done
Event: 9.338 Loading class java/util/stream/DoubleStream
Event: 9.339 Loading class java/util/stream/DoubleStream done
Event: 9.364 Loading class org/w3c/dom/Node
Event: 9.365 Loading class org/w3c/dom/Node done
Event: 9.365 Loading class org/w3c/dom/Document
Event: 9.365 Loading class org/w3c/dom/Document done
Event: 9.738 Loading class java/lang/foreign/MemorySegment
Event: 9.739 Loading class java/lang/foreign/Addressable
Event: 9.739 Loading class java/lang/foreign/Addressable done
Event: 9.739 Loading class java/lang/foreign/MemorySegment done

Classes unloaded (0 events):
No events

Classes redefined (0 events):
No events

Internal exceptions (20 events):
Event: 6.912 Thread 0x000001a45cb2d3f0 Exception <a 'sun/nio/fs/WindowsException'{0x0000000086ac8ee8}> (0x0000000086ac8ee8) 
thrown [s\src\hotspot\share\prims\jni.cpp, line 517]
Event: 6.963 Thread 0x000001a45cb2d3f0 Exception <a 'java/lang/IncompatibleClassChangeError'{0x00000000868d7530}: Found class java.lang.Object, but interface was expected> (0x00000000868d7530) 
thrown [s\src\hotspot\share\interpreter\linkResolver.cpp, line 841]
Event: 7.427 Thread 0x000001a45cb2d3f0 Exception <a 'java/lang/NoSuchMethodError'{0x0000000086fd03d8}: 'int java.lang.invoke.DirectMethodHandle$Holder.invokeStaticInit(java.lang.Object, java.lang.Object, java.lang.Object, java.lang.Object)'> (0x0000000086fd03d8) 
thrown [s\src\hotspot\share\interpreter\linkResolver.cpp, line 774]
Event: 7.613 Thread 0x000001a45cb2d3f0 Exception <a 'java/lang/NoSuchMethodError'{0x0000000086be9378}: 'java.lang.Object java.lang.invoke.DirectMethodHandle$Holder.newInvokeSpecial(java.lang.Object, java.lang.Object, int, java.lang.Object, java.lang.Object)'> (0x0000000086be9378) 
thrown [s\src\hotspot\share\interpreter\linkResolver.cpp, line 774]
Event: 8.727 Thread 0x000001a45eb1e4b0 Exception <a 'java/lang/NoSuchMethodError'{0x0000000086826e78}: 'java.lang.Object java.lang.invoke.DirectMethodHandle$Holder.invokeStatic(java.lang.Object, java.lang.Object, java.lang.Object, int, int)'> (0x0000000086826e78) 
thrown [s\src\hotspot\share\interpreter\linkResolver.cpp, line 774]
Event: 8.727 Thread 0x000001a45eb1e4b0 Exception <a 'java/lang/NoSuchMethodError'{0x000000008682a6d8}: 'java.lang.Object java.lang.invoke.DirectMethodHandle$Holder.invokeStaticInit(java.lang.Object, java.lang.Object, java.lang.Object, int, int)'> (0x000000008682a6d8) 
thrown [s\src\hotspot\share\interpreter\linkResolver.cpp, line 774]
Event: 8.785 Thread 0x000001a45eb1c4d0 Exception <a 'java/lang/NoSuchMethodError'{0x0000000086783360}: 'java.lang.Object java.lang.invoke.DirectMethodHandle$Holder.invokeSpecial(java.lang.Object, java.lang.Object, java.lang.Object, java.lang.Object, java.lang.Object, long)'> (0x0000000086783360) 
thrown [s\src\hotspot\share\interpreter\linkResolver.cpp, line 774]
Event: 8.786 Thread 0x000001a45eb1c4d0 Exception <a 'java/lang/NoSuchMethodError'{0x0000000086786db0}: 'java.lang.Object java.lang.invoke.Invokers$Holder.linkToTargetMethod(java.lang.Object, java.lang.Object, java.lang.Object, long, java.lang.Object)'> (0x0000000086786db0) 
thrown [s\src\hotspot\share\interpreter\linkResolver.cpp, line 774]
Event: 9.194 Thread 0x000001a45eb1c4d0 Exception <a 'java/lang/NoSuchMethodError'{0x0000000088b495d8}: 'long java.lang.invoke.DirectMethodHandle$Holder.invokeStatic(java.lang.Object, long)'> (0x0000000088b495d8) 
thrown [s\src\hotspot\share\interpreter\linkResolver.cpp, line 774]
Event: 9.194 Thread 0x000001a45eb1f4a0 Exception <a 'java/lang/NoSuchMethodError'{0x0000000088b16b00}: 'long java.lang.invoke.DirectMethodHandle$Holder.invokeStatic(java.lang.Object, long)'> (0x0000000088b16b00) 
thrown [s\src\hotspot\share\interpreter\linkResolver.cpp, line 774]
Event: 9.194 Thread 0x000001a45eb1aa40 Exception <a 'java/lang/NoSuchMethodError'{0x0000000088b3d350}: 'long java.lang.invoke.DirectMethodHandle$Holder.invokeStatic(java.lang.Object, long)'> (0x0000000088b3d350) 
thrown [s\src\hotspot\share\interpreter\linkResolver.cpp, line 774]
Event: 9.242 Thread 0x000001a45eb1c4d0 Exception <a 'java/lang/NoSuchMethodError'{0x000000008891d438}: 'void java.lang.invoke.Invokers$Holder.invoke_MT(java.lang.Object, java.lang.Object, java.lang.Object, java.lang.Object)'> (0x000000008891d438) 
thrown [s\src\hotspot\share\interpreter\linkResolver.cpp, line 774]
Event: 9.246 Thread 0x000001a45eb1aa40 Implicit null exception at 0x000001a44974db34 to 0x000001a44974dba0
Event: 9.248 Thread 0x000001a45eb1aa40 Exception <a 'java/lang/NoSuchMethodError'{0x00000000889585a8}: 'double java.lang.invoke.DelegatingMethodHandle$Holder.reinvoke_L(java.lang.Object, java.lang.Object, int)'> (0x00000000889585a8) 
thrown [s\src\hotspot\share\interpreter\linkResolver.cpp, line 774]
Event: 9.249 Thread 0x000001a45eb1aa40 Exception <a 'java/lang/NoSuchMethodError'{0x000000008898c398}: 'void java.lang.invoke.DelegatingMethodHandle$Holder.reinvoke_L(java.lang.Object, java.lang.Object, double)'> (0x000000008898c398) 
thrown [s\src\hotspot\share\interpreter\linkResolver.cpp, line 774]
Event: 9.383 Thread 0x000001a45eb1aa40 Exception <a 'java/lang/NoSuchMethodError'{0x00000000886b3c90}: 'double java.lang.invoke.DirectMethodHandle$Holder.invokeVirtual(java.lang.Object, java.lang.Object)'> (0x00000000886b3c90) 
thrown [s\src\hotspot\share\interpreter\linkResolver.cpp, line 774]
Event: 9.384 Thread 0x000001a45eb1aa40 Exception <a 'java/lang/NoSuchMethodError'{0x00000000886b7ed0}: 'double java.lang.invoke.DelegatingMethodHandle$Holder.reinvoke_L(java.lang.Object, java.lang.Object)'> (0x00000000886b7ed0) 
thrown [s\src\hotspot\share\interpreter\linkResolver.cpp, line 774]
Event: 9.525 Thread 0x000001a45eb1cf70 Exception <a 'java/lang/NoSuchMethodError'{0x00000000882a9ca8}: 'java.lang.Object java.lang.invoke.DirectMethodHandle$Holder.invokeInterface(java.lang.Object, java.lang.Object, int)'> (0x00000000882a9ca8) 
thrown [s\src\hotspot\share\interpreter\linkResolver.cpp, line 774]
Event: 9.525 Thread 0x000001a45eb1ba30 Exception <a 'java/lang/NoSuchMethodError'{0x000000008826a020}: 'java.lang.Object java.lang.invoke.DirectMethodHandle$Holder.invokeInterface(java.lang.Object, java.lang.Object, int)'> (0x000000008826a020) 
thrown [s\src\hotspot\share\interpreter\linkResolver.cpp, line 774]
Event: 9.526 Thread 0x000001a45eb1da10 Exception <a 'java/lang/NoSuchMethodError'{0x0000000088291a18}: 'java.lang.Object java.lang.invoke.DirectMethodHandle$Holder.invokeInterface(java.lang.Object, java.lang.Object, int)'> (0x0000000088291a18) 
thrown [s\src\hotspot\share\interpreter\linkResolver.cpp, line 774]

VM Operations (20 events):
Event: 9.346 Executing VM operation: HandshakeAllThreads
Event: 9.346 Executing VM operation: HandshakeAllThreads done
Event: 9.436 Executing VM operation: ICBufferFull
Event: 9.437 Executing VM operation: ICBufferFull done
Event: 9.506 Executing VM operation: HandshakeAllThreads
Event: 9.506 Executing VM operation: HandshakeAllThreads done
Event: 9.627 Executing VM operation: ICBufferFull
Event: 9.629 Executing VM operation: ICBufferFull done
Event: 9.629 Executing VM operation: ICBufferFull
Event: 9.629 Executing VM operation: ICBufferFull done
Event: 9.661 Executing VM operation: HandshakeAllThreads
Event: 9.663 Executing VM operation: HandshakeAllThreads done
Event: 9.698 Executing VM operation: HandshakeAllThreads
Event: 9.698 Executing VM operation: HandshakeAllThreads done
Event: 9.719 Executing VM operation: HandshakeAllThreads
Event: 9.719 Executing VM operation: HandshakeAllThreads done
Event: 9.726 Executing VM operation: ICBufferFull
Event: 9.727 Executing VM operation: ICBufferFull done
Event: 10.113 Executing VM operation: ICBufferFull
Event: 10.113 Executing VM operation: ICBufferFull done

Events (20 events):
Event: 9.730 Thread 0x000001a458273c80 flushing nmethod 0x000001a442588890
Event: 9.730 Thread 0x000001a458273c80 flushing nmethod 0x000001a442589690
Event: 9.730 Thread 0x000001a458273c80 flushing nmethod 0x000001a442589d10
Event: 9.730 Thread 0x000001a458273c80 flushing nmethod 0x000001a442590a90
Event: 9.730 Thread 0x000001a458273c80 flushing nmethod 0x000001a442590e90
Event: 9.730 Thread 0x000001a458273c80 flushing nmethod 0x000001a442591290
Event: 9.730 Thread 0x000001a458273c80 flushing nmethod 0x000001a442594f90
Event: 9.730 Thread 0x000001a458273c80 flushing nmethod 0x000001a44259d690
Event: 9.730 Thread 0x000001a458273c80 flushing nmethod 0x000001a44259f690
Event: 9.730 Thread 0x000001a458273c80 flushing nmethod 0x000001a4425a2490
Event: 9.730 Thread 0x000001a458273c80 flushing nmethod 0x000001a4425a2f10
Event: 9.730 Thread 0x000001a458273c80 flushing nmethod 0x000001a4425a3a90
Event: 9.730 Thread 0x000001a458273c80 flushing nmethod 0x000001a4425a4690
Event: 9.730 Thread 0x000001a458273c80 flushing nmethod 0x000001a4425be410
Event: 9.731 Thread 0x000001a458273c80 flushing nmethod 0x000001a4425db090
Event: 9.731 Thread 0x000001a458273c80 flushing nmethod 0x000001a442605390
Event: 9.731 Thread 0x000001a458273c80 flushing nmethod 0x000001a442638c90
Event: 9.731 Thread 0x000001a458273c80 flushing nmethod 0x000001a44265d790
Event: 9.731 Thread 0x000001a458273c80 flushing nmethod 0x000001a442660010
Event: 9.731 Thread 0x000001a458273c80 flushing nmethod 0x000001a442667990


Dynamic libraries:
0x00007ff79a710000 - 0x00007ff79a71d000 	C:\Users\Ritej\.jdks\corretto-19.0.2\bin\java.exe
0x00007fff218f0000 - 0x00007fff21b07000 	C:\WINDOWS\SYSTEM32\ntdll.dll
0x00007ffee30c0000 - 0x00007ffee30e0000 	C:\Program Files\Avast Software\Avast\aswhook.dll
0x00007fff1fc90000 - 0x00007fff1fd54000 	C:\WINDOWS\System32\KERNEL32.DLL
0x00007fff1efa0000 - 0x00007fff1f370000 	C:\WINDOWS\System32\KERNELBASE.dll
0x00007fff1ec60000 - 0x00007fff1ed71000 	C:\WINDOWS\System32\ucrtbase.dll
0x00007fff05ee0000 - 0x00007fff05ef5000 	C:\Users\Ritej\.jdks\corretto-19.0.2\bin\VCRUNTIME140.dll
0x00007fff085b0000 - 0x00007fff085c7000 	C:\Users\Ritej\.jdks\corretto-19.0.2\bin\jli.dll
0x00007fff212d0000 - 0x00007fff2147e000 	C:\WINDOWS\System32\USER32.dll
0x00007fff1ed80000 - 0x00007fff1eda6000 	C:\WINDOWS\System32\win32u.dll
0x00007fff1f9e0000 - 0x00007fff1fa09000 	C:\WINDOWS\System32\GDI32.dll
0x00007fff1f370000 - 0x00007fff1f48b000 	C:\WINDOWS\System32\gdi32full.dll
0x00007fff07450000 - 0x00007fff076e2000 	C:\WINDOWS\WinSxS\amd64_microsoft.windows.common-controls_6595b64144ccf1df_6.0.22621.4830_none_270fe7d773858e80\COMCTL32.dll
0x00007fff1f490000 - 0x00007fff1f52a000 	C:\WINDOWS\System32\msvcp_win.dll
0x00007fff1f7f0000 - 0x00007fff1f897000 	C:\WINDOWS\System32\msvcrt.dll
0x00007fff205f0000 - 0x00007fff20621000 	C:\WINDOWS\System32\IMM32.DLL
0x00007ffeea5a0000 - 0x00007ffeea63b000 	C:\Users\Ritej\.jdks\corretto-19.0.2\bin\msvcp140.dll
0x00007ffeb10e0000 - 0x00007ffeb1db9000 	C:\Users\Ritej\.jdks\corretto-19.0.2\bin\server\jvm.dll
0x00007fff1f8a0000 - 0x00007fff1f951000 	C:\WINDOWS\System32\ADVAPI32.dll
0x00007fff20bc0000 - 0x00007fff20c67000 	C:\WINDOWS\System32\sechost.dll
0x00007fff1f5b0000 - 0x00007fff1f5d8000 	C:\WINDOWS\System32\bcrypt.dll
0x00007fff21480000 - 0x00007fff21594000 	C:\WINDOWS\System32\RPCRT4.dll
0x00007fff17760000 - 0x00007fff17794000 	C:\WINDOWS\SYSTEM32\WINMM.dll
0x00007fff167a0000 - 0x00007fff167aa000 	C:\WINDOWS\SYSTEM32\VERSION.dll
0x00007fff025a0000 - 0x00007fff025a9000 	C:\WINDOWS\SYSTEM32\WSOCK32.dll
0x00007fff1f660000 - 0x00007fff1f6d1000 	C:\WINDOWS\System32\WS2_32.dll
0x00007fff1dba0000 - 0x00007fff1dbb8000 	C:\WINDOWS\SYSTEM32\kernel.appcore.dll
0x00007fff095e0000 - 0x00007fff095ea000 	C:\Users\Ritej\.jdks\corretto-19.0.2\bin\jimage.dll
0x00007fff1c200000 - 0x00007fff1c432000 	C:\WINDOWS\SYSTEM32\DBGHELP.DLL
0x00007fff20ec0000 - 0x00007fff21250000 	C:\WINDOWS\System32\combase.dll
0x00007fff21770000 - 0x00007fff21847000 	C:\WINDOWS\System32\OLEAUT32.dll
0x00007fff0a7b0000 - 0x00007fff0a7e2000 	C:\WINDOWS\SYSTEM32\dbgcore.DLL
0x00007fff1edb0000 - 0x00007fff1ee2b000 	C:\WINDOWS\System32\bcryptPrimitives.dll
0x00007fff095c0000 - 0x00007fff095ce000 	C:\Users\Ritej\.jdks\corretto-19.0.2\bin\instrument.dll
0x00007fff02ff0000 - 0x00007fff03016000 	C:\Users\Ritej\.jdks\corretto-19.0.2\bin\java.dll
0x00007ffed4a70000 - 0x00007ffed4b46000 	C:\Users\Ritej\.jdks\corretto-19.0.2\bin\jsvml.dll
0x00007fff1fd70000 - 0x00007fff205e8000 	C:\WINDOWS\System32\SHELL32.dll
0x00007fff1caa0000 - 0x00007fff1d3b0000 	C:\WINDOWS\SYSTEM32\windows.storage.dll
0x00007fff1c960000 - 0x00007fff1ca9f000 	C:\WINDOWS\SYSTEM32\wintypes.dll
0x00007fff1f6e0000 - 0x00007fff1f7ea000 	C:\WINDOWS\System32\SHCORE.dll
0x00007fff21850000 - 0x00007fff218ae000 	C:\WINDOWS\System32\shlwapi.dll
0x00007fff1ead0000 - 0x00007fff1eafb000 	C:\WINDOWS\SYSTEM32\profapi.dll
0x00007fff02fb0000 - 0x00007fff02fc8000 	C:\Users\Ritej\.jdks\corretto-19.0.2\bin\zip.dll
0x00007fff03110000 - 0x00007fff03123000 	C:\Users\Ritej\.jdks\corretto-19.0.2\bin\net.dll
0x00007fff1a270000 - 0x00007fff1a39c000 	C:\WINDOWS\SYSTEM32\WINHTTP.dll
0x00007fff1e010000 - 0x00007fff1e07a000 	C:\WINDOWS\system32\mswsock.dll
0x00007fff02fd0000 - 0x00007fff02fe5000 	C:\Users\Ritej\.jdks\corretto-19.0.2\bin\nio.dll
0x00007fff02a40000 - 0x00007fff02a5a000 	C:\Program Files\JetBrains\IntelliJ IDEA Community Edition 2024.1.4\bin\breakgen64.dll
0x00007fff05e90000 - 0x00007fff05e98000 	C:\Users\Ritej\.jdks\corretto-19.0.2\bin\extnet.dll
0x00007fff090d0000 - 0x00007fff090d9000 	C:\Users\Ritej\.jdks\corretto-19.0.2\bin\management.dll
0x00007fff08580000 - 0x00007fff0858b000 	C:\Users\Ritej\.jdks\corretto-19.0.2\bin\management_ext.dll
0x00007fff1fd60000 - 0x00007fff1fd68000 	C:\WINDOWS\System32\PSAPI.DLL
0x00007fff07d30000 - 0x00007fff07d3e000 	C:\Users\Ritej\.jdks\corretto-19.0.2\bin\sunmscapi.dll
0x00007fff1ee30000 - 0x00007fff1ef96000 	C:\WINDOWS\System32\CRYPT32.dll
0x00007fff1e450000 - 0x00007fff1e47d000 	C:\WINDOWS\SYSTEM32\ncrypt.dll
0x00007fff1e410000 - 0x00007fff1e447000 	C:\WINDOWS\SYSTEM32\NTASN1.dll
0x00007fff1e360000 - 0x00007fff1e37b000 	C:\WINDOWS\SYSTEM32\CRYPTSP.dll
0x00007fff1db00000 - 0x00007fff1db35000 	C:\WINDOWS\system32\rsaenh.dll
0x00007fff1e0b0000 - 0x00007fff1e0d8000 	C:\WINDOWS\SYSTEM32\USERENV.dll
0x00007fff1e340000 - 0x00007fff1e34c000 	C:\WINDOWS\SYSTEM32\CRYPTBASE.dll
0x00007fff1d610000 - 0x00007fff1d63d000 	C:\WINDOWS\SYSTEM32\IPHLPAPI.DLL
0x00007fff20630000 - 0x00007fff20639000 	C:\WINDOWS\System32\NSI.dll
0x00007fff1a250000 - 0x00007fff1a269000 	C:\WINDOWS\SYSTEM32\dhcpcsvc6.DLL
0x00007fff1a230000 - 0x00007fff1a24f000 	C:\WINDOWS\SYSTEM32\dhcpcsvc.DLL
0x00007fff1d680000 - 0x00007fff1d782000 	C:\WINDOWS\SYSTEM32\DNSAPI.dll
0x00007fff17270000 - 0x00007fff1727a000 	C:\Windows\System32\rasadhlp.dll
0x00007fff16930000 - 0x00007fff169b3000 	C:\WINDOWS\System32\fwpuclnt.dll
0x00007fff0a890000 - 0x00007fff0a898000 	C:\WINDOWS\system32\wshunix.dll
0x00007fff056d0000 - 0x00007fff056e0000 	C:\Users\Ritej\.jdks\corretto-19.0.2\bin\verify.dll

dbghelp: loaded successfully - version: 4.0.5 - missing functions: none
symbol engine: initialized successfully - sym options: 0x614 - pdb path: .;C:\Users\Ritej\.jdks\corretto-19.0.2\bin;C:\WINDOWS\SYSTEM32;C:\Program Files\Avast Software\Avast;C:\WINDOWS\WinSxS\amd64_microsoft.windows.common-controls_6595b64144ccf1df_6.0.22621.4830_none_270fe7d773858e80;C:\Users\Ritej\.jdks\corretto-19.0.2\bin\server;C:\Program Files\JetBrains\IntelliJ IDEA Community Edition 2024.1.4\bin

VM Arguments:
jvm_args: -javaagent:C:\Program Files\JetBrains\IntelliJ IDEA Community Edition 2024.1.4\lib\idea_rt.jar=58874:C:\Program Files\JetBrains\IntelliJ IDEA Community Edition 2024.1.4\bin -Dfile.encoding=UTF-8 -Dsun.stdout.encoding=UTF-8 -Dsun.stderr.encoding=UTF-8 
java_command: com.example.WSM.WsmApplication
java_class_path (initial): C:\Users\Ritej\Downloads\Ritej-main\WSM Project\WSM\target\classes;C:\Users\Ritej\.m2\repository\org\apache\poi\poi\5.2.3\poi-5.2.3.jar;C:\Users\Ritej\.m2\repository\commons-codec\commons-codec\1.18.0\commons-codec-1.18.0.jar;C:\Users\Ritej\.m2\repository\org\apache\commons\commons-collections4\4.4\commons-collections4-4.4.jar;C:\Users\Ritej\.m2\repository\org\apache\commons\commons-math3\3.6.1\commons-math3-3.6.1.jar;C:\Users\Ritej\.m2\repository\com\zaxxer\SparseBitSet\1.2\SparseBitSet-1.2.jar;C:\Users\Ritej\.m2\repository\org\apache\logging\log4j\log4j-api\2.24.3\log4j-api-2.24.3.jar;C:\Users\Ritej\.m2\repository\org\apache\poi\poi-ooxml\5.2.3\poi-ooxml-5.2.3.jar;C:\Users\Ritej\.m2\repository\org\apache\poi\poi-ooxml-lite\5.2.3\poi-ooxml-lite-5.2.3.jar;C:\Users\Ritej\.m2\repository\org\apache\xmlbeans\xmlbeans\5.1.1\xmlbeans-5.1.1.jar;C:\Users\Ritej\.m2\repository\org\apache\commons\commons-compress\1.21\commons-compress-1.21.jar;C:\Users\Ritej\.m2\repository\com\github\virtuald\curvesapi\1.07\curvesapi-1.07.jar;C:\Users\Ritej\.m2\repository\io\jsonwebtoken\jjwt-api\0.11.5\jjwt-api-0.11.5.jar;C:\Users\Ritej\.m2\repository\io\jsonwebtoken\jjwt-impl\0.11.5\jjwt-impl-0.11.5.jar;C:\Users\Ritej\.m2\repository\io\jsonwebtoken\jjwt-jackson\0.11.5\jjwt-jackson-0.11.5.jar;C:\Users\Ritej\.m2\repository\com\fasterxml\jackson\core\jackson-databind\2.19.2\jackson-databind-2.19.2.jar;C:\Users\Ritej\.m2\repository\com\fasterxml\jackson\core\jackson-annotations\2.19.2\jackson-annotations-2.19.2.jar;C:\Users\Ritej\.m2\repository\com\fasterxml\jackson\core\jackson-core\2.19.2\jackson-core-2.19.2.jar;C:\Users\Ritej\.m2\repository\org\springframework\boot\spring-boot-starter-data-mongodb\3.5.4\spring-boot-starter-data-mongodb-3.5.4.jar;C:\Users\Ritej\.m2\repository\org\springframework\boot\spring-boot-starter\3.5.4\spring-boot-starter-3.5.4.jar;C:\Users\Ritej\.m2\repository\org\springframework\boot\spring-boot-starter-logging\3.5.4\spring-boot-starter-logging-3.5.4.jar;C:\Users\Ritej\.m2\repository\ch\qos\logback\logback-classic\1.5.18\logback-classic-1.5.18.jar;C:\Users\Ritej\.m2\repository\ch\qos\logback\logback-core\1.5.18\logback-core-1.5.18.jar;C:\Users\Ritej\.m2\repository\org\apache\logging\log4j\log4j-to-slf4j\2.24.3\log4j-to-slf4j-2.24.3.jar;C:\Users\Ritej\.m2\repository\org\slf4j\jul-to-slf4j\2.0.17\jul-to-slf4j-2.0.17.jar;C:\Users\Ritej\.m2\repository\jakarta\annotation\jakarta.annotation-api\2.1.1\jakarta.annotation-api-2.1.1.jar;C:\Users\Ritej\.m2\repository\org\yaml\snakeyaml\2.4\snakeyaml-2.4.jar;C:\Users\Ritej\.m2\repository\org\mongodb\mongodb-driver-sync\5.5.1\mongodb-driver-sync-5.5.1.jar;C:\Users\Ritej\.m2\repository\org\mongodb\bson\5.5.1\bson-5.5.1.jar;C:\Users\Ritej\.m2\repository\org\mongodb\mongodb-driver-core\5.5.1\mongodb-driver-core-5.5.1.jar;C:\Users\Ritej\.m2\repository\org\mongodb\bson-record-codec\5.5.1\bson-record-codec-5.5.1.jar;C:\Users\Ritej\.m2\repository\org\springframework\data\spring-data-mongodb\4.5.2\spring-data-mongodb-4.5.2.jar;C:\Users\Ritej\.m2\repository\org\springframework\spring-tx\6.2.9\spring-tx-6.2.9.jar;C:\Users\Ritej\.m2\repository\org\springframework\spring-context\6.2.9\spring-context-6.2.9.jar;C:\Users\Ritej\.m2\repository\org\springframework\spring-beans\6.2.9\spring-beans-6.2.9.jar;C:\Users\Ritej\.m2\repository\org\springframework\spring-expression\6.2.9\spring-expression-6.2.9.jar;C:\Users\Ritej\.m2\repository\org\springframework\data\spring-data-commons\3.5.2\spring-data-commons-3.5.2.jar;C:\Users\Ritej\.m2\repository\org\slf4j\slf4j-api\2.0.17\slf4j-api-2.0.17.jar;C:\Users\Ritej\.m2\repository\org\springframework\boot\spring-boot-starter-security\3.2.0\spring-boot-starter-security-3.2.0.jar;C:\Users\Ritej\.m2\repository\org\springframework\spring-aop\6.2.9\spring-aop-6.2.9.jar;C:\Users\Ritej\.m2\repository\org\springframework\security\spring-security-config\6.5.2\spring-security-config-6.5.2.jar;C:\Users\Ritej\.m2\repository\org\springframework\security\spring-security-core\6.5.2\spring-security-core-6.5.2.jar;C:\Users\Ritej\.m2\repository\org\springframework\security\spring-security-crypto\6.5.2\spring-security-crypto-6.5.2.jar;C:\Users\Ritej\.m2\repository\org\springframework\security\spring-security-web\6.5.2\spring-security-web-6.5.2.jar;C:\Users\Ritej\.m2\repository\org\springframework\boot\spring-boot-starter-web\3.5.4\spring-boot-starter-web-3.5.4.jar;C:\Users\Ritej\.m2\repository\org\springframework\boot\spring-boot-starter-json\3.5.4\spring-boot-starter-json-3.5.4.jar;C:\Users\Ritej\.m2\repository\com\fasterxml\jackson\datatype\jackson-datatype-jdk8\2.19.2\jackson-datatype-jdk8-2.19.2.jar;C:\Users\Ritej\.m2\repository\com\fasterxml\jackson\datatype\jackson-datatype-jsr310\2.19.2\jackson-datatype-jsr310-2.19.2.jar;C:\Users\Ritej\.m2\repository\com\fasterxml\jackson\module\jackson-module-parameter-names\2.19.2\jackson-module-parameter-names-2.19.2.jar;C:\Users\Ritej\.m2\repository\org\springframework\boot\spring-boot-starter-tomcat\3.5.4\spring-boot-starter-tomcat-3.5.4.jar;C:\Users\Ritej\.m2\repository\org\apache\tomcat\embed\tomcat-embed-core\10.1.43\tomcat-embed-core-10.1.43.jar;C:\Users\Ritej\.m2\repository\org\apache\tomcat\embed\tomcat-embed-el\10.1.43\tomcat-embed-el-10.1.43.jar;C:\Users\Ritej\.m2\repository\org\apache\tomcat\embed\tomcat-embed-websocket\10.1.43\tomcat-embed-websocket-10.1.43.jar;C:\Users\Ritej\.m2\repository\org\springframework\spring-web\6.2.9\spring-web-6.2.9.jar;C:\Users\Ritej\.m2\repository\io\micrometer\micrometer-observation\1.15.2\micrometer-observation-1.15.2.jar;C:\Users\Ritej\.m2\repository\io\micrometer\micrometer-commons\1.15.2\micrometer-commons-1.15.2.jar;C:\Users\Ritej\.m2\repository\org\springframework\spring-webmvc\6.2.9\spring-webmvc-6.2.9.jar;C:\Users\Ritej\.m2\repository\org\springframework\boot\spring-boot-devtools\3.5.4\spring-boot-devtools-3.5.4.jar;C:\Users\Ritej\.m2\repository\org\springframework\boot\spring-boot\3.5.4\spring-boot-3.5.4.jar;C:\Users\Ritej\.m2\repository\org\springframework\boot\spring-boot-autoconfigure\3.5.4\spring-boot-autoconfigure-3.5.4.jar;C:\Users\Ritej\.m2\repository\commons-io\commons-io\2.11.0\commons-io-2.11.0.jar;C:\Users\Ritej\.m2\repository\org\springframework\spring-core\6.2.9\spring-core-6.2.9.jar;C:\Users\Ritej\.m2\repository\org\springframework\spring-jcl\6.2.9\spring-jcl-6.2.9.jar
Launcher Type: SUN_STANDARD

[Global flags]
     intx CICompilerCount                          = 4                                         {product} {ergonomic}
     uint ConcGCThreads                            = 2                                         {product} {ergonomic}
     uint G1ConcRefinementThreads                  = 8                                         {product} {ergonomic}
   size_t G1HeapRegionSize                         = 1048576                                   {product} {ergonomic}
    uintx GCDrainStackTargetSize                   = 64                                        {product} {ergonomic}
   size_t InitialHeapSize                          = 130023424                                 {product} {ergonomic}
   size_t MarkStackSize                            = 4194304                                   {product} {ergonomic}
   size_t MaxHeapSize                              = 2078277632                                {product} {ergonomic}
   size_t MaxNewSize                               = 1246756864                                {product} {ergonomic}
   size_t MinHeapDeltaBytes                        = 1048576                                   {product} {ergonomic}
   size_t MinHeapSize                              = 8388608                                   {product} {ergonomic}
    uintx NonNMethodCodeHeapSize                   = 5839372                                {pd product} {ergonomic}
    uintx NonProfiledCodeHeapSize                  = 122909434                              {pd product} {ergonomic}
    uintx ProfiledCodeHeapSize                     = 122909434                              {pd product} {ergonomic}
    uintx ReservedCodeCacheSize                    = 251658240                              {pd product} {ergonomic}
     bool SegmentedCodeCache                       = true                                      {product} {ergonomic}
   size_t SoftMaxHeapSize                          = 2078277632                             {manageable} {ergonomic}
     bool UseCompressedClassPointers               = true                           {product lp64_product} {ergonomic}
     bool UseCompressedOops                        = true                           {product lp64_product} {ergonomic}
     bool UseG1GC                                  = true                                      {product} {ergonomic}
     bool UseLargePagesIndividualAllocation        = false                                  {pd product} {ergonomic}

Logging:
Log output configuration:
 #0: stdout all=warning uptime,level,tags foldmultilines=false
 #1: stderr all=off uptime,level,tags foldmultilines=false

Environment Variables:
JAVA_HOME=C:\Program Files\Java\jdk-17
PATH=C:\Program Files\MongoDB\Server\7.0\bin;C:\oraclexe\app\oracle\product\11.2.0\server\bin;"C:\xampp\php;C:\xampp\php;C:\Program Files\Common Files\Oracle\Java\javapath";C:\WINDOWS\system32;C:\WINDOWS;C:\WINDOWS\System32\Wbem;C:\WINDOWS\System32\WindowsPowerShell\v1.0\;C:\WINDOWS\System32\OpenSSH\;C:\ProgramData\chocolatey\bin;C:\Program Files\Java\jdk-17\bin;C:\Program Files\Docker\Docker\resources\bin;C:\Users\Ritej\AppData\Roaming\nvm;C:\Program Files\nodejs;C:\Users\Ritej\AppData\Local\Microsoft\WindowsApps\python.exe;C:\Users\Ritej\AppData\Local\Programs\Python\Launcher\;C:\Program Files\MongoDB\Server\7.0\bin;C:\Users\Ritej\AppData\Local\Microsoft\WindowsApps;C:\Users\Ritej\AppData\Local\JetBrains\PyCharm 2023.1\bin;;C:\Program Files\JetBrains\PyCharm Community Edition 2022.2.3\bin;;C:\Users\Ritej\AppData\Local\Programs\Microsoft VS Code\bin;C:\Users\Ritej\AppData\Roaming\npm;C:\Program Files\JetBrains\IntelliJ IDEA Community Edition 2024.1.4\bin;;C:\Users\Ritej\Desktop\jdk-19_windows-x64_bin\bin;C:\Users\Ritej\AppData\Local\JetBrains\IntelliJ IDEA 2024.1.4\bin;;C:\Users\Ritej\AppData\Roaming\nvm;C:\Program Files\nodejs;C:\Program Files\apache-maven-3.9.9\bin;C:\Users\Ritej\AppData\Local\Microsoft\WindowsApps\python.exe;
USERNAME=Ritej
OS=Windows_NT
PROCESSOR_IDENTIFIER=Intel64 Family 6 Model 140 Stepping 1, GenuineIntel
TMP=C:\Users\Ritej\AppData\Local\Temp
TEMP=C:\Users\Ritej\AppData\Local\Temp



---------------  S Y S T E M  ---------------

OS:
 Windows 11 , 64 bit Build 22621 (10.0.22621.4830)
OS uptime: 0 days 3:16 hours
Hyper-V role detected

CPU: total 8 (initial active 8) (4 cores per cpu, 2 threads per core) family 6 model 140 stepping 1 microcode 0xb8, cx8, cmov, fxsr, ht, mmx, 3dnowpref, sse, sse2, sse3, ssse3, sse4.1, sse4.2, popcnt, lzcnt, tsc, tscinvbit, avx, avx2, aes, erms, clmul, bmi1, bmi2, adx, avx512f, avx512dq, avx512cd, avx512bw, avx512vl, sha, fma, vzeroupper, avx512_vpopcntdq, avx512_vpclmulqdq, avx512_vaes, avx512_vnni, clflush, clflushopt, clwb, avx512_vbmi2, avx512_vbmi, hv, rdtscp, rdpid, fsrm, gfni, avx512_bitalg

Memory: 4k page, system-wide physical 7926M (214M free)
TotalPageFile size 14749M (AvailPageFile size 9M)
current process WorkingSet (physical memory assigned to process): 232M, peak: 232M
current process commit charge ("private bytes"): 270M, peak: 271M

vm_info: OpenJDK 64-Bit Server VM (19.0.2+7-FR) for windows-amd64 JRE (19.0.2+7-FR), built on Jan 13 2023 22:53:32 by "Administrator" with MS VC++ 15.9 (VS2017)

END.
