#
# There is insufficient memory for the Java Runtime Environment to continue.
# Native memory allocation (malloc) failed to allocate 1579616 bytes for Chunk::new
# Possible reasons:
#   The system is out of physical RAM or swap space
#   The process is running with CompressedOops enabled, and the Java Heap may be blocking the growth of the native heap
# Possible solutions:
#   Reduce memory load on the system
#   Increase physical memory or swap space
#   Check if swap backing store is full
#   Decrease Java heap size (-Xmx/-Xms)
#   Decrease number of Java threads
#   Decrease Java thread stack sizes (-Xss)
#   Set larger code cache with -XX:ReservedCodeCacheSize=
#   JVM is running with Unscaled Compressed Oops mode in which the Java heap is
#     placed in the first 4GB address space. The Java Heap base address is the
#     maximum limit for the native heap growth. Please use -XX:HeapBaseMinAddress
#     to set the Java Heap base and to place the Java Heap above 4GB virtual address.
# This output file may be truncated or incomplete.
#
#  Out of Memory Error (arena.cpp:184), pid=25036, tid=12812
#
# JRE version: OpenJDK Runtime Environment Corretto-19.0.2.7.1 (19.0.2+7) (build 19.0.2+7-FR)
# Java VM: OpenJDK 64-Bit Server VM Corretto-19.0.2.7.1 (19.0.2+7-FR, mixed mode, sharing, tiered, compressed oops, compressed class ptrs, g1 gc, windows-amd64)
# No core dump will be written. Minidumps are not enabled by default on client versions of Windows
#

---------------  S U M M A R Y ------------

Command Line: -javaagent:C:\Program Files\JetBrains\IntelliJ IDEA Community Edition 2024.1.4\lib\idea_rt.jar=58656:C:\Program Files\JetBrains\IntelliJ IDEA Community Edition 2024.1.4\bin -Dfile.encoding=UTF-8 -Dsun.stdout.encoding=UTF-8 -Dsun.stderr.encoding=UTF-8 com.example.WSM.WsmApplication

Host: 11th Gen Intel(R) Core(TM) i5-1135G7 @ 2.40GHz, 8 cores, 7G,  Windows 11 , 64 bit Build 22621 (10.0.22621.4830)
Time: Sat Aug 23 18:36:08 2025 Afr. centrale Ouest elapsed time: 64.209270 seconds (0d 0h 1m 4s)

---------------  T H R E A D  ---------------

Current thread (0x00000205c5817870):  JavaThread "C2 CompilerThread0" daemon [_thread_in_native, id=12812, stack(0x0000007bb4e00000,0x0000007bb4f00000)]


Current CompileTask:
C2:  64209 9113   !   4       org.springframework.web.servlet.mvc.method.annotation.AbstractMessageConverterMethodProcessor::writeWithMessageConverters (1047 bytes)

Stack: [0x0000007bb4e00000,0x0000007bb4f00000]
Native frames: (J=compiled Java code, j=interpreted, Vv=VM code, C=native code)
V  [jvm.dll+0x6d034a]
V  [jvm.dll+0x880f10]
V  [jvm.dll+0x88289e]
V  [jvm.dll+0x882f43]
V  [jvm.dll+0x27b4bb]
V  [jvm.dll+0xdd792]
V  [jvm.dll+0xddb25]
V  [jvm.dll+0x2f2d72]
V  [jvm.dll+0x5d5c0f]
V  [jvm.dll+0x24f710]
V  [jvm.dll+0x248777]
V  [jvm.dll+0x246488]
V  [jvm.dll+0x1d4bb7]
V  [jvm.dll+0x25558a]
V  [jvm.dll+0x2538d7]
V  [jvm.dll+0x8342bd]
V  [jvm.dll+0x82e2fa]
V  [jvm.dll+0x6cf0d3]
C  [ucrtbase.dll+0x29333]
C  [KERNEL32.DLL+0x1259d]
C  [ntdll.dll+0x5af38]


---------------  P R O C E S S  ---------------

Threads class SMR info:
_java_thread_list=0x00000205ca3c91a0, length=34, elements={
0x00000205c5806530, 0x00000205c5807120, 0x00000205c5807e00, 0x00000205c580bba0,
0x00000205c580c5c0, 0x00000205c580f600, 0x00000205c5817870, 0x00000205c5824520,
0x00000205c583c430, 0x00000205c583c980, 0x00000205c583b440, 0x00000205c583a450,
0x00000205c5839f00, 0x00000205c583a9a0, 0x00000205c583aef0, 0x00000205cbfbb520,
0x00000205cbfbff80, 0x00000205cbfbd500, 0x00000205cbfc14c0, 0x00000205cbfbba70,
0x00000205cbfbdfa0, 0x00000205cbfbcfb0, 0x00000205cbfc04d0, 0x00000205cbfc1f60,
0x00000205cbfbda50, 0x00000205cbfbef90, 0x00000205cbfc24b0, 0x00000205cbfbafd0,
0x00000205cbfbf4e0, 0x00000205cbfc2a00, 0x00000205cbfbea40, 0x00000205cbfbbfc0,
0x00000205cbfbca60, 0x00000205cc3c3930
}

Java Threads: ( => current thread )
  0x00000205c5806530 JavaThread "Reference Handler" daemon [_thread_blocked, id=4120, stack(0x0000007bb4800000,0x0000007bb4900000)]
  0x00000205c5807120 JavaThread "Finalizer" daemon [_thread_blocked, id=27672, stack(0x0000007bb4900000,0x0000007bb4a00000)]
  0x00000205c5807e00 JavaThread "Signal Dispatcher" daemon [_thread_blocked, id=26508, stack(0x0000007bb4a00000,0x0000007bb4b00000)]
  0x00000205c580bba0 JavaThread "Attach Listener" daemon [_thread_blocked, id=13460, stack(0x0000007bb4b00000,0x0000007bb4c00000)]
  0x00000205c580c5c0 JavaThread "Service Thread" daemon [_thread_blocked, id=1400, stack(0x0000007bb4c00000,0x0000007bb4d00000)]
  0x00000205c580f600 JavaThread "Monitor Deflation Thread" daemon [_thread_blocked, id=24792, stack(0x0000007bb4d00000,0x0000007bb4e00000)]
=>0x00000205c5817870 JavaThread "C2 CompilerThread0" daemon [_thread_in_native, id=12812, stack(0x0000007bb4e00000,0x0000007bb4f00000)]
  0x00000205c5824520 JavaThread "C1 CompilerThread0" daemon [_thread_blocked, id=6544, stack(0x0000007bb4f00000,0x0000007bb5000000)]
  0x00000205c583c430 JavaThread "Sweeper thread" daemon [_thread_blocked, id=12792, stack(0x0000007bb5000000,0x0000007bb5100000)]
  0x00000205c583c980 JavaThread "Common-Cleaner" daemon [_thread_blocked, id=9348, stack(0x0000007bb5100000,0x0000007bb5200000)]
  0x00000205c583b440 JavaThread "Notification Thread" daemon [_thread_blocked, id=24544, stack(0x0000007bb5300000,0x0000007bb5400000)]
  0x00000205c583a450 JavaThread "Catalina-utility-1" [_thread_blocked, id=21168, stack(0x0000007bb6000000,0x0000007bb6100000)]
  0x00000205c5839f00 JavaThread "Catalina-utility-2" [_thread_blocked, id=22308, stack(0x0000007bb6100000,0x0000007bb6200000)]
  0x00000205c583a9a0 JavaThread "container-0" [_thread_blocked, id=1616, stack(0x0000007bb6200000,0x0000007bb6300000)]
  0x00000205c583aef0 JavaThread "BufferPoolPruner-1-thread-1" daemon [_thread_blocked, id=24504, stack(0x0000007bb6300000,0x0000007bb6400000)]
  0x00000205cbfbb520 JavaThread "cluster-ClusterId{value='68a9fbcecdf330f7be37af0a', description='null'}-localhost:27017" daemon [_thread_in_native, id=4136, stack(0x0000007bb6400000,0x0000007bb6500000)]
  0x00000205cbfbff80 JavaThread "cluster-rtt-ClusterId{value='68a9fbcecdf330f7be37af0a', description='null'}-localhost:27017" daemon [_thread_blocked, id=27152, stack(0x0000007bb6600000,0x0000007bb6700000)]
  0x00000205cbfbd500 JavaThread "MaintenanceTimer-2-thread-1" daemon [_thread_blocked, id=8308, stack(0x0000007bb6700000,0x0000007bb6800000)]
  0x00000205cbfc14c0 JavaThread "Live Reload Server" daemon [_thread_in_native, id=17304, stack(0x0000007bb6900000,0x0000007bb6a00000)]
  0x00000205cbfbba70 JavaThread "File Watcher" daemon [_thread_blocked, id=24072, stack(0x0000007bb6800000,0x0000007bb6900000)]
  0x00000205cbfbdfa0 JavaThread "http-nio-8080-exec-1" daemon [_thread_blocked, id=15432, stack(0x0000007bb6a00000,0x0000007bb6b00000)]
  0x00000205cbfbcfb0 JavaThread "http-nio-8080-exec-2" daemon [_thread_blocked, id=13052, stack(0x0000007bb6b00000,0x0000007bb6c00000)]
  0x00000205cbfc04d0 JavaThread "http-nio-8080-exec-3" daemon [_thread_blocked, id=7124, stack(0x0000007bb6c00000,0x0000007bb6d00000)]
  0x00000205cbfc1f60 JavaThread "http-nio-8080-exec-4" daemon [_thread_blocked, id=21064, stack(0x0000007bb6d00000,0x0000007bb6e00000)]
  0x00000205cbfbda50 JavaThread "http-nio-8080-exec-5" daemon [_thread_blocked, id=20636, stack(0x0000007bb6e00000,0x0000007bb6f00000)]
  0x00000205cbfbef90 JavaThread "http-nio-8080-exec-6" daemon [_thread_blocked, id=10292, stack(0x0000007bb6f00000,0x0000007bb7000000)]
  0x00000205cbfc24b0 JavaThread "http-nio-8080-exec-7" daemon [_thread_blocked, id=22892, stack(0x0000007bb7000000,0x0000007bb7100000)]
  0x00000205cbfbafd0 JavaThread "http-nio-8080-exec-8" daemon [_thread_blocked, id=12780, stack(0x0000007bb7100000,0x0000007bb7200000)]
  0x00000205cbfbf4e0 JavaThread "http-nio-8080-exec-9" daemon [_thread_blocked, id=24572, stack(0x0000007bb7200000,0x0000007bb7300000)]
  0x00000205cbfc2a00 JavaThread "http-nio-8080-exec-10" daemon [_thread_blocked, id=1772, stack(0x0000007bb7300000,0x0000007bb7400000)]
  0x00000205cbfbea40 JavaThread "http-nio-8080-Poller" daemon [_thread_in_native, id=16132, stack(0x0000007bb7400000,0x0000007bb7500000)]
  0x00000205cbfbbfc0 JavaThread "http-nio-8080-Acceptor" daemon [_thread_in_native, id=15196, stack(0x0000007bb7500000,0x0000007bb7600000)]
  0x00000205cbfbca60 JavaThread "DestroyJavaVM" [_thread_blocked, id=7180, stack(0x0000007bb4100000,0x0000007bb4200000)]
  0x00000205cc3c3930 JavaThread "C2 CompilerThread1" daemon [_thread_blocked, id=12808, stack(0x0000007bb3e00000,0x0000007bb3f00000)]

Other Threads:
  0x00000205c57ed4e0 VMThread "VM Thread" [stack: 0x0000007bb4700000,0x0000007bb4800000] [id=19120]
  0x00000205c9ff6090 WatcherThread "VM Periodic Task Thread" [stack: 0x0000007bb5400000,0x0000007bb5500000] [id=21224]
  0x00000205a4fc9b90 WorkerThread "GC Thread#0" [stack: 0x0000007bb4200000,0x0000007bb4300000] [id=17640]
  0x00000205ca76d640 WorkerThread "GC Thread#1" [stack: 0x0000007bb5500000,0x0000007bb5600000] [id=12496]
  0x00000205ca792530 WorkerThread "GC Thread#2" [stack: 0x0000007bb5900000,0x0000007bb5a00000] [id=14948]
  0x00000205ca7948f0 WorkerThread "GC Thread#3" [stack: 0x0000007bb5a00000,0x0000007bb5b00000] [id=18900]
  0x00000205ca793540 WorkerThread "GC Thread#4" [stack: 0x0000007bb5b00000,0x0000007bb5c00000] [id=12076]
  0x00000205ca792cd0 WorkerThread "GC Thread#5" [stack: 0x0000007bb5c00000,0x0000007bb5d00000] [id=8376]
  0x00000205ca793ae0 WorkerThread "GC Thread#6" [stack: 0x0000007bb5d00000,0x0000007bb5e00000] [id=8260]
  0x00000205ca793270 WorkerThread "GC Thread#7" [stack: 0x0000007bb5e00000,0x0000007bb5f00000] [id=20484]
  0x00000205a4fda450 ConcurrentGCThread "G1 Main Marker" [stack: 0x0000007bb4300000,0x0000007bb4400000] [id=19920]
  0x00000205a4fdc6d0 WorkerThread "G1 Conc#0" [stack: 0x0000007bb4400000,0x0000007bb4500000] [id=26096]
  0x00000205ca793810 WorkerThread "G1 Conc#1" [stack: 0x0000007bb5f00000,0x0000007bb6000000] [id=6772]
  0x00000205a501e7f0 ConcurrentGCThread "G1 Refine#0" [stack: 0x0000007bb4500000,0x0000007bb4600000] [id=19364]
  0x00000205c56a2550 ConcurrentGCThread "G1 Service" [stack: 0x0000007bb4600000,0x0000007bb4700000] [id=26644]

Threads with active compile tasks:
C2 CompilerThread0    64317 9113   !   4       org.springframework.web.servlet.mvc.method.annotation.AbstractMessageConverterMethodProcessor::writeWithMessageConverters (1047 bytes)

VM state: not at safepoint (normal execution)

VM Mutex/Monitor currently owned by a thread: None

Heap address: 0x0000000084200000, size: 1982 MB, Compressed Oops mode: 32-bit

CDS archive(s) mapped at: [0x0000000800000000-0x0000000800c40000-0x0000000800c40000), size 12845056, SharedBaseAddress: 0x0000000800000000, ArchiveRelocationMode: 0.
Compressed class space mapped at: 0x0000000801000000-0x0000000841000000, reserved size: 1073741824
Narrow klass base: 0x0000000800000000, Narrow klass shift: 0, Narrow klass range: 0x100000000

GC Precious Log:
 CardTable entry size: 512
 Card Set container configuration: InlinePtr #cards 5 size 8 Array Of Cards #cards 12 size 40 Howl #buckets 4 coarsen threshold 1843 Howl Bitmap #cards 512 size 80 coarsen threshold 460 Card regions per heap region 1 cards per card region 2048
 CPUs: 8 total, 8 available
 Memory: 7926M
 Large Page Support: Disabled
 NUMA Support: Disabled
 Compressed Oops: Enabled (32-bit)
 Heap Region Size: 1M
 Heap Min Capacity: 8M
 Heap Initial Capacity: 124M
 Heap Max Capacity: 1982M
 Pre-touch: Disabled
 Parallel Workers: 8
 Concurrent Workers: 2
 Concurrent Refinement Workers: 8
 Periodic GC: Disabled

Heap:
 garbage-first heap   total 54272K, used 34693K [0x0000000084200000, 0x0000000100000000)
  region size 1024K, 16 young (16384K), 1 survivors (1024K)
 Metaspace       used 44907K, committed 45504K, reserved 1114112K
  class space    used 5402K, committed 5696K, reserved 1048576K

Heap Regions: E=young(eden), S=young(survivor), O=old, HS=humongous(starts), HC=humongous(continues), CS=collection set, F=free, OA=open archive, CA=closed archive, TAMS=top-at-mark-start (previous, next)
|   0|0x0000000084200000, 0x0000000084300000, 0x0000000084300000|100%| O|  |TAMS 0x0000000084300000, 0x0000000084200000| Untracked 
|   1|0x0000000084300000, 0x0000000084400000, 0x0000000084400000|100%| O|  |TAMS 0x0000000084400000, 0x0000000084300000| Untracked 
|   2|0x0000000084400000, 0x0000000084500000, 0x0000000084500000|100%| O|  |TAMS 0x0000000084500000, 0x0000000084400000| Untracked 
|   3|0x0000000084500000, 0x0000000084600000, 0x0000000084600000|100%| O|  |TAMS 0x0000000084600000, 0x0000000084500000| Untracked 
|   4|0x0000000084600000, 0x0000000084700000, 0x0000000084700000|100%| O|  |TAMS 0x0000000084700000, 0x0000000084600000| Untracked 
|   5|0x0000000084700000, 0x0000000084800000, 0x0000000084800000|100%| O|  |TAMS 0x0000000084800000, 0x0000000084700000| Untracked 
|   6|0x0000000084800000, 0x0000000084900000, 0x0000000084900000|100%| O|  |TAMS 0x0000000084900000, 0x0000000084800000| Untracked 
|   7|0x0000000084900000, 0x0000000084a00000, 0x0000000084a00000|100%| O|  |TAMS 0x0000000084a00000, 0x0000000084900000| Untracked 
|   8|0x0000000084a00000, 0x0000000084b00000, 0x0000000084b00000|100%| O|  |TAMS 0x0000000084b00000, 0x0000000084a00000| Untracked 
|   9|0x0000000084b00000, 0x0000000084c00000, 0x0000000084c00000|100%| O|  |TAMS 0x0000000084c00000, 0x0000000084b00000| Untracked 
|  10|0x0000000084c00000, 0x0000000084d00000, 0x0000000084d00000|100%| O|  |TAMS 0x0000000084d00000, 0x0000000084c00000| Untracked 
|  11|0x0000000084d00000, 0x0000000084e00000, 0x0000000084e00000|100%| O|  |TAMS 0x0000000084e00000, 0x0000000084d00000| Untracked 
|  12|0x0000000084e00000, 0x0000000084f00000, 0x0000000084f00000|100%| O|  |TAMS 0x0000000084f00000, 0x0000000084e00000| Untracked 
|  13|0x0000000084f00000, 0x0000000084fa8200, 0x0000000085000000| 65%| O|  |TAMS 0x0000000084f00000, 0x0000000084f00000| Untracked 
|  14|0x0000000085000000, 0x0000000085100000, 0x0000000085100000|100%| O|  |TAMS 0x00000000850e0200, 0x0000000085000000| Untracked 
|  15|0x0000000085100000, 0x0000000085200000, 0x0000000085200000|100%| O|  |TAMS 0x0000000085200000, 0x0000000085100000| Untracked 
|  16|0x0000000085200000, 0x0000000085200000, 0x0000000085300000|  0%| F|  |TAMS 0x0000000085200000, 0x0000000085200000| Untracked 
|  17|0x0000000085300000, 0x0000000085400000, 0x0000000085400000|100%| O|  |TAMS 0x0000000085400000, 0x0000000085300000| Untracked 
|  18|0x0000000085400000, 0x0000000085500000, 0x0000000085500000|100%| O|  |TAMS 0x0000000085500000, 0x0000000085400000| Untracked 
|  19|0x0000000085500000, 0x0000000085600000, 0x0000000085600000|100%| O|  |TAMS 0x0000000085600000, 0x0000000085500000| Untracked 
|  20|0x0000000085600000, 0x0000000085700000, 0x0000000085700000|100%| O|  |TAMS 0x0000000085700000, 0x0000000085600000| Untracked 
|  21|0x0000000085700000, 0x0000000085700000, 0x0000000085800000|  0%| F|  |TAMS 0x0000000085700000, 0x0000000085700000| Untracked 
|  22|0x0000000085800000, 0x0000000085800000, 0x0000000085900000|  0%| F|  |TAMS 0x0000000085800000, 0x0000000085800000| Untracked 
|  23|0x0000000085900000, 0x0000000085900000, 0x0000000085a00000|  0%| F|  |TAMS 0x0000000085900000, 0x0000000085900000| Untracked 
|  24|0x0000000085a00000, 0x0000000085a00000, 0x0000000085b00000|  0%| F|  |TAMS 0x0000000085a00000, 0x0000000085a00000| Untracked 
|  25|0x0000000085b00000, 0x0000000085b00000, 0x0000000085c00000|  0%| F|  |TAMS 0x0000000085b00000, 0x0000000085b00000| Untracked 
|  26|0x0000000085c00000, 0x0000000085c00000, 0x0000000085d00000|  0%| F|  |TAMS 0x0000000085c00000, 0x0000000085c00000| Untracked 
|  27|0x0000000085d00000, 0x0000000085d00000, 0x0000000085e00000|  0%| F|  |TAMS 0x0000000085d00000, 0x0000000085d00000| Untracked 
|  28|0x0000000085e00000, 0x0000000085e39298, 0x0000000085f00000| 22%| S|CS|TAMS 0x0000000085e00000, 0x0000000085e00000| Complete 
|  29|0x0000000085f00000, 0x0000000085f00000, 0x0000000086000000|  0%| F|  |TAMS 0x0000000085f00000, 0x0000000085f00000| Untracked 
|  30|0x0000000086000000, 0x0000000086000000, 0x0000000086100000|  0%| F|  |TAMS 0x0000000086000000, 0x0000000086000000| Untracked 
|  31|0x0000000086100000, 0x0000000086100000, 0x0000000086200000|  0%| F|  |TAMS 0x0000000086100000, 0x0000000086100000| Untracked 
|  32|0x0000000086200000, 0x0000000086200000, 0x0000000086300000|  0%| F|  |TAMS 0x0000000086200000, 0x0000000086200000| Untracked 
|  33|0x0000000086300000, 0x0000000086300000, 0x0000000086400000|  0%| F|  |TAMS 0x0000000086300000, 0x0000000086300000| Untracked 
|  34|0x0000000086400000, 0x0000000086400000, 0x0000000086500000|  0%| F|  |TAMS 0x0000000086400000, 0x0000000086400000| Untracked 
|  35|0x0000000086500000, 0x0000000086500000, 0x0000000086600000|  0%| F|  |TAMS 0x0000000086500000, 0x0000000086500000| Untracked 
|  36|0x0000000086600000, 0x0000000086600000, 0x0000000086700000|  0%| F|  |TAMS 0x0000000086600000, 0x0000000086600000| Untracked 
|  37|0x0000000086700000, 0x0000000086700000, 0x0000000086800000|  0%| F|  |TAMS 0x0000000086700000, 0x0000000086700000| Untracked 
|  38|0x0000000086800000, 0x0000000086824638, 0x0000000086900000| 14%| E|  |TAMS 0x0000000086800000, 0x0000000086800000| Complete 
|  39|0x0000000086900000, 0x0000000086a00000, 0x0000000086a00000|100%| E|CS|TAMS 0x0000000086900000, 0x0000000086900000| Complete 
|  40|0x0000000086a00000, 0x0000000086b00000, 0x0000000086b00000|100%| E|CS|TAMS 0x0000000086a00000, 0x0000000086a00000| Complete 
|  41|0x0000000086b00000, 0x0000000086c00000, 0x0000000086c00000|100%| E|CS|TAMS 0x0000000086b00000, 0x0000000086b00000| Complete 
|  42|0x0000000086c00000, 0x0000000086d00000, 0x0000000086d00000|100%| E|CS|TAMS 0x0000000086c00000, 0x0000000086c00000| Complete 
|  43|0x0000000086d00000, 0x0000000086e00000, 0x0000000086e00000|100%| E|CS|TAMS 0x0000000086d00000, 0x0000000086d00000| Complete 
|  44|0x0000000086e00000, 0x0000000086f00000, 0x0000000086f00000|100%| E|CS|TAMS 0x0000000086e00000, 0x0000000086e00000| Complete 
|  45|0x0000000086f00000, 0x0000000087000000, 0x0000000087000000|100%| E|CS|TAMS 0x0000000086f00000, 0x0000000086f00000| Complete 
|  72|0x0000000088a00000, 0x0000000088b00000, 0x0000000088b00000|100%| E|CS|TAMS 0x0000000088a00000, 0x0000000088a00000| Complete 
|  73|0x0000000088b00000, 0x0000000088c00000, 0x0000000088c00000|100%| E|CS|TAMS 0x0000000088b00000, 0x0000000088b00000| Complete 
|  74|0x0000000088c00000, 0x0000000088d00000, 0x0000000088d00000|100%| E|CS|TAMS 0x0000000088c00000, 0x0000000088c00000| Complete 
|  75|0x0000000088d00000, 0x0000000088e00000, 0x0000000088e00000|100%| E|CS|TAMS 0x0000000088d00000, 0x0000000088d00000| Complete 
|  76|0x0000000088e00000, 0x0000000088f00000, 0x0000000088f00000|100%| E|CS|TAMS 0x0000000088e00000, 0x0000000088e00000| Complete 
|  77|0x0000000088f00000, 0x0000000089000000, 0x0000000089000000|100%| E|CS|TAMS 0x0000000088f00000, 0x0000000088f00000| Complete 
| 123|0x000000008bd00000, 0x000000008be00000, 0x000000008be00000|100%| E|CS|TAMS 0x000000008bd00000, 0x000000008bd00000| Complete 

Card table byte_map: [0x00000205be790000,0x00000205beb70000] _byte_map_base: 0x00000205be36f000

Marking Bits (Prev, Next): (CMBitMap*) 0x00000205a4fca1c0, (CMBitMap*) 0x00000205a4fca200
 Prev Bits: [0x00000205bef50000, 0x00000205c0e48000)
 Next Bits: [0x00000205c0e50000, 0x00000205c2d48000)

Polling page: 0x00000205a5020000

Metaspace:

Usage:
  Non-class:     38.58 MB used.
      Class:      5.28 MB used.
       Both:     43.86 MB used.

Virtual space:
  Non-class space:       64.00 MB reserved,      38.88 MB ( 61%) committed,  1 nodes.
      Class space:        1.00 GB reserved,       5.56 MB ( <1%) committed,  1 nodes.
             Both:        1.06 GB reserved,      44.44 MB (  4%) committed. 

Chunk freelists:
   Non-Class:  1.06 MB
       Class:  2.47 MB
        Both:  3.53 MB

MaxMetaspaceSize: unlimited
CompressedClassSpaceSize: 1.00 GB
Initial GC threshold: 21.00 MB
Current GC threshold: 71.81 MB
CDS: on
MetaspaceReclaimPolicy: balanced
 - commit_granule_bytes: 65536.
 - commit_granule_words: 8192.
 - virtual_space_node_default_size: 8388608.
 - enlarge_chunks_in_place: 1.
 - new_chunks_are_fully_committed: 0.
 - uncommit_free_chunks: 1.
 - use_allocation_guard: 0.


Internal statistics:

num_allocs_failed_limit: 6.
num_arena_births: 840.
num_arena_deaths: 0.
num_vsnodes_births: 2.
num_vsnodes_deaths: 0.
num_space_committed: 711.
num_space_uncommitted: 0.
num_chunks_returned_to_freelist: 6.
num_chunks_taken_from_freelist: 2473.
num_chunk_merges: 6.
num_chunk_splits: 1735.
num_chunks_enlarged: 1363.
num_inconsistent_stats: 0.

CodeHeap 'non-profiled nmethods': size=120000Kb used=5109Kb max_used=5109Kb free=114890Kb
 bounds [0x00000205b6420000, 0x00000205b6920000, 0x00000205bd950000]
CodeHeap 'profiled nmethods': size=120000Kb used=17870Kb max_used=17870Kb free=102129Kb
 bounds [0x00000205ae950000, 0x00000205afad0000, 0x00000205b5e80000]
CodeHeap 'non-nmethods': size=5760Kb used=1370Kb max_used=1415Kb free=4389Kb
 bounds [0x00000205b5e80000, 0x00000205b60f0000, 0x00000205b6420000]
 total_blobs=8912 nmethods=8320 adapters=501
 compilation: enabled
              stopped_count=0, restarted_count=0
 full_count=0

Compilation events (20 events):
Event: 63.828 Thread 0x00000205c5824520 9109       3       java.lang.Integer::toUnsignedString0 (76 bytes)
Event: 63.829 Thread 0x00000205c5824520 nmethod 9109 0x00000205afac3890 code [0x00000205afac3a60, 0x00000205afac3ed8]
Event: 63.848 Thread 0x00000205c5817870 nmethod 9107 0x00000205b6916590 code [0x00000205b69167e0, 0x00000205b6917248]
Event: 63.849 Thread 0x00000205c5817870 9111       4       com.mongodb.selector.CompositeServerSelector::<init> (123 bytes)
Event: 63.890 Thread 0x00000205c5817870 nmethod 9111 0x00000205b6917c90 code [0x00000205b6917e60, 0x00000205b6918c18]
Event: 63.891 Thread 0x00000205c5817870 9114       4       java.util.Spliterators$ArraySpliterator::forEachRemaining (68 bytes)
Event: 63.891 Thread 0x00000205cc3c3930 9112       4       com.mongodb.selector.CompositeServerSelector::select (82 bytes)
Event: 63.898 Thread 0x00000205c5817870 nmethod 9114 0x00000205b6919410 code [0x00000205b69195c0, 0x00000205b6919878]
Event: 63.899 Thread 0x00000205c5817870 9113   !   4       org.springframework.web.servlet.mvc.method.annotation.AbstractMessageConverterMethodProcessor::writeWithMessageConverters (1047 bytes)
Event: 63.901 Thread 0x00000205cc3c3930 nmethod 9112 0x00000205b6919b90 code [0x00000205b6919d60, 0x00000205b691a048]
Event: 63.902 Thread 0x00000205cc3c3930 9110       4       ch.qos.logback.core.pattern.SpacePadder::spacePad (53 bytes)
Event: 63.914 Thread 0x00000205cc3c3930 nmethod 9110 0x00000205b691a490 code [0x00000205b691a660, 0x00000205b691ac50]
Event: 64.125 Thread 0x00000205cc3c3930 9115       4       org.springframework.http.converter.AbstractGenericHttpMessageConverter::canWrite (7 bytes)
Event: 64.126 Thread 0x00000205cc3c3930 nmethod 9115 0x00000205b691b010 code [0x00000205b691b1a0, 0x00000205b691b268]
Event: 64.137 Thread 0x00000205cc3c3930 9116       4       org.springframework.core.SerializableTypeWrapper$MethodParameterTypeProvider::getType (8 bytes)
Event: 64.153 Thread 0x00000205cc3c3930 nmethod 9116 0x00000205b691b310 code [0x00000205b691b500, 0x00000205b691bb90]
Event: 64.157 Thread 0x00000205cc3c3930 9117       4       org.apache.catalina.connector.ResponseFacade::getContentType (12 bytes)
Event: 64.159 Thread 0x00000205cc3c3930 nmethod 9117 0x00000205b691c010 code [0x00000205b691c1a0, 0x00000205b691c278]
Event: 64.182 Thread 0x00000205cc3c3930 9118       4       org.bson.Document::toBsonDocument (17 bytes)
Event: 64.193 Thread 0x00000205cc3c3930 nmethod 9118 0x00000205b691c390 code [0x00000205b691c540, 0x00000205b691ca28]

GC Heap History (20 events):
Event: 16.565 GC heap before
{Heap before GC invocations=16 (full 0):
 garbage-first heap   total 45056K, used 34929K [0x0000000084200000, 0x0000000100000000)
  region size 1024K, 15 young (15360K), 1 survivors (1024K)
 Metaspace       used 43446K, committed 44096K, reserved 1114112K
  class space    used 5395K, committed 5696K, reserved 1048576K
}
Event: 16.567 GC heap after
{Heap after GC invocations=17 (full 0):
 garbage-first heap   total 54272K, used 20523K [0x0000000084200000, 0x0000000100000000)
  region size 1024K, 1 young (1024K), 1 survivors (1024K)
 Metaspace       used 43446K, committed 44096K, reserved 1114112K
  class space    used 5395K, committed 5696K, reserved 1048576K
}
Event: 18.692 GC heap before
{Heap before GC invocations=18 (full 0):
 garbage-first heap   total 54272K, used 42027K [0x0000000084200000, 0x0000000100000000)
  region size 1024K, 22 young (22528K), 1 survivors (1024K)
 Metaspace       used 44494K, committed 45120K, reserved 1114112K
  class space    used 5398K, committed 5696K, reserved 1048576K
}
Event: 18.694 GC heap after
{Heap after GC invocations=19 (full 0):
 garbage-first heap   total 54272K, used 20514K [0x0000000084200000, 0x0000000100000000)
  region size 1024K, 1 young (1024K), 1 survivors (1024K)
 Metaspace       used 44494K, committed 45120K, reserved 1114112K
  class space    used 5398K, committed 5696K, reserved 1048576K
}
Event: 18.758 GC heap before
{Heap before GC invocations=19 (full 0):
 garbage-first heap   total 54272K, used 21538K [0x0000000084200000, 0x0000000100000000)
  region size 1024K, 2 young (2048K), 1 survivors (1024K)
 Metaspace       used 44494K, committed 45120K, reserved 1114112K
  class space    used 5398K, committed 5696K, reserved 1048576K
}
Event: 18.762 GC heap after
{Heap after GC invocations=20 (full 0):
 garbage-first heap   total 54272K, used 20293K [0x0000000084200000, 0x0000000100000000)
  region size 1024K, 1 young (1024K), 1 survivors (1024K)
 Metaspace       used 44494K, committed 45120K, reserved 1114112K
  class space    used 5398K, committed 5696K, reserved 1048576K
}
Event: 20.408 GC heap before
{Heap before GC invocations=20 (full 0):
 garbage-first heap   total 54272K, used 41797K [0x0000000084200000, 0x0000000100000000)
  region size 1024K, 23 young (23552K), 1 survivors (1024K)
 Metaspace       used 44546K, committed 45184K, reserved 1114112K
  class space    used 5399K, committed 5696K, reserved 1048576K
}
Event: 20.412 GC heap after
{Heap after GC invocations=21 (full 0):
 garbage-first heap   total 54272K, used 20292K [0x0000000084200000, 0x0000000100000000)
  region size 1024K, 1 young (1024K), 1 survivors (1024K)
 Metaspace       used 44546K, committed 45184K, reserved 1114112K
  class space    used 5399K, committed 5696K, reserved 1048576K
}
Event: 48.057 GC heap before
{Heap before GC invocations=21 (full 0):
 garbage-first heap   total 54272K, used 43844K [0x0000000084200000, 0x0000000100000000)
  region size 1024K, 24 young (24576K), 1 survivors (1024K)
 Metaspace       used 44614K, committed 45248K, reserved 1114112K
  class space    used 5400K, committed 5696K, reserved 1048576K
}
Event: 48.061 GC heap after
{Heap after GC invocations=22 (full 0):
 garbage-first heap   total 54272K, used 20296K [0x0000000084200000, 0x0000000100000000)
  region size 1024K, 1 young (1024K), 1 survivors (1024K)
 Metaspace       used 44614K, committed 45248K, reserved 1114112K
  class space    used 5400K, committed 5696K, reserved 1048576K
}
Event: 55.212 GC heap before
{Heap before GC invocations=22 (full 0):
 garbage-first heap   total 54272K, used 43848K [0x0000000084200000, 0x0000000100000000)
  region size 1024K, 24 young (24576K), 1 survivors (1024K)
 Metaspace       used 44786K, committed 45440K, reserved 1114112K
  class space    used 5400K, committed 5696K, reserved 1048576K
}
Event: 55.215 GC heap after
{Heap after GC invocations=23 (full 0):
 garbage-first heap   total 54272K, used 20328K [0x0000000084200000, 0x0000000100000000)
  region size 1024K, 1 young (1024K), 1 survivors (1024K)
 Metaspace       used 44786K, committed 45440K, reserved 1114112K
  class space    used 5400K, committed 5696K, reserved 1048576K
}
Event: 57.287 GC heap before
{Heap before GC invocations=23 (full 0):
 garbage-first heap   total 54272K, used 44904K [0x0000000084200000, 0x0000000100000000)
  region size 1024K, 25 young (25600K), 1 survivors (1024K)
 Metaspace       used 44835K, committed 45504K, reserved 1114112K
  class space    used 5401K, committed 5696K, reserved 1048576K
}
Event: 57.291 GC heap after
{Heap after GC invocations=24 (full 0):
 garbage-first heap   total 54272K, used 20336K [0x0000000084200000, 0x0000000100000000)
  region size 1024K, 1 young (1024K), 1 survivors (1024K)
 Metaspace       used 44835K, committed 45504K, reserved 1114112K
  class space    used 5401K, committed 5696K, reserved 1048576K
}
Event: 59.267 GC heap before
{Heap before GC invocations=24 (full 0):
 garbage-first heap   total 54272K, used 44912K [0x0000000084200000, 0x0000000100000000)
  region size 1024K, 25 young (25600K), 1 survivors (1024K)
 Metaspace       used 44878K, committed 45504K, reserved 1114112K
  class space    used 5402K, committed 5696K, reserved 1048576K
}
Event: 59.270 GC heap after
{Heap after GC invocations=25 (full 0):
 garbage-first heap   total 54272K, used 20351K [0x0000000084200000, 0x0000000100000000)
  region size 1024K, 1 young (1024K), 1 survivors (1024K)
 Metaspace       used 44878K, committed 45504K, reserved 1114112K
  class space    used 5402K, committed 5696K, reserved 1048576K
}
Event: 61.259 GC heap before
{Heap before GC invocations=25 (full 0):
 garbage-first heap   total 54272K, used 44927K [0x0000000084200000, 0x0000000100000000)
  region size 1024K, 25 young (25600K), 1 survivors (1024K)
 Metaspace       used 44905K, committed 45504K, reserved 1114112K
  class space    used 5402K, committed 5696K, reserved 1048576K
}
Event: 61.264 GC heap after
{Heap after GC invocations=26 (full 0):
 garbage-first heap   total 54272K, used 20346K [0x0000000084200000, 0x0000000100000000)
  region size 1024K, 1 young (1024K), 1 survivors (1024K)
 Metaspace       used 44905K, committed 45504K, reserved 1114112K
  class space    used 5402K, committed 5696K, reserved 1048576K
}
Event: 63.196 GC heap before
{Heap before GC invocations=26 (full 0):
 garbage-first heap   total 54272K, used 44922K [0x0000000084200000, 0x0000000100000000)
  region size 1024K, 25 young (25600K), 1 survivors (1024K)
 Metaspace       used 44907K, committed 45504K, reserved 1114112K
  class space    used 5402K, committed 5696K, reserved 1048576K
}
Event: 63.202 GC heap after
{Heap after GC invocations=27 (full 0):
 garbage-first heap   total 54272K, used 20357K [0x0000000084200000, 0x0000000100000000)
  region size 1024K, 1 young (1024K), 1 survivors (1024K)
 Metaspace       used 44907K, committed 45504K, reserved 1114112K
  class space    used 5402K, committed 5696K, reserved 1048576K
}

Dll operation events (14 events):
Event: 0.024 Loaded shared library C:\Users\Ritej\.jdks\corretto-19.0.2\bin\java.dll
Event: 0.049 Loaded shared library C:\Users\Ritej\.jdks\corretto-19.0.2\bin\jsvml.dll
Event: 0.259 Loaded shared library C:\Users\Ritej\.jdks\corretto-19.0.2\bin\zip.dll
Event: 0.267 Loaded shared library C:\Users\Ritej\.jdks\corretto-19.0.2\bin\instrument.dll
Event: 0.282 Loaded shared library C:\Users\Ritej\.jdks\corretto-19.0.2\bin\net.dll
Event: 0.287 Loaded shared library C:\Users\Ritej\.jdks\corretto-19.0.2\bin\nio.dll
Event: 0.295 Loaded shared library C:\Users\Ritej\.jdks\corretto-19.0.2\bin\zip.dll
Event: 0.468 Loaded shared library C:\Program Files\JetBrains\IntelliJ IDEA Community Edition 2024.1.4\bin\breakgen64.dll
Event: 0.492 Loaded shared library C:\Users\Ritej\.jdks\corretto-19.0.2\bin\extnet.dll
Event: 0.569 Loaded shared library C:\Users\Ritej\.jdks\corretto-19.0.2\bin\jimage.dll
Event: 1.089 Loaded shared library C:\Users\Ritej\.jdks\corretto-19.0.2\bin\management.dll
Event: 1.098 Loaded shared library C:\Users\Ritej\.jdks\corretto-19.0.2\bin\management_ext.dll
Event: 3.295 Loaded shared library C:\Users\Ritej\.jdks\corretto-19.0.2\bin\sunmscapi.dll
Event: 12.114 Loaded shared library C:\Users\Ritej\.jdks\corretto-19.0.2\bin\verify.dll

Deoptimization events (20 events):
Event: 59.417 Thread 0x00000205cbfbef90 DEOPT PACKING pc=0x00000205af4ba252 sp=0x0000007bb6ffe810
Event: 59.417 Thread 0x00000205cbfbef90 DEOPT UNPACKING pc=0x00000205b5eeb0e3 sp=0x0000007bb6ffdcd8 mode 0
Event: 60.777 Thread 0x00000205cbfc04d0 Uncommon trap: trap_request=0xffffffbe fr.pc=0x00000205b68cb094 relative=0x0000000000001614
Event: 60.777 Thread 0x00000205cbfc04d0 Uncommon trap: reason=profile_predicate action=maybe_recompile pc=0x00000205b68cb094 method=org.springframework.web.servlet.mvc.method.annotation.AbstractMessageConverterMethodProcessor.getProducibleMediaTypes(Ljakarta/servlet/http/HttpServletRequest;Ljav
Event: 60.778 Thread 0x00000205cbfc04d0 DEOPT PACKING pc=0x00000205b68cb094 sp=0x0000007bb6cfced0
Event: 60.778 Thread 0x00000205cbfc04d0 DEOPT UNPACKING pc=0x00000205b5eea5a3 sp=0x0000007bb6cfcef8 mode 2
Event: 60.782 Thread 0x00000205cbfc1f60 Uncommon trap: trap_request=0xffffffbe fr.pc=0x00000205b68cb094 relative=0x0000000000001614
Event: 60.782 Thread 0x00000205cbfc1f60 Uncommon trap: reason=profile_predicate action=maybe_recompile pc=0x00000205b68cb094 method=org.springframework.web.servlet.mvc.method.annotation.AbstractMessageConverterMethodProcessor.getProducibleMediaTypes(Ljakarta/servlet/http/HttpServletRequest;Ljav
Event: 60.782 Thread 0x00000205cbfc1f60 DEOPT PACKING pc=0x00000205b68cb094 sp=0x0000007bb6dfce10
Event: 60.782 Thread 0x00000205cbfc1f60 DEOPT UNPACKING pc=0x00000205b5eea5a3 sp=0x0000007bb6dfce38 mode 2
Event: 60.787 Thread 0x00000205cbfbda50 Uncommon trap: trap_request=0xffffffbe fr.pc=0x00000205b68cb094 relative=0x0000000000001614
Event: 60.787 Thread 0x00000205cbfbda50 Uncommon trap: reason=profile_predicate action=maybe_recompile pc=0x00000205b68cb094 method=org.springframework.web.servlet.mvc.method.annotation.AbstractMessageConverterMethodProcessor.getProducibleMediaTypes(Ljakarta/servlet/http/HttpServletRequest;Ljav
Event: 60.787 Thread 0x00000205cbfbda50 DEOPT PACKING pc=0x00000205b68cb094 sp=0x0000007bb6efc910
Event: 60.787 Thread 0x00000205cbfbda50 DEOPT UNPACKING pc=0x00000205b5eea5a3 sp=0x0000007bb6efc938 mode 2
Event: 60.792 Thread 0x00000205cbfbef90 Uncommon trap: trap_request=0xffffffbe fr.pc=0x00000205b68cb094 relative=0x0000000000001614
Event: 60.792 Thread 0x00000205cbfbef90 Uncommon trap: reason=profile_predicate action=maybe_recompile pc=0x00000205b68cb094 method=org.springframework.web.servlet.mvc.method.annotation.AbstractMessageConverterMethodProcessor.getProducibleMediaTypes(Ljakarta/servlet/http/HttpServletRequest;Ljav
Event: 60.792 Thread 0x00000205cbfbef90 DEOPT PACKING pc=0x00000205b68cb094 sp=0x0000007bb6ffc7a0
Event: 60.792 Thread 0x00000205cbfbef90 DEOPT UNPACKING pc=0x00000205b5eea5a3 sp=0x0000007bb6ffc7c8 mode 2
Event: 63.150 Thread 0x00000205cbfbdfa0 DEOPT PACKING pc=0x00000205af4be0e5 sp=0x0000007bb6afeb40
Event: 63.150 Thread 0x00000205cbfbdfa0 DEOPT UNPACKING pc=0x00000205b5eeb0e3 sp=0x0000007bb6afdfc0 mode 0

Classes loaded (20 events):
Event: 12.285 Loading class java/util/OptionalLong
Event: 12.286 Loading class java/util/OptionalLong done
Event: 12.286 Loading class java/util/OptionalDouble
Event: 12.287 Loading class java/util/OptionalDouble done
Event: 12.308 Loading class java/util/AbstractMap$SimpleEntry
Event: 12.309 Loading class java/util/AbstractMap$SimpleEntry done
Event: 12.372 Loading class java/util/stream/LongStream
Event: 12.373 Loading class java/util/stream/LongStream done
Event: 12.373 Loading class java/util/stream/DoubleStream
Event: 12.374 Loading class java/util/stream/DoubleStream done
Event: 12.424 Loading class org/w3c/dom/Node
Event: 12.425 Loading class org/w3c/dom/Node done
Event: 12.425 Loading class org/w3c/dom/Document
Event: 12.426 Loading class org/w3c/dom/Document done
Event: 16.636 Loading class java/util/concurrent/ConcurrentLinkedDeque$CLDSpliterator
Event: 16.636 Loading class java/util/concurrent/ConcurrentLinkedDeque$CLDSpliterator done
Event: 21.830 Loading class sun/util/locale/LocaleExtensions
Event: 21.832 Loading class sun/util/locale/LocaleExtensions done
Event: 23.865 Loading class sun/net/ConnectionResetException
Event: 23.869 Loading class sun/net/ConnectionResetException done

Classes unloaded (0 events):
No events

Classes redefined (0 events):
No events

Internal exceptions (20 events):
Event: 64.094 Thread 0x00000205cbfbda50 Exception <a 'java/io/IOException'{0x0000000086a06170}> (0x0000000086a06170) 
thrown [s\src\hotspot\share\prims\jni.cpp, line 517]
Event: 64.099 Thread 0x00000205cbfbef90 Exception <a 'java/io/IOException'{0x0000000086a18ce0}> (0x0000000086a18ce0) 
thrown [s\src\hotspot\share\prims\jni.cpp, line 517]
Event: 64.104 Thread 0x00000205cbfc24b0 Exception <a 'java/io/IOException'{0x0000000086a25f58}> (0x0000000086a25f58) 
thrown [s\src\hotspot\share\prims\jni.cpp, line 517]
Event: 64.109 Thread 0x00000205cbfbafd0 Exception <a 'java/io/IOException'{0x0000000086a35f90}> (0x0000000086a35f90) 
thrown [s\src\hotspot\share\prims\jni.cpp, line 517]
Event: 64.114 Thread 0x00000205cbfbf4e0 Exception <a 'java/io/IOException'{0x0000000086a48f28}> (0x0000000086a48f28) 
thrown [s\src\hotspot\share\prims\jni.cpp, line 517]
Event: 64.118 Thread 0x00000205cbfc2a00 Exception <a 'java/io/IOException'{0x0000000086a5b788}> (0x0000000086a5b788) 
thrown [s\src\hotspot\share\prims\jni.cpp, line 517]
Event: 64.123 Thread 0x00000205cbfbdfa0 Exception <a 'java/io/IOException'{0x0000000086bd3d90}> (0x0000000086bd3d90) 
thrown [s\src\hotspot\share\prims\jni.cpp, line 517]
Event: 64.128 Thread 0x00000205cbfbcfb0 Exception <a 'java/io/IOException'{0x0000000086a79db0}> (0x0000000086a79db0) 
thrown [s\src\hotspot\share\prims\jni.cpp, line 517]
Event: 64.133 Thread 0x00000205cbfc04d0 Exception <a 'java/io/IOException'{0x0000000086a88f38}> (0x0000000086a88f38) 
thrown [s\src\hotspot\share\prims\jni.cpp, line 517]
Event: 64.138 Thread 0x00000205cbfc1f60 Exception <a 'java/io/IOException'{0x0000000086aa2830}> (0x0000000086aa2830) 
thrown [s\src\hotspot\share\prims\jni.cpp, line 517]
Event: 64.143 Thread 0x00000205cbfbda50 Exception <a 'java/io/IOException'{0x0000000086a17498}> (0x0000000086a17498) 
thrown [s\src\hotspot\share\prims\jni.cpp, line 517]
Event: 64.148 Thread 0x00000205cbfbef90 Exception <a 'java/io/IOException'{0x0000000086ac53a0}> (0x0000000086ac53a0) 
thrown [s\src\hotspot\share\prims\jni.cpp, line 517]
Event: 64.153 Thread 0x00000205cbfc24b0 Exception <a 'java/io/IOException'{0x0000000086ade2f0}> (0x0000000086ade2f0) 
thrown [s\src\hotspot\share\prims\jni.cpp, line 517]
Event: 64.158 Thread 0x00000205cbfbafd0 Exception <a 'java/io/IOException'{0x0000000086a472a8}> (0x0000000086a472a8) 
thrown [s\src\hotspot\share\prims\jni.cpp, line 517]
Event: 64.163 Thread 0x00000205cbfbf4e0 Exception <a 'java/io/IOException'{0x00000000869017a8}> (0x00000000869017a8) 
thrown [s\src\hotspot\share\prims\jni.cpp, line 517]
Event: 64.168 Thread 0x00000205cbfc2a00 Exception <a 'java/io/IOException'{0x000000008690d998}> (0x000000008690d998) 
thrown [s\src\hotspot\share\prims\jni.cpp, line 517]
Event: 64.173 Thread 0x00000205cbfbdfa0 Exception <a 'java/io/IOException'{0x000000008691a7b0}> (0x000000008691a7b0) 
thrown [s\src\hotspot\share\prims\jni.cpp, line 517]
Event: 64.178 Thread 0x00000205cbfbcfb0 Exception <a 'java/io/IOException'{0x000000008692b7f0}> (0x000000008692b7f0) 
thrown [s\src\hotspot\share\prims\jni.cpp, line 517]
Event: 64.182 Thread 0x00000205cbfc04d0 Exception <a 'java/io/IOException'{0x0000000086a9a2b0}> (0x0000000086a9a2b0) 
thrown [s\src\hotspot\share\prims\jni.cpp, line 517]
Event: 64.198 Thread 0x00000205cbfc1f60 Exception <a 'java/io/IOException'{0x0000000086949428}> (0x0000000086949428) 
thrown [s\src\hotspot\share\prims\jni.cpp, line 517]

VM Operations (20 events):
Event: 55.212 Executing VM operation: G1CollectForAllocation
Event: 55.216 Executing VM operation: G1CollectForAllocation done
Event: 56.223 Executing VM operation: Cleanup
Event: 56.223 Executing VM operation: Cleanup done
Event: 57.232 Executing VM operation: Cleanup
Event: 57.232 Executing VM operation: Cleanup done
Event: 57.287 Executing VM operation: G1CollectForAllocation
Event: 57.291 Executing VM operation: G1CollectForAllocation done
Event: 58.304 Executing VM operation: Cleanup
Event: 58.305 Executing VM operation: Cleanup done
Event: 59.266 Executing VM operation: G1CollectForAllocation
Event: 59.271 Executing VM operation: G1CollectForAllocation done
Event: 60.274 Executing VM operation: Cleanup
Event: 60.274 Executing VM operation: Cleanup done
Event: 61.259 Executing VM operation: G1CollectForAllocation
Event: 61.264 Executing VM operation: G1CollectForAllocation done
Event: 62.270 Executing VM operation: Cleanup
Event: 62.271 Executing VM operation: Cleanup done
Event: 63.196 Executing VM operation: G1CollectForAllocation
Event: 63.202 Executing VM operation: G1CollectForAllocation done

Events (20 events):
Event: 22.097 Thread 0x00000205c583c430 flushing nmethod 0x00000205af277310
Event: 22.098 Thread 0x00000205c583c430 flushing nmethod 0x00000205af27a190
Event: 23.870 Thread 0x00000205c583bee0 Thread exited: 0x00000205c583bee0
Event: 52.807 Thread 0x00000205cb080c70 Thread added: 0x00000205cb080c70
Event: 52.832 Thread 0x00000205cb0811f0 Thread added: 0x00000205cb0811f0
Event: 52.960 Thread 0x00000205cb0811f0 Thread exited: 0x00000205cb0811f0
Event: 54.253 Thread 0x00000205cb87d610 Thread added: 0x00000205cb87d610
Event: 55.551 Thread 0x00000205cb87d610 Thread exited: 0x00000205cb87d610
Event: 55.758 Thread 0x00000205cb080c70 Thread exited: 0x00000205cb080c70
Event: 56.212 Thread 0x00000205cd90eda0 Thread added: 0x00000205cd90eda0
Event: 57.003 Thread 0x00000205cd90eda0 Thread exited: 0x00000205cd90eda0
Event: 60.620 Thread 0x00000205cc3c3930 Thread added: 0x00000205cc3c3930
Event: 60.884 Thread 0x00000205cc3c3930 Thread exited: 0x00000205cc3c3930
Event: 61.127 Thread 0x00000205cc3c3930 Thread added: 0x00000205cc3c3930
Event: 61.395 Thread 0x00000205cc3c3930 Thread exited: 0x00000205cc3c3930
Event: 62.059 Thread 0x00000205cc3c3930 Thread added: 0x00000205cc3c3930
Event: 62.452 Thread 0x00000205cd4b8250 Thread added: 0x00000205cd4b8250
Event: 62.833 Thread 0x00000205cd4b8250 Thread exited: 0x00000205cd4b8250
Event: 63.288 Thread 0x00000205cc3c3930 Thread exited: 0x00000205cc3c3930
Event: 63.891 Thread 0x00000205cc3c3930 Thread added: 0x00000205cc3c3930


Dynamic libraries:
0x00007ff6a0270000 - 0x00007ff6a027d000 	C:\Users\Ritej\.jdks\corretto-19.0.2\bin\java.exe
0x00007ffc8c9f0000 - 0x00007ffc8cc07000 	C:\WINDOWS\SYSTEM32\ntdll.dll
0x00007ffc55690000 - 0x00007ffc556b0000 	C:\Program Files\Avast Software\Avast\aswhook.dll
0x00007ffc8b8f0000 - 0x00007ffc8b9b4000 	C:\WINDOWS\System32\KERNEL32.DLL
0x00007ffc89eb0000 - 0x00007ffc8a280000 	C:\WINDOWS\System32\KERNELBASE.dll
0x00007ffc8a3f0000 - 0x00007ffc8a501000 	C:\WINDOWS\System32\ucrtbase.dll
0x00007ffc72b10000 - 0x00007ffc72b25000 	C:\Users\Ritej\.jdks\corretto-19.0.2\bin\VCRUNTIME140.dll
0x00007ffc72850000 - 0x00007ffc72867000 	C:\Users\Ritej\.jdks\corretto-19.0.2\bin\jli.dll
0x00007ffc8bc80000 - 0x00007ffc8be2e000 	C:\WINDOWS\System32\USER32.dll
0x00007ffc89e00000 - 0x00007ffc89e26000 	C:\WINDOWS\System32\win32u.dll
0x00007ffc8b8c0000 - 0x00007ffc8b8e9000 	C:\WINDOWS\System32\GDI32.dll
0x00007ffc8a510000 - 0x00007ffc8a62b000 	C:\WINDOWS\System32\gdi32full.dll
0x00007ffc690f0000 - 0x00007ffc69382000 	C:\WINDOWS\WinSxS\amd64_microsoft.windows.common-controls_6595b64144ccf1df_6.0.22621.4830_none_270fe7d773858e80\COMCTL32.dll
0x00007ffc89d60000 - 0x00007ffc89dfa000 	C:\WINDOWS\System32\msvcp_win.dll
0x00007ffc8b600000 - 0x00007ffc8b6a7000 	C:\WINDOWS\System32\msvcrt.dll
0x00007ffc8c8f0000 - 0x00007ffc8c921000 	C:\WINDOWS\System32\IMM32.DLL
0x00007ffc46e80000 - 0x00007ffc46f1b000 	C:\Users\Ritej\.jdks\corretto-19.0.2\bin\msvcp140.dll
0x00007ffc263f0000 - 0x00007ffc270c9000 	C:\Users\Ritej\.jdks\corretto-19.0.2\bin\server\jvm.dll
0x00007ffc8a7b0000 - 0x00007ffc8a861000 	C:\WINDOWS\System32\ADVAPI32.dll
0x00007ffc8c4b0000 - 0x00007ffc8c557000 	C:\WINDOWS\System32\sechost.dll
0x00007ffc8a6b0000 - 0x00007ffc8a6d8000 	C:\WINDOWS\System32\bcrypt.dll
0x00007ffc8a8c0000 - 0x00007ffc8a9d4000 	C:\WINDOWS\System32\RPCRT4.dll
0x00007ffc831f0000 - 0x00007ffc83224000 	C:\WINDOWS\SYSTEM32\WINMM.dll
0x00007ffc718b0000 - 0x00007ffc718b9000 	C:\WINDOWS\SYSTEM32\WSOCK32.dll
0x00007ffc82600000 - 0x00007ffc8260a000 	C:\WINDOWS\SYSTEM32\VERSION.dll
0x00007ffc8c930000 - 0x00007ffc8c9a1000 	C:\WINDOWS\System32\WS2_32.dll
0x00007ffc88ca0000 - 0x00007ffc88cb8000 	C:\WINDOWS\SYSTEM32\kernel.appcore.dll
0x00007ffc7def0000 - 0x00007ffc7defa000 	C:\Users\Ritej\.jdks\corretto-19.0.2\bin\jimage.dll
0x00007ffc874a0000 - 0x00007ffc876d2000 	C:\WINDOWS\SYSTEM32\DBGHELP.DLL
0x00007ffc8c560000 - 0x00007ffc8c8f0000 	C:\WINDOWS\System32\combase.dll
0x00007ffc8b7e0000 - 0x00007ffc8b8b7000 	C:\WINDOWS\System32\OLEAUT32.dll
0x00007ffc76f50000 - 0x00007ffc76f82000 	C:\WINDOWS\SYSTEM32\dbgcore.DLL
0x00007ffc89e30000 - 0x00007ffc89eab000 	C:\WINDOWS\System32\bcryptPrimitives.dll
0x00007ffc74450000 - 0x00007ffc7445e000 	C:\Users\Ritej\.jdks\corretto-19.0.2\bin\instrument.dll
0x00007ffc72700000 - 0x00007ffc72726000 	C:\Users\Ritej\.jdks\corretto-19.0.2\bin\java.dll
0x00007ffc3c570000 - 0x00007ffc3c646000 	C:\Users\Ritej\.jdks\corretto-19.0.2\bin\jsvml.dll
0x00007ffc8ad80000 - 0x00007ffc8b5f8000 	C:\WINDOWS\System32\SHELL32.dll
0x00007ffc87ba0000 - 0x00007ffc884b0000 	C:\WINDOWS\SYSTEM32\windows.storage.dll
0x00007ffc87a60000 - 0x00007ffc87b9f000 	C:\WINDOWS\SYSTEM32\wintypes.dll
0x00007ffc8b6d0000 - 0x00007ffc8b7da000 	C:\WINDOWS\System32\SHCORE.dll
0x00007ffc8acb0000 - 0x00007ffc8ad0e000 	C:\WINDOWS\System32\shlwapi.dll
0x00007ffc89bd0000 - 0x00007ffc89bfb000 	C:\WINDOWS\SYSTEM32\profapi.dll
0x00007ffc70cf0000 - 0x00007ffc70d08000 	C:\Users\Ritej\.jdks\corretto-19.0.2\bin\zip.dll
0x00007ffc723d0000 - 0x00007ffc723e3000 	C:\Users\Ritej\.jdks\corretto-19.0.2\bin\net.dll
0x00007ffc85fa0000 - 0x00007ffc860cc000 	C:\WINDOWS\SYSTEM32\WINHTTP.dll
0x00007ffc89110000 - 0x00007ffc8917a000 	C:\WINDOWS\system32\mswsock.dll
0x00007ffc71d30000 - 0x00007ffc71d45000 	C:\Users\Ritej\.jdks\corretto-19.0.2\bin\nio.dll
0x00007ffc69390000 - 0x00007ffc693aa000 	C:\Program Files\JetBrains\IntelliJ IDEA Community Edition 2024.1.4\bin\breakgen64.dll
0x00007ffc69810000 - 0x00007ffc69818000 	C:\Users\Ritej\.jdks\corretto-19.0.2\bin\extnet.dll
0x00007ffc726f0000 - 0x00007ffc726f9000 	C:\Users\Ritej\.jdks\corretto-19.0.2\bin\management.dll
0x00007ffc723c0000 - 0x00007ffc723cb000 	C:\Users\Ritej\.jdks\corretto-19.0.2\bin\management_ext.dll
0x00007ffc8a7a0000 - 0x00007ffc8a7a8000 	C:\WINDOWS\System32\PSAPI.DLL
0x00007ffc698c0000 - 0x00007ffc698ce000 	C:\Users\Ritej\.jdks\corretto-19.0.2\bin\sunmscapi.dll
0x00007ffc8a280000 - 0x00007ffc8a3e6000 	C:\WINDOWS\System32\CRYPT32.dll
0x00007ffc89550000 - 0x00007ffc8957d000 	C:\WINDOWS\SYSTEM32\ncrypt.dll
0x00007ffc89510000 - 0x00007ffc89547000 	C:\WINDOWS\SYSTEM32\NTASN1.dll
0x00007ffc89460000 - 0x00007ffc8947b000 	C:\WINDOWS\SYSTEM32\CRYPTSP.dll
0x00007ffc88c00000 - 0x00007ffc88c35000 	C:\WINDOWS\system32\rsaenh.dll
0x00007ffc891b0000 - 0x00007ffc891d8000 	C:\WINDOWS\SYSTEM32\USERENV.dll
0x00007ffc89440000 - 0x00007ffc8944c000 	C:\WINDOWS\SYSTEM32\CRYPTBASE.dll
0x00007ffc88700000 - 0x00007ffc8872d000 	C:\WINDOWS\SYSTEM32\IPHLPAPI.DLL
0x00007ffc8a6e0000 - 0x00007ffc8a6e9000 	C:\WINDOWS\System32\NSI.dll
0x00007ffc85eb0000 - 0x00007ffc85ec9000 	C:\WINDOWS\SYSTEM32\dhcpcsvc6.DLL
0x00007ffc85e90000 - 0x00007ffc85eaf000 	C:\WINDOWS\SYSTEM32\dhcpcsvc.DLL
0x00007ffc88730000 - 0x00007ffc88832000 	C:\WINDOWS\SYSTEM32\DNSAPI.dll
0x00007ffc81550000 - 0x00007ffc8155a000 	C:\Windows\System32\rasadhlp.dll
0x00007ffc830e0000 - 0x00007ffc83163000 	C:\WINDOWS\System32\fwpuclnt.dll
0x00007ffc59ff0000 - 0x00007ffc59ff8000 	C:\WINDOWS\system32\wshunix.dll
0x00007ffc678e0000 - 0x00007ffc678f0000 	C:\Users\Ritej\.jdks\corretto-19.0.2\bin\verify.dll

dbghelp: loaded successfully - version: 4.0.5 - missing functions: none
symbol engine: initialized successfully - sym options: 0x614 - pdb path: .;C:\Users\Ritej\.jdks\corretto-19.0.2\bin;C:\WINDOWS\SYSTEM32;C:\Program Files\Avast Software\Avast;C:\WINDOWS\WinSxS\amd64_microsoft.windows.common-controls_6595b64144ccf1df_6.0.22621.4830_none_270fe7d773858e80;C:\Users\Ritej\.jdks\corretto-19.0.2\bin\server;C:\Program Files\JetBrains\IntelliJ IDEA Community Edition 2024.1.4\bin

VM Arguments:
jvm_args: -javaagent:C:\Program Files\JetBrains\IntelliJ IDEA Community Edition 2024.1.4\lib\idea_rt.jar=58656:C:\Program Files\JetBrains\IntelliJ IDEA Community Edition 2024.1.4\bin -Dfile.encoding=UTF-8 -Dsun.stdout.encoding=UTF-8 -Dsun.stderr.encoding=UTF-8 
java_command: com.example.WSM.WsmApplication
java_class_path (initial): C:\Users\Ritej\Downloads\Ritej-main\WSM Project\WSM\target\classes;C:\Users\Ritej\.m2\repository\org\springframework\boot\spring-boot-starter-data-mongodb\3.5.4\spring-boot-starter-data-mongodb-3.5.4.jar;C:\Users\Ritej\.m2\repository\org\springframework\boot\spring-boot-starter\3.5.4\spring-boot-starter-3.5.4.jar;C:\Users\Ritej\.m2\repository\org\springframework\boot\spring-boot-starter-logging\3.5.4\spring-boot-starter-logging-3.5.4.jar;C:\Users\Ritej\.m2\repository\ch\qos\logback\logback-classic\1.5.18\logback-classic-1.5.18.jar;C:\Users\Ritej\.m2\repository\ch\qos\logback\logback-core\1.5.18\logback-core-1.5.18.jar;C:\Users\Ritej\.m2\repository\org\apache\logging\log4j\log4j-to-slf4j\2.24.3\log4j-to-slf4j-2.24.3.jar;C:\Users\Ritej\.m2\repository\org\apache\logging\log4j\log4j-api\2.24.3\log4j-api-2.24.3.jar;C:\Users\Ritej\.m2\repository\org\slf4j\jul-to-slf4j\2.0.17\jul-to-slf4j-2.0.17.jar;C:\Users\Ritej\.m2\repository\jakarta\annotation\jakarta.annotation-api\2.1.1\jakarta.annotation-api-2.1.1.jar;C:\Users\Ritej\.m2\repository\org\yaml\snakeyaml\2.4\snakeyaml-2.4.jar;C:\Users\Ritej\.m2\repository\org\mongodb\mongodb-driver-sync\5.5.1\mongodb-driver-sync-5.5.1.jar;C:\Users\Ritej\.m2\repository\org\mongodb\bson\5.5.1\bson-5.5.1.jar;C:\Users\Ritej\.m2\repository\org\mongodb\mongodb-driver-core\5.5.1\mongodb-driver-core-5.5.1.jar;C:\Users\Ritej\.m2\repository\org\mongodb\bson-record-codec\5.5.1\bson-record-codec-5.5.1.jar;C:\Users\Ritej\.m2\repository\org\springframework\data\spring-data-mongodb\4.5.2\spring-data-mongodb-4.5.2.jar;C:\Users\Ritej\.m2\repository\org\springframework\spring-tx\6.2.9\spring-tx-6.2.9.jar;C:\Users\Ritej\.m2\repository\org\springframework\spring-context\6.2.9\spring-context-6.2.9.jar;C:\Users\Ritej\.m2\repository\org\springframework\spring-beans\6.2.9\spring-beans-6.2.9.jar;C:\Users\Ritej\.m2\repository\org\springframework\spring-expression\6.2.9\spring-expression-6.2.9.jar;C:\Users\Ritej\.m2\repository\org\springframework\data\spring-data-commons\3.5.2\spring-data-commons-3.5.2.jar;C:\Users\Ritej\.m2\repository\org\slf4j\slf4j-api\2.0.17\slf4j-api-2.0.17.jar;C:\Users\Ritej\.m2\repository\org\springframework\boot\spring-boot-starter-security\3.2.0\spring-boot-starter-security-3.2.0.jar;C:\Users\Ritej\.m2\repository\org\springframework\spring-aop\6.2.9\spring-aop-6.2.9.jar;C:\Users\Ritej\.m2\repository\org\springframework\security\spring-security-config\6.5.2\spring-security-config-6.5.2.jar;C:\Users\Ritej\.m2\repository\org\springframework\security\spring-security-core\6.5.2\spring-security-core-6.5.2.jar;C:\Users\Ritej\.m2\repository\org\springframework\security\spring-security-crypto\6.5.2\spring-security-crypto-6.5.2.jar;C:\Users\Ritej\.m2\repository\org\springframework\security\spring-security-web\6.5.2\spring-security-web-6.5.2.jar;C:\Users\Ritej\.m2\repository\org\springframework\boot\spring-boot-starter-web\3.5.4\spring-boot-starter-web-3.5.4.jar;C:\Users\Ritej\.m2\repository\org\springframework\boot\spring-boot-starter-json\3.5.4\spring-boot-starter-json-3.5.4.jar;C:\Users\Ritej\.m2\repository\com\fasterxml\jackson\core\jackson-databind\2.19.2\jackson-databind-2.19.2.jar;C:\Users\Ritej\.m2\repository\com\fasterxml\jackson\core\jackson-annotations\2.19.2\jackson-annotations-2.19.2.jar;C:\Users\Ritej\.m2\repository\com\fasterxml\jackson\core\jackson-core\2.19.2\jackson-core-2.19.2.jar;C:\Users\Ritej\.m2\repository\com\fasterxml\jackson\datatype\jackson-datatype-jdk8\2.19.2\jackson-datatype-jdk8-2.19.2.jar;C:\Users\Ritej\.m2\repository\com\fasterxml\jackson\datatype\jackson-datatype-jsr310\2.19.2\jackson-datatype-jsr310-2.19.2.jar;C:\Users\Ritej\.m2\repository\com\fasterxml\jackson\module\jackson-module-parameter-names\2.19.2\jackson-module-parameter-names-2.19.2.jar;C:\Users\Ritej\.m2\repository\org\springframework\boot\spring-boot-starter-tomcat\3.5.4\spring-boot-starter-tomcat-3.5.4.jar;C:\Users\Ritej\.m2\repository\org\apache\tomcat\embed\tomcat-embed-core\10.1.43\tomcat-embed-core-10.1.43.jar;C:\Users\Ritej\.m2\repository\org\apache\tomcat\embed\tomcat-embed-el\10.1.43\tomcat-embed-el-10.1.43.jar;C:\Users\Ritej\.m2\repository\org\apache\tomcat\embed\tomcat-embed-websocket\10.1.43\tomcat-embed-websocket-10.1.43.jar;C:\Users\Ritej\.m2\repository\org\springframework\spring-web\6.2.9\spring-web-6.2.9.jar;C:\Users\Ritej\.m2\repository\io\micrometer\micrometer-observation\1.15.2\micrometer-observation-1.15.2.jar;C:\Users\Ritej\.m2\repository\io\micrometer\micrometer-commons\1.15.2\micrometer-commons-1.15.2.jar;C:\Users\Ritej\.m2\repository\org\springframework\spring-webmvc\6.2.9\spring-webmvc-6.2.9.jar;C:\Users\Ritej\.m2\repository\org\springframework\boot\spring-boot-devtools\3.5.4\spring-boot-devtools-3.5.4.jar;C:\Users\Ritej\.m2\repository\org\springframework\boot\spring-boot\3.5.4\spring-boot-3.5.4.jar;C:\Users\Ritej\.m2\repository\org\springframework\boot\spring-boot-autoconfigure\3.5.4\spring-boot-autoconfigure-3.5.4.jar;C:\Users\Ritej\.m2\repository\org\projectlombok\lombok\1.18.38\lombok-1.18.38.jar;C:\Users\Ritej\.m2\repository\org\springframework\spring-core\6.2.9\spring-core-6.2.9.jar;C:\Users\Ritej\.m2\repository\org\springframework\spring-jcl\6.2.9\spring-jcl-6.2.9.jar
Launcher Type: SUN_STANDARD

[Global flags]
     intx CICompilerCount                          = 4                                         {product} {ergonomic}
     uint ConcGCThreads                            = 2                                         {product} {ergonomic}
     uint G1ConcRefinementThreads                  = 8                                         {product} {ergonomic}
   size_t G1HeapRegionSize                         = 1048576                                   {product} {ergonomic}
    uintx GCDrainStackTargetSize                   = 64                                        {product} {ergonomic}
   size_t InitialHeapSize                          = 130023424                                 {product} {ergonomic}
   size_t MarkStackSize                            = 4194304                                   {product} {ergonomic}
   size_t MaxHeapSize                              = 2078277632                                {product} {ergonomic}
   size_t MaxNewSize                               = 1246756864                                {product} {ergonomic}
   size_t MinHeapDeltaBytes                        = 1048576                                   {product} {ergonomic}
   size_t MinHeapSize                              = 8388608                                   {product} {ergonomic}
    uintx NonNMethodCodeHeapSize                   = 5839372                                {pd product} {ergonomic}
    uintx NonProfiledCodeHeapSize                  = 122909434                              {pd product} {ergonomic}
    uintx ProfiledCodeHeapSize                     = 122909434                              {pd product} {ergonomic}
    uintx ReservedCodeCacheSize                    = 251658240                              {pd product} {ergonomic}
     bool SegmentedCodeCache                       = true                                      {product} {ergonomic}
   size_t SoftMaxHeapSize                          = 2078277632                             {manageable} {ergonomic}
     bool UseCompressedClassPointers               = true                           {product lp64_product} {ergonomic}
     bool UseCompressedOops                        = true                           {product lp64_product} {ergonomic}
     bool UseG1GC                                  = true                                      {product} {ergonomic}
     bool UseLargePagesIndividualAllocation        = false                                  {pd product} {ergonomic}

Logging:
Log output configuration:
 #0: stdout all=warning uptime,level,tags foldmultilines=false
 #1: stderr all=off uptime,level,tags foldmultilines=false

Environment Variables:
JAVA_HOME=C:\Program Files\Java\jdk-17
PATH=C:\Program Files\MongoDB\Server\7.0\bin;C:\oraclexe\app\oracle\product\11.2.0\server\bin;"C:\xampp\php;C:\xampp\php;C:\Program Files\Common Files\Oracle\Java\javapath";C:\WINDOWS\system32;C:\WINDOWS;C:\WINDOWS\System32\Wbem;C:\WINDOWS\System32\WindowsPowerShell\v1.0\;C:\WINDOWS\System32\OpenSSH\;C:\ProgramData\chocolatey\bin;C:\Program Files\Java\jdk-17\bin;C:\Program Files\Docker\Docker\resources\bin;C:\Users\Ritej\AppData\Roaming\nvm;C:\Program Files\nodejs;C:\Program Files\Git\cmd;C:\Users\Ritej\AppData\Local\Microsoft\WindowsApps\python.exe;C:\Users\Ritej\AppData\Local\Programs\Python\Launcher\;C:\Program Files\MongoDB\Server\7.0\bin;C:\Users\Ritej\AppData\Local\Microsoft\WindowsApps;C:\Users\Ritej\AppData\Local\JetBrains\PyCharm 2023.1\bin;;C:\Program Files\JetBrains\PyCharm Community Edition 2022.2.3\bin;;C:\Users\Ritej\AppData\Local\Programs\Microsoft VS Code\bin;C:\Users\Ritej\AppData\Roaming\npm;C:\Program Files\JetBrains\IntelliJ IDEA Community Edition 2024.1.4\bin;;C:\Users\Ritej\Desktop\jdk-19_windows-x64_bin\bin;C:\Users\Ritej\AppData\Local\JetBrains\IntelliJ IDEA 2024.1.4\bin;;C:\Users\Ritej\AppData\Roaming\nvm;C:\Program Files\nodejs;C:\Program Files\apache-maven-3.9.9\bin;C:\Users\Ritej\AppData\Local\Microsoft\WindowsApps\python.exe;
USERNAME=Ritej
OS=Windows_NT
PROCESSOR_IDENTIFIER=Intel64 Family 6 Model 140 Stepping 1, GenuineIntel
TMP=C:\Users\Ritej\AppData\Local\Temp
TEMP=C:\Users\Ritej\AppData\Local\Temp



---------------  S Y S T E M  ---------------

OS:
 Windows 11 , 64 bit Build 22621 (10.0.22621.4830)
OS uptime: 21 days 9:51 hours
Hyper-V role detected

CPU: total 8 (initial active 8) (4 cores per cpu, 2 threads per core) family 6 model 140 stepping 1 microcode 0xb8, cx8, cmov, fxsr, ht, mmx, 3dnowpref, sse, sse2, sse3, ssse3, sse4.1, sse4.2, popcnt, lzcnt, tsc, tscinvbit, avx, avx2, aes, erms, clmul, bmi1, bmi2, adx, avx512f, avx512dq, avx512cd, avx512bw, avx512vl, sha, fma, vzeroupper, avx512_vpopcntdq, avx512_vpclmulqdq, avx512_vaes, avx512_vnni, clflush, clflushopt, clwb, avx512_vbmi2, avx512_vbmi, hv, rdtscp, rdpid, fsrm, gfni, avx512_bitalg

Memory: 4k page, system-wide physical 7926M (1189M free)
TotalPageFile size 20426M (AvailPageFile size 124M)
current process WorkingSet (physical memory assigned to process): 211M, peak: 218M
current process commit charge ("private bytes"): 249M, peak: 258M

vm_info: OpenJDK 64-Bit Server VM (19.0.2+7-FR) for windows-amd64 JRE (19.0.2+7-FR), built on Jan 13 2023 22:53:32 by "Administrator" with MS VC++ 15.9 (VS2017)

END.
