#
# There is insufficient memory for the Java Runtime Environment to continue.
# Native memory allocation (malloc) failed to allocate 590320 bytes for Chunk::new
# Possible reasons:
#   The system is out of physical RAM or swap space
#   The process is running with CompressedOops enabled, and the Java Heap may be blocking the growth of the native heap
# Possible solutions:
#   Reduce memory load on the system
#   Increase physical memory or swap space
#   Check if swap backing store is full
#   Decrease Java heap size (-Xmx/-Xms)
#   Decrease number of Java threads
#   Decrease Java thread stack sizes (-Xss)
#   Set larger code cache with -XX:ReservedCodeCacheSize=
#   JVM is running with Unscaled Compressed Oops mode in which the Java heap is
#     placed in the first 4GB address space. The Java Heap base address is the
#     maximum limit for the native heap growth. Please use -XX:HeapBaseMinAddress
#     to set the Java Heap base and to place the Java Heap above 4GB virtual address.
# This output file may be truncated or incomplete.
#
#  Out of Memory Error (arena.cpp:184), pid=5788, tid=18848
#
# JRE version: OpenJDK Runtime Environment Corretto-19.0.2.7.1 (19.0.2+7) (build 19.0.2+7-FR)
# Java VM: OpenJDK 64-Bit Server VM Corretto-19.0.2.7.1 (19.0.2+7-FR, mixed mode, sharing, tiered, compressed oops, compressed class ptrs, g1 gc, windows-amd64)
# No core dump will be written. Minidumps are not enabled by default on client versions of Windows
#

---------------  S U M M A R Y ------------

Command Line: -javaagent:C:\Program Files\JetBrains\IntelliJ IDEA Community Edition 2024.1.4\lib\idea_rt.jar=51134:C:\Program Files\JetBrains\IntelliJ IDEA Community Edition 2024.1.4\bin -Dfile.encoding=UTF-8 -Dsun.stdout.encoding=UTF-8 -Dsun.stderr.encoding=UTF-8 com.example.WSM.WsmApplication

Host: 11th Gen Intel(R) Core(TM) i5-1135G7 @ 2.40GHz, 8 cores, 7G,  Windows 11 , 64 bit Build 22621 (10.0.22621.4830)
Time: Sat Sep  6 23:59:11 2025 Afr. centrale Ouest elapsed time: 492.769523 seconds (0d 0h 8m 12s)

---------------  T H R E A D  ---------------

Current thread (0x0000015ffefcd9f0):  JavaThread "C2 CompilerThread0" daemon [_thread_in_native, id=18848, stack(0x0000004068c00000,0x0000004068d00000)]


Current CompileTask:
C2: 492769 6861       4       jdk.internal.org.objectweb.asm.ClassWriter::toByteArray (1517 bytes)

Stack: [0x0000004068c00000,0x0000004068d00000]
Native frames: (J=compiled Java code, j=interpreted, Vv=VM code, C=native code)
V  [jvm.dll+0x6d034a]
V  [jvm.dll+0x880f10]
V  [jvm.dll+0x88289e]
V  [jvm.dll+0x882f43]
V  [jvm.dll+0x27b4bb]
V  [jvm.dll+0xdd792]
V  [jvm.dll+0xddb25]
V  [jvm.dll+0x3b4a5b]
V  [jvm.dll+0x37c86a]
V  [jvm.dll+0x37bc5a]
V  [jvm.dll+0x2470ef]
V  [jvm.dll+0x2465a7]
V  [jvm.dll+0x1d4bb7]
V  [jvm.dll+0x25558a]
V  [jvm.dll+0x2538d7]
V  [jvm.dll+0x8342bd]
V  [jvm.dll+0x82e2fa]
V  [jvm.dll+0x6cf0d3]
C  [ucrtbase.dll+0x29333]
C  [KERNEL32.DLL+0x1259d]
C  [ntdll.dll+0x5af38]


---------------  P R O C E S S  ---------------

Threads class SMR info:
_java_thread_list=0x0000015fa0e2fcc0, length=35, elements={
0x0000015ffefbed10, 0x0000015ffefbf5e0, 0x0000015ffefc2830, 0x0000015ffefc3d80,
0x0000015ffefc56e0, 0x0000015ffefc5c20, 0x0000015ffefcd9f0, 0x0000015ffefedf80,
0x0000015ffeff0910, 0x0000015ffef873e0, 0x0000015f9d879150, 0x0000015f9d5f16f0,
0x0000015f9e6fcea0, 0x0000015f9fcd9030, 0x0000015f9fcd9570, 0x0000015fa05da130,
0x0000015fa05d8bf0, 0x0000015fa05d9be0, 0x0000015fa05d9140, 0x0000015fa05da680,
0x0000015fa05d9690, 0x0000015fa05db120, 0x0000015fa05d86a0, 0x0000015fa05dabd0,
0x0000015fa078eab0, 0x0000015fa078a050, 0x0000015fa078d020, 0x0000015fa078e010,
0x0000015fa078fff0, 0x0000015fa078c030, 0x0000015fa078a5a0, 0x0000015fa078f550,
0x0000015fa078faa0, 0x0000015fa078bae0, 0x0000015f9e8bff90
}

Java Threads: ( => current thread )
  0x0000015ffefbed10 JavaThread "Reference Handler" daemon [_thread_blocked, id=20216, stack(0x0000004068600000,0x0000004068700000)]
  0x0000015ffefbf5e0 JavaThread "Finalizer" daemon [_thread_blocked, id=23288, stack(0x0000004068700000,0x0000004068800000)]
  0x0000015ffefc2830 JavaThread "Signal Dispatcher" daemon [_thread_blocked, id=21648, stack(0x0000004068800000,0x0000004068900000)]
  0x0000015ffefc3d80 JavaThread "Attach Listener" daemon [_thread_blocked, id=1988, stack(0x0000004068900000,0x0000004068a00000)]
  0x0000015ffefc56e0 JavaThread "Service Thread" daemon [_thread_blocked, id=21548, stack(0x0000004068a00000,0x0000004068b00000)]
  0x0000015ffefc5c20 JavaThread "Monitor Deflation Thread" daemon [_thread_blocked, id=20852, stack(0x0000004068b00000,0x0000004068c00000)]
=>0x0000015ffefcd9f0 JavaThread "C2 CompilerThread0" daemon [_thread_in_native, id=18848, stack(0x0000004068c00000,0x0000004068d00000)]
  0x0000015ffefedf80 JavaThread "C1 CompilerThread0" daemon [_thread_blocked, id=13972, stack(0x0000004068d00000,0x0000004068e00000)]
  0x0000015ffeff0910 JavaThread "Sweeper thread" daemon [_thread_blocked, id=10196, stack(0x0000004068e00000,0x0000004068f00000)]
  0x0000015ffef873e0 JavaThread "Common-Cleaner" daemon [_thread_blocked, id=2852, stack(0x0000004068f00000,0x0000004069000000)]
  0x0000015f9d879150 JavaThread "Monitor Ctrl-Break" daemon [_thread_in_native, id=22852, stack(0x0000004069100000,0x0000004069200000)]
  0x0000015f9d5f16f0 JavaThread "Notification Thread" daemon [_thread_blocked, id=9948, stack(0x0000004069200000,0x0000004069300000)]
  0x0000015f9e6fcea0 JavaThread "Catalina-utility-1" [_thread_blocked, id=22700, stack(0x0000004069f00000,0x000000406a000000)]
  0x0000015f9fcd9030 JavaThread "Catalina-utility-2" [_thread_blocked, id=22152, stack(0x000000406a000000,0x000000406a100000)]
  0x0000015f9fcd9570 JavaThread "container-0" [_thread_blocked, id=22688, stack(0x000000406a100000,0x000000406a200000)]
  0x0000015fa05da130 JavaThread "BufferPoolPruner-1-thread-1" daemon [_thread_blocked, id=21348, stack(0x000000406a200000,0x000000406a300000)]
  0x0000015fa05d8bf0 JavaThread "cluster-ClusterId{value='68bcbad67c286ff366b903f5', description='null'}-localhost:27017" daemon [_thread_in_native, id=17132, stack(0x000000406a300000,0x000000406a400000)]
  0x0000015fa05d9be0 JavaThread "Live Reload Server" daemon [_thread_in_native, id=17992, stack(0x000000406a600000,0x000000406a700000)]
  0x0000015fa05d9140 JavaThread "File Watcher" daemon [_thread_in_native, id=22896, stack(0x000000406a500000,0x000000406a600000)]
  0x0000015fa05da680 JavaThread "http-nio-8080-exec-2" daemon [_thread_blocked, id=15660, stack(0x000000406a800000,0x000000406a900000)]
  0x0000015fa05d9690 JavaThread "http-nio-8080-exec-3" daemon [_thread_blocked, id=18796, stack(0x000000406a900000,0x000000406aa00000)]
  0x0000015fa05db120 JavaThread "http-nio-8080-exec-4" daemon [_thread_blocked, id=19000, stack(0x000000406aa00000,0x000000406ab00000)]
  0x0000015fa05d86a0 JavaThread "http-nio-8080-exec-6" daemon [_thread_blocked, id=8744, stack(0x000000406ac00000,0x000000406ad00000)]
  0x0000015fa05dabd0 JavaThread "http-nio-8080-exec-7" daemon [_thread_blocked, id=23408, stack(0x000000406ad00000,0x000000406ae00000)]
  0x0000015fa078eab0 JavaThread "http-nio-8080-exec-8" daemon [_thread_blocked, id=23364, stack(0x000000406ae00000,0x000000406af00000)]
  0x0000015fa078a050 JavaThread "http-nio-8080-exec-9" daemon [_thread_blocked, id=22908, stack(0x000000406af00000,0x000000406b000000)]
  0x0000015fa078d020 JavaThread "http-nio-8080-exec-10" daemon [_thread_blocked, id=12712, stack(0x000000406b000000,0x000000406b100000)]
  0x0000015fa078e010 JavaThread "http-nio-8080-Poller" daemon [_thread_in_native, id=13080, stack(0x000000406b100000,0x000000406b200000)]
  0x0000015fa078fff0 JavaThread "http-nio-8080-Acceptor" daemon [_thread_in_native, id=8652, stack(0x000000406b200000,0x000000406b300000)]
  0x0000015fa078c030 JavaThread "DestroyJavaVM" [_thread_blocked, id=23464, stack(0x0000004067f00000,0x0000004068000000)]
  0x0000015fa078a5a0 JavaThread "http-nio-8080-exec-11" daemon [_thread_blocked, id=7036, stack(0x0000004067c00000,0x0000004067d00000)]
  0x0000015fa078f550 JavaThread "http-nio-8080-exec-12" daemon [_thread_blocked, id=7316, stack(0x0000004067d00000,0x0000004067e00000)]
  0x0000015fa078faa0 JavaThread "cluster-rtt-ClusterId{value='68bcbad67c286ff366b903f5', description='null'}-localhost:27017" daemon [_thread_blocked, id=13548, stack(0x0000004067e00000,0x0000004067f00000)]
  0x0000015fa078bae0 JavaThread "MaintenanceTimer-2-thread-1" daemon [_thread_blocked, id=12112, stack(0x0000004069500000,0x0000004069600000)]
  0x0000015f9e8bff90 JavaThread "C2 CompilerThread1" daemon [_thread_in_native, id=22680, stack(0x0000004069e00000,0x0000004069f00000)]

Other Threads:
  0x0000015ffef9bcf0 VMThread "VM Thread" [stack: 0x0000004068500000,0x0000004068600000] [id=23336]
  0x0000015f9d5f27a0 WatcherThread "VM Periodic Task Thread" [stack: 0x0000004069300000,0x0000004069400000] [id=19024]
  0x0000015ff788ae30 WorkerThread "GC Thread#0" [stack: 0x0000004068000000,0x0000004068100000] [id=6136]
  0x0000015f9e076d70 WorkerThread "GC Thread#1" [stack: 0x0000004069600000,0x0000004069700000] [id=10088]
  0x0000015f9e077040 WorkerThread "GC Thread#2" [stack: 0x0000004069700000,0x0000004069800000] [id=22716]
  0x0000015f9e040d20 WorkerThread "GC Thread#3" [stack: 0x0000004069800000,0x0000004069900000] [id=22848]
  0x0000015f9e040ff0 WorkerThread "GC Thread#4" [stack: 0x0000004069900000,0x0000004069a00000] [id=10332]
  0x0000015f9e04bed0 WorkerThread "GC Thread#5" [stack: 0x0000004069a00000,0x0000004069b00000] [id=19276]
  0x0000015f9e04ca10 WorkerThread "GC Thread#6" [stack: 0x0000004069c00000,0x0000004069d00000] [id=20492]
  0x0000015f9e04b660 WorkerThread "GC Thread#7" [stack: 0x0000004069d00000,0x0000004069e00000] [id=19360]
  0x0000015ff789b7c0 ConcurrentGCThread "G1 Main Marker" [stack: 0x0000004068100000,0x0000004068200000] [id=16752]
  0x0000015ff789da40 WorkerThread "G1 Conc#0" [stack: 0x0000004068200000,0x0000004068300000] [id=1344]
  0x0000015f9e04cce0 WorkerThread "G1 Conc#1" [stack: 0x0000004069b00000,0x0000004069c00000] [id=16784]
  0x0000015ffee52560 ConcurrentGCThread "G1 Refine#0" [stack: 0x0000004068300000,0x0000004068400000] [id=11780]
  0x0000015ffee53ec0 ConcurrentGCThread "G1 Service" [stack: 0x0000004068400000,0x0000004068500000] [id=23380]

Threads with active compile tasks:
C2 CompilerThread0   492915 6861       4       jdk.internal.org.objectweb.asm.ClassWriter::toByteArray (1517 bytes)
C2 CompilerThread1   492915 7122       4       org.apache.tomcat.util.buf.MessageBytes::toBytesSimple (105 bytes)

VM state: not at safepoint (normal execution)

VM Mutex/Monitor currently owned by a thread: None

Heap address: 0x0000000084200000, size: 1982 MB, Compressed Oops mode: 32-bit

CDS archive(s) mapped at: [0x0000000800000000-0x0000000800c40000-0x0000000800c40000), size 12845056, SharedBaseAddress: 0x0000000800000000, ArchiveRelocationMode: 0.
Compressed class space mapped at: 0x0000000801000000-0x0000000841000000, reserved size: 1073741824
Narrow klass base: 0x0000000800000000, Narrow klass shift: 0, Narrow klass range: 0x100000000

GC Precious Log:
 CardTable entry size: 512
 Card Set container configuration: InlinePtr #cards 5 size 8 Array Of Cards #cards 12 size 40 Howl #buckets 4 coarsen threshold 1843 Howl Bitmap #cards 512 size 80 coarsen threshold 460 Card regions per heap region 1 cards per card region 2048
 CPUs: 8 total, 8 available
 Memory: 7926M
 Large Page Support: Disabled
 NUMA Support: Disabled
 Compressed Oops: Enabled (32-bit)
 Heap Region Size: 1M
 Heap Min Capacity: 8M
 Heap Initial Capacity: 124M
 Heap Max Capacity: 1982M
 Pre-touch: Disabled
 Parallel Workers: 8
 Concurrent Workers: 2
 Concurrent Refinement Workers: 8
 Periodic GC: Disabled

Heap:
 garbage-first heap   total 66560K, used 32846K [0x0000000084200000, 0x0000000100000000)
  region size 1024K, 11 young (11264K), 3 survivors (3072K)
 Metaspace       used 47409K, committed 48064K, reserved 1114112K
  class space    used 6052K, committed 6336K, reserved 1048576K

Heap Regions: E=young(eden), S=young(survivor), O=old, HS=humongous(starts), HC=humongous(continues), CS=collection set, F=free, OA=open archive, CA=closed archive, TAMS=top-at-mark-start (previous, next)
|   0|0x0000000084200000, 0x0000000084300000, 0x0000000084300000|100%| O|  |TAMS 0x0000000084300000, 0x0000000084200000| Untracked 
|   1|0x0000000084300000, 0x0000000084400000, 0x0000000084400000|100%| O|  |TAMS 0x0000000084400000, 0x0000000084300000| Untracked 
|   2|0x0000000084400000, 0x0000000084500000, 0x0000000084500000|100%| O|  |TAMS 0x0000000084500000, 0x0000000084400000| Untracked 
|   3|0x0000000084500000, 0x0000000084600000, 0x0000000084600000|100%| O|  |TAMS 0x0000000084600000, 0x0000000084500000| Untracked 
|   4|0x0000000084600000, 0x0000000084700000, 0x0000000084700000|100%| O|  |TAMS 0x0000000084700000, 0x0000000084600000| Untracked 
|   5|0x0000000084700000, 0x0000000084800000, 0x0000000084800000|100%| O|  |TAMS 0x0000000084800000, 0x0000000084700000| Untracked 
|   6|0x0000000084800000, 0x0000000084900000, 0x0000000084900000|100%| O|  |TAMS 0x0000000084900000, 0x0000000084800000| Untracked 
|   7|0x0000000084900000, 0x0000000084a00000, 0x0000000084a00000|100%| O|  |TAMS 0x0000000084a00000, 0x0000000084900000| Untracked 
|   8|0x0000000084a00000, 0x0000000084b00000, 0x0000000084b00000|100%| O|  |TAMS 0x0000000084b00000, 0x0000000084a00000| Untracked 
|   9|0x0000000084b00000, 0x0000000084c00000, 0x0000000084c00000|100%| O|  |TAMS 0x0000000084c00000, 0x0000000084b00000| Untracked 
|  10|0x0000000084c00000, 0x0000000084d00000, 0x0000000084d00000|100%| O|  |TAMS 0x0000000084d00000, 0x0000000084c00000| Untracked 
|  11|0x0000000084d00000, 0x0000000084e00000, 0x0000000084e00000|100%| O|  |TAMS 0x0000000084e00000, 0x0000000084d00000| Untracked 
|  12|0x0000000084e00000, 0x0000000084f00000, 0x0000000084f00000|100%| O|  |TAMS 0x0000000084f00000, 0x0000000084e00000| Untracked 
|  13|0x0000000084f00000, 0x0000000085000000, 0x0000000085000000|100%| O|  |TAMS 0x0000000085000000, 0x0000000084f00000| Untracked 
|  14|0x0000000085000000, 0x0000000085100000, 0x0000000085100000|100%| O|  |TAMS 0x0000000085100000, 0x0000000085000000| Untracked 
|  15|0x0000000085100000, 0x00000000851d6800, 0x0000000085200000| 83%| O|  |TAMS 0x0000000085100000, 0x0000000085100000| Untracked 
|  16|0x0000000085200000, 0x0000000085300000, 0x0000000085300000|100%| O|  |TAMS 0x00000000852ddc00, 0x0000000085200000| Untracked 
|  17|0x0000000085300000, 0x0000000085400000, 0x0000000085400000|100%| O|  |TAMS 0x0000000085300000, 0x0000000085300000| Untracked 
|  18|0x0000000085400000, 0x0000000085500000, 0x0000000085500000|100%| O|  |TAMS 0x0000000085400000, 0x0000000085400000| Untracked 
|  19|0x0000000085500000, 0x0000000085600000, 0x0000000085600000|100%| O|  |TAMS 0x0000000085500000, 0x0000000085500000| Untracked 
|  20|0x0000000085600000, 0x0000000085700000, 0x0000000085700000|100%| O|  |TAMS 0x0000000085600000, 0x0000000085600000| Untracked 
|  21|0x0000000085700000, 0x0000000085800000, 0x0000000085800000|100%| O|  |TAMS 0x0000000085700000, 0x0000000085700000| Untracked 
|  22|0x0000000085800000, 0x0000000085900000, 0x0000000085900000|100%| O|  |TAMS 0x0000000085800000, 0x0000000085800000| Untracked 
|  23|0x0000000085900000, 0x0000000085900000, 0x0000000085a00000|  0%| F|  |TAMS 0x0000000085900000, 0x0000000085900000| Untracked 
|  24|0x0000000085a00000, 0x0000000085a00000, 0x0000000085b00000|  0%| F|  |TAMS 0x0000000085a00000, 0x0000000085a00000| Untracked 
|  25|0x0000000085b00000, 0x0000000085b00000, 0x0000000085c00000|  0%| F|  |TAMS 0x0000000085b00000, 0x0000000085b00000| Untracked 
|  26|0x0000000085c00000, 0x0000000085c00000, 0x0000000085d00000|  0%| F|  |TAMS 0x0000000085c00000, 0x0000000085c00000| Untracked 
|  27|0x0000000085d00000, 0x0000000085d00000, 0x0000000085e00000|  0%| F|  |TAMS 0x0000000085d00000, 0x0000000085d00000| Untracked 
|  28|0x0000000085e00000, 0x0000000085e00000, 0x0000000085f00000|  0%| F|  |TAMS 0x0000000085e00000, 0x0000000085e00000| Untracked 
|  29|0x0000000085f00000, 0x0000000085f00000, 0x0000000086000000|  0%| F|  |TAMS 0x0000000085f00000, 0x0000000085f00000| Untracked 
|  30|0x0000000086000000, 0x0000000086000000, 0x0000000086100000|  0%| F|  |TAMS 0x0000000086000000, 0x0000000086000000| Untracked 
|  31|0x0000000086100000, 0x0000000086100000, 0x0000000086200000|  0%| F|  |TAMS 0x0000000086100000, 0x0000000086100000| Untracked 
|  32|0x0000000086200000, 0x0000000086200000, 0x0000000086300000|  0%| F|  |TAMS 0x0000000086200000, 0x0000000086200000| Untracked 
|  33|0x0000000086300000, 0x0000000086300000, 0x0000000086400000|  0%| F|  |TAMS 0x0000000086300000, 0x0000000086300000| Untracked 
|  34|0x0000000086400000, 0x000000008643d3f0, 0x0000000086500000| 23%| S|CS|TAMS 0x0000000086400000, 0x0000000086400000| Complete 
|  35|0x0000000086500000, 0x0000000086500000, 0x0000000086600000|  0%| F|  |TAMS 0x0000000086500000, 0x0000000086500000| Untracked 
|  36|0x0000000086600000, 0x0000000086600000, 0x0000000086700000|  0%| F|  |TAMS 0x0000000086600000, 0x0000000086600000| Untracked 
|  37|0x0000000086700000, 0x0000000086800000, 0x0000000086800000|100%| S|CS|TAMS 0x0000000086700000, 0x0000000086700000| Complete 
|  38|0x0000000086800000, 0x0000000086900000, 0x0000000086900000|100%| S|CS|TAMS 0x0000000086800000, 0x0000000086800000| Complete 
|  39|0x0000000086900000, 0x0000000086900000, 0x0000000086a00000|  0%| F|  |TAMS 0x0000000086900000, 0x0000000086900000| Untracked 
|  40|0x0000000086a00000, 0x0000000086a00000, 0x0000000086b00000|  0%| F|  |TAMS 0x0000000086a00000, 0x0000000086a00000| Untracked 
|  41|0x0000000086b00000, 0x0000000086b00000, 0x0000000086c00000|  0%| F|  |TAMS 0x0000000086b00000, 0x0000000086b00000| Untracked 
|  42|0x0000000086c00000, 0x0000000086c00000, 0x0000000086d00000|  0%| F|  |TAMS 0x0000000086c00000, 0x0000000086c00000| Untracked 
|  43|0x0000000086d00000, 0x0000000086d00000, 0x0000000086e00000|  0%| F|  |TAMS 0x0000000086d00000, 0x0000000086d00000| Untracked 
|  44|0x0000000086e00000, 0x0000000086e00000, 0x0000000086f00000|  0%| F|  |TAMS 0x0000000086e00000, 0x0000000086e00000| Untracked 
|  45|0x0000000086f00000, 0x0000000086f00000, 0x0000000087000000|  0%| F|  |TAMS 0x0000000086f00000, 0x0000000086f00000| Untracked 
|  46|0x0000000087000000, 0x0000000087000000, 0x0000000087100000|  0%| F|  |TAMS 0x0000000087000000, 0x0000000087000000| Untracked 
|  47|0x0000000087100000, 0x0000000087100000, 0x0000000087200000|  0%| F|  |TAMS 0x0000000087100000, 0x0000000087100000| Untracked 
|  48|0x0000000087200000, 0x0000000087200000, 0x0000000087300000|  0%| F|  |TAMS 0x0000000087200000, 0x0000000087200000| Untracked 
|  49|0x0000000087300000, 0x0000000087300000, 0x0000000087400000|  0%| F|  |TAMS 0x0000000087300000, 0x0000000087300000| Untracked 
|  50|0x0000000087400000, 0x0000000087400000, 0x0000000087500000|  0%| F|  |TAMS 0x0000000087400000, 0x0000000087400000| Untracked 
|  51|0x0000000087500000, 0x0000000087500000, 0x0000000087600000|  0%| F|  |TAMS 0x0000000087500000, 0x0000000087500000| Untracked 
|  52|0x0000000087600000, 0x0000000087600000, 0x0000000087700000|  0%| F|  |TAMS 0x0000000087600000, 0x0000000087600000| Untracked 
|  53|0x0000000087700000, 0x0000000087700000, 0x0000000087800000|  0%| F|  |TAMS 0x0000000087700000, 0x0000000087700000| Untracked 
|  54|0x0000000087800000, 0x0000000087800000, 0x0000000087900000|  0%| F|  |TAMS 0x0000000087800000, 0x0000000087800000| Untracked 
|  55|0x0000000087900000, 0x0000000087900000, 0x0000000087a00000|  0%| F|  |TAMS 0x0000000087900000, 0x0000000087900000| Untracked 
|  56|0x0000000087a00000, 0x0000000087a00000, 0x0000000087b00000|  0%| F|  |TAMS 0x0000000087a00000, 0x0000000087a00000| Untracked 
|  68|0x0000000088600000, 0x00000000886335b8, 0x0000000088700000| 20%| E|  |TAMS 0x0000000088600000, 0x0000000088600000| Complete 
|  69|0x0000000088700000, 0x0000000088800000, 0x0000000088800000|100%| E|CS|TAMS 0x0000000088700000, 0x0000000088700000| Complete 
|  70|0x0000000088800000, 0x0000000088900000, 0x0000000088900000|100%| E|CS|TAMS 0x0000000088800000, 0x0000000088800000| Complete 
|  71|0x0000000088900000, 0x0000000088a00000, 0x0000000088a00000|100%| E|CS|TAMS 0x0000000088900000, 0x0000000088900000| Complete 
|  72|0x0000000088a00000, 0x0000000088b00000, 0x0000000088b00000|100%| E|CS|TAMS 0x0000000088a00000, 0x0000000088a00000| Complete 
|  73|0x0000000088b00000, 0x0000000088c00000, 0x0000000088c00000|100%| E|CS|TAMS 0x0000000088b00000, 0x0000000088b00000| Complete 
|  74|0x0000000088c00000, 0x0000000088d00000, 0x0000000088d00000|100%| E|CS|TAMS 0x0000000088c00000, 0x0000000088c00000| Complete 
| 123|0x000000008bd00000, 0x000000008be00000, 0x000000008be00000|100%| E|CS|TAMS 0x000000008bd00000, 0x000000008bd00000| Complete 

Card table byte_map: [0x0000015ff9f30000,0x0000015ffa310000] _byte_map_base: 0x0000015ff9b0f000

Marking Bits (Prev, Next): (CMBitMap*) 0x0000015ff788b460, (CMBitMap*) 0x0000015ff788b4a0
 Prev Bits: [0x0000015ffa6f0000, 0x0000015ffc5e8000)
 Next Bits: [0x0000015ffc5f0000, 0x0000015ffe4e8000)

Polling page: 0x0000015ff78e0000

Metaspace:

Usage:
  Non-class:     40.39 MB used.
      Class:      5.91 MB used.
       Both:     46.30 MB used.

Virtual space:
  Non-class space:       64.00 MB reserved,      40.75 MB ( 64%) committed,  1 nodes.
      Class space:        1.00 GB reserved,       6.19 MB ( <1%) committed,  1 nodes.
             Both:        1.06 GB reserved,      46.94 MB (  4%) committed. 

Chunk freelists:
   Non-Class:  2.52 MB
       Class:  1.85 MB
        Both:  4.36 MB

MaxMetaspaceSize: unlimited
CompressedClassSpaceSize: 1.00 GB
Initial GC threshold: 21.00 MB
Current GC threshold: 58.75 MB
CDS: on
MetaspaceReclaimPolicy: balanced
 - commit_granule_bytes: 65536.
 - commit_granule_words: 8192.
 - virtual_space_node_default_size: 8388608.
 - enlarge_chunks_in_place: 1.
 - new_chunks_are_fully_committed: 0.
 - uncommit_free_chunks: 1.
 - use_allocation_guard: 0.


Internal statistics:

num_allocs_failed_limit: 6.
num_arena_births: 922.
num_arena_deaths: 0.
num_vsnodes_births: 2.
num_vsnodes_deaths: 0.
num_space_committed: 751.
num_space_uncommitted: 0.
num_chunks_returned_to_freelist: 6.
num_chunks_taken_from_freelist: 2684.
num_chunk_merges: 3.
num_chunk_splits: 1852.
num_chunks_enlarged: 1417.
num_inconsistent_stats: 0.

CodeHeap 'non-profiled nmethods': size=120000Kb used=3449Kb max_used=3449Kb free=116550Kb
 bounds [0x0000015f8fbf0000, 0x0000015f8ff50000, 0x0000015f97120000]
CodeHeap 'profiled nmethods': size=120000Kb used=12413Kb max_used=12413Kb free=107586Kb
 bounds [0x0000015f88120000, 0x0000015f88d40000, 0x0000015f8f650000]
CodeHeap 'non-nmethods': size=5760Kb used=1410Kb max_used=1414Kb free=4349Kb
 bounds [0x0000015f8f650000, 0x0000015f8f8c0000, 0x0000015f8fbf0000]
 total_blobs=6987 nmethods=6369 adapters=526
 compilation: enabled
              stopped_count=0, restarted_count=0
 full_count=0

Compilation events (20 events):
Event: 492.755 Thread 0x0000015ffefedf80 nmethod 6970 0x0000015f88cedd90 code [0x0000015f88cedf80, 0x0000015f88cee568]
Event: 492.755 Thread 0x0000015ffefedf80 6973       3       org.apache.catalina.core.ApplicationFilterConfig::getFilter (51 bytes)
Event: 492.756 Thread 0x0000015ffefedf80 nmethod 6973 0x0000015f88cee790 code [0x0000015f88cee9e0, 0x0000015f88cef2b8]
Event: 492.756 Thread 0x0000015ffefedf80 6974       3       org.apache.catalina.connector.Request::addLocale (10 bytes)
Event: 492.756 Thread 0x0000015ffefedf80 nmethod 6974 0x0000015f88cef610 code [0x0000015f88cef7e0, 0x0000015f88cefd08]
Event: 492.756 Thread 0x0000015ffefedf80 6975       3       org.bson.AbstractBsonReader::readEndDocument (122 bytes)
Event: 492.757 Thread 0x0000015ffefedf80 nmethod 6975 0x0000015f88ceff10 code [0x0000015f88cf01c0, 0x0000015f88cf1678]
Event: 492.757 Thread 0x0000015ffefedf80 6976       3       org.bson.BsonBinaryReader::doReadEndDocument (54 bytes)
Event: 492.758 Thread 0x0000015ffefedf80 nmethod 6976 0x0000015f88cf1a90 code [0x0000015f88cf1d20, 0x0000015f88cf2bf8]
Event: 492.759 Thread 0x0000015ffefedf80 6977       1       com.mongodb.internal.connection.RequestMessage::getSettings (5 bytes)
Event: 492.759 Thread 0x0000015ffefedf80 nmethod 6977 0x0000015f8ff3b910 code [0x0000015f8ff3baa0, 0x0000015f8ff3bb58]
Event: 492.759 Thread 0x0000015ffefedf80 6972       1       org.bson.codecs.EncoderContext$Builder::access$200 (5 bytes)
Event: 492.759 Thread 0x0000015ffefedf80 nmethod 6972 0x0000015f8ff3bc10 code [0x0000015f8ff3bda0, 0x0000015f8ff3be58]
Event: 492.759 Thread 0x0000015ffefedf80 6968       1       org.apache.catalina.core.StandardService::getContainer (5 bytes)
Event: 492.759 Thread 0x0000015ffefedf80 nmethod 6968 0x0000015f8ff3bf10 code [0x0000015f8ff3c0a0, 0x0000015f8ff3c158]
Event: 492.759 Thread 0x0000015ffefedf80 6978       3       java.util.regex.Pattern::escape (1327 bytes)
Event: 492.759 Thread 0x0000015f9e8bff90 nmethod 6884 0x0000015f8ff3c210 code [0x0000015f8ff3c3a0, 0x0000015f8ff3c778]
Event: 492.759 Thread 0x0000015f9e8bff90 6893       4       org.bson.ByteBufNIO::position (8 bytes)
Event: 492.761 Thread 0x0000015f9e8bff90 nmethod 6893 0x0000015f8ff3cb10 code [0x0000015f8ff3cca0, 0x0000015f8ff3cd38]
Event: 492.761 Thread 0x0000015f9e8bff90 6928       4       jakarta.servlet.http.HttpServletRequestWrapper::getMethod (10 bytes)

GC Heap History (20 events):
Event: 2.471 GC heap before
{Heap before GC invocations=4 (full 0):
 garbage-first heap   total 51200K, used 36610K [0x0000000084200000, 0x0000000100000000)
  region size 1024K, 30 young (30720K), 7 survivors (7168K)
 Metaspace       used 25355K, committed 25728K, reserved 1114112K
  class space    used 3116K, committed 3264K, reserved 1048576K
}
Event: 2.478 GC heap after
{Heap after GC invocations=5 (full 0):
 garbage-first heap   total 51200K, used 15319K [0x0000000084200000, 0x0000000100000000)
  region size 1024K, 3 young (3072K), 3 survivors (3072K)
 Metaspace       used 25355K, committed 25728K, reserved 1114112K
  class space    used 3116K, committed 3264K, reserved 1048576K
}
Event: 2.503 GC heap before
{Heap before GC invocations=5 (full 0):
 garbage-first heap   total 51200K, used 16343K [0x0000000084200000, 0x0000000100000000)
  region size 1024K, 4 young (4096K), 3 survivors (3072K)
 Metaspace       used 25487K, committed 25984K, reserved 1114112K
  class space    used 3142K, committed 3392K, reserved 1048576K
}
Event: 2.505 GC heap after
{Heap after GC invocations=6 (full 0):
 garbage-first heap   total 51200K, used 15842K [0x0000000084200000, 0x0000000100000000)
  region size 1024K, 1 young (1024K), 1 survivors (1024K)
 Metaspace       used 25487K, committed 25984K, reserved 1114112K
  class space    used 3142K, committed 3392K, reserved 1048576K
}
Event: 2.960 GC heap before
{Heap before GC invocations=6 (full 0):
 garbage-first heap   total 51200K, used 34274K [0x0000000084200000, 0x0000000100000000)
  region size 1024K, 20 young (20480K), 1 survivors (1024K)
 Metaspace       used 29588K, committed 30144K, reserved 1114112K
  class space    used 3659K, committed 3904K, reserved 1048576K
}
Event: 2.963 GC heap after
{Heap after GC invocations=7 (full 0):
 garbage-first heap   total 51200K, used 17331K [0x0000000084200000, 0x0000000100000000)
  region size 1024K, 3 young (3072K), 3 survivors (3072K)
 Metaspace       used 29588K, committed 30144K, reserved 1114112K
  class space    used 3659K, committed 3904K, reserved 1048576K
}
Event: 3.364 GC heap before
{Heap before GC invocations=7 (full 0):
 garbage-first heap   total 51200K, used 35763K [0x0000000084200000, 0x0000000100000000)
  region size 1024K, 21 young (21504K), 3 survivors (3072K)
 Metaspace       used 33908K, committed 34496K, reserved 1114112K
  class space    used 4287K, committed 4544K, reserved 1048576K
}
Event: 3.368 GC heap after
{Heap after GC invocations=8 (full 0):
 garbage-first heap   total 51200K, used 18992K [0x0000000084200000, 0x0000000100000000)
  region size 1024K, 2 young (2048K), 2 survivors (2048K)
 Metaspace       used 33908K, committed 34496K, reserved 1114112K
  class space    used 4287K, committed 4544K, reserved 1048576K
}
Event: 3.498 GC heap before
{Heap before GC invocations=8 (full 0):
 garbage-first heap   total 51200K, used 25136K [0x0000000084200000, 0x0000000100000000)
  region size 1024K, 10 young (10240K), 2 survivors (2048K)
 Metaspace       used 35473K, committed 35968K, reserved 1114112K
  class space    used 4522K, committed 4736K, reserved 1048576K
}
Event: 3.501 GC heap after
{Heap after GC invocations=9 (full 0):
 garbage-first heap   total 66560K, used 20018K [0x0000000084200000, 0x0000000100000000)
  region size 1024K, 1 young (1024K), 1 survivors (1024K)
 Metaspace       used 35473K, committed 35968K, reserved 1114112K
  class space    used 4522K, committed 4736K, reserved 1048576K
}
Event: 4.042 GC heap before
{Heap before GC invocations=10 (full 0):
 garbage-first heap   total 66560K, used 46642K [0x0000000084200000, 0x0000000100000000)
  region size 1024K, 28 young (28672K), 1 survivors (1024K)
 Metaspace       used 39421K, committed 39936K, reserved 1114112K
  class space    used 5069K, committed 5312K, reserved 1048576K
}
Event: 4.046 GC heap after
{Heap after GC invocations=11 (full 0):
 garbage-first heap   total 66560K, used 22713K [0x0000000084200000, 0x0000000100000000)
  region size 1024K, 4 young (4096K), 4 survivors (4096K)
 Metaspace       used 39421K, committed 39936K, reserved 1114112K
  class space    used 5069K, committed 5312K, reserved 1048576K
}
Event: 4.063 GC heap before
{Heap before GC invocations=11 (full 0):
 garbage-first heap   total 66560K, used 23737K [0x0000000084200000, 0x0000000100000000)
  region size 1024K, 5 young (5120K), 4 survivors (4096K)
 Metaspace       used 39594K, committed 40128K, reserved 1114112K
  class space    used 5093K, committed 5312K, reserved 1048576K
}
Event: 4.066 GC heap after
{Heap after GC invocations=12 (full 0):
 garbage-first heap   total 66560K, used 22388K [0x0000000084200000, 0x0000000100000000)
  region size 1024K, 1 young (1024K), 1 survivors (1024K)
 Metaspace       used 39594K, committed 40128K, reserved 1114112K
  class space    used 5093K, committed 5312K, reserved 1048576K
}
Event: 233.931 GC heap before
{Heap before GC invocations=12 (full 0):
 garbage-first heap   total 66560K, used 46964K [0x0000000084200000, 0x0000000100000000)
  region size 1024K, 26 young (26624K), 1 survivors (1024K)
 Metaspace       used 43323K, committed 43904K, reserved 1114112K
  class space    used 5636K, committed 5888K, reserved 1048576K
}
Event: 233.940 GC heap after
{Heap after GC invocations=13 (full 0):
 garbage-first heap   total 66560K, used 23625K [0x0000000084200000, 0x0000000100000000)
  region size 1024K, 2 young (2048K), 2 survivors (2048K)
 Metaspace       used 43323K, committed 43904K, reserved 1114112K
  class space    used 5636K, committed 5888K, reserved 1048576K
}
Event: 330.532 GC heap before
{Heap before GC invocations=13 (full 0):
 garbage-first heap   total 66560K, used 49225K [0x0000000084200000, 0x0000000100000000)
  region size 1024K, 27 young (27648K), 2 survivors (2048K)
 Metaspace       used 45616K, committed 46208K, reserved 1114112K
  class space    used 5885K, committed 6144K, reserved 1048576K
}
Event: 330.538 GC heap after
{Heap after GC invocations=14 (full 0):
 garbage-first heap   total 66560K, used 24775K [0x0000000084200000, 0x0000000100000000)
  region size 1024K, 3 young (3072K), 3 survivors (3072K)
 Metaspace       used 45616K, committed 46208K, reserved 1114112K
  class space    used 5885K, committed 6144K, reserved 1048576K
}
Event: 492.275 GC heap before
{Heap before GC invocations=14 (full 0):
 garbage-first heap   total 66560K, used 49351K [0x0000000084200000, 0x0000000100000000)
  region size 1024K, 28 young (28672K), 3 survivors (3072K)
 Metaspace       used 46936K, committed 47552K, reserved 1114112K
  class space    used 6021K, committed 6272K, reserved 1048576K
}
Event: 492.283 GC heap after
{Heap after GC invocations=15 (full 0):
 garbage-first heap   total 66560K, used 25678K [0x0000000084200000, 0x0000000100000000)
  region size 1024K, 3 young (3072K), 3 survivors (3072K)
 Metaspace       used 46936K, committed 47552K, reserved 1114112K
  class space    used 6021K, committed 6272K, reserved 1048576K
}

Dll operation events (14 events):
Event: 0.013 Loaded shared library C:\Users\Ritej\.jdks\corretto-19.0.2\bin\java.dll
Event: 0.031 Loaded shared library C:\Users\Ritej\.jdks\corretto-19.0.2\bin\jsvml.dll
Event: 0.160 Loaded shared library C:\Users\Ritej\.jdks\corretto-19.0.2\bin\zip.dll
Event: 0.164 Loaded shared library C:\Users\Ritej\.jdks\corretto-19.0.2\bin\instrument.dll
Event: 0.172 Loaded shared library C:\Users\Ritej\.jdks\corretto-19.0.2\bin\net.dll
Event: 0.175 Loaded shared library C:\Users\Ritej\.jdks\corretto-19.0.2\bin\nio.dll
Event: 0.182 Loaded shared library C:\Users\Ritej\.jdks\corretto-19.0.2\bin\zip.dll
Event: 0.263 Loaded shared library C:\Program Files\JetBrains\IntelliJ IDEA Community Edition 2024.1.4\bin\breakgen64.dll
Event: 0.274 Loaded shared library C:\Users\Ritej\.jdks\corretto-19.0.2\bin\extnet.dll
Event: 0.300 Loaded shared library C:\Users\Ritej\.jdks\corretto-19.0.2\bin\jimage.dll
Event: 0.541 Loaded shared library C:\Users\Ritej\.jdks\corretto-19.0.2\bin\management.dll
Event: 0.547 Loaded shared library C:\Users\Ritej\.jdks\corretto-19.0.2\bin\management_ext.dll
Event: 1.337 Loaded shared library C:\Users\Ritej\.jdks\corretto-19.0.2\bin\sunmscapi.dll
Event: 491.850 Loaded shared library C:\Users\Ritej\.jdks\corretto-19.0.2\bin\verify.dll

Deoptimization events (20 events):
Event: 492.351 Thread 0x0000015fa05dabd0 Uncommon trap: trap_request=0xffffff45 fr.pc=0x0000015f8fe35c84 relative=0x0000000000000764
Event: 492.351 Thread 0x0000015fa05dabd0 Uncommon trap: reason=unstable_if action=reinterpret pc=0x0000015f8fe35c84 method=jdk.internal.org.objectweb.asm.Type.getArgumentsAndReturnSizes(Ljava/lang/String;)I @ 123 c2
Event: 492.351 Thread 0x0000015fa05dabd0 DEOPT PACKING pc=0x0000015f8fe35c84 sp=0x000000406adf8220
Event: 492.351 Thread 0x0000015fa05dabd0 DEOPT UNPACKING pc=0x0000015f8f6ba5a3 sp=0x000000406adf8138 mode 2
Event: 492.351 Thread 0x0000015fa05dabd0 Uncommon trap: trap_request=0xffffff45 fr.pc=0x0000015f8fdecbb8 relative=0x0000000000000718
Event: 492.351 Thread 0x0000015fa05dabd0 Uncommon trap: reason=unstable_if action=reinterpret pc=0x0000015f8fdecbb8 method=jdk.internal.org.objectweb.asm.Frame.push(Ljdk/internal/org/objectweb/asm/SymbolTable;Ljava/lang/String;)V @ 49 c2
Event: 492.351 Thread 0x0000015fa05dabd0 DEOPT PACKING pc=0x0000015f8fdecbb8 sp=0x000000406adf8200
Event: 492.351 Thread 0x0000015fa05dabd0 DEOPT UNPACKING pc=0x0000015f8f6ba5a3 sp=0x000000406adf81b0 mode 2
Event: 492.358 Thread 0x0000015fa05dabd0 Uncommon trap: trap_request=0xffffff45 fr.pc=0x0000015f8fd30bb0 relative=0x00000000000003d0
Event: 492.358 Thread 0x0000015fa05dabd0 Uncommon trap: reason=unstable_if action=reinterpret pc=0x0000015f8fd30bb0 method=jdk.internal.org.objectweb.asm.MethodWriter.visitVarInsn(II)V @ 242 c2
Event: 492.358 Thread 0x0000015fa05dabd0 DEOPT PACKING pc=0x0000015f8fd30bb0 sp=0x000000406adf88a0
Event: 492.358 Thread 0x0000015fa05dabd0 DEOPT UNPACKING pc=0x0000015f8f6ba5a3 sp=0x000000406adf8838 mode 2
Event: 492.394 Thread 0x0000015fa078a050 Uncommon trap: trap_request=0xffffff45 fr.pc=0x0000015f8fef3600 relative=0x00000000000003c0
Event: 492.394 Thread 0x0000015fa078a050 Uncommon trap: reason=unstable_if action=reinterpret pc=0x0000015f8fef3600 method=com.fasterxml.jackson.core.json.UTF8JsonGenerator._writeStringSegment2(Ljava/lang/String;II)V @ 59 c2
Event: 492.394 Thread 0x0000015fa078a050 DEOPT PACKING pc=0x0000015f8fef3600 sp=0x000000406affa520
Event: 492.394 Thread 0x0000015fa078a050 DEOPT UNPACKING pc=0x0000015f8f6ba5a3 sp=0x000000406affa4a0 mode 2
Event: 492.437 Thread 0x0000015fa05d86a0 DEOPT PACKING pc=0x0000015f88c15e57 sp=0x000000406acf7f00
Event: 492.437 Thread 0x0000015fa05d86a0 DEOPT UNPACKING pc=0x0000015f8f6bb0e3 sp=0x000000406acf7380 mode 0
Event: 492.500 Thread 0x0000015fa05d86a0 DEOPT PACKING pc=0x0000015f883585cc sp=0x000000406acf9be0
Event: 492.500 Thread 0x0000015fa05d86a0 DEOPT UNPACKING pc=0x0000015f8f6bb0e3 sp=0x000000406acf9080 mode 0

Classes loaded (20 events):
Event: 263.694 Loading class java/util/stream/DoubleStream
Event: 263.694 Loading class java/util/stream/DoubleStream done
Event: 290.131 Loading class java/io/PushbackInputStream
Event: 290.143 Loading class java/io/PushbackInputStream done
Event: 290.146 Loading class org/w3c/dom/Node
Event: 290.147 Loading class org/w3c/dom/Node done
Event: 290.147 Loading class org/w3c/dom/Document
Event: 290.148 Loading class org/w3c/dom/Document done
Event: 352.471 Loading class java/lang/invoke/MethodHandleImpl$CountingWrapper$1
Event: 352.472 Loading class java/lang/invoke/MethodHandleImpl$CountingWrapper$1 done
Event: 444.282 Loading class java/net/Socket$SocketOutputStream
Event: 444.283 Loading class java/net/Socket$SocketOutputStream done
Event: 444.283 Loading class sun/nio/ch/NioSocketImpl$2
Event: 444.283 Loading class sun/nio/ch/NioSocketImpl$2 done
Event: 444.349 Loading class java/util/function/LongBinaryOperator
Event: 444.349 Loading class java/util/function/LongBinaryOperator done
Event: 454.375 Loading class java/util/concurrent/ConcurrentLinkedDeque$CLDSpliterator
Event: 454.376 Loading class java/util/concurrent/ConcurrentLinkedDeque$CLDSpliterator done
Event: 492.715 Loading class java/util/concurrent/atomic/Striped64$Cell
Event: 492.716 Loading class java/util/concurrent/atomic/Striped64$Cell done

Classes unloaded (0 events):
No events

Classes redefined (0 events):
No events

Internal exceptions (20 events):
Event: 372.168 Thread 0x0000015fa05d8bf0 Exception <a 'java/net/ConnectException'{0x00000000876a2c48}: Connection refused: no further information> (0x00000000876a2c48) 
thrown [s\src\hotspot\share\prims\jni.cpp, line 536]
Event: 372.672 Thread 0x0000015fa05d8bf0 Exception <a 'java/net/ConnectException'{0x00000000876a4b40}: Connection refused: no further information> (0x00000000876a4b40) 
thrown [s\src\hotspot\share\prims\jni.cpp, line 536]
Event: 373.183 Thread 0x0000015fa05d8bf0 Exception <a 'java/net/ConnectException'{0x00000000876a6a38}: Connection refused: no further information> (0x00000000876a6a38) 
thrown [s\src\hotspot\share\prims\jni.cpp, line 536]
Event: 373.695 Thread 0x0000015fa05d8bf0 Exception <a 'java/net/ConnectException'{0x00000000876a8930}: Connection refused: no further information> (0x00000000876a8930) 
thrown [s\src\hotspot\share\prims\jni.cpp, line 536]
Event: 374.206 Thread 0x0000015fa05d8bf0 Exception <a 'java/net/ConnectException'{0x00000000872015e8}: Connection refused: no further information> (0x00000000872015e8) 
thrown [s\src\hotspot\share\prims\jni.cpp, line 536]
Event: 384.216 Thread 0x0000015fa05d8bf0 Exception <a 'java/net/ConnectException'{0x00000000872034e0}: Connection refused: no further information> (0x00000000872034e0) 
thrown [s\src\hotspot\share\prims\jni.cpp, line 536]
Event: 394.243 Thread 0x0000015fa05d8bf0 Exception <a 'java/net/ConnectException'{0x00000000872053d8}: Connection refused: no further information> (0x00000000872053d8) 
thrown [s\src\hotspot\share\prims\jni.cpp, line 536]
Event: 404.252 Thread 0x0000015fa05d8bf0 Exception <a 'java/net/ConnectException'{0x0000000087207548}: Connection refused: no further information> (0x0000000087207548) 
thrown [s\src\hotspot\share\prims\jni.cpp, line 536]
Event: 414.257 Thread 0x0000015fa05d8bf0 Exception <a 'java/net/ConnectException'{0x0000000087209440}: Connection refused: no further information> (0x0000000087209440) 
thrown [s\src\hotspot\share\prims\jni.cpp, line 536]
Event: 424.268 Thread 0x0000015fa05d8bf0 Exception <a 'java/net/ConnectException'{0x0000000087157260}: Connection refused: no further information> (0x0000000087157260) 
thrown [s\src\hotspot\share\prims\jni.cpp, line 536]
Event: 434.274 Thread 0x0000015fa05d8bf0 Exception <a 'java/net/ConnectException'{0x0000000087159370}: Connection refused: no further information> (0x0000000087159370) 
thrown [s\src\hotspot\share\prims\jni.cpp, line 536]
Event: 444.358 Thread 0x0000015fa05d8bf0 Exception <a 'java/lang/NoSuchMethodError'{0x0000000086f542b8}: 'void java.lang.invoke.DirectMethodHandle$Holder.invokeStatic(java.lang.Object, java.lang.Object, long)'> (0x0000000086f542b8) 
thrown [s\src\hotspot\share\interpreter\linkResolver.cpp, line 774]
Event: 491.774 Thread 0x0000015fa05d9690 Exception <a 'java/lang/NoSuchMethodError'{0x0000000086c25d68}: 'long java.lang.invoke.DirectMethodHandle$Holder.invokeStatic(java.lang.Object, long)'> (0x0000000086c25d68) 
thrown [s\src\hotspot\share\interpreter\linkResolver.cpp, line 774]
Event: 491.854 Thread 0x0000015fa05d9690 Exception <a 'java/lang/NoSuchMethodError'{0x0000000086b47508}: 'void java.lang.invoke.Invokers$Holder.invoke_MT(java.lang.Object, java.lang.Object, java.lang.Object, java.lang.Object)'> (0x0000000086b47508) 
thrown [s\src\hotspot\share\interpreter\linkResolver.cpp, line 774]
Event: 492.124 Thread 0x0000015fa05d9690 Exception <a 'java/lang/NoSuchMethodError'{0x0000000086a23a08}: 'java.lang.Object java.lang.invoke.DirectMethodHandle$Holder.invokeInterface(java.lang.Object, java.lang.Object, java.lang.Object, java.lang.Object)'> (0x0000000086a23a08) 
thrown [s\src\hotspot\share\interpreter\linkResolver.cpp, line 774]
Event: 492.350 Thread 0x0000015fa05dabd0 Implicit null exception at 0x0000015f8fd4c934 to 0x0000015f8fd4c9a0
Event: 492.355 Thread 0x0000015fa05dabd0 Exception <a 'java/lang/NoSuchMethodError'{0x0000000088c07008}: 'double java.lang.invoke.DelegatingMethodHandle$Holder.reinvoke_L(java.lang.Object, java.lang.Object, int)'> (0x0000000088c07008) 
thrown [s\src\hotspot\share\interpreter\linkResolver.cpp, line 774]
Event: 492.357 Thread 0x0000015fa05dabd0 Exception <a 'java/lang/NoSuchMethodError'{0x0000000088c11fa8}: 'void java.lang.invoke.DelegatingMethodHandle$Holder.reinvoke_L(java.lang.Object, java.lang.Object, double)'> (0x0000000088c11fa8) 
thrown [s\src\hotspot\share\interpreter\linkResolver.cpp, line 774]
Event: 492.396 Thread 0x0000015fa05dabd0 Exception <a 'java/lang/NoSuchMethodError'{0x0000000088cc6c88}: 'double java.lang.invoke.DirectMethodHandle$Holder.invokeVirtual(java.lang.Object, java.lang.Object)'> (0x0000000088cc6c88) 
thrown [s\src\hotspot\share\interpreter\linkResolver.cpp, line 774]
Event: 492.399 Thread 0x0000015fa05dabd0 Exception <a 'java/lang/NoSuchMethodError'{0x0000000088cd5a48}: 'double java.lang.invoke.DelegatingMethodHandle$Holder.reinvoke_L(java.lang.Object, java.lang.Object)'> (0x0000000088cd5a48) 
thrown [s\src\hotspot\share\interpreter\linkResolver.cpp, line 774]

VM Operations (20 events):
Event: 444.303 Executing VM operation: HandshakeAllThreads
Event: 444.303 Executing VM operation: HandshakeAllThreads done
Event: 444.367 Executing VM operation: HandshakeAllThreads
Event: 444.367 Executing VM operation: HandshakeAllThreads done
Event: 444.367 Executing VM operation: Cleanup
Event: 444.367 Executing VM operation: Cleanup done
Event: 445.381 Executing VM operation: Cleanup
Event: 445.381 Executing VM operation: Cleanup done
Event: 454.458 Executing VM operation: Cleanup
Event: 454.458 Executing VM operation: Cleanup done
Event: 474.690 Executing VM operation: Cleanup
Event: 474.690 Executing VM operation: Cleanup done
Event: 491.653 Executing VM operation: HandshakeAllThreads
Event: 491.653 Executing VM operation: HandshakeAllThreads done
Event: 491.653 Executing VM operation: Cleanup
Event: 491.653 Executing VM operation: Cleanup done
Event: 492.274 Executing VM operation: G1CollectForAllocation
Event: 492.290 Executing VM operation: G1CollectForAllocation done
Event: 492.500 Executing VM operation: HandshakeAllThreads
Event: 492.500 Executing VM operation: HandshakeAllThreads done

Events (20 events):
Event: 4.218 Thread 0x0000015fa078d020 Thread added: 0x0000015fa078d020
Event: 4.232 Thread 0x0000015fa078e010 Thread added: 0x0000015fa078e010
Event: 4.234 Thread 0x0000015fa078fff0 Thread added: 0x0000015fa078fff0
Event: 4.250 Thread 0x0000015f9dea2df0 Thread exited: 0x0000015f9dea2df0
Event: 4.252 Thread 0x0000015f9dea1760 Thread exited: 0x0000015f9dea1760
Event: 4.253 Thread 0x0000015ff782d230 Thread exited: 0x0000015ff782d230
Event: 4.253 Thread 0x0000015fa078c030 Thread added: 0x0000015fa078c030
Event: 5.212 Thread 0x0000015f9e40ff50 Thread exited: 0x0000015f9e40ff50
Event: 5.212 Thread 0x0000015f9d5abb20 Thread exited: 0x0000015f9d5abb20
Event: 233.347 Thread 0x0000015f9d54a310 Thread added: 0x0000015f9d54a310
Event: 234.441 Thread 0x0000015f9d54a310 Thread exited: 0x0000015f9d54a310
Event: 263.597 Thread 0x0000015f9d489070 Thread added: 0x0000015f9d489070
Event: 268.741 Thread 0x0000015f9d489070 Thread exited: 0x0000015f9d489070
Event: 330.539 Thread 0x0000015fa078a5a0 Thread added: 0x0000015fa078a5a0
Event: 331.031 Thread 0x0000015fa078f550 Thread added: 0x0000015fa078f550
Event: 410.454 Thread 0x0000015fa05d7c00 Thread exited: 0x0000015fa05d7c00
Event: 412.499 Thread 0x0000015fa05d8150 Thread exited: 0x0000015fa05d8150
Event: 444.352 Thread 0x0000015fa078faa0 Thread added: 0x0000015fa078faa0
Event: 444.355 Thread 0x0000015fa078bae0 Thread added: 0x0000015fa078bae0
Event: 492.728 Thread 0x0000015f9e8bff90 Thread added: 0x0000015f9e8bff90


Dynamic libraries:
0x00007ff7b61c0000 - 0x00007ff7b61cd000 	C:\Users\Ritej\.jdks\corretto-19.0.2\bin\java.exe
0x00007fff218f0000 - 0x00007fff21b07000 	C:\WINDOWS\SYSTEM32\ntdll.dll
0x00007ffee30c0000 - 0x00007ffee30e0000 	C:\Program Files\Avast Software\Avast\aswhook.dll
0x00007fff1fc90000 - 0x00007fff1fd54000 	C:\WINDOWS\System32\KERNEL32.DLL
0x00007fff1efa0000 - 0x00007fff1f370000 	C:\WINDOWS\System32\KERNELBASE.dll
0x00007fff1ec60000 - 0x00007fff1ed71000 	C:\WINDOWS\System32\ucrtbase.dll
0x00007fff18260000 - 0x00007fff18275000 	C:\Users\Ritej\.jdks\corretto-19.0.2\bin\VCRUNTIME140.dll
0x00007fff18300000 - 0x00007fff18317000 	C:\Users\Ritej\.jdks\corretto-19.0.2\bin\jli.dll
0x00007fff212d0000 - 0x00007fff2147e000 	C:\WINDOWS\System32\USER32.dll
0x00007fff1ed80000 - 0x00007fff1eda6000 	C:\WINDOWS\System32\win32u.dll
0x00007fff1f9e0000 - 0x00007fff1fa09000 	C:\WINDOWS\System32\GDI32.dll
0x00007fff07450000 - 0x00007fff076e2000 	C:\WINDOWS\WinSxS\amd64_microsoft.windows.common-controls_6595b64144ccf1df_6.0.22621.4830_none_270fe7d773858e80\COMCTL32.dll
0x00007fff1f370000 - 0x00007fff1f48b000 	C:\WINDOWS\System32\gdi32full.dll
0x00007fff1f7f0000 - 0x00007fff1f897000 	C:\WINDOWS\System32\msvcrt.dll
0x00007fff1f490000 - 0x00007fff1f52a000 	C:\WINDOWS\System32\msvcp_win.dll
0x00007fff205f0000 - 0x00007fff20621000 	C:\WINDOWS\System32\IMM32.DLL
0x00007fff0a2c0000 - 0x00007fff0a35b000 	C:\Users\Ritej\.jdks\corretto-19.0.2\bin\msvcp140.dll
0x00007ffed8b20000 - 0x00007ffed97f9000 	C:\Users\Ritej\.jdks\corretto-19.0.2\bin\server\jvm.dll
0x00007fff1f8a0000 - 0x00007fff1f951000 	C:\WINDOWS\System32\ADVAPI32.dll
0x00007fff20bc0000 - 0x00007fff20c67000 	C:\WINDOWS\System32\sechost.dll
0x00007fff1f5b0000 - 0x00007fff1f5d8000 	C:\WINDOWS\System32\bcrypt.dll
0x00007fff21480000 - 0x00007fff21594000 	C:\WINDOWS\System32\RPCRT4.dll
0x00007fff167a0000 - 0x00007fff167aa000 	C:\WINDOWS\SYSTEM32\VERSION.dll
0x00007fff025a0000 - 0x00007fff025a9000 	C:\WINDOWS\SYSTEM32\WSOCK32.dll
0x00007fff17760000 - 0x00007fff17794000 	C:\WINDOWS\SYSTEM32\WINMM.dll
0x00007fff1f660000 - 0x00007fff1f6d1000 	C:\WINDOWS\System32\WS2_32.dll
0x00007fff1dba0000 - 0x00007fff1dbb8000 	C:\WINDOWS\SYSTEM32\kernel.appcore.dll
0x00007fff182d0000 - 0x00007fff182da000 	C:\Users\Ritej\.jdks\corretto-19.0.2\bin\jimage.dll
0x00007fff1c200000 - 0x00007fff1c432000 	C:\WINDOWS\SYSTEM32\DBGHELP.DLL
0x00007fff20ec0000 - 0x00007fff21250000 	C:\WINDOWS\System32\combase.dll
0x00007fff21770000 - 0x00007fff21847000 	C:\WINDOWS\System32\OLEAUT32.dll
0x00007fff0a7b0000 - 0x00007fff0a7e2000 	C:\WINDOWS\SYSTEM32\dbgcore.DLL
0x00007fff1edb0000 - 0x00007fff1ee2b000 	C:\WINDOWS\System32\bcryptPrimitives.dll
0x00007fff18200000 - 0x00007fff1820e000 	C:\Users\Ritej\.jdks\corretto-19.0.2\bin\instrument.dll
0x00007fff17800000 - 0x00007fff17826000 	C:\Users\Ritej\.jdks\corretto-19.0.2\bin\java.dll
0x00007fff0a140000 - 0x00007fff0a216000 	C:\Users\Ritej\.jdks\corretto-19.0.2\bin\jsvml.dll
0x00007fff1fd70000 - 0x00007fff205e8000 	C:\WINDOWS\System32\SHELL32.dll
0x00007fff1caa0000 - 0x00007fff1d3b0000 	C:\WINDOWS\SYSTEM32\windows.storage.dll
0x00007fff1c960000 - 0x00007fff1ca9f000 	C:\WINDOWS\SYSTEM32\wintypes.dll
0x00007fff1f6e0000 - 0x00007fff1f7ea000 	C:\WINDOWS\System32\SHCORE.dll
0x00007fff21850000 - 0x00007fff218ae000 	C:\WINDOWS\System32\shlwapi.dll
0x00007fff1ead0000 - 0x00007fff1eafb000 	C:\WINDOWS\SYSTEM32\profapi.dll
0x00007fff0ac10000 - 0x00007fff0ac28000 	C:\Users\Ritej\.jdks\corretto-19.0.2\bin\zip.dll
0x00007fff16bd0000 - 0x00007fff16be3000 	C:\Users\Ritej\.jdks\corretto-19.0.2\bin\net.dll
0x00007fff1a270000 - 0x00007fff1a39c000 	C:\WINDOWS\SYSTEM32\WINHTTP.dll
0x00007fff1e010000 - 0x00007fff1e07a000 	C:\WINDOWS\system32\mswsock.dll
0x00007fff16bb0000 - 0x00007fff16bc5000 	C:\Users\Ritej\.jdks\corretto-19.0.2\bin\nio.dll
0x00007fff0a2a0000 - 0x00007fff0a2ba000 	C:\Program Files\JetBrains\IntelliJ IDEA Community Edition 2024.1.4\bin\breakgen64.dll
0x00007fff17520000 - 0x00007fff17528000 	C:\Users\Ritej\.jdks\corretto-19.0.2\bin\extnet.dll
0x00007fff181c0000 - 0x00007fff181c9000 	C:\Users\Ritej\.jdks\corretto-19.0.2\bin\management.dll
0x00007fff18180000 - 0x00007fff1818b000 	C:\Users\Ritej\.jdks\corretto-19.0.2\bin\management_ext.dll
0x00007fff1fd60000 - 0x00007fff1fd68000 	C:\WINDOWS\System32\PSAPI.DLL
0x00007fff18090000 - 0x00007fff1809e000 	C:\Users\Ritej\.jdks\corretto-19.0.2\bin\sunmscapi.dll
0x00007fff1ee30000 - 0x00007fff1ef96000 	C:\WINDOWS\System32\CRYPT32.dll
0x00007fff1e450000 - 0x00007fff1e47d000 	C:\WINDOWS\SYSTEM32\ncrypt.dll
0x00007fff1e410000 - 0x00007fff1e447000 	C:\WINDOWS\SYSTEM32\NTASN1.dll
0x00007fff1e360000 - 0x00007fff1e37b000 	C:\WINDOWS\SYSTEM32\CRYPTSP.dll
0x00007fff1db00000 - 0x00007fff1db35000 	C:\WINDOWS\system32\rsaenh.dll
0x00007fff1e0b0000 - 0x00007fff1e0d8000 	C:\WINDOWS\SYSTEM32\USERENV.dll
0x00007fff1e340000 - 0x00007fff1e34c000 	C:\WINDOWS\SYSTEM32\CRYPTBASE.dll
0x00007fff1d610000 - 0x00007fff1d63d000 	C:\WINDOWS\SYSTEM32\IPHLPAPI.DLL
0x00007fff20630000 - 0x00007fff20639000 	C:\WINDOWS\System32\NSI.dll
0x00007fff1a250000 - 0x00007fff1a269000 	C:\WINDOWS\SYSTEM32\dhcpcsvc6.DLL
0x00007fff1a230000 - 0x00007fff1a24f000 	C:\WINDOWS\SYSTEM32\dhcpcsvc.DLL
0x00007fff1d680000 - 0x00007fff1d782000 	C:\WINDOWS\SYSTEM32\DNSAPI.dll
0x00007fff17270000 - 0x00007fff1727a000 	C:\Windows\System32\rasadhlp.dll
0x00007fff16930000 - 0x00007fff169b3000 	C:\WINDOWS\System32\fwpuclnt.dll
0x00007ffec1660000 - 0x00007ffec1668000 	C:\WINDOWS\system32\wshunix.dll
0x00007fff1b8a0000 - 0x00007fff1b8b0000 	C:\Users\Ritej\.jdks\corretto-19.0.2\bin\verify.dll

dbghelp: loaded successfully - version: 4.0.5 - missing functions: none
symbol engine: initialized successfully - sym options: 0x614 - pdb path: .;C:\Users\Ritej\.jdks\corretto-19.0.2\bin;C:\WINDOWS\SYSTEM32;C:\Program Files\Avast Software\Avast;C:\WINDOWS\WinSxS\amd64_microsoft.windows.common-controls_6595b64144ccf1df_6.0.22621.4830_none_270fe7d773858e80;C:\Users\Ritej\.jdks\corretto-19.0.2\bin\server;C:\Program Files\JetBrains\IntelliJ IDEA Community Edition 2024.1.4\bin

VM Arguments:
jvm_args: -javaagent:C:\Program Files\JetBrains\IntelliJ IDEA Community Edition 2024.1.4\lib\idea_rt.jar=51134:C:\Program Files\JetBrains\IntelliJ IDEA Community Edition 2024.1.4\bin -Dfile.encoding=UTF-8 -Dsun.stdout.encoding=UTF-8 -Dsun.stderr.encoding=UTF-8 
java_command: com.example.WSM.WsmApplication
java_class_path (initial): C:\Users\Ritej\Downloads\Ritej-main\WSM Project\WSM\target\classes;C:\Users\Ritej\.m2\repository\org\apache\poi\poi\5.2.3\poi-5.2.3.jar;C:\Users\Ritej\.m2\repository\commons-codec\commons-codec\1.18.0\commons-codec-1.18.0.jar;C:\Users\Ritej\.m2\repository\org\apache\commons\commons-collections4\4.4\commons-collections4-4.4.jar;C:\Users\Ritej\.m2\repository\org\apache\commons\commons-math3\3.6.1\commons-math3-3.6.1.jar;C:\Users\Ritej\.m2\repository\com\zaxxer\SparseBitSet\1.2\SparseBitSet-1.2.jar;C:\Users\Ritej\.m2\repository\org\apache\logging\log4j\log4j-api\2.24.3\log4j-api-2.24.3.jar;C:\Users\Ritej\.m2\repository\org\apache\poi\poi-ooxml\5.2.3\poi-ooxml-5.2.3.jar;C:\Users\Ritej\.m2\repository\org\apache\poi\poi-ooxml-lite\5.2.3\poi-ooxml-lite-5.2.3.jar;C:\Users\Ritej\.m2\repository\org\apache\xmlbeans\xmlbeans\5.1.1\xmlbeans-5.1.1.jar;C:\Users\Ritej\.m2\repository\org\apache\commons\commons-compress\1.21\commons-compress-1.21.jar;C:\Users\Ritej\.m2\repository\com\github\virtuald\curvesapi\1.07\curvesapi-1.07.jar;C:\Users\Ritej\.m2\repository\io\jsonwebtoken\jjwt-api\0.11.5\jjwt-api-0.11.5.jar;C:\Users\Ritej\.m2\repository\io\jsonwebtoken\jjwt-impl\0.11.5\jjwt-impl-0.11.5.jar;C:\Users\Ritej\.m2\repository\io\jsonwebtoken\jjwt-jackson\0.11.5\jjwt-jackson-0.11.5.jar;C:\Users\Ritej\.m2\repository\com\fasterxml\jackson\core\jackson-databind\2.19.2\jackson-databind-2.19.2.jar;C:\Users\Ritej\.m2\repository\com\fasterxml\jackson\core\jackson-annotations\2.19.2\jackson-annotations-2.19.2.jar;C:\Users\Ritej\.m2\repository\com\fasterxml\jackson\core\jackson-core\2.19.2\jackson-core-2.19.2.jar;C:\Users\Ritej\.m2\repository\org\springframework\boot\spring-boot-starter-data-mongodb\3.5.4\spring-boot-starter-data-mongodb-3.5.4.jar;C:\Users\Ritej\.m2\repository\org\springframework\boot\spring-boot-starter\3.5.4\spring-boot-starter-3.5.4.jar;C:\Users\Ritej\.m2\repository\org\springframework\boot\spring-boot-starter-logging\3.5.4\spring-boot-starter-logging-3.5.4.jar;C:\Users\Ritej\.m2\repository\ch\qos\logback\logback-classic\1.5.18\logback-classic-1.5.18.jar;C:\Users\Ritej\.m2\repository\ch\qos\logback\logback-core\1.5.18\logback-core-1.5.18.jar;C:\Users\Ritej\.m2\repository\org\apache\logging\log4j\log4j-to-slf4j\2.24.3\log4j-to-slf4j-2.24.3.jar;C:\Users\Ritej\.m2\repository\org\slf4j\jul-to-slf4j\2.0.17\jul-to-slf4j-2.0.17.jar;C:\Users\Ritej\.m2\repository\jakarta\annotation\jakarta.annotation-api\2.1.1\jakarta.annotation-api-2.1.1.jar;C:\Users\Ritej\.m2\repository\org\yaml\snakeyaml\2.4\snakeyaml-2.4.jar;C:\Users\Ritej\.m2\repository\org\mongodb\mongodb-driver-sync\5.5.1\mongodb-driver-sync-5.5.1.jar;C:\Users\Ritej\.m2\repository\org\mongodb\bson\5.5.1\bson-5.5.1.jar;C:\Users\Ritej\.m2\repository\org\mongodb\mongodb-driver-core\5.5.1\mongodb-driver-core-5.5.1.jar;C:\Users\Ritej\.m2\repository\org\mongodb\bson-record-codec\5.5.1\bson-record-codec-5.5.1.jar;C:\Users\Ritej\.m2\repository\org\springframework\data\spring-data-mongodb\4.5.2\spring-data-mongodb-4.5.2.jar;C:\Users\Ritej\.m2\repository\org\springframework\spring-tx\6.2.9\spring-tx-6.2.9.jar;C:\Users\Ritej\.m2\repository\org\springframework\spring-context\6.2.9\spring-context-6.2.9.jar;C:\Users\Ritej\.m2\repository\org\springframework\spring-beans\6.2.9\spring-beans-6.2.9.jar;C:\Users\Ritej\.m2\repository\org\springframework\spring-expression\6.2.9\spring-expression-6.2.9.jar;C:\Users\Ritej\.m2\repository\org\springframework\data\spring-data-commons\3.5.2\spring-data-commons-3.5.2.jar;C:\Users\Ritej\.m2\repository\org\slf4j\slf4j-api\2.0.17\slf4j-api-2.0.17.jar;C:\Users\Ritej\.m2\repository\org\springframework\boot\spring-boot-starter-security\3.2.0\spring-boot-starter-security-3.2.0.jar;C:\Users\Ritej\.m2\repository\org\springframework\spring-aop\6.2.9\spring-aop-6.2.9.jar;C:\Users\Ritej\.m2\repository\org\springframework\security\spring-security-config\6.5.2\spring-security-config-6.5.2.jar;C:\Users\Ritej\.m2\repository\org\springframework\security\spring-security-core\6.5.2\spring-security-core-6.5.2.jar;C:\Users\Ritej\.m2\repository\org\springframework\security\spring-security-crypto\6.5.2\spring-security-crypto-6.5.2.jar;C:\Users\Ritej\.m2\repository\org\springframework\security\spring-security-web\6.5.2\spring-security-web-6.5.2.jar;C:\Users\Ritej\.m2\repository\org\springframework\boot\spring-boot-starter-web\3.5.4\spring-boot-starter-web-3.5.4.jar;C:\Users\Ritej\.m2\repository\org\springframework\boot\spring-boot-starter-json\3.5.4\spring-boot-starter-json-3.5.4.jar;C:\Users\Ritej\.m2\repository\com\fasterxml\jackson\datatype\jackson-datatype-jdk8\2.19.2\jackson-datatype-jdk8-2.19.2.jar;C:\Users\Ritej\.m2\repository\com\fasterxml\jackson\datatype\jackson-datatype-jsr310\2.19.2\jackson-datatype-jsr310-2.19.2.jar;C:\Users\Ritej\.m2\repository\com\fasterxml\jackson\module\jackson-module-parameter-names\2.19.2\jackson-module-parameter-names-2.19.2.jar;C:\Users\Ritej\.m2\repository\org\springframework\boot\spring-boot-starter-tomcat\3.5.4\spring-boot-starter-tomcat-3.5.4.jar;C:\Users\Ritej\.m2\repository\org\apache\tomcat\embed\tomcat-embed-core\10.1.43\tomcat-embed-core-10.1.43.jar;C:\Users\Ritej\.m2\repository\org\apache\tomcat\embed\tomcat-embed-el\10.1.43\tomcat-embed-el-10.1.43.jar;C:\Users\Ritej\.m2\repository\org\apache\tomcat\embed\tomcat-embed-websocket\10.1.43\tomcat-embed-websocket-10.1.43.jar;C:\Users\Ritej\.m2\repository\org\springframework\spring-web\6.2.9\spring-web-6.2.9.jar;C:\Users\Ritej\.m2\repository\io\micrometer\micrometer-observation\1.15.2\micrometer-observation-1.15.2.jar;C:\Users\Ritej\.m2\repository\io\micrometer\micrometer-commons\1.15.2\micrometer-commons-1.15.2.jar;C:\Users\Ritej\.m2\repository\org\springframework\spring-webmvc\6.2.9\spring-webmvc-6.2.9.jar;C:\Users\Ritej\.m2\repository\org\springframework\boot\spring-boot-devtools\3.5.4\spring-boot-devtools-3.5.4.jar;C:\Users\Ritej\.m2\repository\org\springframework\boot\spring-boot\3.5.4\spring-boot-3.5.4.jar;C:\Users\Ritej\.m2\repository\org\springframework\boot\spring-boot-autoconfigure\3.5.4\spring-boot-autoconfigure-3.5.4.jar;C:\Users\Ritej\.m2\repository\commons-io\commons-io\2.11.0\commons-io-2.11.0.jar;C:\Users\Ritej\.m2\repository\org\springframework\spring-core\6.2.9\spring-core-6.2.9.jar;C:\Users\Ritej\.m2\repository\org\springframework\spring-jcl\6.2.9\spring-jcl-6.2.9.jar
Launcher Type: SUN_STANDARD

[Global flags]
     intx CICompilerCount                          = 4                                         {product} {ergonomic}
     uint ConcGCThreads                            = 2                                         {product} {ergonomic}
     uint G1ConcRefinementThreads                  = 8                                         {product} {ergonomic}
   size_t G1HeapRegionSize                         = 1048576                                   {product} {ergonomic}
    uintx GCDrainStackTargetSize                   = 64                                        {product} {ergonomic}
   size_t InitialHeapSize                          = 130023424                                 {product} {ergonomic}
   size_t MarkStackSize                            = 4194304                                   {product} {ergonomic}
   size_t MaxHeapSize                              = 2078277632                                {product} {ergonomic}
   size_t MaxNewSize                               = 1246756864                                {product} {ergonomic}
   size_t MinHeapDeltaBytes                        = 1048576                                   {product} {ergonomic}
   size_t MinHeapSize                              = 8388608                                   {product} {ergonomic}
    uintx NonNMethodCodeHeapSize                   = 5839372                                {pd product} {ergonomic}
    uintx NonProfiledCodeHeapSize                  = 122909434                              {pd product} {ergonomic}
    uintx ProfiledCodeHeapSize                     = 122909434                              {pd product} {ergonomic}
    uintx ReservedCodeCacheSize                    = 251658240                              {pd product} {ergonomic}
     bool SegmentedCodeCache                       = true                                      {product} {ergonomic}
   size_t SoftMaxHeapSize                          = 2078277632                             {manageable} {ergonomic}
     bool UseCompressedClassPointers               = true                           {product lp64_product} {ergonomic}
     bool UseCompressedOops                        = true                           {product lp64_product} {ergonomic}
     bool UseG1GC                                  = true                                      {product} {ergonomic}
     bool UseLargePagesIndividualAllocation        = false                                  {pd product} {ergonomic}

Logging:
Log output configuration:
 #0: stdout all=warning uptime,level,tags foldmultilines=false
 #1: stderr all=off uptime,level,tags foldmultilines=false

Environment Variables:
JAVA_HOME=C:\Program Files\Java\jdk-17
PATH=C:\Program Files\MongoDB\Server\7.0\bin;C:\oraclexe\app\oracle\product\11.2.0\server\bin;"C:\xampp\php;C:\xampp\php;C:\Program Files\Common Files\Oracle\Java\javapath";C:\WINDOWS\system32;C:\WINDOWS;C:\WINDOWS\System32\Wbem;C:\WINDOWS\System32\WindowsPowerShell\v1.0\;C:\WINDOWS\System32\OpenSSH\;C:\ProgramData\chocolatey\bin;C:\Program Files\Java\jdk-17\bin;C:\Program Files\Docker\Docker\resources\bin;C:\Users\Ritej\AppData\Roaming\nvm;C:\Program Files\nodejs;C:\Users\Ritej\AppData\Local\Microsoft\WindowsApps\python.exe;C:\Users\Ritej\AppData\Local\Programs\Python\Launcher\;C:\Program Files\MongoDB\Server\7.0\bin;C:\Users\Ritej\AppData\Local\Microsoft\WindowsApps;C:\Users\Ritej\AppData\Local\JetBrains\PyCharm 2023.1\bin;;C:\Program Files\JetBrains\PyCharm Community Edition 2022.2.3\bin;;C:\Users\Ritej\AppData\Local\Programs\Microsoft VS Code\bin;C:\Users\Ritej\AppData\Roaming\npm;C:\Program Files\JetBrains\IntelliJ IDEA Community Edition 2024.1.4\bin;;C:\Users\Ritej\Desktop\jdk-19_windows-x64_bin\bin;C:\Users\Ritej\AppData\Local\JetBrains\IntelliJ IDEA 2024.1.4\bin;;C:\Users\Ritej\AppData\Roaming\nvm;C:\Program Files\nodejs;C:\Program Files\apache-maven-3.9.9\bin;C:\Users\Ritej\AppData\Local\Microsoft\WindowsApps\python.exe;
USERNAME=Ritej
OS=Windows_NT
PROCESSOR_IDENTIFIER=Intel64 Family 6 Model 140 Stepping 1, GenuineIntel
TMP=C:\Users\Ritej\AppData\Local\Temp
TEMP=C:\Users\Ritej\AppData\Local\Temp



---------------  S Y S T E M  ---------------

OS:
 Windows 11 , 64 bit Build 22621 (10.0.22621.4830)
OS uptime: 1 days 2:54 hours
Hyper-V role detected

CPU: total 8 (initial active 8) (4 cores per cpu, 2 threads per core) family 6 model 140 stepping 1 microcode 0xb8, cx8, cmov, fxsr, ht, mmx, 3dnowpref, sse, sse2, sse3, ssse3, sse4.1, sse4.2, popcnt, lzcnt, tsc, tscinvbit, avx, avx2, aes, erms, clmul, bmi1, bmi2, adx, avx512f, avx512dq, avx512cd, avx512bw, avx512vl, sha, fma, vzeroupper, avx512_vpopcntdq, avx512_vpclmulqdq, avx512_vaes, avx512_vnni, clflush, clflushopt, clwb, avx512_vbmi2, avx512_vbmi, hv, rdtscp, rdpid, fsrm, gfni, avx512_bitalg

Memory: 4k page, system-wide physical 7926M (555M free)
TotalPageFile size 13813M (AvailPageFile size 16M)
current process WorkingSet (physical memory assigned to process): 207M, peak: 221M
current process commit charge ("private bytes"): 244M, peak: 278M

vm_info: OpenJDK 64-Bit Server VM (19.0.2+7-FR) for windows-amd64 JRE (19.0.2+7-FR), built on Jan 13 2023 22:53:32 by "Administrator" with MS VC++ 15.9 (VS2017)

END.
